-- start query 1 in stream 0 using template query1.tpl
explain
with customer_total_return as
(select sr_customer_sk as ctr_customer_sk
,sr_store_sk as ctr_store_sk
,sum(SR_FEE) as ctr_total_return
from store_returns
,date_dim
where sr_returned_date_sk = d_date_sk
and d_year =2000
group by sr_customer_sk
,sr_store_sk)
 select  c_customer_id
from customer_total_return ctr1
,store
,customer
where ctr1.ctr_total_return > (select avg(ctr_total_return)*1.2
from customer_total_return ctr2
where ctr1.ctr_store_sk = ctr2.ctr_store_sk)
and s_store_sk = ctr1.ctr_store_sk
and s_state = 'TN'
and ctr1.ctr_customer_sk = c_customer_sk
order by c_customer_id
limit 100;
                                                                                                                 QUERY PLAN                                                                                                                  
---------------------------------------------------------------------------------------------------------------------------------------------------------------------------------------------------------------------------------------------
 Limit  (cost=223830.58..223830.69 rows=5 width=17)
   ->  Gather Motion 3:1  (slice8; segments: 3)  (cost=223830.58..223830.69 rows=5 width=17)
         Merge Key: customer.c_customer_id
         ->  Limit  (cost=223830.58..223830.59 rows=2 width=17)
               ->  Sort  (cost=223830.58..223830.59 rows=2 width=17)
                     Sort Key: customer.c_customer_id
                     ->  Hash Join  (cost=48.85..223830.53 rows=2 width=17)
                           Hash Cond: (customer.c_customer_sk = ctr1.ctr_customer_sk)
                           ->  Seq Scan on customer  (cost=0.00..178782.00 rows=3999967 width=21)
                           ->  Hash  (cost=48.79..48.79 rows=2 width=4)
                                 ->  Redistribute Motion 3:3  (slice7; segments: 3)  (cost=3.64..48.79 rows=2 width=4)
                                       Hash Key: ctr1.ctr_customer_sk
                                       ->  Hash Join  (cost=3.64..48.70 rows=2 width=4)
                                             Hash Cond: (store.s_store_sk = ctr1.ctr_store_sk)
                                             Join Filter: (ctr1.ctr_total_return > "Expr_SUBQUERY".csq_c1)
                                             ->  Broadcast Motion 3:3  (slice4; segments: 3)  (cost=2.73..47.68 rows=6 width=40)
                                                   ->  Hash Join  (cost=2.73..47.46 rows=2 width=40)
                                                         Hash Cond: (store.s_store_sk = "Expr_SUBQUERY".csq_c0)
                                                         ->  Seq Scan on store  (cost=0.00..44.52 rows=14 width=4)
                                                               Filter: ((s_state)::text = 'TN'::text)
                                                         ->  Hash  (cost=2.38..2.38 rows=10 width=36)
                                                               ->  Subquery Scan on "Expr_SUBQUERY"  (cost=1.68..2.38 rows=10 width=36)
                                                                     ->  HashAggregate  (cost=1.68..2.10 rows=10 width=36)
                                                                           Group Key: ctr2.ctr_store_sk
                                                                           ->  Redistribute Motion 3:3  (slice3; segments: 3)  (cost=0.70..1.26 rows=10 width=36)
                                                                                 Hash Key: ctr2.ctr_store_sk
                                                                                 ->  HashAggregate  (cost=0.70..0.70 rows=10 width=36)
                                                                                       Group Key: ctr2.ctr_store_sk
                                                                                       ->  Subquery Scan on ctr2  (cost=0.00..0.56 rows=10 width=36)
                                                                                             ->  HashAggregate  (cost=5634203.80..5634204.15 rows=10 width=40)
                                                                                                   Group Key: store_returns_1_prt_outliers.sr_customer_sk, store_returns_1_prt_outliers.sr_store_sk
                                                                                                   ->  Redistribute Motion 3:3  (slice2; segments: 3)  (cost=5634202.75..5634203.31 rows=10 width=40)
                                                                                                         Hash Key: store_returns_1_prt_outliers.sr_customer_sk, store_returns_1_prt_outliers.sr_store_sk
                                                                                                         ->  HashAggregate  (cost=5634202.75..5634202.75 rows=10 width=40)
                                                                                                               Group Key: store_returns_1_prt_outliers.sr_customer_sk, store_returns_1_prt_outliers.sr_store_sk
                                                                                                               ->  Hash Join  (cost=1297.42..5634202.54 rows=10 width=14)
                                                                                                                     Hash Cond: (store_returns_1_prt_outliers.sr_returned_date_sk = date_dim.d_date_sk)
                                                                                                                     ->  Append  (cost=0.00..3832906.41 rows=95999916 width=18)
                                                                                                                           ->  Result  (cost=0.00..119589.00 rows=3359867 width=18)
                                                                                                                                 One-Time Filter: PartSelected
                                                                                                                                 ->  Append-only Columnar Scan on store_returns_1_prt_outliers  (cost=0.00..119589.00 rows=3359867 width=18)
                                                                                                                           ->  Result  (cost=0.00..1853.03 rows=45768 width=18)
                                                                                                                                 One-Time Filter: PartSelected
                                                                                                                                 ->  Append-only Columnar Scan on store_returns_1_prt_2  (cost=0.00..1853.03 rows=45768 width=18)
                                                                                                                           ->  Result  (cost=0.00..6990.74 rows=174025 width=18)
                                                                                                                                 One-Time Filter: PartSelected
                                                                                                                                 ->  Append-only Columnar Scan on store_returns_1_prt_3  (cost=0.00..6990.74 rows=174025 width=18)
                                                                                                                           ->  Result  (cost=0.00..12073.00 rows=300934 width=18)
                                                                                                                                 One-Time Filter: PartSelected
                                                                                                                                 ->  Append-only Columnar Scan on store_returns_1_prt_4  (cost=0.00..12073.00 rows=300934 width=18)
                                                                                                                           ->  Result  (cost=0.00..17206.50 rows=429050 width=18)
                                                                                                                                 One-Time Filter: PartSelected
                                                                                                                                 ->  Append-only Columnar Scan on store_returns_1_prt_5  (cost=0.00..17206.50 rows=429050 width=18)
                                                                                                                           ->  Result  (cost=0.00..22418.30 rows=559077 width=18)
                                                                                                                                 One-Time Filter: PartSelected
                                                                                                                                 ->  Append-only Columnar Scan on store_returns_1_prt_6  (cost=0.00..22418.30 rows=559077 width=18)
                                                                                                                           ->  Result  (cost=0.00..27598.00 rows=688300 width=18)
                                                                                                                                 One-Time Filter: PartSelected
                                                                                                                                 ->  Append-only Columnar Scan on store_returns_1_prt_7  (cost=0.00..27598.00 rows=688300 width=18)
                                                                                                                           ->  Result  (cost=0.00..32106.70 rows=800790 width=18)
                                                                                                                                 One-Time Filter: PartSelected
                                                                                                                                 ->  Append-only Columnar Scan on store_returns_1_prt_8  (cost=0.00..32106.70 rows=800790 width=18)
                                                                                                                           ->  Result  (cost=0.00..32900.20 rows=820607 width=18)
                                                                                                                                 One-Time Filter: PartSelected
                                                                                                                                 ->  Append-only Columnar Scan on store_returns_1_prt_9  (cost=0.00..32900.20 rows=820607 width=18)
                                                                                                                           ->  Result  (cost=0.00..37679.10 rows=939970 width=18)
                                                                                                                                 One-Time Filter: PartSelected
                                                                                                                                 ->  Append-only Columnar Scan on store_returns_1_prt_10  (cost=0.00..37679.10 rows=939970 width=18)
                                                                                                                           ->  Result  (cost=0.00..44416.50 rows=1108017 width=18)
                                                                                                                                 One-Time Filter: PartSelected
                                                                                                                                 ->  Append-only Columnar Scan on store_returns_1_prt_11  (cost=0.00..44416.50 rows=1108017 width=18)
                                                                                                                           ->  Result  (cost=0.00..51022.00 rows=1272934 width=18)
                                                                                                                                 One-Time Filter: PartSelected
                                                                                                                                 ->  Append-only Columnar Scan on store_returns_1_prt_12  (cost=0.00..51022.00 rows=1272934 width=18)
                                                                                                                           ->  Result  (cost=0.00..60422.90 rows=1507530 width=18)
                                                                                                                                 One-Time Filter: PartSelected
                                                                                                                                 ->  Append-only Columnar Scan on store_returns_1_prt_13  (cost=0.00..60422.90 rows=1507530 width=18)
                                                                                                                           ->  Result  (cost=0.00..73185.80 rows=1826060 width=18)
                                                                                                                                 One-Time Filter: PartSelected
                                                                                                                                 ->  Append-only Columnar Scan on store_returns_1_prt_14  (cost=0.00..73185.80 rows=1826060 width=18)
                                                                                                                           ->  Result  (cost=0.00..82303.60 rows=2053554 width=18)
                                                                                                                                 One-Time Filter: PartSelected
                                                                                                                                 ->  Append-only Columnar Scan on store_returns_1_prt_15  (cost=0.00..82303.60 rows=2053554 width=18)
                                                                                                                           ->  Result  (cost=0.00..79967.20 rows=1995307 width=18)
                                                                                                                                 One-Time Filter: PartSelected
                                                                                                                                 ->  Append-only Columnar Scan on store_returns_1_prt_16  (cost=0.00..79967.20 rows=1995307 width=18)
                                                                                                                           ->  Result  (cost=0.00..73186.20 rows=1826107 width=18)
                                                                                                                                 One-Time Filter: PartSelected
                                                                                                                                 ->  Append-only Columnar Scan on store_returns_1_prt_17  (cost=0.00..73186.20 rows=1826107 width=18)
                                                                                                                           ->  Result  (cost=0.00..66475.20 rows=1658607 width=18)
                                                                                                                                 One-Time Filter: PartSelected
                                                                                                                                 ->  Append-only Columnar Scan on store_returns_1_prt_18  (cost=0.00..66475.20 rows=1658607 width=18)
                                                                                                                           ->  Result  (cost=0.00..58723.50 rows=1465084 width=18)
                                                                                                                                 One-Time Filter: PartSelected
                                                                                                                                 ->  Append-only Columnar Scan on store_returns_1_prt_19  (cost=0.00..58723.50 rows=1465084 width=18)
                                                                                                                           ->  Result  (cost=0.00..46348.30 rows=1156177 width=18)
                                                                                                                                 One-Time Filter: PartSelected
                                                                                                                                 ->  Append-only Columnar Scan on store_returns_1_prt_20  (cost=0.00..46348.30 rows=1156177 width=18)
                                                                                                                           ->  Result  (cost=0.00..34792.40 rows=867914 width=18)
                                                                                                                                 One-Time Filter: PartSelected
                                                                                                                                 ->  Append-only Columnar Scan on store_returns_1_prt_21  (cost=0.00..34792.40 rows=867914 width=18)
                                                                                                                           ->  Result  (cost=0.00..32894.20 rows=820507 width=18)
                                                                                                                                 One-Time Filter: PartSelected
                                                                                                                                 ->  Append-only Columnar Scan on store_returns_1_prt_22  (cost=0.00..32894.20 rows=820507 width=18)
                                                                                                                           ->  Result  (cost=0.00..37424.80 rows=933627 width=18)
                                                                                                                                 One-Time Filter: PartSelected
                                                                                                                                 ->  Append-only Columnar Scan on store_returns_1_prt_23  (cost=0.00..37424.80 rows=933627 width=18)
                                                                                                                           ->  Result  (cost=0.00..44195.80 rows=1102527 width=18)
                                                                                                                                 One-Time Filter: PartSelected
                                                                                                                                 ->  Append-only Columnar Scan on store_returns_1_prt_24  (cost=0.00..44195.80 rows=1102527 width=18)
                                                                                                                           ->  Result  (cost=0.00..50837.00 rows=1268234 width=18)
                                                                                                                                 One-Time Filter: PartSelected
                                                                                                                                 ->  Append-only Columnar Scan on store_returns_1_prt_25  (cost=0.00..50837.00 rows=1268234 width=18)
                                                                                                                           ->  Result  (cost=0.00..59985.70 rows=1496590 width=18)
                                                                                                                                 One-Time Filter: PartSelected
                                                                                                                                 ->  Append-only Columnar Scan on store_returns_1_prt_26  (cost=0.00..59985.70 rows=1496590 width=18)
                                                                                                                           ->  Result  (cost=0.00..72724.00 rows=1814434 width=18)
                                                                                                                                 One-Time Filter: PartSelected
                                                                                                                                 ->  Append-only Columnar Scan on store_returns_1_prt_27  (cost=0.00..72724.00 rows=1814434 width=18)
                                                                                                                           ->  Result  (cost=0.00..82164.10 rows=2050104 width=18)
                                                                                                                                 One-Time Filter: PartSelected
                                                                                                                                 ->  Append-only Columnar Scan on store_returns_1_prt_28  (cost=0.00..82164.10 rows=2050104 width=18)
                                                                                                                           ->  Result  (cost=0.00..80191.60 rows=2000754 width=18)
                                                                                                                                 One-Time Filter: PartSelected
                                                                                                                                 ->  Append-only Columnar Scan on store_returns_1_prt_29  (cost=0.00..80191.60 rows=2000754 width=18)
                                                                                                                           ->  Result  (cost=0.00..73529.70 rows=1834590 width=18)
                                                                                                                                 One-Time Filter: PartSelected
                                                                                                                                 ->  Append-only Columnar Scan on store_returns_1_prt_30  (cost=0.00..73529.70 rows=1834590 width=18)
                                                                                                                           ->  Result  (cost=0.00..66909.40 rows=1669347 width=18)
                                                                                                                                 One-Time Filter: PartSelected
                                                                                                                                 ->  Append-only Columnar Scan on store_returns_1_prt_31  (cost=0.00..66909.40 rows=1669347 width=18)
                                                                                                                           ->  Result  (cost=0.00..59189.10 rows=1476737 width=18)
                                                                                                                                 One-Time Filter: PartSelected
                                                                                                                                 ->  Append-only Columnar Scan on store_returns_1_prt_32  (cost=0.00..59189.10 rows=1476737 width=18)
                                                                                                                           ->  Result  (cost=0.00..46935.60 rows=1170954 width=18)
                                                                                                                                 One-Time Filter: PartSelected
                                                                                                                                 ->  Append-only Columnar Scan on store_returns_1_prt_33  (cost=0.00..46935.60 rows=1170954 width=18)
                                                                                                                           ->  Result  (cost=0.00..35180.30 rows=877544 width=18)
                                                                                                                                 One-Time Filter: PartSelected
                                                                                                                                 ->  Append-only Columnar Scan on store_returns_1_prt_34  (cost=0.00..35180.30 rows=877544 width=18)
                                                                                                                           ->  Result  (cost=0.00..32948.10 rows=821804 width=18)
                                                                                                                                 One-Time Filter: PartSelected
                                                                                                                                 ->  Append-only Columnar Scan on store_returns_1_prt_35  (cost=0.00..32948.10 rows=821804 width=18)
                                                                                                                           ->  Result  (cost=0.00..37243.00 rows=928967 width=18)
                                                                                                                                 One-Time Filter: PartSelected
                                                                                                                                 ->  Append-only Columnar Scan on store_returns_1_prt_36  (cost=0.00..37243.00 rows=928967 width=18)
                                                                                                                           ->  Result  (cost=0.00..43879.00 rows=1094634 width=18)
                                                                                                                                 One-Time Filter: PartSelected
                                                                                                                                 ->  Append-only Columnar Scan on store_returns_1_prt_37  (cost=0.00..43879.00 rows=1094634 width=18)
                                                                                                                           ->  Result  (cost=0.00..50465.40 rows=1259047 width=18)
                                                                                                                                 One-Time Filter: PartSelected
                                                                                                                                 ->  Append-only Columnar Scan on store_returns_1_prt_38  (cost=0.00..50465.40 rows=1259047 width=18)
                                                                                                                           ->  Result  (cost=0.00..59486.40 rows=1484147 width=18)
                                                                                                                                 One-Time Filter: PartSelected
                                                                                                                                 ->  Append-only Columnar Scan on store_returns_1_prt_39  (cost=0.00..59486.40 rows=1484147 width=18)
                                                                                                                           ->  Result  (cost=0.00..72150.30 rows=1800177 width=18)
                                                                                                                                 One-Time Filter: PartSelected
                                                                                                                                 ->  Append-only Columnar Scan on store_returns_1_prt_40  (cost=0.00..72150.30 rows=1800177 width=18)
                                                                                                                           ->  Result  (cost=0.00..81849.40 rows=2042280 width=18)
                                                                                                                                 One-Time Filter: PartSelected
                                                                                                                                 ->  Append-only Columnar Scan on store_returns_1_prt_41  (cost=0.00..81849.40 rows=2042280 width=18)
                                                                                                                           ->  Result  (cost=0.00..80010.30 rows=1996310 width=18)
                                                                                                                                 One-Time Filter: PartSelected
                                                                                                                                 ->  Append-only Columnar Scan on store_returns_1_prt_42  (cost=0.00..80010.30 rows=1996310 width=18)
                                                                                                                           ->  Result  (cost=0.00..73403.80 rows=1831427 width=18)
                                                                                                                                 One-Time Filter: PartSelected
                                                                                                                                 ->  Append-only Columnar Scan on store_returns_1_prt_43  (cost=0.00..73403.80 rows=1831427 width=18)
                                                                                                                           ->  Result  (cost=0.00..66684.90 rows=1663764 width=18)
                                                                                                                                 One-Time Filter: PartSelected
                                                                                                                                 ->  Append-only Columnar Scan on store_returns_1_prt_44  (cost=0.00..66684.90 rows=1663764 width=18)
                                                                                                                           ->  Result  (cost=0.00..59144.80 rows=1475594 width=18)
                                                                                                                                 One-Time Filter: PartSelected
                                                                                                                                 ->  Append-only Columnar Scan on store_returns_1_prt_45  (cost=0.00..59144.80 rows=1475594 width=18)
                                                                                                                           ->  Result  (cost=0.00..47011.80 rows=1172827 width=18)
                                                                                                                                 One-Time Filter: PartSelected
                                                                                                                                 ->  Append-only Columnar Scan on store_returns_1_prt_46  (cost=0.00..47011.80 rows=1172827 width=18)
                                                                                                                           ->  Result  (cost=0.00..35247.70 rows=879257 width=18)
                                                                                                                                 One-Time Filter: PartSelected
                                                                                                                                 ->  Append-only Columnar Scan on store_returns_1_prt_47  (cost=0.00..35247.70 rows=879257 width=18)
                                                                                                                           ->  Result  (cost=0.00..32757.00 rows=817067 width=18)
                                                                                                                                 One-Time Filter: PartSelected
                                                                                                                                 ->  Append-only Columnar Scan on store_returns_1_prt_48  (cost=0.00..32757.00 rows=817067 width=18)
                                                                                                                           ->  Result  (cost=0.00..36707.60 rows=915654 width=18)
                                                                                                                                 One-Time Filter: PartSelected
                                                                                                                                 ->  Append-only Columnar Scan on store_returns_1_prt_49  (cost=0.00..36707.60 rows=915654 width=18)
                                                                                                                           ->  Result  (cost=0.00..43497.40 rows=1085080 width=18)
                                                                                                                                 One-Time Filter: PartSelected
                                                                                                                                 ->  Append-only Columnar Scan on store_returns_1_prt_50  (cost=0.00..43497.40 rows=1085080 width=18)
                                                                                                                           ->  Result  (cost=0.00..50143.80 rows=1250960 width=18)
                                                                                                                                 One-Time Filter: PartSelected
                                                                                                                                 ->  Append-only Columnar Scan on store_returns_1_prt_51  (cost=0.00..50143.80 rows=1250960 width=18)
                                                                                                                           ->  Result  (cost=0.00..58791.30 rows=1466777 width=18)
                                                                                                                                 One-Time Filter: PartSelected
                                                                                                                                 ->  Append-only Columnar Scan on store_returns_1_prt_52  (cost=0.00..58791.30 rows=1466777 width=18)
                                                                                                                           ->  Result  (cost=0.00..71405.50 rows=1781517 width=18)
                                                                                                                                 One-Time Filter: PartSelected
                                                                                                                                 ->  Append-only Columnar Scan on store_returns_1_prt_53  (cost=0.00..71405.50 rows=1781517 width=18)
                                                                                                                           ->  Result  (cost=0.00..81729.80 rows=2039294 width=18)
                                                                                                                                 One-Time Filter: PartSelected
                                                                                                                                 ->  Append-only Columnar Scan on store_returns_1_prt_54  (cost=0.00..81729.80 rows=2039294 width=18)
                                                                                                                           ->  Result  (cost=0.00..80773.90 rows=2015430 width=18)
                                                                                                                                 One-Time Filter: PartSelected
                                                                                                                                 ->  Append-only Columnar Scan on store_returns_1_prt_55  (cost=0.00..80773.90 rows=2015430 width=18)
                                                                                                                           ->  Result  (cost=0.00..74229.00 rows=1852034 width=18)
                                                                                                                                 One-Time Filter: PartSelected
                                                                                                                                 ->  Append-only Columnar Scan on store_returns_1_prt_56  (cost=0.00..74229.00 rows=1852034 width=18)
                                                                                                                           ->  Result  (cost=0.00..67439.70 rows=1682624 width=18)
                                                                                                                                 One-Time Filter: PartSelected
                                                                                                                                 ->  Append-only Columnar Scan on store_returns_1_prt_57  (cost=0.00..67439.70 rows=1682624 width=18)
                                                                                                                           ->  Result  (cost=0.00..60085.40 rows=1499080 width=18)
                                                                                                                                 One-Time Filter: PartSelected
                                                                                                                                 ->  Append-only Columnar Scan on store_returns_1_prt_58  (cost=0.00..60085.40 rows=1499080 width=18)
                                                                                                                           ->  Result  (cost=0.00..48188.70 rows=1202190 width=18)
                                                                                                                                 One-Time Filter: PartSelected
                                                                                                                                 ->  Append-only Columnar Scan on store_returns_1_prt_59  (cost=0.00..48188.70 rows=1202190 width=18)
                                                                                                                           ->  Result  (cost=0.00..35990.20 rows=897740 width=18)
                                                                                                                                 One-Time Filter: PartSelected
                                                                                                                                 ->  Append-only Columnar Scan on store_returns_1_prt_60  (cost=0.00..35990.20 rows=897740 width=18)
                                                                                                                           ->  Result  (cost=0.00..32755.30 rows=817010 width=18)
                                                                                                                                 One-Time Filter: PartSelected
                                                                                                                                 ->  Append-only Columnar Scan on store_returns_1_prt_61  (cost=0.00..32755.30 rows=817010 width=18)
                                                                                                                           ->  Result  (cost=0.00..36451.80 rows=909294 width=18)
                                                                                                                                 One-Time Filter: PartSelected
                                                                                                                                 ->  Append-only Columnar Scan on store_returns_1_prt_62  (cost=0.00..36451.80 rows=909294 width=18)
                                                                                                                           ->  Result  (cost=0.00..43272.00 rows=1079500 width=18)
                                                                                                                                 One-Time Filter: PartSelected
                                                                                                                                 ->  Append-only Columnar Scan on store_returns_1_prt_63  (cost=0.00..43272.00 rows=1079500 width=18)
                                                                                                                           ->  Result  (cost=0.00..49886.80 rows=1244560 width=18)
                                                                                                                                 One-Time Filter: PartSelected
                                                                                                                                 ->  Append-only Columnar Scan on store_returns_1_prt_64  (cost=0.00..49886.80 rows=1244560 width=18)
                                                                                                                           ->  Result  (cost=0.00..58346.40 rows=1455714 width=18)
                                                                                                                                 One-Time Filter: PartSelected
                                                                                                                                 ->  Append-only Columnar Scan on store_returns_1_prt_65  (cost=0.00..58346.40 rows=1455714 width=18)
                                                                                                                           ->  Result  (cost=0.00..70812.50 rows=1766850 width=18)
                                                                                                                                 One-Time Filter: PartSelected
                                                                                                                                 ->  Append-only Columnar Scan on store_returns_1_prt_66  (cost=0.00..70812.50 rows=1766850 width=18)
                                                                                                                           ->  Result  (cost=0.00..80500.30 rows=2008644 width=18)
                                                                                                                                 One-Time Filter: PartSelected
                                                                                                                                 ->  Append-only Columnar Scan on store_returns_1_prt_67  (cost=0.00..80500.30 rows=2008644 width=18)
                                                                                                                           ->  Result  (cost=0.00..75031.60 rows=1872054 width=18)
                                                                                                                                 One-Time Filter: PartSelected
                                                                                                                                 ->  Append-only Columnar Scan on store_returns_1_prt_68  (cost=0.00..75031.60 rows=1872054 width=18)
                                                                                                                           ->  Result  (cost=0.00..63447.40 rows=1582914 width=18)
                                                                                                                                 One-Time Filter: PartSelected
                                                                                                                                 ->  Append-only Columnar Scan on store_returns_1_prt_69  (cost=0.00..63447.40 rows=1582914 width=18)
                                                                                                                           ->  Result  (cost=0.00..51572.60 rows=1286687 width=18)
                                                                                                                                 One-Time Filter: PartSelected
                                                                                                                                 ->  Append-only Columnar Scan on store_returns_1_prt_70  (cost=0.00..51572.60 rows=1286687 width=18)
                                                                                                                           ->  Result  (cost=0.00..39178.00 rows=977300 width=18)
                                                                                                                                 One-Time Filter: PartSelected
                                                                                                                                 ->  Append-only Columnar Scan on store_returns_1_prt_71  (cost=0.00..39178.00 rows=977300 width=18)
                                                                                                                           ->  Result  (cost=0.00..22132.80 rows=551994 width=18)
                                                                                                                                 One-Time Filter: PartSelected
                                                                                                                                 ->  Append-only Columnar Scan on store_returns_1_prt_72  (cost=0.00..22132.80 rows=551994 width=18)
                                                                                                                           ->  Result  (cost=0.00..4828.24 rows=120108 width=18)
                                                                                                                                 One-Time Filter: PartSelected
                                                                                                                                 ->  Append-only Columnar Scan on store_returns_1_prt_73  (cost=0.00..4828.24 rows=120108 width=18)
                                                                                                                           ->  Result  (cost=0.00..1.00 rows=1 width=26)
                                                                                                                                 One-Time Filter: PartSelected
                                                                                                                                 ->  Append-only Columnar Scan on store_returns_1_prt_74  (cost=0.00..1.00 rows=1 width=26)
                                                                                                                           ->  Result  (cost=0.00..1.00 rows=1 width=26)
                                                                                                                                 One-Time Filter: PartSelected
                                                                                                                                 ->  Append-only Columnar Scan on store_returns_1_prt_75  (cost=0.00..1.00 rows=1 width=26)
                                                                                                                           ->  Result  (cost=0.00..1.00 rows=1 width=26)
                                                                                                                                 One-Time Filter: PartSelected
                                                                                                                                 ->  Append-only Columnar Scan on store_returns_1_prt_76  (cost=0.00..1.00 rows=1 width=26)
                                                                                                                           ->  Result  (cost=0.00..1.00 rows=1 width=26)
                                                                                                                                 One-Time Filter: PartSelected
                                                                                                                                 ->  Append-only Columnar Scan on store_returns_1_prt_77  (cost=0.00..1.00 rows=1 width=26)
                                                                                                                           ->  Result  (cost=0.00..1.00 rows=1 width=26)
                                                                                                                                 One-Time Filter: PartSelected
                                                                                                                                 ->  Append-only Columnar Scan on store_returns_1_prt_78  (cost=0.00..1.00 rows=1 width=26)
                                                                                                                           ->  Result  (cost=0.00..1.00 rows=1 width=26)
                                                                                                                                 One-Time Filter: PartSelected
                                                                                                                                 ->  Append-only Columnar Scan on store_returns_1_prt_79  (cost=0.00..1.00 rows=1 width=26)
                                                                                                                           ->  Result  (cost=0.00..1.00 rows=1 width=26)
                                                                                                                                 One-Time Filter: PartSelected
                                                                                                                                 ->  Append-only Columnar Scan on store_returns_1_prt_80  (cost=0.00..1.00 rows=1 width=26)
                                                                                                                     ->  Hash  (cost=1283.72..1283.72 rows=366 width=4)
                                                                                                                           ->  Partition Selector for store_returns (dynamic scan id: 1)  (cost=0.00..1283.72 rows=366 width=4)
                                                                                                                                 Filter: date_dim.d_date_sk
                                                                                                                                 ->  Broadcast Motion 3:3  (slice1; segments: 3)  (cost=0.00..1283.72 rows=366 width=4)
                                                                                                                                       ->  Seq Scan on date_dim  (cost=0.00..1269.11 rows=122 width=4)
                                                                                                                                             Filter: (d_year = 2000)
                                             ->  Hash  (cost=0.56..0.56 rows=10 width=40)
                                                   ->  Subquery Scan on ctr1  (cost=0.00..0.56 rows=10 width=40)
                                                         ->  HashAggregate  (cost=5634203.80..5634204.15 rows=10 width=40)
                                                               Group Key: store_returns_1_prt_outliers_1.sr_customer_sk, store_returns_1_prt_outliers_1.sr_store_sk
                                                               ->  Redistribute Motion 3:3  (slice6; segments: 3)  (cost=5634202.75..5634203.31 rows=10 width=40)
                                                                     Hash Key: store_returns_1_prt_outliers_1.sr_customer_sk, store_returns_1_prt_outliers_1.sr_store_sk
                                                                     ->  HashAggregate  (cost=5634202.75..5634202.75 rows=10 width=40)
                                                                           Group Key: store_returns_1_prt_outliers_1.sr_customer_sk, store_returns_1_prt_outliers_1.sr_store_sk
                                                                           ->  Hash Join  (cost=1297.42..5634202.54 rows=10 width=14)
                                                                                 Hash Cond: (store_returns_1_prt_outliers_1.sr_returned_date_sk = date_dim_1.d_date_sk)
                                                                                 ->  Append  (cost=0.00..3832906.41 rows=95999916 width=18)
                                                                                       ->  Result  (cost=0.00..119589.00 rows=3359867 width=18)
                                                                                             One-Time Filter: PartSelected
                                                                                             ->  Append-only Columnar Scan on store_returns_1_prt_outliers store_returns_1_prt_outliers_1  (cost=0.00..119589.00 rows=3359867 width=18)
                                                                                       ->  Result  (cost=0.00..1853.03 rows=45768 width=18)
                                                                                             One-Time Filter: PartSelected
                                                                                             ->  Append-only Columnar Scan on store_returns_1_prt_2 store_returns_1_prt_2_1  (cost=0.00..1853.03 rows=45768 width=18)
                                                                                       ->  Result  (cost=0.00..6990.74 rows=174025 width=18)
                                                                                             One-Time Filter: PartSelected
                                                                                             ->  Append-only Columnar Scan on store_returns_1_prt_3 store_returns_1_prt_3_1  (cost=0.00..6990.74 rows=174025 width=18)
                                                                                       ->  Result  (cost=0.00..12073.00 rows=300934 width=18)
                                                                                             One-Time Filter: PartSelected
                                                                                             ->  Append-only Columnar Scan on store_returns_1_prt_4 store_returns_1_prt_4_1  (cost=0.00..12073.00 rows=300934 width=18)
                                                                                       ->  Result  (cost=0.00..17206.50 rows=429050 width=18)
                                                                                             One-Time Filter: PartSelected
                                                                                             ->  Append-only Columnar Scan on store_returns_1_prt_5 store_returns_1_prt_5_1  (cost=0.00..17206.50 rows=429050 width=18)
                                                                                       ->  Result  (cost=0.00..22418.30 rows=559077 width=18)
                                                                                             One-Time Filter: PartSelected
                                                                                             ->  Append-only Columnar Scan on store_returns_1_prt_6 store_returns_1_prt_6_1  (cost=0.00..22418.30 rows=559077 width=18)
                                                                                       ->  Result  (cost=0.00..27598.00 rows=688300 width=18)
                                                                                             One-Time Filter: PartSelected
                                                                                             ->  Append-only Columnar Scan on store_returns_1_prt_7 store_returns_1_prt_7_1  (cost=0.00..27598.00 rows=688300 width=18)
                                                                                       ->  Result  (cost=0.00..32106.70 rows=800790 width=18)
                                                                                             One-Time Filter: PartSelected
                                                                                             ->  Append-only Columnar Scan on store_returns_1_prt_8 store_returns_1_prt_8_1  (cost=0.00..32106.70 rows=800790 width=18)
                                                                                       ->  Result  (cost=0.00..32900.20 rows=820607 width=18)
                                                                                             One-Time Filter: PartSelected
                                                                                             ->  Append-only Columnar Scan on store_returns_1_prt_9 store_returns_1_prt_9_1  (cost=0.00..32900.20 rows=820607 width=18)
                                                                                       ->  Result  (cost=0.00..37679.10 rows=939970 width=18)
                                                                                             One-Time Filter: PartSelected
                                                                                             ->  Append-only Columnar Scan on store_returns_1_prt_10 store_returns_1_prt_10_1  (cost=0.00..37679.10 rows=939970 width=18)
                                                                                       ->  Result  (cost=0.00..44416.50 rows=1108017 width=18)
                                                                                             One-Time Filter: PartSelected
                                                                                             ->  Append-only Columnar Scan on store_returns_1_prt_11 store_returns_1_prt_11_1  (cost=0.00..44416.50 rows=1108017 width=18)
                                                                                       ->  Result  (cost=0.00..51022.00 rows=1272934 width=18)
                                                                                             One-Time Filter: PartSelected
                                                                                             ->  Append-only Columnar Scan on store_returns_1_prt_12 store_returns_1_prt_12_1  (cost=0.00..51022.00 rows=1272934 width=18)
                                                                                       ->  Result  (cost=0.00..60422.90 rows=1507530 width=18)
                                                                                             One-Time Filter: PartSelected
                                                                                             ->  Append-only Columnar Scan on store_returns_1_prt_13 store_returns_1_prt_13_1  (cost=0.00..60422.90 rows=1507530 width=18)
                                                                                       ->  Result  (cost=0.00..73185.80 rows=1826060 width=18)
                                                                                             One-Time Filter: PartSelected
                                                                                             ->  Append-only Columnar Scan on store_returns_1_prt_14 store_returns_1_prt_14_1  (cost=0.00..73185.80 rows=1826060 width=18)
                                                                                       ->  Result  (cost=0.00..82303.60 rows=2053554 width=18)
                                                                                             One-Time Filter: PartSelected
                                                                                             ->  Append-only Columnar Scan on store_returns_1_prt_15 store_returns_1_prt_15_1  (cost=0.00..82303.60 rows=2053554 width=18)
                                                                                       ->  Result  (cost=0.00..79967.20 rows=1995307 width=18)
                                                                                             One-Time Filter: PartSelected
                                                                                             ->  Append-only Columnar Scan on store_returns_1_prt_16 store_returns_1_prt_16_1  (cost=0.00..79967.20 rows=1995307 width=18)
                                                                                       ->  Result  (cost=0.00..73186.20 rows=1826107 width=18)
                                                                                             One-Time Filter: PartSelected
                                                                                             ->  Append-only Columnar Scan on store_returns_1_prt_17 store_returns_1_prt_17_1  (cost=0.00..73186.20 rows=1826107 width=18)
                                                                                       ->  Result  (cost=0.00..66475.20 rows=1658607 width=18)
                                                                                             One-Time Filter: PartSelected
                                                                                             ->  Append-only Columnar Scan on store_returns_1_prt_18 store_returns_1_prt_18_1  (cost=0.00..66475.20 rows=1658607 width=18)
                                                                                       ->  Result  (cost=0.00..58723.50 rows=1465084 width=18)
                                                                                             One-Time Filter: PartSelected
                                                                                             ->  Append-only Columnar Scan on store_returns_1_prt_19 store_returns_1_prt_19_1  (cost=0.00..58723.50 rows=1465084 width=18)
                                                                                       ->  Result  (cost=0.00..46348.30 rows=1156177 width=18)
                                                                                             One-Time Filter: PartSelected
                                                                                             ->  Append-only Columnar Scan on store_returns_1_prt_20 store_returns_1_prt_20_1  (cost=0.00..46348.30 rows=1156177 width=18)
                                                                                       ->  Result  (cost=0.00..34792.40 rows=867914 width=18)
                                                                                             One-Time Filter: PartSelected
                                                                                             ->  Append-only Columnar Scan on store_returns_1_prt_21 store_returns_1_prt_21_1  (cost=0.00..34792.40 rows=867914 width=18)
                                                                                       ->  Result  (cost=0.00..32894.20 rows=820507 width=18)
                                                                                             One-Time Filter: PartSelected
                                                                                             ->  Append-only Columnar Scan on store_returns_1_prt_22 store_returns_1_prt_22_1  (cost=0.00..32894.20 rows=820507 width=18)
                                                                                       ->  Result  (cost=0.00..37424.80 rows=933627 width=18)
                                                                                             One-Time Filter: PartSelected
                                                                                             ->  Append-only Columnar Scan on store_returns_1_prt_23 store_returns_1_prt_23_1  (cost=0.00..37424.80 rows=933627 width=18)
                                                                                       ->  Result  (cost=0.00..44195.80 rows=1102527 width=18)
                                                                                             One-Time Filter: PartSelected
                                                                                             ->  Append-only Columnar Scan on store_returns_1_prt_24 store_returns_1_prt_24_1  (cost=0.00..44195.80 rows=1102527 width=18)
                                                                                       ->  Result  (cost=0.00..50837.00 rows=1268234 width=18)
                                                                                             One-Time Filter: PartSelected
                                                                                             ->  Append-only Columnar Scan on store_returns_1_prt_25 store_returns_1_prt_25_1  (cost=0.00..50837.00 rows=1268234 width=18)
                                                                                       ->  Result  (cost=0.00..59985.70 rows=1496590 width=18)
                                                                                             One-Time Filter: PartSelected
                                                                                             ->  Append-only Columnar Scan on store_returns_1_prt_26 store_returns_1_prt_26_1  (cost=0.00..59985.70 rows=1496590 width=18)
                                                                                       ->  Result  (cost=0.00..72724.00 rows=1814434 width=18)
                                                                                             One-Time Filter: PartSelected
                                                                                             ->  Append-only Columnar Scan on store_returns_1_prt_27 store_returns_1_prt_27_1  (cost=0.00..72724.00 rows=1814434 width=18)
                                                                                       ->  Result  (cost=0.00..82164.10 rows=2050104 width=18)
                                                                                             One-Time Filter: PartSelected
                                                                                             ->  Append-only Columnar Scan on store_returns_1_prt_28 store_returns_1_prt_28_1  (cost=0.00..82164.10 rows=2050104 width=18)
                                                                                       ->  Result  (cost=0.00..80191.60 rows=2000754 width=18)
                                                                                             One-Time Filter: PartSelected
                                                                                             ->  Append-only Columnar Scan on store_returns_1_prt_29 store_returns_1_prt_29_1  (cost=0.00..80191.60 rows=2000754 width=18)
                                                                                       ->  Result  (cost=0.00..73529.70 rows=1834590 width=18)
                                                                                             One-Time Filter: PartSelected
                                                                                             ->  Append-only Columnar Scan on store_returns_1_prt_30 store_returns_1_prt_30_1  (cost=0.00..73529.70 rows=1834590 width=18)
                                                                                       ->  Result  (cost=0.00..66909.40 rows=1669347 width=18)
                                                                                             One-Time Filter: PartSelected
                                                                                             ->  Append-only Columnar Scan on store_returns_1_prt_31 store_returns_1_prt_31_1  (cost=0.00..66909.40 rows=1669347 width=18)
                                                                                       ->  Result  (cost=0.00..59189.10 rows=1476737 width=18)
                                                                                             One-Time Filter: PartSelected
                                                                                             ->  Append-only Columnar Scan on store_returns_1_prt_32 store_returns_1_prt_32_1  (cost=0.00..59189.10 rows=1476737 width=18)
                                                                                       ->  Result  (cost=0.00..46935.60 rows=1170954 width=18)
                                                                                             One-Time Filter: PartSelected
                                                                                             ->  Append-only Columnar Scan on store_returns_1_prt_33 store_returns_1_prt_33_1  (cost=0.00..46935.60 rows=1170954 width=18)
                                                                                       ->  Result  (cost=0.00..35180.30 rows=877544 width=18)
                                                                                             One-Time Filter: PartSelected
                                                                                             ->  Append-only Columnar Scan on store_returns_1_prt_34 store_returns_1_prt_34_1  (cost=0.00..35180.30 rows=877544 width=18)
                                                                                       ->  Result  (cost=0.00..32948.10 rows=821804 width=18)
                                                                                             One-Time Filter: PartSelected
                                                                                             ->  Append-only Columnar Scan on store_returns_1_prt_35 store_returns_1_prt_35_1  (cost=0.00..32948.10 rows=821804 width=18)
                                                                                       ->  Result  (cost=0.00..37243.00 rows=928967 width=18)
                                                                                             One-Time Filter: PartSelected
                                                                                             ->  Append-only Columnar Scan on store_returns_1_prt_36 store_returns_1_prt_36_1  (cost=0.00..37243.00 rows=928967 width=18)
                                                                                       ->  Result  (cost=0.00..43879.00 rows=1094634 width=18)
                                                                                             One-Time Filter: PartSelected
                                                                                             ->  Append-only Columnar Scan on store_returns_1_prt_37 store_returns_1_prt_37_1  (cost=0.00..43879.00 rows=1094634 width=18)
                                                                                       ->  Result  (cost=0.00..50465.40 rows=1259047 width=18)
                                                                                             One-Time Filter: PartSelected
                                                                                             ->  Append-only Columnar Scan on store_returns_1_prt_38 store_returns_1_prt_38_1  (cost=0.00..50465.40 rows=1259047 width=18)
                                                                                       ->  Result  (cost=0.00..59486.40 rows=1484147 width=18)
                                                                                             One-Time Filter: PartSelected
                                                                                             ->  Append-only Columnar Scan on store_returns_1_prt_39 store_returns_1_prt_39_1  (cost=0.00..59486.40 rows=1484147 width=18)
                                                                                       ->  Result  (cost=0.00..72150.30 rows=1800177 width=18)
                                                                                             One-Time Filter: PartSelected
                                                                                             ->  Append-only Columnar Scan on store_returns_1_prt_40 store_returns_1_prt_40_1  (cost=0.00..72150.30 rows=1800177 width=18)
                                                                                       ->  Result  (cost=0.00..81849.40 rows=2042280 width=18)
                                                                                             One-Time Filter: PartSelected
                                                                                             ->  Append-only Columnar Scan on store_returns_1_prt_41 store_returns_1_prt_41_1  (cost=0.00..81849.40 rows=2042280 width=18)
                                                                                       ->  Result  (cost=0.00..80010.30 rows=1996310 width=18)
                                                                                             One-Time Filter: PartSelected
                                                                                             ->  Append-only Columnar Scan on store_returns_1_prt_42 store_returns_1_prt_42_1  (cost=0.00..80010.30 rows=1996310 width=18)
                                                                                       ->  Result  (cost=0.00..73403.80 rows=1831427 width=18)
                                                                                             One-Time Filter: PartSelected
                                                                                             ->  Append-only Columnar Scan on store_returns_1_prt_43 store_returns_1_prt_43_1  (cost=0.00..73403.80 rows=1831427 width=18)
                                                                                       ->  Result  (cost=0.00..66684.90 rows=1663764 width=18)
                                                                                             One-Time Filter: PartSelected
                                                                                             ->  Append-only Columnar Scan on store_returns_1_prt_44 store_returns_1_prt_44_1  (cost=0.00..66684.90 rows=1663764 width=18)
                                                                                       ->  Result  (cost=0.00..59144.80 rows=1475594 width=18)
                                                                                             One-Time Filter: PartSelected
                                                                                             ->  Append-only Columnar Scan on store_returns_1_prt_45 store_returns_1_prt_45_1  (cost=0.00..59144.80 rows=1475594 width=18)
                                                                                       ->  Result  (cost=0.00..47011.80 rows=1172827 width=18)
                                                                                             One-Time Filter: PartSelected
                                                                                             ->  Append-only Columnar Scan on store_returns_1_prt_46 store_returns_1_prt_46_1  (cost=0.00..47011.80 rows=1172827 width=18)
                                                                                       ->  Result  (cost=0.00..35247.70 rows=879257 width=18)
                                                                                             One-Time Filter: PartSelected
                                                                                             ->  Append-only Columnar Scan on store_returns_1_prt_47 store_returns_1_prt_47_1  (cost=0.00..35247.70 rows=879257 width=18)
                                                                                       ->  Result  (cost=0.00..32757.00 rows=817067 width=18)
                                                                                             One-Time Filter: PartSelected
                                                                                             ->  Append-only Columnar Scan on store_returns_1_prt_48 store_returns_1_prt_48_1  (cost=0.00..32757.00 rows=817067 width=18)
                                                                                       ->  Result  (cost=0.00..36707.60 rows=915654 width=18)
                                                                                             One-Time Filter: PartSelected
                                                                                             ->  Append-only Columnar Scan on store_returns_1_prt_49 store_returns_1_prt_49_1  (cost=0.00..36707.60 rows=915654 width=18)
                                                                                       ->  Result  (cost=0.00..43497.40 rows=1085080 width=18)
                                                                                             One-Time Filter: PartSelected
                                                                                             ->  Append-only Columnar Scan on store_returns_1_prt_50 store_returns_1_prt_50_1  (cost=0.00..43497.40 rows=1085080 width=18)
                                                                                       ->  Result  (cost=0.00..50143.80 rows=1250960 width=18)
                                                                                             One-Time Filter: PartSelected
                                                                                             ->  Append-only Columnar Scan on store_returns_1_prt_51 store_returns_1_prt_51_1  (cost=0.00..50143.80 rows=1250960 width=18)
                                                                                       ->  Result  (cost=0.00..58791.30 rows=1466777 width=18)
                                                                                             One-Time Filter: PartSelected
                                                                                             ->  Append-only Columnar Scan on store_returns_1_prt_52 store_returns_1_prt_52_1  (cost=0.00..58791.30 rows=1466777 width=18)
                                                                                       ->  Result  (cost=0.00..71405.50 rows=1781517 width=18)
                                                                                             One-Time Filter: PartSelected
                                                                                             ->  Append-only Columnar Scan on store_returns_1_prt_53 store_returns_1_prt_53_1  (cost=0.00..71405.50 rows=1781517 width=18)
                                                                                       ->  Result  (cost=0.00..81729.80 rows=2039294 width=18)
                                                                                             One-Time Filter: PartSelected
                                                                                             ->  Append-only Columnar Scan on store_returns_1_prt_54 store_returns_1_prt_54_1  (cost=0.00..81729.80 rows=2039294 width=18)
                                                                                       ->  Result  (cost=0.00..80773.90 rows=2015430 width=18)
                                                                                             One-Time Filter: PartSelected
                                                                                             ->  Append-only Columnar Scan on store_returns_1_prt_55 store_returns_1_prt_55_1  (cost=0.00..80773.90 rows=2015430 width=18)
                                                                                       ->  Result  (cost=0.00..74229.00 rows=1852034 width=18)
                                                                                             One-Time Filter: PartSelected
                                                                                             ->  Append-only Columnar Scan on store_returns_1_prt_56 store_returns_1_prt_56_1  (cost=0.00..74229.00 rows=1852034 width=18)
                                                                                       ->  Result  (cost=0.00..67439.70 rows=1682624 width=18)
                                                                                             One-Time Filter: PartSelected
                                                                                             ->  Append-only Columnar Scan on store_returns_1_prt_57 store_returns_1_prt_57_1  (cost=0.00..67439.70 rows=1682624 width=18)
                                                                                       ->  Result  (cost=0.00..60085.40 rows=1499080 width=18)
                                                                                             One-Time Filter: PartSelected
                                                                                             ->  Append-only Columnar Scan on store_returns_1_prt_58 store_returns_1_prt_58_1  (cost=0.00..60085.40 rows=1499080 width=18)
                                                                                       ->  Result  (cost=0.00..48188.70 rows=1202190 width=18)
                                                                                             One-Time Filter: PartSelected
                                                                                             ->  Append-only Columnar Scan on store_returns_1_prt_59 store_returns_1_prt_59_1  (cost=0.00..48188.70 rows=1202190 width=18)
                                                                                       ->  Result  (cost=0.00..35990.20 rows=897740 width=18)
                                                                                             One-Time Filter: PartSelected
                                                                                             ->  Append-only Columnar Scan on store_returns_1_prt_60 store_returns_1_prt_60_1  (cost=0.00..35990.20 rows=897740 width=18)
                                                                                       ->  Result  (cost=0.00..32755.30 rows=817010 width=18)
                                                                                             One-Time Filter: PartSelected
                                                                                             ->  Append-only Columnar Scan on store_returns_1_prt_61 store_returns_1_prt_61_1  (cost=0.00..32755.30 rows=817010 width=18)
                                                                                       ->  Result  (cost=0.00..36451.80 rows=909294 width=18)
                                                                                             One-Time Filter: PartSelected
                                                                                             ->  Append-only Columnar Scan on store_returns_1_prt_62 store_returns_1_prt_62_1  (cost=0.00..36451.80 rows=909294 width=18)
                                                                                       ->  Result  (cost=0.00..43272.00 rows=1079500 width=18)
                                                                                             One-Time Filter: PartSelected
                                                                                             ->  Append-only Columnar Scan on store_returns_1_prt_63 store_returns_1_prt_63_1  (cost=0.00..43272.00 rows=1079500 width=18)
                                                                                       ->  Result  (cost=0.00..49886.80 rows=1244560 width=18)
                                                                                             One-Time Filter: PartSelected
                                                                                             ->  Append-only Columnar Scan on store_returns_1_prt_64 store_returns_1_prt_64_1  (cost=0.00..49886.80 rows=1244560 width=18)
                                                                                       ->  Result  (cost=0.00..58346.40 rows=1455714 width=18)
                                                                                             One-Time Filter: PartSelected
                                                                                             ->  Append-only Columnar Scan on store_returns_1_prt_65 store_returns_1_prt_65_1  (cost=0.00..58346.40 rows=1455714 width=18)
                                                                                       ->  Result  (cost=0.00..70812.50 rows=1766850 width=18)
                                                                                             One-Time Filter: PartSelected
                                                                                             ->  Append-only Columnar Scan on store_returns_1_prt_66 store_returns_1_prt_66_1  (cost=0.00..70812.50 rows=1766850 width=18)
                                                                                       ->  Result  (cost=0.00..80500.30 rows=2008644 width=18)
                                                                                             One-Time Filter: PartSelected
                                                                                             ->  Append-only Columnar Scan on store_returns_1_prt_67 store_returns_1_prt_67_1  (cost=0.00..80500.30 rows=2008644 width=18)
                                                                                       ->  Result  (cost=0.00..75031.60 rows=1872054 width=18)
                                                                                             One-Time Filter: PartSelected
                                                                                             ->  Append-only Columnar Scan on store_returns_1_prt_68 store_returns_1_prt_68_1  (cost=0.00..75031.60 rows=1872054 width=18)
                                                                                       ->  Result  (cost=0.00..63447.40 rows=1582914 width=18)
                                                                                             One-Time Filter: PartSelected
                                                                                             ->  Append-only Columnar Scan on store_returns_1_prt_69 store_returns_1_prt_69_1  (cost=0.00..63447.40 rows=1582914 width=18)
                                                                                       ->  Result  (cost=0.00..51572.60 rows=1286687 width=18)
                                                                                             One-Time Filter: PartSelected
                                                                                             ->  Append-only Columnar Scan on store_returns_1_prt_70 store_returns_1_prt_70_1  (cost=0.00..51572.60 rows=1286687 width=18)
                                                                                       ->  Result  (cost=0.00..39178.00 rows=977300 width=18)
                                                                                             One-Time Filter: PartSelected
                                                                                             ->  Append-only Columnar Scan on store_returns_1_prt_71 store_returns_1_prt_71_1  (cost=0.00..39178.00 rows=977300 width=18)
                                                                                       ->  Result  (cost=0.00..22132.80 rows=551994 width=18)
                                                                                             One-Time Filter: PartSelected
                                                                                             ->  Append-only Columnar Scan on store_returns_1_prt_72 store_returns_1_prt_72_1  (cost=0.00..22132.80 rows=551994 width=18)
                                                                                       ->  Result  (cost=0.00..4828.24 rows=120108 width=18)
                                                                                             One-Time Filter: PartSelected
                                                                                             ->  Append-only Columnar Scan on store_returns_1_prt_73 store_returns_1_prt_73_1  (cost=0.00..4828.24 rows=120108 width=18)
                                                                                       ->  Result  (cost=0.00..1.00 rows=1 width=26)
                                                                                             One-Time Filter: PartSelected
                                                                                             ->  Append-only Columnar Scan on store_returns_1_prt_74 store_returns_1_prt_74_1  (cost=0.00..1.00 rows=1 width=26)
                                                                                       ->  Result  (cost=0.00..1.00 rows=1 width=26)
                                                                                             One-Time Filter: PartSelected
                                                                                             ->  Append-only Columnar Scan on store_returns_1_prt_75 store_returns_1_prt_75_1  (cost=0.00..1.00 rows=1 width=26)
                                                                                       ->  Result  (cost=0.00..1.00 rows=1 width=26)
                                                                                             One-Time Filter: PartSelected
                                                                                             ->  Append-only Columnar Scan on store_returns_1_prt_76 store_returns_1_prt_76_1  (cost=0.00..1.00 rows=1 width=26)
                                                                                       ->  Result  (cost=0.00..1.00 rows=1 width=26)
                                                                                             One-Time Filter: PartSelected
                                                                                             ->  Append-only Columnar Scan on store_returns_1_prt_77 store_returns_1_prt_77_1  (cost=0.00..1.00 rows=1 width=26)
                                                                                       ->  Result  (cost=0.00..1.00 rows=1 width=26)
                                                                                             One-Time Filter: PartSelected
                                                                                             ->  Append-only Columnar Scan on store_returns_1_prt_78 store_returns_1_prt_78_1  (cost=0.00..1.00 rows=1 width=26)
                                                                                       ->  Result  (cost=0.00..1.00 rows=1 width=26)
                                                                                             One-Time Filter: PartSelected
                                                                                             ->  Append-only Columnar Scan on store_returns_1_prt_79 store_returns_1_prt_79_1  (cost=0.00..1.00 rows=1 width=26)
                                                                                       ->  Result  (cost=0.00..1.00 rows=1 width=26)
                                                                                             One-Time Filter: PartSelected
                                                                                             ->  Append-only Columnar Scan on store_returns_1_prt_80 store_returns_1_prt_80_1  (cost=0.00..1.00 rows=1 width=26)
                                                                                 ->  Hash  (cost=1283.72..1283.72 rows=366 width=4)
                                                                                       ->  Partition Selector for store_returns (dynamic scan id: 1)  (cost=0.00..1283.72 rows=366 width=4)
                                                                                             Filter: date_dim_1.d_date_sk
                                                                                             ->  Broadcast Motion 3:3  (slice5; segments: 3)  (cost=0.00..1283.72 rows=366 width=4)
                                                                                                   ->  Seq Scan on date_dim date_dim_1  (cost=0.00..1269.11 rows=122 width=4)
                                                                                                         Filter: (d_year = 2000)
 Planning time: 27.147 ms
 Optimizer: legacy query optimizer
(543 rows)

-- end query 1 in stream 0 using template query1.tpl
