-- start query 1 in stream 0 using template query5.tpl
explain
with ssr as
 (select s_store_id,
        sum(sales_price) as sales,
        sum(profit) as profit,
        sum(return_amt) as returns,
        sum(net_loss) as profit_loss
 from
  ( select  ss_store_sk as store_sk,
            ss_sold_date_sk  as date_sk,
            ss_ext_sales_price as sales_price,
            ss_net_profit as profit,
            cast(0 as decimal(7,2)) as return_amt,
            cast(0 as decimal(7,2)) as net_loss
    from store_sales
    union all
    select sr_store_sk as store_sk,
           sr_returned_date_sk as date_sk,
           cast(0 as decimal(7,2)) as sales_price,
           cast(0 as decimal(7,2)) as profit,
           sr_return_amt as return_amt,
           sr_net_loss as net_loss
    from store_returns
   ) salesreturns,
     date_dim,
     store
 where date_sk = d_date_sk
       and d_date between cast('1998-08-04' as date) 
                  and (cast('1998-08-04' as date) +  14 )
       and store_sk = s_store_sk
 group by s_store_id)
 ,
 csr as
 (select cp_catalog_page_id,
        sum(sales_price) as sales,
        sum(profit) as profit,
        sum(return_amt) as returns,
        sum(net_loss) as profit_loss
 from
  ( select  cs_catalog_page_sk as page_sk,
            cs_sold_date_sk  as date_sk,
            cs_ext_sales_price as sales_price,
            cs_net_profit as profit,
            cast(0 as decimal(7,2)) as return_amt,
            cast(0 as decimal(7,2)) as net_loss
    from catalog_sales
    union all
    select cr_catalog_page_sk as page_sk,
           cr_returned_date_sk as date_sk,
           cast(0 as decimal(7,2)) as sales_price,
           cast(0 as decimal(7,2)) as profit,
           cr_return_amount as return_amt,
           cr_net_loss as net_loss
    from catalog_returns
   ) salesreturns,
     date_dim,
     catalog_page
 where date_sk = d_date_sk
       and d_date between cast('1998-08-04' as date)
                  and (cast('1998-08-04' as date) +  14 )
       and page_sk = cp_catalog_page_sk
 group by cp_catalog_page_id)
 ,
 wsr as
 (select web_site_id,
        sum(sales_price) as sales,
        sum(profit) as profit,
        sum(return_amt) as returns,
        sum(net_loss) as profit_loss
 from
  ( select  ws_web_site_sk as wsr_web_site_sk,
            ws_sold_date_sk  as date_sk,
            ws_ext_sales_price as sales_price,
            ws_net_profit as profit,
            cast(0 as decimal(7,2)) as return_amt,
            cast(0 as decimal(7,2)) as net_loss
    from web_sales
    union all
    select ws_web_site_sk as wsr_web_site_sk,
           wr_returned_date_sk as date_sk,
           cast(0 as decimal(7,2)) as sales_price,
           cast(0 as decimal(7,2)) as profit,
           wr_return_amt as return_amt,
           wr_net_loss as net_loss
    from web_returns left outer join web_sales on
         ( wr_item_sk = ws_item_sk
           and wr_order_number = ws_order_number)
   ) salesreturns,
     date_dim,
     web_site
 where date_sk = d_date_sk
       and d_date between cast('1998-08-04' as date)
                  and (cast('1998-08-04' as date) +  14 )
       and wsr_web_site_sk = web_site_sk
 group by web_site_id)
  select  channel
        , id
        , sum(sales) as sales
        , sum(returns) as returns
        , sum(profit) as profit
 from 
 (select 'store channel' as channel
        , 'store' || s_store_id as id
        , sales
        , returns
        , (profit - profit_loss) as profit
 from   ssr
 union all
 select 'catalog channel' as channel
        , 'catalog_page' || cp_catalog_page_id as id
        , sales
        , returns
        , (profit - profit_loss) as profit
 from  csr
 union all
 select 'web channel' as channel
        , 'web_site' || web_site_id as id
        , sales
        , returns
        , (profit - profit_loss) as profit
 from   wsr
 ) x
 group by rollup (channel, id)
 order by channel
         ,id
 limit 100;
                                                                                                                                                            QUERY PLAN                                                                                                                                                            
----------------------------------------------------------------------------------------------------------------------------------------------------------------------------------------------------------------------------------------------------------------------------------------------------------------------------------
 Limit  (cost=4540.19..4542.44 rows=100 width=160)
   ->  Gather Motion 3:1  (slice12; segments: 3)  (cost=4540.19..4542.44 rows=100 width=160)
         Merge Key: partial_aggregation.channel, partial_aggregation.id
         ->  Limit  (cost=4540.19..4540.44 rows=34 width=160)
               ->  Sort  (cost=4540.19..4565.00 rows=3308 width=160)
                     Sort Key: partial_aggregation.channel, partial_aggregation.id
                     ->  HashAggregate  (cost=3987.35..4160.98 rows=3308 width=160)
                           Group Key: partial_aggregation.channel, partial_aggregation.id, partial_aggregation."grouping", partial_aggregation."group_id"
                           ->  Subquery Scan on partial_aggregation  (cost=3189.85..3960.64 rows=509 width=172)
                                 ->  Redistribute Motion 3:3  (slice11; segments: 3)  (cost=3189.85..3945.38 rows=509 width=172)
                                       Hash Key: "rollup".channel, "rollup".id
                                       ->  GroupAggregate  (cost=3189.85..3914.86 rows=509 width=172)
                                             Group Key: "rollup"."grouping", "rollup"."group_id", "rollup".channel, "rollup".id
                                             ->  Subquery Scan on "rollup"  (cost=3189.85..3848.10 rows=763 width=172)
                                                   ->  GroupAggregate  (cost=3189.85..3825.21 rows=763 width=172)
                                                         Group Key: rollup_1.channel, rollup_1."grouping", rollup_1."group_id", rollup_1.id
                                                         ->  Subquery Scan on rollup_1  (cost=3189.85..3731.72 rows=1018 width=172)
                                                               ->  GroupAggregate  (cost=3189.85..3701.19 rows=1018 width=172)
                                                                     Group Key: ('store channel'::text), (('store'::text || (ssr.s_store_id)::text))
                                                                     ->  Sort  (cost=3189.85..3266.17 rows=10176 width=160)
                                                                           Sort Key: ('store channel'::text), (('store'::text || (ssr.s_store_id)::text))
                                                                           ->  Append  (cost=0.00..610.56 rows=10176 width=160)
                                                                                 ->  Subquery Scan on ssr  (cost=0.00..10.02 rows=167 width=160)
                                                                                       ->  HashAggregate  (cost=94863567.64..94863577.66 rows=167 width=178)
                                                                                             Group Key: store.s_store_id
                                                                                             ->  Redistribute Motion 3:3  (slice3; segments: 3)  (cost=94863546.35..94863556.37 rows=167 width=178)
                                                                                                   Hash Key: store.s_store_id
                                                                                                   ->  HashAggregate  (cost=94863546.35..94863546.35 rows=167 width=178)
                                                                                                         Group Key: store.s_store_id
                                                                                                         ->  Hash Join  (cost=1572.55..94855603.69 rows=211805 width=57)
                                                                                                               Hash Cond: (salesreturns.store_sk = store.s_store_sk)
                                                                                                               ->  Hash Join  (cost=1452.87..94845158.55 rows=211805 width=44)
                                                                                                                     Hash Cond: (salesreturns.date_sk = date_dim.d_date_sk)
                                                                                                                     ->  Subquery Scan on salesreturns  (cost=0.00..75037424.94 rows=1055996086 width=48)
                                                                                                                           ->  Append  (cost=0.00..43357542.37 rows=1055996086 width=48)
                                                                                                                                 ->  Append-only Columnar Scan on store_sales_1_prt_outliers  (cost=0.00..1568615.00 rows=43200334 width=48)
                                                                                                                                 ->  Append-only Columnar Scan on store_sales_1_prt_2  (cost=0.00..324595.00 rows=7840134 width=48)
                                                                                                                                 ->  Append-only Columnar Scan on store_sales_1_prt_3  (cost=0.00..336211.00 rows=8120800 width=48)
                                                                                                                                 ->  Append-only Columnar Scan on store_sales_1_prt_4  (cost=0.00..324382.00 rows=7834967 width=48)
                                                                                                                                 ->  Append-only Columnar Scan on store_sales_1_prt_5  (cost=0.00..336381.00 rows=8124734 width=48)
                                                                                                                                 ->  Append-only Columnar Scan on store_sales_1_prt_6  (cost=0.00..336417.00 rows=8125800 width=48)
                                                                                                                                 ->  Append-only Columnar Scan on store_sales_1_prt_7  (cost=0.00..336453.00 rows=8126567 width=48)
                                                                                                                                 ->  Append-only Columnar Scan on store_sales_1_prt_8  (cost=0.00..336058.00 rows=8116967 width=48)
                                                                                                                                 ->  Append-only Columnar Scan on store_sales_1_prt_9  (cost=0.00..489738.00 rows=11829267 width=48)
                                                                                                                                 ->  Append-only Columnar Scan on store_sales_1_prt_10  (cost=0.00..765474.00 rows=18489534 width=48)
                                                                                                                                 ->  Append-only Columnar Scan on store_sales_1_prt_11  (cost=0.00..766278.00 rows=18508900 width=48)
                                                                                                                                 ->  Append-only Columnar Scan on store_sales_1_prt_12  (cost=0.00..793967.00 rows=19177700 width=48)
                                                                                                                                 ->  Append-only Columnar Scan on store_sales_1_prt_13  (cost=0.00..1159820.00 rows=28014600 width=48)
                                                                                                                                 ->  Append-only Columnar Scan on store_sales_1_prt_14  (cost=0.00..1160753.00 rows=28037334 width=48)
                                                                                                                                 ->  Append-only Columnar Scan on store_sales_1_prt_15  (cost=0.00..436710.00 rows=10548367 width=48)
                                                                                                                                 ->  Append-only Columnar Scan on store_sales_1_prt_16  (cost=0.00..336477.00 rows=8127134 width=48)
                                                                                                                                 ->  Append-only Columnar Scan on store_sales_1_prt_17  (cost=0.00..324706.00 rows=7842834 width=48)
                                                                                                                                 ->  Append-only Columnar Scan on store_sales_1_prt_18  (cost=0.00..336587.00 rows=8129867 width=48)
                                                                                                                                 ->  Append-only Columnar Scan on store_sales_1_prt_19  (cost=0.00..336153.00 rows=8119367 width=48)
                                                                                                                                 ->  Append-only Columnar Scan on store_sales_1_prt_20  (cost=0.00..336736.00 rows=8133367 width=48)
                                                                                                                                 ->  Append-only Columnar Scan on store_sales_1_prt_21  (cost=0.00..336190.00 rows=8120200 width=48)
                                                                                                                                 ->  Append-only Columnar Scan on store_sales_1_prt_22  (cost=0.00..474334.00 rows=11457100 width=48)
                                                                                                                                 ->  Append-only Columnar Scan on store_sales_1_prt_23  (cost=0.00..766084.00 rows=18504234 width=48)
                                                                                                                                 ->  Append-only Columnar Scan on store_sales_1_prt_24  (cost=0.00..765781.00 rows=18496900 width=48)
                                                                                                                                 ->  Append-only Columnar Scan on store_sales_1_prt_25  (cost=0.00..779443.00 rows=18826834 width=48)
                                                                                                                                 ->  Append-only Columnar Scan on store_sales_1_prt_26  (cost=0.00..1160832.00 rows=28039467 width=48)
                                                                                                                                 ->  Append-only Columnar Scan on store_sales_1_prt_27  (cost=0.00..1160090.00 rows=28021400 width=48)
                                                                                                                                 ->  Append-only Columnar Scan on store_sales_1_prt_28  (cost=0.00..465893.00 rows=11253134 width=48)
                                                                                                                                 ->  Append-only Columnar Scan on store_sales_1_prt_29  (cost=0.00..335914.00 rows=8113600 width=48)
                                                                                                                                 ->  Append-only Columnar Scan on store_sales_1_prt_30  (cost=0.00..336186.00 rows=8120167 width=48)
                                                                                                                                 ->  Append-only Columnar Scan on store_sales_1_prt_31  (cost=0.00..336014.00 rows=8115934 width=48)
                                                                                                                                 ->  Append-only Columnar Scan on store_sales_1_prt_32  (cost=0.00..335918.00 rows=8113667 width=48)
                                                                                                                                 ->  Append-only Columnar Scan on store_sales_1_prt_33  (cost=0.00..336069.00 rows=8117334 width=48)
                                                                                                                                 ->  Append-only Columnar Scan on store_sales_1_prt_34  (cost=0.00..335472.00 rows=8102900 width=48)
                                                                                                                                 ->  Append-only Columnar Scan on store_sales_1_prt_35  (cost=0.00..457985.00 rows=11062100 width=48)
                                                                                                                                 ->  Append-only Columnar Scan on store_sales_1_prt_36  (cost=0.00..764679.00 rows=18470400 width=48)
                                                                                                                                 ->  Append-only Columnar Scan on store_sales_1_prt_37  (cost=0.00..764030.00 rows=18454700 width=48)
                                                                                                                                 ->  Append-only Columnar Scan on store_sales_1_prt_38  (cost=0.00..764484.00 rows=18465634 width=48)
                                                                                                                                 ->  Append-only Columnar Scan on store_sales_1_prt_39  (cost=0.00..1158198.04 rows=27975568 width=48)
                                                                                                                                 ->  Append-only Columnar Scan on store_sales_1_prt_40  (cost=0.00..1158199.04 rows=27975968 width=48)
                                                                                                                                 ->  Append-only Columnar Scan on store_sales_1_prt_41  (cost=0.00..483138.00 rows=11669800 width=48)
                                                                                                                                 ->  Append-only Columnar Scan on store_sales_1_prt_42  (cost=0.00..336559.00 rows=8129100 width=48)
                                                                                                                                 ->  Append-only Columnar Scan on store_sales_1_prt_43  (cost=0.00..324602.00 rows=7840367 width=48)
                                                                                                                                 ->  Append-only Columnar Scan on store_sales_1_prt_44  (cost=0.00..336209.00 rows=8120567 width=48)
                                                                                                                                 ->  Append-only Columnar Scan on store_sales_1_prt_45  (cost=0.00..336313.00 rows=8123267 width=48)
                                                                                                                                 ->  Append-only Columnar Scan on store_sales_1_prt_46  (cost=0.00..336621.00 rows=8130734 width=48)
                                                                                                                                 ->  Append-only Columnar Scan on store_sales_1_prt_47  (cost=0.00..335906.00 rows=8113400 width=48)
                                                                                                                                 ->  Append-only Columnar Scan on store_sales_1_prt_48  (cost=0.00..428657.00 rows=10353800 width=48)
                                                                                                                                 ->  Append-only Columnar Scan on store_sales_1_prt_49  (cost=0.00..766560.00 rows=18515734 width=48)
                                                                                                                                 ->  Append-only Columnar Scan on store_sales_1_prt_50  (cost=0.00..766167.00 rows=18506234 width=48)
                                                                                                                                 ->  Append-only Columnar Scan on store_sales_1_prt_51  (cost=0.00..766196.00 rows=18506900 width=48)
                                                                                                                                 ->  Append-only Columnar Scan on store_sales_1_prt_52  (cost=0.00..1130938.00 rows=27317200 width=48)
                                                                                                                                 ->  Append-only Columnar Scan on store_sales_1_prt_53  (cost=0.00..1160637.96 rows=28034566 width=48)
                                                                                                                                 ->  Append-only Columnar Scan on store_sales_1_prt_54  (cost=0.00..555225.00 rows=13411000 width=48)
                                                                                                                                 ->  Append-only Columnar Scan on store_sales_1_prt_55  (cost=0.00..336782.00 rows=8134567 width=48)
                                                                                                                                 ->  Append-only Columnar Scan on store_sales_1_prt_56  (cost=0.00..324454.00 rows=7836734 width=48)
                                                                                                                                 ->  Append-only Columnar Scan on store_sales_1_prt_57  (cost=0.00..336546.00 rows=8128867 width=48)
                                                                                                                                 ->  Append-only Columnar Scan on store_sales_1_prt_58  (cost=0.00..336207.00 rows=8120667 width=48)
                                                                                                                                 ->  Append-only Columnar Scan on store_sales_1_prt_59  (cost=0.00..336578.00 rows=8129534 width=48)
                                                                                                                                 ->  Append-only Columnar Scan on store_sales_1_prt_60  (cost=0.00..336468.00 rows=8127067 width=48)
                                                                                                                                 ->  Append-only Columnar Scan on store_sales_1_prt_61  (cost=0.00..412992.00 rows=9975467 width=48)
                                                                                                                                 ->  Append-only Columnar Scan on store_sales_1_prt_62  (cost=0.00..765709.00 rows=18495234 width=48)
                                                                                                                                 ->  Append-only Columnar Scan on store_sales_1_prt_63  (cost=0.00..766176.00 rows=18506500 width=48)
                                                                                                                                 ->  Append-only Columnar Scan on store_sales_1_prt_64  (cost=0.00..766142.00 rows=18505834 width=48)
                                                                                                                                 ->  Append-only Columnar Scan on store_sales_1_prt_65  (cost=0.00..1117566.96 rows=26994166 width=48)
                                                                                                                                 ->  Append-only Columnar Scan on store_sales_1_prt_66  (cost=0.00..1159645.96 rows=28010566 width=48)
                                                                                                                                 ->  Append-only Columnar Scan on store_sales_1_prt_67  (cost=0.00..331321.00 rows=8002500 width=48)
                                                                                                                                 ->  Append-only Columnar Scan on store_sales_1_prt_68  (cost=0.00..1.00 rows=1 width=64)
                                                                                                                                 ->  Append-only Columnar Scan on store_sales_1_prt_69  (cost=0.00..1.00 rows=1 width=64)
                                                                                                                                 ->  Append-only Columnar Scan on store_sales_1_prt_70  (cost=0.00..1.00 rows=1 width=64)
                                                                                                                                 ->  Append-only Columnar Scan on store_sales_1_prt_71  (cost=0.00..1.00 rows=1 width=64)
                                                                                                                                 ->  Append-only Columnar Scan on store_sales_1_prt_72  (cost=0.00..1.00 rows=1 width=64)
                                                                                                                                 ->  Append-only Columnar Scan on store_sales_1_prt_73  (cost=0.00..1.00 rows=1 width=64)
                                                                                                                                 ->  Append-only Columnar Scan on store_sales_1_prt_74  (cost=0.00..1.00 rows=1 width=64)
                                                                                                                                 ->  Append-only Columnar Scan on store_sales_1_prt_75  (cost=0.00..1.00 rows=1 width=64)
                                                                                                                                 ->  Append-only Columnar Scan on store_sales_1_prt_76  (cost=0.00..1.00 rows=1 width=64)
                                                                                                                                 ->  Append-only Columnar Scan on store_sales_1_prt_77  (cost=0.00..1.00 rows=1 width=64)
                                                                                                                                 ->  Append-only Columnar Scan on store_sales_1_prt_78  (cost=0.00..1.00 rows=1 width=64)
                                                                                                                                 ->  Append-only Columnar Scan on store_sales_1_prt_79  (cost=0.00..1.00 rows=1 width=64)
                                                                                                                                 ->  Append-only Columnar Scan on store_sales_1_prt_80  (cost=0.00..1.00 rows=1 width=64)
                                                                                                                                 ->  Append-only Columnar Scan on store_returns_1_prt_outliers  (cost=0.00..119589.00 rows=3359867 width=48)
                                                                                                                                 ->  Append-only Columnar Scan on store_returns_1_prt_2  (cost=0.00..1853.03 rows=45768 width=48)
                                                                                                                                 ->  Append-only Columnar Scan on store_returns_1_prt_3  (cost=0.00..6990.74 rows=174025 width=48)
                                                                                                                                 ->  Append-only Columnar Scan on store_returns_1_prt_4  (cost=0.00..12073.00 rows=300934 width=48)
                                                                                                                                 ->  Append-only Columnar Scan on store_returns_1_prt_5  (cost=0.00..17206.50 rows=429050 width=48)
                                                                                                                                 ->  Append-only Columnar Scan on store_returns_1_prt_6  (cost=0.00..22418.30 rows=559077 width=48)
                                                                                                                                 ->  Append-only Columnar Scan on store_returns_1_prt_7  (cost=0.00..27598.00 rows=688300 width=48)
                                                                                                                                 ->  Append-only Columnar Scan on store_returns_1_prt_8  (cost=0.00..32106.70 rows=800790 width=48)
                                                                                                                                 ->  Append-only Columnar Scan on store_returns_1_prt_9  (cost=0.00..32900.20 rows=820607 width=48)
                                                                                                                                 ->  Append-only Columnar Scan on store_returns_1_prt_10  (cost=0.00..37679.10 rows=939970 width=48)
                                                                                                                                 ->  Append-only Columnar Scan on store_returns_1_prt_11  (cost=0.00..44416.50 rows=1108017 width=48)
                                                                                                                                 ->  Append-only Columnar Scan on store_returns_1_prt_12  (cost=0.00..51022.00 rows=1272934 width=48)
                                                                                                                                 ->  Append-only Columnar Scan on store_returns_1_prt_13  (cost=0.00..60422.90 rows=1507530 width=48)
                                                                                                                                 ->  Append-only Columnar Scan on store_returns_1_prt_14  (cost=0.00..73185.80 rows=1826060 width=48)
                                                                                                                                 ->  Append-only Columnar Scan on store_returns_1_prt_15  (cost=0.00..82303.60 rows=2053554 width=48)
                                                                                                                                 ->  Append-only Columnar Scan on store_returns_1_prt_16  (cost=0.00..79967.20 rows=1995307 width=48)
                                                                                                                                 ->  Append-only Columnar Scan on store_returns_1_prt_17  (cost=0.00..73186.20 rows=1826107 width=48)
                                                                                                                                 ->  Append-only Columnar Scan on store_returns_1_prt_18  (cost=0.00..66475.20 rows=1658607 width=48)
                                                                                                                                 ->  Append-only Columnar Scan on store_returns_1_prt_19  (cost=0.00..58723.50 rows=1465084 width=48)
                                                                                                                                 ->  Append-only Columnar Scan on store_returns_1_prt_20  (cost=0.00..46348.30 rows=1156177 width=48)
                                                                                                                                 ->  Append-only Columnar Scan on store_returns_1_prt_21  (cost=0.00..34792.40 rows=867914 width=48)
                                                                                                                                 ->  Append-only Columnar Scan on store_returns_1_prt_22  (cost=0.00..32894.20 rows=820507 width=48)
                                                                                                                                 ->  Append-only Columnar Scan on store_returns_1_prt_23  (cost=0.00..37424.80 rows=933627 width=48)
                                                                                                                                 ->  Append-only Columnar Scan on store_returns_1_prt_24  (cost=0.00..44195.80 rows=1102527 width=48)
                                                                                                                                 ->  Append-only Columnar Scan on store_returns_1_prt_25  (cost=0.00..50837.00 rows=1268234 width=48)
                                                                                                                                 ->  Append-only Columnar Scan on store_returns_1_prt_26  (cost=0.00..59985.70 rows=1496590 width=48)
                                                                                                                                 ->  Append-only Columnar Scan on store_returns_1_prt_27  (cost=0.00..72724.00 rows=1814434 width=48)
                                                                                                                                 ->  Append-only Columnar Scan on store_returns_1_prt_28  (cost=0.00..82164.10 rows=2050104 width=48)
                                                                                                                                 ->  Append-only Columnar Scan on store_returns_1_prt_29  (cost=0.00..80191.60 rows=2000754 width=48)
                                                                                                                                 ->  Append-only Columnar Scan on store_returns_1_prt_30  (cost=0.00..73529.70 rows=1834590 width=48)
                                                                                                                                 ->  Append-only Columnar Scan on store_returns_1_prt_31  (cost=0.00..66909.40 rows=1669347 width=48)
                                                                                                                                 ->  Append-only Columnar Scan on store_returns_1_prt_32  (cost=0.00..59189.10 rows=1476737 width=48)
                                                                                                                                 ->  Append-only Columnar Scan on store_returns_1_prt_33  (cost=0.00..46935.60 rows=1170954 width=48)
                                                                                                                                 ->  Append-only Columnar Scan on store_returns_1_prt_34  (cost=0.00..35180.30 rows=877544 width=48)
                                                                                                                                 ->  Append-only Columnar Scan on store_returns_1_prt_35  (cost=0.00..32948.10 rows=821804 width=48)
                                                                                                                                 ->  Append-only Columnar Scan on store_returns_1_prt_36  (cost=0.00..37243.00 rows=928967 width=48)
                                                                                                                                 ->  Append-only Columnar Scan on store_returns_1_prt_37  (cost=0.00..43879.00 rows=1094634 width=48)
                                                                                                                                 ->  Append-only Columnar Scan on store_returns_1_prt_38  (cost=0.00..50465.40 rows=1259047 width=48)
                                                                                                                                 ->  Append-only Columnar Scan on store_returns_1_prt_39  (cost=0.00..59486.40 rows=1484147 width=48)
                                                                                                                                 ->  Append-only Columnar Scan on store_returns_1_prt_40  (cost=0.00..72150.30 rows=1800177 width=48)
                                                                                                                                 ->  Append-only Columnar Scan on store_returns_1_prt_41  (cost=0.00..81849.40 rows=2042280 width=48)
                                                                                                                                 ->  Append-only Columnar Scan on store_returns_1_prt_42  (cost=0.00..80010.30 rows=1996310 width=48)
                                                                                                                                 ->  Append-only Columnar Scan on store_returns_1_prt_43  (cost=0.00..73403.80 rows=1831427 width=48)
                                                                                                                                 ->  Append-only Columnar Scan on store_returns_1_prt_44  (cost=0.00..66684.90 rows=1663764 width=48)
                                                                                                                                 ->  Append-only Columnar Scan on store_returns_1_prt_45  (cost=0.00..59144.80 rows=1475594 width=48)
                                                                                                                                 ->  Append-only Columnar Scan on store_returns_1_prt_46  (cost=0.00..47011.80 rows=1172827 width=48)
                                                                                                                                 ->  Append-only Columnar Scan on store_returns_1_prt_47  (cost=0.00..35247.70 rows=879257 width=48)
                                                                                                                                 ->  Append-only Columnar Scan on store_returns_1_prt_48  (cost=0.00..32757.00 rows=817067 width=48)
                                                                                                                                 ->  Append-only Columnar Scan on store_returns_1_prt_49  (cost=0.00..36707.60 rows=915654 width=48)
                                                                                                                                 ->  Append-only Columnar Scan on store_returns_1_prt_50  (cost=0.00..43497.40 rows=1085080 width=48)
                                                                                                                                 ->  Append-only Columnar Scan on store_returns_1_prt_51  (cost=0.00..50143.80 rows=1250960 width=48)
                                                                                                                                 ->  Append-only Columnar Scan on store_returns_1_prt_52  (cost=0.00..58791.30 rows=1466777 width=48)
                                                                                                                                 ->  Append-only Columnar Scan on store_returns_1_prt_53  (cost=0.00..71405.50 rows=1781517 width=48)
                                                                                                                                 ->  Append-only Columnar Scan on store_returns_1_prt_54  (cost=0.00..81729.80 rows=2039294 width=48)
                                                                                                                                 ->  Append-only Columnar Scan on store_returns_1_prt_55  (cost=0.00..80773.90 rows=2015430 width=48)
                                                                                                                                 ->  Append-only Columnar Scan on store_returns_1_prt_56  (cost=0.00..74229.00 rows=1852034 width=48)
                                                                                                                                 ->  Append-only Columnar Scan on store_returns_1_prt_57  (cost=0.00..67439.70 rows=1682624 width=48)
                                                                                                                                 ->  Append-only Columnar Scan on store_returns_1_prt_58  (cost=0.00..60085.40 rows=1499080 width=48)
                                                                                                                                 ->  Append-only Columnar Scan on store_returns_1_prt_59  (cost=0.00..48188.70 rows=1202190 width=48)
                                                                                                                                 ->  Append-only Columnar Scan on store_returns_1_prt_60  (cost=0.00..35990.20 rows=897740 width=48)
                                                                                                                                 ->  Append-only Columnar Scan on store_returns_1_prt_61  (cost=0.00..32755.30 rows=817010 width=48)
                                                                                                                                 ->  Append-only Columnar Scan on store_returns_1_prt_62  (cost=0.00..36451.80 rows=909294 width=48)
                                                                                                                                 ->  Append-only Columnar Scan on store_returns_1_prt_63  (cost=0.00..43272.00 rows=1079500 width=48)
                                                                                                                                 ->  Append-only Columnar Scan on store_returns_1_prt_64  (cost=0.00..49886.80 rows=1244560 width=48)
                                                                                                                                 ->  Append-only Columnar Scan on store_returns_1_prt_65  (cost=0.00..58346.40 rows=1455714 width=48)
                                                                                                                                 ->  Append-only Columnar Scan on store_returns_1_prt_66  (cost=0.00..70812.50 rows=1766850 width=48)
                                                                                                                                 ->  Append-only Columnar Scan on store_returns_1_prt_67  (cost=0.00..80500.30 rows=2008644 width=48)
                                                                                                                                 ->  Append-only Columnar Scan on store_returns_1_prt_68  (cost=0.00..75031.60 rows=1872054 width=48)
                                                                                                                                 ->  Append-only Columnar Scan on store_returns_1_prt_69  (cost=0.00..63447.40 rows=1582914 width=48)
                                                                                                                                 ->  Append-only Columnar Scan on store_returns_1_prt_70  (cost=0.00..51572.60 rows=1286687 width=48)
                                                                                                                                 ->  Append-only Columnar Scan on store_returns_1_prt_71  (cost=0.00..39178.00 rows=977300 width=48)
                                                                                                                                 ->  Append-only Columnar Scan on store_returns_1_prt_72  (cost=0.00..22132.80 rows=551994 width=48)
                                                                                                                                 ->  Append-only Columnar Scan on store_returns_1_prt_73  (cost=0.00..4828.24 rows=120108 width=48)
                                                                                                                                 ->  Append-only Columnar Scan on store_returns_1_prt_74  (cost=0.00..1.00 rows=1 width=64)
                                                                                                                                 ->  Append-only Columnar Scan on store_returns_1_prt_75  (cost=0.00..1.00 rows=1 width=64)
                                                                                                                                 ->  Append-only Columnar Scan on store_returns_1_prt_76  (cost=0.00..1.00 rows=1 width=64)
                                                                                                                                 ->  Append-only Columnar Scan on store_returns_1_prt_77  (cost=0.00..1.00 rows=1 width=64)
                                                                                                                                 ->  Append-only Columnar Scan on store_returns_1_prt_78  (cost=0.00..1.00 rows=1 width=64)
                                                                                                                                 ->  Append-only Columnar Scan on store_returns_1_prt_79  (cost=0.00..1.00 rows=1 width=64)
                                                                                                                                 ->  Append-only Columnar Scan on store_returns_1_prt_80  (cost=0.00..1.00 rows=1 width=64)
                                                                                                                     ->  Hash  (cost=1452.32..1452.32 rows=15 width=4)
                                                                                                                           ->  Broadcast Motion 3:3  (slice1; segments: 3)  (cost=0.00..1452.32 rows=15 width=4)
                                                                                                                                 ->  Seq Scan on date_dim  (cost=0.00..1451.73 rows=5 width=4)
                                                                                                                                       Filter: ((d_date >= '08-04-1998'::date) AND (d_date <= '08-18-1998'::date))
                                                                                                               ->  Hash  (cost=82.10..82.10 rows=1002 width=21)
                                                                                                                     ->  Broadcast Motion 3:3  (slice2; segments: 3)  (cost=0.00..82.10 rows=1002 width=21)
                                                                                                                           ->  Seq Scan on store  (cost=0.00..42.02 rows=334 width=21)
                                                                                 ->  Subquery Scan on csr  (cost=0.00..600.00 rows=10000 width=160)
                                                                                       ->  HashAggregate  (cost=50291574.46..50292174.46 rows=10000 width=178)
                                                                                             Group Key: catalog_page.cp_catalog_page_id
                                                                                             ->  Redistribute Motion 3:3  (slice6; segments: 3)  (cost=50290299.46..50290899.46 rows=10000 width=178)
                                                                                                   Hash Key: catalog_page.cp_catalog_page_id
                                                                                                   ->  HashAggregate  (cost=50290299.46..50290299.46 rows=10000 width=178)
                                                                                                         Group Key: catalog_page.cp_catalog_page_id
                                                                                                         ->  Hash Join  (cost=4239.87..50286328.17 rows=105902 width=57)
                                                                                                               Hash Cond: (salesreturns_1.page_sk = catalog_page.cp_catalog_page_sk)
                                                                                                               ->  Hash Join  (cost=1452.87..50278378.50 rows=105902 width=44)
                                                                                                                     Hash Cond: (salesreturns_1.date_sk = date_dim_1.d_date_sk)
                                                                                                                     ->  Subquery Scan on salesreturns_1  (cost=0.00..40373891.27 rows=527992391 width=48)
                                                                                                                           ->  Append  (cost=0.00..24534119.55 rows=527992391 width=48)
                                                                                                                                 ->  Append-only Columnar Scan on catalog_sales_1_prt_outliers  (cost=0.00..95971.30 rows=2401110 width=48)
                                                                                                                                 ->  Append-only Columnar Scan on catalog_sales_1_prt_2  (cost=0.00..198531.00 rows=4234734 width=48)
                                                                                                                                 ->  Append-only Columnar Scan on catalog_sales_1_prt_3  (cost=0.00..198470.00 rows=4233434 width=48)
                                                                                                                                 ->  Append-only Columnar Scan on catalog_sales_1_prt_4  (cost=0.00..191463.00 rows=4083934 width=48)
                                                                                                                                 ->  Append-only Columnar Scan on catalog_sales_1_prt_5  (cost=0.00..198330.00 rows=4230434 width=48)
                                                                                                                                 ->  Append-only Columnar Scan on catalog_sales_1_prt_6  (cost=0.00..198496.00 rows=4233967 width=48)
                                                                                                                                 ->  Append-only Columnar Scan on catalog_sales_1_prt_7  (cost=0.00..198494.00 rows=4233967 width=48)
                                                                                                                                 ->  Append-only Columnar Scan on catalog_sales_1_prt_8  (cost=0.00..198576.00 rows=4235667 width=48)
                                                                                                                                 ->  Append-only Columnar Scan on catalog_sales_1_prt_9  (cost=0.00..297942.00 rows=6355400 width=48)
                                                                                                                                 ->  Append-only Columnar Scan on catalog_sales_1_prt_10  (cost=0.00..451674.00 rows=9634834 width=48)
                                                                                                                                 ->  Append-only Columnar Scan on catalog_sales_1_prt_11  (cost=0.00..451572.00 rows=9632700 width=48)
                                                                                                                                 ->  Append-only Columnar Scan on catalog_sales_1_prt_12  (cost=0.00..476631.00 rows=10167234 width=48)
                                                                                                                                 ->  Append-only Columnar Scan on catalog_sales_1_prt_13  (cost=0.00..684375.00 rows=14598867 width=48)
                                                                                                                                 ->  Append-only Columnar Scan on catalog_sales_1_prt_14  (cost=0.00..684389.00 rows=14599200 width=48)
                                                                                                                                 ->  Append-only Columnar Scan on catalog_sales_1_prt_15  (cost=0.00..215804.00 rows=4603234 width=48)
                                                                                                                                 ->  Append-only Columnar Scan on catalog_sales_1_prt_16  (cost=0.00..198278.00 rows=4229400 width=48)
                                                                                                                                 ->  Append-only Columnar Scan on catalog_sales_1_prt_17  (cost=0.00..191360.00 rows=4081734 width=48)
                                                                                                                                 ->  Append-only Columnar Scan on catalog_sales_1_prt_18  (cost=0.00..198408.00 rows=4232134 width=48)
                                                                                                                                 ->  Append-only Columnar Scan on catalog_sales_1_prt_19  (cost=0.00..198462.00 rows=4233300 width=48)
                                                                                                                                 ->  Append-only Columnar Scan on catalog_sales_1_prt_20  (cost=0.00..198463.00 rows=4233267 width=48)
                                                                                                                                 ->  Append-only Columnar Scan on catalog_sales_1_prt_21  (cost=0.00..198544.00 rows=4235034 width=48)
                                                                                                                                 ->  Append-only Columnar Scan on catalog_sales_1_prt_22  (cost=0.00..288857.00 rows=6161600 width=48)
                                                                                                                                 ->  Append-only Columnar Scan on catalog_sales_1_prt_23  (cost=0.00..451775.00 rows=9637067 width=48)
                                                                                                                                 ->  Append-only Columnar Scan on catalog_sales_1_prt_24  (cost=0.00..451807.00 rows=9637734 width=48)
                                                                                                                                 ->  Append-only Columnar Scan on catalog_sales_1_prt_25  (cost=0.00..468431.00 rows=9992300 width=48)
                                                                                                                                 ->  Append-only Columnar Scan on catalog_sales_1_prt_26  (cost=0.00..684511.00 rows=14601800 width=48)
                                                                                                                                 ->  Append-only Columnar Scan on catalog_sales_1_prt_27  (cost=0.00..684485.00 rows=14601267 width=48)
                                                                                                                                 ->  Append-only Columnar Scan on catalog_sales_1_prt_28  (cost=0.00..232955.00 rows=4969100 width=48)
                                                                                                                                 ->  Append-only Columnar Scan on catalog_sales_1_prt_29  (cost=0.00..198182.00 rows=4227400 width=48)
                                                                                                                                 ->  Append-only Columnar Scan on catalog_sales_1_prt_30  (cost=0.00..198180.00 rows=4227300 width=48)
                                                                                                                                 ->  Append-only Columnar Scan on catalog_sales_1_prt_31  (cost=0.00..198236.00 rows=4228467 width=48)
                                                                                                                                 ->  Append-only Columnar Scan on catalog_sales_1_prt_32  (cost=0.00..198161.00 rows=4226867 width=48)
                                                                                                                                 ->  Append-only Columnar Scan on catalog_sales_1_prt_33  (cost=0.00..198143.00 rows=4226467 width=48)
                                                                                                                                 ->  Append-only Columnar Scan on catalog_sales_1_prt_34  (cost=0.00..198217.00 rows=4228000 width=48)
                                                                                                                                 ->  Append-only Columnar Scan on catalog_sales_1_prt_35  (cost=0.00..279401.00 rows=5959900 width=48)
                                                                                                                                 ->  Append-only Columnar Scan on catalog_sales_1_prt_36  (cost=0.00..451102.00 rows=9622600 width=48)
                                                                                                                                 ->  Append-only Columnar Scan on catalog_sales_1_prt_37  (cost=0.00..451004.00 rows=9620567 width=48)
                                                                                                                                 ->  Append-only Columnar Scan on catalog_sales_1_prt_38  (cost=0.00..459207.00 rows=9795567 width=48)
                                                                                                                                 ->  Append-only Columnar Scan on catalog_sales_1_prt_39  (cost=0.00..683201.00 rows=14573867 width=48)
                                                                                                                                 ->  Append-only Columnar Scan on catalog_sales_1_prt_40  (cost=0.00..683288.00 rows=14575634 width=48)
                                                                                                                                 ->  Append-only Columnar Scan on catalog_sales_1_prt_41  (cost=0.00..267716.00 rows=5710600 width=48)
                                                                                                                                 ->  Append-only Columnar Scan on catalog_sales_1_prt_42  (cost=0.00..198348.00 rows=4230867 width=48)
                                                                                                                                 ->  Append-only Columnar Scan on catalog_sales_1_prt_43  (cost=0.00..191374.00 rows=4082034 width=48)
                                                                                                                                 ->  Append-only Columnar Scan on catalog_sales_1_prt_44  (cost=0.00..198449.00 rows=4233067 width=48)
                                                                                                                                 ->  Append-only Columnar Scan on catalog_sales_1_prt_45  (cost=0.00..198436.00 rows=4232667 width=48)
                                                                                                                                 ->  Append-only Columnar Scan on catalog_sales_1_prt_46  (cost=0.00..198484.00 rows=4233767 width=48)
                                                                                                                                 ->  Append-only Columnar Scan on catalog_sales_1_prt_47  (cost=0.00..198486.00 rows=4233767 width=48)
                                                                                                                                 ->  Append-only Columnar Scan on catalog_sales_1_prt_48  (cost=0.00..261759.00 rows=5583500 width=48)
                                                                                                                                 ->  Append-only Columnar Scan on catalog_sales_1_prt_49  (cost=0.00..451867.00 rows=9638934 width=48)
                                                                                                                                 ->  Append-only Columnar Scan on catalog_sales_1_prt_50  (cost=0.00..451711.00 rows=9635634 width=48)
                                                                                                                                 ->  Append-only Columnar Scan on catalog_sales_1_prt_51  (cost=0.00..451715.00 rows=9635700 width=48)
                                                                                                                                 ->  Append-only Columnar Scan on catalog_sales_1_prt_52  (cost=0.00..676048.00 rows=14421300 width=48)
                                                                                                                                 ->  Append-only Columnar Scan on catalog_sales_1_prt_53  (cost=0.00..684330.00 rows=14597934 width=48)
                                                                                                                                 ->  Append-only Columnar Scan on catalog_sales_1_prt_54  (cost=0.00..285353.00 rows=6086800 width=48)
                                                                                                                                 ->  Append-only Columnar Scan on catalog_sales_1_prt_55  (cost=0.00..198500.00 rows=4234067 width=48)
                                                                                                                                 ->  Append-only Columnar Scan on catalog_sales_1_prt_56  (cost=0.00..191327.00 rows=4081100 width=48)
                                                                                                                                 ->  Append-only Columnar Scan on catalog_sales_1_prt_57  (cost=0.00..198470.00 rows=4233434 width=48)
                                                                                                                                 ->  Append-only Columnar Scan on catalog_sales_1_prt_58  (cost=0.00..198434.00 rows=4232667 width=48)
                                                                                                                                 ->  Append-only Columnar Scan on catalog_sales_1_prt_59  (cost=0.00..198457.00 rows=4233100 width=48)
                                                                                                                                 ->  Append-only Columnar Scan on catalog_sales_1_prt_60  (cost=0.00..198420.00 rows=4232400 width=48)
                                                                                                                                 ->  Append-only Columnar Scan on catalog_sales_1_prt_61  (cost=0.00..252732.00 rows=5390967 width=48)
                                                                                                                                 ->  Append-only Columnar Scan on catalog_sales_1_prt_62  (cost=0.00..451735.00 rows=9636134 width=48)
                                                                                                                                 ->  Append-only Columnar Scan on catalog_sales_1_prt_63  (cost=0.00..451761.00 rows=9636700 width=48)
                                                                                                                                 ->  Append-only Columnar Scan on catalog_sales_1_prt_64  (cost=0.00..451680.00 rows=9634900 width=48)
                                                                                                                                 ->  Append-only Columnar Scan on catalog_sales_1_prt_65  (cost=0.00..667727.00 rows=14243734 width=48)
                                                                                                                                 ->  Append-only Columnar Scan on catalog_sales_1_prt_66  (cost=0.00..684173.00 rows=14594534 width=48)
                                                                                                                                 ->  Append-only Columnar Scan on catalog_sales_1_prt_67  (cost=0.00..244531.00 rows=5216100 width=48)
                                                                                                                                 ->  Append-only Columnar Scan on catalog_sales_1_prt_68  (cost=0.00..1.00 rows=1 width=64)
                                                                                                                                 ->  Append-only Columnar Scan on catalog_sales_1_prt_69  (cost=0.00..1.00 rows=1 width=64)
                                                                                                                                 ->  Append-only Columnar Scan on catalog_sales_1_prt_70  (cost=0.00..1.00 rows=1 width=64)
                                                                                                                                 ->  Append-only Columnar Scan on catalog_sales_1_prt_71  (cost=0.00..1.00 rows=1 width=64)
                                                                                                                                 ->  Append-only Columnar Scan on catalog_sales_1_prt_72  (cost=0.00..1.00 rows=1 width=64)
                                                                                                                                 ->  Append-only Columnar Scan on catalog_sales_1_prt_73  (cost=0.00..1.00 rows=1 width=64)
                                                                                                                                 ->  Append-only Columnar Scan on catalog_sales_1_prt_74  (cost=0.00..1.00 rows=1 width=64)
                                                                                                                                 ->  Append-only Columnar Scan on catalog_sales_1_prt_75  (cost=0.00..1.00 rows=1 width=64)
                                                                                                                                 ->  Append-only Columnar Scan on catalog_sales_1_prt_76  (cost=0.00..1.00 rows=1 width=64)
                                                                                                                                 ->  Append-only Columnar Scan on catalog_sales_1_prt_77  (cost=0.00..1.00 rows=1 width=64)
                                                                                                                                 ->  Append-only Columnar Scan on catalog_sales_1_prt_78  (cost=0.00..1.00 rows=1 width=64)
                                                                                                                                 ->  Append-only Columnar Scan on catalog_sales_1_prt_79  (cost=0.00..1.00 rows=1 width=64)
                                                                                                                                 ->  Append-only Columnar Scan on catalog_sales_1_prt_80  (cost=0.00..1.00 rows=1 width=64)
                                                                                                                                 ->  Append-only Columnar Scan on catalog_returns_1_prt_outliers  (cost=0.00..1.00 rows=1 width=64)
                                                                                                                                 ->  Append-only Columnar Scan on catalog_returns_1_prt_2  (cost=0.00..89.94 rows=1932 width=48)
                                                                                                                                 ->  Append-only Columnar Scan on catalog_returns_1_prt_3  (cost=0.00..839.14 rows=19405 width=48)
                                                                                                                                 ->  Append-only Columnar Scan on catalog_returns_1_prt_4  (cost=0.00..2485.51 rows=57851 width=48)
                                                                                                                                 ->  Append-only Columnar Scan on catalog_returns_1_prt_5  (cost=0.00..4960.98 rows=115933 width=48)
                                                                                                                                 ->  Append-only Columnar Scan on catalog_returns_1_prt_6  (cost=0.00..7782.08 rows=182003 width=48)
                                                                                                                                 ->  Append-only Columnar Scan on catalog_returns_1_prt_7  (cost=0.00..10621.88 rows=248696 width=48)
                                                                                                                                 ->  Append-only Columnar Scan on catalog_returns_1_prt_8  (cost=0.00..13478.93 rows=315565 width=48)
                                                                                                                                 ->  Append-only Columnar Scan on catalog_returns_1_prt_9  (cost=0.00..15896.40 rows=372214 width=48)
                                                                                                                                 ->  Append-only Columnar Scan on catalog_returns_1_prt_10  (cost=0.00..17750.30 rows=415710 width=48)
                                                                                                                                 ->  Append-only Columnar Scan on catalog_returns_1_prt_11  (cost=0.00..19794.70 rows=463690 width=48)
                                                                                                                                 ->  Append-only Columnar Scan on catalog_returns_1_prt_12  (cost=0.00..22437.10 rows=525604 width=48)
                                                                                                                                 ->  Append-only Columnar Scan on catalog_returns_1_prt_13  (cost=0.00..26080.50 rows=611050 width=48)
                                                                                                                                 ->  Append-only Columnar Scan on catalog_returns_1_prt_14  (cost=0.00..30734.10 rows=720170 width=48)
                                                                                                                                 ->  Append-only Columnar Scan on catalog_returns_1_prt_15  (cost=0.00..36307.80 rows=850860 width=48)
                                                                                                                                 ->  Append-only Columnar Scan on catalog_returns_1_prt_16  (cost=0.00..41041.30 rows=961744 width=48)
                                                                                                                                 ->  Append-only Columnar Scan on catalog_returns_1_prt_17  (cost=0.00..43099.50 rows=1009950 width=48)
                                                                                                                                 ->  Append-only Columnar Scan on catalog_returns_1_prt_18  (cost=0.00..41879.10 rows=981337 width=48)
                                                                                                                                 ->  Append-only Columnar Scan on catalog_returns_1_prt_19  (cost=0.00..38497.60 rows=902120 width=48)
                                                                                                                                 ->  Append-only Columnar Scan on catalog_returns_1_prt_20  (cost=0.00..34174.60 rows=800720 width=48)
                                                                                                                                 ->  Append-only Columnar Scan on catalog_returns_1_prt_21  (cost=0.00..28866.00 rows=676300 width=48)
                                                                                                                                 ->  Append-only Columnar Scan on catalog_returns_1_prt_22  (cost=0.00..23528.20 rows=551174 width=48)
                                                                                                                                 ->  Append-only Columnar Scan on catalog_returns_1_prt_23  (cost=0.00..20118.40 rows=471247 width=48)
                                                                                                                                 ->  Append-only Columnar Scan on catalog_returns_1_prt_24  (cost=0.00..19874.50 rows=465584 width=48)
                                                                                                                                 ->  Append-only Columnar Scan on catalog_returns_1_prt_25  (cost=0.00..22296.70 rows=522290 width=48)
                                                                                                                                 ->  Append-only Columnar Scan on catalog_returns_1_prt_26  (cost=0.00..25917.20 rows=607140 width=48)
                                                                                                                                 ->  Append-only Columnar Scan on catalog_returns_1_prt_27  (cost=0.00..30522.50 rows=715184 width=48)
                                                                                                                                 ->  Append-only Columnar Scan on catalog_returns_1_prt_28  (cost=0.00..36052.80 rows=844894 width=48)
                                                                                                                                 ->  Append-only Columnar Scan on catalog_returns_1_prt_29  (cost=0.00..40956.30 rows=959777 width=48)
                                                                                                                                 ->  Append-only Columnar Scan on catalog_returns_1_prt_30  (cost=0.00..43148.40 rows=1011214 width=48)
                                                                                                                                 ->  Append-only Columnar Scan on catalog_returns_1_prt_31  (cost=0.00..42010.00 rows=984434 width=48)
                                                                                                                                 ->  Append-only Columnar Scan on catalog_returns_1_prt_32  (cost=0.00..38722.30 rows=907377 width=48)
                                                                                                                                 ->  Append-only Columnar Scan on catalog_returns_1_prt_33  (cost=0.00..34426.40 rows=806647 width=48)
                                                                                                                                 ->  Append-only Columnar Scan on catalog_returns_1_prt_34  (cost=0.00..29177.30 rows=683644 width=48)
                                                                                                                                 ->  Append-only Columnar Scan on catalog_returns_1_prt_35  (cost=0.00..23787.80 rows=557327 width=48)
                                                                                                                                 ->  Append-only Columnar Scan on catalog_returns_1_prt_36  (cost=0.00..20236.00 rows=474067 width=48)
                                                                                                                                 ->  Append-only Columnar Scan on catalog_returns_1_prt_37  (cost=0.00..19907.20 rows=466240 width=48)
                                                                                                                                 ->  Append-only Columnar Scan on catalog_returns_1_prt_38  (cost=0.00..22185.10 rows=519704 width=48)
                                                                                                                                 ->  Append-only Columnar Scan on catalog_returns_1_prt_39  (cost=0.00..25740.00 rows=603100 width=48)
                                                                                                                                 ->  Append-only Columnar Scan on catalog_returns_1_prt_40  (cost=0.00..30341.40 rows=710914 width=48)
                                                                                                                                 ->  Append-only Columnar Scan on catalog_returns_1_prt_41  (cost=0.00..35869.30 rows=840477 width=48)
                                                                                                                                 ->  Append-only Columnar Scan on catalog_returns_1_prt_42  (cost=0.00..40858.00 rows=957467 width=48)
                                                                                                                                 ->  Append-only Columnar Scan on catalog_returns_1_prt_43  (cost=0.00..43189.40 rows=1012114 width=48)
                                                                                                                                 ->  Append-only Columnar Scan on catalog_returns_1_prt_44  (cost=0.00..42208.80 rows=989160 width=48)
                                                                                                                                 ->  Append-only Columnar Scan on catalog_returns_1_prt_45  (cost=0.00..39037.10 rows=914804 width=48)
                                                                                                                                 ->  Append-only Columnar Scan on catalog_returns_1_prt_46  (cost=0.00..34783.00 rows=815100 width=48)
                                                                                                                                 ->  Append-only Columnar Scan on catalog_returns_1_prt_47  (cost=0.00..29479.40 rows=690714 width=48)
                                                                                                                                 ->  Append-only Columnar Scan on catalog_returns_1_prt_48  (cost=0.00..24074.70 rows=564057 width=48)
                                                                                                                                 ->  Append-only Columnar Scan on catalog_returns_1_prt_49  (cost=0.00..20308.20 rows=475707 width=48)
                                                                                                                                 ->  Append-only Columnar Scan on catalog_returns_1_prt_50  (cost=0.00..19762.20 rows=462907 width=48)
                                                                                                                                 ->  Append-only Columnar Scan on catalog_returns_1_prt_51  (cost=0.00..21941.80 rows=513960 width=48)
                                                                                                                                 ->  Append-only Columnar Scan on catalog_returns_1_prt_52  (cost=0.00..25524.00 rows=598034 width=48)
                                                                                                                                 ->  Append-only Columnar Scan on catalog_returns_1_prt_53  (cost=0.00..29988.40 rows=702614 width=48)
                                                                                                                                 ->  Append-only Columnar Scan on catalog_returns_1_prt_54  (cost=0.00..35472.20 rows=831174 width=48)
                                                                                                                                 ->  Append-only Columnar Scan on catalog_returns_1_prt_55  (cost=0.00..40521.40 rows=949514 width=48)
                                                                                                                                 ->  Append-only Columnar Scan on catalog_returns_1_prt_56  (cost=0.00..43037.90 rows=1008564 width=48)
                                                                                                                                 ->  Append-only Columnar Scan on catalog_returns_1_prt_57  (cost=0.00..42199.20 rows=988874 width=48)
                                                                                                                                 ->  Append-only Columnar Scan on catalog_returns_1_prt_58  (cost=0.00..39131.90 rows=916964 width=48)
                                                                                                                                 ->  Append-only Columnar Scan on catalog_returns_1_prt_59  (cost=0.00..34896.90 rows=817730 width=48)
                                                                                                                                 ->  Append-only Columnar Scan on catalog_returns_1_prt_60  (cost=0.00..29665.40 rows=695080 width=48)
                                                                                                                                 ->  Append-only Columnar Scan on catalog_returns_1_prt_61  (cost=0.00..24208.60 rows=567154 width=48)
                                                                                                                                 ->  Append-only Columnar Scan on catalog_returns_1_prt_62  (cost=0.00..20387.30 rows=477644 width=48)
                                                                                                                                 ->  Append-only Columnar Scan on catalog_returns_1_prt_63  (cost=0.00..19741.20 rows=462340 width=48)
                                                                                                                                 ->  Append-only Columnar Scan on catalog_returns_1_prt_64  (cost=0.00..21867.20 rows=512274 width=48)
                                                                                                                                 ->  Append-only Columnar Scan on catalog_returns_1_prt_65  (cost=0.00..25350.50 rows=593884 width=48)
                                                                                                                                 ->  Append-only Columnar Scan on catalog_returns_1_prt_66  (cost=0.00..29837.00 rows=699100 width=48)
                                                                                                                                 ->  Append-only Columnar Scan on catalog_returns_1_prt_67  (cost=0.00..35270.90 rows=826464 width=48)
                                                                                                                                 ->  Append-only Columnar Scan on catalog_returns_1_prt_68  (cost=0.00..40185.20 rows=941674 width=48)
                                                                                                                                 ->  Append-only Columnar Scan on catalog_returns_1_prt_69  (cost=0.00..41789.50 rows=979317 width=48)
                                                                                                                                 ->  Append-only Columnar Scan on catalog_returns_1_prt_70  (cost=0.00..39187.40 rows=918347 width=48)
                                                                                                                                 ->  Append-only Columnar Scan on catalog_returns_1_prt_71  (cost=0.00..33506.60 rows=785120 width=48)
                                                                                                                                 ->  Append-only Columnar Scan on catalog_returns_1_prt_72  (cost=0.00..26483.20 rows=620407 width=48)
                                                                                                                                 ->  Append-only Columnar Scan on catalog_returns_1_prt_73  (cost=0.00..18408.20 rows=431207 width=48)
                                                                                                                                 ->  Append-only Columnar Scan on catalog_returns_1_prt_74  (cost=0.00..10161.74 rows=237858 width=48)
                                                                                                                                 ->  Append-only Columnar Scan on catalog_returns_1_prt_75  (cost=0.00..3892.67 rows=90823 width=48)
                                                                                                                                 ->  Append-only Columnar Scan on catalog_returns_1_prt_76  (cost=0.00..672.49 rows=15283 width=48)
                                                                                                                                 ->  Append-only Columnar Scan on catalog_returns_1_prt_77  (cost=0.00..38.39 rows=213 width=48)
                                                                                                                                 ->  Append-only Columnar Scan on catalog_returns_1_prt_78  (cost=0.00..1.00 rows=1 width=64)
                                                                                                                                 ->  Append-only Columnar Scan on catalog_returns_1_prt_79  (cost=0.00..1.00 rows=1 width=64)
                                                                                                                                 ->  Append-only Columnar Scan on catalog_returns_1_prt_80  (cost=0.00..1.00 rows=1 width=64)
                                                                                                                     ->  Hash  (cost=1452.32..1452.32 rows=15 width=4)
                                                                                                                           ->  Broadcast Motion 3:3  (slice4; segments: 3)  (cost=0.00..1452.32 rows=15 width=4)
                                                                                                                                 ->  Seq Scan on date_dim date_dim_1  (cost=0.00..1451.73 rows=5 width=4)
                                                                                                                                       Filter: ((d_date >= '08-04-1998'::date) AND (d_date <= '08-18-1998'::date))
                                                                                                               ->  Hash  (cost=1662.00..1662.00 rows=30000 width=21)
                                                                                                                     ->  Broadcast Motion 3:3  (slice5; segments: 3)  (cost=0.00..1662.00 rows=30000 width=21)
                                                                                                                           ->  Seq Scan on catalog_page  (cost=0.00..462.00 rows=10000 width=21)
                                                                                 ->  Subquery Scan on wsr  (cost=0.00..0.54 rows=9 width=160)
                                                                                       ->  HashAggregate  (cost=8683399223.97..8683399224.51 rows=9 width=178)
                                                                                             Group Key: web_site.web_site_id
                                                                                             ->  Redistribute Motion 3:3  (slice10; segments: 3)  (cost=8683399222.82..8683399223.36 rows=9 width=178)
                                                                                                   Hash Key: web_site.web_site_id
                                                                                                   ->  HashAggregate  (cost=8683399222.82..8683399222.82 rows=9 width=178)
                                                                                                         Group Key: web_site.web_site_id
                                                                                                         ->  Hash Join  (cost=1481.60..8683399115.59 rows=2860 width=57)
                                                                                                               Hash Cond: (salesreturns_2.wsr_web_site_sk = web_site.web_site_sk)
                                                                                                               ->  Hash Join  (cost=1452.87..8683398008.25 rows=52952 width=44)
                                                                                                                     Hash Cond: (salesreturns_2.date_sk = date_dim_2.d_date_sk)
                                                                                                                     ->  Subquery Scan on salesreturns_2  (cost=0.00..8678444981.92 rows=263999197 width=48)
                                                                                                                           ->  Append  (cost=0.00..8670525006.03 rows=263999197 width=48)
                                                                                                                                 ->  Append-only Columnar Scan on web_sales_1_prt_outliers  (cost=0.00..2391.21 rows=59974 width=48)
                                                                                                                                 ->  Append-only Columnar Scan on web_sales_1_prt_2  (cost=0.00..94902.80 rows=2044794 width=48)
                                                                                                                                 ->  Append-only Columnar Scan on web_sales_1_prt_3  (cost=0.00..98794.40 rows=2129180 width=48)
                                                                                                                                 ->  Append-only Columnar Scan on web_sales_1_prt_4  (cost=0.00..95176.20 rows=2051340 width=48)
                                                                                                                                 ->  Append-only Columnar Scan on web_sales_1_prt_5  (cost=0.00..98886.20 rows=2130874 width=48)
                                                                                                                                 ->  Append-only Columnar Scan on web_sales_1_prt_6  (cost=0.00..98686.80 rows=2126394 width=48)
                                                                                                                                 ->  Append-only Columnar Scan on web_sales_1_prt_7  (cost=0.00..98900.30 rows=2131144 width=48)
                                                                                                                                 ->  Append-only Columnar Scan on web_sales_1_prt_8  (cost=0.00..98568.30 rows=2124144 width=48)
                                                                                                                                 ->  Append-only Columnar Scan on web_sales_1_prt_9  (cost=0.00..143675.40 rows=3096280 width=48)
                                                                                                                                 ->  Append-only Columnar Scan on web_sales_1_prt_10  (cost=0.00..224454.00 rows=4837567 width=48)
                                                                                                                                 ->  Append-only Columnar Scan on web_sales_1_prt_11  (cost=0.00..224538.00 rows=4838600 width=48)
                                                                                                                                 ->  Append-only Columnar Scan on web_sales_1_prt_12  (cost=0.00..232917.00 rows=5019700 width=48)
                                                                                                                                 ->  Append-only Columnar Scan on web_sales_1_prt_13  (cost=0.00..340347.00 rows=7335234 width=48)
                                                                                                                                 ->  Append-only Columnar Scan on web_sales_1_prt_14  (cost=0.00..339963.00 rows=7326700 width=48)
                                                                                                                                 ->  Append-only Columnar Scan on web_sales_1_prt_15  (cost=0.00..128058.80 rows=2759894 width=48)
                                                                                                                                 ->  Append-only Columnar Scan on web_sales_1_prt_16  (cost=0.00..98762.90 rows=2127930 width=48)
                                                                                                                                 ->  Append-only Columnar Scan on web_sales_1_prt_17  (cost=0.00..95130.30 rows=2049977 width=48)
                                                                                                                                 ->  Append-only Columnar Scan on web_sales_1_prt_18  (cost=0.00..98536.30 rows=2123477 width=48)
                                                                                                                                 ->  Append-only Columnar Scan on web_sales_1_prt_19  (cost=0.00..98763.80 rows=2128160 width=48)
                                                                                                                                 ->  Append-only Columnar Scan on web_sales_1_prt_20  (cost=0.00..98632.00 rows=2125534 width=48)
                                                                                                                                 ->  Append-only Columnar Scan on web_sales_1_prt_21  (cost=0.00..98600.90 rows=2124597 width=48)
                                                                                                                                 ->  Append-only Columnar Scan on web_sales_1_prt_22  (cost=0.00..139196.60 rows=2999954 width=48)
                                                                                                                                 ->  Append-only Columnar Scan on web_sales_1_prt_23  (cost=0.00..224702.00 rows=4842300 width=48)
                                                                                                                                 ->  Append-only Columnar Scan on web_sales_1_prt_24  (cost=0.00..224404.00 rows=4836067 width=48)
                                                                                                                                 ->  Append-only Columnar Scan on web_sales_1_prt_25  (cost=0.00..228579.00 rows=4926567 width=48)
                                                                                                                                 ->  Append-only Columnar Scan on web_sales_1_prt_26  (cost=0.00..340407.00 rows=7336234 width=48)
                                                                                                                                 ->  Append-only Columnar Scan on web_sales_1_prt_27  (cost=0.00..339824.00 rows=7323934 width=48)
                                                                                                                                 ->  Append-only Columnar Scan on web_sales_1_prt_28  (cost=0.00..136669.10 rows=2945270 width=48)
                                                                                                                                 ->  Append-only Columnar Scan on web_sales_1_prt_29  (cost=0.00..98265.40 rows=2117680 width=48)
                                                                                                                                 ->  Append-only Columnar Scan on web_sales_1_prt_30  (cost=0.00..98510.80 rows=2122894 width=48)
                                                                                                                                 ->  Append-only Columnar Scan on web_sales_1_prt_31  (cost=0.00..98626.80 rows=2125460 width=48)
                                                                                                                                 ->  Append-only Columnar Scan on web_sales_1_prt_32  (cost=0.00..98594.80 rows=2124860 width=48)
                                                                                                                                 ->  Append-only Columnar Scan on web_sales_1_prt_33  (cost=0.00..98426.60 rows=2121220 width=48)
                                                                                                                                 ->  Append-only Columnar Scan on web_sales_1_prt_34  (cost=0.00..98533.60 rows=2123320 width=48)
                                                                                                                                 ->  Append-only Columnar Scan on web_sales_1_prt_35  (cost=0.00..134141.00 rows=2890900 width=48)
                                                                                                                                 ->  Append-only Columnar Scan on web_sales_1_prt_36  (cost=0.00..224203.00 rows=4832167 width=48)
                                                                                                                                 ->  Append-only Columnar Scan on web_sales_1_prt_37  (cost=0.00..224486.00 rows=4838100 width=48)
                                                                                                                                 ->  Append-only Columnar Scan on web_sales_1_prt_38  (cost=0.00..224574.00 rows=4840000 width=48)
                                                                                                                                 ->  Append-only Columnar Scan on web_sales_1_prt_39  (cost=0.00..339843.00 rows=7323734 width=48)
                                                                                                                                 ->  Append-only Columnar Scan on web_sales_1_prt_40  (cost=0.00..339993.00 rows=7327400 width=48)
                                                                                                                                 ->  Append-only Columnar Scan on web_sales_1_prt_41  (cost=0.00..141767.90 rows=3054930 width=48)
                                                                                                                                 ->  Append-only Columnar Scan on web_sales_1_prt_42  (cost=0.00..98461.00 rows=2121867 width=48)
                                                                                                                                 ->  Append-only Columnar Scan on web_sales_1_prt_43  (cost=0.00..95277.50 rows=2053050 width=48)
                                                                                                                                 ->  Append-only Columnar Scan on web_sales_1_prt_44  (cost=0.00..98854.40 rows=2130480 width=48)
                                                                                                                                 ->  Append-only Columnar Scan on web_sales_1_prt_45  (cost=0.00..98738.70 rows=2127790 width=48)
                                                                                                                                 ->  Append-only Columnar Scan on web_sales_1_prt_46  (cost=0.00..98685.60 rows=2126654 width=48)
                                                                                                                                 ->  Append-only Columnar Scan on web_sales_1_prt_47  (cost=0.00..98998.50 rows=2133217 width=48)
                                                                                                                                 ->  Append-only Columnar Scan on web_sales_1_prt_48  (cost=0.00..125716.80 rows=2709260 width=48)
                                                                                                                                 ->  Append-only Columnar Scan on web_sales_1_prt_49  (cost=0.00..224729.00 rows=4843367 width=48)
                                                                                                                                 ->  Append-only Columnar Scan on web_sales_1_prt_50  (cost=0.00..224641.00 rows=4841034 width=48)
                                                                                                                                 ->  Append-only Columnar Scan on web_sales_1_prt_51  (cost=0.00..224630.00 rows=4841267 width=48)
                                                                                                                                 ->  Append-only Columnar Scan on web_sales_1_prt_52  (cost=0.00..332139.00 rows=7158600 width=48)
                                                                                                                                 ->  Append-only Columnar Scan on web_sales_1_prt_53  (cost=0.00..340420.00 rows=7336634 width=48)
                                                                                                                                 ->  Append-only Columnar Scan on web_sales_1_prt_54  (cost=0.00..162712.00 rows=3506534 width=48)
                                                                                                                                 ->  Append-only Columnar Scan on web_sales_1_prt_55  (cost=0.00..98867.20 rows=2130440 width=48)
                                                                                                                                 ->  Append-only Columnar Scan on web_sales_1_prt_56  (cost=0.00..95121.00 rows=2049967 width=48)
                                                                                                                                 ->  Append-only Columnar Scan on web_sales_1_prt_57  (cost=0.00..98600.60 rows=2124820 width=48)
                                                                                                                                 ->  Append-only Columnar Scan on web_sales_1_prt_58  (cost=0.00..98639.10 rows=2125604 width=48)
                                                                                                                                 ->  Append-only Columnar Scan on web_sales_1_prt_59  (cost=0.00..98591.40 rows=2124880 width=48)
                                                                                                                                 ->  Append-only Columnar Scan on web_sales_1_prt_60  (cost=0.00..98868.30 rows=2130610 width=48)
                                                                                                                                 ->  Append-only Columnar Scan on web_sales_1_prt_61  (cost=0.00..121113.60 rows=2609954 width=48)
                                                                                                                                 ->  Append-only Columnar Scan on web_sales_1_prt_62  (cost=0.00..224388.00 rows=4835634 width=48)
                                                                                                                                 ->  Append-only Columnar Scan on web_sales_1_prt_63  (cost=0.00..224495.00 rows=4837834 width=48)
                                                                                                                                 ->  Append-only Columnar Scan on web_sales_1_prt_64  (cost=0.00..224520.00 rows=4838767 width=48)
                                                                                                                                 ->  Append-only Columnar Scan on web_sales_1_prt_65  (cost=0.00..328357.00 rows=7076767 width=48)
                                                                                                                                 ->  Append-only Columnar Scan on web_sales_1_prt_66  (cost=0.00..340970.00 rows=7348567 width=48)
                                                                                                                                 ->  Append-only Columnar Scan on web_sales_1_prt_67  (cost=0.00..97070.40 rows=2091947 width=48)
                                                                                                                                 ->  Append-only Columnar Scan on web_sales_1_prt_68  (cost=0.00..1.00 rows=1 width=64)
                                                                                                                                 ->  Append-only Columnar Scan on web_sales_1_prt_69  (cost=0.00..1.00 rows=1 width=64)
                                                                                                                                 ->  Append-only Columnar Scan on web_sales_1_prt_70  (cost=0.00..1.00 rows=1 width=64)
                                                                                                                                 ->  Append-only Columnar Scan on web_sales_1_prt_71  (cost=0.00..1.00 rows=1 width=64)
                                                                                                                                 ->  Append-only Columnar Scan on web_sales_1_prt_72  (cost=0.00..1.00 rows=1 width=64)
                                                                                                                                 ->  Append-only Columnar Scan on web_sales_1_prt_73  (cost=0.00..1.00 rows=1 width=64)
                                                                                                                                 ->  Append-only Columnar Scan on web_sales_1_prt_74  (cost=0.00..1.00 rows=1 width=64)
                                                                                                                                 ->  Append-only Columnar Scan on web_sales_1_prt_75  (cost=0.00..1.00 rows=1 width=64)
                                                                                                                                 ->  Append-only Columnar Scan on web_sales_1_prt_76  (cost=0.00..1.00 rows=1 width=64)
                                                                                                                                 ->  Append-only Columnar Scan on web_sales_1_prt_77  (cost=0.00..1.00 rows=1 width=64)
                                                                                                                                 ->  Append-only Columnar Scan on web_sales_1_prt_78  (cost=0.00..1.00 rows=1 width=64)
                                                                                                                                 ->  Append-only Columnar Scan on web_sales_1_prt_79  (cost=0.00..1.00 rows=1 width=64)
                                                                                                                                 ->  Append-only Columnar Scan on web_sales_1_prt_80  (cost=0.00..1.00 rows=1 width=64)
                                                                                                                                 ->  Hash Right Join  (cost=3503156.53..8658668979.27 rows=23999182 width=20)
                                                                                                                                       Hash Cond: ((web_sales_1_prt_outliers_1.ws_item_sk = web_returns_1_prt_outliers.wr_item_sk) AND (web_sales_1_prt_outliers_1.ws_order_number = web_returns_1_prt_outliers.wr_order_number))
                                                                                                                                       ->  Append  (cost=0.00..11136051.31 rows=240000015 width=12)
                                                                                                                                             ->  Append-only Columnar Scan on web_sales_1_prt_outliers web_sales_1_prt_outliers_1  (cost=0.00..2391.21 rows=59974 width=12)
                                                                                                                                             ->  Append-only Columnar Scan on web_sales_1_prt_2 web_sales_1_prt_2_1  (cost=0.00..94902.80 rows=2044794 width=12)
                                                                                                                                             ->  Append-only Columnar Scan on web_sales_1_prt_3 web_sales_1_prt_3_1  (cost=0.00..98794.40 rows=2129180 width=12)
                                                                                                                                             ->  Append-only Columnar Scan on web_sales_1_prt_4 web_sales_1_prt_4_1  (cost=0.00..95176.20 rows=2051340 width=12)
                                                                                                                                             ->  Append-only Columnar Scan on web_sales_1_prt_5 web_sales_1_prt_5_1  (cost=0.00..98886.20 rows=2130874 width=12)
                                                                                                                                             ->  Append-only Columnar Scan on web_sales_1_prt_6 web_sales_1_prt_6_1  (cost=0.00..98686.80 rows=2126394 width=12)
                                                                                                                                             ->  Append-only Columnar Scan on web_sales_1_prt_7 web_sales_1_prt_7_1  (cost=0.00..98900.30 rows=2131144 width=12)
                                                                                                                                             ->  Append-only Columnar Scan on web_sales_1_prt_8 web_sales_1_prt_8_1  (cost=0.00..98568.30 rows=2124144 width=12)
                                                                                                                                             ->  Append-only Columnar Scan on web_sales_1_prt_9 web_sales_1_prt_9_1  (cost=0.00..143675.40 rows=3096280 width=12)
                                                                                                                                             ->  Append-only Columnar Scan on web_sales_1_prt_10 web_sales_1_prt_10_1  (cost=0.00..224454.00 rows=4837567 width=12)
                                                                                                                                             ->  Append-only Columnar Scan on web_sales_1_prt_11 web_sales_1_prt_11_1  (cost=0.00..224538.00 rows=4838600 width=12)
                                                                                                                                             ->  Append-only Columnar Scan on web_sales_1_prt_12 web_sales_1_prt_12_1  (cost=0.00..232917.00 rows=5019700 width=12)
                                                                                                                                             ->  Append-only Columnar Scan on web_sales_1_prt_13 web_sales_1_prt_13_1  (cost=0.00..340347.00 rows=7335234 width=12)
                                                                                                                                             ->  Append-only Columnar Scan on web_sales_1_prt_14 web_sales_1_prt_14_1  (cost=0.00..339963.00 rows=7326700 width=12)
                                                                                                                                             ->  Append-only Columnar Scan on web_sales_1_prt_15 web_sales_1_prt_15_1  (cost=0.00..128058.80 rows=2759894 width=12)
                                                                                                                                             ->  Append-only Columnar Scan on web_sales_1_prt_16 web_sales_1_prt_16_1  (cost=0.00..98762.90 rows=2127930 width=12)
                                                                                                                                             ->  Append-only Columnar Scan on web_sales_1_prt_17 web_sales_1_prt_17_1  (cost=0.00..95130.30 rows=2049977 width=12)
                                                                                                                                             ->  Append-only Columnar Scan on web_sales_1_prt_18 web_sales_1_prt_18_1  (cost=0.00..98536.30 rows=2123477 width=12)
                                                                                                                                             ->  Append-only Columnar Scan on web_sales_1_prt_19 web_sales_1_prt_19_1  (cost=0.00..98763.80 rows=2128160 width=12)
                                                                                                                                             ->  Append-only Columnar Scan on web_sales_1_prt_20 web_sales_1_prt_20_1  (cost=0.00..98632.00 rows=2125534 width=12)
                                                                                                                                             ->  Append-only Columnar Scan on web_sales_1_prt_21 web_sales_1_prt_21_1  (cost=0.00..98600.90 rows=2124597 width=12)
                                                                                                                                             ->  Append-only Columnar Scan on web_sales_1_prt_22 web_sales_1_prt_22_1  (cost=0.00..139196.60 rows=2999954 width=12)
                                                                                                                                             ->  Append-only Columnar Scan on web_sales_1_prt_23 web_sales_1_prt_23_1  (cost=0.00..224702.00 rows=4842300 width=12)
                                                                                                                                             ->  Append-only Columnar Scan on web_sales_1_prt_24 web_sales_1_prt_24_1  (cost=0.00..224404.00 rows=4836067 width=12)
                                                                                                                                             ->  Append-only Columnar Scan on web_sales_1_prt_25 web_sales_1_prt_25_1  (cost=0.00..228579.00 rows=4926567 width=12)
                                                                                                                                             ->  Append-only Columnar Scan on web_sales_1_prt_26 web_sales_1_prt_26_1  (cost=0.00..340407.00 rows=7336234 width=12)
                                                                                                                                             ->  Append-only Columnar Scan on web_sales_1_prt_27 web_sales_1_prt_27_1  (cost=0.00..339824.00 rows=7323934 width=12)
                                                                                                                                             ->  Append-only Columnar Scan on web_sales_1_prt_28 web_sales_1_prt_28_1  (cost=0.00..136669.10 rows=2945270 width=12)
                                                                                                                                             ->  Append-only Columnar Scan on web_sales_1_prt_29 web_sales_1_prt_29_1  (cost=0.00..98265.40 rows=2117680 width=12)
                                                                                                                                             ->  Append-only Columnar Scan on web_sales_1_prt_30 web_sales_1_prt_30_1  (cost=0.00..98510.80 rows=2122894 width=12)
                                                                                                                                             ->  Append-only Columnar Scan on web_sales_1_prt_31 web_sales_1_prt_31_1  (cost=0.00..98626.80 rows=2125460 width=12)
                                                                                                                                             ->  Append-only Columnar Scan on web_sales_1_prt_32 web_sales_1_prt_32_1  (cost=0.00..98594.80 rows=2124860 width=12)
                                                                                                                                             ->  Append-only Columnar Scan on web_sales_1_prt_33 web_sales_1_prt_33_1  (cost=0.00..98426.60 rows=2121220 width=12)
                                                                                                                                             ->  Append-only Columnar Scan on web_sales_1_prt_34 web_sales_1_prt_34_1  (cost=0.00..98533.60 rows=2123320 width=12)
                                                                                                                                             ->  Append-only Columnar Scan on web_sales_1_prt_35 web_sales_1_prt_35_1  (cost=0.00..134141.00 rows=2890900 width=12)
                                                                                                                                             ->  Append-only Columnar Scan on web_sales_1_prt_36 web_sales_1_prt_36_1  (cost=0.00..224203.00 rows=4832167 width=12)
                                                                                                                                             ->  Append-only Columnar Scan on web_sales_1_prt_37 web_sales_1_prt_37_1  (cost=0.00..224486.00 rows=4838100 width=12)
                                                                                                                                             ->  Append-only Columnar Scan on web_sales_1_prt_38 web_sales_1_prt_38_1  (cost=0.00..224574.00 rows=4840000 width=12)
                                                                                                                                             ->  Append-only Columnar Scan on web_sales_1_prt_39 web_sales_1_prt_39_1  (cost=0.00..339843.00 rows=7323734 width=12)
                                                                                                                                             ->  Append-only Columnar Scan on web_sales_1_prt_40 web_sales_1_prt_40_1  (cost=0.00..339993.00 rows=7327400 width=12)
                                                                                                                                             ->  Append-only Columnar Scan on web_sales_1_prt_41 web_sales_1_prt_41_1  (cost=0.00..141767.90 rows=3054930 width=12)
                                                                                                                                             ->  Append-only Columnar Scan on web_sales_1_prt_42 web_sales_1_prt_42_1  (cost=0.00..98461.00 rows=2121867 width=12)
                                                                                                                                             ->  Append-only Columnar Scan on web_sales_1_prt_43 web_sales_1_prt_43_1  (cost=0.00..95277.50 rows=2053050 width=12)
                                                                                                                                             ->  Append-only Columnar Scan on web_sales_1_prt_44 web_sales_1_prt_44_1  (cost=0.00..98854.40 rows=2130480 width=12)
                                                                                                                                             ->  Append-only Columnar Scan on web_sales_1_prt_45 web_sales_1_prt_45_1  (cost=0.00..98738.70 rows=2127790 width=12)
                                                                                                                                             ->  Append-only Columnar Scan on web_sales_1_prt_46 web_sales_1_prt_46_1  (cost=0.00..98685.60 rows=2126654 width=12)
                                                                                                                                             ->  Append-only Columnar Scan on web_sales_1_prt_47 web_sales_1_prt_47_1  (cost=0.00..98998.50 rows=2133217 width=12)
                                                                                                                                             ->  Append-only Columnar Scan on web_sales_1_prt_48 web_sales_1_prt_48_1  (cost=0.00..125716.80 rows=2709260 width=12)
                                                                                                                                             ->  Append-only Columnar Scan on web_sales_1_prt_49 web_sales_1_prt_49_1  (cost=0.00..224729.00 rows=4843367 width=12)
                                                                                                                                             ->  Append-only Columnar Scan on web_sales_1_prt_50 web_sales_1_prt_50_1  (cost=0.00..224641.00 rows=4841034 width=12)
                                                                                                                                             ->  Append-only Columnar Scan on web_sales_1_prt_51 web_sales_1_prt_51_1  (cost=0.00..224630.00 rows=4841267 width=12)
                                                                                                                                             ->  Append-only Columnar Scan on web_sales_1_prt_52 web_sales_1_prt_52_1  (cost=0.00..332139.00 rows=7158600 width=12)
                                                                                                                                             ->  Append-only Columnar Scan on web_sales_1_prt_53 web_sales_1_prt_53_1  (cost=0.00..340420.00 rows=7336634 width=12)
                                                                                                                                             ->  Append-only Columnar Scan on web_sales_1_prt_54 web_sales_1_prt_54_1  (cost=0.00..162712.00 rows=3506534 width=12)
                                                                                                                                             ->  Append-only Columnar Scan on web_sales_1_prt_55 web_sales_1_prt_55_1  (cost=0.00..98867.20 rows=2130440 width=12)
                                                                                                                                             ->  Append-only Columnar Scan on web_sales_1_prt_56 web_sales_1_prt_56_1  (cost=0.00..95121.00 rows=2049967 width=12)
                                                                                                                                             ->  Append-only Columnar Scan on web_sales_1_prt_57 web_sales_1_prt_57_1  (cost=0.00..98600.60 rows=2124820 width=12)
                                                                                                                                             ->  Append-only Columnar Scan on web_sales_1_prt_58 web_sales_1_prt_58_1  (cost=0.00..98639.10 rows=2125604 width=12)
                                                                                                                                             ->  Append-only Columnar Scan on web_sales_1_prt_59 web_sales_1_prt_59_1  (cost=0.00..98591.40 rows=2124880 width=12)
                                                                                                                                             ->  Append-only Columnar Scan on web_sales_1_prt_60 web_sales_1_prt_60_1  (cost=0.00..98868.30 rows=2130610 width=12)
                                                                                                                                             ->  Append-only Columnar Scan on web_sales_1_prt_61 web_sales_1_prt_61_1  (cost=0.00..121113.60 rows=2609954 width=12)
                                                                                                                                             ->  Append-only Columnar Scan on web_sales_1_prt_62 web_sales_1_prt_62_1  (cost=0.00..224388.00 rows=4835634 width=12)
                                                                                                                                             ->  Append-only Columnar Scan on web_sales_1_prt_63 web_sales_1_prt_63_1  (cost=0.00..224495.00 rows=4837834 width=12)
                                                                                                                                             ->  Append-only Columnar Scan on web_sales_1_prt_64 web_sales_1_prt_64_1  (cost=0.00..224520.00 rows=4838767 width=12)
                                                                                                                                             ->  Append-only Columnar Scan on web_sales_1_prt_65 web_sales_1_prt_65_1  (cost=0.00..328357.00 rows=7076767 width=12)
                                                                                                                                             ->  Append-only Columnar Scan on web_sales_1_prt_66 web_sales_1_prt_66_1  (cost=0.00..340970.00 rows=7348567 width=12)
                                                                                                                                             ->  Append-only Columnar Scan on web_sales_1_prt_67 web_sales_1_prt_67_1  (cost=0.00..97070.40 rows=2091947 width=12)
                                                                                                                                             ->  Append-only Columnar Scan on web_sales_1_prt_68 web_sales_1_prt_68_1  (cost=0.00..1.00 rows=1 width=12)
                                                                                                                                             ->  Append-only Columnar Scan on web_sales_1_prt_69 web_sales_1_prt_69_1  (cost=0.00..1.00 rows=1 width=12)
                                                                                                                                             ->  Append-only Columnar Scan on web_sales_1_prt_70 web_sales_1_prt_70_1  (cost=0.00..1.00 rows=1 width=12)
                                                                                                                                             ->  Append-only Columnar Scan on web_sales_1_prt_71 web_sales_1_prt_71_1  (cost=0.00..1.00 rows=1 width=12)
                                                                                                                                             ->  Append-only Columnar Scan on web_sales_1_prt_72 web_sales_1_prt_72_1  (cost=0.00..1.00 rows=1 width=12)
                                                                                                                                             ->  Append-only Columnar Scan on web_sales_1_prt_73 web_sales_1_prt_73_1  (cost=0.00..1.00 rows=1 width=12)
                                                                                                                                             ->  Append-only Columnar Scan on web_sales_1_prt_74 web_sales_1_prt_74_1  (cost=0.00..1.00 rows=1 width=12)
                                                                                                                                             ->  Append-only Columnar Scan on web_sales_1_prt_75 web_sales_1_prt_75_1  (cost=0.00..1.00 rows=1 width=12)
                                                                                                                                             ->  Append-only Columnar Scan on web_sales_1_prt_76 web_sales_1_prt_76_1  (cost=0.00..1.00 rows=1 width=12)
                                                                                                                                             ->  Append-only Columnar Scan on web_sales_1_prt_77 web_sales_1_prt_77_1  (cost=0.00..1.00 rows=1 width=12)
                                                                                                                                             ->  Append-only Columnar Scan on web_sales_1_prt_78 web_sales_1_prt_78_1  (cost=0.00..1.00 rows=1 width=12)
                                                                                                                                             ->  Append-only Columnar Scan on web_sales_1_prt_79 web_sales_1_prt_79_1  (cost=0.00..1.00 rows=1 width=12)
                                                                                                                                             ->  Append-only Columnar Scan on web_sales_1_prt_80 web_sales_1_prt_80_1  (cost=0.00..1.00 rows=1 width=12)
                                                                                                                                       ->  Hash  (cost=2423193.35..2423193.35 rows=23999182 width=24)
                                                                                                                                             ->  Redistribute Motion 3:3  (slice7; segments: 3)  (cost=0.00..2423193.35 rows=23999182 width=24)
                                                                                                                                                   Hash Key: web_returns_1_prt_outliers.wr_item_sk, web_returns_1_prt_outliers.wr_order_number
                                                                                                                                                   ->  Append  (cost=0.00..983242.45 rows=23999182 width=24)
                                                                                                                                                         ->  Append-only Columnar Scan on web_returns_1_prt_outliers  (cost=0.00..38893.60 rows=1079754 width=24)
                                                                                                                                                         ->  Append-only Columnar Scan on web_returns_1_prt_2  (cost=0.00..51.87 rows=663 width=24)
                                                                                                                                                         ->  Append-only Columnar Scan on web_returns_1_prt_3  (cost=0.00..243.39 rows=5547 width=24)
                                                                                                                                                         ->  Append-only Columnar Scan on web_returns_1_prt_4  (cost=0.00..672.62 rows=16021 width=24)
                                                                                                                                                         ->  Append-only Columnar Scan on web_returns_1_prt_5  (cost=0.00..1337.96 rows=31999 width=24)
                                                                                                                                                         ->  Append-only Columnar Scan on web_returns_1_prt_6  (cost=0.00..2194.10 rows=52937 width=24)
                                                                                                                                                         ->  Append-only Columnar Scan on web_returns_1_prt_7  (cost=0.00..3165.94 rows=76598 width=24)
                                                                                                                                                         ->  Append-only Columnar Scan on web_returns_1_prt_8  (cost=0.00..4149.44 rows=100482 width=24)
                                                                                                                                                         ->  Append-only Columnar Scan on web_returns_1_prt_9  (cost=0.00..5123.76 rows=124092 width=24)
                                                                                                                                                         ->  Append-only Columnar Scan on web_returns_1_prt_10  (cost=0.00..6205.45 rows=150449 width=24)
                                                                                                                                                         ->  Append-only Columnar Scan on web_returns_1_prt_11  (cost=0.00..7467.74 rows=181092 width=24)
                                                                                                                                                         ->  Append-only Columnar Scan on web_returns_1_prt_12  (cost=0.00..8787.18 rows=213173 width=24)
                                                                                                                                                         ->  Append-only Columnar Scan on web_returns_1_prt_13  (cost=0.00..10246.69 rows=248690 width=24)
                                                                                                                                                         ->  Append-only Columnar Scan on web_returns_1_prt_14  (cost=0.00..11962.54 rows=290352 width=24)
                                                                                                                                                         ->  Append-only Columnar Scan on web_returns_1_prt_15  (cost=0.00..13706.59 rows=332753 width=24)
                                                                                                                                                         ->  Append-only Columnar Scan on web_returns_1_prt_16  (cost=0.00..15323.50 rows=371984 width=24)
                                                                                                                                                         ->  Append-only Columnar Scan on web_returns_1_prt_17  (cost=0.00..16613.80 rows=403427 width=24)
                                                                                                                                                         ->  Append-only Columnar Scan on web_returns_1_prt_18  (cost=0.00..17449.40 rows=423747 width=24)
                                                                                                                                                         ->  Append-only Columnar Scan on web_returns_1_prt_19  (cost=0.00..17450.10 rows=423704 width=24)
                                                                                                                                                         ->  Append-only Columnar Scan on web_returns_1_prt_20  (cost=0.00..16964.80 rows=411894 width=24)
                                                                                                                                                         ->  Append-only Columnar Scan on web_returns_1_prt_21  (cost=0.00..16132.20 rows=391674 width=24)
                                                                                                                                                         ->  Append-only Columnar Scan on web_returns_1_prt_22  (cost=0.00..14907.70 rows=361924 width=24)
                                                                                                                                                         ->  Append-only Columnar Scan on web_returns_1_prt_23  (cost=0.00..13378.79 rows=324693 width=24)
                                                                                                                                                         ->  Append-only Columnar Scan on web_returns_1_prt_24  (cost=0.00..12047.21 rows=292341 width=24)
                                                                                                                                                         ->  Append-only Columnar Scan on web_returns_1_prt_25  (cost=0.00..11228.09 rows=272470 width=24)
                                                                                                                                                         ->  Append-only Columnar Scan on web_returns_1_prt_26  (cost=0.00..11109.92 rows=269631 width=24)
                                                                                                                                                         ->  Append-only Columnar Scan on web_returns_1_prt_27  (cost=0.00..12030.70 rows=291957 width=24)
                                                                                                                                                         ->  Append-only Columnar Scan on web_returns_1_prt_28  (cost=0.00..13656.34 rows=331512 width=24)
                                                                                                                                                         ->  Append-only Columnar Scan on web_returns_1_prt_29  (cost=0.00..15310.30 rows=371677 width=24)
                                                                                                                                                         ->  Append-only Columnar Scan on web_returns_1_prt_30  (cost=0.00..16610.30 rows=403277 width=24)
                                                                                                                                                         ->  Append-only Columnar Scan on web_returns_1_prt_31  (cost=0.00..17417.80 rows=422960 width=24)
                                                                                                                                                         ->  Append-only Columnar Scan on web_returns_1_prt_32  (cost=0.00..17462.40 rows=423914 width=24)
                                                                                                                                                         ->  Append-only Columnar Scan on web_returns_1_prt_33  (cost=0.00..16977.10 rows=412204 width=24)
                                                                                                                                                         ->  Append-only Columnar Scan on web_returns_1_prt_34  (cost=0.00..16214.80 rows=393694 width=24)
                                                                                                                                                         ->  Append-only Columnar Scan on web_returns_1_prt_35  (cost=0.00..14996.10 rows=364070 width=24)
                                                                                                                                                         ->  Append-only Columnar Scan on web_returns_1_prt_36  (cost=0.00..13465.95 rows=326865 width=24)
                                                                                                                                                         ->  Append-only Columnar Scan on web_returns_1_prt_37  (cost=0.00..12069.06 rows=292936 width=24)
                                                                                                                                                         ->  Append-only Columnar Scan on web_returns_1_prt_38  (cost=0.00..11277.57 rows=273619 width=24)
                                                                                                                                                         ->  Append-only Columnar Scan on web_returns_1_prt_39  (cost=0.00..11095.59 rows=269287 width=24)
                                                                                                                                                         ->  Append-only Columnar Scan on web_returns_1_prt_40  (cost=0.00..11960.13 rows=290238 width=24)
                                                                                                                                                         ->  Append-only Columnar Scan on web_returns_1_prt_41  (cost=0.00..13588.95 rows=329865 width=24)
                                                                                                                                                         ->  Append-only Columnar Scan on web_returns_1_prt_42  (cost=0.00..15197.90 rows=368897 width=24)
                                                                                                                                                         ->  Append-only Columnar Scan on web_returns_1_prt_43  (cost=0.00..16516.40 rows=401014 width=24)
                                                                                                                                                         ->  Append-only Columnar Scan on web_returns_1_prt_44  (cost=0.00..17313.10 rows=420337 width=24)
                                                                                                                                                         ->  Append-only Columnar Scan on web_returns_1_prt_45  (cost=0.00..17436.40 rows=423380 width=24)
                                                                                                                                                         ->  Append-only Columnar Scan on web_returns_1_prt_46  (cost=0.00..16959.40 rows=411714 width=24)
                                                                                                                                                         ->  Append-only Columnar Scan on web_returns_1_prt_47  (cost=0.00..16178.70 rows=392790 width=24)
                                                                                                                                                         ->  Append-only Columnar Scan on web_returns_1_prt_48  (cost=0.00..14974.00 rows=363534 width=24)
                                                                                                                                                         ->  Append-only Columnar Scan on web_returns_1_prt_49  (cost=0.00..13451.19 rows=326507 width=24)
                                                                                                                                                         ->  Append-only Columnar Scan on web_returns_1_prt_50  (cost=0.00..12077.63 rows=293188 width=24)
                                                                                                                                                         ->  Append-only Columnar Scan on web_returns_1_prt_51  (cost=0.00..11199.36 rows=271779 width=24)
                                                                                                                                                         ->  Append-only Columnar Scan on web_returns_1_prt_52  (cost=0.00..11055.33 rows=268278 width=24)
                                                                                                                                                         ->  Append-only Columnar Scan on web_returns_1_prt_53  (cost=0.00..11851.16 rows=287672 width=24)
                                                                                                                                                         ->  Append-only Columnar Scan on web_returns_1_prt_54  (cost=0.00..13492.27 rows=327476 width=24)
                                                                                                                                                         ->  Append-only Columnar Scan on web_returns_1_prt_55  (cost=0.00..15119.10 rows=367037 width=24)
                                                                                                                                                         ->  Append-only Columnar Scan on web_returns_1_prt_56  (cost=0.00..16452.40 rows=399414 width=24)
                                                                                                                                                         ->  Append-only Columnar Scan on web_returns_1_prt_57  (cost=0.00..17332.10 rows=420837 width=24)
                                                                                                                                                         ->  Append-only Columnar Scan on web_returns_1_prt_58  (cost=0.00..17526.30 rows=425544 width=24)
                                                                                                                                                         ->  Append-only Columnar Scan on web_returns_1_prt_59  (cost=0.00..17030.00 rows=413467 width=24)
                                                                                                                                                         ->  Append-only Columnar Scan on web_returns_1_prt_60  (cost=0.00..16294.00 rows=395634 width=24)
                                                                                                                                                         ->  Append-only Columnar Scan on web_returns_1_prt_61  (cost=0.00..15121.60 rows=367087 width=24)
                                                                                                                                                         ->  Append-only Columnar Scan on web_returns_1_prt_62  (cost=0.00..13616.65 rows=330622 width=24)
                                                                                                                                                         ->  Append-only Columnar Scan on web_returns_1_prt_63  (cost=0.00..12209.64 rows=296355 width=24)
                                                                                                                                                         ->  Append-only Columnar Scan on web_returns_1_prt_64  (cost=0.00..11321.38 rows=274746 width=24)
                                                                                                                                                         ->  Append-only Columnar Scan on web_returns_1_prt_65  (cost=0.00..11070.08 rows=268603 width=24)
                                                                                                                                                         ->  Append-only Columnar Scan on web_returns_1_prt_66  (cost=0.00..11802.27 rows=286443 width=24)
                                                                                                                                                         ->  Append-only Columnar Scan on web_returns_1_prt_67  (cost=0.00..13397.43 rows=325215 width=24)
                                                                                                                                                         ->  Append-only Columnar Scan on web_returns_1_prt_68  (cost=0.00..14873.40 rows=361080 width=24)
                                                                                                                                                         ->  Append-only Columnar Scan on web_returns_1_prt_69  (cost=0.00..15860.80 rows=385127 width=24)
                                                                                                                                                         ->  Append-only Columnar Scan on web_returns_1_prt_70  (cost=0.00..16127.10 rows=391604 width=24)
                                                                                                                                                         ->  Append-only Columnar Scan on web_returns_1_prt_71  (cost=0.00..15525.80 rows=376927 width=24)
                                                                                                                                                         ->  Append-only Columnar Scan on web_returns_1_prt_72  (cost=0.00..14130.60 rows=342987 width=24)
                                                                                                                                                         ->  Append-only Columnar Scan on web_returns_1_prt_73  (cost=0.00..12407.21 rows=301141 width=24)
                                                                                                                                                         ->  Append-only Columnar Scan on web_returns_1_prt_74  (cost=0.00..10303.48 rows=250016 width=24)
                                                                                                                                                         ->  Append-only Columnar Scan on web_returns_1_prt_75  (cost=0.00..7747.34 rows=187845 width=24)
                                                                                                                                                         ->  Append-only Columnar Scan on web_returns_1_prt_76  (cost=0.00..5077.79 rows=123060 width=24)
                                                                                                                                                         ->  Append-only Columnar Scan on web_returns_1_prt_77  (cost=0.00..2838.35 rows=68612 width=24)
                                                                                                                                                         ->  Append-only Columnar Scan on web_returns_1_prt_78  (cost=0.00..1156.60 rows=27854 width=24)
                                                                                                                                                         ->  Append-only Columnar Scan on web_returns_1_prt_79  (cost=0.00..222.03 rows=5201 width=24)
                                                                                                                                                         ->  Append-only Columnar Scan on web_returns_1_prt_80  (cost=0.00..28.69 rows=23 width=24)
                                                                                                                     ->  Hash  (cost=1452.32..1452.32 rows=15 width=4)
                                                                                                                           ->  Broadcast Motion 3:3  (slice8; segments: 3)  (cost=0.00..1452.32 rows=15 width=4)
                                                                                                                                 ->  Seq Scan on date_dim date_dim_2  (cost=0.00..1451.73 rows=5 width=4)
                                                                                                                                       Filter: ((d_date >= '08-04-1998'::date) AND (d_date <= '08-18-1998'::date))
                                                                                                               ->  Hash  (cost=26.70..26.70 rows=54 width=21)
                                                                                                                     ->  Broadcast Motion 3:3  (slice9; segments: 3)  (cost=0.00..26.70 rows=54 width=21)
                                                                                                                           ->  Seq Scan on web_site  (cost=0.00..24.54 rows=18 width=21)
 Planning time: 123.067 ms
 Optimizer: legacy query optimizer
(651 rows)

-- end query 1 in stream 0 using template query5.tpl
