-- start query 1 in stream 0 using template query6.tpl
explain
select  a.ca_state state, count(*) cnt
 from customer_address a
     ,customer c
     ,store_sales s
     ,date_dim d
     ,item i
 where       a.ca_address_sk = c.c_current_addr_sk
 	and c.c_customer_sk = s.ss_customer_sk
 	and s.ss_sold_date_sk = d.d_date_sk
 	and s.ss_item_sk = i.i_item_sk
 	and d.d_month_seq = 
 	     (select distinct (d_month_seq)
 	      from date_dim
               where d_year = 2000
 	        and d_moy = 2 )
 	and i.i_current_price > 1.2 * 
             (select avg(j.i_current_price) 
 	     from item j 
 	     where j.i_category = i.i_category)
 group by a.ca_state
 having count(*) >= 10
 order by cnt 
 limit 100;
                                                                                                   QUERY PLAN                                                                                                    
-----------------------------------------------------------------------------------------------------------------------------------------------------------------------------------------------------------------
 Limit  (cost=2451582284.48..2451582284.84 rows=16 width=20)
   InitPlan 1 (returns $0)  (slice10)
     ->  Gather Motion 3:1  (slice9; segments: 3)  (cost=1452.12..1452.16 rows=4 width=4)
           ->  HashAggregate  (cost=1452.12..1452.16 rows=2 width=4)
                 Group Key: date_dim.d_month_seq
                 ->  Redistribute Motion 3:3  (slice8; segments: 3)  (cost=1451.99..1452.07 rows=2 width=4)
                       Hash Key: date_dim.d_month_seq
                       ->  HashAggregate  (cost=1451.99..1451.99 rows=2 width=4)
                             Group Key: date_dim.d_month_seq
                             ->  Seq Scan on date_dim  (cost=0.00..1451.73 rows=34 width=4)
                                   Filter: ((d_year = 2000) AND (d_moy = 2))
   ->  Gather Motion 3:1  (slice7; segments: 3)  (cost=2451580832.32..2451580832.68 rows=16 width=20)
         Merge Key: (count((count(*))))
         ->  Limit  (cost=2451580832.32..2451580832.36 rows=6 width=20)
               ->  Sort  (cost=2451580832.32..2451580832.36 rows=6 width=20)
                     Sort Key: (count((count(*))))
                     ->  HashAggregate  (cost=2451580831.80..2451580832.00 rows=6 width=20)
                           Group Key: a.ca_state
                           Filter: (count((count(*))) >= 10)
                           ->  Redistribute Motion 3:3  (slice6; segments: 3)  (cost=2451580831.20..2451580831.52 rows=6 width=20)
                                 Hash Key: a.ca_state
                                 ->  HashAggregate  (cost=2451580831.20..2451580831.20 rows=6 width=20)
                                       Group Key: a.ca_state
                                       ->  Hash Join  (cost=58015528.47..2451580831.07 rows=6 width=3)
                                             Hash Cond: (c.c_current_addr_sk = a.ca_address_sk)
                                             ->  Redistribute Motion 3:3  (slice5; segments: 3)  (cost=57854617.70..2451419919.97 rows=6 width=4)
                                                   Hash Key: c.c_current_addr_sk
                                                   ->  Hash Join  (cost=57854617.70..2451419919.63 rows=6 width=4)
                                                         Hash Cond: (s.ss_customer_sk = c.c_customer_sk)
                                                         ->  Redistribute Motion 3:3  (slice4; segments: 3)  (cost=57525836.95..2451091138.43 rows=6 width=4)
                                                               Hash Key: s.ss_customer_sk
                                                               ->  Hash Join  (cost=57525836.95..2451091138.10 rows=6 width=4)
                                                                     Hash Cond: (i.i_item_sk = s.ss_item_sk)
                                                                     ->  Seq Scan on item i  (cost=0.00..2393564926.92 rows=33250 width=4)
                                                                           Filter: (i_current_price > (1.2 * (SubPlan 2)))
                                                                           SubPlan 2  (slice4; segments: 3)
                                                                             ->  Aggregate  (cost=7998.59..7998.60 rows=1 width=32)
                                                                                   ->  Result  (cost=0.00..6878.88 rows=9953 width=6)
                                                                                         Filter: ((j.i_category)::text = (i.i_category)::text)
                                                                                         ->  Materialize  (cost=0.00..6878.88 rows=9953 width=6)
                                                                                               ->  Broadcast Motion 3:3  (slice1; segments: 3)  (cost=0.00..6729.59 rows=9953 width=6)
                                                                                                     ->  Seq Scan on item j  (cost=0.00..6729.59 rows=9953 width=6)
                                                                     ->  Hash  (cost=57525836.56..57525836.56 rows=11 width=8)
                                                                           ->  Redistribute Motion 3:3  (slice3; segments: 3)  (cost=1271.47..57525836.56 rows=11 width=8)
                                                                                 Hash Key: s.ss_item_sk
                                                                                 ->  Hash Join  (cost=1271.47..57525835.93 rows=11 width=8)
                                                                                       Hash Cond: (s.ss_sold_date_sk = d.d_date_sk)
                                                                                       ->  Append  (cost=0.00..39524635.96 rows=959996170 width=12)
                                                                                             ->  Result  (cost=0.00..1568615.00 rows=43200334 width=12)
                                                                                                   One-Time Filter: PartSelected
                                                                                                   ->  Append-only Columnar Scan on store_sales_1_prt_outliers s  (cost=0.00..1568615.00 rows=43200334 width=12)
                                                                                             ->  Result  (cost=0.00..324595.00 rows=7840134 width=12)
                                                                                                   One-Time Filter: PartSelected
                                                                                                   ->  Append-only Columnar Scan on store_sales_1_prt_2 s_1  (cost=0.00..324595.00 rows=7840134 width=12)
                                                                                             ->  Result  (cost=0.00..336211.00 rows=8120800 width=12)
                                                                                                   One-Time Filter: PartSelected
                                                                                                   ->  Append-only Columnar Scan on store_sales_1_prt_3 s_2  (cost=0.00..336211.00 rows=8120800 width=12)
                                                                                             ->  Result  (cost=0.00..324382.00 rows=7834967 width=12)
                                                                                                   One-Time Filter: PartSelected
                                                                                                   ->  Append-only Columnar Scan on store_sales_1_prt_4 s_3  (cost=0.00..324382.00 rows=7834967 width=12)
                                                                                             ->  Result  (cost=0.00..336381.00 rows=8124734 width=12)
                                                                                                   One-Time Filter: PartSelected
                                                                                                   ->  Append-only Columnar Scan on store_sales_1_prt_5 s_4  (cost=0.00..336381.00 rows=8124734 width=12)
                                                                                             ->  Result  (cost=0.00..336417.00 rows=8125800 width=12)
                                                                                                   One-Time Filter: PartSelected
                                                                                                   ->  Append-only Columnar Scan on store_sales_1_prt_6 s_5  (cost=0.00..336417.00 rows=8125800 width=12)
                                                                                             ->  Result  (cost=0.00..336453.00 rows=8126567 width=12)
                                                                                                   One-Time Filter: PartSelected
                                                                                                   ->  Append-only Columnar Scan on store_sales_1_prt_7 s_6  (cost=0.00..336453.00 rows=8126567 width=12)
                                                                                             ->  Result  (cost=0.00..336058.00 rows=8116967 width=12)
                                                                                                   One-Time Filter: PartSelected
                                                                                                   ->  Append-only Columnar Scan on store_sales_1_prt_8 s_7  (cost=0.00..336058.00 rows=8116967 width=12)
                                                                                             ->  Result  (cost=0.00..489738.00 rows=11829267 width=12)
                                                                                                   One-Time Filter: PartSelected
                                                                                                   ->  Append-only Columnar Scan on store_sales_1_prt_9 s_8  (cost=0.00..489738.00 rows=11829267 width=12)
                                                                                             ->  Result  (cost=0.00..765474.00 rows=18489534 width=12)
                                                                                                   One-Time Filter: PartSelected
                                                                                                   ->  Append-only Columnar Scan on store_sales_1_prt_10 s_9  (cost=0.00..765474.00 rows=18489534 width=12)
                                                                                             ->  Result  (cost=0.00..766278.00 rows=18508900 width=12)
                                                                                                   One-Time Filter: PartSelected
                                                                                                   ->  Append-only Columnar Scan on store_sales_1_prt_11 s_10  (cost=0.00..766278.00 rows=18508900 width=12)
                                                                                             ->  Result  (cost=0.00..793967.00 rows=19177700 width=12)
                                                                                                   One-Time Filter: PartSelected
                                                                                                   ->  Append-only Columnar Scan on store_sales_1_prt_12 s_11  (cost=0.00..793967.00 rows=19177700 width=12)
                                                                                             ->  Result  (cost=0.00..1159820.00 rows=28014600 width=12)
                                                                                                   One-Time Filter: PartSelected
                                                                                                   ->  Append-only Columnar Scan on store_sales_1_prt_13 s_12  (cost=0.00..1159820.00 rows=28014600 width=12)
                                                                                             ->  Result  (cost=0.00..1160753.00 rows=28037334 width=12)
                                                                                                   One-Time Filter: PartSelected
                                                                                                   ->  Append-only Columnar Scan on store_sales_1_prt_14 s_13  (cost=0.00..1160753.00 rows=28037334 width=12)
                                                                                             ->  Result  (cost=0.00..436710.00 rows=10548367 width=12)
                                                                                                   One-Time Filter: PartSelected
                                                                                                   ->  Append-only Columnar Scan on store_sales_1_prt_15 s_14  (cost=0.00..436710.00 rows=10548367 width=12)
                                                                                             ->  Result  (cost=0.00..336477.00 rows=8127134 width=12)
                                                                                                   One-Time Filter: PartSelected
                                                                                                   ->  Append-only Columnar Scan on store_sales_1_prt_16 s_15  (cost=0.00..336477.00 rows=8127134 width=12)
                                                                                             ->  Result  (cost=0.00..324706.00 rows=7842834 width=12)
                                                                                                   One-Time Filter: PartSelected
                                                                                                   ->  Append-only Columnar Scan on store_sales_1_prt_17 s_16  (cost=0.00..324706.00 rows=7842834 width=12)
                                                                                             ->  Result  (cost=0.00..336587.00 rows=8129867 width=12)
                                                                                                   One-Time Filter: PartSelected
                                                                                                   ->  Append-only Columnar Scan on store_sales_1_prt_18 s_17  (cost=0.00..336587.00 rows=8129867 width=12)
                                                                                             ->  Result  (cost=0.00..336153.00 rows=8119367 width=12)
                                                                                                   One-Time Filter: PartSelected
                                                                                                   ->  Append-only Columnar Scan on store_sales_1_prt_19 s_18  (cost=0.00..336153.00 rows=8119367 width=12)
                                                                                             ->  Result  (cost=0.00..336736.00 rows=8133367 width=12)
                                                                                                   One-Time Filter: PartSelected
                                                                                                   ->  Append-only Columnar Scan on store_sales_1_prt_20 s_19  (cost=0.00..336736.00 rows=8133367 width=12)
                                                                                             ->  Result  (cost=0.00..336190.00 rows=8120200 width=12)
                                                                                                   One-Time Filter: PartSelected
                                                                                                   ->  Append-only Columnar Scan on store_sales_1_prt_21 s_20  (cost=0.00..336190.00 rows=8120200 width=12)
                                                                                             ->  Result  (cost=0.00..474334.00 rows=11457100 width=12)
                                                                                                   One-Time Filter: PartSelected
                                                                                                   ->  Append-only Columnar Scan on store_sales_1_prt_22 s_21  (cost=0.00..474334.00 rows=11457100 width=12)
                                                                                             ->  Result  (cost=0.00..766084.00 rows=18504234 width=12)
                                                                                                   One-Time Filter: PartSelected
                                                                                                   ->  Append-only Columnar Scan on store_sales_1_prt_23 s_22  (cost=0.00..766084.00 rows=18504234 width=12)
                                                                                             ->  Result  (cost=0.00..765781.00 rows=18496900 width=12)
                                                                                                   One-Time Filter: PartSelected
                                                                                                   ->  Append-only Columnar Scan on store_sales_1_prt_24 s_23  (cost=0.00..765781.00 rows=18496900 width=12)
                                                                                             ->  Result  (cost=0.00..779443.00 rows=18826834 width=12)
                                                                                                   One-Time Filter: PartSelected
                                                                                                   ->  Append-only Columnar Scan on store_sales_1_prt_25 s_24  (cost=0.00..779443.00 rows=18826834 width=12)
                                                                                             ->  Result  (cost=0.00..1160832.00 rows=28039467 width=12)
                                                                                                   One-Time Filter: PartSelected
                                                                                                   ->  Append-only Columnar Scan on store_sales_1_prt_26 s_25  (cost=0.00..1160832.00 rows=28039467 width=12)
                                                                                             ->  Result  (cost=0.00..1160090.00 rows=28021400 width=12)
                                                                                                   One-Time Filter: PartSelected
                                                                                                   ->  Append-only Columnar Scan on store_sales_1_prt_27 s_26  (cost=0.00..1160090.00 rows=28021400 width=12)
                                                                                             ->  Result  (cost=0.00..465893.00 rows=11253134 width=12)
                                                                                                   One-Time Filter: PartSelected
                                                                                                   ->  Append-only Columnar Scan on store_sales_1_prt_28 s_27  (cost=0.00..465893.00 rows=11253134 width=12)
                                                                                             ->  Result  (cost=0.00..335914.00 rows=8113600 width=12)
                                                                                                   One-Time Filter: PartSelected
                                                                                                   ->  Append-only Columnar Scan on store_sales_1_prt_29 s_28  (cost=0.00..335914.00 rows=8113600 width=12)
                                                                                             ->  Result  (cost=0.00..336186.00 rows=8120167 width=12)
                                                                                                   One-Time Filter: PartSelected
                                                                                                   ->  Append-only Columnar Scan on store_sales_1_prt_30 s_29  (cost=0.00..336186.00 rows=8120167 width=12)
                                                                                             ->  Result  (cost=0.00..336014.00 rows=8115934 width=12)
                                                                                                   One-Time Filter: PartSelected
                                                                                                   ->  Append-only Columnar Scan on store_sales_1_prt_31 s_30  (cost=0.00..336014.00 rows=8115934 width=12)
                                                                                             ->  Result  (cost=0.00..335918.00 rows=8113667 width=12)
                                                                                                   One-Time Filter: PartSelected
                                                                                                   ->  Append-only Columnar Scan on store_sales_1_prt_32 s_31  (cost=0.00..335918.00 rows=8113667 width=12)
                                                                                             ->  Result  (cost=0.00..336069.00 rows=8117334 width=12)
                                                                                                   One-Time Filter: PartSelected
                                                                                                   ->  Append-only Columnar Scan on store_sales_1_prt_33 s_32  (cost=0.00..336069.00 rows=8117334 width=12)
                                                                                             ->  Result  (cost=0.00..335472.00 rows=8102900 width=12)
                                                                                                   One-Time Filter: PartSelected
                                                                                                   ->  Append-only Columnar Scan on store_sales_1_prt_34 s_33  (cost=0.00..335472.00 rows=8102900 width=12)
                                                                                             ->  Result  (cost=0.00..457985.00 rows=11062100 width=12)
                                                                                                   One-Time Filter: PartSelected
                                                                                                   ->  Append-only Columnar Scan on store_sales_1_prt_35 s_34  (cost=0.00..457985.00 rows=11062100 width=12)
                                                                                             ->  Result  (cost=0.00..764679.00 rows=18470400 width=12)
                                                                                                   One-Time Filter: PartSelected
                                                                                                   ->  Append-only Columnar Scan on store_sales_1_prt_36 s_35  (cost=0.00..764679.00 rows=18470400 width=12)
                                                                                             ->  Result  (cost=0.00..764030.00 rows=18454700 width=12)
                                                                                                   One-Time Filter: PartSelected
                                                                                                   ->  Append-only Columnar Scan on store_sales_1_prt_37 s_36  (cost=0.00..764030.00 rows=18454700 width=12)
                                                                                             ->  Result  (cost=0.00..764484.00 rows=18465634 width=12)
                                                                                                   One-Time Filter: PartSelected
                                                                                                   ->  Append-only Columnar Scan on store_sales_1_prt_38 s_37  (cost=0.00..764484.00 rows=18465634 width=12)
                                                                                             ->  Result  (cost=0.00..1158198.04 rows=27975568 width=12)
                                                                                                   One-Time Filter: PartSelected
                                                                                                   ->  Append-only Columnar Scan on store_sales_1_prt_39 s_38  (cost=0.00..1158198.04 rows=27975568 width=12)
                                                                                             ->  Result  (cost=0.00..1158199.04 rows=27975968 width=12)
                                                                                                   One-Time Filter: PartSelected
                                                                                                   ->  Append-only Columnar Scan on store_sales_1_prt_40 s_39  (cost=0.00..1158199.04 rows=27975968 width=12)
                                                                                             ->  Result  (cost=0.00..483138.00 rows=11669800 width=12)
                                                                                                   One-Time Filter: PartSelected
                                                                                                   ->  Append-only Columnar Scan on store_sales_1_prt_41 s_40  (cost=0.00..483138.00 rows=11669800 width=12)
                                                                                             ->  Result  (cost=0.00..336559.00 rows=8129100 width=12)
                                                                                                   One-Time Filter: PartSelected
                                                                                                   ->  Append-only Columnar Scan on store_sales_1_prt_42 s_41  (cost=0.00..336559.00 rows=8129100 width=12)
                                                                                             ->  Result  (cost=0.00..324602.00 rows=7840367 width=12)
                                                                                                   One-Time Filter: PartSelected
                                                                                                   ->  Append-only Columnar Scan on store_sales_1_prt_43 s_42  (cost=0.00..324602.00 rows=7840367 width=12)
                                                                                             ->  Result  (cost=0.00..336209.00 rows=8120567 width=12)
                                                                                                   One-Time Filter: PartSelected
                                                                                                   ->  Append-only Columnar Scan on store_sales_1_prt_44 s_43  (cost=0.00..336209.00 rows=8120567 width=12)
                                                                                             ->  Result  (cost=0.00..336313.00 rows=8123267 width=12)
                                                                                                   One-Time Filter: PartSelected
                                                                                                   ->  Append-only Columnar Scan on store_sales_1_prt_45 s_44  (cost=0.00..336313.00 rows=8123267 width=12)
                                                                                             ->  Result  (cost=0.00..336621.00 rows=8130734 width=12)
                                                                                                   One-Time Filter: PartSelected
                                                                                                   ->  Append-only Columnar Scan on store_sales_1_prt_46 s_45  (cost=0.00..336621.00 rows=8130734 width=12)
                                                                                             ->  Result  (cost=0.00..335906.00 rows=8113400 width=12)
                                                                                                   One-Time Filter: PartSelected
                                                                                                   ->  Append-only Columnar Scan on store_sales_1_prt_47 s_46  (cost=0.00..335906.00 rows=8113400 width=12)
                                                                                             ->  Result  (cost=0.00..428657.00 rows=10353800 width=12)
                                                                                                   One-Time Filter: PartSelected
                                                                                                   ->  Append-only Columnar Scan on store_sales_1_prt_48 s_47  (cost=0.00..428657.00 rows=10353800 width=12)
                                                                                             ->  Result  (cost=0.00..766560.00 rows=18515734 width=12)
                                                                                                   One-Time Filter: PartSelected
                                                                                                   ->  Append-only Columnar Scan on store_sales_1_prt_49 s_48  (cost=0.00..766560.00 rows=18515734 width=12)
                                                                                             ->  Result  (cost=0.00..766167.00 rows=18506234 width=12)
                                                                                                   One-Time Filter: PartSelected
                                                                                                   ->  Append-only Columnar Scan on store_sales_1_prt_50 s_49  (cost=0.00..766167.00 rows=18506234 width=12)
                                                                                             ->  Result  (cost=0.00..766196.00 rows=18506900 width=12)
                                                                                                   One-Time Filter: PartSelected
                                                                                                   ->  Append-only Columnar Scan on store_sales_1_prt_51 s_50  (cost=0.00..766196.00 rows=18506900 width=12)
                                                                                             ->  Result  (cost=0.00..1130938.00 rows=27317200 width=12)
                                                                                                   One-Time Filter: PartSelected
                                                                                                   ->  Append-only Columnar Scan on store_sales_1_prt_52 s_51  (cost=0.00..1130938.00 rows=27317200 width=12)
                                                                                             ->  Result  (cost=0.00..1160637.96 rows=28034566 width=12)
                                                                                                   One-Time Filter: PartSelected
                                                                                                   ->  Append-only Columnar Scan on store_sales_1_prt_53 s_52  (cost=0.00..1160637.96 rows=28034566 width=12)
                                                                                             ->  Result  (cost=0.00..555225.00 rows=13411000 width=12)
                                                                                                   One-Time Filter: PartSelected
                                                                                                   ->  Append-only Columnar Scan on store_sales_1_prt_54 s_53  (cost=0.00..555225.00 rows=13411000 width=12)
                                                                                             ->  Result  (cost=0.00..336782.00 rows=8134567 width=12)
                                                                                                   One-Time Filter: PartSelected
                                                                                                   ->  Append-only Columnar Scan on store_sales_1_prt_55 s_54  (cost=0.00..336782.00 rows=8134567 width=12)
                                                                                             ->  Result  (cost=0.00..324454.00 rows=7836734 width=12)
                                                                                                   One-Time Filter: PartSelected
                                                                                                   ->  Append-only Columnar Scan on store_sales_1_prt_56 s_55  (cost=0.00..324454.00 rows=7836734 width=12)
                                                                                             ->  Result  (cost=0.00..336546.00 rows=8128867 width=12)
                                                                                                   One-Time Filter: PartSelected
                                                                                                   ->  Append-only Columnar Scan on store_sales_1_prt_57 s_56  (cost=0.00..336546.00 rows=8128867 width=12)
                                                                                             ->  Result  (cost=0.00..336207.00 rows=8120667 width=12)
                                                                                                   One-Time Filter: PartSelected
                                                                                                   ->  Append-only Columnar Scan on store_sales_1_prt_58 s_57  (cost=0.00..336207.00 rows=8120667 width=12)
                                                                                             ->  Result  (cost=0.00..336578.00 rows=8129534 width=12)
                                                                                                   One-Time Filter: PartSelected
                                                                                                   ->  Append-only Columnar Scan on store_sales_1_prt_59 s_58  (cost=0.00..336578.00 rows=8129534 width=12)
                                                                                             ->  Result  (cost=0.00..336468.00 rows=8127067 width=12)
                                                                                                   One-Time Filter: PartSelected
                                                                                                   ->  Append-only Columnar Scan on store_sales_1_prt_60 s_59  (cost=0.00..336468.00 rows=8127067 width=12)
                                                                                             ->  Result  (cost=0.00..412992.00 rows=9975467 width=12)
                                                                                                   One-Time Filter: PartSelected
                                                                                                   ->  Append-only Columnar Scan on store_sales_1_prt_61 s_60  (cost=0.00..412992.00 rows=9975467 width=12)
                                                                                             ->  Result  (cost=0.00..765709.00 rows=18495234 width=12)
                                                                                                   One-Time Filter: PartSelected
                                                                                                   ->  Append-only Columnar Scan on store_sales_1_prt_62 s_61  (cost=0.00..765709.00 rows=18495234 width=12)
                                                                                             ->  Result  (cost=0.00..766176.00 rows=18506500 width=12)
                                                                                                   One-Time Filter: PartSelected
                                                                                                   ->  Append-only Columnar Scan on store_sales_1_prt_63 s_62  (cost=0.00..766176.00 rows=18506500 width=12)
                                                                                             ->  Result  (cost=0.00..766142.00 rows=18505834 width=12)
                                                                                                   One-Time Filter: PartSelected
                                                                                                   ->  Append-only Columnar Scan on store_sales_1_prt_64 s_63  (cost=0.00..766142.00 rows=18505834 width=12)
                                                                                             ->  Result  (cost=0.00..1117566.96 rows=26994166 width=12)
                                                                                                   One-Time Filter: PartSelected
                                                                                                   ->  Append-only Columnar Scan on store_sales_1_prt_65 s_64  (cost=0.00..1117566.96 rows=26994166 width=12)
                                                                                             ->  Result  (cost=0.00..1159645.96 rows=28010566 width=12)
                                                                                                   One-Time Filter: PartSelected
                                                                                                   ->  Append-only Columnar Scan on store_sales_1_prt_66 s_65  (cost=0.00..1159645.96 rows=28010566 width=12)
                                                                                             ->  Result  (cost=0.00..331321.00 rows=8002500 width=12)
                                                                                                   One-Time Filter: PartSelected
                                                                                                   ->  Append-only Columnar Scan on store_sales_1_prt_67 s_66  (cost=0.00..331321.00 rows=8002500 width=12)
                                                                                             ->  Result  (cost=0.00..1.00 rows=1 width=12)
                                                                                                   One-Time Filter: PartSelected
                                                                                                   ->  Append-only Columnar Scan on store_sales_1_prt_68 s_67  (cost=0.00..1.00 rows=1 width=12)
                                                                                             ->  Result  (cost=0.00..1.00 rows=1 width=12)
                                                                                                   One-Time Filter: PartSelected
                                                                                                   ->  Append-only Columnar Scan on store_sales_1_prt_69 s_68  (cost=0.00..1.00 rows=1 width=12)
                                                                                             ->  Result  (cost=0.00..1.00 rows=1 width=12)
                                                                                                   One-Time Filter: PartSelected
                                                                                                   ->  Append-only Columnar Scan on store_sales_1_prt_70 s_69  (cost=0.00..1.00 rows=1 width=12)
                                                                                             ->  Result  (cost=0.00..1.00 rows=1 width=12)
                                                                                                   One-Time Filter: PartSelected
                                                                                                   ->  Append-only Columnar Scan on store_sales_1_prt_71 s_70  (cost=0.00..1.00 rows=1 width=12)
                                                                                             ->  Result  (cost=0.00..1.00 rows=1 width=12)
                                                                                                   One-Time Filter: PartSelected
                                                                                                   ->  Append-only Columnar Scan on store_sales_1_prt_72 s_71  (cost=0.00..1.00 rows=1 width=12)
                                                                                             ->  Result  (cost=0.00..1.00 rows=1 width=12)
                                                                                                   One-Time Filter: PartSelected
                                                                                                   ->  Append-only Columnar Scan on store_sales_1_prt_73 s_72  (cost=0.00..1.00 rows=1 width=12)
                                                                                             ->  Result  (cost=0.00..1.00 rows=1 width=12)
                                                                                                   One-Time Filter: PartSelected
                                                                                                   ->  Append-only Columnar Scan on store_sales_1_prt_74 s_73  (cost=0.00..1.00 rows=1 width=12)
                                                                                             ->  Result  (cost=0.00..1.00 rows=1 width=12)
                                                                                                   One-Time Filter: PartSelected
                                                                                                   ->  Append-only Columnar Scan on store_sales_1_prt_75 s_74  (cost=0.00..1.00 rows=1 width=12)
                                                                                             ->  Result  (cost=0.00..1.00 rows=1 width=12)
                                                                                                   One-Time Filter: PartSelected
                                                                                                   ->  Append-only Columnar Scan on store_sales_1_prt_76 s_75  (cost=0.00..1.00 rows=1 width=12)
                                                                                             ->  Result  (cost=0.00..1.00 rows=1 width=12)
                                                                                                   One-Time Filter: PartSelected
                                                                                                   ->  Append-only Columnar Scan on store_sales_1_prt_77 s_76  (cost=0.00..1.00 rows=1 width=12)
                                                                                             ->  Result  (cost=0.00..1.00 rows=1 width=12)
                                                                                                   One-Time Filter: PartSelected
                                                                                                   ->  Append-only Columnar Scan on store_sales_1_prt_78 s_77  (cost=0.00..1.00 rows=1 width=12)
                                                                                             ->  Result  (cost=0.00..1.00 rows=1 width=12)
                                                                                                   One-Time Filter: PartSelected
                                                                                                   ->  Append-only Columnar Scan on store_sales_1_prt_79 s_78  (cost=0.00..1.00 rows=1 width=12)
                                                                                             ->  Result  (cost=0.00..1.00 rows=1 width=12)
                                                                                                   One-Time Filter: PartSelected
                                                                                                   ->  Append-only Columnar Scan on store_sales_1_prt_80 s_79  (cost=0.00..1.00 rows=1 width=12)
                                                                                       ->  Hash  (cost=1270.33..1270.33 rows=31 width=4)
                                                                                             ->  Partition Selector for store_sales (dynamic scan id: 1)  (cost=0.00..1270.33 rows=31 width=4)
                                                                                                   Filter: d.d_date_sk
                                                                                                   ->  Broadcast Motion 3:3  (slice2; segments: 3)  (cost=0.00..1270.33 rows=31 width=4)
                                                                                                         ->  Seq Scan on date_dim d  (cost=0.00..1269.11 rows=11 width=4)
                                                                                                               Filter: (d_month_seq = $0)
                                                         ->  Hash  (cost=178782.00..178782.00 rows=3999967 width=8)
                                                               ->  Seq Scan on customer c  (cost=0.00..178782.00 rows=3999967 width=8)
                                             ->  Hash  (cost=85890.90..85890.90 rows=2000530 width=7)
                                                   ->  Seq Scan on customer_address a  (cost=0.00..85890.90 rows=2000530 width=7)
 Planning time: 16.417 ms
 Optimizer: legacy query optimizer
(300 rows)

-- end query 1 in stream 0 using template query6.tpl
