-- start query 1 in stream 0 using template query9.tpl
explain
select case when (select count(*) 
                  from store_sales 
                  where ss_quantity between 1 and 20) > 48409437
            then (select avg(ss_ext_discount_amt) 
                  from store_sales 
                  where ss_quantity between 1 and 20) 
            else (select avg(ss_net_profit)
                  from store_sales
                  where ss_quantity between 1 and 20) end bucket1 ,
       case when (select count(*)
                  from store_sales
                  where ss_quantity between 21 and 40) > 24804257
            then (select avg(ss_ext_discount_amt)
                  from store_sales
                  where ss_quantity between 21 and 40) 
            else (select avg(ss_net_profit)
                  from store_sales
                  where ss_quantity between 21 and 40) end bucket2,
       case when (select count(*)
                  from store_sales
                  where ss_quantity between 41 and 60) > 128048939
            then (select avg(ss_ext_discount_amt)
                  from store_sales
                  where ss_quantity between 41 and 60)
            else (select avg(ss_net_profit)
                  from store_sales
                  where ss_quantity between 41 and 60) end bucket3,
       case when (select count(*)
                  from store_sales
                  where ss_quantity between 61 and 80) > 56503968
            then (select avg(ss_ext_discount_amt)
                  from store_sales
                  where ss_quantity between 61 and 80)
            else (select avg(ss_net_profit)
                  from store_sales
                  where ss_quantity between 61 and 80) end bucket4,
       case when (select count(*)
                  from store_sales
                  where ss_quantity between 81 and 100) > 43571537
            then (select avg(ss_ext_discount_amt)
                  from store_sales
                  where ss_quantity between 81 and 100)
            else (select avg(ss_net_profit)
                  from store_sales
                  where ss_quantity between 81 and 100) end bucket5
from reason
where r_reason_sk = 1
;
                                                                                QUERY PLAN                                                                                 
---------------------------------------------------------------------------------------------------------------------------------------------------------------------------
 Gather Motion 3:1  (slice16; segments: 3)  (cost=829499423.86..829499450.68 rows=1 width=0)
   ->  Seq Scan on reason  (cost=829499423.86..829499450.68 rows=1 width=0)
         Filter: (r_reason_sk = 1)
         InitPlan 1 (returns $0)  (slice17)
           ->  Aggregate  (cost=55295510.80..55295510.81 rows=1 width=8)
                 ->  Gather Motion 3:1  (slice1; segments: 3)  (cost=55295510.73..55295510.78 rows=1 width=8)
                       ->  Aggregate  (cost=55295510.73..55295510.74 rows=1 width=8)
                             ->  Append  (cost=0.00..53924578.44 rows=182790973 width=0)
                                   ->  Append-only Columnar Scan on store_sales_1_prt_outliers  (cost=0.00..2216620.00 rows=4284033 width=0)
                                         Filter: ((ss_quantity >= 1) AND (ss_quantity <= 20))
                                   ->  Append-only Columnar Scan on store_sales_1_prt_2  (cost=0.00..442197.00 rows=1534669 width=0)
                                         Filter: ((ss_quantity >= 1) AND (ss_quantity <= 20))
                                   ->  Append-only Columnar Scan on store_sales_1_prt_3  (cost=0.00..458023.00 rows=1587346 width=0)
                                         Filter: ((ss_quantity >= 1) AND (ss_quantity <= 20))
                                   ->  Append-only Columnar Scan on store_sales_1_prt_4  (cost=0.00..441906.50 rows=1534458 width=0)
                                         Filter: ((ss_quantity >= 1) AND (ss_quantity <= 20))
                                   ->  Append-only Columnar Scan on store_sales_1_prt_5  (cost=0.00..458252.00 rows=1607492 width=0)
                                         Filter: ((ss_quantity >= 1) AND (ss_quantity <= 20))
                                   ->  Append-only Columnar Scan on store_sales_1_prt_6  (cost=0.00..458304.00 rows=1567196 width=0)
                                         Filter: ((ss_quantity >= 1) AND (ss_quantity <= 20))
                                   ->  Append-only Columnar Scan on store_sales_1_prt_7  (cost=0.00..458351.50 rows=1623146 width=0)
                                         Filter: ((ss_quantity >= 1) AND (ss_quantity <= 20))
                                   ->  Append-only Columnar Scan on store_sales_1_prt_8  (cost=0.00..457812.50 rows=1611797 width=0)
                                         Filter: ((ss_quantity >= 1) AND (ss_quantity <= 20))
                                   ->  Append-only Columnar Scan on store_sales_1_prt_9  (cost=0.00..667177.00 rows=2267276 width=0)
                                         Filter: ((ss_quantity >= 1) AND (ss_quantity <= 20))
                                   ->  Append-only Columnar Scan on store_sales_1_prt_10  (cost=0.00..1042817.00 rows=3621929 width=0)
                                         Filter: ((ss_quantity >= 1) AND (ss_quantity <= 20))
                                   ->  Append-only Columnar Scan on store_sales_1_prt_11  (cost=0.00..1043911.50 rows=3608622 width=0)
                                         Filter: ((ss_quantity >= 1) AND (ss_quantity <= 20))
                                   ->  Append-only Columnar Scan on store_sales_1_prt_12  (cost=0.00..1081632.50 rows=3752437 width=0)
                                         Filter: ((ss_quantity >= 1) AND (ss_quantity <= 20))
                                   ->  Append-only Columnar Scan on store_sales_1_prt_13  (cost=0.00..1580039.00 rows=5414289 width=0)
                                         Filter: ((ss_quantity >= 1) AND (ss_quantity <= 20))
                                   ->  Append-only Columnar Scan on store_sales_1_prt_14  (cost=0.00..1581313.00 rows=5506535 width=0)
                                         Filter: ((ss_quantity >= 1) AND (ss_quantity <= 20))
                                   ->  Append-only Columnar Scan on store_sales_1_prt_15  (cost=0.00..594935.50 rows=2096148 width=0)
                                         Filter: ((ss_quantity >= 1) AND (ss_quantity <= 20))
                                   ->  Append-only Columnar Scan on store_sales_1_prt_16  (cost=0.00..458384.00 rows=1603754 width=0)
                                         Filter: ((ss_quantity >= 1) AND (ss_quantity <= 20))
                                   ->  Append-only Columnar Scan on store_sales_1_prt_17  (cost=0.00..442348.50 rows=1542828 width=0)
                                         Filter: ((ss_quantity >= 1) AND (ss_quantity <= 20))
                                   ->  Append-only Columnar Scan on store_sales_1_prt_18  (cost=0.00..458535.00 rows=1568387 width=0)
                                         Filter: ((ss_quantity >= 1) AND (ss_quantity <= 20))
                                   ->  Append-only Columnar Scan on store_sales_1_prt_19  (cost=0.00..457943.50 rows=1607093 width=0)
                                         Filter: ((ss_quantity >= 1) AND (ss_quantity <= 20))
                                   ->  Append-only Columnar Scan on store_sales_1_prt_20  (cost=0.00..458736.50 rows=1575110 width=0)
                                         Filter: ((ss_quantity >= 1) AND (ss_quantity <= 20))
                                   ->  Append-only Columnar Scan on store_sales_1_prt_21  (cost=0.00..457993.00 rows=1592105 width=0)
                                         Filter: ((ss_quantity >= 1) AND (ss_quantity <= 20))
                                   ->  Append-only Columnar Scan on store_sales_1_prt_22  (cost=0.00..646190.50 rows=2226496 width=0)
                                         Filter: ((ss_quantity >= 1) AND (ss_quantity <= 20))
                                   ->  Append-only Columnar Scan on store_sales_1_prt_23  (cost=0.00..1043647.50 rows=3556512 width=0)
                                         Filter: ((ss_quantity >= 1) AND (ss_quantity <= 20))
                                   ->  Append-only Columnar Scan on store_sales_1_prt_24  (cost=0.00..1043234.50 rows=3522427 width=0)
                                         Filter: ((ss_quantity >= 1) AND (ss_quantity <= 20))
                                   ->  Append-only Columnar Scan on store_sales_1_prt_25  (cost=0.00..1061845.50 rows=3685667 width=0)
                                         Filter: ((ss_quantity >= 1) AND (ss_quantity <= 20))
                                   ->  Append-only Columnar Scan on store_sales_1_prt_26  (cost=0.00..1581424.00 rows=5449936 width=0)
                                         Filter: ((ss_quantity >= 1) AND (ss_quantity <= 20))
                                   ->  Append-only Columnar Scan on store_sales_1_prt_27  (cost=0.00..1580411.00 rows=5362360 width=0)
                                         Filter: ((ss_quantity >= 1) AND (ss_quantity <= 20))
                                   ->  Append-only Columnar Scan on store_sales_1_prt_28  (cost=0.00..634690.00 rows=2201864 width=0)
                                         Filter: ((ss_quantity >= 1) AND (ss_quantity <= 20))
                                   ->  Append-only Columnar Scan on store_sales_1_prt_29  (cost=0.00..457618.00 rows=1591618 width=0)
                                         Filter: ((ss_quantity >= 1) AND (ss_quantity <= 20))
                                   ->  Append-only Columnar Scan on store_sales_1_prt_30  (cost=0.00..457988.50 rows=1579535 width=0)
                                         Filter: ((ss_quantity >= 1) AND (ss_quantity <= 20))
                                   ->  Append-only Columnar Scan on store_sales_1_prt_31  (cost=0.00..457753.00 rows=1599182 width=0)
                                         Filter: ((ss_quantity >= 1) AND (ss_quantity <= 20))
                                   ->  Append-only Columnar Scan on store_sales_1_prt_32  (cost=0.00..457623.00 rows=1615972 width=0)
                                         Filter: ((ss_quantity >= 1) AND (ss_quantity <= 20))
                                   ->  Append-only Columnar Scan on store_sales_1_prt_33  (cost=0.00..457829.00 rows=1576290 width=0)
                                         Filter: ((ss_quantity >= 1) AND (ss_quantity <= 20))
                                   ->  Append-only Columnar Scan on store_sales_1_prt_34  (cost=0.00..457015.50 rows=1542972 width=0)
                                         Filter: ((ss_quantity >= 1) AND (ss_quantity <= 20))
                                   ->  Append-only Columnar Scan on store_sales_1_prt_35  (cost=0.00..623916.50 rows=2155996 width=0)
                                         Filter: ((ss_quantity >= 1) AND (ss_quantity <= 20))
                                   ->  Append-only Columnar Scan on store_sales_1_prt_36  (cost=0.00..1041735.00 rows=3602195 width=0)
                                         Filter: ((ss_quantity >= 1) AND (ss_quantity <= 20))
                                   ->  Append-only Columnar Scan on store_sales_1_prt_37  (cost=0.00..1040850.50 rows=3551915 width=0)
                                         Filter: ((ss_quantity >= 1) AND (ss_quantity <= 20))
                                   ->  Append-only Columnar Scan on store_sales_1_prt_38  (cost=0.00..1041468.50 rows=3607570 width=0)
                                         Filter: ((ss_quantity >= 1) AND (ss_quantity <= 20))
                                   ->  Append-only Columnar Scan on store_sales_1_prt_39  (cost=0.00..1577831.56 rows=5429126 width=0)
                                         Filter: ((ss_quantity >= 1) AND (ss_quantity <= 20))
                                   ->  Append-only Columnar Scan on store_sales_1_prt_40  (cost=0.00..1577838.56 rows=5440260 width=0)
                                         Filter: ((ss_quantity >= 1) AND (ss_quantity <= 20))
                                   ->  Append-only Columnar Scan on store_sales_1_prt_41  (cost=0.00..658185.00 rows=2292337 width=0)
                                         Filter: ((ss_quantity >= 1) AND (ss_quantity <= 20))
                                   ->  Append-only Columnar Scan on store_sales_1_prt_42  (cost=0.00..458495.50 rows=1577585 width=0)
                                         Filter: ((ss_quantity >= 1) AND (ss_quantity <= 20))
                                   ->  Append-only Columnar Scan on store_sales_1_prt_43  (cost=0.00..442207.50 rows=1519986 width=0)
                                         Filter: ((ss_quantity >= 1) AND (ss_quantity <= 20))
                                   ->  Append-only Columnar Scan on store_sales_1_prt_44  (cost=0.00..458017.50 rows=1575645 width=0)
                                         Filter: ((ss_quantity >= 1) AND (ss_quantity <= 20))
                                   ->  Append-only Columnar Scan on store_sales_1_prt_45  (cost=0.00..458162.00 rows=1577287 width=0)
                                         Filter: ((ss_quantity >= 1) AND (ss_quantity <= 20))
                                   ->  Append-only Columnar Scan on store_sales_1_prt_46  (cost=0.00..458582.00 rows=1600671 width=0)
                                         Filter: ((ss_quantity >= 1) AND (ss_quantity <= 20))
                                   ->  Append-only Columnar Scan on store_sales_1_prt_47  (cost=0.00..457607.00 rows=1596419 width=0)
                                         Filter: ((ss_quantity >= 1) AND (ss_quantity <= 20))
                                   ->  Append-only Columnar Scan on store_sales_1_prt_48  (cost=0.00..583964.00 rows=2016575 width=0)
                                         Filter: ((ss_quantity >= 1) AND (ss_quantity <= 20))
                                   ->  Append-only Columnar Scan on store_sales_1_prt_49  (cost=0.00..1044296.00 rows=3576005 width=0)
                                         Filter: ((ss_quantity >= 1) AND (ss_quantity <= 20))
                                   ->  Append-only Columnar Scan on store_sales_1_prt_50  (cost=0.00..1043760.50 rows=3623772 width=0)
                                         Filter: ((ss_quantity >= 1) AND (ss_quantity <= 20))
                                   ->  Append-only Columnar Scan on store_sales_1_prt_51  (cost=0.00..1043799.50 rows=3543455 width=0)
                                         Filter: ((ss_quantity >= 1) AND (ss_quantity <= 20))
                                   ->  Append-only Columnar Scan on store_sales_1_prt_52  (cost=0.00..1540696.00 rows=5366012 width=0)
                                         Filter: ((ss_quantity >= 1) AND (ss_quantity <= 20))
                                   ->  Append-only Columnar Scan on store_sales_1_prt_53  (cost=0.00..1581156.44 rows=5362065 width=0)
                                         Filter: ((ss_quantity >= 1) AND (ss_quantity <= 20))
                                   ->  Append-only Columnar Scan on store_sales_1_prt_54  (cost=0.00..756390.00 rows=2626322 width=0)
                                         Filter: ((ss_quantity >= 1) AND (ss_quantity <= 20))
                                   ->  Append-only Columnar Scan on store_sales_1_prt_55  (cost=0.00..458800.50 rows=1599967 width=0)
                                         Filter: ((ss_quantity >= 1) AND (ss_quantity <= 20))
                                   ->  Append-only Columnar Scan on store_sales_1_prt_56  (cost=0.00..442005.00 rows=1545927 width=0)
                                         Filter: ((ss_quantity >= 1) AND (ss_quantity <= 20))
                                   ->  Append-only Columnar Scan on store_sales_1_prt_57  (cost=0.00..458479.00 rows=1621709 width=0)
                                         Filter: ((ss_quantity >= 1) AND (ss_quantity <= 20))
                                   ->  Append-only Columnar Scan on store_sales_1_prt_58  (cost=0.00..458017.00 rows=1587049 width=0)
                                         Filter: ((ss_quantity >= 1) AND (ss_quantity <= 20))
                                   ->  Append-only Columnar Scan on store_sales_1_prt_59  (cost=0.00..458521.00 rows=1582279 width=0)
                                         Filter: ((ss_quantity >= 1) AND (ss_quantity <= 20))
                                   ->  Append-only Columnar Scan on store_sales_1_prt_60  (cost=0.00..458374.00 rows=1593719 width=0)
                                         Filter: ((ss_quantity >= 1) AND (ss_quantity <= 20))
                                   ->  Append-only Columnar Scan on store_sales_1_prt_61  (cost=0.00..562624.00 rows=1934576 width=0)
                                         Filter: ((ss_quantity >= 1) AND (ss_quantity <= 20))
                                   ->  Append-only Columnar Scan on store_sales_1_prt_62  (cost=0.00..1043137.50 rows=3586228 width=0)
                                         Filter: ((ss_quantity >= 1) AND (ss_quantity <= 20))
                                   ->  Append-only Columnar Scan on store_sales_1_prt_63  (cost=0.00..1043773.50 rows=3575804 width=0)
                                         Filter: ((ss_quantity >= 1) AND (ss_quantity <= 20))
                                   ->  Append-only Columnar Scan on store_sales_1_prt_64  (cost=0.00..1043729.50 rows=3580955 width=0)
                                         Filter: ((ss_quantity >= 1) AND (ss_quantity <= 20))
                                   ->  Append-only Columnar Scan on store_sales_1_prt_65  (cost=0.00..1522479.44 rows=5188748 width=0)
                                         Filter: ((ss_quantity >= 1) AND (ss_quantity <= 20))
                                   ->  Append-only Columnar Scan on store_sales_1_prt_66  (cost=0.00..1579804.44 rows=5572565 width=0)
                                         Filter: ((ss_quantity >= 1) AND (ss_quantity <= 20))
                                   ->  Append-only Columnar Scan on store_sales_1_prt_67  (cost=0.00..451358.50 rows=1562794 width=0)
                                         Filter: ((ss_quantity >= 1) AND (ss_quantity <= 20))
                                   ->  Append-only Columnar Scan on store_sales_1_prt_68  (cost=0.00..1.00 rows=1 width=0)
                                         Filter: ((ss_quantity >= 1) AND (ss_quantity <= 20))
                                   ->  Append-only Columnar Scan on store_sales_1_prt_69  (cost=0.00..1.00 rows=1 width=0)
                                         Filter: ((ss_quantity >= 1) AND (ss_quantity <= 20))
                                   ->  Append-only Columnar Scan on store_sales_1_prt_70  (cost=0.00..1.00 rows=1 width=0)
                                         Filter: ((ss_quantity >= 1) AND (ss_quantity <= 20))
                                   ->  Append-only Columnar Scan on store_sales_1_prt_71  (cost=0.00..1.00 rows=1 width=0)
                                         Filter: ((ss_quantity >= 1) AND (ss_quantity <= 20))
                                   ->  Append-only Columnar Scan on store_sales_1_prt_72  (cost=0.00..1.00 rows=1 width=0)
                                         Filter: ((ss_quantity >= 1) AND (ss_quantity <= 20))
                                   ->  Append-only Columnar Scan on store_sales_1_prt_73  (cost=0.00..1.00 rows=1 width=0)
                                         Filter: ((ss_quantity >= 1) AND (ss_quantity <= 20))
                                   ->  Append-only Columnar Scan on store_sales_1_prt_74  (cost=0.00..1.00 rows=1 width=0)
                                         Filter: ((ss_quantity >= 1) AND (ss_quantity <= 20))
                                   ->  Append-only Columnar Scan on store_sales_1_prt_75  (cost=0.00..1.00 rows=1 width=0)
                                         Filter: ((ss_quantity >= 1) AND (ss_quantity <= 20))
                                   ->  Append-only Columnar Scan on store_sales_1_prt_76  (cost=0.00..1.00 rows=1 width=0)
                                         Filter: ((ss_quantity >= 1) AND (ss_quantity <= 20))
                                   ->  Append-only Columnar Scan on store_sales_1_prt_77  (cost=0.00..1.00 rows=1 width=0)
                                         Filter: ((ss_quantity >= 1) AND (ss_quantity <= 20))
                                   ->  Append-only Columnar Scan on store_sales_1_prt_78  (cost=0.00..1.00 rows=1 width=0)
                                         Filter: ((ss_quantity >= 1) AND (ss_quantity <= 20))
                                   ->  Append-only Columnar Scan on store_sales_1_prt_79  (cost=0.00..1.00 rows=1 width=0)
                                         Filter: ((ss_quantity >= 1) AND (ss_quantity <= 20))
                                   ->  Append-only Columnar Scan on store_sales_1_prt_80  (cost=0.00..1.00 rows=1 width=0)
                                         Filter: ((ss_quantity >= 1) AND (ss_quantity <= 20))
         InitPlan 2 (returns $1)  (slice18)
           ->  Aggregate  (cost=55295510.80..55295510.81 rows=1 width=32)
                 ->  Gather Motion 3:1  (slice2; segments: 3)  (cost=55295510.74..55295510.79 rows=1 width=32)
                       ->  Aggregate  (cost=55295510.74..55295510.75 rows=1 width=32)
                             ->  Append  (cost=0.00..53924578.44 rows=182790973 width=3)
                                   ->  Append-only Columnar Scan on store_sales_1_prt_outliers store_sales_1_prt_outliers_1  (cost=0.00..2216620.00 rows=4284033 width=3)
                                         Filter: ((ss_quantity >= 1) AND (ss_quantity <= 20))
                                   ->  Append-only Columnar Scan on store_sales_1_prt_2 store_sales_1_prt_2_1  (cost=0.00..442197.00 rows=1534669 width=3)
                                         Filter: ((ss_quantity >= 1) AND (ss_quantity <= 20))
                                   ->  Append-only Columnar Scan on store_sales_1_prt_3 store_sales_1_prt_3_1  (cost=0.00..458023.00 rows=1587346 width=3)
                                         Filter: ((ss_quantity >= 1) AND (ss_quantity <= 20))
                                   ->  Append-only Columnar Scan on store_sales_1_prt_4 store_sales_1_prt_4_1  (cost=0.00..441906.50 rows=1534458 width=3)
                                         Filter: ((ss_quantity >= 1) AND (ss_quantity <= 20))
                                   ->  Append-only Columnar Scan on store_sales_1_prt_5 store_sales_1_prt_5_1  (cost=0.00..458252.00 rows=1607492 width=3)
                                         Filter: ((ss_quantity >= 1) AND (ss_quantity <= 20))
                                   ->  Append-only Columnar Scan on store_sales_1_prt_6 store_sales_1_prt_6_1  (cost=0.00..458304.00 rows=1567196 width=3)
                                         Filter: ((ss_quantity >= 1) AND (ss_quantity <= 20))
                                   ->  Append-only Columnar Scan on store_sales_1_prt_7 store_sales_1_prt_7_1  (cost=0.00..458351.50 rows=1623146 width=3)
                                         Filter: ((ss_quantity >= 1) AND (ss_quantity <= 20))
                                   ->  Append-only Columnar Scan on store_sales_1_prt_8 store_sales_1_prt_8_1  (cost=0.00..457812.50 rows=1611797 width=3)
                                         Filter: ((ss_quantity >= 1) AND (ss_quantity <= 20))
                                   ->  Append-only Columnar Scan on store_sales_1_prt_9 store_sales_1_prt_9_1  (cost=0.00..667177.00 rows=2267276 width=3)
                                         Filter: ((ss_quantity >= 1) AND (ss_quantity <= 20))
                                   ->  Append-only Columnar Scan on store_sales_1_prt_10 store_sales_1_prt_10_1  (cost=0.00..1042817.00 rows=3621929 width=3)
                                         Filter: ((ss_quantity >= 1) AND (ss_quantity <= 20))
                                   ->  Append-only Columnar Scan on store_sales_1_prt_11 store_sales_1_prt_11_1  (cost=0.00..1043911.50 rows=3608622 width=3)
                                         Filter: ((ss_quantity >= 1) AND (ss_quantity <= 20))
                                   ->  Append-only Columnar Scan on store_sales_1_prt_12 store_sales_1_prt_12_1  (cost=0.00..1081632.50 rows=3752437 width=3)
                                         Filter: ((ss_quantity >= 1) AND (ss_quantity <= 20))
                                   ->  Append-only Columnar Scan on store_sales_1_prt_13 store_sales_1_prt_13_1  (cost=0.00..1580039.00 rows=5414289 width=3)
                                         Filter: ((ss_quantity >= 1) AND (ss_quantity <= 20))
                                   ->  Append-only Columnar Scan on store_sales_1_prt_14 store_sales_1_prt_14_1  (cost=0.00..1581313.00 rows=5506535 width=3)
                                         Filter: ((ss_quantity >= 1) AND (ss_quantity <= 20))
                                   ->  Append-only Columnar Scan on store_sales_1_prt_15 store_sales_1_prt_15_1  (cost=0.00..594935.50 rows=2096148 width=3)
                                         Filter: ((ss_quantity >= 1) AND (ss_quantity <= 20))
                                   ->  Append-only Columnar Scan on store_sales_1_prt_16 store_sales_1_prt_16_1  (cost=0.00..458384.00 rows=1603754 width=3)
                                         Filter: ((ss_quantity >= 1) AND (ss_quantity <= 20))
                                   ->  Append-only Columnar Scan on store_sales_1_prt_17 store_sales_1_prt_17_1  (cost=0.00..442348.50 rows=1542828 width=3)
                                         Filter: ((ss_quantity >= 1) AND (ss_quantity <= 20))
                                   ->  Append-only Columnar Scan on store_sales_1_prt_18 store_sales_1_prt_18_1  (cost=0.00..458535.00 rows=1568387 width=3)
                                         Filter: ((ss_quantity >= 1) AND (ss_quantity <= 20))
                                   ->  Append-only Columnar Scan on store_sales_1_prt_19 store_sales_1_prt_19_1  (cost=0.00..457943.50 rows=1607093 width=3)
                                         Filter: ((ss_quantity >= 1) AND (ss_quantity <= 20))
                                   ->  Append-only Columnar Scan on store_sales_1_prt_20 store_sales_1_prt_20_1  (cost=0.00..458736.50 rows=1575110 width=3)
                                         Filter: ((ss_quantity >= 1) AND (ss_quantity <= 20))
                                   ->  Append-only Columnar Scan on store_sales_1_prt_21 store_sales_1_prt_21_1  (cost=0.00..457993.00 rows=1592105 width=3)
                                         Filter: ((ss_quantity >= 1) AND (ss_quantity <= 20))
                                   ->  Append-only Columnar Scan on store_sales_1_prt_22 store_sales_1_prt_22_1  (cost=0.00..646190.50 rows=2226496 width=3)
                                         Filter: ((ss_quantity >= 1) AND (ss_quantity <= 20))
                                   ->  Append-only Columnar Scan on store_sales_1_prt_23 store_sales_1_prt_23_1  (cost=0.00..1043647.50 rows=3556512 width=3)
                                         Filter: ((ss_quantity >= 1) AND (ss_quantity <= 20))
                                   ->  Append-only Columnar Scan on store_sales_1_prt_24 store_sales_1_prt_24_1  (cost=0.00..1043234.50 rows=3522427 width=3)
                                         Filter: ((ss_quantity >= 1) AND (ss_quantity <= 20))
                                   ->  Append-only Columnar Scan on store_sales_1_prt_25 store_sales_1_prt_25_1  (cost=0.00..1061845.50 rows=3685667 width=3)
                                         Filter: ((ss_quantity >= 1) AND (ss_quantity <= 20))
                                   ->  Append-only Columnar Scan on store_sales_1_prt_26 store_sales_1_prt_26_1  (cost=0.00..1581424.00 rows=5449936 width=3)
                                         Filter: ((ss_quantity >= 1) AND (ss_quantity <= 20))
                                   ->  Append-only Columnar Scan on store_sales_1_prt_27 store_sales_1_prt_27_1  (cost=0.00..1580411.00 rows=5362360 width=3)
                                         Filter: ((ss_quantity >= 1) AND (ss_quantity <= 20))
                                   ->  Append-only Columnar Scan on store_sales_1_prt_28 store_sales_1_prt_28_1  (cost=0.00..634690.00 rows=2201864 width=3)
                                         Filter: ((ss_quantity >= 1) AND (ss_quantity <= 20))
                                   ->  Append-only Columnar Scan on store_sales_1_prt_29 store_sales_1_prt_29_1  (cost=0.00..457618.00 rows=1591618 width=3)
                                         Filter: ((ss_quantity >= 1) AND (ss_quantity <= 20))
                                   ->  Append-only Columnar Scan on store_sales_1_prt_30 store_sales_1_prt_30_1  (cost=0.00..457988.50 rows=1579535 width=3)
                                         Filter: ((ss_quantity >= 1) AND (ss_quantity <= 20))
                                   ->  Append-only Columnar Scan on store_sales_1_prt_31 store_sales_1_prt_31_1  (cost=0.00..457753.00 rows=1599182 width=3)
                                         Filter: ((ss_quantity >= 1) AND (ss_quantity <= 20))
                                   ->  Append-only Columnar Scan on store_sales_1_prt_32 store_sales_1_prt_32_1  (cost=0.00..457623.00 rows=1615972 width=3)
                                         Filter: ((ss_quantity >= 1) AND (ss_quantity <= 20))
                                   ->  Append-only Columnar Scan on store_sales_1_prt_33 store_sales_1_prt_33_1  (cost=0.00..457829.00 rows=1576290 width=3)
                                         Filter: ((ss_quantity >= 1) AND (ss_quantity <= 20))
                                   ->  Append-only Columnar Scan on store_sales_1_prt_34 store_sales_1_prt_34_1  (cost=0.00..457015.50 rows=1542972 width=3)
                                         Filter: ((ss_quantity >= 1) AND (ss_quantity <= 20))
                                   ->  Append-only Columnar Scan on store_sales_1_prt_35 store_sales_1_prt_35_1  (cost=0.00..623916.50 rows=2155996 width=3)
                                         Filter: ((ss_quantity >= 1) AND (ss_quantity <= 20))
                                   ->  Append-only Columnar Scan on store_sales_1_prt_36 store_sales_1_prt_36_1  (cost=0.00..1041735.00 rows=3602195 width=3)
                                         Filter: ((ss_quantity >= 1) AND (ss_quantity <= 20))
                                   ->  Append-only Columnar Scan on store_sales_1_prt_37 store_sales_1_prt_37_1  (cost=0.00..1040850.50 rows=3551915 width=3)
                                         Filter: ((ss_quantity >= 1) AND (ss_quantity <= 20))
                                   ->  Append-only Columnar Scan on store_sales_1_prt_38 store_sales_1_prt_38_1  (cost=0.00..1041468.50 rows=3607570 width=3)
                                         Filter: ((ss_quantity >= 1) AND (ss_quantity <= 20))
                                   ->  Append-only Columnar Scan on store_sales_1_prt_39 store_sales_1_prt_39_1  (cost=0.00..1577831.56 rows=5429126 width=3)
                                         Filter: ((ss_quantity >= 1) AND (ss_quantity <= 20))
                                   ->  Append-only Columnar Scan on store_sales_1_prt_40 store_sales_1_prt_40_1  (cost=0.00..1577838.56 rows=5440260 width=3)
                                         Filter: ((ss_quantity >= 1) AND (ss_quantity <= 20))
                                   ->  Append-only Columnar Scan on store_sales_1_prt_41 store_sales_1_prt_41_1  (cost=0.00..658185.00 rows=2292337 width=3)
                                         Filter: ((ss_quantity >= 1) AND (ss_quantity <= 20))
                                   ->  Append-only Columnar Scan on store_sales_1_prt_42 store_sales_1_prt_42_1  (cost=0.00..458495.50 rows=1577585 width=3)
                                         Filter: ((ss_quantity >= 1) AND (ss_quantity <= 20))
                                   ->  Append-only Columnar Scan on store_sales_1_prt_43 store_sales_1_prt_43_1  (cost=0.00..442207.50 rows=1519986 width=3)
                                         Filter: ((ss_quantity >= 1) AND (ss_quantity <= 20))
                                   ->  Append-only Columnar Scan on store_sales_1_prt_44 store_sales_1_prt_44_1  (cost=0.00..458017.50 rows=1575645 width=3)
                                         Filter: ((ss_quantity >= 1) AND (ss_quantity <= 20))
                                   ->  Append-only Columnar Scan on store_sales_1_prt_45 store_sales_1_prt_45_1  (cost=0.00..458162.00 rows=1577287 width=3)
                                         Filter: ((ss_quantity >= 1) AND (ss_quantity <= 20))
                                   ->  Append-only Columnar Scan on store_sales_1_prt_46 store_sales_1_prt_46_1  (cost=0.00..458582.00 rows=1600671 width=3)
                                         Filter: ((ss_quantity >= 1) AND (ss_quantity <= 20))
                                   ->  Append-only Columnar Scan on store_sales_1_prt_47 store_sales_1_prt_47_1  (cost=0.00..457607.00 rows=1596419 width=3)
                                         Filter: ((ss_quantity >= 1) AND (ss_quantity <= 20))
                                   ->  Append-only Columnar Scan on store_sales_1_prt_48 store_sales_1_prt_48_1  (cost=0.00..583964.00 rows=2016575 width=3)
                                         Filter: ((ss_quantity >= 1) AND (ss_quantity <= 20))
                                   ->  Append-only Columnar Scan on store_sales_1_prt_49 store_sales_1_prt_49_1  (cost=0.00..1044296.00 rows=3576005 width=3)
                                         Filter: ((ss_quantity >= 1) AND (ss_quantity <= 20))
                                   ->  Append-only Columnar Scan on store_sales_1_prt_50 store_sales_1_prt_50_1  (cost=0.00..1043760.50 rows=3623772 width=3)
                                         Filter: ((ss_quantity >= 1) AND (ss_quantity <= 20))
                                   ->  Append-only Columnar Scan on store_sales_1_prt_51 store_sales_1_prt_51_1  (cost=0.00..1043799.50 rows=3543455 width=3)
                                         Filter: ((ss_quantity >= 1) AND (ss_quantity <= 20))
                                   ->  Append-only Columnar Scan on store_sales_1_prt_52 store_sales_1_prt_52_1  (cost=0.00..1540696.00 rows=5366012 width=3)
                                         Filter: ((ss_quantity >= 1) AND (ss_quantity <= 20))
                                   ->  Append-only Columnar Scan on store_sales_1_prt_53 store_sales_1_prt_53_1  (cost=0.00..1581156.44 rows=5362065 width=3)
                                         Filter: ((ss_quantity >= 1) AND (ss_quantity <= 20))
                                   ->  Append-only Columnar Scan on store_sales_1_prt_54 store_sales_1_prt_54_1  (cost=0.00..756390.00 rows=2626322 width=3)
                                         Filter: ((ss_quantity >= 1) AND (ss_quantity <= 20))
                                   ->  Append-only Columnar Scan on store_sales_1_prt_55 store_sales_1_prt_55_1  (cost=0.00..458800.50 rows=1599967 width=3)
                                         Filter: ((ss_quantity >= 1) AND (ss_quantity <= 20))
                                   ->  Append-only Columnar Scan on store_sales_1_prt_56 store_sales_1_prt_56_1  (cost=0.00..442005.00 rows=1545927 width=3)
                                         Filter: ((ss_quantity >= 1) AND (ss_quantity <= 20))
                                   ->  Append-only Columnar Scan on store_sales_1_prt_57 store_sales_1_prt_57_1  (cost=0.00..458479.00 rows=1621709 width=3)
                                         Filter: ((ss_quantity >= 1) AND (ss_quantity <= 20))
                                   ->  Append-only Columnar Scan on store_sales_1_prt_58 store_sales_1_prt_58_1  (cost=0.00..458017.00 rows=1587049 width=3)
                                         Filter: ((ss_quantity >= 1) AND (ss_quantity <= 20))
                                   ->  Append-only Columnar Scan on store_sales_1_prt_59 store_sales_1_prt_59_1  (cost=0.00..458521.00 rows=1582279 width=3)
                                         Filter: ((ss_quantity >= 1) AND (ss_quantity <= 20))
                                   ->  Append-only Columnar Scan on store_sales_1_prt_60 store_sales_1_prt_60_1  (cost=0.00..458374.00 rows=1593719 width=3)
                                         Filter: ((ss_quantity >= 1) AND (ss_quantity <= 20))
                                   ->  Append-only Columnar Scan on store_sales_1_prt_61 store_sales_1_prt_61_1  (cost=0.00..562624.00 rows=1934576 width=3)
                                         Filter: ((ss_quantity >= 1) AND (ss_quantity <= 20))
                                   ->  Append-only Columnar Scan on store_sales_1_prt_62 store_sales_1_prt_62_1  (cost=0.00..1043137.50 rows=3586228 width=3)
                                         Filter: ((ss_quantity >= 1) AND (ss_quantity <= 20))
                                   ->  Append-only Columnar Scan on store_sales_1_prt_63 store_sales_1_prt_63_1  (cost=0.00..1043773.50 rows=3575804 width=3)
                                         Filter: ((ss_quantity >= 1) AND (ss_quantity <= 20))
                                   ->  Append-only Columnar Scan on store_sales_1_prt_64 store_sales_1_prt_64_1  (cost=0.00..1043729.50 rows=3580955 width=3)
                                         Filter: ((ss_quantity >= 1) AND (ss_quantity <= 20))
                                   ->  Append-only Columnar Scan on store_sales_1_prt_65 store_sales_1_prt_65_1  (cost=0.00..1522479.44 rows=5188748 width=3)
                                         Filter: ((ss_quantity >= 1) AND (ss_quantity <= 20))
                                   ->  Append-only Columnar Scan on store_sales_1_prt_66 store_sales_1_prt_66_1  (cost=0.00..1579804.44 rows=5572565 width=3)
                                         Filter: ((ss_quantity >= 1) AND (ss_quantity <= 20))
                                   ->  Append-only Columnar Scan on store_sales_1_prt_67 store_sales_1_prt_67_1  (cost=0.00..451358.50 rows=1562794 width=3)
                                         Filter: ((ss_quantity >= 1) AND (ss_quantity <= 20))
                                   ->  Append-only Columnar Scan on store_sales_1_prt_68 store_sales_1_prt_68_1  (cost=0.00..1.00 rows=1 width=14)
                                         Filter: ((ss_quantity >= 1) AND (ss_quantity <= 20))
                                   ->  Append-only Columnar Scan on store_sales_1_prt_69 store_sales_1_prt_69_1  (cost=0.00..1.00 rows=1 width=14)
                                         Filter: ((ss_quantity >= 1) AND (ss_quantity <= 20))
                                   ->  Append-only Columnar Scan on store_sales_1_prt_70 store_sales_1_prt_70_1  (cost=0.00..1.00 rows=1 width=14)
                                         Filter: ((ss_quantity >= 1) AND (ss_quantity <= 20))
                                   ->  Append-only Columnar Scan on store_sales_1_prt_71 store_sales_1_prt_71_1  (cost=0.00..1.00 rows=1 width=14)
                                         Filter: ((ss_quantity >= 1) AND (ss_quantity <= 20))
                                   ->  Append-only Columnar Scan on store_sales_1_prt_72 store_sales_1_prt_72_1  (cost=0.00..1.00 rows=1 width=14)
                                         Filter: ((ss_quantity >= 1) AND (ss_quantity <= 20))
                                   ->  Append-only Columnar Scan on store_sales_1_prt_73 store_sales_1_prt_73_1  (cost=0.00..1.00 rows=1 width=14)
                                         Filter: ((ss_quantity >= 1) AND (ss_quantity <= 20))
                                   ->  Append-only Columnar Scan on store_sales_1_prt_74 store_sales_1_prt_74_1  (cost=0.00..1.00 rows=1 width=14)
                                         Filter: ((ss_quantity >= 1) AND (ss_quantity <= 20))
                                   ->  Append-only Columnar Scan on store_sales_1_prt_75 store_sales_1_prt_75_1  (cost=0.00..1.00 rows=1 width=14)
                                         Filter: ((ss_quantity >= 1) AND (ss_quantity <= 20))
                                   ->  Append-only Columnar Scan on store_sales_1_prt_76 store_sales_1_prt_76_1  (cost=0.00..1.00 rows=1 width=14)
                                         Filter: ((ss_quantity >= 1) AND (ss_quantity <= 20))
                                   ->  Append-only Columnar Scan on store_sales_1_prt_77 store_sales_1_prt_77_1  (cost=0.00..1.00 rows=1 width=14)
                                         Filter: ((ss_quantity >= 1) AND (ss_quantity <= 20))
                                   ->  Append-only Columnar Scan on store_sales_1_prt_78 store_sales_1_prt_78_1  (cost=0.00..1.00 rows=1 width=14)
                                         Filter: ((ss_quantity >= 1) AND (ss_quantity <= 20))
                                   ->  Append-only Columnar Scan on store_sales_1_prt_79 store_sales_1_prt_79_1  (cost=0.00..1.00 rows=1 width=14)
                                         Filter: ((ss_quantity >= 1) AND (ss_quantity <= 20))
                                   ->  Append-only Columnar Scan on store_sales_1_prt_80 store_sales_1_prt_80_1  (cost=0.00..1.00 rows=1 width=14)
                                         Filter: ((ss_quantity >= 1) AND (ss_quantity <= 20))
         InitPlan 3 (returns $2)  (slice19)
           ->  Aggregate  (cost=55295510.80..55295510.81 rows=1 width=32)
                 ->  Gather Motion 3:1  (slice3; segments: 3)  (cost=55295510.74..55295510.79 rows=1 width=32)
                       ->  Aggregate  (cost=55295510.74..55295510.75 rows=1 width=32)
                             ->  Append  (cost=0.00..53924578.44 rows=182790973 width=6)
                                   ->  Append-only Columnar Scan on store_sales_1_prt_outliers store_sales_1_prt_outliers_2  (cost=0.00..2216620.00 rows=4284033 width=6)
                                         Filter: ((ss_quantity >= 1) AND (ss_quantity <= 20))
                                   ->  Append-only Columnar Scan on store_sales_1_prt_2 store_sales_1_prt_2_2  (cost=0.00..442197.00 rows=1534669 width=6)
                                         Filter: ((ss_quantity >= 1) AND (ss_quantity <= 20))
                                   ->  Append-only Columnar Scan on store_sales_1_prt_3 store_sales_1_prt_3_2  (cost=0.00..458023.00 rows=1587346 width=6)
                                         Filter: ((ss_quantity >= 1) AND (ss_quantity <= 20))
                                   ->  Append-only Columnar Scan on store_sales_1_prt_4 store_sales_1_prt_4_2  (cost=0.00..441906.50 rows=1534458 width=6)
                                         Filter: ((ss_quantity >= 1) AND (ss_quantity <= 20))
                                   ->  Append-only Columnar Scan on store_sales_1_prt_5 store_sales_1_prt_5_2  (cost=0.00..458252.00 rows=1607492 width=6)
                                         Filter: ((ss_quantity >= 1) AND (ss_quantity <= 20))
                                   ->  Append-only Columnar Scan on store_sales_1_prt_6 store_sales_1_prt_6_2  (cost=0.00..458304.00 rows=1567196 width=6)
                                         Filter: ((ss_quantity >= 1) AND (ss_quantity <= 20))
                                   ->  Append-only Columnar Scan on store_sales_1_prt_7 store_sales_1_prt_7_2  (cost=0.00..458351.50 rows=1623146 width=6)
                                         Filter: ((ss_quantity >= 1) AND (ss_quantity <= 20))
                                   ->  Append-only Columnar Scan on store_sales_1_prt_8 store_sales_1_prt_8_2  (cost=0.00..457812.50 rows=1611797 width=6)
                                         Filter: ((ss_quantity >= 1) AND (ss_quantity <= 20))
                                   ->  Append-only Columnar Scan on store_sales_1_prt_9 store_sales_1_prt_9_2  (cost=0.00..667177.00 rows=2267276 width=6)
                                         Filter: ((ss_quantity >= 1) AND (ss_quantity <= 20))
                                   ->  Append-only Columnar Scan on store_sales_1_prt_10 store_sales_1_prt_10_2  (cost=0.00..1042817.00 rows=3621929 width=6)
                                         Filter: ((ss_quantity >= 1) AND (ss_quantity <= 20))
                                   ->  Append-only Columnar Scan on store_sales_1_prt_11 store_sales_1_prt_11_2  (cost=0.00..1043911.50 rows=3608622 width=6)
                                         Filter: ((ss_quantity >= 1) AND (ss_quantity <= 20))
                                   ->  Append-only Columnar Scan on store_sales_1_prt_12 store_sales_1_prt_12_2  (cost=0.00..1081632.50 rows=3752437 width=6)
                                         Filter: ((ss_quantity >= 1) AND (ss_quantity <= 20))
                                   ->  Append-only Columnar Scan on store_sales_1_prt_13 store_sales_1_prt_13_2  (cost=0.00..1580039.00 rows=5414289 width=6)
                                         Filter: ((ss_quantity >= 1) AND (ss_quantity <= 20))
                                   ->  Append-only Columnar Scan on store_sales_1_prt_14 store_sales_1_prt_14_2  (cost=0.00..1581313.00 rows=5506535 width=6)
                                         Filter: ((ss_quantity >= 1) AND (ss_quantity <= 20))
                                   ->  Append-only Columnar Scan on store_sales_1_prt_15 store_sales_1_prt_15_2  (cost=0.00..594935.50 rows=2096148 width=6)
                                         Filter: ((ss_quantity >= 1) AND (ss_quantity <= 20))
                                   ->  Append-only Columnar Scan on store_sales_1_prt_16 store_sales_1_prt_16_2  (cost=0.00..458384.00 rows=1603754 width=6)
                                         Filter: ((ss_quantity >= 1) AND (ss_quantity <= 20))
                                   ->  Append-only Columnar Scan on store_sales_1_prt_17 store_sales_1_prt_17_2  (cost=0.00..442348.50 rows=1542828 width=6)
                                         Filter: ((ss_quantity >= 1) AND (ss_quantity <= 20))
                                   ->  Append-only Columnar Scan on store_sales_1_prt_18 store_sales_1_prt_18_2  (cost=0.00..458535.00 rows=1568387 width=6)
                                         Filter: ((ss_quantity >= 1) AND (ss_quantity <= 20))
                                   ->  Append-only Columnar Scan on store_sales_1_prt_19 store_sales_1_prt_19_2  (cost=0.00..457943.50 rows=1607093 width=6)
                                         Filter: ((ss_quantity >= 1) AND (ss_quantity <= 20))
                                   ->  Append-only Columnar Scan on store_sales_1_prt_20 store_sales_1_prt_20_2  (cost=0.00..458736.50 rows=1575110 width=6)
                                         Filter: ((ss_quantity >= 1) AND (ss_quantity <= 20))
                                   ->  Append-only Columnar Scan on store_sales_1_prt_21 store_sales_1_prt_21_2  (cost=0.00..457993.00 rows=1592105 width=6)
                                         Filter: ((ss_quantity >= 1) AND (ss_quantity <= 20))
                                   ->  Append-only Columnar Scan on store_sales_1_prt_22 store_sales_1_prt_22_2  (cost=0.00..646190.50 rows=2226496 width=6)
                                         Filter: ((ss_quantity >= 1) AND (ss_quantity <= 20))
                                   ->  Append-only Columnar Scan on store_sales_1_prt_23 store_sales_1_prt_23_2  (cost=0.00..1043647.50 rows=3556512 width=6)
                                         Filter: ((ss_quantity >= 1) AND (ss_quantity <= 20))
                                   ->  Append-only Columnar Scan on store_sales_1_prt_24 store_sales_1_prt_24_2  (cost=0.00..1043234.50 rows=3522427 width=6)
                                         Filter: ((ss_quantity >= 1) AND (ss_quantity <= 20))
                                   ->  Append-only Columnar Scan on store_sales_1_prt_25 store_sales_1_prt_25_2  (cost=0.00..1061845.50 rows=3685667 width=6)
                                         Filter: ((ss_quantity >= 1) AND (ss_quantity <= 20))
                                   ->  Append-only Columnar Scan on store_sales_1_prt_26 store_sales_1_prt_26_2  (cost=0.00..1581424.00 rows=5449936 width=6)
                                         Filter: ((ss_quantity >= 1) AND (ss_quantity <= 20))
                                   ->  Append-only Columnar Scan on store_sales_1_prt_27 store_sales_1_prt_27_2  (cost=0.00..1580411.00 rows=5362360 width=6)
                                         Filter: ((ss_quantity >= 1) AND (ss_quantity <= 20))
                                   ->  Append-only Columnar Scan on store_sales_1_prt_28 store_sales_1_prt_28_2  (cost=0.00..634690.00 rows=2201864 width=6)
                                         Filter: ((ss_quantity >= 1) AND (ss_quantity <= 20))
                                   ->  Append-only Columnar Scan on store_sales_1_prt_29 store_sales_1_prt_29_2  (cost=0.00..457618.00 rows=1591618 width=6)
                                         Filter: ((ss_quantity >= 1) AND (ss_quantity <= 20))
                                   ->  Append-only Columnar Scan on store_sales_1_prt_30 store_sales_1_prt_30_2  (cost=0.00..457988.50 rows=1579535 width=6)
                                         Filter: ((ss_quantity >= 1) AND (ss_quantity <= 20))
                                   ->  Append-only Columnar Scan on store_sales_1_prt_31 store_sales_1_prt_31_2  (cost=0.00..457753.00 rows=1599182 width=6)
                                         Filter: ((ss_quantity >= 1) AND (ss_quantity <= 20))
                                   ->  Append-only Columnar Scan on store_sales_1_prt_32 store_sales_1_prt_32_2  (cost=0.00..457623.00 rows=1615972 width=6)
                                         Filter: ((ss_quantity >= 1) AND (ss_quantity <= 20))
                                   ->  Append-only Columnar Scan on store_sales_1_prt_33 store_sales_1_prt_33_2  (cost=0.00..457829.00 rows=1576290 width=6)
                                         Filter: ((ss_quantity >= 1) AND (ss_quantity <= 20))
                                   ->  Append-only Columnar Scan on store_sales_1_prt_34 store_sales_1_prt_34_2  (cost=0.00..457015.50 rows=1542972 width=6)
                                         Filter: ((ss_quantity >= 1) AND (ss_quantity <= 20))
                                   ->  Append-only Columnar Scan on store_sales_1_prt_35 store_sales_1_prt_35_2  (cost=0.00..623916.50 rows=2155996 width=6)
                                         Filter: ((ss_quantity >= 1) AND (ss_quantity <= 20))
                                   ->  Append-only Columnar Scan on store_sales_1_prt_36 store_sales_1_prt_36_2  (cost=0.00..1041735.00 rows=3602195 width=6)
                                         Filter: ((ss_quantity >= 1) AND (ss_quantity <= 20))
                                   ->  Append-only Columnar Scan on store_sales_1_prt_37 store_sales_1_prt_37_2  (cost=0.00..1040850.50 rows=3551915 width=6)
                                         Filter: ((ss_quantity >= 1) AND (ss_quantity <= 20))
                                   ->  Append-only Columnar Scan on store_sales_1_prt_38 store_sales_1_prt_38_2  (cost=0.00..1041468.50 rows=3607570 width=6)
                                         Filter: ((ss_quantity >= 1) AND (ss_quantity <= 20))
                                   ->  Append-only Columnar Scan on store_sales_1_prt_39 store_sales_1_prt_39_2  (cost=0.00..1577831.56 rows=5429126 width=6)
                                         Filter: ((ss_quantity >= 1) AND (ss_quantity <= 20))
                                   ->  Append-only Columnar Scan on store_sales_1_prt_40 store_sales_1_prt_40_2  (cost=0.00..1577838.56 rows=5440260 width=6)
                                         Filter: ((ss_quantity >= 1) AND (ss_quantity <= 20))
                                   ->  Append-only Columnar Scan on store_sales_1_prt_41 store_sales_1_prt_41_2  (cost=0.00..658185.00 rows=2292337 width=6)
                                         Filter: ((ss_quantity >= 1) AND (ss_quantity <= 20))
                                   ->  Append-only Columnar Scan on store_sales_1_prt_42 store_sales_1_prt_42_2  (cost=0.00..458495.50 rows=1577585 width=6)
                                         Filter: ((ss_quantity >= 1) AND (ss_quantity <= 20))
                                   ->  Append-only Columnar Scan on store_sales_1_prt_43 store_sales_1_prt_43_2  (cost=0.00..442207.50 rows=1519986 width=6)
                                         Filter: ((ss_quantity >= 1) AND (ss_quantity <= 20))
                                   ->  Append-only Columnar Scan on store_sales_1_prt_44 store_sales_1_prt_44_2  (cost=0.00..458017.50 rows=1575645 width=6)
                                         Filter: ((ss_quantity >= 1) AND (ss_quantity <= 20))
                                   ->  Append-only Columnar Scan on store_sales_1_prt_45 store_sales_1_prt_45_2  (cost=0.00..458162.00 rows=1577287 width=6)
                                         Filter: ((ss_quantity >= 1) AND (ss_quantity <= 20))
                                   ->  Append-only Columnar Scan on store_sales_1_prt_46 store_sales_1_prt_46_2  (cost=0.00..458582.00 rows=1600671 width=6)
                                         Filter: ((ss_quantity >= 1) AND (ss_quantity <= 20))
                                   ->  Append-only Columnar Scan on store_sales_1_prt_47 store_sales_1_prt_47_2  (cost=0.00..457607.00 rows=1596419 width=6)
                                         Filter: ((ss_quantity >= 1) AND (ss_quantity <= 20))
                                   ->  Append-only Columnar Scan on store_sales_1_prt_48 store_sales_1_prt_48_2  (cost=0.00..583964.00 rows=2016575 width=6)
                                         Filter: ((ss_quantity >= 1) AND (ss_quantity <= 20))
                                   ->  Append-only Columnar Scan on store_sales_1_prt_49 store_sales_1_prt_49_2  (cost=0.00..1044296.00 rows=3576005 width=6)
                                         Filter: ((ss_quantity >= 1) AND (ss_quantity <= 20))
                                   ->  Append-only Columnar Scan on store_sales_1_prt_50 store_sales_1_prt_50_2  (cost=0.00..1043760.50 rows=3623772 width=6)
                                         Filter: ((ss_quantity >= 1) AND (ss_quantity <= 20))
                                   ->  Append-only Columnar Scan on store_sales_1_prt_51 store_sales_1_prt_51_2  (cost=0.00..1043799.50 rows=3543455 width=6)
                                         Filter: ((ss_quantity >= 1) AND (ss_quantity <= 20))
                                   ->  Append-only Columnar Scan on store_sales_1_prt_52 store_sales_1_prt_52_2  (cost=0.00..1540696.00 rows=5366012 width=6)
                                         Filter: ((ss_quantity >= 1) AND (ss_quantity <= 20))
                                   ->  Append-only Columnar Scan on store_sales_1_prt_53 store_sales_1_prt_53_2  (cost=0.00..1581156.44 rows=5362065 width=6)
                                         Filter: ((ss_quantity >= 1) AND (ss_quantity <= 20))
                                   ->  Append-only Columnar Scan on store_sales_1_prt_54 store_sales_1_prt_54_2  (cost=0.00..756390.00 rows=2626322 width=6)
                                         Filter: ((ss_quantity >= 1) AND (ss_quantity <= 20))
                                   ->  Append-only Columnar Scan on store_sales_1_prt_55 store_sales_1_prt_55_2  (cost=0.00..458800.50 rows=1599967 width=6)
                                         Filter: ((ss_quantity >= 1) AND (ss_quantity <= 20))
                                   ->  Append-only Columnar Scan on store_sales_1_prt_56 store_sales_1_prt_56_2  (cost=0.00..442005.00 rows=1545927 width=6)
                                         Filter: ((ss_quantity >= 1) AND (ss_quantity <= 20))
                                   ->  Append-only Columnar Scan on store_sales_1_prt_57 store_sales_1_prt_57_2  (cost=0.00..458479.00 rows=1621709 width=6)
                                         Filter: ((ss_quantity >= 1) AND (ss_quantity <= 20))
                                   ->  Append-only Columnar Scan on store_sales_1_prt_58 store_sales_1_prt_58_2  (cost=0.00..458017.00 rows=1587049 width=6)
                                         Filter: ((ss_quantity >= 1) AND (ss_quantity <= 20))
                                   ->  Append-only Columnar Scan on store_sales_1_prt_59 store_sales_1_prt_59_2  (cost=0.00..458521.00 rows=1582279 width=6)
                                         Filter: ((ss_quantity >= 1) AND (ss_quantity <= 20))
                                   ->  Append-only Columnar Scan on store_sales_1_prt_60 store_sales_1_prt_60_2  (cost=0.00..458374.00 rows=1593719 width=6)
                                         Filter: ((ss_quantity >= 1) AND (ss_quantity <= 20))
                                   ->  Append-only Columnar Scan on store_sales_1_prt_61 store_sales_1_prt_61_2  (cost=0.00..562624.00 rows=1934576 width=6)
                                         Filter: ((ss_quantity >= 1) AND (ss_quantity <= 20))
                                   ->  Append-only Columnar Scan on store_sales_1_prt_62 store_sales_1_prt_62_2  (cost=0.00..1043137.50 rows=3586228 width=6)
                                         Filter: ((ss_quantity >= 1) AND (ss_quantity <= 20))
                                   ->  Append-only Columnar Scan on store_sales_1_prt_63 store_sales_1_prt_63_2  (cost=0.00..1043773.50 rows=3575804 width=6)
                                         Filter: ((ss_quantity >= 1) AND (ss_quantity <= 20))
                                   ->  Append-only Columnar Scan on store_sales_1_prt_64 store_sales_1_prt_64_2  (cost=0.00..1043729.50 rows=3580955 width=6)
                                         Filter: ((ss_quantity >= 1) AND (ss_quantity <= 20))
                                   ->  Append-only Columnar Scan on store_sales_1_prt_65 store_sales_1_prt_65_2  (cost=0.00..1522479.44 rows=5188748 width=6)
                                         Filter: ((ss_quantity >= 1) AND (ss_quantity <= 20))
                                   ->  Append-only Columnar Scan on store_sales_1_prt_66 store_sales_1_prt_66_2  (cost=0.00..1579804.44 rows=5572565 width=6)
                                         Filter: ((ss_quantity >= 1) AND (ss_quantity <= 20))
                                   ->  Append-only Columnar Scan on store_sales_1_prt_67 store_sales_1_prt_67_2  (cost=0.00..451358.50 rows=1562794 width=6)
                                         Filter: ((ss_quantity >= 1) AND (ss_quantity <= 20))
                                   ->  Append-only Columnar Scan on store_sales_1_prt_68 store_sales_1_prt_68_2  (cost=0.00..1.00 rows=1 width=14)
                                         Filter: ((ss_quantity >= 1) AND (ss_quantity <= 20))
                                   ->  Append-only Columnar Scan on store_sales_1_prt_69 store_sales_1_prt_69_2  (cost=0.00..1.00 rows=1 width=14)
                                         Filter: ((ss_quantity >= 1) AND (ss_quantity <= 20))
                                   ->  Append-only Columnar Scan on store_sales_1_prt_70 store_sales_1_prt_70_2  (cost=0.00..1.00 rows=1 width=14)
                                         Filter: ((ss_quantity >= 1) AND (ss_quantity <= 20))
                                   ->  Append-only Columnar Scan on store_sales_1_prt_71 store_sales_1_prt_71_2  (cost=0.00..1.00 rows=1 width=14)
                                         Filter: ((ss_quantity >= 1) AND (ss_quantity <= 20))
                                   ->  Append-only Columnar Scan on store_sales_1_prt_72 store_sales_1_prt_72_2  (cost=0.00..1.00 rows=1 width=14)
                                         Filter: ((ss_quantity >= 1) AND (ss_quantity <= 20))
                                   ->  Append-only Columnar Scan on store_sales_1_prt_73 store_sales_1_prt_73_2  (cost=0.00..1.00 rows=1 width=14)
                                         Filter: ((ss_quantity >= 1) AND (ss_quantity <= 20))
                                   ->  Append-only Columnar Scan on store_sales_1_prt_74 store_sales_1_prt_74_2  (cost=0.00..1.00 rows=1 width=14)
                                         Filter: ((ss_quantity >= 1) AND (ss_quantity <= 20))
                                   ->  Append-only Columnar Scan on store_sales_1_prt_75 store_sales_1_prt_75_2  (cost=0.00..1.00 rows=1 width=14)
                                         Filter: ((ss_quantity >= 1) AND (ss_quantity <= 20))
                                   ->  Append-only Columnar Scan on store_sales_1_prt_76 store_sales_1_prt_76_2  (cost=0.00..1.00 rows=1 width=14)
                                         Filter: ((ss_quantity >= 1) AND (ss_quantity <= 20))
                                   ->  Append-only Columnar Scan on store_sales_1_prt_77 store_sales_1_prt_77_2  (cost=0.00..1.00 rows=1 width=14)
                                         Filter: ((ss_quantity >= 1) AND (ss_quantity <= 20))
                                   ->  Append-only Columnar Scan on store_sales_1_prt_78 store_sales_1_prt_78_2  (cost=0.00..1.00 rows=1 width=14)
                                         Filter: ((ss_quantity >= 1) AND (ss_quantity <= 20))
                                   ->  Append-only Columnar Scan on store_sales_1_prt_79 store_sales_1_prt_79_2  (cost=0.00..1.00 rows=1 width=14)
                                         Filter: ((ss_quantity >= 1) AND (ss_quantity <= 20))
                                   ->  Append-only Columnar Scan on store_sales_1_prt_80 store_sales_1_prt_80_2  (cost=0.00..1.00 rows=1 width=14)
                                         Filter: ((ss_quantity >= 1) AND (ss_quantity <= 20))
         InitPlan 4 (returns $3)  (slice20)
           ->  Aggregate  (cost=55301360.46..55301360.47 rows=1 width=8)
                 ->  Gather Motion 3:1  (slice4; segments: 3)  (cost=55301360.40..55301360.45 rows=1 width=8)
                       ->  Aggregate  (cost=55301360.40..55301360.41 rows=1 width=8)
                             ->  Append  (cost=0.00..53924578.44 rows=183570929 width=0)
                                   ->  Append-only Columnar Scan on store_sales_1_prt_outliers store_sales_1_prt_outliers_3  (cost=0.00..2216620.00 rows=4442435 width=0)
                                         Filter: ((ss_quantity >= 21) AND (ss_quantity <= 40))
                                   ->  Append-only Columnar Scan on store_sales_1_prt_2 store_sales_1_prt_2_3  (cost=0.00..442197.00 rows=1546714 width=0)
                                         Filter: ((ss_quantity >= 21) AND (ss_quantity <= 40))
                                   ->  Append-only Columnar Scan on store_sales_1_prt_3 store_sales_1_prt_3_3  (cost=0.00..458023.00 rows=1584910 width=0)
                                         Filter: ((ss_quantity >= 21) AND (ss_quantity <= 40))
                                   ->  Append-only Columnar Scan on store_sales_1_prt_4 store_sales_1_prt_4_3  (cost=0.00..441906.50 rows=1527634 width=0)
                                         Filter: ((ss_quantity >= 21) AND (ss_quantity <= 40))
                                   ->  Append-only Columnar Scan on store_sales_1_prt_5 store_sales_1_prt_5_3  (cost=0.00..458252.00 rows=1585268 width=0)
                                         Filter: ((ss_quantity >= 21) AND (ss_quantity <= 40))
                                   ->  Append-only Columnar Scan on store_sales_1_prt_6 store_sales_1_prt_6_3  (cost=0.00..458304.00 rows=1548507 width=0)
                                         Filter: ((ss_quantity >= 21) AND (ss_quantity <= 40))
                                   ->  Append-only Columnar Scan on store_sales_1_prt_7 store_sales_1_prt_7_3  (cost=0.00..458351.50 rows=1567615 width=0)
                                         Filter: ((ss_quantity >= 21) AND (ss_quantity <= 40))
                                   ->  Append-only Columnar Scan on store_sales_1_prt_8 store_sales_1_prt_8_3  (cost=0.00..457812.50 rows=1602541 width=0)
                                         Filter: ((ss_quantity >= 21) AND (ss_quantity <= 40))
                                   ->  Append-only Columnar Scan on store_sales_1_prt_9 store_sales_1_prt_9_3  (cost=0.00..667177.00 rows=2363883 width=0)
                                         Filter: ((ss_quantity >= 21) AND (ss_quantity <= 40))
                                   ->  Append-only Columnar Scan on store_sales_1_prt_10 store_sales_1_prt_10_3  (cost=0.00..1042817.00 rows=3622546 width=0)
                                         Filter: ((ss_quantity >= 21) AND (ss_quantity <= 40))
                                   ->  Append-only Columnar Scan on store_sales_1_prt_11 store_sales_1_prt_11_3  (cost=0.00..1043911.50 rows=3629596 width=0)
                                         Filter: ((ss_quantity >= 21) AND (ss_quantity <= 40))
                                   ->  Append-only Columnar Scan on store_sales_1_prt_12 store_sales_1_prt_12_3  (cost=0.00..1081632.50 rows=3786958 width=0)
                                         Filter: ((ss_quantity >= 21) AND (ss_quantity <= 40))
                                   ->  Append-only Columnar Scan on store_sales_1_prt_13 store_sales_1_prt_13_3  (cost=0.00..1580039.00 rows=5488059 width=0)
                                         Filter: ((ss_quantity >= 21) AND (ss_quantity <= 40))
                                   ->  Append-only Columnar Scan on store_sales_1_prt_14 store_sales_1_prt_14_3  (cost=0.00..1581313.00 rows=5422418 width=0)
                                         Filter: ((ss_quantity >= 21) AND (ss_quantity <= 40))
                                   ->  Append-only Columnar Scan on store_sales_1_prt_15 store_sales_1_prt_15_3  (cost=0.00..594935.50 rows=2044380 width=0)
                                         Filter: ((ss_quantity >= 21) AND (ss_quantity <= 40))
                                   ->  Append-only Columnar Scan on store_sales_1_prt_16 store_sales_1_prt_16_3  (cost=0.00..458384.00 rows=1568266 width=0)
                                         Filter: ((ss_quantity >= 21) AND (ss_quantity <= 40))
                                   ->  Append-only Columnar Scan on store_sales_1_prt_17 store_sales_1_prt_17_3  (cost=0.00..442348.50 rows=1513936 width=0)
                                         Filter: ((ss_quantity >= 21) AND (ss_quantity <= 40))
                                   ->  Append-only Columnar Scan on store_sales_1_prt_18 store_sales_1_prt_18_3  (cost=0.00..458535.00 rows=1610297 width=0)
                                         Filter: ((ss_quantity >= 21) AND (ss_quantity <= 40))
                                   ->  Append-only Columnar Scan on store_sales_1_prt_19 store_sales_1_prt_19_3  (cost=0.00..457943.50 rows=1588689 width=0)
                                         Filter: ((ss_quantity >= 21) AND (ss_quantity <= 40))
                                   ->  Append-only Columnar Scan on store_sales_1_prt_20 store_sales_1_prt_20_3  (cost=0.00..458736.50 rows=1589342 width=0)
                                         Filter: ((ss_quantity >= 21) AND (ss_quantity <= 40))
                                   ->  Append-only Columnar Scan on store_sales_1_prt_21 store_sales_1_prt_21_3  (cost=0.00..457993.00 rows=1569996 width=0)
                                         Filter: ((ss_quantity >= 21) AND (ss_quantity <= 40))
                                   ->  Append-only Columnar Scan on store_sales_1_prt_22 store_sales_1_prt_22_3  (cost=0.00..646190.50 rows=2258576 width=0)
                                         Filter: ((ss_quantity >= 21) AND (ss_quantity <= 40))
                                   ->  Append-only Columnar Scan on store_sales_1_prt_23 store_sales_1_prt_23_3  (cost=0.00..1043647.50 rows=3639167 width=0)
                                         Filter: ((ss_quantity >= 21) AND (ss_quantity <= 40))
                                   ->  Append-only Columnar Scan on store_sales_1_prt_24 store_sales_1_prt_24_3  (cost=0.00..1043234.50 rows=3645736 width=0)
                                         Filter: ((ss_quantity >= 21) AND (ss_quantity <= 40))
                                   ->  Append-only Columnar Scan on store_sales_1_prt_25 store_sales_1_prt_25_3  (cost=0.00..1061845.50 rows=3704493 width=0)
                                         Filter: ((ss_quantity >= 21) AND (ss_quantity <= 40))
                                   ->  Append-only Columnar Scan on store_sales_1_prt_26 store_sales_1_prt_26_3  (cost=0.00..1581424.00 rows=5458364 width=0)
                                         Filter: ((ss_quantity >= 21) AND (ss_quantity <= 40))
                                   ->  Append-only Columnar Scan on store_sales_1_prt_27 store_sales_1_prt_27_3  (cost=0.00..1580411.00 rows=5533294 width=0)
                                         Filter: ((ss_quantity >= 21) AND (ss_quantity <= 40))
                                   ->  Append-only Columnar Scan on store_sales_1_prt_28 store_sales_1_prt_28_3  (cost=0.00..634690.00 rows=2178232 width=0)
                                         Filter: ((ss_quantity >= 21) AND (ss_quantity <= 40))
                                   ->  Append-only Columnar Scan on store_sales_1_prt_29 store_sales_1_prt_29_3  (cost=0.00..457618.00 rows=1599461 width=0)
                                         Filter: ((ss_quantity >= 21) AND (ss_quantity <= 40))
                                   ->  Append-only Columnar Scan on store_sales_1_prt_30 store_sales_1_prt_30_3  (cost=0.00..457988.50 rows=1591275 width=0)
                                         Filter: ((ss_quantity >= 21) AND (ss_quantity <= 40))
                                   ->  Append-only Columnar Scan on store_sales_1_prt_31 store_sales_1_prt_31_3  (cost=0.00..457753.00 rows=1599723 width=0)
                                         Filter: ((ss_quantity >= 21) AND (ss_quantity <= 40))
                                   ->  Append-only Columnar Scan on store_sales_1_prt_32 store_sales_1_prt_32_3  (cost=0.00..457623.00 rows=1612727 width=0)
                                         Filter: ((ss_quantity >= 21) AND (ss_quantity <= 40))
                                   ->  Append-only Columnar Scan on store_sales_1_prt_33 store_sales_1_prt_33_3  (cost=0.00..457829.00 rows=1600720 width=0)
                                         Filter: ((ss_quantity >= 21) AND (ss_quantity <= 40))
                                   ->  Append-only Columnar Scan on store_sales_1_prt_34 store_sales_1_prt_34_3  (cost=0.00..457015.50 rows=1560610 width=0)
                                         Filter: ((ss_quantity >= 21) AND (ss_quantity <= 40))
                                   ->  Append-only Columnar Scan on store_sales_1_prt_35 store_sales_1_prt_35_3  (cost=0.00..623916.50 rows=2173327 width=0)
                                         Filter: ((ss_quantity >= 21) AND (ss_quantity <= 40))
                                   ->  Append-only Columnar Scan on store_sales_1_prt_36 store_sales_1_prt_36_3  (cost=0.00..1041735.00 rows=3596652 width=0)
                                         Filter: ((ss_quantity >= 21) AND (ss_quantity <= 40))
                                   ->  Append-only Columnar Scan on store_sales_1_prt_37 store_sales_1_prt_37_3  (cost=0.00..1040850.50 rows=3626966 width=0)
                                         Filter: ((ss_quantity >= 21) AND (ss_quantity <= 40))
                                   ->  Append-only Columnar Scan on store_sales_1_prt_38 store_sales_1_prt_38_3  (cost=0.00..1041468.50 rows=3652502 width=0)
                                         Filter: ((ss_quantity >= 21) AND (ss_quantity <= 40))
                                   ->  Append-only Columnar Scan on store_sales_1_prt_39 store_sales_1_prt_39_3  (cost=0.00..1577831.56 rows=5434716 width=0)
                                         Filter: ((ss_quantity >= 21) AND (ss_quantity <= 40))
                                   ->  Append-only Columnar Scan on store_sales_1_prt_40 store_sales_1_prt_40_3  (cost=0.00..1577838.56 rows=5533934 width=0)
                                         Filter: ((ss_quantity >= 21) AND (ss_quantity <= 40))
                                   ->  Append-only Columnar Scan on store_sales_1_prt_41 store_sales_1_prt_41_3  (cost=0.00..658185.00 rows=2291170 width=0)
                                         Filter: ((ss_quantity >= 21) AND (ss_quantity <= 40))
                                   ->  Append-only Columnar Scan on store_sales_1_prt_42 store_sales_1_prt_42_3  (cost=0.00..458495.50 rows=1606810 width=0)
                                         Filter: ((ss_quantity >= 21) AND (ss_quantity <= 40))
                                   ->  Append-only Columnar Scan on store_sales_1_prt_43 store_sales_1_prt_43_3  (cost=0.00..442207.50 rows=1499340 width=0)
                                         Filter: ((ss_quantity >= 21) AND (ss_quantity <= 40))
                                   ->  Append-only Columnar Scan on store_sales_1_prt_44 store_sales_1_prt_44_3  (cost=0.00..458017.50 rows=1566439 width=0)
                                         Filter: ((ss_quantity >= 21) AND (ss_quantity <= 40))
                                   ->  Append-only Columnar Scan on store_sales_1_prt_45 store_sales_1_prt_45_3  (cost=0.00..458162.00 rows=1608154 width=0)
                                         Filter: ((ss_quantity >= 21) AND (ss_quantity <= 40))
                                   ->  Append-only Columnar Scan on store_sales_1_prt_46 store_sales_1_prt_46_3  (cost=0.00..458582.00 rows=1565437 width=0)
                                         Filter: ((ss_quantity >= 21) AND (ss_quantity <= 40))
                                   ->  Append-only Columnar Scan on store_sales_1_prt_47 store_sales_1_prt_47_3  (cost=0.00..457607.00 rows=1546338 width=0)
                                         Filter: ((ss_quantity >= 21) AND (ss_quantity <= 40))
                                   ->  Append-only Columnar Scan on store_sales_1_prt_48 store_sales_1_prt_48_3  (cost=0.00..583964.00 rows=2015196 width=0)
                                         Filter: ((ss_quantity >= 21) AND (ss_quantity <= 40))
                                   ->  Append-only Columnar Scan on store_sales_1_prt_49 store_sales_1_prt_49_3  (cost=0.00..1044296.00 rows=3698825 width=0)
                                         Filter: ((ss_quantity >= 21) AND (ss_quantity <= 40))
                                   ->  Append-only Columnar Scan on store_sales_1_prt_50 store_sales_1_prt_50_3  (cost=0.00..1043760.50 rows=3623771 width=0)
                                         Filter: ((ss_quantity >= 21) AND (ss_quantity <= 40))
                                   ->  Append-only Columnar Scan on store_sales_1_prt_51 store_sales_1_prt_51_3  (cost=0.00..1043799.50 rows=3600827 width=0)
                                         Filter: ((ss_quantity >= 21) AND (ss_quantity <= 40))
                                   ->  Append-only Columnar Scan on store_sales_1_prt_52 store_sales_1_prt_52_3  (cost=0.00..1540696.00 rows=5219408 width=0)
                                         Filter: ((ss_quantity >= 21) AND (ss_quantity <= 40))
                                   ->  Append-only Columnar Scan on store_sales_1_prt_53 store_sales_1_prt_53_3  (cost=0.00..1581156.44 rows=5403404 width=0)
                                         Filter: ((ss_quantity >= 21) AND (ss_quantity <= 40))
                                   ->  Append-only Columnar Scan on store_sales_1_prt_54 store_sales_1_prt_54_3  (cost=0.00..756390.00 rows=2583407 width=0)
                                         Filter: ((ss_quantity >= 21) AND (ss_quantity <= 40))
                                   ->  Append-only Columnar Scan on store_sales_1_prt_55 store_sales_1_prt_55_3  (cost=0.00..458800.50 rows=1579008 width=0)
                                         Filter: ((ss_quantity >= 21) AND (ss_quantity <= 40))
                                   ->  Append-only Columnar Scan on store_sales_1_prt_56 store_sales_1_prt_56_3  (cost=0.00..442005.00 rows=1551413 width=0)
                                         Filter: ((ss_quantity >= 21) AND (ss_quantity <= 40))
                                   ->  Append-only Columnar Scan on store_sales_1_prt_57 store_sales_1_prt_57_3  (cost=0.00..458479.00 rows=1562640 width=0)
                                         Filter: ((ss_quantity >= 21) AND (ss_quantity <= 40))
                                   ->  Append-only Columnar Scan on store_sales_1_prt_58 store_sales_1_prt_58_3  (cost=0.00..458017.00 rows=1580282 width=0)
                                         Filter: ((ss_quantity >= 21) AND (ss_quantity <= 40))
                                   ->  Append-only Columnar Scan on store_sales_1_prt_59 store_sales_1_prt_59_3  (cost=0.00..458521.00 rows=1560058 width=0)
                                         Filter: ((ss_quantity >= 21) AND (ss_quantity <= 40))
                                   ->  Append-only Columnar Scan on store_sales_1_prt_60 store_sales_1_prt_60_3  (cost=0.00..458374.00 rows=1593176 width=0)
                                         Filter: ((ss_quantity >= 21) AND (ss_quantity <= 40))
                                   ->  Append-only Columnar Scan on store_sales_1_prt_61 store_sales_1_prt_61_3  (cost=0.00..562624.00 rows=1925930 width=0)
                                         Filter: ((ss_quantity >= 21) AND (ss_quantity <= 40))
                                   ->  Append-only Columnar Scan on store_sales_1_prt_62 store_sales_1_prt_62_3  (cost=0.00..1043137.50 rows=3584993 width=0)
                                         Filter: ((ss_quantity >= 21) AND (ss_quantity <= 40))
                                   ->  Append-only Columnar Scan on store_sales_1_prt_63 store_sales_1_prt_63_3  (cost=0.00..1043773.50 rows=3631608 width=0)
                                         Filter: ((ss_quantity >= 21) AND (ss_quantity <= 40))
                                   ->  Append-only Columnar Scan on store_sales_1_prt_64 store_sales_1_prt_64_3  (cost=0.00..1043729.50 rows=3658252 width=0)
                                         Filter: ((ss_quantity >= 21) AND (ss_quantity <= 40))
                                   ->  Append-only Columnar Scan on store_sales_1_prt_65 store_sales_1_prt_65_3  (cost=0.00..1522479.44 rows=5338163 width=0)
                                         Filter: ((ss_quantity >= 21) AND (ss_quantity <= 40))
                                   ->  Append-only Columnar Scan on store_sales_1_prt_66 store_sales_1_prt_66_3  (cost=0.00..1579804.44 rows=5408039 width=0)
                                         Filter: ((ss_quantity >= 21) AND (ss_quantity <= 40))
                                   ->  Append-only Columnar Scan on store_sales_1_prt_67 store_sales_1_prt_67_3  (cost=0.00..451358.50 rows=1564405 width=0)
                                         Filter: ((ss_quantity >= 21) AND (ss_quantity <= 40))
                                   ->  Append-only Columnar Scan on store_sales_1_prt_68 store_sales_1_prt_68_3  (cost=0.00..1.00 rows=1 width=0)
                                         Filter: ((ss_quantity >= 21) AND (ss_quantity <= 40))
                                   ->  Append-only Columnar Scan on store_sales_1_prt_69 store_sales_1_prt_69_3  (cost=0.00..1.00 rows=1 width=0)
                                         Filter: ((ss_quantity >= 21) AND (ss_quantity <= 40))
                                   ->  Append-only Columnar Scan on store_sales_1_prt_70 store_sales_1_prt_70_3  (cost=0.00..1.00 rows=1 width=0)
                                         Filter: ((ss_quantity >= 21) AND (ss_quantity <= 40))
                                   ->  Append-only Columnar Scan on store_sales_1_prt_71 store_sales_1_prt_71_3  (cost=0.00..1.00 rows=1 width=0)
                                         Filter: ((ss_quantity >= 21) AND (ss_quantity <= 40))
                                   ->  Append-only Columnar Scan on store_sales_1_prt_72 store_sales_1_prt_72_3  (cost=0.00..1.00 rows=1 width=0)
                                         Filter: ((ss_quantity >= 21) AND (ss_quantity <= 40))
                                   ->  Append-only Columnar Scan on store_sales_1_prt_73 store_sales_1_prt_73_3  (cost=0.00..1.00 rows=1 width=0)
                                         Filter: ((ss_quantity >= 21) AND (ss_quantity <= 40))
                                   ->  Append-only Columnar Scan on store_sales_1_prt_74 store_sales_1_prt_74_3  (cost=0.00..1.00 rows=1 width=0)
                                         Filter: ((ss_quantity >= 21) AND (ss_quantity <= 40))
                                   ->  Append-only Columnar Scan on store_sales_1_prt_75 store_sales_1_prt_75_3  (cost=0.00..1.00 rows=1 width=0)
                                         Filter: ((ss_quantity >= 21) AND (ss_quantity <= 40))
                                   ->  Append-only Columnar Scan on store_sales_1_prt_76 store_sales_1_prt_76_3  (cost=0.00..1.00 rows=1 width=0)
                                         Filter: ((ss_quantity >= 21) AND (ss_quantity <= 40))
                                   ->  Append-only Columnar Scan on store_sales_1_prt_77 store_sales_1_prt_77_3  (cost=0.00..1.00 rows=1 width=0)
                                         Filter: ((ss_quantity >= 21) AND (ss_quantity <= 40))
                                   ->  Append-only Columnar Scan on store_sales_1_prt_78 store_sales_1_prt_78_3  (cost=0.00..1.00 rows=1 width=0)
                                         Filter: ((ss_quantity >= 21) AND (ss_quantity <= 40))
                                   ->  Append-only Columnar Scan on store_sales_1_prt_79 store_sales_1_prt_79_3  (cost=0.00..1.00 rows=1 width=0)
                                         Filter: ((ss_quantity >= 21) AND (ss_quantity <= 40))
                                   ->  Append-only Columnar Scan on store_sales_1_prt_80 store_sales_1_prt_80_3  (cost=0.00..1.00 rows=1 width=0)
                                         Filter: ((ss_quantity >= 21) AND (ss_quantity <= 40))
         InitPlan 5 (returns $4)  (slice21)
           ->  Aggregate  (cost=55301360.47..55301360.48 rows=1 width=32)
                 ->  Gather Motion 3:1  (slice5; segments: 3)  (cost=55301360.40..55301360.45 rows=1 width=32)
                       ->  Aggregate  (cost=55301360.40..55301360.41 rows=1 width=32)
                             ->  Append  (cost=0.00..53924578.44 rows=183570929 width=3)
                                   ->  Append-only Columnar Scan on store_sales_1_prt_outliers store_sales_1_prt_outliers_4  (cost=0.00..2216620.00 rows=4442435 width=3)
                                         Filter: ((ss_quantity >= 21) AND (ss_quantity <= 40))
                                   ->  Append-only Columnar Scan on store_sales_1_prt_2 store_sales_1_prt_2_4  (cost=0.00..442197.00 rows=1546714 width=3)
                                         Filter: ((ss_quantity >= 21) AND (ss_quantity <= 40))
                                   ->  Append-only Columnar Scan on store_sales_1_prt_3 store_sales_1_prt_3_4  (cost=0.00..458023.00 rows=1584910 width=3)
                                         Filter: ((ss_quantity >= 21) AND (ss_quantity <= 40))
                                   ->  Append-only Columnar Scan on store_sales_1_prt_4 store_sales_1_prt_4_4  (cost=0.00..441906.50 rows=1527634 width=3)
                                         Filter: ((ss_quantity >= 21) AND (ss_quantity <= 40))
                                   ->  Append-only Columnar Scan on store_sales_1_prt_5 store_sales_1_prt_5_4  (cost=0.00..458252.00 rows=1585268 width=3)
                                         Filter: ((ss_quantity >= 21) AND (ss_quantity <= 40))
                                   ->  Append-only Columnar Scan on store_sales_1_prt_6 store_sales_1_prt_6_4  (cost=0.00..458304.00 rows=1548507 width=3)
                                         Filter: ((ss_quantity >= 21) AND (ss_quantity <= 40))
                                   ->  Append-only Columnar Scan on store_sales_1_prt_7 store_sales_1_prt_7_4  (cost=0.00..458351.50 rows=1567615 width=3)
                                         Filter: ((ss_quantity >= 21) AND (ss_quantity <= 40))
                                   ->  Append-only Columnar Scan on store_sales_1_prt_8 store_sales_1_prt_8_4  (cost=0.00..457812.50 rows=1602541 width=3)
                                         Filter: ((ss_quantity >= 21) AND (ss_quantity <= 40))
                                   ->  Append-only Columnar Scan on store_sales_1_prt_9 store_sales_1_prt_9_4  (cost=0.00..667177.00 rows=2363883 width=3)
                                         Filter: ((ss_quantity >= 21) AND (ss_quantity <= 40))
                                   ->  Append-only Columnar Scan on store_sales_1_prt_10 store_sales_1_prt_10_4  (cost=0.00..1042817.00 rows=3622546 width=3)
                                         Filter: ((ss_quantity >= 21) AND (ss_quantity <= 40))
                                   ->  Append-only Columnar Scan on store_sales_1_prt_11 store_sales_1_prt_11_4  (cost=0.00..1043911.50 rows=3629596 width=3)
                                         Filter: ((ss_quantity >= 21) AND (ss_quantity <= 40))
                                   ->  Append-only Columnar Scan on store_sales_1_prt_12 store_sales_1_prt_12_4  (cost=0.00..1081632.50 rows=3786958 width=3)
                                         Filter: ((ss_quantity >= 21) AND (ss_quantity <= 40))
                                   ->  Append-only Columnar Scan on store_sales_1_prt_13 store_sales_1_prt_13_4  (cost=0.00..1580039.00 rows=5488059 width=3)
                                         Filter: ((ss_quantity >= 21) AND (ss_quantity <= 40))
                                   ->  Append-only Columnar Scan on store_sales_1_prt_14 store_sales_1_prt_14_4  (cost=0.00..1581313.00 rows=5422418 width=3)
                                         Filter: ((ss_quantity >= 21) AND (ss_quantity <= 40))
                                   ->  Append-only Columnar Scan on store_sales_1_prt_15 store_sales_1_prt_15_4  (cost=0.00..594935.50 rows=2044380 width=3)
                                         Filter: ((ss_quantity >= 21) AND (ss_quantity <= 40))
                                   ->  Append-only Columnar Scan on store_sales_1_prt_16 store_sales_1_prt_16_4  (cost=0.00..458384.00 rows=1568266 width=3)
                                         Filter: ((ss_quantity >= 21) AND (ss_quantity <= 40))
                                   ->  Append-only Columnar Scan on store_sales_1_prt_17 store_sales_1_prt_17_4  (cost=0.00..442348.50 rows=1513936 width=3)
                                         Filter: ((ss_quantity >= 21) AND (ss_quantity <= 40))
                                   ->  Append-only Columnar Scan on store_sales_1_prt_18 store_sales_1_prt_18_4  (cost=0.00..458535.00 rows=1610297 width=3)
                                         Filter: ((ss_quantity >= 21) AND (ss_quantity <= 40))
                                   ->  Append-only Columnar Scan on store_sales_1_prt_19 store_sales_1_prt_19_4  (cost=0.00..457943.50 rows=1588689 width=3)
                                         Filter: ((ss_quantity >= 21) AND (ss_quantity <= 40))
                                   ->  Append-only Columnar Scan on store_sales_1_prt_20 store_sales_1_prt_20_4  (cost=0.00..458736.50 rows=1589342 width=3)
                                         Filter: ((ss_quantity >= 21) AND (ss_quantity <= 40))
                                   ->  Append-only Columnar Scan on store_sales_1_prt_21 store_sales_1_prt_21_4  (cost=0.00..457993.00 rows=1569996 width=3)
                                         Filter: ((ss_quantity >= 21) AND (ss_quantity <= 40))
                                   ->  Append-only Columnar Scan on store_sales_1_prt_22 store_sales_1_prt_22_4  (cost=0.00..646190.50 rows=2258576 width=3)
                                         Filter: ((ss_quantity >= 21) AND (ss_quantity <= 40))
                                   ->  Append-only Columnar Scan on store_sales_1_prt_23 store_sales_1_prt_23_4  (cost=0.00..1043647.50 rows=3639167 width=3)
                                         Filter: ((ss_quantity >= 21) AND (ss_quantity <= 40))
                                   ->  Append-only Columnar Scan on store_sales_1_prt_24 store_sales_1_prt_24_4  (cost=0.00..1043234.50 rows=3645736 width=3)
                                         Filter: ((ss_quantity >= 21) AND (ss_quantity <= 40))
                                   ->  Append-only Columnar Scan on store_sales_1_prt_25 store_sales_1_prt_25_4  (cost=0.00..1061845.50 rows=3704493 width=3)
                                         Filter: ((ss_quantity >= 21) AND (ss_quantity <= 40))
                                   ->  Append-only Columnar Scan on store_sales_1_prt_26 store_sales_1_prt_26_4  (cost=0.00..1581424.00 rows=5458364 width=3)
                                         Filter: ((ss_quantity >= 21) AND (ss_quantity <= 40))
                                   ->  Append-only Columnar Scan on store_sales_1_prt_27 store_sales_1_prt_27_4  (cost=0.00..1580411.00 rows=5533294 width=3)
                                         Filter: ((ss_quantity >= 21) AND (ss_quantity <= 40))
                                   ->  Append-only Columnar Scan on store_sales_1_prt_28 store_sales_1_prt_28_4  (cost=0.00..634690.00 rows=2178232 width=3)
                                         Filter: ((ss_quantity >= 21) AND (ss_quantity <= 40))
                                   ->  Append-only Columnar Scan on store_sales_1_prt_29 store_sales_1_prt_29_4  (cost=0.00..457618.00 rows=1599461 width=3)
                                         Filter: ((ss_quantity >= 21) AND (ss_quantity <= 40))
                                   ->  Append-only Columnar Scan on store_sales_1_prt_30 store_sales_1_prt_30_4  (cost=0.00..457988.50 rows=1591275 width=3)
                                         Filter: ((ss_quantity >= 21) AND (ss_quantity <= 40))
                                   ->  Append-only Columnar Scan on store_sales_1_prt_31 store_sales_1_prt_31_4  (cost=0.00..457753.00 rows=1599723 width=3)
                                         Filter: ((ss_quantity >= 21) AND (ss_quantity <= 40))
                                   ->  Append-only Columnar Scan on store_sales_1_prt_32 store_sales_1_prt_32_4  (cost=0.00..457623.00 rows=1612727 width=3)
                                         Filter: ((ss_quantity >= 21) AND (ss_quantity <= 40))
                                   ->  Append-only Columnar Scan on store_sales_1_prt_33 store_sales_1_prt_33_4  (cost=0.00..457829.00 rows=1600720 width=3)
                                         Filter: ((ss_quantity >= 21) AND (ss_quantity <= 40))
                                   ->  Append-only Columnar Scan on store_sales_1_prt_34 store_sales_1_prt_34_4  (cost=0.00..457015.50 rows=1560610 width=3)
                                         Filter: ((ss_quantity >= 21) AND (ss_quantity <= 40))
                                   ->  Append-only Columnar Scan on store_sales_1_prt_35 store_sales_1_prt_35_4  (cost=0.00..623916.50 rows=2173327 width=3)
                                         Filter: ((ss_quantity >= 21) AND (ss_quantity <= 40))
                                   ->  Append-only Columnar Scan on store_sales_1_prt_36 store_sales_1_prt_36_4  (cost=0.00..1041735.00 rows=3596652 width=3)
                                         Filter: ((ss_quantity >= 21) AND (ss_quantity <= 40))
                                   ->  Append-only Columnar Scan on store_sales_1_prt_37 store_sales_1_prt_37_4  (cost=0.00..1040850.50 rows=3626966 width=3)
                                         Filter: ((ss_quantity >= 21) AND (ss_quantity <= 40))
                                   ->  Append-only Columnar Scan on store_sales_1_prt_38 store_sales_1_prt_38_4  (cost=0.00..1041468.50 rows=3652502 width=3)
                                         Filter: ((ss_quantity >= 21) AND (ss_quantity <= 40))
                                   ->  Append-only Columnar Scan on store_sales_1_prt_39 store_sales_1_prt_39_4  (cost=0.00..1577831.56 rows=5434716 width=3)
                                         Filter: ((ss_quantity >= 21) AND (ss_quantity <= 40))
                                   ->  Append-only Columnar Scan on store_sales_1_prt_40 store_sales_1_prt_40_4  (cost=0.00..1577838.56 rows=5533934 width=3)
                                         Filter: ((ss_quantity >= 21) AND (ss_quantity <= 40))
                                   ->  Append-only Columnar Scan on store_sales_1_prt_41 store_sales_1_prt_41_4  (cost=0.00..658185.00 rows=2291170 width=3)
                                         Filter: ((ss_quantity >= 21) AND (ss_quantity <= 40))
                                   ->  Append-only Columnar Scan on store_sales_1_prt_42 store_sales_1_prt_42_4  (cost=0.00..458495.50 rows=1606810 width=3)
                                         Filter: ((ss_quantity >= 21) AND (ss_quantity <= 40))
                                   ->  Append-only Columnar Scan on store_sales_1_prt_43 store_sales_1_prt_43_4  (cost=0.00..442207.50 rows=1499340 width=3)
                                         Filter: ((ss_quantity >= 21) AND (ss_quantity <= 40))
                                   ->  Append-only Columnar Scan on store_sales_1_prt_44 store_sales_1_prt_44_4  (cost=0.00..458017.50 rows=1566439 width=3)
                                         Filter: ((ss_quantity >= 21) AND (ss_quantity <= 40))
                                   ->  Append-only Columnar Scan on store_sales_1_prt_45 store_sales_1_prt_45_4  (cost=0.00..458162.00 rows=1608154 width=3)
                                         Filter: ((ss_quantity >= 21) AND (ss_quantity <= 40))
                                   ->  Append-only Columnar Scan on store_sales_1_prt_46 store_sales_1_prt_46_4  (cost=0.00..458582.00 rows=1565437 width=3)
                                         Filter: ((ss_quantity >= 21) AND (ss_quantity <= 40))
                                   ->  Append-only Columnar Scan on store_sales_1_prt_47 store_sales_1_prt_47_4  (cost=0.00..457607.00 rows=1546338 width=3)
                                         Filter: ((ss_quantity >= 21) AND (ss_quantity <= 40))
                                   ->  Append-only Columnar Scan on store_sales_1_prt_48 store_sales_1_prt_48_4  (cost=0.00..583964.00 rows=2015196 width=3)
                                         Filter: ((ss_quantity >= 21) AND (ss_quantity <= 40))
                                   ->  Append-only Columnar Scan on store_sales_1_prt_49 store_sales_1_prt_49_4  (cost=0.00..1044296.00 rows=3698825 width=3)
                                         Filter: ((ss_quantity >= 21) AND (ss_quantity <= 40))
                                   ->  Append-only Columnar Scan on store_sales_1_prt_50 store_sales_1_prt_50_4  (cost=0.00..1043760.50 rows=3623771 width=3)
                                         Filter: ((ss_quantity >= 21) AND (ss_quantity <= 40))
                                   ->  Append-only Columnar Scan on store_sales_1_prt_51 store_sales_1_prt_51_4  (cost=0.00..1043799.50 rows=3600827 width=3)
                                         Filter: ((ss_quantity >= 21) AND (ss_quantity <= 40))
                                   ->  Append-only Columnar Scan on store_sales_1_prt_52 store_sales_1_prt_52_4  (cost=0.00..1540696.00 rows=5219408 width=3)
                                         Filter: ((ss_quantity >= 21) AND (ss_quantity <= 40))
                                   ->  Append-only Columnar Scan on store_sales_1_prt_53 store_sales_1_prt_53_4  (cost=0.00..1581156.44 rows=5403404 width=3)
                                         Filter: ((ss_quantity >= 21) AND (ss_quantity <= 40))
                                   ->  Append-only Columnar Scan on store_sales_1_prt_54 store_sales_1_prt_54_4  (cost=0.00..756390.00 rows=2583407 width=3)
                                         Filter: ((ss_quantity >= 21) AND (ss_quantity <= 40))
                                   ->  Append-only Columnar Scan on store_sales_1_prt_55 store_sales_1_prt_55_4  (cost=0.00..458800.50 rows=1579008 width=3)
                                         Filter: ((ss_quantity >= 21) AND (ss_quantity <= 40))
                                   ->  Append-only Columnar Scan on store_sales_1_prt_56 store_sales_1_prt_56_4  (cost=0.00..442005.00 rows=1551413 width=3)
                                         Filter: ((ss_quantity >= 21) AND (ss_quantity <= 40))
                                   ->  Append-only Columnar Scan on store_sales_1_prt_57 store_sales_1_prt_57_4  (cost=0.00..458479.00 rows=1562640 width=3)
                                         Filter: ((ss_quantity >= 21) AND (ss_quantity <= 40))
                                   ->  Append-only Columnar Scan on store_sales_1_prt_58 store_sales_1_prt_58_4  (cost=0.00..458017.00 rows=1580282 width=3)
                                         Filter: ((ss_quantity >= 21) AND (ss_quantity <= 40))
                                   ->  Append-only Columnar Scan on store_sales_1_prt_59 store_sales_1_prt_59_4  (cost=0.00..458521.00 rows=1560058 width=3)
                                         Filter: ((ss_quantity >= 21) AND (ss_quantity <= 40))
                                   ->  Append-only Columnar Scan on store_sales_1_prt_60 store_sales_1_prt_60_4  (cost=0.00..458374.00 rows=1593176 width=3)
                                         Filter: ((ss_quantity >= 21) AND (ss_quantity <= 40))
                                   ->  Append-only Columnar Scan on store_sales_1_prt_61 store_sales_1_prt_61_4  (cost=0.00..562624.00 rows=1925930 width=3)
                                         Filter: ((ss_quantity >= 21) AND (ss_quantity <= 40))
                                   ->  Append-only Columnar Scan on store_sales_1_prt_62 store_sales_1_prt_62_4  (cost=0.00..1043137.50 rows=3584993 width=3)
                                         Filter: ((ss_quantity >= 21) AND (ss_quantity <= 40))
                                   ->  Append-only Columnar Scan on store_sales_1_prt_63 store_sales_1_prt_63_4  (cost=0.00..1043773.50 rows=3631608 width=3)
                                         Filter: ((ss_quantity >= 21) AND (ss_quantity <= 40))
                                   ->  Append-only Columnar Scan on store_sales_1_prt_64 store_sales_1_prt_64_4  (cost=0.00..1043729.50 rows=3658252 width=3)
                                         Filter: ((ss_quantity >= 21) AND (ss_quantity <= 40))
                                   ->  Append-only Columnar Scan on store_sales_1_prt_65 store_sales_1_prt_65_4  (cost=0.00..1522479.44 rows=5338163 width=3)
                                         Filter: ((ss_quantity >= 21) AND (ss_quantity <= 40))
                                   ->  Append-only Columnar Scan on store_sales_1_prt_66 store_sales_1_prt_66_4  (cost=0.00..1579804.44 rows=5408039 width=3)
                                         Filter: ((ss_quantity >= 21) AND (ss_quantity <= 40))
                                   ->  Append-only Columnar Scan on store_sales_1_prt_67 store_sales_1_prt_67_4  (cost=0.00..451358.50 rows=1564405 width=3)
                                         Filter: ((ss_quantity >= 21) AND (ss_quantity <= 40))
                                   ->  Append-only Columnar Scan on store_sales_1_prt_68 store_sales_1_prt_68_4  (cost=0.00..1.00 rows=1 width=14)
                                         Filter: ((ss_quantity >= 21) AND (ss_quantity <= 40))
                                   ->  Append-only Columnar Scan on store_sales_1_prt_69 store_sales_1_prt_69_4  (cost=0.00..1.00 rows=1 width=14)
                                         Filter: ((ss_quantity >= 21) AND (ss_quantity <= 40))
                                   ->  Append-only Columnar Scan on store_sales_1_prt_70 store_sales_1_prt_70_4  (cost=0.00..1.00 rows=1 width=14)
                                         Filter: ((ss_quantity >= 21) AND (ss_quantity <= 40))
                                   ->  Append-only Columnar Scan on store_sales_1_prt_71 store_sales_1_prt_71_4  (cost=0.00..1.00 rows=1 width=14)
                                         Filter: ((ss_quantity >= 21) AND (ss_quantity <= 40))
                                   ->  Append-only Columnar Scan on store_sales_1_prt_72 store_sales_1_prt_72_4  (cost=0.00..1.00 rows=1 width=14)
                                         Filter: ((ss_quantity >= 21) AND (ss_quantity <= 40))
                                   ->  Append-only Columnar Scan on store_sales_1_prt_73 store_sales_1_prt_73_4  (cost=0.00..1.00 rows=1 width=14)
                                         Filter: ((ss_quantity >= 21) AND (ss_quantity <= 40))
                                   ->  Append-only Columnar Scan on store_sales_1_prt_74 store_sales_1_prt_74_4  (cost=0.00..1.00 rows=1 width=14)
                                         Filter: ((ss_quantity >= 21) AND (ss_quantity <= 40))
                                   ->  Append-only Columnar Scan on store_sales_1_prt_75 store_sales_1_prt_75_4  (cost=0.00..1.00 rows=1 width=14)
                                         Filter: ((ss_quantity >= 21) AND (ss_quantity <= 40))
                                   ->  Append-only Columnar Scan on store_sales_1_prt_76 store_sales_1_prt_76_4  (cost=0.00..1.00 rows=1 width=14)
                                         Filter: ((ss_quantity >= 21) AND (ss_quantity <= 40))
                                   ->  Append-only Columnar Scan on store_sales_1_prt_77 store_sales_1_prt_77_4  (cost=0.00..1.00 rows=1 width=14)
                                         Filter: ((ss_quantity >= 21) AND (ss_quantity <= 40))
                                   ->  Append-only Columnar Scan on store_sales_1_prt_78 store_sales_1_prt_78_4  (cost=0.00..1.00 rows=1 width=14)
                                         Filter: ((ss_quantity >= 21) AND (ss_quantity <= 40))
                                   ->  Append-only Columnar Scan on store_sales_1_prt_79 store_sales_1_prt_79_4  (cost=0.00..1.00 rows=1 width=14)
                                         Filter: ((ss_quantity >= 21) AND (ss_quantity <= 40))
                                   ->  Append-only Columnar Scan on store_sales_1_prt_80 store_sales_1_prt_80_4  (cost=0.00..1.00 rows=1 width=14)
                                         Filter: ((ss_quantity >= 21) AND (ss_quantity <= 40))
         InitPlan 6 (returns $5)  (slice22)
           ->  Aggregate  (cost=55301360.47..55301360.48 rows=1 width=32)
                 ->  Gather Motion 3:1  (slice6; segments: 3)  (cost=55301360.40..55301360.45 rows=1 width=32)
                       ->  Aggregate  (cost=55301360.40..55301360.41 rows=1 width=32)
                             ->  Append  (cost=0.00..53924578.44 rows=183570929 width=6)
                                   ->  Append-only Columnar Scan on store_sales_1_prt_outliers store_sales_1_prt_outliers_5  (cost=0.00..2216620.00 rows=4442435 width=6)
                                         Filter: ((ss_quantity >= 21) AND (ss_quantity <= 40))
                                   ->  Append-only Columnar Scan on store_sales_1_prt_2 store_sales_1_prt_2_5  (cost=0.00..442197.00 rows=1546714 width=6)
                                         Filter: ((ss_quantity >= 21) AND (ss_quantity <= 40))
                                   ->  Append-only Columnar Scan on store_sales_1_prt_3 store_sales_1_prt_3_5  (cost=0.00..458023.00 rows=1584910 width=6)
                                         Filter: ((ss_quantity >= 21) AND (ss_quantity <= 40))
                                   ->  Append-only Columnar Scan on store_sales_1_prt_4 store_sales_1_prt_4_5  (cost=0.00..441906.50 rows=1527634 width=6)
                                         Filter: ((ss_quantity >= 21) AND (ss_quantity <= 40))
                                   ->  Append-only Columnar Scan on store_sales_1_prt_5 store_sales_1_prt_5_5  (cost=0.00..458252.00 rows=1585268 width=6)
                                         Filter: ((ss_quantity >= 21) AND (ss_quantity <= 40))
                                   ->  Append-only Columnar Scan on store_sales_1_prt_6 store_sales_1_prt_6_5  (cost=0.00..458304.00 rows=1548507 width=6)
                                         Filter: ((ss_quantity >= 21) AND (ss_quantity <= 40))
                                   ->  Append-only Columnar Scan on store_sales_1_prt_7 store_sales_1_prt_7_5  (cost=0.00..458351.50 rows=1567615 width=6)
                                         Filter: ((ss_quantity >= 21) AND (ss_quantity <= 40))
                                   ->  Append-only Columnar Scan on store_sales_1_prt_8 store_sales_1_prt_8_5  (cost=0.00..457812.50 rows=1602541 width=6)
                                         Filter: ((ss_quantity >= 21) AND (ss_quantity <= 40))
                                   ->  Append-only Columnar Scan on store_sales_1_prt_9 store_sales_1_prt_9_5  (cost=0.00..667177.00 rows=2363883 width=6)
                                         Filter: ((ss_quantity >= 21) AND (ss_quantity <= 40))
                                   ->  Append-only Columnar Scan on store_sales_1_prt_10 store_sales_1_prt_10_5  (cost=0.00..1042817.00 rows=3622546 width=6)
                                         Filter: ((ss_quantity >= 21) AND (ss_quantity <= 40))
                                   ->  Append-only Columnar Scan on store_sales_1_prt_11 store_sales_1_prt_11_5  (cost=0.00..1043911.50 rows=3629596 width=6)
                                         Filter: ((ss_quantity >= 21) AND (ss_quantity <= 40))
                                   ->  Append-only Columnar Scan on store_sales_1_prt_12 store_sales_1_prt_12_5  (cost=0.00..1081632.50 rows=3786958 width=6)
                                         Filter: ((ss_quantity >= 21) AND (ss_quantity <= 40))
                                   ->  Append-only Columnar Scan on store_sales_1_prt_13 store_sales_1_prt_13_5  (cost=0.00..1580039.00 rows=5488059 width=6)
                                         Filter: ((ss_quantity >= 21) AND (ss_quantity <= 40))
                                   ->  Append-only Columnar Scan on store_sales_1_prt_14 store_sales_1_prt_14_5  (cost=0.00..1581313.00 rows=5422418 width=6)
                                         Filter: ((ss_quantity >= 21) AND (ss_quantity <= 40))
                                   ->  Append-only Columnar Scan on store_sales_1_prt_15 store_sales_1_prt_15_5  (cost=0.00..594935.50 rows=2044380 width=6)
                                         Filter: ((ss_quantity >= 21) AND (ss_quantity <= 40))
                                   ->  Append-only Columnar Scan on store_sales_1_prt_16 store_sales_1_prt_16_5  (cost=0.00..458384.00 rows=1568266 width=6)
                                         Filter: ((ss_quantity >= 21) AND (ss_quantity <= 40))
                                   ->  Append-only Columnar Scan on store_sales_1_prt_17 store_sales_1_prt_17_5  (cost=0.00..442348.50 rows=1513936 width=6)
                                         Filter: ((ss_quantity >= 21) AND (ss_quantity <= 40))
                                   ->  Append-only Columnar Scan on store_sales_1_prt_18 store_sales_1_prt_18_5  (cost=0.00..458535.00 rows=1610297 width=6)
                                         Filter: ((ss_quantity >= 21) AND (ss_quantity <= 40))
                                   ->  Append-only Columnar Scan on store_sales_1_prt_19 store_sales_1_prt_19_5  (cost=0.00..457943.50 rows=1588689 width=6)
                                         Filter: ((ss_quantity >= 21) AND (ss_quantity <= 40))
                                   ->  Append-only Columnar Scan on store_sales_1_prt_20 store_sales_1_prt_20_5  (cost=0.00..458736.50 rows=1589342 width=6)
                                         Filter: ((ss_quantity >= 21) AND (ss_quantity <= 40))
                                   ->  Append-only Columnar Scan on store_sales_1_prt_21 store_sales_1_prt_21_5  (cost=0.00..457993.00 rows=1569996 width=6)
                                         Filter: ((ss_quantity >= 21) AND (ss_quantity <= 40))
                                   ->  Append-only Columnar Scan on store_sales_1_prt_22 store_sales_1_prt_22_5  (cost=0.00..646190.50 rows=2258576 width=6)
                                         Filter: ((ss_quantity >= 21) AND (ss_quantity <= 40))
                                   ->  Append-only Columnar Scan on store_sales_1_prt_23 store_sales_1_prt_23_5  (cost=0.00..1043647.50 rows=3639167 width=6)
                                         Filter: ((ss_quantity >= 21) AND (ss_quantity <= 40))
                                   ->  Append-only Columnar Scan on store_sales_1_prt_24 store_sales_1_prt_24_5  (cost=0.00..1043234.50 rows=3645736 width=6)
                                         Filter: ((ss_quantity >= 21) AND (ss_quantity <= 40))
                                   ->  Append-only Columnar Scan on store_sales_1_prt_25 store_sales_1_prt_25_5  (cost=0.00..1061845.50 rows=3704493 width=6)
                                         Filter: ((ss_quantity >= 21) AND (ss_quantity <= 40))
                                   ->  Append-only Columnar Scan on store_sales_1_prt_26 store_sales_1_prt_26_5  (cost=0.00..1581424.00 rows=5458364 width=6)
                                         Filter: ((ss_quantity >= 21) AND (ss_quantity <= 40))
                                   ->  Append-only Columnar Scan on store_sales_1_prt_27 store_sales_1_prt_27_5  (cost=0.00..1580411.00 rows=5533294 width=6)
                                         Filter: ((ss_quantity >= 21) AND (ss_quantity <= 40))
                                   ->  Append-only Columnar Scan on store_sales_1_prt_28 store_sales_1_prt_28_5  (cost=0.00..634690.00 rows=2178232 width=6)
                                         Filter: ((ss_quantity >= 21) AND (ss_quantity <= 40))
                                   ->  Append-only Columnar Scan on store_sales_1_prt_29 store_sales_1_prt_29_5  (cost=0.00..457618.00 rows=1599461 width=6)
                                         Filter: ((ss_quantity >= 21) AND (ss_quantity <= 40))
                                   ->  Append-only Columnar Scan on store_sales_1_prt_30 store_sales_1_prt_30_5  (cost=0.00..457988.50 rows=1591275 width=6)
                                         Filter: ((ss_quantity >= 21) AND (ss_quantity <= 40))
                                   ->  Append-only Columnar Scan on store_sales_1_prt_31 store_sales_1_prt_31_5  (cost=0.00..457753.00 rows=1599723 width=6)
                                         Filter: ((ss_quantity >= 21) AND (ss_quantity <= 40))
                                   ->  Append-only Columnar Scan on store_sales_1_prt_32 store_sales_1_prt_32_5  (cost=0.00..457623.00 rows=1612727 width=6)
                                         Filter: ((ss_quantity >= 21) AND (ss_quantity <= 40))
                                   ->  Append-only Columnar Scan on store_sales_1_prt_33 store_sales_1_prt_33_5  (cost=0.00..457829.00 rows=1600720 width=6)
                                         Filter: ((ss_quantity >= 21) AND (ss_quantity <= 40))
                                   ->  Append-only Columnar Scan on store_sales_1_prt_34 store_sales_1_prt_34_5  (cost=0.00..457015.50 rows=1560610 width=6)
                                         Filter: ((ss_quantity >= 21) AND (ss_quantity <= 40))
                                   ->  Append-only Columnar Scan on store_sales_1_prt_35 store_sales_1_prt_35_5  (cost=0.00..623916.50 rows=2173327 width=6)
                                         Filter: ((ss_quantity >= 21) AND (ss_quantity <= 40))
                                   ->  Append-only Columnar Scan on store_sales_1_prt_36 store_sales_1_prt_36_5  (cost=0.00..1041735.00 rows=3596652 width=6)
                                         Filter: ((ss_quantity >= 21) AND (ss_quantity <= 40))
                                   ->  Append-only Columnar Scan on store_sales_1_prt_37 store_sales_1_prt_37_5  (cost=0.00..1040850.50 rows=3626966 width=6)
                                         Filter: ((ss_quantity >= 21) AND (ss_quantity <= 40))
                                   ->  Append-only Columnar Scan on store_sales_1_prt_38 store_sales_1_prt_38_5  (cost=0.00..1041468.50 rows=3652502 width=6)
                                         Filter: ((ss_quantity >= 21) AND (ss_quantity <= 40))
                                   ->  Append-only Columnar Scan on store_sales_1_prt_39 store_sales_1_prt_39_5  (cost=0.00..1577831.56 rows=5434716 width=6)
                                         Filter: ((ss_quantity >= 21) AND (ss_quantity <= 40))
                                   ->  Append-only Columnar Scan on store_sales_1_prt_40 store_sales_1_prt_40_5  (cost=0.00..1577838.56 rows=5533934 width=6)
                                         Filter: ((ss_quantity >= 21) AND (ss_quantity <= 40))
                                   ->  Append-only Columnar Scan on store_sales_1_prt_41 store_sales_1_prt_41_5  (cost=0.00..658185.00 rows=2291170 width=6)
                                         Filter: ((ss_quantity >= 21) AND (ss_quantity <= 40))
                                   ->  Append-only Columnar Scan on store_sales_1_prt_42 store_sales_1_prt_42_5  (cost=0.00..458495.50 rows=1606810 width=6)
                                         Filter: ((ss_quantity >= 21) AND (ss_quantity <= 40))
                                   ->  Append-only Columnar Scan on store_sales_1_prt_43 store_sales_1_prt_43_5  (cost=0.00..442207.50 rows=1499340 width=6)
                                         Filter: ((ss_quantity >= 21) AND (ss_quantity <= 40))
                                   ->  Append-only Columnar Scan on store_sales_1_prt_44 store_sales_1_prt_44_5  (cost=0.00..458017.50 rows=1566439 width=6)
                                         Filter: ((ss_quantity >= 21) AND (ss_quantity <= 40))
                                   ->  Append-only Columnar Scan on store_sales_1_prt_45 store_sales_1_prt_45_5  (cost=0.00..458162.00 rows=1608154 width=6)
                                         Filter: ((ss_quantity >= 21) AND (ss_quantity <= 40))
                                   ->  Append-only Columnar Scan on store_sales_1_prt_46 store_sales_1_prt_46_5  (cost=0.00..458582.00 rows=1565437 width=6)
                                         Filter: ((ss_quantity >= 21) AND (ss_quantity <= 40))
                                   ->  Append-only Columnar Scan on store_sales_1_prt_47 store_sales_1_prt_47_5  (cost=0.00..457607.00 rows=1546338 width=6)
                                         Filter: ((ss_quantity >= 21) AND (ss_quantity <= 40))
                                   ->  Append-only Columnar Scan on store_sales_1_prt_48 store_sales_1_prt_48_5  (cost=0.00..583964.00 rows=2015196 width=6)
                                         Filter: ((ss_quantity >= 21) AND (ss_quantity <= 40))
                                   ->  Append-only Columnar Scan on store_sales_1_prt_49 store_sales_1_prt_49_5  (cost=0.00..1044296.00 rows=3698825 width=6)
                                         Filter: ((ss_quantity >= 21) AND (ss_quantity <= 40))
                                   ->  Append-only Columnar Scan on store_sales_1_prt_50 store_sales_1_prt_50_5  (cost=0.00..1043760.50 rows=3623771 width=6)
                                         Filter: ((ss_quantity >= 21) AND (ss_quantity <= 40))
                                   ->  Append-only Columnar Scan on store_sales_1_prt_51 store_sales_1_prt_51_5  (cost=0.00..1043799.50 rows=3600827 width=6)
                                         Filter: ((ss_quantity >= 21) AND (ss_quantity <= 40))
                                   ->  Append-only Columnar Scan on store_sales_1_prt_52 store_sales_1_prt_52_5  (cost=0.00..1540696.00 rows=5219408 width=6)
                                         Filter: ((ss_quantity >= 21) AND (ss_quantity <= 40))
                                   ->  Append-only Columnar Scan on store_sales_1_prt_53 store_sales_1_prt_53_5  (cost=0.00..1581156.44 rows=5403404 width=6)
                                         Filter: ((ss_quantity >= 21) AND (ss_quantity <= 40))
                                   ->  Append-only Columnar Scan on store_sales_1_prt_54 store_sales_1_prt_54_5  (cost=0.00..756390.00 rows=2583407 width=6)
                                         Filter: ((ss_quantity >= 21) AND (ss_quantity <= 40))
                                   ->  Append-only Columnar Scan on store_sales_1_prt_55 store_sales_1_prt_55_5  (cost=0.00..458800.50 rows=1579008 width=6)
                                         Filter: ((ss_quantity >= 21) AND (ss_quantity <= 40))
                                   ->  Append-only Columnar Scan on store_sales_1_prt_56 store_sales_1_prt_56_5  (cost=0.00..442005.00 rows=1551413 width=6)
                                         Filter: ((ss_quantity >= 21) AND (ss_quantity <= 40))
                                   ->  Append-only Columnar Scan on store_sales_1_prt_57 store_sales_1_prt_57_5  (cost=0.00..458479.00 rows=1562640 width=6)
                                         Filter: ((ss_quantity >= 21) AND (ss_quantity <= 40))
                                   ->  Append-only Columnar Scan on store_sales_1_prt_58 store_sales_1_prt_58_5  (cost=0.00..458017.00 rows=1580282 width=6)
                                         Filter: ((ss_quantity >= 21) AND (ss_quantity <= 40))
                                   ->  Append-only Columnar Scan on store_sales_1_prt_59 store_sales_1_prt_59_5  (cost=0.00..458521.00 rows=1560058 width=6)
                                         Filter: ((ss_quantity >= 21) AND (ss_quantity <= 40))
                                   ->  Append-only Columnar Scan on store_sales_1_prt_60 store_sales_1_prt_60_5  (cost=0.00..458374.00 rows=1593176 width=6)
                                         Filter: ((ss_quantity >= 21) AND (ss_quantity <= 40))
                                   ->  Append-only Columnar Scan on store_sales_1_prt_61 store_sales_1_prt_61_5  (cost=0.00..562624.00 rows=1925930 width=6)
                                         Filter: ((ss_quantity >= 21) AND (ss_quantity <= 40))
                                   ->  Append-only Columnar Scan on store_sales_1_prt_62 store_sales_1_prt_62_5  (cost=0.00..1043137.50 rows=3584993 width=6)
                                         Filter: ((ss_quantity >= 21) AND (ss_quantity <= 40))
                                   ->  Append-only Columnar Scan on store_sales_1_prt_63 store_sales_1_prt_63_5  (cost=0.00..1043773.50 rows=3631608 width=6)
                                         Filter: ((ss_quantity >= 21) AND (ss_quantity <= 40))
                                   ->  Append-only Columnar Scan on store_sales_1_prt_64 store_sales_1_prt_64_5  (cost=0.00..1043729.50 rows=3658252 width=6)
                                         Filter: ((ss_quantity >= 21) AND (ss_quantity <= 40))
                                   ->  Append-only Columnar Scan on store_sales_1_prt_65 store_sales_1_prt_65_5  (cost=0.00..1522479.44 rows=5338163 width=6)
                                         Filter: ((ss_quantity >= 21) AND (ss_quantity <= 40))
                                   ->  Append-only Columnar Scan on store_sales_1_prt_66 store_sales_1_prt_66_5  (cost=0.00..1579804.44 rows=5408039 width=6)
                                         Filter: ((ss_quantity >= 21) AND (ss_quantity <= 40))
                                   ->  Append-only Columnar Scan on store_sales_1_prt_67 store_sales_1_prt_67_5  (cost=0.00..451358.50 rows=1564405 width=6)
                                         Filter: ((ss_quantity >= 21) AND (ss_quantity <= 40))
                                   ->  Append-only Columnar Scan on store_sales_1_prt_68 store_sales_1_prt_68_5  (cost=0.00..1.00 rows=1 width=14)
                                         Filter: ((ss_quantity >= 21) AND (ss_quantity <= 40))
                                   ->  Append-only Columnar Scan on store_sales_1_prt_69 store_sales_1_prt_69_5  (cost=0.00..1.00 rows=1 width=14)
                                         Filter: ((ss_quantity >= 21) AND (ss_quantity <= 40))
                                   ->  Append-only Columnar Scan on store_sales_1_prt_70 store_sales_1_prt_70_5  (cost=0.00..1.00 rows=1 width=14)
                                         Filter: ((ss_quantity >= 21) AND (ss_quantity <= 40))
                                   ->  Append-only Columnar Scan on store_sales_1_prt_71 store_sales_1_prt_71_5  (cost=0.00..1.00 rows=1 width=14)
                                         Filter: ((ss_quantity >= 21) AND (ss_quantity <= 40))
                                   ->  Append-only Columnar Scan on store_sales_1_prt_72 store_sales_1_prt_72_5  (cost=0.00..1.00 rows=1 width=14)
                                         Filter: ((ss_quantity >= 21) AND (ss_quantity <= 40))
                                   ->  Append-only Columnar Scan on store_sales_1_prt_73 store_sales_1_prt_73_5  (cost=0.00..1.00 rows=1 width=14)
                                         Filter: ((ss_quantity >= 21) AND (ss_quantity <= 40))
                                   ->  Append-only Columnar Scan on store_sales_1_prt_74 store_sales_1_prt_74_5  (cost=0.00..1.00 rows=1 width=14)
                                         Filter: ((ss_quantity >= 21) AND (ss_quantity <= 40))
                                   ->  Append-only Columnar Scan on store_sales_1_prt_75 store_sales_1_prt_75_5  (cost=0.00..1.00 rows=1 width=14)
                                         Filter: ((ss_quantity >= 21) AND (ss_quantity <= 40))
                                   ->  Append-only Columnar Scan on store_sales_1_prt_76 store_sales_1_prt_76_5  (cost=0.00..1.00 rows=1 width=14)
                                         Filter: ((ss_quantity >= 21) AND (ss_quantity <= 40))
                                   ->  Append-only Columnar Scan on store_sales_1_prt_77 store_sales_1_prt_77_5  (cost=0.00..1.00 rows=1 width=14)
                                         Filter: ((ss_quantity >= 21) AND (ss_quantity <= 40))
                                   ->  Append-only Columnar Scan on store_sales_1_prt_78 store_sales_1_prt_78_5  (cost=0.00..1.00 rows=1 width=14)
                                         Filter: ((ss_quantity >= 21) AND (ss_quantity <= 40))
                                   ->  Append-only Columnar Scan on store_sales_1_prt_79 store_sales_1_prt_79_5  (cost=0.00..1.00 rows=1 width=14)
                                         Filter: ((ss_quantity >= 21) AND (ss_quantity <= 40))
                                   ->  Append-only Columnar Scan on store_sales_1_prt_80 store_sales_1_prt_80_5  (cost=0.00..1.00 rows=1 width=14)
                                         Filter: ((ss_quantity >= 21) AND (ss_quantity <= 40))
         InitPlan 7 (returns $6)  (slice23)
           ->  Aggregate  (cost=55301779.36..55301779.37 rows=1 width=8)
                 ->  Gather Motion 3:1  (slice7; segments: 3)  (cost=55301779.30..55301779.35 rows=1 width=8)
                       ->  Aggregate  (cost=55301779.30..55301779.31 rows=1 width=8)
                             ->  Append  (cost=0.00..53924578.44 rows=183626782 width=0)
                                   ->  Append-only Columnar Scan on store_sales_1_prt_outliers store_sales_1_prt_outliers_6  (cost=0.00..2216620.00 rows=4282593 width=0)
                                         Filter: ((ss_quantity >= 41) AND (ss_quantity <= 60))
                                   ->  Append-only Columnar Scan on store_sales_1_prt_2 store_sales_1_prt_2_6  (cost=0.00..442197.00 rows=1518173 width=0)
                                         Filter: ((ss_quantity >= 41) AND (ss_quantity <= 60))
                                   ->  Append-only Columnar Scan on store_sales_1_prt_3 store_sales_1_prt_3_6  (cost=0.00..458023.00 rows=1592490 width=0)
                                         Filter: ((ss_quantity >= 41) AND (ss_quantity <= 60))
                                   ->  Append-only Columnar Scan on store_sales_1_prt_4 store_sales_1_prt_4_6  (cost=0.00..441906.50 rows=1509268 width=0)
                                         Filter: ((ss_quantity >= 41) AND (ss_quantity <= 60))
                                   ->  Append-only Columnar Scan on store_sales_1_prt_5 store_sales_1_prt_5_6  (cost=0.00..458252.00 rows=1563585 width=0)
                                         Filter: ((ss_quantity >= 41) AND (ss_quantity <= 60))
                                   ->  Append-only Columnar Scan on store_sales_1_prt_6 store_sales_1_prt_6_6  (cost=0.00..458304.00 rows=1596179 width=0)
                                         Filter: ((ss_quantity >= 41) AND (ss_quantity <= 60))
                                   ->  Append-only Columnar Scan on store_sales_1_prt_7 store_sales_1_prt_7_6  (cost=0.00..458351.50 rows=1575742 width=0)
                                         Filter: ((ss_quantity >= 41) AND (ss_quantity <= 60))
                                   ->  Append-only Columnar Scan on store_sales_1_prt_8 store_sales_1_prt_8_6  (cost=0.00..457812.50 rows=1569331 width=0)
                                         Filter: ((ss_quantity >= 41) AND (ss_quantity <= 60))
                                   ->  Append-only Columnar Scan on store_sales_1_prt_9 store_sales_1_prt_9_6  (cost=0.00..667177.00 rows=2304341 width=0)
                                         Filter: ((ss_quantity >= 41) AND (ss_quantity <= 60))
                                   ->  Append-only Columnar Scan on store_sales_1_prt_10 store_sales_1_prt_10_6  (cost=0.00..1042817.00 rows=3597181 width=0)
                                         Filter: ((ss_quantity >= 41) AND (ss_quantity <= 60))
                                   ->  Append-only Columnar Scan on store_sales_1_prt_11 store_sales_1_prt_11_6  (cost=0.00..1043911.50 rows=3595662 width=0)
                                         Filter: ((ss_quantity >= 41) AND (ss_quantity <= 60))
                                   ->  Append-only Columnar Scan on store_sales_1_prt_12 store_sales_1_prt_12_6  (cost=0.00..1081632.50 rows=3770337 width=0)
                                         Filter: ((ss_quantity >= 41) AND (ss_quantity <= 60))
                                   ->  Append-only Columnar Scan on store_sales_1_prt_13 store_sales_1_prt_13_6  (cost=0.00..1580039.00 rows=5491796 width=0)
                                         Filter: ((ss_quantity >= 41) AND (ss_quantity <= 60))
                                   ->  Append-only Columnar Scan on store_sales_1_prt_14 store_sales_1_prt_14_6  (cost=0.00..1581313.00 rows=5430832 width=0)
                                         Filter: ((ss_quantity >= 41) AND (ss_quantity <= 60))
                                   ->  Append-only Columnar Scan on store_sales_1_prt_15 store_sales_1_prt_15_6  (cost=0.00..594935.50 rows=2068327 width=0)
                                         Filter: ((ss_quantity >= 41) AND (ss_quantity <= 60))
                                   ->  Append-only Columnar Scan on store_sales_1_prt_16 store_sales_1_prt_16_6  (cost=0.00..458384.00 rows=1583708 width=0)
                                         Filter: ((ss_quantity >= 41) AND (ss_quantity <= 60))
                                   ->  Append-only Columnar Scan on store_sales_1_prt_17 store_sales_1_prt_17_6  (cost=0.00..442348.50 rows=1540463 width=0)
                                         Filter: ((ss_quantity >= 41) AND (ss_quantity <= 60))
                                   ->  Append-only Columnar Scan on store_sales_1_prt_18 store_sales_1_prt_18_6  (cost=0.00..458535.00 rows=1588255 width=0)
                                         Filter: ((ss_quantity >= 41) AND (ss_quantity <= 60))
                                   ->  Append-only Columnar Scan on store_sales_1_prt_19 store_sales_1_prt_19_6  (cost=0.00..457943.50 rows=1584090 width=0)
                                         Filter: ((ss_quantity >= 41) AND (ss_quantity <= 60))
                                   ->  Append-only Columnar Scan on store_sales_1_prt_20 store_sales_1_prt_20_6  (cost=0.00..458736.50 rows=1611510 width=0)
                                         Filter: ((ss_quantity >= 41) AND (ss_quantity <= 60))
                                   ->  Append-only Columnar Scan on store_sales_1_prt_21 store_sales_1_prt_21_6  (cost=0.00..457993.00 rows=1593197 width=0)
                                         Filter: ((ss_quantity >= 41) AND (ss_quantity <= 60))
                                   ->  Append-only Columnar Scan on store_sales_1_prt_22 store_sales_1_prt_22_6  (cost=0.00..646190.50 rows=2281874 width=0)
                                         Filter: ((ss_quantity >= 41) AND (ss_quantity <= 60))
                                   ->  Append-only Columnar Scan on store_sales_1_prt_23 store_sales_1_prt_23_6  (cost=0.00..1043647.50 rows=3612026 width=0)
                                         Filter: ((ss_quantity >= 41) AND (ss_quantity <= 60))
                                   ->  Append-only Columnar Scan on store_sales_1_prt_24 store_sales_1_prt_24_6  (cost=0.00..1043234.50 rows=3688280 width=0)
                                         Filter: ((ss_quantity >= 41) AND (ss_quantity <= 60))
                                   ->  Append-only Columnar Scan on store_sales_1_prt_25 store_sales_1_prt_25_6  (cost=0.00..1061845.50 rows=3701358 width=0)
                                         Filter: ((ss_quantity >= 41) AND (ss_quantity <= 60))
                                   ->  Append-only Columnar Scan on store_sales_1_prt_26 store_sales_1_prt_26_6  (cost=0.00..1581424.00 rows=5474289 width=0)
                                         Filter: ((ss_quantity >= 41) AND (ss_quantity <= 60))
                                   ->  Append-only Columnar Scan on store_sales_1_prt_27 store_sales_1_prt_27_6  (cost=0.00..1580411.00 rows=5438951 width=0)
                                         Filter: ((ss_quantity >= 41) AND (ss_quantity <= 60))
                                   ->  Append-only Columnar Scan on store_sales_1_prt_28 store_sales_1_prt_28_6  (cost=0.00..634690.00 rows=2172982 width=0)
                                         Filter: ((ss_quantity >= 41) AND (ss_quantity <= 60))
                                   ->  Append-only Columnar Scan on store_sales_1_prt_29 store_sales_1_prt_29_6  (cost=0.00..457618.00 rows=1584587 width=0)
                                         Filter: ((ss_quantity >= 41) AND (ss_quantity <= 60))
                                   ->  Append-only Columnar Scan on store_sales_1_prt_30 store_sales_1_prt_30_6  (cost=0.00..457988.50 rows=1594005 width=0)
                                         Filter: ((ss_quantity >= 41) AND (ss_quantity <= 60))
                                   ->  Append-only Columnar Scan on store_sales_1_prt_31 store_sales_1_prt_31_6  (cost=0.00..457753.00 rows=1588612 width=0)
                                         Filter: ((ss_quantity >= 41) AND (ss_quantity <= 60))
                                   ->  Append-only Columnar Scan on store_sales_1_prt_32 store_sales_1_prt_32_6  (cost=0.00..457623.00 rows=1575404 width=0)
                                         Filter: ((ss_quantity >= 41) AND (ss_quantity <= 60))
                                   ->  Append-only Columnar Scan on store_sales_1_prt_33 store_sales_1_prt_33_6  (cost=0.00..457829.00 rows=1602079 width=0)
                                         Filter: ((ss_quantity >= 41) AND (ss_quantity <= 60))
                                   ->  Append-only Columnar Scan on store_sales_1_prt_34 store_sales_1_prt_34_6  (cost=0.00..457015.50 rows=1606470 width=0)
                                         Filter: ((ss_quantity >= 41) AND (ss_quantity <= 60))
                                   ->  Append-only Columnar Scan on store_sales_1_prt_35 store_sales_1_prt_35_6  (cost=0.00..623916.50 rows=2154520 width=0)
                                         Filter: ((ss_quantity >= 41) AND (ss_quantity <= 60))
                                   ->  Append-only Columnar Scan on store_sales_1_prt_36 store_sales_1_prt_36_6  (cost=0.00..1041735.00 rows=3661316 width=0)
                                         Filter: ((ss_quantity >= 41) AND (ss_quantity <= 60))
                                   ->  Append-only Columnar Scan on store_sales_1_prt_37 store_sales_1_prt_37_6  (cost=0.00..1040850.50 rows=3664486 width=0)
                                         Filter: ((ss_quantity >= 41) AND (ss_quantity <= 60))
                                   ->  Append-only Columnar Scan on store_sales_1_prt_38 store_sales_1_prt_38_6  (cost=0.00..1041468.50 rows=3591565 width=0)
                                         Filter: ((ss_quantity >= 41) AND (ss_quantity <= 60))
                                   ->  Append-only Columnar Scan on store_sales_1_prt_39 store_sales_1_prt_39_6  (cost=0.00..1577831.56 rows=5373176 width=0)
                                         Filter: ((ss_quantity >= 41) AND (ss_quantity <= 60))
                                   ->  Append-only Columnar Scan on store_sales_1_prt_40 store_sales_1_prt_40_6  (cost=0.00..1577838.56 rows=5480545 width=0)
                                         Filter: ((ss_quantity >= 41) AND (ss_quantity <= 60))
                                   ->  Append-only Columnar Scan on store_sales_1_prt_41 store_sales_1_prt_41_6  (cost=0.00..658185.00 rows=2283391 width=0)
                                         Filter: ((ss_quantity >= 41) AND (ss_quantity <= 60))
                                   ->  Append-only Columnar Scan on store_sales_1_prt_42 store_sales_1_prt_42_6  (cost=0.00..458495.50 rows=1606263 width=0)
                                         Filter: ((ss_quantity >= 41) AND (ss_quantity <= 60))
                                   ->  Append-only Columnar Scan on store_sales_1_prt_43 store_sales_1_prt_43_6  (cost=0.00..442207.50 rows=1558143 width=0)
                                         Filter: ((ss_quantity >= 41) AND (ss_quantity <= 60))
                                   ->  Append-only Columnar Scan on store_sales_1_prt_44 store_sales_1_prt_44_6  (cost=0.00..458017.50 rows=1587017 width=0)
                                         Filter: ((ss_quantity >= 41) AND (ss_quantity <= 60))
                                   ->  Append-only Columnar Scan on store_sales_1_prt_45 store_sales_1_prt_45_6  (cost=0.00..458162.00 rows=1577287 width=0)
                                         Filter: ((ss_quantity >= 41) AND (ss_quantity <= 60))
                                   ->  Append-only Columnar Scan on store_sales_1_prt_46 store_sales_1_prt_46_6  (cost=0.00..458582.00 rows=1589017 width=0)
                                         Filter: ((ss_quantity >= 41) AND (ss_quantity <= 60))
                                   ->  Append-only Columnar Scan on store_sales_1_prt_47 store_sales_1_prt_47_6  (cost=0.00..457607.00 rows=1601023 width=0)
                                         Filter: ((ss_quantity >= 41) AND (ss_quantity <= 60))
                                   ->  Append-only Columnar Scan on store_sales_1_prt_48 store_sales_1_prt_48_6  (cost=0.00..583964.00 rows=1996904 width=0)
                                         Filter: ((ss_quantity >= 41) AND (ss_quantity <= 60))
                                   ->  Append-only Columnar Scan on store_sales_1_prt_49 store_sales_1_prt_49_6  (cost=0.00..1044296.00 rows=3566129 width=0)
                                         Filter: ((ss_quantity >= 41) AND (ss_quantity <= 60))
                                   ->  Append-only Columnar Scan on store_sales_1_prt_50 store_sales_1_prt_50_6  (cost=0.00..1043760.50 rows=3603353 width=0)
                                         Filter: ((ss_quantity >= 41) AND (ss_quantity <= 60))
                                   ->  Append-only Columnar Scan on store_sales_1_prt_51 store_sales_1_prt_51_6  (cost=0.00..1043799.50 rows=3679786 width=0)
                                         Filter: ((ss_quantity >= 41) AND (ss_quantity <= 60))
                                   ->  Append-only Columnar Scan on store_sales_1_prt_52 store_sales_1_prt_52_6  (cost=0.00..1540696.00 rows=5271308 width=0)
                                         Filter: ((ss_quantity >= 41) AND (ss_quantity <= 60))
                                   ->  Append-only Columnar Scan on store_sales_1_prt_53 store_sales_1_prt_53_6  (cost=0.00..1581156.44 rows=5558429 width=0)
                                         Filter: ((ss_quantity >= 41) AND (ss_quantity <= 60))
                                   ->  Append-only Columnar Scan on store_sales_1_prt_54 store_sales_1_prt_54_6  (cost=0.00..756390.00 rows=2612016 width=0)
                                         Filter: ((ss_quantity >= 41) AND (ss_quantity <= 60))
                                   ->  Append-only Columnar Scan on store_sales_1_prt_55 store_sales_1_prt_55_6  (cost=0.00..458800.50 rows=1552877 width=0)
                                         Filter: ((ss_quantity >= 41) AND (ss_quantity <= 60))
                                   ->  Append-only Columnar Scan on store_sales_1_prt_56 store_sales_1_prt_56_6  (cost=0.00..442005.00 rows=1522157 width=0)
                                         Filter: ((ss_quantity >= 41) AND (ss_quantity <= 60))
                                   ->  Append-only Columnar Scan on store_sales_1_prt_57 store_sales_1_prt_57_6  (cost=0.00..458479.00 rows=1602472 width=0)
                                         Filter: ((ss_quantity >= 41) AND (ss_quantity <= 60))
                                   ->  Append-only Columnar Scan on store_sales_1_prt_58 store_sales_1_prt_58_6  (cost=0.00..458017.00 rows=1584343 width=0)
                                         Filter: ((ss_quantity >= 41) AND (ss_quantity <= 60))
                                   ->  Append-only Columnar Scan on store_sales_1_prt_59 store_sales_1_prt_59_6  (cost=0.00..458521.00 rows=1564394 width=0)
                                         Filter: ((ss_quantity >= 41) AND (ss_quantity <= 60))
                                   ->  Append-only Columnar Scan on store_sales_1_prt_60 store_sales_1_prt_60_6  (cost=0.00..458374.00 rows=1594531 width=0)
                                         Filter: ((ss_quantity >= 41) AND (ss_quantity <= 60))
                                   ->  Append-only Columnar Scan on store_sales_1_prt_61 store_sales_1_prt_61_6  (cost=0.00..562624.00 rows=1999084 width=0)
                                         Filter: ((ss_quantity >= 41) AND (ss_quantity <= 60))
                                   ->  Append-only Columnar Scan on store_sales_1_prt_62 store_sales_1_prt_62_6  (cost=0.00..1043137.50 rows=3661439 width=0)
                                         Filter: ((ss_quantity >= 41) AND (ss_quantity <= 60))
                                   ->  Append-only Columnar Scan on store_sales_1_prt_63 store_sales_1_prt_63_6  (cost=0.00..1043773.50 rows=3628507 width=0)
                                         Filter: ((ss_quantity >= 41) AND (ss_quantity <= 60))
                                   ->  Append-only Columnar Scan on store_sales_1_prt_64 store_sales_1_prt_64_6  (cost=0.00..1043729.50 rows=3621151 width=0)
                                         Filter: ((ss_quantity >= 41) AND (ss_quantity <= 60))
                                   ->  Append-only Columnar Scan on store_sales_1_prt_65 store_sales_1_prt_65_6  (cost=0.00..1522479.44 rows=5265718 width=0)
                                         Filter: ((ss_quantity >= 41) AND (ss_quantity <= 60))
                                   ->  Append-only Columnar Scan on store_sales_1_prt_66 store_sales_1_prt_66_6  (cost=0.00..1579804.44 rows=5551070 width=0)
                                         Filter: ((ss_quantity >= 41) AND (ss_quantity <= 60))
                                   ->  Append-only Columnar Scan on store_sales_1_prt_67 store_sales_1_prt_67_6  (cost=0.00..451358.50 rows=1575417 width=0)
                                         Filter: ((ss_quantity >= 41) AND (ss_quantity <= 60))
                                   ->  Append-only Columnar Scan on store_sales_1_prt_68 store_sales_1_prt_68_6  (cost=0.00..1.00 rows=1 width=0)
                                         Filter: ((ss_quantity >= 41) AND (ss_quantity <= 60))
                                   ->  Append-only Columnar Scan on store_sales_1_prt_69 store_sales_1_prt_69_6  (cost=0.00..1.00 rows=1 width=0)
                                         Filter: ((ss_quantity >= 41) AND (ss_quantity <= 60))
                                   ->  Append-only Columnar Scan on store_sales_1_prt_70 store_sales_1_prt_70_6  (cost=0.00..1.00 rows=1 width=0)
                                         Filter: ((ss_quantity >= 41) AND (ss_quantity <= 60))
                                   ->  Append-only Columnar Scan on store_sales_1_prt_71 store_sales_1_prt_71_6  (cost=0.00..1.00 rows=1 width=0)
                                         Filter: ((ss_quantity >= 41) AND (ss_quantity <= 60))
                                   ->  Append-only Columnar Scan on store_sales_1_prt_72 store_sales_1_prt_72_6  (cost=0.00..1.00 rows=1 width=0)
                                         Filter: ((ss_quantity >= 41) AND (ss_quantity <= 60))
                                   ->  Append-only Columnar Scan on store_sales_1_prt_73 store_sales_1_prt_73_6  (cost=0.00..1.00 rows=1 width=0)
                                         Filter: ((ss_quantity >= 41) AND (ss_quantity <= 60))
                                   ->  Append-only Columnar Scan on store_sales_1_prt_74 store_sales_1_prt_74_6  (cost=0.00..1.00 rows=1 width=0)
                                         Filter: ((ss_quantity >= 41) AND (ss_quantity <= 60))
                                   ->  Append-only Columnar Scan on store_sales_1_prt_75 store_sales_1_prt_75_6  (cost=0.00..1.00 rows=1 width=0)
                                         Filter: ((ss_quantity >= 41) AND (ss_quantity <= 60))
                                   ->  Append-only Columnar Scan on store_sales_1_prt_76 store_sales_1_prt_76_6  (cost=0.00..1.00 rows=1 width=0)
                                         Filter: ((ss_quantity >= 41) AND (ss_quantity <= 60))
                                   ->  Append-only Columnar Scan on store_sales_1_prt_77 store_sales_1_prt_77_6  (cost=0.00..1.00 rows=1 width=0)
                                         Filter: ((ss_quantity >= 41) AND (ss_quantity <= 60))
                                   ->  Append-only Columnar Scan on store_sales_1_prt_78 store_sales_1_prt_78_6  (cost=0.00..1.00 rows=1 width=0)
                                         Filter: ((ss_quantity >= 41) AND (ss_quantity <= 60))
                                   ->  Append-only Columnar Scan on store_sales_1_prt_79 store_sales_1_prt_79_6  (cost=0.00..1.00 rows=1 width=0)
                                         Filter: ((ss_quantity >= 41) AND (ss_quantity <= 60))
                                   ->  Append-only Columnar Scan on store_sales_1_prt_80 store_sales_1_prt_80_6  (cost=0.00..1.00 rows=1 width=0)
                                         Filter: ((ss_quantity >= 41) AND (ss_quantity <= 60))
         InitPlan 8 (returns $7)  (slice24)
           ->  Aggregate  (cost=55301779.37..55301779.38 rows=1 width=32)
                 ->  Gather Motion 3:1  (slice8; segments: 3)  (cost=55301779.30..55301779.35 rows=1 width=32)
                       ->  Aggregate  (cost=55301779.30..55301779.31 rows=1 width=32)
                             ->  Append  (cost=0.00..53924578.44 rows=183626782 width=3)
                                   ->  Append-only Columnar Scan on store_sales_1_prt_outliers store_sales_1_prt_outliers_7  (cost=0.00..2216620.00 rows=4282593 width=3)
                                         Filter: ((ss_quantity >= 41) AND (ss_quantity <= 60))
                                   ->  Append-only Columnar Scan on store_sales_1_prt_2 store_sales_1_prt_2_7  (cost=0.00..442197.00 rows=1518173 width=3)
                                         Filter: ((ss_quantity >= 41) AND (ss_quantity <= 60))
                                   ->  Append-only Columnar Scan on store_sales_1_prt_3 store_sales_1_prt_3_7  (cost=0.00..458023.00 rows=1592490 width=3)
                                         Filter: ((ss_quantity >= 41) AND (ss_quantity <= 60))
                                   ->  Append-only Columnar Scan on store_sales_1_prt_4 store_sales_1_prt_4_7  (cost=0.00..441906.50 rows=1509268 width=3)
                                         Filter: ((ss_quantity >= 41) AND (ss_quantity <= 60))
                                   ->  Append-only Columnar Scan on store_sales_1_prt_5 store_sales_1_prt_5_7  (cost=0.00..458252.00 rows=1563585 width=3)
                                         Filter: ((ss_quantity >= 41) AND (ss_quantity <= 60))
                                   ->  Append-only Columnar Scan on store_sales_1_prt_6 store_sales_1_prt_6_7  (cost=0.00..458304.00 rows=1596179 width=3)
                                         Filter: ((ss_quantity >= 41) AND (ss_quantity <= 60))
                                   ->  Append-only Columnar Scan on store_sales_1_prt_7 store_sales_1_prt_7_7  (cost=0.00..458351.50 rows=1575742 width=3)
                                         Filter: ((ss_quantity >= 41) AND (ss_quantity <= 60))
                                   ->  Append-only Columnar Scan on store_sales_1_prt_8 store_sales_1_prt_8_7  (cost=0.00..457812.50 rows=1569331 width=3)
                                         Filter: ((ss_quantity >= 41) AND (ss_quantity <= 60))
                                   ->  Append-only Columnar Scan on store_sales_1_prt_9 store_sales_1_prt_9_7  (cost=0.00..667177.00 rows=2304341 width=3)
                                         Filter: ((ss_quantity >= 41) AND (ss_quantity <= 60))
                                   ->  Append-only Columnar Scan on store_sales_1_prt_10 store_sales_1_prt_10_7  (cost=0.00..1042817.00 rows=3597181 width=3)
                                         Filter: ((ss_quantity >= 41) AND (ss_quantity <= 60))
                                   ->  Append-only Columnar Scan on store_sales_1_prt_11 store_sales_1_prt_11_7  (cost=0.00..1043911.50 rows=3595662 width=3)
                                         Filter: ((ss_quantity >= 41) AND (ss_quantity <= 60))
                                   ->  Append-only Columnar Scan on store_sales_1_prt_12 store_sales_1_prt_12_7  (cost=0.00..1081632.50 rows=3770337 width=3)
                                         Filter: ((ss_quantity >= 41) AND (ss_quantity <= 60))
                                   ->  Append-only Columnar Scan on store_sales_1_prt_13 store_sales_1_prt_13_7  (cost=0.00..1580039.00 rows=5491796 width=3)
                                         Filter: ((ss_quantity >= 41) AND (ss_quantity <= 60))
                                   ->  Append-only Columnar Scan on store_sales_1_prt_14 store_sales_1_prt_14_7  (cost=0.00..1581313.00 rows=5430832 width=3)
                                         Filter: ((ss_quantity >= 41) AND (ss_quantity <= 60))
                                   ->  Append-only Columnar Scan on store_sales_1_prt_15 store_sales_1_prt_15_7  (cost=0.00..594935.50 rows=2068327 width=3)
                                         Filter: ((ss_quantity >= 41) AND (ss_quantity <= 60))
                                   ->  Append-only Columnar Scan on store_sales_1_prt_16 store_sales_1_prt_16_7  (cost=0.00..458384.00 rows=1583708 width=3)
                                         Filter: ((ss_quantity >= 41) AND (ss_quantity <= 60))
                                   ->  Append-only Columnar Scan on store_sales_1_prt_17 store_sales_1_prt_17_7  (cost=0.00..442348.50 rows=1540463 width=3)
                                         Filter: ((ss_quantity >= 41) AND (ss_quantity <= 60))
                                   ->  Append-only Columnar Scan on store_sales_1_prt_18 store_sales_1_prt_18_7  (cost=0.00..458535.00 rows=1588255 width=3)
                                         Filter: ((ss_quantity >= 41) AND (ss_quantity <= 60))
                                   ->  Append-only Columnar Scan on store_sales_1_prt_19 store_sales_1_prt_19_7  (cost=0.00..457943.50 rows=1584090 width=3)
                                         Filter: ((ss_quantity >= 41) AND (ss_quantity <= 60))
                                   ->  Append-only Columnar Scan on store_sales_1_prt_20 store_sales_1_prt_20_7  (cost=0.00..458736.50 rows=1611510 width=3)
                                         Filter: ((ss_quantity >= 41) AND (ss_quantity <= 60))
                                   ->  Append-only Columnar Scan on store_sales_1_prt_21 store_sales_1_prt_21_7  (cost=0.00..457993.00 rows=1593197 width=3)
                                         Filter: ((ss_quantity >= 41) AND (ss_quantity <= 60))
                                   ->  Append-only Columnar Scan on store_sales_1_prt_22 store_sales_1_prt_22_7  (cost=0.00..646190.50 rows=2281874 width=3)
                                         Filter: ((ss_quantity >= 41) AND (ss_quantity <= 60))
                                   ->  Append-only Columnar Scan on store_sales_1_prt_23 store_sales_1_prt_23_7  (cost=0.00..1043647.50 rows=3612026 width=3)
                                         Filter: ((ss_quantity >= 41) AND (ss_quantity <= 60))
                                   ->  Append-only Columnar Scan on store_sales_1_prt_24 store_sales_1_prt_24_7  (cost=0.00..1043234.50 rows=3688280 width=3)
                                         Filter: ((ss_quantity >= 41) AND (ss_quantity <= 60))
                                   ->  Append-only Columnar Scan on store_sales_1_prt_25 store_sales_1_prt_25_7  (cost=0.00..1061845.50 rows=3701358 width=3)
                                         Filter: ((ss_quantity >= 41) AND (ss_quantity <= 60))
                                   ->  Append-only Columnar Scan on store_sales_1_prt_26 store_sales_1_prt_26_7  (cost=0.00..1581424.00 rows=5474289 width=3)
                                         Filter: ((ss_quantity >= 41) AND (ss_quantity <= 60))
                                   ->  Append-only Columnar Scan on store_sales_1_prt_27 store_sales_1_prt_27_7  (cost=0.00..1580411.00 rows=5438951 width=3)
                                         Filter: ((ss_quantity >= 41) AND (ss_quantity <= 60))
                                   ->  Append-only Columnar Scan on store_sales_1_prt_28 store_sales_1_prt_28_7  (cost=0.00..634690.00 rows=2172982 width=3)
                                         Filter: ((ss_quantity >= 41) AND (ss_quantity <= 60))
                                   ->  Append-only Columnar Scan on store_sales_1_prt_29 store_sales_1_prt_29_7  (cost=0.00..457618.00 rows=1584587 width=3)
                                         Filter: ((ss_quantity >= 41) AND (ss_quantity <= 60))
                                   ->  Append-only Columnar Scan on store_sales_1_prt_30 store_sales_1_prt_30_7  (cost=0.00..457988.50 rows=1594005 width=3)
                                         Filter: ((ss_quantity >= 41) AND (ss_quantity <= 60))
                                   ->  Append-only Columnar Scan on store_sales_1_prt_31 store_sales_1_prt_31_7  (cost=0.00..457753.00 rows=1588612 width=3)
                                         Filter: ((ss_quantity >= 41) AND (ss_quantity <= 60))
                                   ->  Append-only Columnar Scan on store_sales_1_prt_32 store_sales_1_prt_32_7  (cost=0.00..457623.00 rows=1575404 width=3)
                                         Filter: ((ss_quantity >= 41) AND (ss_quantity <= 60))
                                   ->  Append-only Columnar Scan on store_sales_1_prt_33 store_sales_1_prt_33_7  (cost=0.00..457829.00 rows=1602079 width=3)
                                         Filter: ((ss_quantity >= 41) AND (ss_quantity <= 60))
                                   ->  Append-only Columnar Scan on store_sales_1_prt_34 store_sales_1_prt_34_7  (cost=0.00..457015.50 rows=1606470 width=3)
                                         Filter: ((ss_quantity >= 41) AND (ss_quantity <= 60))
                                   ->  Append-only Columnar Scan on store_sales_1_prt_35 store_sales_1_prt_35_7  (cost=0.00..623916.50 rows=2154520 width=3)
                                         Filter: ((ss_quantity >= 41) AND (ss_quantity <= 60))
                                   ->  Append-only Columnar Scan on store_sales_1_prt_36 store_sales_1_prt_36_7  (cost=0.00..1041735.00 rows=3661316 width=3)
                                         Filter: ((ss_quantity >= 41) AND (ss_quantity <= 60))
                                   ->  Append-only Columnar Scan on store_sales_1_prt_37 store_sales_1_prt_37_7  (cost=0.00..1040850.50 rows=3664486 width=3)
                                         Filter: ((ss_quantity >= 41) AND (ss_quantity <= 60))
                                   ->  Append-only Columnar Scan on store_sales_1_prt_38 store_sales_1_prt_38_7  (cost=0.00..1041468.50 rows=3591565 width=3)
                                         Filter: ((ss_quantity >= 41) AND (ss_quantity <= 60))
                                   ->  Append-only Columnar Scan on store_sales_1_prt_39 store_sales_1_prt_39_7  (cost=0.00..1577831.56 rows=5373176 width=3)
                                         Filter: ((ss_quantity >= 41) AND (ss_quantity <= 60))
                                   ->  Append-only Columnar Scan on store_sales_1_prt_40 store_sales_1_prt_40_7  (cost=0.00..1577838.56 rows=5480545 width=3)
                                         Filter: ((ss_quantity >= 41) AND (ss_quantity <= 60))
                                   ->  Append-only Columnar Scan on store_sales_1_prt_41 store_sales_1_prt_41_7  (cost=0.00..658185.00 rows=2283391 width=3)
                                         Filter: ((ss_quantity >= 41) AND (ss_quantity <= 60))
                                   ->  Append-only Columnar Scan on store_sales_1_prt_42 store_sales_1_prt_42_7  (cost=0.00..458495.50 rows=1606263 width=3)
                                         Filter: ((ss_quantity >= 41) AND (ss_quantity <= 60))
                                   ->  Append-only Columnar Scan on store_sales_1_prt_43 store_sales_1_prt_43_7  (cost=0.00..442207.50 rows=1558143 width=3)
                                         Filter: ((ss_quantity >= 41) AND (ss_quantity <= 60))
                                   ->  Append-only Columnar Scan on store_sales_1_prt_44 store_sales_1_prt_44_7  (cost=0.00..458017.50 rows=1587017 width=3)
                                         Filter: ((ss_quantity >= 41) AND (ss_quantity <= 60))
                                   ->  Append-only Columnar Scan on store_sales_1_prt_45 store_sales_1_prt_45_7  (cost=0.00..458162.00 rows=1577287 width=3)
                                         Filter: ((ss_quantity >= 41) AND (ss_quantity <= 60))
                                   ->  Append-only Columnar Scan on store_sales_1_prt_46 store_sales_1_prt_46_7  (cost=0.00..458582.00 rows=1589017 width=3)
                                         Filter: ((ss_quantity >= 41) AND (ss_quantity <= 60))
                                   ->  Append-only Columnar Scan on store_sales_1_prt_47 store_sales_1_prt_47_7  (cost=0.00..457607.00 rows=1601023 width=3)
                                         Filter: ((ss_quantity >= 41) AND (ss_quantity <= 60))
                                   ->  Append-only Columnar Scan on store_sales_1_prt_48 store_sales_1_prt_48_7  (cost=0.00..583964.00 rows=1996904 width=3)
                                         Filter: ((ss_quantity >= 41) AND (ss_quantity <= 60))
                                   ->  Append-only Columnar Scan on store_sales_1_prt_49 store_sales_1_prt_49_7  (cost=0.00..1044296.00 rows=3566129 width=3)
                                         Filter: ((ss_quantity >= 41) AND (ss_quantity <= 60))
                                   ->  Append-only Columnar Scan on store_sales_1_prt_50 store_sales_1_prt_50_7  (cost=0.00..1043760.50 rows=3603353 width=3)
                                         Filter: ((ss_quantity >= 41) AND (ss_quantity <= 60))
                                   ->  Append-only Columnar Scan on store_sales_1_prt_51 store_sales_1_prt_51_7  (cost=0.00..1043799.50 rows=3679786 width=3)
                                         Filter: ((ss_quantity >= 41) AND (ss_quantity <= 60))
                                   ->  Append-only Columnar Scan on store_sales_1_prt_52 store_sales_1_prt_52_7  (cost=0.00..1540696.00 rows=5271308 width=3)
                                         Filter: ((ss_quantity >= 41) AND (ss_quantity <= 60))
                                   ->  Append-only Columnar Scan on store_sales_1_prt_53 store_sales_1_prt_53_7  (cost=0.00..1581156.44 rows=5558429 width=3)
                                         Filter: ((ss_quantity >= 41) AND (ss_quantity <= 60))
                                   ->  Append-only Columnar Scan on store_sales_1_prt_54 store_sales_1_prt_54_7  (cost=0.00..756390.00 rows=2612016 width=3)
                                         Filter: ((ss_quantity >= 41) AND (ss_quantity <= 60))
                                   ->  Append-only Columnar Scan on store_sales_1_prt_55 store_sales_1_prt_55_7  (cost=0.00..458800.50 rows=1552877 width=3)
                                         Filter: ((ss_quantity >= 41) AND (ss_quantity <= 60))
                                   ->  Append-only Columnar Scan on store_sales_1_prt_56 store_sales_1_prt_56_7  (cost=0.00..442005.00 rows=1522157 width=3)
                                         Filter: ((ss_quantity >= 41) AND (ss_quantity <= 60))
                                   ->  Append-only Columnar Scan on store_sales_1_prt_57 store_sales_1_prt_57_7  (cost=0.00..458479.00 rows=1602472 width=3)
                                         Filter: ((ss_quantity >= 41) AND (ss_quantity <= 60))
                                   ->  Append-only Columnar Scan on store_sales_1_prt_58 store_sales_1_prt_58_7  (cost=0.00..458017.00 rows=1584343 width=3)
                                         Filter: ((ss_quantity >= 41) AND (ss_quantity <= 60))
                                   ->  Append-only Columnar Scan on store_sales_1_prt_59 store_sales_1_prt_59_7  (cost=0.00..458521.00 rows=1564394 width=3)
                                         Filter: ((ss_quantity >= 41) AND (ss_quantity <= 60))
                                   ->  Append-only Columnar Scan on store_sales_1_prt_60 store_sales_1_prt_60_7  (cost=0.00..458374.00 rows=1594531 width=3)
                                         Filter: ((ss_quantity >= 41) AND (ss_quantity <= 60))
                                   ->  Append-only Columnar Scan on store_sales_1_prt_61 store_sales_1_prt_61_7  (cost=0.00..562624.00 rows=1999084 width=3)
                                         Filter: ((ss_quantity >= 41) AND (ss_quantity <= 60))
                                   ->  Append-only Columnar Scan on store_sales_1_prt_62 store_sales_1_prt_62_7  (cost=0.00..1043137.50 rows=3661439 width=3)
                                         Filter: ((ss_quantity >= 41) AND (ss_quantity <= 60))
                                   ->  Append-only Columnar Scan on store_sales_1_prt_63 store_sales_1_prt_63_7  (cost=0.00..1043773.50 rows=3628507 width=3)
                                         Filter: ((ss_quantity >= 41) AND (ss_quantity <= 60))
                                   ->  Append-only Columnar Scan on store_sales_1_prt_64 store_sales_1_prt_64_7  (cost=0.00..1043729.50 rows=3621151 width=3)
                                         Filter: ((ss_quantity >= 41) AND (ss_quantity <= 60))
                                   ->  Append-only Columnar Scan on store_sales_1_prt_65 store_sales_1_prt_65_7  (cost=0.00..1522479.44 rows=5265718 width=3)
                                         Filter: ((ss_quantity >= 41) AND (ss_quantity <= 60))
                                   ->  Append-only Columnar Scan on store_sales_1_prt_66 store_sales_1_prt_66_7  (cost=0.00..1579804.44 rows=5551070 width=3)
                                         Filter: ((ss_quantity >= 41) AND (ss_quantity <= 60))
                                   ->  Append-only Columnar Scan on store_sales_1_prt_67 store_sales_1_prt_67_7  (cost=0.00..451358.50 rows=1575417 width=3)
                                         Filter: ((ss_quantity >= 41) AND (ss_quantity <= 60))
                                   ->  Append-only Columnar Scan on store_sales_1_prt_68 store_sales_1_prt_68_7  (cost=0.00..1.00 rows=1 width=14)
                                         Filter: ((ss_quantity >= 41) AND (ss_quantity <= 60))
                                   ->  Append-only Columnar Scan on store_sales_1_prt_69 store_sales_1_prt_69_7  (cost=0.00..1.00 rows=1 width=14)
                                         Filter: ((ss_quantity >= 41) AND (ss_quantity <= 60))
                                   ->  Append-only Columnar Scan on store_sales_1_prt_70 store_sales_1_prt_70_7  (cost=0.00..1.00 rows=1 width=14)
                                         Filter: ((ss_quantity >= 41) AND (ss_quantity <= 60))
                                   ->  Append-only Columnar Scan on store_sales_1_prt_71 store_sales_1_prt_71_7  (cost=0.00..1.00 rows=1 width=14)
                                         Filter: ((ss_quantity >= 41) AND (ss_quantity <= 60))
                                   ->  Append-only Columnar Scan on store_sales_1_prt_72 store_sales_1_prt_72_7  (cost=0.00..1.00 rows=1 width=14)
                                         Filter: ((ss_quantity >= 41) AND (ss_quantity <= 60))
                                   ->  Append-only Columnar Scan on store_sales_1_prt_73 store_sales_1_prt_73_7  (cost=0.00..1.00 rows=1 width=14)
                                         Filter: ((ss_quantity >= 41) AND (ss_quantity <= 60))
                                   ->  Append-only Columnar Scan on store_sales_1_prt_74 store_sales_1_prt_74_7  (cost=0.00..1.00 rows=1 width=14)
                                         Filter: ((ss_quantity >= 41) AND (ss_quantity <= 60))
                                   ->  Append-only Columnar Scan on store_sales_1_prt_75 store_sales_1_prt_75_7  (cost=0.00..1.00 rows=1 width=14)
                                         Filter: ((ss_quantity >= 41) AND (ss_quantity <= 60))
                                   ->  Append-only Columnar Scan on store_sales_1_prt_76 store_sales_1_prt_76_7  (cost=0.00..1.00 rows=1 width=14)
                                         Filter: ((ss_quantity >= 41) AND (ss_quantity <= 60))
                                   ->  Append-only Columnar Scan on store_sales_1_prt_77 store_sales_1_prt_77_7  (cost=0.00..1.00 rows=1 width=14)
                                         Filter: ((ss_quantity >= 41) AND (ss_quantity <= 60))
                                   ->  Append-only Columnar Scan on store_sales_1_prt_78 store_sales_1_prt_78_7  (cost=0.00..1.00 rows=1 width=14)
                                         Filter: ((ss_quantity >= 41) AND (ss_quantity <= 60))
                                   ->  Append-only Columnar Scan on store_sales_1_prt_79 store_sales_1_prt_79_7  (cost=0.00..1.00 rows=1 width=14)
                                         Filter: ((ss_quantity >= 41) AND (ss_quantity <= 60))
                                   ->  Append-only Columnar Scan on store_sales_1_prt_80 store_sales_1_prt_80_7  (cost=0.00..1.00 rows=1 width=14)
                                         Filter: ((ss_quantity >= 41) AND (ss_quantity <= 60))
         InitPlan 9 (returns $8)  (slice25)
           ->  Aggregate  (cost=55301779.37..55301779.38 rows=1 width=32)
                 ->  Gather Motion 3:1  (slice9; segments: 3)  (cost=55301779.30..55301779.35 rows=1 width=32)
                       ->  Aggregate  (cost=55301779.30..55301779.31 rows=1 width=32)
                             ->  Append  (cost=0.00..53924578.44 rows=183626782 width=6)
                                   ->  Append-only Columnar Scan on store_sales_1_prt_outliers store_sales_1_prt_outliers_8  (cost=0.00..2216620.00 rows=4282593 width=6)
                                         Filter: ((ss_quantity >= 41) AND (ss_quantity <= 60))
                                   ->  Append-only Columnar Scan on store_sales_1_prt_2 store_sales_1_prt_2_8  (cost=0.00..442197.00 rows=1518173 width=6)
                                         Filter: ((ss_quantity >= 41) AND (ss_quantity <= 60))
                                   ->  Append-only Columnar Scan on store_sales_1_prt_3 store_sales_1_prt_3_8  (cost=0.00..458023.00 rows=1592490 width=6)
                                         Filter: ((ss_quantity >= 41) AND (ss_quantity <= 60))
                                   ->  Append-only Columnar Scan on store_sales_1_prt_4 store_sales_1_prt_4_8  (cost=0.00..441906.50 rows=1509268 width=6)
                                         Filter: ((ss_quantity >= 41) AND (ss_quantity <= 60))
                                   ->  Append-only Columnar Scan on store_sales_1_prt_5 store_sales_1_prt_5_8  (cost=0.00..458252.00 rows=1563585 width=6)
                                         Filter: ((ss_quantity >= 41) AND (ss_quantity <= 60))
                                   ->  Append-only Columnar Scan on store_sales_1_prt_6 store_sales_1_prt_6_8  (cost=0.00..458304.00 rows=1596179 width=6)
                                         Filter: ((ss_quantity >= 41) AND (ss_quantity <= 60))
                                   ->  Append-only Columnar Scan on store_sales_1_prt_7 store_sales_1_prt_7_8  (cost=0.00..458351.50 rows=1575742 width=6)
                                         Filter: ((ss_quantity >= 41) AND (ss_quantity <= 60))
                                   ->  Append-only Columnar Scan on store_sales_1_prt_8 store_sales_1_prt_8_8  (cost=0.00..457812.50 rows=1569331 width=6)
                                         Filter: ((ss_quantity >= 41) AND (ss_quantity <= 60))
                                   ->  Append-only Columnar Scan on store_sales_1_prt_9 store_sales_1_prt_9_8  (cost=0.00..667177.00 rows=2304341 width=6)
                                         Filter: ((ss_quantity >= 41) AND (ss_quantity <= 60))
                                   ->  Append-only Columnar Scan on store_sales_1_prt_10 store_sales_1_prt_10_8  (cost=0.00..1042817.00 rows=3597181 width=6)
                                         Filter: ((ss_quantity >= 41) AND (ss_quantity <= 60))
                                   ->  Append-only Columnar Scan on store_sales_1_prt_11 store_sales_1_prt_11_8  (cost=0.00..1043911.50 rows=3595662 width=6)
                                         Filter: ((ss_quantity >= 41) AND (ss_quantity <= 60))
                                   ->  Append-only Columnar Scan on store_sales_1_prt_12 store_sales_1_prt_12_8  (cost=0.00..1081632.50 rows=3770337 width=6)
                                         Filter: ((ss_quantity >= 41) AND (ss_quantity <= 60))
                                   ->  Append-only Columnar Scan on store_sales_1_prt_13 store_sales_1_prt_13_8  (cost=0.00..1580039.00 rows=5491796 width=6)
                                         Filter: ((ss_quantity >= 41) AND (ss_quantity <= 60))
                                   ->  Append-only Columnar Scan on store_sales_1_prt_14 store_sales_1_prt_14_8  (cost=0.00..1581313.00 rows=5430832 width=6)
                                         Filter: ((ss_quantity >= 41) AND (ss_quantity <= 60))
                                   ->  Append-only Columnar Scan on store_sales_1_prt_15 store_sales_1_prt_15_8  (cost=0.00..594935.50 rows=2068327 width=6)
                                         Filter: ((ss_quantity >= 41) AND (ss_quantity <= 60))
                                   ->  Append-only Columnar Scan on store_sales_1_prt_16 store_sales_1_prt_16_8  (cost=0.00..458384.00 rows=1583708 width=6)
                                         Filter: ((ss_quantity >= 41) AND (ss_quantity <= 60))
                                   ->  Append-only Columnar Scan on store_sales_1_prt_17 store_sales_1_prt_17_8  (cost=0.00..442348.50 rows=1540463 width=6)
                                         Filter: ((ss_quantity >= 41) AND (ss_quantity <= 60))
                                   ->  Append-only Columnar Scan on store_sales_1_prt_18 store_sales_1_prt_18_8  (cost=0.00..458535.00 rows=1588255 width=6)
                                         Filter: ((ss_quantity >= 41) AND (ss_quantity <= 60))
                                   ->  Append-only Columnar Scan on store_sales_1_prt_19 store_sales_1_prt_19_8  (cost=0.00..457943.50 rows=1584090 width=6)
                                         Filter: ((ss_quantity >= 41) AND (ss_quantity <= 60))
                                   ->  Append-only Columnar Scan on store_sales_1_prt_20 store_sales_1_prt_20_8  (cost=0.00..458736.50 rows=1611510 width=6)
                                         Filter: ((ss_quantity >= 41) AND (ss_quantity <= 60))
                                   ->  Append-only Columnar Scan on store_sales_1_prt_21 store_sales_1_prt_21_8  (cost=0.00..457993.00 rows=1593197 width=6)
                                         Filter: ((ss_quantity >= 41) AND (ss_quantity <= 60))
                                   ->  Append-only Columnar Scan on store_sales_1_prt_22 store_sales_1_prt_22_8  (cost=0.00..646190.50 rows=2281874 width=6)
                                         Filter: ((ss_quantity >= 41) AND (ss_quantity <= 60))
                                   ->  Append-only Columnar Scan on store_sales_1_prt_23 store_sales_1_prt_23_8  (cost=0.00..1043647.50 rows=3612026 width=6)
                                         Filter: ((ss_quantity >= 41) AND (ss_quantity <= 60))
                                   ->  Append-only Columnar Scan on store_sales_1_prt_24 store_sales_1_prt_24_8  (cost=0.00..1043234.50 rows=3688280 width=6)
                                         Filter: ((ss_quantity >= 41) AND (ss_quantity <= 60))
                                   ->  Append-only Columnar Scan on store_sales_1_prt_25 store_sales_1_prt_25_8  (cost=0.00..1061845.50 rows=3701358 width=6)
                                         Filter: ((ss_quantity >= 41) AND (ss_quantity <= 60))
                                   ->  Append-only Columnar Scan on store_sales_1_prt_26 store_sales_1_prt_26_8  (cost=0.00..1581424.00 rows=5474289 width=6)
                                         Filter: ((ss_quantity >= 41) AND (ss_quantity <= 60))
                                   ->  Append-only Columnar Scan on store_sales_1_prt_27 store_sales_1_prt_27_8  (cost=0.00..1580411.00 rows=5438951 width=6)
                                         Filter: ((ss_quantity >= 41) AND (ss_quantity <= 60))
                                   ->  Append-only Columnar Scan on store_sales_1_prt_28 store_sales_1_prt_28_8  (cost=0.00..634690.00 rows=2172982 width=6)
                                         Filter: ((ss_quantity >= 41) AND (ss_quantity <= 60))
                                   ->  Append-only Columnar Scan on store_sales_1_prt_29 store_sales_1_prt_29_8  (cost=0.00..457618.00 rows=1584587 width=6)
                                         Filter: ((ss_quantity >= 41) AND (ss_quantity <= 60))
                                   ->  Append-only Columnar Scan on store_sales_1_prt_30 store_sales_1_prt_30_8  (cost=0.00..457988.50 rows=1594005 width=6)
                                         Filter: ((ss_quantity >= 41) AND (ss_quantity <= 60))
                                   ->  Append-only Columnar Scan on store_sales_1_prt_31 store_sales_1_prt_31_8  (cost=0.00..457753.00 rows=1588612 width=6)
                                         Filter: ((ss_quantity >= 41) AND (ss_quantity <= 60))
                                   ->  Append-only Columnar Scan on store_sales_1_prt_32 store_sales_1_prt_32_8  (cost=0.00..457623.00 rows=1575404 width=6)
                                         Filter: ((ss_quantity >= 41) AND (ss_quantity <= 60))
                                   ->  Append-only Columnar Scan on store_sales_1_prt_33 store_sales_1_prt_33_8  (cost=0.00..457829.00 rows=1602079 width=6)
                                         Filter: ((ss_quantity >= 41) AND (ss_quantity <= 60))
                                   ->  Append-only Columnar Scan on store_sales_1_prt_34 store_sales_1_prt_34_8  (cost=0.00..457015.50 rows=1606470 width=6)
                                         Filter: ((ss_quantity >= 41) AND (ss_quantity <= 60))
                                   ->  Append-only Columnar Scan on store_sales_1_prt_35 store_sales_1_prt_35_8  (cost=0.00..623916.50 rows=2154520 width=6)
                                         Filter: ((ss_quantity >= 41) AND (ss_quantity <= 60))
                                   ->  Append-only Columnar Scan on store_sales_1_prt_36 store_sales_1_prt_36_8  (cost=0.00..1041735.00 rows=3661316 width=6)
                                         Filter: ((ss_quantity >= 41) AND (ss_quantity <= 60))
                                   ->  Append-only Columnar Scan on store_sales_1_prt_37 store_sales_1_prt_37_8  (cost=0.00..1040850.50 rows=3664486 width=6)
                                         Filter: ((ss_quantity >= 41) AND (ss_quantity <= 60))
                                   ->  Append-only Columnar Scan on store_sales_1_prt_38 store_sales_1_prt_38_8  (cost=0.00..1041468.50 rows=3591565 width=6)
                                         Filter: ((ss_quantity >= 41) AND (ss_quantity <= 60))
                                   ->  Append-only Columnar Scan on store_sales_1_prt_39 store_sales_1_prt_39_8  (cost=0.00..1577831.56 rows=5373176 width=6)
                                         Filter: ((ss_quantity >= 41) AND (ss_quantity <= 60))
                                   ->  Append-only Columnar Scan on store_sales_1_prt_40 store_sales_1_prt_40_8  (cost=0.00..1577838.56 rows=5480545 width=6)
                                         Filter: ((ss_quantity >= 41) AND (ss_quantity <= 60))
                                   ->  Append-only Columnar Scan on store_sales_1_prt_41 store_sales_1_prt_41_8  (cost=0.00..658185.00 rows=2283391 width=6)
                                         Filter: ((ss_quantity >= 41) AND (ss_quantity <= 60))
                                   ->  Append-only Columnar Scan on store_sales_1_prt_42 store_sales_1_prt_42_8  (cost=0.00..458495.50 rows=1606263 width=6)
                                         Filter: ((ss_quantity >= 41) AND (ss_quantity <= 60))
                                   ->  Append-only Columnar Scan on store_sales_1_prt_43 store_sales_1_prt_43_8  (cost=0.00..442207.50 rows=1558143 width=6)
                                         Filter: ((ss_quantity >= 41) AND (ss_quantity <= 60))
                                   ->  Append-only Columnar Scan on store_sales_1_prt_44 store_sales_1_prt_44_8  (cost=0.00..458017.50 rows=1587017 width=6)
                                         Filter: ((ss_quantity >= 41) AND (ss_quantity <= 60))
                                   ->  Append-only Columnar Scan on store_sales_1_prt_45 store_sales_1_prt_45_8  (cost=0.00..458162.00 rows=1577287 width=6)
                                         Filter: ((ss_quantity >= 41) AND (ss_quantity <= 60))
                                   ->  Append-only Columnar Scan on store_sales_1_prt_46 store_sales_1_prt_46_8  (cost=0.00..458582.00 rows=1589017 width=6)
                                         Filter: ((ss_quantity >= 41) AND (ss_quantity <= 60))
                                   ->  Append-only Columnar Scan on store_sales_1_prt_47 store_sales_1_prt_47_8  (cost=0.00..457607.00 rows=1601023 width=6)
                                         Filter: ((ss_quantity >= 41) AND (ss_quantity <= 60))
                                   ->  Append-only Columnar Scan on store_sales_1_prt_48 store_sales_1_prt_48_8  (cost=0.00..583964.00 rows=1996904 width=6)
                                         Filter: ((ss_quantity >= 41) AND (ss_quantity <= 60))
                                   ->  Append-only Columnar Scan on store_sales_1_prt_49 store_sales_1_prt_49_8  (cost=0.00..1044296.00 rows=3566129 width=6)
                                         Filter: ((ss_quantity >= 41) AND (ss_quantity <= 60))
                                   ->  Append-only Columnar Scan on store_sales_1_prt_50 store_sales_1_prt_50_8  (cost=0.00..1043760.50 rows=3603353 width=6)
                                         Filter: ((ss_quantity >= 41) AND (ss_quantity <= 60))
                                   ->  Append-only Columnar Scan on store_sales_1_prt_51 store_sales_1_prt_51_8  (cost=0.00..1043799.50 rows=3679786 width=6)
                                         Filter: ((ss_quantity >= 41) AND (ss_quantity <= 60))
                                   ->  Append-only Columnar Scan on store_sales_1_prt_52 store_sales_1_prt_52_8  (cost=0.00..1540696.00 rows=5271308 width=6)
                                         Filter: ((ss_quantity >= 41) AND (ss_quantity <= 60))
                                   ->  Append-only Columnar Scan on store_sales_1_prt_53 store_sales_1_prt_53_8  (cost=0.00..1581156.44 rows=5558429 width=6)
                                         Filter: ((ss_quantity >= 41) AND (ss_quantity <= 60))
                                   ->  Append-only Columnar Scan on store_sales_1_prt_54 store_sales_1_prt_54_8  (cost=0.00..756390.00 rows=2612016 width=6)
                                         Filter: ((ss_quantity >= 41) AND (ss_quantity <= 60))
                                   ->  Append-only Columnar Scan on store_sales_1_prt_55 store_sales_1_prt_55_8  (cost=0.00..458800.50 rows=1552877 width=6)
                                         Filter: ((ss_quantity >= 41) AND (ss_quantity <= 60))
                                   ->  Append-only Columnar Scan on store_sales_1_prt_56 store_sales_1_prt_56_8  (cost=0.00..442005.00 rows=1522157 width=6)
                                         Filter: ((ss_quantity >= 41) AND (ss_quantity <= 60))
                                   ->  Append-only Columnar Scan on store_sales_1_prt_57 store_sales_1_prt_57_8  (cost=0.00..458479.00 rows=1602472 width=6)
                                         Filter: ((ss_quantity >= 41) AND (ss_quantity <= 60))
                                   ->  Append-only Columnar Scan on store_sales_1_prt_58 store_sales_1_prt_58_8  (cost=0.00..458017.00 rows=1584343 width=6)
                                         Filter: ((ss_quantity >= 41) AND (ss_quantity <= 60))
                                   ->  Append-only Columnar Scan on store_sales_1_prt_59 store_sales_1_prt_59_8  (cost=0.00..458521.00 rows=1564394 width=6)
                                         Filter: ((ss_quantity >= 41) AND (ss_quantity <= 60))
                                   ->  Append-only Columnar Scan on store_sales_1_prt_60 store_sales_1_prt_60_8  (cost=0.00..458374.00 rows=1594531 width=6)
                                         Filter: ((ss_quantity >= 41) AND (ss_quantity <= 60))
                                   ->  Append-only Columnar Scan on store_sales_1_prt_61 store_sales_1_prt_61_8  (cost=0.00..562624.00 rows=1999084 width=6)
                                         Filter: ((ss_quantity >= 41) AND (ss_quantity <= 60))
                                   ->  Append-only Columnar Scan on store_sales_1_prt_62 store_sales_1_prt_62_8  (cost=0.00..1043137.50 rows=3661439 width=6)
                                         Filter: ((ss_quantity >= 41) AND (ss_quantity <= 60))
                                   ->  Append-only Columnar Scan on store_sales_1_prt_63 store_sales_1_prt_63_8  (cost=0.00..1043773.50 rows=3628507 width=6)
                                         Filter: ((ss_quantity >= 41) AND (ss_quantity <= 60))
                                   ->  Append-only Columnar Scan on store_sales_1_prt_64 store_sales_1_prt_64_8  (cost=0.00..1043729.50 rows=3621151 width=6)
                                         Filter: ((ss_quantity >= 41) AND (ss_quantity <= 60))
                                   ->  Append-only Columnar Scan on store_sales_1_prt_65 store_sales_1_prt_65_8  (cost=0.00..1522479.44 rows=5265718 width=6)
                                         Filter: ((ss_quantity >= 41) AND (ss_quantity <= 60))
                                   ->  Append-only Columnar Scan on store_sales_1_prt_66 store_sales_1_prt_66_8  (cost=0.00..1579804.44 rows=5551070 width=6)
                                         Filter: ((ss_quantity >= 41) AND (ss_quantity <= 60))
                                   ->  Append-only Columnar Scan on store_sales_1_prt_67 store_sales_1_prt_67_8  (cost=0.00..451358.50 rows=1575417 width=6)
                                         Filter: ((ss_quantity >= 41) AND (ss_quantity <= 60))
                                   ->  Append-only Columnar Scan on store_sales_1_prt_68 store_sales_1_prt_68_8  (cost=0.00..1.00 rows=1 width=14)
                                         Filter: ((ss_quantity >= 41) AND (ss_quantity <= 60))
                                   ->  Append-only Columnar Scan on store_sales_1_prt_69 store_sales_1_prt_69_8  (cost=0.00..1.00 rows=1 width=14)
                                         Filter: ((ss_quantity >= 41) AND (ss_quantity <= 60))
                                   ->  Append-only Columnar Scan on store_sales_1_prt_70 store_sales_1_prt_70_8  (cost=0.00..1.00 rows=1 width=14)
                                         Filter: ((ss_quantity >= 41) AND (ss_quantity <= 60))
                                   ->  Append-only Columnar Scan on store_sales_1_prt_71 store_sales_1_prt_71_8  (cost=0.00..1.00 rows=1 width=14)
                                         Filter: ((ss_quantity >= 41) AND (ss_quantity <= 60))
                                   ->  Append-only Columnar Scan on store_sales_1_prt_72 store_sales_1_prt_72_8  (cost=0.00..1.00 rows=1 width=14)
                                         Filter: ((ss_quantity >= 41) AND (ss_quantity <= 60))
                                   ->  Append-only Columnar Scan on store_sales_1_prt_73 store_sales_1_prt_73_8  (cost=0.00..1.00 rows=1 width=14)
                                         Filter: ((ss_quantity >= 41) AND (ss_quantity <= 60))
                                   ->  Append-only Columnar Scan on store_sales_1_prt_74 store_sales_1_prt_74_8  (cost=0.00..1.00 rows=1 width=14)
                                         Filter: ((ss_quantity >= 41) AND (ss_quantity <= 60))
                                   ->  Append-only Columnar Scan on store_sales_1_prt_75 store_sales_1_prt_75_8  (cost=0.00..1.00 rows=1 width=14)
                                         Filter: ((ss_quantity >= 41) AND (ss_quantity <= 60))
                                   ->  Append-only Columnar Scan on store_sales_1_prt_76 store_sales_1_prt_76_8  (cost=0.00..1.00 rows=1 width=14)
                                         Filter: ((ss_quantity >= 41) AND (ss_quantity <= 60))
                                   ->  Append-only Columnar Scan on store_sales_1_prt_77 store_sales_1_prt_77_8  (cost=0.00..1.00 rows=1 width=14)
                                         Filter: ((ss_quantity >= 41) AND (ss_quantity <= 60))
                                   ->  Append-only Columnar Scan on store_sales_1_prt_78 store_sales_1_prt_78_8  (cost=0.00..1.00 rows=1 width=14)
                                         Filter: ((ss_quantity >= 41) AND (ss_quantity <= 60))
                                   ->  Append-only Columnar Scan on store_sales_1_prt_79 store_sales_1_prt_79_8  (cost=0.00..1.00 rows=1 width=14)
                                         Filter: ((ss_quantity >= 41) AND (ss_quantity <= 60))
                                   ->  Append-only Columnar Scan on store_sales_1_prt_80 store_sales_1_prt_80_8  (cost=0.00..1.00 rows=1 width=14)
                                         Filter: ((ss_quantity >= 41) AND (ss_quantity <= 60))
         InitPlan 10 (returns $9)  (slice26)
           ->  Aggregate  (cost=55299978.24..55299978.25 rows=1 width=8)
                 ->  Gather Motion 3:1  (slice10; segments: 3)  (cost=55299978.18..55299978.23 rows=1 width=8)
                       ->  Aggregate  (cost=55299978.18..55299978.19 rows=1 width=8)
                             ->  Append  (cost=0.00..53924578.44 rows=183386633 width=0)
                                   ->  Append-only Columnar Scan on store_sales_1_prt_outliers store_sales_1_prt_outliers_9  (cost=0.00..2216620.00 rows=4252354 width=0)
                                         Filter: ((ss_quantity >= 61) AND (ss_quantity <= 80))
                                   ->  Append-only Columnar Scan on store_sales_1_prt_2 store_sales_1_prt_2_9  (cost=0.00..442197.00 rows=1534669 width=0)
                                         Filter: ((ss_quantity >= 61) AND (ss_quantity <= 80))
                                   ->  Append-only Columnar Scan on store_sales_1_prt_3 store_sales_1_prt_3_9  (cost=0.00..458023.00 rows=1554322 width=0)
                                         Filter: ((ss_quantity >= 61) AND (ss_quantity <= 80))
                                   ->  Append-only Columnar Scan on store_sales_1_prt_4 store_sales_1_prt_4_9  (cost=0.00..441906.50 rows=1515041 width=0)
                                         Filter: ((ss_quantity >= 61) AND (ss_quantity <= 80))
                                   ->  Append-only Columnar Scan on store_sales_1_prt_5 store_sales_1_prt_5_9  (cost=0.00..458252.00 rows=1594754 width=0)
                                         Filter: ((ss_quantity >= 61) AND (ss_quantity <= 80))
                                   ->  Append-only Columnar Scan on store_sales_1_prt_6 store_sales_1_prt_6_9  (cost=0.00..458304.00 rows=1590491 width=0)
                                         Filter: ((ss_quantity >= 61) AND (ss_quantity <= 80))
                                   ->  Append-only Columnar Scan on store_sales_1_prt_7 store_sales_1_prt_7_9  (cost=0.00..458351.50 rows=1578179 width=0)
                                         Filter: ((ss_quantity >= 61) AND (ss_quantity <= 80))
                                   ->  Append-only Columnar Scan on store_sales_1_prt_8 store_sales_1_prt_8_9  (cost=0.00..457812.50 rows=1558987 width=0)
                                         Filter: ((ss_quantity >= 61) AND (ss_quantity <= 80))
                                   ->  Append-only Columnar Scan on store_sales_1_prt_9 store_sales_1_prt_9_9  (cost=0.00..667177.00 rows=2318932 width=0)
                                         Filter: ((ss_quantity >= 61) AND (ss_quantity <= 80))
                                   ->  Append-only Columnar Scan on store_sales_1_prt_10 store_sales_1_prt_10_9  (cost=0.00..1042817.00 rows=3586662 width=0)
                                         Filter: ((ss_quantity >= 61) AND (ss_quantity <= 80))
                                   ->  Append-only Columnar Scan on store_sales_1_prt_11 store_sales_1_prt_11_9  (cost=0.00..1043911.50 rows=3631446 width=0)
                                         Filter: ((ss_quantity >= 61) AND (ss_quantity <= 80))
                                   ->  Append-only Columnar Scan on store_sales_1_prt_12 store_sales_1_prt_12_9  (cost=0.00..1081632.50 rows=3737095 width=0)
                                         Filter: ((ss_quantity >= 61) AND (ss_quantity <= 80))
                                   ->  Append-only Columnar Scan on store_sales_1_prt_13 store_sales_1_prt_13_9  (cost=0.00..1580039.00 rows=5468450 width=0)
                                         Filter: ((ss_quantity >= 61) AND (ss_quantity <= 80))
                                   ->  Append-only Columnar Scan on store_sales_1_prt_14 store_sales_1_prt_14_9  (cost=0.00..1581313.00 rows=5571015 width=0)
                                         Filter: ((ss_quantity >= 61) AND (ss_quantity <= 80))
                                   ->  Append-only Columnar Scan on store_sales_1_prt_15 store_sales_1_prt_15_9  (cost=0.00..594935.50 rows=2047902 width=0)
                                         Filter: ((ss_quantity >= 61) AND (ss_quantity <= 80))
                                   ->  Append-only Columnar Scan on store_sales_1_prt_16 store_sales_1_prt_16_9  (cost=0.00..458384.00 rows=1594815 width=0)
                                         Filter: ((ss_quantity >= 61) AND (ss_quantity <= 80))
                                   ->  Append-only Columnar Scan on store_sales_1_prt_17 store_sales_1_prt_17_9  (cost=0.00..442348.50 rows=1542040 width=0)
                                         Filter: ((ss_quantity >= 61) AND (ss_quantity <= 80))
                                   ->  Append-only Columnar Scan on store_sales_1_prt_18 store_sales_1_prt_18_9  (cost=0.00..458535.00 rows=1580361 width=0)
                                         Filter: ((ss_quantity >= 61) AND (ss_quantity <= 80))
                                   ->  Append-only Columnar Scan on store_sales_1_prt_19 store_sales_1_prt_19_9  (cost=0.00..457943.50 rows=1579218 width=0)
                                         Filter: ((ss_quantity >= 61) AND (ss_quantity <= 80))
                                   ->  Append-only Columnar Scan on store_sales_1_prt_20 store_sales_1_prt_20_9  (cost=0.00..458736.50 rows=1579488 width=0)
                                         Filter: ((ss_quantity >= 61) AND (ss_quantity <= 80))
                                   ->  Append-only Columnar Scan on store_sales_1_prt_21 store_sales_1_prt_21_9  (cost=0.00..457993.00 rows=1580915 width=0)
                                         Filter: ((ss_quantity >= 61) AND (ss_quantity <= 80))
                                   ->  Append-only Columnar Scan on store_sales_1_prt_22 store_sales_1_prt_22_9  (cost=0.00..646190.50 rows=2205874 width=0)
                                         Filter: ((ss_quantity >= 61) AND (ss_quantity <= 80))
                                   ->  Append-only Columnar Scan on store_sales_1_prt_23 store_sales_1_prt_23_9  (cost=0.00..1043647.50 rows=3674941 width=0)
                                         Filter: ((ss_quantity >= 61) AND (ss_quantity <= 80))
                                   ->  Append-only Columnar Scan on store_sales_1_prt_24 store_sales_1_prt_24_9  (cost=0.00..1043234.50 rows=3581616 width=0)
                                         Filter: ((ss_quantity >= 61) AND (ss_quantity <= 80))
                                   ->  Append-only Columnar Scan on store_sales_1_prt_25 store_sales_1_prt_25_9  (cost=0.00..1061845.50 rows=3646758 width=0)
                                         Filter: ((ss_quantity >= 61) AND (ss_quantity <= 80))
                                   ->  Append-only Columnar Scan on store_sales_1_prt_26 store_sales_1_prt_26_9  (cost=0.00..1581424.00 rows=5541749 width=0)
                                         Filter: ((ss_quantity >= 61) AND (ss_quantity <= 80))
                                   ->  Append-only Columnar Scan on store_sales_1_prt_27 store_sales_1_prt_27_9  (cost=0.00..1580411.00 rows=5431482 width=0)
                                         Filter: ((ss_quantity >= 61) AND (ss_quantity <= 80))
                                   ->  Append-only Columnar Scan on store_sales_1_prt_28 store_sales_1_prt_28_9  (cost=0.00..634690.00 rows=2217243 width=0)
                                         Filter: ((ss_quantity >= 61) AND (ss_quantity <= 80))
                                   ->  Append-only Columnar Scan on store_sales_1_prt_29 store_sales_1_prt_29_9  (cost=0.00..457618.00 rows=1595675 width=0)
                                         Filter: ((ss_quantity >= 61) AND (ss_quantity <= 80))
                                   ->  Append-only Columnar Scan on store_sales_1_prt_30 store_sales_1_prt_30_9  (cost=0.00..457988.50 rows=1598919 width=0)
                                         Filter: ((ss_quantity >= 61) AND (ss_quantity <= 80))
                                   ->  Append-only Columnar Scan on store_sales_1_prt_31 store_sales_1_prt_31_9  (cost=0.00..457753.00 rows=1596742 width=0)
                                         Filter: ((ss_quantity >= 61) AND (ss_quantity <= 80))
                                   ->  Append-only Columnar Scan on store_sales_1_prt_32 store_sales_1_prt_32_9  (cost=0.00..457623.00 rows=1555661 width=0)
                                         Filter: ((ss_quantity >= 61) AND (ss_quantity <= 80))
                                   ->  Append-only Columnar Scan on store_sales_1_prt_33 store_sales_1_prt_33_9  (cost=0.00..457829.00 rows=1585791 width=0)
                                         Filter: ((ss_quantity >= 61) AND (ss_quantity <= 80))
                                   ->  Append-only Columnar Scan on store_sales_1_prt_34 store_sales_1_prt_34_9  (cost=0.00..457015.50 rows=1580962 width=0)
                                         Filter: ((ss_quantity >= 61) AND (ss_quantity <= 80))
                                   ->  Append-only Columnar Scan on store_sales_1_prt_35 store_sales_1_prt_35_9  (cost=0.00..623916.50 rows=2192877 width=0)
                                         Filter: ((ss_quantity >= 61) AND (ss_quantity <= 80))
                                   ->  Append-only Columnar Scan on store_sales_1_prt_36 store_sales_1_prt_36_9  (cost=0.00..1041735.00 rows=3577558 width=0)
                                         Filter: ((ss_quantity >= 61) AND (ss_quantity <= 80))
                                   ->  Append-only Columnar Scan on store_sales_1_prt_37 store_sales_1_prt_37_9  (cost=0.00..1040850.50 rows=3572217 width=0)
                                         Filter: ((ss_quantity >= 61) AND (ss_quantity <= 80))
                                   ->  Append-only Columnar Scan on store_sales_1_prt_38 store_sales_1_prt_38_9  (cost=0.00..1041468.50 rows=3576181 width=0)
                                         Filter: ((ss_quantity >= 61) AND (ss_quantity <= 80))
                                   ->  Append-only Columnar Scan on store_sales_1_prt_39 store_sales_1_prt_39_9  (cost=0.00..1577831.56 rows=5566206 width=0)
                                         Filter: ((ss_quantity >= 61) AND (ss_quantity <= 80))
                                   ->  Append-only Columnar Scan on store_sales_1_prt_40 store_sales_1_prt_40_9  (cost=0.00..1577838.56 rows=5466492 width=0)
                                         Filter: ((ss_quantity >= 61) AND (ss_quantity <= 80))
                                   ->  Append-only Columnar Scan on store_sales_1_prt_41 store_sales_1_prt_41_9  (cost=0.00..658185.00 rows=2256550 width=0)
                                         Filter: ((ss_quantity >= 61) AND (ss_quantity <= 80))
                                   ->  Append-only Columnar Scan on store_sales_1_prt_42 store_sales_1_prt_42_9  (cost=0.00..458495.50 rows=1545084 width=0)
                                         Filter: ((ss_quantity >= 61) AND (ss_quantity <= 80))
                                   ->  Append-only Columnar Scan on store_sales_1_prt_43 store_sales_1_prt_43_9  (cost=0.00..442207.50 rows=1562586 width=0)
                                         Filter: ((ss_quantity >= 61) AND (ss_quantity <= 80))
                                   ->  Append-only Columnar Scan on store_sales_1_prt_44 store_sales_1_prt_44_9  (cost=0.00..458017.50 rows=1605431 width=0)
                                         Filter: ((ss_quantity >= 61) AND (ss_quantity <= 80))
                                   ->  Append-only Columnar Scan on store_sales_1_prt_45 store_sales_1_prt_45_9  (cost=0.00..458162.00 rows=1598047 width=0)
                                         Filter: ((ss_quantity >= 61) AND (ss_quantity <= 80))
                                   ->  Append-only Columnar Scan on store_sales_1_prt_46 store_sales_1_prt_46_9  (cost=0.00..458582.00 rows=1587932 width=0)
                                         Filter: ((ss_quantity >= 61) AND (ss_quantity <= 80))
                                   ->  Append-only Columnar Scan on store_sales_1_prt_47 store_sales_1_prt_47_9  (cost=0.00..457607.00 rows=1578553 width=0)
                                         Filter: ((ss_quantity >= 61) AND (ss_quantity <= 80))
                                   ->  Append-only Columnar Scan on store_sales_1_prt_48 store_sales_1_prt_48_9  (cost=0.00..583964.00 rows=2037972 width=0)
                                         Filter: ((ss_quantity >= 61) AND (ss_quantity <= 80))
                                   ->  Append-only Columnar Scan on store_sales_1_prt_49 store_sales_1_prt_49_9  (cost=0.00..1044296.00 rows=3652539 width=0)
                                         Filter: ((ss_quantity >= 61) AND (ss_quantity <= 80))
                                   ->  Append-only Columnar Scan on store_sales_1_prt_50 store_sales_1_prt_50_9  (cost=0.00..1043760.50 rows=3592213 width=0)
                                         Filter: ((ss_quantity >= 61) AND (ss_quantity <= 80))
                                   ->  Append-only Columnar Scan on store_sales_1_prt_51 store_sales_1_prt_51_9  (cost=0.00..1043799.50 rows=3652645 width=0)
                                         Filter: ((ss_quantity >= 61) AND (ss_quantity <= 80))
                                   ->  Append-only Columnar Scan on store_sales_1_prt_52 store_sales_1_prt_52_9  (cost=0.00..1540696.00 rows=5410630 width=0)
                                         Filter: ((ss_quantity >= 61) AND (ss_quantity <= 80))
                                   ->  Append-only Columnar Scan on store_sales_1_prt_53 store_sales_1_prt_53_9  (cost=0.00..1581156.44 rows=5545283 width=0)
                                         Filter: ((ss_quantity >= 61) AND (ss_quantity <= 80))
                                   ->  Append-only Columnar Scan on store_sales_1_prt_54 store_sales_1_prt_54_9  (cost=0.00..756390.00 rows=2592793 width=0)
                                         Filter: ((ss_quantity >= 61) AND (ss_quantity <= 80))
                                   ->  Append-only Columnar Scan on store_sales_1_prt_55 store_sales_1_prt_55_9  (cost=0.00..458800.50 rows=1626642 width=0)
                                         Filter: ((ss_quantity >= 61) AND (ss_quantity <= 80))
                                   ->  Append-only Columnar Scan on store_sales_1_prt_56 store_sales_1_prt_56_9  (cost=0.00..442005.00 rows=1529208 width=0)
                                         Filter: ((ss_quantity >= 61) AND (ss_quantity <= 80))
                                   ->  Append-only Columnar Scan on store_sales_1_prt_57 store_sales_1_prt_57_9  (cost=0.00..458479.00 rows=1552343 width=0)
                                         Filter: ((ss_quantity >= 61) AND (ss_quantity <= 80))
                                   ->  Append-only Columnar Scan on store_sales_1_prt_58 store_sales_1_prt_58_9  (cost=0.00..458017.00 rows=1581094 width=0)
                                         Filter: ((ss_quantity >= 61) AND (ss_quantity <= 80))
                                   ->  Append-only Columnar Scan on store_sales_1_prt_59 store_sales_1_prt_59_9  (cost=0.00..458521.00 rows=1590138 width=0)
                                         Filter: ((ss_quantity >= 61) AND (ss_quantity <= 80))
                                   ->  Append-only Columnar Scan on store_sales_1_prt_60 store_sales_1_prt_60_9  (cost=0.00..458374.00 rows=1586675 width=0)
                                         Filter: ((ss_quantity >= 61) AND (ss_quantity <= 80))
                                   ->  Append-only Columnar Scan on store_sales_1_prt_61 store_sales_1_prt_61_9  (cost=0.00..562624.00 rows=1900660 width=0)
                                         Filter: ((ss_quantity >= 61) AND (ss_quantity <= 80))
                                   ->  Append-only Columnar Scan on store_sales_1_prt_62 store_sales_1_prt_62_9  (cost=0.00..1043137.50 rows=3638629 width=0)
                                         Filter: ((ss_quantity >= 61) AND (ss_quantity <= 80))
                                   ->  Append-only Columnar Scan on store_sales_1_prt_63 store_sales_1_prt_63_9  (cost=0.00..1043773.50 rows=3576424 width=0)
                                         Filter: ((ss_quantity >= 61) AND (ss_quantity <= 80))
                                   ->  Append-only Columnar Scan on store_sales_1_prt_64 store_sales_1_prt_64_9  (cost=0.00..1043729.50 rows=3574156 width=0)
                                         Filter: ((ss_quantity >= 61) AND (ss_quantity <= 80))
                                   ->  Append-only Columnar Scan on store_sales_1_prt_65 store_sales_1_prt_65_9  (cost=0.00..1522479.44 rows=5283830 width=0)
                                         Filter: ((ss_quantity >= 61) AND (ss_quantity <= 80))
                                   ->  Append-only Columnar Scan on store_sales_1_prt_66 store_sales_1_prt_66_9  (cost=0.00..1579804.44 rows=5409910 width=0)
                                         Filter: ((ss_quantity >= 61) AND (ss_quantity <= 80))
                                   ->  Append-only Columnar Scan on store_sales_1_prt_67 store_sales_1_prt_67_9  (cost=0.00..451358.50 rows=1556617 width=0)
                                         Filter: ((ss_quantity >= 61) AND (ss_quantity <= 80))
                                   ->  Append-only Columnar Scan on store_sales_1_prt_68 store_sales_1_prt_68_9  (cost=0.00..1.00 rows=1 width=0)
                                         Filter: ((ss_quantity >= 61) AND (ss_quantity <= 80))
                                   ->  Append-only Columnar Scan on store_sales_1_prt_69 store_sales_1_prt_69_9  (cost=0.00..1.00 rows=1 width=0)
                                         Filter: ((ss_quantity >= 61) AND (ss_quantity <= 80))
                                   ->  Append-only Columnar Scan on store_sales_1_prt_70 store_sales_1_prt_70_9  (cost=0.00..1.00 rows=1 width=0)
                                         Filter: ((ss_quantity >= 61) AND (ss_quantity <= 80))
                                   ->  Append-only Columnar Scan on store_sales_1_prt_71 store_sales_1_prt_71_9  (cost=0.00..1.00 rows=1 width=0)
                                         Filter: ((ss_quantity >= 61) AND (ss_quantity <= 80))
                                   ->  Append-only Columnar Scan on store_sales_1_prt_72 store_sales_1_prt_72_9  (cost=0.00..1.00 rows=1 width=0)
                                         Filter: ((ss_quantity >= 61) AND (ss_quantity <= 80))
                                   ->  Append-only Columnar Scan on store_sales_1_prt_73 store_sales_1_prt_73_9  (cost=0.00..1.00 rows=1 width=0)
                                         Filter: ((ss_quantity >= 61) AND (ss_quantity <= 80))
                                   ->  Append-only Columnar Scan on store_sales_1_prt_74 store_sales_1_prt_74_9  (cost=0.00..1.00 rows=1 width=0)
                                         Filter: ((ss_quantity >= 61) AND (ss_quantity <= 80))
                                   ->  Append-only Columnar Scan on store_sales_1_prt_75 store_sales_1_prt_75_9  (cost=0.00..1.00 rows=1 width=0)
                                         Filter: ((ss_quantity >= 61) AND (ss_quantity <= 80))
                                   ->  Append-only Columnar Scan on store_sales_1_prt_76 store_sales_1_prt_76_9  (cost=0.00..1.00 rows=1 width=0)
                                         Filter: ((ss_quantity >= 61) AND (ss_quantity <= 80))
                                   ->  Append-only Columnar Scan on store_sales_1_prt_77 store_sales_1_prt_77_9  (cost=0.00..1.00 rows=1 width=0)
                                         Filter: ((ss_quantity >= 61) AND (ss_quantity <= 80))
                                   ->  Append-only Columnar Scan on store_sales_1_prt_78 store_sales_1_prt_78_9  (cost=0.00..1.00 rows=1 width=0)
                                         Filter: ((ss_quantity >= 61) AND (ss_quantity <= 80))
                                   ->  Append-only Columnar Scan on store_sales_1_prt_79 store_sales_1_prt_79_9  (cost=0.00..1.00 rows=1 width=0)
                                         Filter: ((ss_quantity >= 61) AND (ss_quantity <= 80))
                                   ->  Append-only Columnar Scan on store_sales_1_prt_80 store_sales_1_prt_80_9  (cost=0.00..1.00 rows=1 width=0)
                                         Filter: ((ss_quantity >= 61) AND (ss_quantity <= 80))
         InitPlan 11 (returns $10)  (slice27)
           ->  Aggregate  (cost=55299978.25..55299978.26 rows=1 width=32)
                 ->  Gather Motion 3:1  (slice11; segments: 3)  (cost=55299978.18..55299978.23 rows=1 width=32)
                       ->  Aggregate  (cost=55299978.18..55299978.19 rows=1 width=32)
                             ->  Append  (cost=0.00..53924578.44 rows=183386633 width=3)
                                   ->  Append-only Columnar Scan on store_sales_1_prt_outliers store_sales_1_prt_outliers_10  (cost=0.00..2216620.00 rows=4252354 width=3)
                                         Filter: ((ss_quantity >= 61) AND (ss_quantity <= 80))
                                   ->  Append-only Columnar Scan on store_sales_1_prt_2 store_sales_1_prt_2_10  (cost=0.00..442197.00 rows=1534669 width=3)
                                         Filter: ((ss_quantity >= 61) AND (ss_quantity <= 80))
                                   ->  Append-only Columnar Scan on store_sales_1_prt_3 store_sales_1_prt_3_10  (cost=0.00..458023.00 rows=1554322 width=3)
                                         Filter: ((ss_quantity >= 61) AND (ss_quantity <= 80))
                                   ->  Append-only Columnar Scan on store_sales_1_prt_4 store_sales_1_prt_4_10  (cost=0.00..441906.50 rows=1515041 width=3)
                                         Filter: ((ss_quantity >= 61) AND (ss_quantity <= 80))
                                   ->  Append-only Columnar Scan on store_sales_1_prt_5 store_sales_1_prt_5_10  (cost=0.00..458252.00 rows=1594754 width=3)
                                         Filter: ((ss_quantity >= 61) AND (ss_quantity <= 80))
                                   ->  Append-only Columnar Scan on store_sales_1_prt_6 store_sales_1_prt_6_10  (cost=0.00..458304.00 rows=1590491 width=3)
                                         Filter: ((ss_quantity >= 61) AND (ss_quantity <= 80))
                                   ->  Append-only Columnar Scan on store_sales_1_prt_7 store_sales_1_prt_7_10  (cost=0.00..458351.50 rows=1578179 width=3)
                                         Filter: ((ss_quantity >= 61) AND (ss_quantity <= 80))
                                   ->  Append-only Columnar Scan on store_sales_1_prt_8 store_sales_1_prt_8_10  (cost=0.00..457812.50 rows=1558987 width=3)
                                         Filter: ((ss_quantity >= 61) AND (ss_quantity <= 80))
                                   ->  Append-only Columnar Scan on store_sales_1_prt_9 store_sales_1_prt_9_10  (cost=0.00..667177.00 rows=2318932 width=3)
                                         Filter: ((ss_quantity >= 61) AND (ss_quantity <= 80))
                                   ->  Append-only Columnar Scan on store_sales_1_prt_10 store_sales_1_prt_10_10  (cost=0.00..1042817.00 rows=3586662 width=3)
                                         Filter: ((ss_quantity >= 61) AND (ss_quantity <= 80))
                                   ->  Append-only Columnar Scan on store_sales_1_prt_11 store_sales_1_prt_11_10  (cost=0.00..1043911.50 rows=3631446 width=3)
                                         Filter: ((ss_quantity >= 61) AND (ss_quantity <= 80))
                                   ->  Append-only Columnar Scan on store_sales_1_prt_12 store_sales_1_prt_12_10  (cost=0.00..1081632.50 rows=3737095 width=3)
                                         Filter: ((ss_quantity >= 61) AND (ss_quantity <= 80))
                                   ->  Append-only Columnar Scan on store_sales_1_prt_13 store_sales_1_prt_13_10  (cost=0.00..1580039.00 rows=5468450 width=3)
                                         Filter: ((ss_quantity >= 61) AND (ss_quantity <= 80))
                                   ->  Append-only Columnar Scan on store_sales_1_prt_14 store_sales_1_prt_14_10  (cost=0.00..1581313.00 rows=5571015 width=3)
                                         Filter: ((ss_quantity >= 61) AND (ss_quantity <= 80))
                                   ->  Append-only Columnar Scan on store_sales_1_prt_15 store_sales_1_prt_15_10  (cost=0.00..594935.50 rows=2047902 width=3)
                                         Filter: ((ss_quantity >= 61) AND (ss_quantity <= 80))
                                   ->  Append-only Columnar Scan on store_sales_1_prt_16 store_sales_1_prt_16_10  (cost=0.00..458384.00 rows=1594815 width=3)
                                         Filter: ((ss_quantity >= 61) AND (ss_quantity <= 80))
                                   ->  Append-only Columnar Scan on store_sales_1_prt_17 store_sales_1_prt_17_10  (cost=0.00..442348.50 rows=1542040 width=3)
                                         Filter: ((ss_quantity >= 61) AND (ss_quantity <= 80))
                                   ->  Append-only Columnar Scan on store_sales_1_prt_18 store_sales_1_prt_18_10  (cost=0.00..458535.00 rows=1580361 width=3)
                                         Filter: ((ss_quantity >= 61) AND (ss_quantity <= 80))
                                   ->  Append-only Columnar Scan on store_sales_1_prt_19 store_sales_1_prt_19_10  (cost=0.00..457943.50 rows=1579218 width=3)
                                         Filter: ((ss_quantity >= 61) AND (ss_quantity <= 80))
                                   ->  Append-only Columnar Scan on store_sales_1_prt_20 store_sales_1_prt_20_10  (cost=0.00..458736.50 rows=1579488 width=3)
                                         Filter: ((ss_quantity >= 61) AND (ss_quantity <= 80))
                                   ->  Append-only Columnar Scan on store_sales_1_prt_21 store_sales_1_prt_21_10  (cost=0.00..457993.00 rows=1580915 width=3)
                                         Filter: ((ss_quantity >= 61) AND (ss_quantity <= 80))
                                   ->  Append-only Columnar Scan on store_sales_1_prt_22 store_sales_1_prt_22_10  (cost=0.00..646190.50 rows=2205874 width=3)
                                         Filter: ((ss_quantity >= 61) AND (ss_quantity <= 80))
                                   ->  Append-only Columnar Scan on store_sales_1_prt_23 store_sales_1_prt_23_10  (cost=0.00..1043647.50 rows=3674941 width=3)
                                         Filter: ((ss_quantity >= 61) AND (ss_quantity <= 80))
                                   ->  Append-only Columnar Scan on store_sales_1_prt_24 store_sales_1_prt_24_10  (cost=0.00..1043234.50 rows=3581616 width=3)
                                         Filter: ((ss_quantity >= 61) AND (ss_quantity <= 80))
                                   ->  Append-only Columnar Scan on store_sales_1_prt_25 store_sales_1_prt_25_10  (cost=0.00..1061845.50 rows=3646758 width=3)
                                         Filter: ((ss_quantity >= 61) AND (ss_quantity <= 80))
                                   ->  Append-only Columnar Scan on store_sales_1_prt_26 store_sales_1_prt_26_10  (cost=0.00..1581424.00 rows=5541749 width=3)
                                         Filter: ((ss_quantity >= 61) AND (ss_quantity <= 80))
                                   ->  Append-only Columnar Scan on store_sales_1_prt_27 store_sales_1_prt_27_10  (cost=0.00..1580411.00 rows=5431482 width=3)
                                         Filter: ((ss_quantity >= 61) AND (ss_quantity <= 80))
                                   ->  Append-only Columnar Scan on store_sales_1_prt_28 store_sales_1_prt_28_10  (cost=0.00..634690.00 rows=2217243 width=3)
                                         Filter: ((ss_quantity >= 61) AND (ss_quantity <= 80))
                                   ->  Append-only Columnar Scan on store_sales_1_prt_29 store_sales_1_prt_29_10  (cost=0.00..457618.00 rows=1595675 width=3)
                                         Filter: ((ss_quantity >= 61) AND (ss_quantity <= 80))
                                   ->  Append-only Columnar Scan on store_sales_1_prt_30 store_sales_1_prt_30_10  (cost=0.00..457988.50 rows=1598919 width=3)
                                         Filter: ((ss_quantity >= 61) AND (ss_quantity <= 80))
                                   ->  Append-only Columnar Scan on store_sales_1_prt_31 store_sales_1_prt_31_10  (cost=0.00..457753.00 rows=1596742 width=3)
                                         Filter: ((ss_quantity >= 61) AND (ss_quantity <= 80))
                                   ->  Append-only Columnar Scan on store_sales_1_prt_32 store_sales_1_prt_32_10  (cost=0.00..457623.00 rows=1555661 width=3)
                                         Filter: ((ss_quantity >= 61) AND (ss_quantity <= 80))
                                   ->  Append-only Columnar Scan on store_sales_1_prt_33 store_sales_1_prt_33_10  (cost=0.00..457829.00 rows=1585791 width=3)
                                         Filter: ((ss_quantity >= 61) AND (ss_quantity <= 80))
                                   ->  Append-only Columnar Scan on store_sales_1_prt_34 store_sales_1_prt_34_10  (cost=0.00..457015.50 rows=1580962 width=3)
                                         Filter: ((ss_quantity >= 61) AND (ss_quantity <= 80))
                                   ->  Append-only Columnar Scan on store_sales_1_prt_35 store_sales_1_prt_35_10  (cost=0.00..623916.50 rows=2192877 width=3)
                                         Filter: ((ss_quantity >= 61) AND (ss_quantity <= 80))
                                   ->  Append-only Columnar Scan on store_sales_1_prt_36 store_sales_1_prt_36_10  (cost=0.00..1041735.00 rows=3577558 width=3)
                                         Filter: ((ss_quantity >= 61) AND (ss_quantity <= 80))
                                   ->  Append-only Columnar Scan on store_sales_1_prt_37 store_sales_1_prt_37_10  (cost=0.00..1040850.50 rows=3572217 width=3)
                                         Filter: ((ss_quantity >= 61) AND (ss_quantity <= 80))
                                   ->  Append-only Columnar Scan on store_sales_1_prt_38 store_sales_1_prt_38_10  (cost=0.00..1041468.50 rows=3576181 width=3)
                                         Filter: ((ss_quantity >= 61) AND (ss_quantity <= 80))
                                   ->  Append-only Columnar Scan on store_sales_1_prt_39 store_sales_1_prt_39_10  (cost=0.00..1577831.56 rows=5566206 width=3)
                                         Filter: ((ss_quantity >= 61) AND (ss_quantity <= 80))
                                   ->  Append-only Columnar Scan on store_sales_1_prt_40 store_sales_1_prt_40_10  (cost=0.00..1577838.56 rows=5466492 width=3)
                                         Filter: ((ss_quantity >= 61) AND (ss_quantity <= 80))
                                   ->  Append-only Columnar Scan on store_sales_1_prt_41 store_sales_1_prt_41_10  (cost=0.00..658185.00 rows=2256550 width=3)
                                         Filter: ((ss_quantity >= 61) AND (ss_quantity <= 80))
                                   ->  Append-only Columnar Scan on store_sales_1_prt_42 store_sales_1_prt_42_10  (cost=0.00..458495.50 rows=1545084 width=3)
                                         Filter: ((ss_quantity >= 61) AND (ss_quantity <= 80))
                                   ->  Append-only Columnar Scan on store_sales_1_prt_43 store_sales_1_prt_43_10  (cost=0.00..442207.50 rows=1562586 width=3)
                                         Filter: ((ss_quantity >= 61) AND (ss_quantity <= 80))
                                   ->  Append-only Columnar Scan on store_sales_1_prt_44 store_sales_1_prt_44_10  (cost=0.00..458017.50 rows=1605431 width=3)
                                         Filter: ((ss_quantity >= 61) AND (ss_quantity <= 80))
                                   ->  Append-only Columnar Scan on store_sales_1_prt_45 store_sales_1_prt_45_10  (cost=0.00..458162.00 rows=1598047 width=3)
                                         Filter: ((ss_quantity >= 61) AND (ss_quantity <= 80))
                                   ->  Append-only Columnar Scan on store_sales_1_prt_46 store_sales_1_prt_46_10  (cost=0.00..458582.00 rows=1587932 width=3)
                                         Filter: ((ss_quantity >= 61) AND (ss_quantity <= 80))
                                   ->  Append-only Columnar Scan on store_sales_1_prt_47 store_sales_1_prt_47_10  (cost=0.00..457607.00 rows=1578553 width=3)
                                         Filter: ((ss_quantity >= 61) AND (ss_quantity <= 80))
                                   ->  Append-only Columnar Scan on store_sales_1_prt_48 store_sales_1_prt_48_10  (cost=0.00..583964.00 rows=2037972 width=3)
                                         Filter: ((ss_quantity >= 61) AND (ss_quantity <= 80))
                                   ->  Append-only Columnar Scan on store_sales_1_prt_49 store_sales_1_prt_49_10  (cost=0.00..1044296.00 rows=3652539 width=3)
                                         Filter: ((ss_quantity >= 61) AND (ss_quantity <= 80))
                                   ->  Append-only Columnar Scan on store_sales_1_prt_50 store_sales_1_prt_50_10  (cost=0.00..1043760.50 rows=3592213 width=3)
                                         Filter: ((ss_quantity >= 61) AND (ss_quantity <= 80))
                                   ->  Append-only Columnar Scan on store_sales_1_prt_51 store_sales_1_prt_51_10  (cost=0.00..1043799.50 rows=3652645 width=3)
                                         Filter: ((ss_quantity >= 61) AND (ss_quantity <= 80))
                                   ->  Append-only Columnar Scan on store_sales_1_prt_52 store_sales_1_prt_52_10  (cost=0.00..1540696.00 rows=5410630 width=3)
                                         Filter: ((ss_quantity >= 61) AND (ss_quantity <= 80))
                                   ->  Append-only Columnar Scan on store_sales_1_prt_53 store_sales_1_prt_53_10  (cost=0.00..1581156.44 rows=5545283 width=3)
                                         Filter: ((ss_quantity >= 61) AND (ss_quantity <= 80))
                                   ->  Append-only Columnar Scan on store_sales_1_prt_54 store_sales_1_prt_54_10  (cost=0.00..756390.00 rows=2592793 width=3)
                                         Filter: ((ss_quantity >= 61) AND (ss_quantity <= 80))
                                   ->  Append-only Columnar Scan on store_sales_1_prt_55 store_sales_1_prt_55_10  (cost=0.00..458800.50 rows=1626642 width=3)
                                         Filter: ((ss_quantity >= 61) AND (ss_quantity <= 80))
                                   ->  Append-only Columnar Scan on store_sales_1_prt_56 store_sales_1_prt_56_10  (cost=0.00..442005.00 rows=1529208 width=3)
                                         Filter: ((ss_quantity >= 61) AND (ss_quantity <= 80))
                                   ->  Append-only Columnar Scan on store_sales_1_prt_57 store_sales_1_prt_57_10  (cost=0.00..458479.00 rows=1552343 width=3)
                                         Filter: ((ss_quantity >= 61) AND (ss_quantity <= 80))
                                   ->  Append-only Columnar Scan on store_sales_1_prt_58 store_sales_1_prt_58_10  (cost=0.00..458017.00 rows=1581094 width=3)
                                         Filter: ((ss_quantity >= 61) AND (ss_quantity <= 80))
                                   ->  Append-only Columnar Scan on store_sales_1_prt_59 store_sales_1_prt_59_10  (cost=0.00..458521.00 rows=1590138 width=3)
                                         Filter: ((ss_quantity >= 61) AND (ss_quantity <= 80))
                                   ->  Append-only Columnar Scan on store_sales_1_prt_60 store_sales_1_prt_60_10  (cost=0.00..458374.00 rows=1586675 width=3)
                                         Filter: ((ss_quantity >= 61) AND (ss_quantity <= 80))
                                   ->  Append-only Columnar Scan on store_sales_1_prt_61 store_sales_1_prt_61_10  (cost=0.00..562624.00 rows=1900660 width=3)
                                         Filter: ((ss_quantity >= 61) AND (ss_quantity <= 80))
                                   ->  Append-only Columnar Scan on store_sales_1_prt_62 store_sales_1_prt_62_10  (cost=0.00..1043137.50 rows=3638629 width=3)
                                         Filter: ((ss_quantity >= 61) AND (ss_quantity <= 80))
                                   ->  Append-only Columnar Scan on store_sales_1_prt_63 store_sales_1_prt_63_10  (cost=0.00..1043773.50 rows=3576424 width=3)
                                         Filter: ((ss_quantity >= 61) AND (ss_quantity <= 80))
                                   ->  Append-only Columnar Scan on store_sales_1_prt_64 store_sales_1_prt_64_10  (cost=0.00..1043729.50 rows=3574156 width=3)
                                         Filter: ((ss_quantity >= 61) AND (ss_quantity <= 80))
                                   ->  Append-only Columnar Scan on store_sales_1_prt_65 store_sales_1_prt_65_10  (cost=0.00..1522479.44 rows=5283830 width=3)
                                         Filter: ((ss_quantity >= 61) AND (ss_quantity <= 80))
                                   ->  Append-only Columnar Scan on store_sales_1_prt_66 store_sales_1_prt_66_10  (cost=0.00..1579804.44 rows=5409910 width=3)
                                         Filter: ((ss_quantity >= 61) AND (ss_quantity <= 80))
                                   ->  Append-only Columnar Scan on store_sales_1_prt_67 store_sales_1_prt_67_10  (cost=0.00..451358.50 rows=1556617 width=3)
                                         Filter: ((ss_quantity >= 61) AND (ss_quantity <= 80))
                                   ->  Append-only Columnar Scan on store_sales_1_prt_68 store_sales_1_prt_68_10  (cost=0.00..1.00 rows=1 width=14)
                                         Filter: ((ss_quantity >= 61) AND (ss_quantity <= 80))
                                   ->  Append-only Columnar Scan on store_sales_1_prt_69 store_sales_1_prt_69_10  (cost=0.00..1.00 rows=1 width=14)
                                         Filter: ((ss_quantity >= 61) AND (ss_quantity <= 80))
                                   ->  Append-only Columnar Scan on store_sales_1_prt_70 store_sales_1_prt_70_10  (cost=0.00..1.00 rows=1 width=14)
                                         Filter: ((ss_quantity >= 61) AND (ss_quantity <= 80))
                                   ->  Append-only Columnar Scan on store_sales_1_prt_71 store_sales_1_prt_71_10  (cost=0.00..1.00 rows=1 width=14)
                                         Filter: ((ss_quantity >= 61) AND (ss_quantity <= 80))
                                   ->  Append-only Columnar Scan on store_sales_1_prt_72 store_sales_1_prt_72_10  (cost=0.00..1.00 rows=1 width=14)
                                         Filter: ((ss_quantity >= 61) AND (ss_quantity <= 80))
                                   ->  Append-only Columnar Scan on store_sales_1_prt_73 store_sales_1_prt_73_10  (cost=0.00..1.00 rows=1 width=14)
                                         Filter: ((ss_quantity >= 61) AND (ss_quantity <= 80))
                                   ->  Append-only Columnar Scan on store_sales_1_prt_74 store_sales_1_prt_74_10  (cost=0.00..1.00 rows=1 width=14)
                                         Filter: ((ss_quantity >= 61) AND (ss_quantity <= 80))
                                   ->  Append-only Columnar Scan on store_sales_1_prt_75 store_sales_1_prt_75_10  (cost=0.00..1.00 rows=1 width=14)
                                         Filter: ((ss_quantity >= 61) AND (ss_quantity <= 80))
                                   ->  Append-only Columnar Scan on store_sales_1_prt_76 store_sales_1_prt_76_10  (cost=0.00..1.00 rows=1 width=14)
                                         Filter: ((ss_quantity >= 61) AND (ss_quantity <= 80))
                                   ->  Append-only Columnar Scan on store_sales_1_prt_77 store_sales_1_prt_77_10  (cost=0.00..1.00 rows=1 width=14)
                                         Filter: ((ss_quantity >= 61) AND (ss_quantity <= 80))
                                   ->  Append-only Columnar Scan on store_sales_1_prt_78 store_sales_1_prt_78_10  (cost=0.00..1.00 rows=1 width=14)
                                         Filter: ((ss_quantity >= 61) AND (ss_quantity <= 80))
                                   ->  Append-only Columnar Scan on store_sales_1_prt_79 store_sales_1_prt_79_10  (cost=0.00..1.00 rows=1 width=14)
                                         Filter: ((ss_quantity >= 61) AND (ss_quantity <= 80))
                                   ->  Append-only Columnar Scan on store_sales_1_prt_80 store_sales_1_prt_80_10  (cost=0.00..1.00 rows=1 width=14)
                                         Filter: ((ss_quantity >= 61) AND (ss_quantity <= 80))
         InitPlan 12 (returns $11)  (slice28)
           ->  Aggregate  (cost=55299978.25..55299978.26 rows=1 width=32)
                 ->  Gather Motion 3:1  (slice12; segments: 3)  (cost=55299978.18..55299978.23 rows=1 width=32)
                       ->  Aggregate  (cost=55299978.18..55299978.19 rows=1 width=32)
                             ->  Append  (cost=0.00..53924578.44 rows=183386633 width=6)
                                   ->  Append-only Columnar Scan on store_sales_1_prt_outliers store_sales_1_prt_outliers_11  (cost=0.00..2216620.00 rows=4252354 width=6)
                                         Filter: ((ss_quantity >= 61) AND (ss_quantity <= 80))
                                   ->  Append-only Columnar Scan on store_sales_1_prt_2 store_sales_1_prt_2_11  (cost=0.00..442197.00 rows=1534669 width=6)
                                         Filter: ((ss_quantity >= 61) AND (ss_quantity <= 80))
                                   ->  Append-only Columnar Scan on store_sales_1_prt_3 store_sales_1_prt_3_11  (cost=0.00..458023.00 rows=1554322 width=6)
                                         Filter: ((ss_quantity >= 61) AND (ss_quantity <= 80))
                                   ->  Append-only Columnar Scan on store_sales_1_prt_4 store_sales_1_prt_4_11  (cost=0.00..441906.50 rows=1515041 width=6)
                                         Filter: ((ss_quantity >= 61) AND (ss_quantity <= 80))
                                   ->  Append-only Columnar Scan on store_sales_1_prt_5 store_sales_1_prt_5_11  (cost=0.00..458252.00 rows=1594754 width=6)
                                         Filter: ((ss_quantity >= 61) AND (ss_quantity <= 80))
                                   ->  Append-only Columnar Scan on store_sales_1_prt_6 store_sales_1_prt_6_11  (cost=0.00..458304.00 rows=1590491 width=6)
                                         Filter: ((ss_quantity >= 61) AND (ss_quantity <= 80))
                                   ->  Append-only Columnar Scan on store_sales_1_prt_7 store_sales_1_prt_7_11  (cost=0.00..458351.50 rows=1578179 width=6)
                                         Filter: ((ss_quantity >= 61) AND (ss_quantity <= 80))
                                   ->  Append-only Columnar Scan on store_sales_1_prt_8 store_sales_1_prt_8_11  (cost=0.00..457812.50 rows=1558987 width=6)
                                         Filter: ((ss_quantity >= 61) AND (ss_quantity <= 80))
                                   ->  Append-only Columnar Scan on store_sales_1_prt_9 store_sales_1_prt_9_11  (cost=0.00..667177.00 rows=2318932 width=6)
                                         Filter: ((ss_quantity >= 61) AND (ss_quantity <= 80))
                                   ->  Append-only Columnar Scan on store_sales_1_prt_10 store_sales_1_prt_10_11  (cost=0.00..1042817.00 rows=3586662 width=6)
                                         Filter: ((ss_quantity >= 61) AND (ss_quantity <= 80))
                                   ->  Append-only Columnar Scan on store_sales_1_prt_11 store_sales_1_prt_11_11  (cost=0.00..1043911.50 rows=3631446 width=6)
                                         Filter: ((ss_quantity >= 61) AND (ss_quantity <= 80))
                                   ->  Append-only Columnar Scan on store_sales_1_prt_12 store_sales_1_prt_12_11  (cost=0.00..1081632.50 rows=3737095 width=6)
                                         Filter: ((ss_quantity >= 61) AND (ss_quantity <= 80))
                                   ->  Append-only Columnar Scan on store_sales_1_prt_13 store_sales_1_prt_13_11  (cost=0.00..1580039.00 rows=5468450 width=6)
                                         Filter: ((ss_quantity >= 61) AND (ss_quantity <= 80))
                                   ->  Append-only Columnar Scan on store_sales_1_prt_14 store_sales_1_prt_14_11  (cost=0.00..1581313.00 rows=5571015 width=6)
                                         Filter: ((ss_quantity >= 61) AND (ss_quantity <= 80))
                                   ->  Append-only Columnar Scan on store_sales_1_prt_15 store_sales_1_prt_15_11  (cost=0.00..594935.50 rows=2047902 width=6)
                                         Filter: ((ss_quantity >= 61) AND (ss_quantity <= 80))
                                   ->  Append-only Columnar Scan on store_sales_1_prt_16 store_sales_1_prt_16_11  (cost=0.00..458384.00 rows=1594815 width=6)
                                         Filter: ((ss_quantity >= 61) AND (ss_quantity <= 80))
                                   ->  Append-only Columnar Scan on store_sales_1_prt_17 store_sales_1_prt_17_11  (cost=0.00..442348.50 rows=1542040 width=6)
                                         Filter: ((ss_quantity >= 61) AND (ss_quantity <= 80))
                                   ->  Append-only Columnar Scan on store_sales_1_prt_18 store_sales_1_prt_18_11  (cost=0.00..458535.00 rows=1580361 width=6)
                                         Filter: ((ss_quantity >= 61) AND (ss_quantity <= 80))
                                   ->  Append-only Columnar Scan on store_sales_1_prt_19 store_sales_1_prt_19_11  (cost=0.00..457943.50 rows=1579218 width=6)
                                         Filter: ((ss_quantity >= 61) AND (ss_quantity <= 80))
                                   ->  Append-only Columnar Scan on store_sales_1_prt_20 store_sales_1_prt_20_11  (cost=0.00..458736.50 rows=1579488 width=6)
                                         Filter: ((ss_quantity >= 61) AND (ss_quantity <= 80))
                                   ->  Append-only Columnar Scan on store_sales_1_prt_21 store_sales_1_prt_21_11  (cost=0.00..457993.00 rows=1580915 width=6)
                                         Filter: ((ss_quantity >= 61) AND (ss_quantity <= 80))
                                   ->  Append-only Columnar Scan on store_sales_1_prt_22 store_sales_1_prt_22_11  (cost=0.00..646190.50 rows=2205874 width=6)
                                         Filter: ((ss_quantity >= 61) AND (ss_quantity <= 80))
                                   ->  Append-only Columnar Scan on store_sales_1_prt_23 store_sales_1_prt_23_11  (cost=0.00..1043647.50 rows=3674941 width=6)
                                         Filter: ((ss_quantity >= 61) AND (ss_quantity <= 80))
                                   ->  Append-only Columnar Scan on store_sales_1_prt_24 store_sales_1_prt_24_11  (cost=0.00..1043234.50 rows=3581616 width=6)
                                         Filter: ((ss_quantity >= 61) AND (ss_quantity <= 80))
                                   ->  Append-only Columnar Scan on store_sales_1_prt_25 store_sales_1_prt_25_11  (cost=0.00..1061845.50 rows=3646758 width=6)
                                         Filter: ((ss_quantity >= 61) AND (ss_quantity <= 80))
                                   ->  Append-only Columnar Scan on store_sales_1_prt_26 store_sales_1_prt_26_11  (cost=0.00..1581424.00 rows=5541749 width=6)
                                         Filter: ((ss_quantity >= 61) AND (ss_quantity <= 80))
                                   ->  Append-only Columnar Scan on store_sales_1_prt_27 store_sales_1_prt_27_11  (cost=0.00..1580411.00 rows=5431482 width=6)
                                         Filter: ((ss_quantity >= 61) AND (ss_quantity <= 80))
                                   ->  Append-only Columnar Scan on store_sales_1_prt_28 store_sales_1_prt_28_11  (cost=0.00..634690.00 rows=2217243 width=6)
                                         Filter: ((ss_quantity >= 61) AND (ss_quantity <= 80))
                                   ->  Append-only Columnar Scan on store_sales_1_prt_29 store_sales_1_prt_29_11  (cost=0.00..457618.00 rows=1595675 width=6)
                                         Filter: ((ss_quantity >= 61) AND (ss_quantity <= 80))
                                   ->  Append-only Columnar Scan on store_sales_1_prt_30 store_sales_1_prt_30_11  (cost=0.00..457988.50 rows=1598919 width=6)
                                         Filter: ((ss_quantity >= 61) AND (ss_quantity <= 80))
                                   ->  Append-only Columnar Scan on store_sales_1_prt_31 store_sales_1_prt_31_11  (cost=0.00..457753.00 rows=1596742 width=6)
                                         Filter: ((ss_quantity >= 61) AND (ss_quantity <= 80))
                                   ->  Append-only Columnar Scan on store_sales_1_prt_32 store_sales_1_prt_32_11  (cost=0.00..457623.00 rows=1555661 width=6)
                                         Filter: ((ss_quantity >= 61) AND (ss_quantity <= 80))
                                   ->  Append-only Columnar Scan on store_sales_1_prt_33 store_sales_1_prt_33_11  (cost=0.00..457829.00 rows=1585791 width=6)
                                         Filter: ((ss_quantity >= 61) AND (ss_quantity <= 80))
                                   ->  Append-only Columnar Scan on store_sales_1_prt_34 store_sales_1_prt_34_11  (cost=0.00..457015.50 rows=1580962 width=6)
                                         Filter: ((ss_quantity >= 61) AND (ss_quantity <= 80))
                                   ->  Append-only Columnar Scan on store_sales_1_prt_35 store_sales_1_prt_35_11  (cost=0.00..623916.50 rows=2192877 width=6)
                                         Filter: ((ss_quantity >= 61) AND (ss_quantity <= 80))
                                   ->  Append-only Columnar Scan on store_sales_1_prt_36 store_sales_1_prt_36_11  (cost=0.00..1041735.00 rows=3577558 width=6)
                                         Filter: ((ss_quantity >= 61) AND (ss_quantity <= 80))
                                   ->  Append-only Columnar Scan on store_sales_1_prt_37 store_sales_1_prt_37_11  (cost=0.00..1040850.50 rows=3572217 width=6)
                                         Filter: ((ss_quantity >= 61) AND (ss_quantity <= 80))
                                   ->  Append-only Columnar Scan on store_sales_1_prt_38 store_sales_1_prt_38_11  (cost=0.00..1041468.50 rows=3576181 width=6)
                                         Filter: ((ss_quantity >= 61) AND (ss_quantity <= 80))
                                   ->  Append-only Columnar Scan on store_sales_1_prt_39 store_sales_1_prt_39_11  (cost=0.00..1577831.56 rows=5566206 width=6)
                                         Filter: ((ss_quantity >= 61) AND (ss_quantity <= 80))
                                   ->  Append-only Columnar Scan on store_sales_1_prt_40 store_sales_1_prt_40_11  (cost=0.00..1577838.56 rows=5466492 width=6)
                                         Filter: ((ss_quantity >= 61) AND (ss_quantity <= 80))
                                   ->  Append-only Columnar Scan on store_sales_1_prt_41 store_sales_1_prt_41_11  (cost=0.00..658185.00 rows=2256550 width=6)
                                         Filter: ((ss_quantity >= 61) AND (ss_quantity <= 80))
                                   ->  Append-only Columnar Scan on store_sales_1_prt_42 store_sales_1_prt_42_11  (cost=0.00..458495.50 rows=1545084 width=6)
                                         Filter: ((ss_quantity >= 61) AND (ss_quantity <= 80))
                                   ->  Append-only Columnar Scan on store_sales_1_prt_43 store_sales_1_prt_43_11  (cost=0.00..442207.50 rows=1562586 width=6)
                                         Filter: ((ss_quantity >= 61) AND (ss_quantity <= 80))
                                   ->  Append-only Columnar Scan on store_sales_1_prt_44 store_sales_1_prt_44_11  (cost=0.00..458017.50 rows=1605431 width=6)
                                         Filter: ((ss_quantity >= 61) AND (ss_quantity <= 80))
                                   ->  Append-only Columnar Scan on store_sales_1_prt_45 store_sales_1_prt_45_11  (cost=0.00..458162.00 rows=1598047 width=6)
                                         Filter: ((ss_quantity >= 61) AND (ss_quantity <= 80))
                                   ->  Append-only Columnar Scan on store_sales_1_prt_46 store_sales_1_prt_46_11  (cost=0.00..458582.00 rows=1587932 width=6)
                                         Filter: ((ss_quantity >= 61) AND (ss_quantity <= 80))
                                   ->  Append-only Columnar Scan on store_sales_1_prt_47 store_sales_1_prt_47_11  (cost=0.00..457607.00 rows=1578553 width=6)
                                         Filter: ((ss_quantity >= 61) AND (ss_quantity <= 80))
                                   ->  Append-only Columnar Scan on store_sales_1_prt_48 store_sales_1_prt_48_11  (cost=0.00..583964.00 rows=2037972 width=6)
                                         Filter: ((ss_quantity >= 61) AND (ss_quantity <= 80))
                                   ->  Append-only Columnar Scan on store_sales_1_prt_49 store_sales_1_prt_49_11  (cost=0.00..1044296.00 rows=3652539 width=6)
                                         Filter: ((ss_quantity >= 61) AND (ss_quantity <= 80))
                                   ->  Append-only Columnar Scan on store_sales_1_prt_50 store_sales_1_prt_50_11  (cost=0.00..1043760.50 rows=3592213 width=6)
                                         Filter: ((ss_quantity >= 61) AND (ss_quantity <= 80))
                                   ->  Append-only Columnar Scan on store_sales_1_prt_51 store_sales_1_prt_51_11  (cost=0.00..1043799.50 rows=3652645 width=6)
                                         Filter: ((ss_quantity >= 61) AND (ss_quantity <= 80))
                                   ->  Append-only Columnar Scan on store_sales_1_prt_52 store_sales_1_prt_52_11  (cost=0.00..1540696.00 rows=5410630 width=6)
                                         Filter: ((ss_quantity >= 61) AND (ss_quantity <= 80))
                                   ->  Append-only Columnar Scan on store_sales_1_prt_53 store_sales_1_prt_53_11  (cost=0.00..1581156.44 rows=5545283 width=6)
                                         Filter: ((ss_quantity >= 61) AND (ss_quantity <= 80))
                                   ->  Append-only Columnar Scan on store_sales_1_prt_54 store_sales_1_prt_54_11  (cost=0.00..756390.00 rows=2592793 width=6)
                                         Filter: ((ss_quantity >= 61) AND (ss_quantity <= 80))
                                   ->  Append-only Columnar Scan on store_sales_1_prt_55 store_sales_1_prt_55_11  (cost=0.00..458800.50 rows=1626642 width=6)
                                         Filter: ((ss_quantity >= 61) AND (ss_quantity <= 80))
                                   ->  Append-only Columnar Scan on store_sales_1_prt_56 store_sales_1_prt_56_11  (cost=0.00..442005.00 rows=1529208 width=6)
                                         Filter: ((ss_quantity >= 61) AND (ss_quantity <= 80))
                                   ->  Append-only Columnar Scan on store_sales_1_prt_57 store_sales_1_prt_57_11  (cost=0.00..458479.00 rows=1552343 width=6)
                                         Filter: ((ss_quantity >= 61) AND (ss_quantity <= 80))
                                   ->  Append-only Columnar Scan on store_sales_1_prt_58 store_sales_1_prt_58_11  (cost=0.00..458017.00 rows=1581094 width=6)
                                         Filter: ((ss_quantity >= 61) AND (ss_quantity <= 80))
                                   ->  Append-only Columnar Scan on store_sales_1_prt_59 store_sales_1_prt_59_11  (cost=0.00..458521.00 rows=1590138 width=6)
                                         Filter: ((ss_quantity >= 61) AND (ss_quantity <= 80))
                                   ->  Append-only Columnar Scan on store_sales_1_prt_60 store_sales_1_prt_60_11  (cost=0.00..458374.00 rows=1586675 width=6)
                                         Filter: ((ss_quantity >= 61) AND (ss_quantity <= 80))
                                   ->  Append-only Columnar Scan on store_sales_1_prt_61 store_sales_1_prt_61_11  (cost=0.00..562624.00 rows=1900660 width=6)
                                         Filter: ((ss_quantity >= 61) AND (ss_quantity <= 80))
                                   ->  Append-only Columnar Scan on store_sales_1_prt_62 store_sales_1_prt_62_11  (cost=0.00..1043137.50 rows=3638629 width=6)
                                         Filter: ((ss_quantity >= 61) AND (ss_quantity <= 80))
                                   ->  Append-only Columnar Scan on store_sales_1_prt_63 store_sales_1_prt_63_11  (cost=0.00..1043773.50 rows=3576424 width=6)
                                         Filter: ((ss_quantity >= 61) AND (ss_quantity <= 80))
                                   ->  Append-only Columnar Scan on store_sales_1_prt_64 store_sales_1_prt_64_11  (cost=0.00..1043729.50 rows=3574156 width=6)
                                         Filter: ((ss_quantity >= 61) AND (ss_quantity <= 80))
                                   ->  Append-only Columnar Scan on store_sales_1_prt_65 store_sales_1_prt_65_11  (cost=0.00..1522479.44 rows=5283830 width=6)
                                         Filter: ((ss_quantity >= 61) AND (ss_quantity <= 80))
                                   ->  Append-only Columnar Scan on store_sales_1_prt_66 store_sales_1_prt_66_11  (cost=0.00..1579804.44 rows=5409910 width=6)
                                         Filter: ((ss_quantity >= 61) AND (ss_quantity <= 80))
                                   ->  Append-only Columnar Scan on store_sales_1_prt_67 store_sales_1_prt_67_11  (cost=0.00..451358.50 rows=1556617 width=6)
                                         Filter: ((ss_quantity >= 61) AND (ss_quantity <= 80))
                                   ->  Append-only Columnar Scan on store_sales_1_prt_68 store_sales_1_prt_68_11  (cost=0.00..1.00 rows=1 width=14)
                                         Filter: ((ss_quantity >= 61) AND (ss_quantity <= 80))
                                   ->  Append-only Columnar Scan on store_sales_1_prt_69 store_sales_1_prt_69_11  (cost=0.00..1.00 rows=1 width=14)
                                         Filter: ((ss_quantity >= 61) AND (ss_quantity <= 80))
                                   ->  Append-only Columnar Scan on store_sales_1_prt_70 store_sales_1_prt_70_11  (cost=0.00..1.00 rows=1 width=14)
                                         Filter: ((ss_quantity >= 61) AND (ss_quantity <= 80))
                                   ->  Append-only Columnar Scan on store_sales_1_prt_71 store_sales_1_prt_71_11  (cost=0.00..1.00 rows=1 width=14)
                                         Filter: ((ss_quantity >= 61) AND (ss_quantity <= 80))
                                   ->  Append-only Columnar Scan on store_sales_1_prt_72 store_sales_1_prt_72_11  (cost=0.00..1.00 rows=1 width=14)
                                         Filter: ((ss_quantity >= 61) AND (ss_quantity <= 80))
                                   ->  Append-only Columnar Scan on store_sales_1_prt_73 store_sales_1_prt_73_11  (cost=0.00..1.00 rows=1 width=14)
                                         Filter: ((ss_quantity >= 61) AND (ss_quantity <= 80))
                                   ->  Append-only Columnar Scan on store_sales_1_prt_74 store_sales_1_prt_74_11  (cost=0.00..1.00 rows=1 width=14)
                                         Filter: ((ss_quantity >= 61) AND (ss_quantity <= 80))
                                   ->  Append-only Columnar Scan on store_sales_1_prt_75 store_sales_1_prt_75_11  (cost=0.00..1.00 rows=1 width=14)
                                         Filter: ((ss_quantity >= 61) AND (ss_quantity <= 80))
                                   ->  Append-only Columnar Scan on store_sales_1_prt_76 store_sales_1_prt_76_11  (cost=0.00..1.00 rows=1 width=14)
                                         Filter: ((ss_quantity >= 61) AND (ss_quantity <= 80))
                                   ->  Append-only Columnar Scan on store_sales_1_prt_77 store_sales_1_prt_77_11  (cost=0.00..1.00 rows=1 width=14)
                                         Filter: ((ss_quantity >= 61) AND (ss_quantity <= 80))
                                   ->  Append-only Columnar Scan on store_sales_1_prt_78 store_sales_1_prt_78_11  (cost=0.00..1.00 rows=1 width=14)
                                         Filter: ((ss_quantity >= 61) AND (ss_quantity <= 80))
                                   ->  Append-only Columnar Scan on store_sales_1_prt_79 store_sales_1_prt_79_11  (cost=0.00..1.00 rows=1 width=14)
                                         Filter: ((ss_quantity >= 61) AND (ss_quantity <= 80))
                                   ->  Append-only Columnar Scan on store_sales_1_prt_80 store_sales_1_prt_80_11  (cost=0.00..1.00 rows=1 width=14)
                                         Filter: ((ss_quantity >= 61) AND (ss_quantity <= 80))
         InitPlan 13 (returns $12)  (slice29)
           ->  Aggregate  (cost=55301179.02..55301179.03 rows=1 width=8)
                 ->  Gather Motion 3:1  (slice13; segments: 3)  (cost=55301178.96..55301179.01 rows=1 width=8)
                       ->  Aggregate  (cost=55301178.96..55301178.97 rows=1 width=8)
                             ->  Append  (cost=0.00..53924578.44 rows=183546736 width=0)
                                   ->  Append-only Columnar Scan on store_sales_1_prt_outliers store_sales_1_prt_outliers_12  (cost=0.00..2216620.00 rows=4317153 width=0)
                                         Filter: ((ss_quantity >= 81) AND (ss_quantity <= 100))
                                   ->  Append-only Columnar Scan on store_sales_1_prt_2 store_sales_1_prt_2_12  (cost=0.00..442197.00 rows=1528383 width=0)
                                         Filter: ((ss_quantity >= 81) AND (ss_quantity <= 100))
                                   ->  Append-only Columnar Scan on store_sales_1_prt_3 store_sales_1_prt_3_12  (cost=0.00..458023.00 rows=1610085 width=0)
                                         Filter: ((ss_quantity >= 81) AND (ss_quantity <= 100))
                                   ->  Append-only Columnar Scan on store_sales_1_prt_4 store_sales_1_prt_4_12  (cost=0.00..441906.50 rows=1564371 width=0)
                                         Filter: ((ss_quantity >= 81) AND (ss_quantity <= 100))
                                   ->  Append-only Columnar Scan on store_sales_1_prt_5 store_sales_1_prt_5_12  (cost=0.00..458252.00 rows=1594212 width=0)
                                         Filter: ((ss_quantity >= 81) AND (ss_quantity <= 100))
                                   ->  Append-only Columnar Scan on store_sales_1_prt_6 store_sales_1_prt_6_12  (cost=0.00..458304.00 rows=1622451 width=0)
                                         Filter: ((ss_quantity >= 81) AND (ss_quantity <= 100))
                                   ->  Append-only Columnar Scan on store_sales_1_prt_7 store_sales_1_prt_7_12  (cost=0.00..458351.50 rows=1594433 width=0)
                                         Filter: ((ss_quantity >= 81) AND (ss_quantity <= 100))
                                   ->  Append-only Columnar Scan on store_sales_1_prt_8 store_sales_1_prt_8_12  (cost=0.00..457812.50 rows=1580764 width=0)
                                         Filter: ((ss_quantity >= 81) AND (ss_quantity <= 100))
                                   ->  Append-only Columnar Scan on store_sales_1_prt_9 store_sales_1_prt_9_12  (cost=0.00..667177.00 rows=2297244 width=0)
                                         Filter: ((ss_quantity >= 81) AND (ss_quantity <= 100))
                                   ->  Append-only Columnar Scan on store_sales_1_prt_10 store_sales_1_prt_10_12  (cost=0.00..1042817.00 rows=3627499 width=0)
                                         Filter: ((ss_quantity >= 81) AND (ss_quantity <= 100))
                                   ->  Append-only Columnar Scan on store_sales_1_prt_11 store_sales_1_prt_11_12  (cost=0.00..1043911.50 rows=3604301 width=0)
                                         Filter: ((ss_quantity >= 81) AND (ss_quantity <= 100))
                                   ->  Append-only Columnar Scan on store_sales_1_prt_12 store_sales_1_prt_12_12  (cost=0.00..1081632.50 rows=3673168 width=0)
                                         Filter: ((ss_quantity >= 81) AND (ss_quantity <= 100))
                                   ->  Append-only Columnar Scan on store_sales_1_prt_13 store_sales_1_prt_13_12  (cost=0.00..1580039.00 rows=5506736 width=0)
                                         Filter: ((ss_quantity >= 81) AND (ss_quantity <= 100))
                                   ->  Append-only Columnar Scan on store_sales_1_prt_14 store_sales_1_prt_14_12  (cost=0.00..1581313.00 rows=5466343 width=0)
                                         Filter: ((ss_quantity >= 81) AND (ss_quantity <= 100))
                                   ->  Append-only Columnar Scan on store_sales_1_prt_15 store_sales_1_prt_15_12  (cost=0.00..594935.50 rows=2049664 width=0)
                                         Filter: ((ss_quantity >= 81) AND (ss_quantity <= 100))
                                   ->  Append-only Columnar Scan on store_sales_1_prt_16 store_sales_1_prt_16_12  (cost=0.00..458384.00 rows=1591023 width=0)
                                         Filter: ((ss_quantity >= 81) AND (ss_quantity <= 100))
                                   ->  Append-only Columnar Scan on store_sales_1_prt_17 store_sales_1_prt_17_12  (cost=0.00..442348.50 rows=1525229 width=0)
                                         Filter: ((ss_quantity >= 81) AND (ss_quantity <= 100))
                                   ->  Append-only Columnar Scan on store_sales_1_prt_18 store_sales_1_prt_18_12  (cost=0.00..458535.00 rows=1591793 width=0)
                                         Filter: ((ss_quantity >= 81) AND (ss_quantity <= 100))
                                   ->  Append-only Columnar Scan on store_sales_1_prt_19 store_sales_1_prt_19_12  (cost=0.00..457943.50 rows=1572180 width=0)
                                         Filter: ((ss_quantity >= 81) AND (ss_quantity <= 100))
                                   ->  Append-only Columnar Scan on store_sales_1_prt_20 store_sales_1_prt_20_12  (cost=0.00..458736.50 rows=1590983 width=0)
                                         Filter: ((ss_quantity >= 81) AND (ss_quantity <= 100))
                                   ->  Append-only Columnar Scan on store_sales_1_prt_21 store_sales_1_prt_21_12  (cost=0.00..457993.00 rows=1594834 width=0)
                                         Filter: ((ss_quantity >= 81) AND (ss_quantity <= 100))
                                   ->  Append-only Columnar Scan on store_sales_1_prt_22 store_sales_1_prt_22_12  (cost=0.00..646190.50 rows=2226498 width=0)
                                         Filter: ((ss_quantity >= 81) AND (ss_quantity <= 100))
                                   ->  Append-only Columnar Scan on store_sales_1_prt_23 store_sales_1_prt_23_12  (cost=0.00..1043647.50 rows=3581803 width=0)
                                         Filter: ((ss_quantity >= 81) AND (ss_quantity <= 100))
                                   ->  Append-only Columnar Scan on store_sales_1_prt_24 store_sales_1_prt_24_12  (cost=0.00..1043234.50 rows=3627244 width=0)
                                         Filter: ((ss_quantity >= 81) AND (ss_quantity <= 100))
                                   ->  Append-only Columnar Scan on store_sales_1_prt_25 store_sales_1_prt_25_12  (cost=0.00..1061845.50 rows=3673115 width=0)
                                         Filter: ((ss_quantity >= 81) AND (ss_quantity <= 100))
                                   ->  Append-only Columnar Scan on store_sales_1_prt_26 store_sales_1_prt_26_12  (cost=0.00..1581424.00 rows=5455559 width=0)
                                         Filter: ((ss_quantity >= 81) AND (ss_quantity <= 100))
                                   ->  Append-only Columnar Scan on store_sales_1_prt_27 store_sales_1_prt_27_12  (cost=0.00..1580411.00 rows=5555715 width=0)
                                         Filter: ((ss_quantity >= 81) AND (ss_quantity <= 100))
                                   ->  Append-only Columnar Scan on store_sales_1_prt_28 store_sales_1_prt_28_12  (cost=0.00..634690.00 rows=2203363 width=0)
                                         Filter: ((ss_quantity >= 81) AND (ss_quantity <= 100))
                                   ->  Append-only Columnar Scan on store_sales_1_prt_29 store_sales_1_prt_29_12  (cost=0.00..457618.00 rows=1556730 width=0)
                                         Filter: ((ss_quantity >= 81) AND (ss_quantity <= 100))
                                   ->  Append-only Columnar Scan on store_sales_1_prt_30 store_sales_1_prt_30_12  (cost=0.00..457988.50 rows=1564522 width=0)
                                         Filter: ((ss_quantity >= 81) AND (ss_quantity <= 100))
                                   ->  Append-only Columnar Scan on store_sales_1_prt_31 store_sales_1_prt_31_12  (cost=0.00..457753.00 rows=1550408 width=0)
                                         Filter: ((ss_quantity >= 81) AND (ss_quantity <= 100))
                                   ->  Append-only Columnar Scan on store_sales_1_prt_32 store_sales_1_prt_32_12  (cost=0.00..457623.00 rows=1571887 width=0)
                                         Filter: ((ss_quantity >= 81) AND (ss_quantity <= 100))
                                   ->  Append-only Columnar Scan on store_sales_1_prt_33 store_sales_1_prt_33_12  (cost=0.00..457829.00 rows=1576833 width=0)
                                         Filter: ((ss_quantity >= 81) AND (ss_quantity <= 100))
                                   ->  Append-only Columnar Scan on store_sales_1_prt_34 store_sales_1_prt_34_12  (cost=0.00..457015.50 rows=1617596 width=0)
                                         Filter: ((ss_quantity >= 81) AND (ss_quantity <= 100))
                                   ->  Append-only Columnar Scan on store_sales_1_prt_35 store_sales_1_prt_35_12  (cost=0.00..623916.50 rows=2123541 width=0)
                                         Filter: ((ss_quantity >= 81) AND (ss_quantity <= 100))
                                   ->  Append-only Columnar Scan on store_sales_1_prt_36 store_sales_1_prt_36_12  (cost=0.00..1041735.00 rows=3575711 width=0)
                                         Filter: ((ss_quantity >= 81) AND (ss_quantity <= 100))
                                   ->  Append-only Columnar Scan on store_sales_1_prt_37 store_sales_1_prt_37_12  (cost=0.00..1040850.50 rows=3631268 width=0)
                                         Filter: ((ss_quantity >= 81) AND (ss_quantity <= 100))
                                   ->  Append-only Columnar Scan on store_sales_1_prt_38 store_sales_1_prt_38_12  (cost=0.00..1041468.50 rows=3608800 width=0)
                                         Filter: ((ss_quantity >= 81) AND (ss_quantity <= 100))
                                   ->  Append-only Columnar Scan on store_sales_1_prt_39 store_sales_1_prt_39_12  (cost=0.00..1577831.56 rows=5504662 width=0)
                                         Filter: ((ss_quantity >= 81) AND (ss_quantity <= 100))
                                   ->  Append-only Columnar Scan on store_sales_1_prt_40 store_sales_1_prt_40_12  (cost=0.00..1577838.56 rows=5397177 width=0)
                                         Filter: ((ss_quantity >= 81) AND (ss_quantity <= 100))
                                   ->  Append-only Columnar Scan on store_sales_1_prt_41 store_sales_1_prt_41_12  (cost=0.00..658185.00 rows=2272889 width=0)
                                         Filter: ((ss_quantity >= 81) AND (ss_quantity <= 100))
                                   ->  Append-only Columnar Scan on store_sales_1_prt_42 store_sales_1_prt_42_12  (cost=0.00..458495.50 rows=1596158 width=0)
                                         Filter: ((ss_quantity >= 81) AND (ss_quantity <= 100))
                                   ->  Append-only Columnar Scan on store_sales_1_prt_43 store_sales_1_prt_43_12  (cost=0.00..442207.50 rows=1513714 width=0)
                                         Filter: ((ss_quantity >= 81) AND (ss_quantity <= 100))
                                   ->  Append-only Columnar Scan on store_sales_1_prt_44 store_sales_1_prt_44_12  (cost=0.00..458017.50 rows=1598390 width=0)
                                         Filter: ((ss_quantity >= 81) AND (ss_quantity <= 100))
                                   ->  Append-only Columnar Scan on store_sales_1_prt_45 store_sales_1_prt_45_12  (cost=0.00..458162.00 rows=1581384 width=0)
                                         Filter: ((ss_quantity >= 81) AND (ss_quantity <= 100))
                                   ->  Append-only Columnar Scan on store_sales_1_prt_46 store_sales_1_prt_46_12  (cost=0.00..458582.00 rows=1587663 width=0)
                                         Filter: ((ss_quantity >= 81) AND (ss_quantity <= 100))
                                   ->  Append-only Columnar Scan on store_sales_1_prt_47 store_sales_1_prt_47_12  (cost=0.00..457607.00 rows=1602647 width=0)
                                         Filter: ((ss_quantity >= 81) AND (ss_quantity <= 100))
                                   ->  Append-only Columnar Scan on store_sales_1_prt_48 store_sales_1_prt_48_12  (cost=0.00..583964.00 rows=2037629 width=0)
                                         Filter: ((ss_quantity >= 81) AND (ss_quantity <= 100))
                                   ->  Append-only Columnar Scan on store_sales_1_prt_49 store_sales_1_prt_49_12  (cost=0.00..1044296.00 rows=3606863 width=0)
                                         Filter: ((ss_quantity >= 81) AND (ss_quantity <= 100))
                                   ->  Append-only Columnar Scan on store_sales_1_prt_50 store_sales_1_prt_50_12  (cost=0.00..1043760.50 rows=3625630 width=0)
                                         Filter: ((ss_quantity >= 81) AND (ss_quantity <= 100))
                                   ->  Append-only Columnar Scan on store_sales_1_prt_51 store_sales_1_prt_51_12  (cost=0.00..1043799.50 rows=3593424 width=0)
                                         Filter: ((ss_quantity >= 81) AND (ss_quantity <= 100))
                                   ->  Append-only Columnar Scan on store_sales_1_prt_52 store_sales_1_prt_52_12  (cost=0.00..1540696.00 rows=5416089 width=0)
                                         Filter: ((ss_quantity >= 81) AND (ss_quantity <= 100))
                                   ->  Append-only Columnar Scan on store_sales_1_prt_53 store_sales_1_prt_53_12  (cost=0.00..1581156.44 rows=5543400 width=0)
                                         Filter: ((ss_quantity >= 81) AND (ss_quantity <= 100))
                                   ->  Append-only Columnar Scan on store_sales_1_prt_54 store_sales_1_prt_54_12  (cost=0.00..756390.00 rows=2655379 width=0)
                                         Filter: ((ss_quantity >= 81) AND (ss_quantity <= 100))
                                   ->  Append-only Columnar Scan on store_sales_1_prt_55 store_sales_1_prt_55_12  (cost=0.00..458800.50 rows=1592072 width=0)
                                         Filter: ((ss_quantity >= 81) AND (ss_quantity <= 100))
                                   ->  Append-only Columnar Scan on store_sales_1_prt_56 store_sales_1_prt_56_12  (cost=0.00..442005.00 rows=1504652 width=0)
                                         Filter: ((ss_quantity >= 81) AND (ss_quantity <= 100))
                                   ->  Append-only Columnar Scan on store_sales_1_prt_57 store_sales_1_prt_57_12  (cost=0.00..458479.00 rows=1600304 width=0)
                                         Filter: ((ss_quantity >= 81) AND (ss_quantity <= 100))
                                   ->  Append-only Columnar Scan on store_sales_1_prt_58 store_sales_1_prt_58_12  (cost=0.00..458017.00 rows=1601125 width=0)
                                         Filter: ((ss_quantity >= 81) AND (ss_quantity <= 100))
                                   ->  Append-only Columnar Scan on store_sales_1_prt_59 store_sales_1_prt_59_12  (cost=0.00..458521.00 rows=1639186 width=0)
                                         Filter: ((ss_quantity >= 81) AND (ss_quantity <= 100))
                                   ->  Append-only Columnar Scan on store_sales_1_prt_60 store_sales_1_prt_60_12  (cost=0.00..458374.00 rows=1573399 width=0)
                                         Filter: ((ss_quantity >= 81) AND (ss_quantity <= 100))
                                   ->  Append-only Columnar Scan on store_sales_1_prt_61 store_sales_1_prt_61_12  (cost=0.00..562624.00 rows=1978468 width=0)
                                         Filter: ((ss_quantity >= 81) AND (ss_quantity <= 100))
                                   ->  Append-only Columnar Scan on store_sales_1_prt_62 store_sales_1_prt_62_12  (cost=0.00..1043137.50 rows=3603488 width=0)
                                         Filter: ((ss_quantity >= 81) AND (ss_quantity <= 100))
                                   ->  Append-only Columnar Scan on store_sales_1_prt_63 store_sales_1_prt_63_12  (cost=0.00..1043773.50 rows=3639051 width=0)
                                         Filter: ((ss_quantity >= 81) AND (ss_quantity <= 100))
                                   ->  Append-only Columnar Scan on store_sales_1_prt_64 store_sales_1_prt_64_12  (cost=0.00..1043729.50 rows=3627953 width=0)
                                         Filter: ((ss_quantity >= 81) AND (ss_quantity <= 100))
                                   ->  Append-only Columnar Scan on store_sales_1_prt_65 store_sales_1_prt_65_12  (cost=0.00..1522479.44 rows=5274776 width=0)
                                         Filter: ((ss_quantity >= 81) AND (ss_quantity <= 100))
                                   ->  Append-only Columnar Scan on store_sales_1_prt_66 store_sales_1_prt_66_12  (cost=0.00..1579804.44 rows=5416451 width=0)
                                         Filter: ((ss_quantity >= 81) AND (ss_quantity <= 100))
                                   ->  Append-only Columnar Scan on store_sales_1_prt_67 store_sales_1_prt_67_12  (cost=0.00..451358.50 rows=1559303 width=0)
                                         Filter: ((ss_quantity >= 81) AND (ss_quantity <= 100))
                                   ->  Append-only Columnar Scan on store_sales_1_prt_68 store_sales_1_prt_68_12  (cost=0.00..1.00 rows=1 width=0)
                                         Filter: ((ss_quantity >= 81) AND (ss_quantity <= 100))
                                   ->  Append-only Columnar Scan on store_sales_1_prt_69 store_sales_1_prt_69_12  (cost=0.00..1.00 rows=1 width=0)
                                         Filter: ((ss_quantity >= 81) AND (ss_quantity <= 100))
                                   ->  Append-only Columnar Scan on store_sales_1_prt_70 store_sales_1_prt_70_12  (cost=0.00..1.00 rows=1 width=0)
                                         Filter: ((ss_quantity >= 81) AND (ss_quantity <= 100))
                                   ->  Append-only Columnar Scan on store_sales_1_prt_71 store_sales_1_prt_71_12  (cost=0.00..1.00 rows=1 width=0)
                                         Filter: ((ss_quantity >= 81) AND (ss_quantity <= 100))
                                   ->  Append-only Columnar Scan on store_sales_1_prt_72 store_sales_1_prt_72_12  (cost=0.00..1.00 rows=1 width=0)
                                         Filter: ((ss_quantity >= 81) AND (ss_quantity <= 100))
                                   ->  Append-only Columnar Scan on store_sales_1_prt_73 store_sales_1_prt_73_12  (cost=0.00..1.00 rows=1 width=0)
                                         Filter: ((ss_quantity >= 81) AND (ss_quantity <= 100))
                                   ->  Append-only Columnar Scan on store_sales_1_prt_74 store_sales_1_prt_74_12  (cost=0.00..1.00 rows=1 width=0)
                                         Filter: ((ss_quantity >= 81) AND (ss_quantity <= 100))
                                   ->  Append-only Columnar Scan on store_sales_1_prt_75 store_sales_1_prt_75_12  (cost=0.00..1.00 rows=1 width=0)
                                         Filter: ((ss_quantity >= 81) AND (ss_quantity <= 100))
                                   ->  Append-only Columnar Scan on store_sales_1_prt_76 store_sales_1_prt_76_12  (cost=0.00..1.00 rows=1 width=0)
                                         Filter: ((ss_quantity >= 81) AND (ss_quantity <= 100))
                                   ->  Append-only Columnar Scan on store_sales_1_prt_77 store_sales_1_prt_77_12  (cost=0.00..1.00 rows=1 width=0)
                                         Filter: ((ss_quantity >= 81) AND (ss_quantity <= 100))
                                   ->  Append-only Columnar Scan on store_sales_1_prt_78 store_sales_1_prt_78_12  (cost=0.00..1.00 rows=1 width=0)
                                         Filter: ((ss_quantity >= 81) AND (ss_quantity <= 100))
                                   ->  Append-only Columnar Scan on store_sales_1_prt_79 store_sales_1_prt_79_12  (cost=0.00..1.00 rows=1 width=0)
                                         Filter: ((ss_quantity >= 81) AND (ss_quantity <= 100))
                                   ->  Append-only Columnar Scan on store_sales_1_prt_80 store_sales_1_prt_80_12  (cost=0.00..1.00 rows=1 width=0)
                                         Filter: ((ss_quantity >= 81) AND (ss_quantity <= 100))
         InitPlan 14 (returns $13)  (slice30)
           ->  Aggregate  (cost=55301179.02..55301179.03 rows=1 width=32)
                 ->  Gather Motion 3:1  (slice14; segments: 3)  (cost=55301178.96..55301179.01 rows=1 width=32)
                       ->  Aggregate  (cost=55301178.96..55301178.97 rows=1 width=32)
                             ->  Append  (cost=0.00..53924578.44 rows=183546736 width=3)
                                   ->  Append-only Columnar Scan on store_sales_1_prt_outliers store_sales_1_prt_outliers_13  (cost=0.00..2216620.00 rows=4317153 width=3)
                                         Filter: ((ss_quantity >= 81) AND (ss_quantity <= 100))
                                   ->  Append-only Columnar Scan on store_sales_1_prt_2 store_sales_1_prt_2_13  (cost=0.00..442197.00 rows=1528383 width=3)
                                         Filter: ((ss_quantity >= 81) AND (ss_quantity <= 100))
                                   ->  Append-only Columnar Scan on store_sales_1_prt_3 store_sales_1_prt_3_13  (cost=0.00..458023.00 rows=1610085 width=3)
                                         Filter: ((ss_quantity >= 81) AND (ss_quantity <= 100))
                                   ->  Append-only Columnar Scan on store_sales_1_prt_4 store_sales_1_prt_4_13  (cost=0.00..441906.50 rows=1564371 width=3)
                                         Filter: ((ss_quantity >= 81) AND (ss_quantity <= 100))
                                   ->  Append-only Columnar Scan on store_sales_1_prt_5 store_sales_1_prt_5_13  (cost=0.00..458252.00 rows=1594212 width=3)
                                         Filter: ((ss_quantity >= 81) AND (ss_quantity <= 100))
                                   ->  Append-only Columnar Scan on store_sales_1_prt_6 store_sales_1_prt_6_13  (cost=0.00..458304.00 rows=1622451 width=3)
                                         Filter: ((ss_quantity >= 81) AND (ss_quantity <= 100))
                                   ->  Append-only Columnar Scan on store_sales_1_prt_7 store_sales_1_prt_7_13  (cost=0.00..458351.50 rows=1594433 width=3)
                                         Filter: ((ss_quantity >= 81) AND (ss_quantity <= 100))
                                   ->  Append-only Columnar Scan on store_sales_1_prt_8 store_sales_1_prt_8_13  (cost=0.00..457812.50 rows=1580764 width=3)
                                         Filter: ((ss_quantity >= 81) AND (ss_quantity <= 100))
                                   ->  Append-only Columnar Scan on store_sales_1_prt_9 store_sales_1_prt_9_13  (cost=0.00..667177.00 rows=2297244 width=3)
                                         Filter: ((ss_quantity >= 81) AND (ss_quantity <= 100))
                                   ->  Append-only Columnar Scan on store_sales_1_prt_10 store_sales_1_prt_10_13  (cost=0.00..1042817.00 rows=3627499 width=3)
                                         Filter: ((ss_quantity >= 81) AND (ss_quantity <= 100))
                                   ->  Append-only Columnar Scan on store_sales_1_prt_11 store_sales_1_prt_11_13  (cost=0.00..1043911.50 rows=3604301 width=3)
                                         Filter: ((ss_quantity >= 81) AND (ss_quantity <= 100))
                                   ->  Append-only Columnar Scan on store_sales_1_prt_12 store_sales_1_prt_12_13  (cost=0.00..1081632.50 rows=3673168 width=3)
                                         Filter: ((ss_quantity >= 81) AND (ss_quantity <= 100))
                                   ->  Append-only Columnar Scan on store_sales_1_prt_13 store_sales_1_prt_13_13  (cost=0.00..1580039.00 rows=5506736 width=3)
                                         Filter: ((ss_quantity >= 81) AND (ss_quantity <= 100))
                                   ->  Append-only Columnar Scan on store_sales_1_prt_14 store_sales_1_prt_14_13  (cost=0.00..1581313.00 rows=5466343 width=3)
                                         Filter: ((ss_quantity >= 81) AND (ss_quantity <= 100))
                                   ->  Append-only Columnar Scan on store_sales_1_prt_15 store_sales_1_prt_15_13  (cost=0.00..594935.50 rows=2049664 width=3)
                                         Filter: ((ss_quantity >= 81) AND (ss_quantity <= 100))
                                   ->  Append-only Columnar Scan on store_sales_1_prt_16 store_sales_1_prt_16_13  (cost=0.00..458384.00 rows=1591023 width=3)
                                         Filter: ((ss_quantity >= 81) AND (ss_quantity <= 100))
                                   ->  Append-only Columnar Scan on store_sales_1_prt_17 store_sales_1_prt_17_13  (cost=0.00..442348.50 rows=1525229 width=3)
                                         Filter: ((ss_quantity >= 81) AND (ss_quantity <= 100))
                                   ->  Append-only Columnar Scan on store_sales_1_prt_18 store_sales_1_prt_18_13  (cost=0.00..458535.00 rows=1591793 width=3)
                                         Filter: ((ss_quantity >= 81) AND (ss_quantity <= 100))
                                   ->  Append-only Columnar Scan on store_sales_1_prt_19 store_sales_1_prt_19_13  (cost=0.00..457943.50 rows=1572180 width=3)
                                         Filter: ((ss_quantity >= 81) AND (ss_quantity <= 100))
                                   ->  Append-only Columnar Scan on store_sales_1_prt_20 store_sales_1_prt_20_13  (cost=0.00..458736.50 rows=1590983 width=3)
                                         Filter: ((ss_quantity >= 81) AND (ss_quantity <= 100))
                                   ->  Append-only Columnar Scan on store_sales_1_prt_21 store_sales_1_prt_21_13  (cost=0.00..457993.00 rows=1594834 width=3)
                                         Filter: ((ss_quantity >= 81) AND (ss_quantity <= 100))
                                   ->  Append-only Columnar Scan on store_sales_1_prt_22 store_sales_1_prt_22_13  (cost=0.00..646190.50 rows=2226498 width=3)
                                         Filter: ((ss_quantity >= 81) AND (ss_quantity <= 100))
                                   ->  Append-only Columnar Scan on store_sales_1_prt_23 store_sales_1_prt_23_13  (cost=0.00..1043647.50 rows=3581803 width=3)
                                         Filter: ((ss_quantity >= 81) AND (ss_quantity <= 100))
                                   ->  Append-only Columnar Scan on store_sales_1_prt_24 store_sales_1_prt_24_13  (cost=0.00..1043234.50 rows=3627244 width=3)
                                         Filter: ((ss_quantity >= 81) AND (ss_quantity <= 100))
                                   ->  Append-only Columnar Scan on store_sales_1_prt_25 store_sales_1_prt_25_13  (cost=0.00..1061845.50 rows=3673115 width=3)
                                         Filter: ((ss_quantity >= 81) AND (ss_quantity <= 100))
                                   ->  Append-only Columnar Scan on store_sales_1_prt_26 store_sales_1_prt_26_13  (cost=0.00..1581424.00 rows=5455559 width=3)
                                         Filter: ((ss_quantity >= 81) AND (ss_quantity <= 100))
                                   ->  Append-only Columnar Scan on store_sales_1_prt_27 store_sales_1_prt_27_13  (cost=0.00..1580411.00 rows=5555715 width=3)
                                         Filter: ((ss_quantity >= 81) AND (ss_quantity <= 100))
                                   ->  Append-only Columnar Scan on store_sales_1_prt_28 store_sales_1_prt_28_13  (cost=0.00..634690.00 rows=2203363 width=3)
                                         Filter: ((ss_quantity >= 81) AND (ss_quantity <= 100))
                                   ->  Append-only Columnar Scan on store_sales_1_prt_29 store_sales_1_prt_29_13  (cost=0.00..457618.00 rows=1556730 width=3)
                                         Filter: ((ss_quantity >= 81) AND (ss_quantity <= 100))
                                   ->  Append-only Columnar Scan on store_sales_1_prt_30 store_sales_1_prt_30_13  (cost=0.00..457988.50 rows=1564522 width=3)
                                         Filter: ((ss_quantity >= 81) AND (ss_quantity <= 100))
                                   ->  Append-only Columnar Scan on store_sales_1_prt_31 store_sales_1_prt_31_13  (cost=0.00..457753.00 rows=1550408 width=3)
                                         Filter: ((ss_quantity >= 81) AND (ss_quantity <= 100))
                                   ->  Append-only Columnar Scan on store_sales_1_prt_32 store_sales_1_prt_32_13  (cost=0.00..457623.00 rows=1571887 width=3)
                                         Filter: ((ss_quantity >= 81) AND (ss_quantity <= 100))
                                   ->  Append-only Columnar Scan on store_sales_1_prt_33 store_sales_1_prt_33_13  (cost=0.00..457829.00 rows=1576833 width=3)
                                         Filter: ((ss_quantity >= 81) AND (ss_quantity <= 100))
                                   ->  Append-only Columnar Scan on store_sales_1_prt_34 store_sales_1_prt_34_13  (cost=0.00..457015.50 rows=1617596 width=3)
                                         Filter: ((ss_quantity >= 81) AND (ss_quantity <= 100))
                                   ->  Append-only Columnar Scan on store_sales_1_prt_35 store_sales_1_prt_35_13  (cost=0.00..623916.50 rows=2123541 width=3)
                                         Filter: ((ss_quantity >= 81) AND (ss_quantity <= 100))
                                   ->  Append-only Columnar Scan on store_sales_1_prt_36 store_sales_1_prt_36_13  (cost=0.00..1041735.00 rows=3575711 width=3)
                                         Filter: ((ss_quantity >= 81) AND (ss_quantity <= 100))
                                   ->  Append-only Columnar Scan on store_sales_1_prt_37 store_sales_1_prt_37_13  (cost=0.00..1040850.50 rows=3631268 width=3)
                                         Filter: ((ss_quantity >= 81) AND (ss_quantity <= 100))
                                   ->  Append-only Columnar Scan on store_sales_1_prt_38 store_sales_1_prt_38_13  (cost=0.00..1041468.50 rows=3608800 width=3)
                                         Filter: ((ss_quantity >= 81) AND (ss_quantity <= 100))
                                   ->  Append-only Columnar Scan on store_sales_1_prt_39 store_sales_1_prt_39_13  (cost=0.00..1577831.56 rows=5504662 width=3)
                                         Filter: ((ss_quantity >= 81) AND (ss_quantity <= 100))
                                   ->  Append-only Columnar Scan on store_sales_1_prt_40 store_sales_1_prt_40_13  (cost=0.00..1577838.56 rows=5397177 width=3)
                                         Filter: ((ss_quantity >= 81) AND (ss_quantity <= 100))
                                   ->  Append-only Columnar Scan on store_sales_1_prt_41 store_sales_1_prt_41_13  (cost=0.00..658185.00 rows=2272889 width=3)
                                         Filter: ((ss_quantity >= 81) AND (ss_quantity <= 100))
                                   ->  Append-only Columnar Scan on store_sales_1_prt_42 store_sales_1_prt_42_13  (cost=0.00..458495.50 rows=1596158 width=3)
                                         Filter: ((ss_quantity >= 81) AND (ss_quantity <= 100))
                                   ->  Append-only Columnar Scan on store_sales_1_prt_43 store_sales_1_prt_43_13  (cost=0.00..442207.50 rows=1513714 width=3)
                                         Filter: ((ss_quantity >= 81) AND (ss_quantity <= 100))
                                   ->  Append-only Columnar Scan on store_sales_1_prt_44 store_sales_1_prt_44_13  (cost=0.00..458017.50 rows=1598390 width=3)
                                         Filter: ((ss_quantity >= 81) AND (ss_quantity <= 100))
                                   ->  Append-only Columnar Scan on store_sales_1_prt_45 store_sales_1_prt_45_13  (cost=0.00..458162.00 rows=1581384 width=3)
                                         Filter: ((ss_quantity >= 81) AND (ss_quantity <= 100))
                                   ->  Append-only Columnar Scan on store_sales_1_prt_46 store_sales_1_prt_46_13  (cost=0.00..458582.00 rows=1587663 width=3)
                                         Filter: ((ss_quantity >= 81) AND (ss_quantity <= 100))
                                   ->  Append-only Columnar Scan on store_sales_1_prt_47 store_sales_1_prt_47_13  (cost=0.00..457607.00 rows=1602647 width=3)
                                         Filter: ((ss_quantity >= 81) AND (ss_quantity <= 100))
                                   ->  Append-only Columnar Scan on store_sales_1_prt_48 store_sales_1_prt_48_13  (cost=0.00..583964.00 rows=2037629 width=3)
                                         Filter: ((ss_quantity >= 81) AND (ss_quantity <= 100))
                                   ->  Append-only Columnar Scan on store_sales_1_prt_49 store_sales_1_prt_49_13  (cost=0.00..1044296.00 rows=3606863 width=3)
                                         Filter: ((ss_quantity >= 81) AND (ss_quantity <= 100))
                                   ->  Append-only Columnar Scan on store_sales_1_prt_50 store_sales_1_prt_50_13  (cost=0.00..1043760.50 rows=3625630 width=3)
                                         Filter: ((ss_quantity >= 81) AND (ss_quantity <= 100))
                                   ->  Append-only Columnar Scan on store_sales_1_prt_51 store_sales_1_prt_51_13  (cost=0.00..1043799.50 rows=3593424 width=3)
                                         Filter: ((ss_quantity >= 81) AND (ss_quantity <= 100))
                                   ->  Append-only Columnar Scan on store_sales_1_prt_52 store_sales_1_prt_52_13  (cost=0.00..1540696.00 rows=5416089 width=3)
                                         Filter: ((ss_quantity >= 81) AND (ss_quantity <= 100))
                                   ->  Append-only Columnar Scan on store_sales_1_prt_53 store_sales_1_prt_53_13  (cost=0.00..1581156.44 rows=5543400 width=3)
                                         Filter: ((ss_quantity >= 81) AND (ss_quantity <= 100))
                                   ->  Append-only Columnar Scan on store_sales_1_prt_54 store_sales_1_prt_54_13  (cost=0.00..756390.00 rows=2655379 width=3)
                                         Filter: ((ss_quantity >= 81) AND (ss_quantity <= 100))
                                   ->  Append-only Columnar Scan on store_sales_1_prt_55 store_sales_1_prt_55_13  (cost=0.00..458800.50 rows=1592072 width=3)
                                         Filter: ((ss_quantity >= 81) AND (ss_quantity <= 100))
                                   ->  Append-only Columnar Scan on store_sales_1_prt_56 store_sales_1_prt_56_13  (cost=0.00..442005.00 rows=1504652 width=3)
                                         Filter: ((ss_quantity >= 81) AND (ss_quantity <= 100))
                                   ->  Append-only Columnar Scan on store_sales_1_prt_57 store_sales_1_prt_57_13  (cost=0.00..458479.00 rows=1600304 width=3)
                                         Filter: ((ss_quantity >= 81) AND (ss_quantity <= 100))
                                   ->  Append-only Columnar Scan on store_sales_1_prt_58 store_sales_1_prt_58_13  (cost=0.00..458017.00 rows=1601125 width=3)
                                         Filter: ((ss_quantity >= 81) AND (ss_quantity <= 100))
                                   ->  Append-only Columnar Scan on store_sales_1_prt_59 store_sales_1_prt_59_13  (cost=0.00..458521.00 rows=1639186 width=3)
                                         Filter: ((ss_quantity >= 81) AND (ss_quantity <= 100))
                                   ->  Append-only Columnar Scan on store_sales_1_prt_60 store_sales_1_prt_60_13  (cost=0.00..458374.00 rows=1573399 width=3)
                                         Filter: ((ss_quantity >= 81) AND (ss_quantity <= 100))
                                   ->  Append-only Columnar Scan on store_sales_1_prt_61 store_sales_1_prt_61_13  (cost=0.00..562624.00 rows=1978468 width=3)
                                         Filter: ((ss_quantity >= 81) AND (ss_quantity <= 100))
                                   ->  Append-only Columnar Scan on store_sales_1_prt_62 store_sales_1_prt_62_13  (cost=0.00..1043137.50 rows=3603488 width=3)
                                         Filter: ((ss_quantity >= 81) AND (ss_quantity <= 100))
                                   ->  Append-only Columnar Scan on store_sales_1_prt_63 store_sales_1_prt_63_13  (cost=0.00..1043773.50 rows=3639051 width=3)
                                         Filter: ((ss_quantity >= 81) AND (ss_quantity <= 100))
                                   ->  Append-only Columnar Scan on store_sales_1_prt_64 store_sales_1_prt_64_13  (cost=0.00..1043729.50 rows=3627953 width=3)
                                         Filter: ((ss_quantity >= 81) AND (ss_quantity <= 100))
                                   ->  Append-only Columnar Scan on store_sales_1_prt_65 store_sales_1_prt_65_13  (cost=0.00..1522479.44 rows=5274776 width=3)
                                         Filter: ((ss_quantity >= 81) AND (ss_quantity <= 100))
                                   ->  Append-only Columnar Scan on store_sales_1_prt_66 store_sales_1_prt_66_13  (cost=0.00..1579804.44 rows=5416451 width=3)
                                         Filter: ((ss_quantity >= 81) AND (ss_quantity <= 100))
                                   ->  Append-only Columnar Scan on store_sales_1_prt_67 store_sales_1_prt_67_13  (cost=0.00..451358.50 rows=1559303 width=3)
                                         Filter: ((ss_quantity >= 81) AND (ss_quantity <= 100))
                                   ->  Append-only Columnar Scan on store_sales_1_prt_68 store_sales_1_prt_68_13  (cost=0.00..1.00 rows=1 width=14)
                                         Filter: ((ss_quantity >= 81) AND (ss_quantity <= 100))
                                   ->  Append-only Columnar Scan on store_sales_1_prt_69 store_sales_1_prt_69_13  (cost=0.00..1.00 rows=1 width=14)
                                         Filter: ((ss_quantity >= 81) AND (ss_quantity <= 100))
                                   ->  Append-only Columnar Scan on store_sales_1_prt_70 store_sales_1_prt_70_13  (cost=0.00..1.00 rows=1 width=14)
                                         Filter: ((ss_quantity >= 81) AND (ss_quantity <= 100))
                                   ->  Append-only Columnar Scan on store_sales_1_prt_71 store_sales_1_prt_71_13  (cost=0.00..1.00 rows=1 width=14)
                                         Filter: ((ss_quantity >= 81) AND (ss_quantity <= 100))
                                   ->  Append-only Columnar Scan on store_sales_1_prt_72 store_sales_1_prt_72_13  (cost=0.00..1.00 rows=1 width=14)
                                         Filter: ((ss_quantity >= 81) AND (ss_quantity <= 100))
                                   ->  Append-only Columnar Scan on store_sales_1_prt_73 store_sales_1_prt_73_13  (cost=0.00..1.00 rows=1 width=14)
                                         Filter: ((ss_quantity >= 81) AND (ss_quantity <= 100))
                                   ->  Append-only Columnar Scan on store_sales_1_prt_74 store_sales_1_prt_74_13  (cost=0.00..1.00 rows=1 width=14)
                                         Filter: ((ss_quantity >= 81) AND (ss_quantity <= 100))
                                   ->  Append-only Columnar Scan on store_sales_1_prt_75 store_sales_1_prt_75_13  (cost=0.00..1.00 rows=1 width=14)
                                         Filter: ((ss_quantity >= 81) AND (ss_quantity <= 100))
                                   ->  Append-only Columnar Scan on store_sales_1_prt_76 store_sales_1_prt_76_13  (cost=0.00..1.00 rows=1 width=14)
                                         Filter: ((ss_quantity >= 81) AND (ss_quantity <= 100))
                                   ->  Append-only Columnar Scan on store_sales_1_prt_77 store_sales_1_prt_77_13  (cost=0.00..1.00 rows=1 width=14)
                                         Filter: ((ss_quantity >= 81) AND (ss_quantity <= 100))
                                   ->  Append-only Columnar Scan on store_sales_1_prt_78 store_sales_1_prt_78_13  (cost=0.00..1.00 rows=1 width=14)
                                         Filter: ((ss_quantity >= 81) AND (ss_quantity <= 100))
                                   ->  Append-only Columnar Scan on store_sales_1_prt_79 store_sales_1_prt_79_13  (cost=0.00..1.00 rows=1 width=14)
                                         Filter: ((ss_quantity >= 81) AND (ss_quantity <= 100))
                                   ->  Append-only Columnar Scan on store_sales_1_prt_80 store_sales_1_prt_80_13  (cost=0.00..1.00 rows=1 width=14)
                                         Filter: ((ss_quantity >= 81) AND (ss_quantity <= 100))
         InitPlan 15 (returns $14)  (slice31)
           ->  Aggregate  (cost=55301179.02..55301179.03 rows=1 width=32)
                 ->  Gather Motion 3:1  (slice15; segments: 3)  (cost=55301178.96..55301179.01 rows=1 width=32)
                       ->  Aggregate  (cost=55301178.96..55301178.97 rows=1 width=32)
                             ->  Append  (cost=0.00..53924578.44 rows=183546736 width=6)
                                   ->  Append-only Columnar Scan on store_sales_1_prt_outliers store_sales_1_prt_outliers_14  (cost=0.00..2216620.00 rows=4317153 width=6)
                                         Filter: ((ss_quantity >= 81) AND (ss_quantity <= 100))
                                   ->  Append-only Columnar Scan on store_sales_1_prt_2 store_sales_1_prt_2_14  (cost=0.00..442197.00 rows=1528383 width=6)
                                         Filter: ((ss_quantity >= 81) AND (ss_quantity <= 100))
                                   ->  Append-only Columnar Scan on store_sales_1_prt_3 store_sales_1_prt_3_14  (cost=0.00..458023.00 rows=1610085 width=6)
                                         Filter: ((ss_quantity >= 81) AND (ss_quantity <= 100))
                                   ->  Append-only Columnar Scan on store_sales_1_prt_4 store_sales_1_prt_4_14  (cost=0.00..441906.50 rows=1564371 width=6)
                                         Filter: ((ss_quantity >= 81) AND (ss_quantity <= 100))
                                   ->  Append-only Columnar Scan on store_sales_1_prt_5 store_sales_1_prt_5_14  (cost=0.00..458252.00 rows=1594212 width=6)
                                         Filter: ((ss_quantity >= 81) AND (ss_quantity <= 100))
                                   ->  Append-only Columnar Scan on store_sales_1_prt_6 store_sales_1_prt_6_14  (cost=0.00..458304.00 rows=1622451 width=6)
                                         Filter: ((ss_quantity >= 81) AND (ss_quantity <= 100))
                                   ->  Append-only Columnar Scan on store_sales_1_prt_7 store_sales_1_prt_7_14  (cost=0.00..458351.50 rows=1594433 width=6)
                                         Filter: ((ss_quantity >= 81) AND (ss_quantity <= 100))
                                   ->  Append-only Columnar Scan on store_sales_1_prt_8 store_sales_1_prt_8_14  (cost=0.00..457812.50 rows=1580764 width=6)
                                         Filter: ((ss_quantity >= 81) AND (ss_quantity <= 100))
                                   ->  Append-only Columnar Scan on store_sales_1_prt_9 store_sales_1_prt_9_14  (cost=0.00..667177.00 rows=2297244 width=6)
                                         Filter: ((ss_quantity >= 81) AND (ss_quantity <= 100))
                                   ->  Append-only Columnar Scan on store_sales_1_prt_10 store_sales_1_prt_10_14  (cost=0.00..1042817.00 rows=3627499 width=6)
                                         Filter: ((ss_quantity >= 81) AND (ss_quantity <= 100))
                                   ->  Append-only Columnar Scan on store_sales_1_prt_11 store_sales_1_prt_11_14  (cost=0.00..1043911.50 rows=3604301 width=6)
                                         Filter: ((ss_quantity >= 81) AND (ss_quantity <= 100))
                                   ->  Append-only Columnar Scan on store_sales_1_prt_12 store_sales_1_prt_12_14  (cost=0.00..1081632.50 rows=3673168 width=6)
                                         Filter: ((ss_quantity >= 81) AND (ss_quantity <= 100))
                                   ->  Append-only Columnar Scan on store_sales_1_prt_13 store_sales_1_prt_13_14  (cost=0.00..1580039.00 rows=5506736 width=6)
                                         Filter: ((ss_quantity >= 81) AND (ss_quantity <= 100))
                                   ->  Append-only Columnar Scan on store_sales_1_prt_14 store_sales_1_prt_14_14  (cost=0.00..1581313.00 rows=5466343 width=6)
                                         Filter: ((ss_quantity >= 81) AND (ss_quantity <= 100))
                                   ->  Append-only Columnar Scan on store_sales_1_prt_15 store_sales_1_prt_15_14  (cost=0.00..594935.50 rows=2049664 width=6)
                                         Filter: ((ss_quantity >= 81) AND (ss_quantity <= 100))
                                   ->  Append-only Columnar Scan on store_sales_1_prt_16 store_sales_1_prt_16_14  (cost=0.00..458384.00 rows=1591023 width=6)
                                         Filter: ((ss_quantity >= 81) AND (ss_quantity <= 100))
                                   ->  Append-only Columnar Scan on store_sales_1_prt_17 store_sales_1_prt_17_14  (cost=0.00..442348.50 rows=1525229 width=6)
                                         Filter: ((ss_quantity >= 81) AND (ss_quantity <= 100))
                                   ->  Append-only Columnar Scan on store_sales_1_prt_18 store_sales_1_prt_18_14  (cost=0.00..458535.00 rows=1591793 width=6)
                                         Filter: ((ss_quantity >= 81) AND (ss_quantity <= 100))
                                   ->  Append-only Columnar Scan on store_sales_1_prt_19 store_sales_1_prt_19_14  (cost=0.00..457943.50 rows=1572180 width=6)
                                         Filter: ((ss_quantity >= 81) AND (ss_quantity <= 100))
                                   ->  Append-only Columnar Scan on store_sales_1_prt_20 store_sales_1_prt_20_14  (cost=0.00..458736.50 rows=1590983 width=6)
                                         Filter: ((ss_quantity >= 81) AND (ss_quantity <= 100))
                                   ->  Append-only Columnar Scan on store_sales_1_prt_21 store_sales_1_prt_21_14  (cost=0.00..457993.00 rows=1594834 width=6)
                                         Filter: ((ss_quantity >= 81) AND (ss_quantity <= 100))
                                   ->  Append-only Columnar Scan on store_sales_1_prt_22 store_sales_1_prt_22_14  (cost=0.00..646190.50 rows=2226498 width=6)
                                         Filter: ((ss_quantity >= 81) AND (ss_quantity <= 100))
                                   ->  Append-only Columnar Scan on store_sales_1_prt_23 store_sales_1_prt_23_14  (cost=0.00..1043647.50 rows=3581803 width=6)
                                         Filter: ((ss_quantity >= 81) AND (ss_quantity <= 100))
                                   ->  Append-only Columnar Scan on store_sales_1_prt_24 store_sales_1_prt_24_14  (cost=0.00..1043234.50 rows=3627244 width=6)
                                         Filter: ((ss_quantity >= 81) AND (ss_quantity <= 100))
                                   ->  Append-only Columnar Scan on store_sales_1_prt_25 store_sales_1_prt_25_14  (cost=0.00..1061845.50 rows=3673115 width=6)
                                         Filter: ((ss_quantity >= 81) AND (ss_quantity <= 100))
                                   ->  Append-only Columnar Scan on store_sales_1_prt_26 store_sales_1_prt_26_14  (cost=0.00..1581424.00 rows=5455559 width=6)
                                         Filter: ((ss_quantity >= 81) AND (ss_quantity <= 100))
                                   ->  Append-only Columnar Scan on store_sales_1_prt_27 store_sales_1_prt_27_14  (cost=0.00..1580411.00 rows=5555715 width=6)
                                         Filter: ((ss_quantity >= 81) AND (ss_quantity <= 100))
                                   ->  Append-only Columnar Scan on store_sales_1_prt_28 store_sales_1_prt_28_14  (cost=0.00..634690.00 rows=2203363 width=6)
                                         Filter: ((ss_quantity >= 81) AND (ss_quantity <= 100))
                                   ->  Append-only Columnar Scan on store_sales_1_prt_29 store_sales_1_prt_29_14  (cost=0.00..457618.00 rows=1556730 width=6)
                                         Filter: ((ss_quantity >= 81) AND (ss_quantity <= 100))
                                   ->  Append-only Columnar Scan on store_sales_1_prt_30 store_sales_1_prt_30_14  (cost=0.00..457988.50 rows=1564522 width=6)
                                         Filter: ((ss_quantity >= 81) AND (ss_quantity <= 100))
                                   ->  Append-only Columnar Scan on store_sales_1_prt_31 store_sales_1_prt_31_14  (cost=0.00..457753.00 rows=1550408 width=6)
                                         Filter: ((ss_quantity >= 81) AND (ss_quantity <= 100))
                                   ->  Append-only Columnar Scan on store_sales_1_prt_32 store_sales_1_prt_32_14  (cost=0.00..457623.00 rows=1571887 width=6)
                                         Filter: ((ss_quantity >= 81) AND (ss_quantity <= 100))
                                   ->  Append-only Columnar Scan on store_sales_1_prt_33 store_sales_1_prt_33_14  (cost=0.00..457829.00 rows=1576833 width=6)
                                         Filter: ((ss_quantity >= 81) AND (ss_quantity <= 100))
                                   ->  Append-only Columnar Scan on store_sales_1_prt_34 store_sales_1_prt_34_14  (cost=0.00..457015.50 rows=1617596 width=6)
                                         Filter: ((ss_quantity >= 81) AND (ss_quantity <= 100))
                                   ->  Append-only Columnar Scan on store_sales_1_prt_35 store_sales_1_prt_35_14  (cost=0.00..623916.50 rows=2123541 width=6)
                                         Filter: ((ss_quantity >= 81) AND (ss_quantity <= 100))
                                   ->  Append-only Columnar Scan on store_sales_1_prt_36 store_sales_1_prt_36_14  (cost=0.00..1041735.00 rows=3575711 width=6)
                                         Filter: ((ss_quantity >= 81) AND (ss_quantity <= 100))
                                   ->  Append-only Columnar Scan on store_sales_1_prt_37 store_sales_1_prt_37_14  (cost=0.00..1040850.50 rows=3631268 width=6)
                                         Filter: ((ss_quantity >= 81) AND (ss_quantity <= 100))
                                   ->  Append-only Columnar Scan on store_sales_1_prt_38 store_sales_1_prt_38_14  (cost=0.00..1041468.50 rows=3608800 width=6)
                                         Filter: ((ss_quantity >= 81) AND (ss_quantity <= 100))
                                   ->  Append-only Columnar Scan on store_sales_1_prt_39 store_sales_1_prt_39_14  (cost=0.00..1577831.56 rows=5504662 width=6)
                                         Filter: ((ss_quantity >= 81) AND (ss_quantity <= 100))
                                   ->  Append-only Columnar Scan on store_sales_1_prt_40 store_sales_1_prt_40_14  (cost=0.00..1577838.56 rows=5397177 width=6)
                                         Filter: ((ss_quantity >= 81) AND (ss_quantity <= 100))
                                   ->  Append-only Columnar Scan on store_sales_1_prt_41 store_sales_1_prt_41_14  (cost=0.00..658185.00 rows=2272889 width=6)
                                         Filter: ((ss_quantity >= 81) AND (ss_quantity <= 100))
                                   ->  Append-only Columnar Scan on store_sales_1_prt_42 store_sales_1_prt_42_14  (cost=0.00..458495.50 rows=1596158 width=6)
                                         Filter: ((ss_quantity >= 81) AND (ss_quantity <= 100))
                                   ->  Append-only Columnar Scan on store_sales_1_prt_43 store_sales_1_prt_43_14  (cost=0.00..442207.50 rows=1513714 width=6)
                                         Filter: ((ss_quantity >= 81) AND (ss_quantity <= 100))
                                   ->  Append-only Columnar Scan on store_sales_1_prt_44 store_sales_1_prt_44_14  (cost=0.00..458017.50 rows=1598390 width=6)
                                         Filter: ((ss_quantity >= 81) AND (ss_quantity <= 100))
                                   ->  Append-only Columnar Scan on store_sales_1_prt_45 store_sales_1_prt_45_14  (cost=0.00..458162.00 rows=1581384 width=6)
                                         Filter: ((ss_quantity >= 81) AND (ss_quantity <= 100))
                                   ->  Append-only Columnar Scan on store_sales_1_prt_46 store_sales_1_prt_46_14  (cost=0.00..458582.00 rows=1587663 width=6)
                                         Filter: ((ss_quantity >= 81) AND (ss_quantity <= 100))
                                   ->  Append-only Columnar Scan on store_sales_1_prt_47 store_sales_1_prt_47_14  (cost=0.00..457607.00 rows=1602647 width=6)
                                         Filter: ((ss_quantity >= 81) AND (ss_quantity <= 100))
                                   ->  Append-only Columnar Scan on store_sales_1_prt_48 store_sales_1_prt_48_14  (cost=0.00..583964.00 rows=2037629 width=6)
                                         Filter: ((ss_quantity >= 81) AND (ss_quantity <= 100))
                                   ->  Append-only Columnar Scan on store_sales_1_prt_49 store_sales_1_prt_49_14  (cost=0.00..1044296.00 rows=3606863 width=6)
                                         Filter: ((ss_quantity >= 81) AND (ss_quantity <= 100))
                                   ->  Append-only Columnar Scan on store_sales_1_prt_50 store_sales_1_prt_50_14  (cost=0.00..1043760.50 rows=3625630 width=6)
                                         Filter: ((ss_quantity >= 81) AND (ss_quantity <= 100))
                                   ->  Append-only Columnar Scan on store_sales_1_prt_51 store_sales_1_prt_51_14  (cost=0.00..1043799.50 rows=3593424 width=6)
                                         Filter: ((ss_quantity >= 81) AND (ss_quantity <= 100))
                                   ->  Append-only Columnar Scan on store_sales_1_prt_52 store_sales_1_prt_52_14  (cost=0.00..1540696.00 rows=5416089 width=6)
                                         Filter: ((ss_quantity >= 81) AND (ss_quantity <= 100))
                                   ->  Append-only Columnar Scan on store_sales_1_prt_53 store_sales_1_prt_53_14  (cost=0.00..1581156.44 rows=5543400 width=6)
                                         Filter: ((ss_quantity >= 81) AND (ss_quantity <= 100))
                                   ->  Append-only Columnar Scan on store_sales_1_prt_54 store_sales_1_prt_54_14  (cost=0.00..756390.00 rows=2655379 width=6)
                                         Filter: ((ss_quantity >= 81) AND (ss_quantity <= 100))
                                   ->  Append-only Columnar Scan on store_sales_1_prt_55 store_sales_1_prt_55_14  (cost=0.00..458800.50 rows=1592072 width=6)
                                         Filter: ((ss_quantity >= 81) AND (ss_quantity <= 100))
                                   ->  Append-only Columnar Scan on store_sales_1_prt_56 store_sales_1_prt_56_14  (cost=0.00..442005.00 rows=1504652 width=6)
                                         Filter: ((ss_quantity >= 81) AND (ss_quantity <= 100))
                                   ->  Append-only Columnar Scan on store_sales_1_prt_57 store_sales_1_prt_57_14  (cost=0.00..458479.00 rows=1600304 width=6)
                                         Filter: ((ss_quantity >= 81) AND (ss_quantity <= 100))
                                   ->  Append-only Columnar Scan on store_sales_1_prt_58 store_sales_1_prt_58_14  (cost=0.00..458017.00 rows=1601125 width=6)
                                         Filter: ((ss_quantity >= 81) AND (ss_quantity <= 100))
                                   ->  Append-only Columnar Scan on store_sales_1_prt_59 store_sales_1_prt_59_14  (cost=0.00..458521.00 rows=1639186 width=6)
                                         Filter: ((ss_quantity >= 81) AND (ss_quantity <= 100))
                                   ->  Append-only Columnar Scan on store_sales_1_prt_60 store_sales_1_prt_60_14  (cost=0.00..458374.00 rows=1573399 width=6)
                                         Filter: ((ss_quantity >= 81) AND (ss_quantity <= 100))
                                   ->  Append-only Columnar Scan on store_sales_1_prt_61 store_sales_1_prt_61_14  (cost=0.00..562624.00 rows=1978468 width=6)
                                         Filter: ((ss_quantity >= 81) AND (ss_quantity <= 100))
                                   ->  Append-only Columnar Scan on store_sales_1_prt_62 store_sales_1_prt_62_14  (cost=0.00..1043137.50 rows=3603488 width=6)
                                         Filter: ((ss_quantity >= 81) AND (ss_quantity <= 100))
                                   ->  Append-only Columnar Scan on store_sales_1_prt_63 store_sales_1_prt_63_14  (cost=0.00..1043773.50 rows=3639051 width=6)
                                         Filter: ((ss_quantity >= 81) AND (ss_quantity <= 100))
                                   ->  Append-only Columnar Scan on store_sales_1_prt_64 store_sales_1_prt_64_14  (cost=0.00..1043729.50 rows=3627953 width=6)
                                         Filter: ((ss_quantity >= 81) AND (ss_quantity <= 100))
                                   ->  Append-only Columnar Scan on store_sales_1_prt_65 store_sales_1_prt_65_14  (cost=0.00..1522479.44 rows=5274776 width=6)
                                         Filter: ((ss_quantity >= 81) AND (ss_quantity <= 100))
                                   ->  Append-only Columnar Scan on store_sales_1_prt_66 store_sales_1_prt_66_14  (cost=0.00..1579804.44 rows=5416451 width=6)
                                         Filter: ((ss_quantity >= 81) AND (ss_quantity <= 100))
                                   ->  Append-only Columnar Scan on store_sales_1_prt_67 store_sales_1_prt_67_14  (cost=0.00..451358.50 rows=1559303 width=6)
                                         Filter: ((ss_quantity >= 81) AND (ss_quantity <= 100))
                                   ->  Append-only Columnar Scan on store_sales_1_prt_68 store_sales_1_prt_68_14  (cost=0.00..1.00 rows=1 width=14)
                                         Filter: ((ss_quantity >= 81) AND (ss_quantity <= 100))
                                   ->  Append-only Columnar Scan on store_sales_1_prt_69 store_sales_1_prt_69_14  (cost=0.00..1.00 rows=1 width=14)
                                         Filter: ((ss_quantity >= 81) AND (ss_quantity <= 100))
                                   ->  Append-only Columnar Scan on store_sales_1_prt_70 store_sales_1_prt_70_14  (cost=0.00..1.00 rows=1 width=14)
                                         Filter: ((ss_quantity >= 81) AND (ss_quantity <= 100))
                                   ->  Append-only Columnar Scan on store_sales_1_prt_71 store_sales_1_prt_71_14  (cost=0.00..1.00 rows=1 width=14)
                                         Filter: ((ss_quantity >= 81) AND (ss_quantity <= 100))
                                   ->  Append-only Columnar Scan on store_sales_1_prt_72 store_sales_1_prt_72_14  (cost=0.00..1.00 rows=1 width=14)
                                         Filter: ((ss_quantity >= 81) AND (ss_quantity <= 100))
                                   ->  Append-only Columnar Scan on store_sales_1_prt_73 store_sales_1_prt_73_14  (cost=0.00..1.00 rows=1 width=14)
                                         Filter: ((ss_quantity >= 81) AND (ss_quantity <= 100))
                                   ->  Append-only Columnar Scan on store_sales_1_prt_74 store_sales_1_prt_74_14  (cost=0.00..1.00 rows=1 width=14)
                                         Filter: ((ss_quantity >= 81) AND (ss_quantity <= 100))
                                   ->  Append-only Columnar Scan on store_sales_1_prt_75 store_sales_1_prt_75_14  (cost=0.00..1.00 rows=1 width=14)
                                         Filter: ((ss_quantity >= 81) AND (ss_quantity <= 100))
                                   ->  Append-only Columnar Scan on store_sales_1_prt_76 store_sales_1_prt_76_14  (cost=0.00..1.00 rows=1 width=14)
                                         Filter: ((ss_quantity >= 81) AND (ss_quantity <= 100))
                                   ->  Append-only Columnar Scan on store_sales_1_prt_77 store_sales_1_prt_77_14  (cost=0.00..1.00 rows=1 width=14)
                                         Filter: ((ss_quantity >= 81) AND (ss_quantity <= 100))
                                   ->  Append-only Columnar Scan on store_sales_1_prt_78 store_sales_1_prt_78_14  (cost=0.00..1.00 rows=1 width=14)
                                         Filter: ((ss_quantity >= 81) AND (ss_quantity <= 100))
                                   ->  Append-only Columnar Scan on store_sales_1_prt_79 store_sales_1_prt_79_14  (cost=0.00..1.00 rows=1 width=14)
                                         Filter: ((ss_quantity >= 81) AND (ss_quantity <= 100))
                                   ->  Append-only Columnar Scan on store_sales_1_prt_80 store_sales_1_prt_80_14  (cost=0.00..1.00 rows=1 width=14)
                                         Filter: ((ss_quantity >= 81) AND (ss_quantity <= 100))
 Planning time: 98.939 ms
 Optimizer: legacy query optimizer
(2480 rows)

-- end query 1 in stream 0 using template query9.tpl
