-- start query 1 in stream 0 using template query10.tpl
explain
select  
  cd_gender,
  cd_marital_status,
  cd_education_status,
  count(*) cnt1,
  cd_purchase_estimate,
  count(*) cnt2,
  cd_credit_rating,
  count(*) cnt3,
  cd_dep_count,
  count(*) cnt4,
  cd_dep_employed_count,
  count(*) cnt5,
  cd_dep_college_count,
  count(*) cnt6
 from
  customer c,customer_address ca,customer_demographics
 where
  c.c_current_addr_sk = ca.ca_address_sk and
  ca_county in ('Walker County','Richland County','Gaines County','Douglas County','Dona Ana County') and
  cd_demo_sk = c.c_current_cdemo_sk and 
  exists (select *
          from store_sales,date_dim
          where c.c_customer_sk = ss_customer_sk and
                ss_sold_date_sk = d_date_sk and
                d_year = 2002 and
                d_moy between 4 and 4+3) and
   (exists (select *
            from web_sales,date_dim
            where c.c_customer_sk = ws_bill_customer_sk and
                  ws_sold_date_sk = d_date_sk and
                  d_year = 2002 and
                  d_moy between 4 ANd 4+3) or 
    exists (select * 
            from catalog_sales,date_dim
            where c.c_customer_sk = cs_ship_customer_sk and
                  cs_sold_date_sk = d_date_sk and
                  d_year = 2002 and
                  d_moy between 4 and 4+3))
 group by cd_gender,
          cd_marital_status,
          cd_education_status,
          cd_purchase_estimate,
          cd_credit_rating,
          cd_dep_count,
          cd_dep_employed_count,
          cd_dep_college_count
 order by cd_gender,
          cd_marital_status,
          cd_education_status,
          cd_purchase_estimate,
          cd_credit_rating,
          cd_dep_count,
          cd_dep_employed_count,
          cd_dep_college_count
limit 100;
                                                                                                                                                                                            QUERY PLAN                                                                                                                                                                                            
--------------------------------------------------------------------------------------------------------------------------------------------------------------------------------------------------------------------------------------------------------------------------------------------------------------------------------------------------------------------------------------------------
 Limit  (cost=47094227051079.55..47094227051080.00 rows=20 width=176)
   ->  Gather Motion 3:1  (slice170; segments: 3)  (cost=47094227051079.55..47094227051080.00 rows=20 width=176)
         Merge Key: customer_demographics.cd_gender, customer_demographics.cd_marital_status, customer_demographics.cd_education_status, customer_demographics.cd_purchase_estimate, customer_demographics.cd_credit_rating, customer_demographics.cd_dep_count, customer_demographics.cd_dep_employed_count, customer_demographics.cd_dep_college_count
         ->  Limit  (cost=47094227051079.55..47094227051079.60 rows=7 width=176)
               ->  Sort  (cost=47094227051079.55..47094227051079.60 rows=7 width=176)
                     Sort Key: customer_demographics.cd_gender, customer_demographics.cd_marital_status, customer_demographics.cd_education_status, customer_demographics.cd_purchase_estimate, customer_demographics.cd_credit_rating, customer_demographics.cd_dep_count, customer_demographics.cd_dep_employed_count, customer_demographics.cd_dep_college_count
                     ->  GroupAggregate  (cost=47094227051077.98..47094227051079.12 rows=7 width=176)
                           Group Key: customer_demographics.cd_gender, customer_demographics.cd_marital_status, customer_demographics.cd_education_status, customer_demographics.cd_purchase_estimate, customer_demographics.cd_credit_rating, customer_demographics.cd_dep_count, customer_demographics.cd_dep_employed_count, customer_demographics.cd_dep_college_count
                           ->  Sort  (cost=47094227051077.98..47094227051078.02 rows=7 width=136)
                                 Sort Key: customer_demographics.cd_gender, customer_demographics.cd_marital_status, customer_demographics.cd_education_status, customer_demographics.cd_purchase_estimate, customer_demographics.cd_credit_rating, customer_demographics.cd_dep_count, customer_demographics.cd_dep_employed_count, customer_demographics.cd_dep_college_count
                                 ->  Redistribute Motion 3:3  (slice169; segments: 3)  (cost=47094227051076.16..47094227051077.55 rows=7 width=136)
                                       Hash Key: customer_demographics.cd_gender, customer_demographics.cd_marital_status, customer_demographics.cd_education_status, customer_demographics.cd_purchase_estimate, customer_demographics.cd_credit_rating, customer_demographics.cd_dep_count, customer_demographics.cd_dep_employed_count, customer_demographics.cd_dep_college_count
                                       ->  GroupAggregate  (cost=47094227051076.16..47094227051077.15 rows=7 width=136)
                                             Group Key: customer_demographics.cd_gender, customer_demographics.cd_marital_status, customer_demographics.cd_education_status, customer_demographics.cd_purchase_estimate, customer_demographics.cd_credit_rating, customer_demographics.cd_dep_count, customer_demographics.cd_dep_employed_count, customer_demographics.cd_dep_college_count
                                             ->  Sort  (cost=47094227051076.16..47094227051076.22 rows=7 width=37)
                                                   Sort Key: customer_demographics.cd_gender, customer_demographics.cd_marital_status, customer_demographics.cd_education_status, customer_demographics.cd_purchase_estimate, customer_demographics.cd_credit_rating, customer_demographics.cd_dep_count, customer_demographics.cd_dep_employed_count, customer_demographics.cd_dep_college_count
                                                   ->  Hash Join  (cost=57697780.75..47094227051075.70 rows=7 width=37)
                                                         Hash Cond: (c.c_current_cdemo_sk = customer_demographics.cd_demo_sk)
                                                         ->  Redistribute Motion 3:3  (slice168; segments: 3)  (cost=57650150.20..47094227003444.87 rows=6 width=4)
                                                               Hash Key: c.c_current_cdemo_sk
                                                               ->  Hash Join  (cost=57650150.20..47094227003444.56 rows=6 width=4)
                                                                     Hash Cond: (c.c_current_addr_sk = ca.ca_address_sk)
                                                                     ->  Redistribute Motion 3:3  (slice167; segments: 3)  (cost=57526216.13..47094226879510.25 rows=8 width=8)
                                                                           Hash Key: c.c_current_addr_sk
                                                                           ->  Hash Semi Join  (cost=57526216.13..47094226879509.78 rows=8 width=8)
                                                                                 Hash Cond: (c.c_customer_sk = store_sales_1_prt_outliers.ss_customer_sk)
                                                                                 ->  Seq Scan on customer c  (cost=0.00..47094169329668.59 rows=2999975 width=12)
                                                                                       Filter: ((alternatives: SubPlan 1 or hashed SubPlan 2) OR (SubPlan 3))
                                                                                       SubPlan 1  (slice167; segments: 3)
                                                                                         ->  Hash Join  (cost=1650.66..12937707.82 rows=4 width=0)
                                                                                               Hash Cond: (web_sales_1_prt_outliers.ws_sold_date_sk = date_dim_1.d_date_sk)
                                                                                               ->  Append  (cost=0.00..12936051.39 rows=303 width=4)
                                                                                                     ->  Result  (cost=0.00..2841.01 rows=2 width=4)
                                                                                                           One-Time Filter: PartSelected
                                                                                                           ->  Result  (cost=0.00..2841.03 rows=2 width=4)
                                                                                                                 Filter: (c.c_customer_sk = web_sales_1_prt_outliers.ws_bill_customer_sk)
                                                                                                                 ->  Materialize  (cost=0.00..2841.03 rows=2 width=4)
                                                                                                                       ->  Broadcast Motion 3:3  (slice1; segments: 3)  (cost=0.00..2841.01 rows=2 width=4)
                                                                                                                             ->  Append-only Columnar Scan on web_sales_1_prt_outliers  (cost=0.00..2841.01 rows=2 width=4)
                                                                                                     ->  Result  (cost=0.00..110238.75 rows=5 width=4)
                                                                                                           One-Time Filter: PartSelected
                                                                                                           ->  Result  (cost=0.00..110238.82 rows=5 width=4)
                                                                                                                 Filter: (c.c_customer_sk = web_sales_1_prt_2.ws_bill_customer_sk)
                                                                                                                 ->  Materialize  (cost=0.00..110238.82 rows=5 width=4)
                                                                                                                       ->  Broadcast Motion 3:3  (slice2; segments: 3)  (cost=0.00..110238.75 rows=5 width=4)
                                                                                                                             ->  Append-only Columnar Scan on web_sales_1_prt_2  (cost=0.00..110238.75 rows=5 width=4)
                                                                                                     ->  Result  (cost=0.00..114763.25 rows=5 width=4)
                                                                                                           One-Time Filter: PartSelected
                                                                                                           ->  Result  (cost=0.00..114763.32 rows=5 width=4)
                                                                                                                 Filter: (c.c_customer_sk = web_sales_1_prt_3.ws_bill_customer_sk)
                                                                                                                 ->  Materialize  (cost=0.00..114763.32 rows=5 width=4)
                                                                                                                       ->  Broadcast Motion 3:3  (slice3; segments: 3)  (cost=0.00..114763.25 rows=5 width=4)
                                                                                                                             ->  Append-only Columnar Scan on web_sales_1_prt_3  (cost=0.00..114763.25 rows=5 width=4)
                                                                                                     ->  Result  (cost=0.00..110561.25 rows=5 width=4)
                                                                                                           One-Time Filter: PartSelected
                                                                                                           ->  Result  (cost=0.00..110561.32 rows=5 width=4)
                                                                                                                 Filter: (c.c_customer_sk = web_sales_1_prt_4.ws_bill_customer_sk)
                                                                                                                 ->  Materialize  (cost=0.00..110561.32 rows=5 width=4)
                                                                                                                       ->  Broadcast Motion 3:3  (slice4; segments: 3)  (cost=0.00..110561.25 rows=5 width=4)
                                                                                                                             ->  Append-only Columnar Scan on web_sales_1_prt_4  (cost=0.00..110561.25 rows=5 width=4)
                                                                                                     ->  Result  (cost=0.00..114867.75 rows=5 width=4)
                                                                                                           One-Time Filter: PartSelected
                                                                                                           ->  Result  (cost=0.00..114867.82 rows=5 width=4)
                                                                                                                 Filter: (c.c_customer_sk = web_sales_1_prt_5.ws_bill_customer_sk)
                                                                                                                 ->  Materialize  (cost=0.00..114867.82 rows=5 width=4)
                                                                                                                       ->  Broadcast Motion 3:3  (slice5; segments: 3)  (cost=0.00..114867.75 rows=5 width=4)
                                                                                                                             ->  Append-only Columnar Scan on web_sales_1_prt_5  (cost=0.00..114867.75 rows=5 width=4)
                                                                                                     ->  Result  (cost=0.00..114634.75 rows=5 width=4)
                                                                                                           One-Time Filter: PartSelected
                                                                                                           ->  Result  (cost=0.00..114634.81 rows=5 width=4)
                                                                                                                 Filter: (c.c_customer_sk = web_sales_1_prt_6.ws_bill_customer_sk)
                                                                                                                 ->  Materialize  (cost=0.00..114634.81 rows=5 width=4)
                                                                                                                       ->  Broadcast Motion 3:3  (slice6; segments: 3)  (cost=0.00..114634.75 rows=5 width=4)
                                                                                                                             ->  Append-only Columnar Scan on web_sales_1_prt_6  (cost=0.00..114634.75 rows=5 width=4)
                                                                                                     ->  Result  (cost=0.00..114883.88 rows=5 width=4)
                                                                                                           One-Time Filter: PartSelected
                                                                                                           ->  Result  (cost=0.00..114883.94 rows=5 width=4)
                                                                                                                 Filter: (c.c_customer_sk = web_sales_1_prt_7.ws_bill_customer_sk)
                                                                                                                 ->  Materialize  (cost=0.00..114883.94 rows=5 width=4)
                                                                                                                       ->  Broadcast Motion 3:3  (slice7; segments: 3)  (cost=0.00..114883.88 rows=5 width=4)
                                                                                                                             ->  Append-only Columnar Scan on web_sales_1_prt_7  (cost=0.00..114883.88 rows=5 width=4)
                                                                                                     ->  Result  (cost=0.00..114499.38 rows=5 width=4)
                                                                                                           One-Time Filter: PartSelected
                                                                                                           ->  Result  (cost=0.00..114499.44 rows=5 width=4)
                                                                                                                 Filter: (c.c_customer_sk = web_sales_1_prt_8.ws_bill_customer_sk)
                                                                                                                 ->  Materialize  (cost=0.00..114499.44 rows=5 width=4)
                                                                                                                       ->  Broadcast Motion 3:3  (slice8; segments: 3)  (cost=0.00..114499.38 rows=5 width=4)
                                                                                                                             ->  Append-only Columnar Scan on web_sales_1_prt_8  (cost=0.00..114499.38 rows=5 width=4)
                                                                                                     ->  Result  (cost=0.00..166897.50 rows=5 width=4)
                                                                                                           One-Time Filter: PartSelected
                                                                                                           ->  Result  (cost=0.00..166897.56 rows=5 width=4)
                                                                                                                 Filter: (c.c_customer_sk = web_sales_1_prt_9.ws_bill_customer_sk)
                                                                                                                 ->  Materialize  (cost=0.00..166897.56 rows=5 width=4)
                                                                                                                       ->  Broadcast Motion 3:3  (slice9; segments: 3)  (cost=0.00..166897.50 rows=5 width=4)
                                                                                                                             ->  Append-only Columnar Scan on web_sales_1_prt_9  (cost=0.00..166897.50 rows=5 width=4)
                                                                                                     ->  Result  (cost=0.00..260735.75 rows=5 width=4)
                                                                                                           One-Time Filter: PartSelected
                                                                                                           ->  Result  (cost=0.00..260735.82 rows=5 width=4)
                                                                                                                 Filter: (c.c_customer_sk = web_sales_1_prt_10.ws_bill_customer_sk)
                                                                                                                 ->  Materialize  (cost=0.00..260735.82 rows=5 width=4)
                                                                                                                       ->  Broadcast Motion 3:3  (slice10; segments: 3)  (cost=0.00..260735.75 rows=5 width=4)
                                                                                                                             ->  Append-only Columnar Scan on web_sales_1_prt_10  (cost=0.00..260735.75 rows=5 width=4)
                                                                                                     ->  Result  (cost=0.00..260827.50 rows=6 width=4)
                                                                                                           One-Time Filter: PartSelected
                                                                                                           ->  Result  (cost=0.00..260827.58 rows=6 width=4)
                                                                                                                 Filter: (c.c_customer_sk = web_sales_1_prt_11.ws_bill_customer_sk)
                                                                                                                 ->  Materialize  (cost=0.00..260827.58 rows=6 width=4)
                                                                                                                       ->  Broadcast Motion 3:3  (slice11; segments: 3)  (cost=0.00..260827.50 rows=6 width=4)
                                                                                                                             ->  Append-only Columnar Scan on web_sales_1_prt_11  (cost=0.00..260827.50 rows=6 width=4)
                                                                                                     ->  Result  (cost=0.00..270564.75 rows=5 width=4)
                                                                                                           One-Time Filter: PartSelected
                                                                                                           ->  Result  (cost=0.00..270564.82 rows=5 width=4)
                                                                                                                 Filter: (c.c_customer_sk = web_sales_1_prt_12.ws_bill_customer_sk)
                                                                                                                 ->  Materialize  (cost=0.00..270564.82 rows=5 width=4)
                                                                                                                       ->  Broadcast Motion 3:3  (slice12; segments: 3)  (cost=0.00..270564.75 rows=5 width=4)
                                                                                                                             ->  Append-only Columnar Scan on web_sales_1_prt_12  (cost=0.00..270564.75 rows=5 width=4)
                                                                                                     ->  Result  (cost=0.00..395361.25 rows=5 width=4)
                                                                                                           One-Time Filter: PartSelected
                                                                                                           ->  Result  (cost=0.00..395361.32 rows=5 width=4)
                                                                                                                 Filter: (c.c_customer_sk = web_sales_1_prt_13.ws_bill_customer_sk)
                                                                                                                 ->  Materialize  (cost=0.00..395361.32 rows=5 width=4)
                                                                                                                       ->  Broadcast Motion 3:3  (slice13; segments: 3)  (cost=0.00..395361.25 rows=5 width=4)
                                                                                                                             ->  Append-only Columnar Scan on web_sales_1_prt_13  (cost=0.00..395361.25 rows=5 width=4)
                                                                                                     ->  Result  (cost=0.00..394913.25 rows=5 width=4)
                                                                                                           One-Time Filter: PartSelected
                                                                                                           ->  Result  (cost=0.00..394913.32 rows=5 width=4)
                                                                                                                 Filter: (c.c_customer_sk = web_sales_1_prt_14.ws_bill_customer_sk)
                                                                                                                 ->  Materialize  (cost=0.00..394913.32 rows=5 width=4)
                                                                                                                       ->  Broadcast Motion 3:3  (slice14; segments: 3)  (cost=0.00..394913.25 rows=5 width=4)
                                                                                                                             ->  Append-only Columnar Scan on web_sales_1_prt_14  (cost=0.00..394913.25 rows=5 width=4)
                                                                                                     ->  Result  (cost=0.00..148758.00 rows=5 width=4)
                                                                                                           One-Time Filter: PartSelected
                                                                                                           ->  Result  (cost=0.00..148758.07 rows=5 width=4)
                                                                                                                 Filter: (c.c_customer_sk = web_sales_1_prt_15.ws_bill_customer_sk)
                                                                                                                 ->  Materialize  (cost=0.00..148758.07 rows=5 width=4)
                                                                                                                       ->  Broadcast Motion 3:3  (slice15; segments: 3)  (cost=0.00..148758.00 rows=5 width=4)
                                                                                                                             ->  Append-only Columnar Scan on web_sales_1_prt_15  (cost=0.00..148758.00 rows=5 width=4)
                                                                                                     ->  Result  (cost=0.00..114722.38 rows=5 width=4)
                                                                                                           One-Time Filter: PartSelected
                                                                                                           ->  Result  (cost=0.00..114722.44 rows=5 width=4)
                                                                                                                 Filter: (c.c_customer_sk = web_sales_1_prt_16.ws_bill_customer_sk)
                                                                                                                 ->  Materialize  (cost=0.00..114722.44 rows=5 width=4)
                                                                                                                       ->  Broadcast Motion 3:3  (slice16; segments: 3)  (cost=0.00..114722.38 rows=5 width=4)
                                                                                                                             ->  Append-only Columnar Scan on web_sales_1_prt_16  (cost=0.00..114722.38 rows=5 width=4)
                                                                                                     ->  Result  (cost=0.00..110505.12 rows=5 width=4)
                                                                                                           One-Time Filter: PartSelected
                                                                                                           ->  Result  (cost=0.00..110505.19 rows=5 width=4)
                                                                                                                 Filter: (c.c_customer_sk = web_sales_1_prt_17.ws_bill_customer_sk)
                                                                                                                 ->  Materialize  (cost=0.00..110505.19 rows=5 width=4)
                                                                                                                       ->  Broadcast Motion 3:3  (slice17; segments: 3)  (cost=0.00..110505.12 rows=5 width=4)
                                                                                                                             ->  Append-only Columnar Scan on web_sales_1_prt_17  (cost=0.00..110505.12 rows=5 width=4)
                                                                                                     ->  Result  (cost=0.00..114462.38 rows=5 width=4)
                                                                                                           One-Time Filter: PartSelected
                                                                                                           ->  Result  (cost=0.00..114462.44 rows=5 width=4)
                                                                                                                 Filter: (c.c_customer_sk = web_sales_1_prt_18.ws_bill_customer_sk)
                                                                                                                 ->  Materialize  (cost=0.00..114462.44 rows=5 width=4)
                                                                                                                       ->  Broadcast Motion 3:3  (slice18; segments: 3)  (cost=0.00..114462.38 rows=5 width=4)
                                                                                                                             ->  Append-only Columnar Scan on web_sales_1_prt_18  (cost=0.00..114462.38 rows=5 width=4)
                                                                                                     ->  Result  (cost=0.00..114725.00 rows=5 width=4)
                                                                                                           One-Time Filter: PartSelected
                                                                                                           ->  Result  (cost=0.00..114725.06 rows=5 width=4)
                                                                                                                 Filter: (c.c_customer_sk = web_sales_1_prt_19.ws_bill_customer_sk)
                                                                                                                 ->  Materialize  (cost=0.00..114725.06 rows=5 width=4)
                                                                                                                       ->  Broadcast Motion 3:3  (slice19; segments: 3)  (cost=0.00..114725.00 rows=5 width=4)
                                                                                                                             ->  Append-only Columnar Scan on web_sales_1_prt_19  (cost=0.00..114725.00 rows=5 width=4)
                                                                                                     ->  Result  (cost=0.00..114573.50 rows=5 width=4)
                                                                                                           One-Time Filter: PartSelected
                                                                                                           ->  Result  (cost=0.00..114573.57 rows=5 width=4)
                                                                                                                 Filter: (c.c_customer_sk = web_sales_1_prt_20.ws_bill_customer_sk)
                                                                                                                 ->  Materialize  (cost=0.00..114573.57 rows=5 width=4)
                                                                                                                       ->  Broadcast Motion 3:3  (slice20; segments: 3)  (cost=0.00..114573.50 rows=5 width=4)
                                                                                                                             ->  Append-only Columnar Scan on web_sales_1_prt_20  (cost=0.00..114573.50 rows=5 width=4)
                                                                                                     ->  Result  (cost=0.00..114535.38 rows=5 width=4)
                                                                                                           One-Time Filter: PartSelected
                                                                                                           ->  Result  (cost=0.00..114535.44 rows=5 width=4)
                                                                                                                 Filter: (c.c_customer_sk = web_sales_1_prt_21.ws_bill_customer_sk)
                                                                                                                 ->  Materialize  (cost=0.00..114535.44 rows=5 width=4)
                                                                                                                       ->  Broadcast Motion 3:3  (slice21; segments: 3)  (cost=0.00..114535.38 rows=5 width=4)
                                                                                                                             ->  Append-only Columnar Scan on web_sales_1_prt_21  (cost=0.00..114535.38 rows=5 width=4)
                                                                                                     ->  Result  (cost=0.00..161696.25 rows=5 width=4)
                                                                                                           One-Time Filter: PartSelected
                                                                                                           ->  Result  (cost=0.00..161696.31 rows=5 width=4)
                                                                                                                 Filter: (c.c_customer_sk = web_sales_1_prt_22.ws_bill_customer_sk)
                                                                                                                 ->  Materialize  (cost=0.00..161696.31 rows=5 width=4)
                                                                                                                       ->  Broadcast Motion 3:3  (slice22; segments: 3)  (cost=0.00..161696.25 rows=5 width=4)
                                                                                                                             ->  Append-only Columnar Scan on web_sales_1_prt_22  (cost=0.00..161696.25 rows=5 width=4)
                                                                                                     ->  Result  (cost=0.00..261019.25 rows=5 width=4)
                                                                                                           One-Time Filter: PartSelected
                                                                                                           ->  Result  (cost=0.00..261019.32 rows=5 width=4)
                                                                                                                 Filter: (c.c_customer_sk = web_sales_1_prt_23.ws_bill_customer_sk)
                                                                                                                 ->  Materialize  (cost=0.00..261019.32 rows=5 width=4)
                                                                                                                       ->  Broadcast Motion 3:3  (slice23; segments: 3)  (cost=0.00..261019.25 rows=5 width=4)
                                                                                                                             ->  Append-only Columnar Scan on web_sales_1_prt_23  (cost=0.00..261019.25 rows=5 width=4)
                                                                                                     ->  Result  (cost=0.00..260674.50 rows=5 width=4)
                                                                                                           One-Time Filter: PartSelected
                                                                                                           ->  Result  (cost=0.00..260674.57 rows=5 width=4)
                                                                                                                 Filter: (c.c_customer_sk = web_sales_1_prt_24.ws_bill_customer_sk)
                                                                                                                 ->  Materialize  (cost=0.00..260674.57 rows=5 width=4)
                                                                                                                       ->  Broadcast Motion 3:3  (slice24; segments: 3)  (cost=0.00..260674.50 rows=5 width=4)
                                                                                                                             ->  Append-only Columnar Scan on web_sales_1_prt_24  (cost=0.00..260674.50 rows=5 width=4)
                                                                                                     ->  Result  (cost=0.00..265528.25 rows=5 width=4)
                                                                                                           One-Time Filter: PartSelected
                                                                                                           ->  Result  (cost=0.00..265528.32 rows=5 width=4)
                                                                                                                 Filter: (c.c_customer_sk = web_sales_1_prt_25.ws_bill_customer_sk)
                                                                                                                 ->  Materialize  (cost=0.00..265528.32 rows=5 width=4)
                                                                                                                       ->  Broadcast Motion 3:3  (slice25; segments: 3)  (cost=0.00..265528.25 rows=5 width=4)
                                                                                                                             ->  Append-only Columnar Scan on web_sales_1_prt_25  (cost=0.00..265528.25 rows=5 width=4)
                                                                                                     ->  Result  (cost=0.00..395428.75 rows=5 width=4)
                                                                                                           One-Time Filter: PartSelected
                                                                                                           ->  Result  (cost=0.00..395428.82 rows=5 width=4)
                                                                                                                 Filter: (c.c_customer_sk = web_sales_1_prt_26.ws_bill_customer_sk)
                                                                                                                 ->  Materialize  (cost=0.00..395428.82 rows=5 width=4)
                                                                                                                       ->  Broadcast Motion 3:3  (slice26; segments: 3)  (cost=0.00..395428.75 rows=5 width=4)
                                                                                                                             ->  Append-only Columnar Scan on web_sales_1_prt_26  (cost=0.00..395428.75 rows=5 width=4)
                                                                                                     ->  Result  (cost=0.00..394753.50 rows=5 width=4)
                                                                                                           One-Time Filter: PartSelected
                                                                                                           ->  Result  (cost=0.00..394753.57 rows=5 width=4)
                                                                                                                 Filter: (c.c_customer_sk = web_sales_1_prt_27.ws_bill_customer_sk)
                                                                                                                 ->  Materialize  (cost=0.00..394753.57 rows=5 width=4)
                                                                                                                       ->  Broadcast Motion 3:3  (slice27; segments: 3)  (cost=0.00..394753.50 rows=5 width=4)
                                                                                                                             ->  Append-only Columnar Scan on web_sales_1_prt_27  (cost=0.00..394753.50 rows=5 width=4)
                                                                                                     ->  Result  (cost=0.00..158758.62 rows=5 width=4)
                                                                                                           One-Time Filter: PartSelected
                                                                                                           ->  Result  (cost=0.00..158758.69 rows=5 width=4)
                                                                                                                 Filter: (c.c_customer_sk = web_sales_1_prt_28.ws_bill_customer_sk)
                                                                                                                 ->  Materialize  (cost=0.00..158758.69 rows=5 width=4)
                                                                                                                       ->  Broadcast Motion 3:3  (slice28; segments: 3)  (cost=0.00..158758.62 rows=5 width=4)
                                                                                                                             ->  Append-only Columnar Scan on web_sales_1_prt_28  (cost=0.00..158758.62 rows=5 width=4)
                                                                                                     ->  Result  (cost=0.00..114148.00 rows=5 width=4)
                                                                                                           One-Time Filter: PartSelected
                                                                                                           ->  Result  (cost=0.00..114148.06 rows=5 width=4)
                                                                                                                 Filter: (c.c_customer_sk = web_sales_1_prt_29.ws_bill_customer_sk)
                                                                                                                 ->  Materialize  (cost=0.00..114148.06 rows=5 width=4)
                                                                                                                       ->  Broadcast Motion 3:3  (slice29; segments: 3)  (cost=0.00..114148.00 rows=5 width=4)
                                                                                                                             ->  Append-only Columnar Scan on web_sales_1_prt_29  (cost=0.00..114148.00 rows=5 width=4)
                                                                                                     ->  Result  (cost=0.00..114432.50 rows=5 width=4)
                                                                                                           One-Time Filter: PartSelected
                                                                                                           ->  Result  (cost=0.00..114432.56 rows=5 width=4)
                                                                                                                 Filter: (c.c_customer_sk = web_sales_1_prt_30.ws_bill_customer_sk)
                                                                                                                 ->  Materialize  (cost=0.00..114432.56 rows=5 width=4)
                                                                                                                       ->  Broadcast Motion 3:3  (slice30; segments: 3)  (cost=0.00..114432.50 rows=5 width=4)
                                                                                                                             ->  Append-only Columnar Scan on web_sales_1_prt_30  (cost=0.00..114432.50 rows=5 width=4)
                                                                                                     ->  Result  (cost=0.00..114567.75 rows=5 width=4)
                                                                                                           One-Time Filter: PartSelected
                                                                                                           ->  Result  (cost=0.00..114567.81 rows=5 width=4)
                                                                                                                 Filter: (c.c_customer_sk = web_sales_1_prt_31.ws_bill_customer_sk)
                                                                                                                 ->  Materialize  (cost=0.00..114567.81 rows=5 width=4)
                                                                                                                       ->  Broadcast Motion 3:3  (slice31; segments: 3)  (cost=0.00..114567.75 rows=5 width=4)
                                                                                                                             ->  Append-only Columnar Scan on web_sales_1_prt_31  (cost=0.00..114567.75 rows=5 width=4)
                                                                                                     ->  Result  (cost=0.00..114531.25 rows=5 width=4)
                                                                                                           One-Time Filter: PartSelected
                                                                                                           ->  Result  (cost=0.00..114531.31 rows=5 width=4)
                                                                                                                 Filter: (c.c_customer_sk = web_sales_1_prt_32.ws_bill_customer_sk)
                                                                                                                 ->  Materialize  (cost=0.00..114531.31 rows=5 width=4)
                                                                                                                       ->  Broadcast Motion 3:3  (slice32; segments: 3)  (cost=0.00..114531.25 rows=5 width=4)
                                                                                                                             ->  Append-only Columnar Scan on web_sales_1_prt_32  (cost=0.00..114531.25 rows=5 width=4)
                                                                                                     ->  Result  (cost=0.00..114335.75 rows=5 width=4)
                                                                                                           One-Time Filter: PartSelected
                                                                                                           ->  Result  (cost=0.00..114335.81 rows=5 width=4)
                                                                                                                 Filter: (c.c_customer_sk = web_sales_1_prt_33.ws_bill_customer_sk)
                                                                                                                 ->  Materialize  (cost=0.00..114335.81 rows=5 width=4)
                                                                                                                       ->  Broadcast Motion 3:3  (slice33; segments: 3)  (cost=0.00..114335.75 rows=5 width=4)
                                                                                                                             ->  Append-only Columnar Scan on web_sales_1_prt_33  (cost=0.00..114335.75 rows=5 width=4)
                                                                                                     ->  Result  (cost=0.00..114458.50 rows=5 width=4)
                                                                                                           One-Time Filter: PartSelected
                                                                                                           ->  Result  (cost=0.00..114458.56 rows=5 width=4)
                                                                                                                 Filter: (c.c_customer_sk = web_sales_1_prt_34.ws_bill_customer_sk)
                                                                                                                 ->  Materialize  (cost=0.00..114458.56 rows=5 width=4)
                                                                                                                       ->  Broadcast Motion 3:3  (slice34; segments: 3)  (cost=0.00..114458.50 rows=5 width=4)
                                                                                                                             ->  Append-only Columnar Scan on web_sales_1_prt_34  (cost=0.00..114458.50 rows=5 width=4)
                                                                                                     ->  Result  (cost=0.00..155822.75 rows=5 width=4)
                                                                                                           One-Time Filter: PartSelected
                                                                                                           ->  Result  (cost=0.00..155822.82 rows=5 width=4)
                                                                                                                 Filter: (c.c_customer_sk = web_sales_1_prt_35.ws_bill_customer_sk)
                                                                                                                 ->  Materialize  (cost=0.00..155822.82 rows=5 width=4)
                                                                                                                       ->  Broadcast Motion 3:3  (slice35; segments: 3)  (cost=0.00..155822.75 rows=5 width=4)
                                                                                                                             ->  Append-only Columnar Scan on web_sales_1_prt_35  (cost=0.00..155822.75 rows=5 width=4)
                                                                                                     ->  Result  (cost=0.00..260444.25 rows=5 width=4)
                                                                                                           One-Time Filter: PartSelected
                                                                                                           ->  Result  (cost=0.00..260444.32 rows=5 width=4)
                                                                                                                 Filter: (c.c_customer_sk = web_sales_1_prt_36.ws_bill_customer_sk)
                                                                                                                 ->  Materialize  (cost=0.00..260444.32 rows=5 width=4)
                                                                                                                       ->  Broadcast Motion 3:3  (slice36; segments: 3)  (cost=0.00..260444.25 rows=5 width=4)
                                                                                                                             ->  Append-only Columnar Scan on web_sales_1_prt_36  (cost=0.00..260444.25 rows=5 width=4)
                                                                                                     ->  Result  (cost=0.00..260771.75 rows=5 width=4)
                                                                                                           One-Time Filter: PartSelected
                                                                                                           ->  Result  (cost=0.00..260771.82 rows=5 width=4)
                                                                                                                 Filter: (c.c_customer_sk = web_sales_1_prt_37.ws_bill_customer_sk)
                                                                                                                 ->  Materialize  (cost=0.00..260771.82 rows=5 width=4)
                                                                                                                       ->  Broadcast Motion 3:3  (slice37; segments: 3)  (cost=0.00..260771.75 rows=5 width=4)
                                                                                                                             ->  Append-only Columnar Scan on web_sales_1_prt_37  (cost=0.00..260771.75 rows=5 width=4)
                                                                                                     ->  Result  (cost=0.00..260874.00 rows=4 width=4)
                                                                                                           One-Time Filter: PartSelected
                                                                                                           ->  Result  (cost=0.00..260874.06 rows=4 width=4)
                                                                                                                 Filter: (c.c_customer_sk = web_sales_1_prt_38.ws_bill_customer_sk)
                                                                                                                 ->  Materialize  (cost=0.00..260874.06 rows=4 width=4)
                                                                                                                       ->  Broadcast Motion 3:3  (slice38; segments: 3)  (cost=0.00..260874.00 rows=4 width=4)
                                                                                                                             ->  Append-only Columnar Scan on web_sales_1_prt_38  (cost=0.00..260874.00 rows=4 width=4)
                                                                                                     ->  Result  (cost=0.00..394771.00 rows=5 width=4)
                                                                                                           One-Time Filter: PartSelected
                                                                                                           ->  Result  (cost=0.00..394771.07 rows=5 width=4)
                                                                                                                 Filter: (c.c_customer_sk = web_sales_1_prt_39.ws_bill_customer_sk)
                                                                                                                 ->  Materialize  (cost=0.00..394771.07 rows=5 width=4)
                                                                                                                       ->  Broadcast Motion 3:3  (slice39; segments: 3)  (cost=0.00..394771.00 rows=5 width=4)
                                                                                                                             ->  Append-only Columnar Scan on web_sales_1_prt_39  (cost=0.00..394771.00 rows=5 width=4)
                                                                                                     ->  Result  (cost=0.00..394948.50 rows=5 width=4)
                                                                                                           One-Time Filter: PartSelected
                                                                                                           ->  Result  (cost=0.00..394948.57 rows=5 width=4)
                                                                                                                 Filter: (c.c_customer_sk = web_sales_1_prt_40.ws_bill_customer_sk)
                                                                                                                 ->  Materialize  (cost=0.00..394948.57 rows=5 width=4)
                                                                                                                       ->  Broadcast Motion 3:3  (slice40; segments: 3)  (cost=0.00..394948.50 rows=5 width=4)
                                                                                                                             ->  Append-only Columnar Scan on web_sales_1_prt_40  (cost=0.00..394948.50 rows=5 width=4)
                                                                                                     ->  Result  (cost=0.00..164679.88 rows=5 width=4)
                                                                                                           One-Time Filter: PartSelected
                                                                                                           ->  Result  (cost=0.00..164679.94 rows=5 width=4)
                                                                                                                 Filter: (c.c_customer_sk = web_sales_1_prt_41.ws_bill_customer_sk)
                                                                                                                 ->  Materialize  (cost=0.00..164679.94 rows=5 width=4)
                                                                                                                       ->  Broadcast Motion 3:3  (slice41; segments: 3)  (cost=0.00..164679.88 rows=5 width=4)
                                                                                                                             ->  Append-only Columnar Scan on web_sales_1_prt_41  (cost=0.00..164679.88 rows=5 width=4)
                                                                                                     ->  Result  (cost=0.00..114375.00 rows=5 width=4)
                                                                                                           One-Time Filter: PartSelected
                                                                                                           ->  Result  (cost=0.00..114375.06 rows=5 width=4)
                                                                                                                 Filter: (c.c_customer_sk = web_sales_1_prt_42.ws_bill_customer_sk)
                                                                                                                 ->  Materialize  (cost=0.00..114375.06 rows=5 width=4)
                                                                                                                       ->  Broadcast Motion 3:3  (slice42; segments: 3)  (cost=0.00..114375.00 rows=5 width=4)
                                                                                                                             ->  Append-only Columnar Scan on web_sales_1_prt_42  (cost=0.00..114375.00 rows=5 width=4)
                                                                                                     ->  Result  (cost=0.00..110675.38 rows=5 width=4)
                                                                                                           One-Time Filter: PartSelected
                                                                                                           ->  Result  (cost=0.00..110675.44 rows=5 width=4)
                                                                                                                 Filter: (c.c_customer_sk = web_sales_1_prt_43.ws_bill_customer_sk)
                                                                                                                 ->  Materialize  (cost=0.00..110675.44 rows=5 width=4)
                                                                                                                       ->  Broadcast Motion 3:3  (slice43; segments: 3)  (cost=0.00..110675.38 rows=5 width=4)
                                                                                                                             ->  Append-only Columnar Scan on web_sales_1_prt_43  (cost=0.00..110675.38 rows=5 width=4)
                                                                                                     ->  Result  (cost=0.00..114833.00 rows=5 width=4)
                                                                                                           One-Time Filter: PartSelected
                                                                                                           ->  Result  (cost=0.00..114833.07 rows=5 width=4)
                                                                                                                 Filter: (c.c_customer_sk = web_sales_1_prt_44.ws_bill_customer_sk)
                                                                                                                 ->  Materialize  (cost=0.00..114833.07 rows=5 width=4)
                                                                                                                       ->  Broadcast Motion 3:3  (slice44; segments: 3)  (cost=0.00..114833.00 rows=5 width=4)
                                                                                                                             ->  Append-only Columnar Scan on web_sales_1_prt_44  (cost=0.00..114833.00 rows=5 width=4)
                                                                                                     ->  Result  (cost=0.00..114697.12 rows=5 width=4)
                                                                                                           One-Time Filter: PartSelected
                                                                                                           ->  Result  (cost=0.00..114697.19 rows=5 width=4)
                                                                                                                 Filter: (c.c_customer_sk = web_sales_1_prt_45.ws_bill_customer_sk)
                                                                                                                 ->  Materialize  (cost=0.00..114697.19 rows=5 width=4)
                                                                                                                       ->  Broadcast Motion 3:3  (slice45; segments: 3)  (cost=0.00..114697.12 rows=5 width=4)
                                                                                                                             ->  Append-only Columnar Scan on web_sales_1_prt_45  (cost=0.00..114697.12 rows=5 width=4)
                                                                                                     ->  Result  (cost=0.00..114635.50 rows=5 width=4)
                                                                                                           One-Time Filter: PartSelected
                                                                                                           ->  Result  (cost=0.00..114635.57 rows=5 width=4)
                                                                                                                 Filter: (c.c_customer_sk = web_sales_1_prt_46.ws_bill_customer_sk)
                                                                                                                 ->  Materialize  (cost=0.00..114635.57 rows=5 width=4)
                                                                                                                       ->  Broadcast Motion 3:3  (slice46; segments: 3)  (cost=0.00..114635.50 rows=5 width=4)
                                                                                                                             ->  Append-only Columnar Scan on web_sales_1_prt_46  (cost=0.00..114635.50 rows=5 width=4)
                                                                                                     ->  Result  (cost=0.00..114997.62 rows=5 width=4)
                                                                                                           One-Time Filter: PartSelected
                                                                                                           ->  Result  (cost=0.00..114997.69 rows=5 width=4)
                                                                                                                 Filter: (c.c_customer_sk = web_sales_1_prt_47.ws_bill_customer_sk)
                                                                                                                 ->  Materialize  (cost=0.00..114997.69 rows=5 width=4)
                                                                                                                       ->  Broadcast Motion 3:3  (slice47; segments: 3)  (cost=0.00..114997.62 rows=5 width=4)
                                                                                                                             ->  Append-only Columnar Scan on web_sales_1_prt_47  (cost=0.00..114997.62 rows=5 width=4)
                                                                                                     ->  Result  (cost=0.00..146036.25 rows=5 width=4)
                                                                                                           One-Time Filter: PartSelected
                                                                                                           ->  Result  (cost=0.00..146036.32 rows=5 width=4)
                                                                                                                 Filter: (c.c_customer_sk = web_sales_1_prt_48.ws_bill_customer_sk)
                                                                                                                 ->  Materialize  (cost=0.00..146036.32 rows=5 width=4)
                                                                                                                       ->  Broadcast Motion 3:3  (slice48; segments: 3)  (cost=0.00..146036.25 rows=5 width=4)
                                                                                                                             ->  Append-only Columnar Scan on web_sales_1_prt_48  (cost=0.00..146036.25 rows=5 width=4)
                                                                                                     ->  Result  (cost=0.00..261054.25 rows=5 width=4)
                                                                                                           One-Time Filter: PartSelected
                                                                                                           ->  Result  (cost=0.00..261054.32 rows=5 width=4)
                                                                                                                 Filter: (c.c_customer_sk = web_sales_1_prt_49.ws_bill_customer_sk)
                                                                                                                 ->  Materialize  (cost=0.00..261054.32 rows=5 width=4)
                                                                                                                       ->  Broadcast Motion 3:3  (slice49; segments: 3)  (cost=0.00..261054.25 rows=5 width=4)
                                                                                                                             ->  Append-only Columnar Scan on web_sales_1_prt_49  (cost=0.00..261054.25 rows=5 width=4)
                                                                                                     ->  Result  (cost=0.00..260948.75 rows=5 width=4)
                                                                                                           One-Time Filter: PartSelected
                                                                                                           ->  Result  (cost=0.00..260948.82 rows=5 width=4)
                                                                                                                 Filter: (c.c_customer_sk = web_sales_1_prt_50.ws_bill_customer_sk)
                                                                                                                 ->  Materialize  (cost=0.00..260948.82 rows=5 width=4)
                                                                                                                       ->  Broadcast Motion 3:3  (slice50; segments: 3)  (cost=0.00..260948.75 rows=5 width=4)
                                                                                                                             ->  Append-only Columnar Scan on web_sales_1_prt_50  (cost=0.00..260948.75 rows=5 width=4)
                                                                                                     ->  Result  (cost=0.00..260939.50 rows=5 width=4)
                                                                                                           One-Time Filter: PartSelected
                                                                                                           ->  Result  (cost=0.00..260939.57 rows=5 width=4)
                                                                                                                 Filter: (c.c_customer_sk = web_sales_1_prt_51.ws_bill_customer_sk)
                                                                                                                 ->  Materialize  (cost=0.00..260939.57 rows=5 width=4)
                                                                                                                       ->  Broadcast Motion 3:3  (slice51; segments: 3)  (cost=0.00..260939.50 rows=5 width=4)
                                                                                                                             ->  Append-only Columnar Scan on web_sales_1_prt_51  (cost=0.00..260939.50 rows=5 width=4)
                                                                                                     ->  Result  (cost=0.00..385828.50 rows=5 width=4)
                                                                                                           One-Time Filter: PartSelected
                                                                                                           ->  Result  (cost=0.00..385828.57 rows=5 width=4)
                                                                                                                 Filter: (c.c_customer_sk = web_sales_1_prt_52.ws_bill_customer_sk)
                                                                                                                 ->  Materialize  (cost=0.00..385828.57 rows=5 width=4)
                                                                                                                       ->  Broadcast Motion 3:3  (slice52; segments: 3)  (cost=0.00..385828.50 rows=5 width=4)
                                                                                                                             ->  Append-only Columnar Scan on web_sales_1_prt_52  (cost=0.00..385828.50 rows=5 width=4)
                                                                                                     ->  Result  (cost=0.00..395444.75 rows=5 width=4)
                                                                                                           One-Time Filter: PartSelected
                                                                                                           ->  Result  (cost=0.00..395444.82 rows=5 width=4)
                                                                                                                 Filter: (c.c_customer_sk = web_sales_1_prt_53.ws_bill_customer_sk)
                                                                                                                 ->  Materialize  (cost=0.00..395444.82 rows=5 width=4)
                                                                                                                       ->  Broadcast Motion 3:3  (slice53; segments: 3)  (cost=0.00..395444.75 rows=5 width=4)
                                                                                                                             ->  Append-only Columnar Scan on web_sales_1_prt_53  (cost=0.00..395444.75 rows=5 width=4)
                                                                                                     ->  Result  (cost=0.00..189011.00 rows=5 width=4)
                                                                                                           One-Time Filter: PartSelected
                                                                                                           ->  Result  (cost=0.00..189011.07 rows=5 width=4)
                                                                                                                 Filter: (c.c_customer_sk = web_sales_1_prt_54.ws_bill_customer_sk)
                                                                                                                 ->  Materialize  (cost=0.00..189011.07 rows=5 width=4)
                                                                                                                       ->  Broadcast Motion 3:3  (slice54; segments: 3)  (cost=0.00..189011.00 rows=5 width=4)
                                                                                                                             ->  Append-only Columnar Scan on web_sales_1_prt_54  (cost=0.00..189011.00 rows=5 width=4)
                                                                                                     ->  Result  (cost=0.00..114845.50 rows=5 width=4)
                                                                                                           One-Time Filter: PartSelected
                                                                                                           ->  Result  (cost=0.00..114845.57 rows=5 width=4)
                                                                                                                 Filter: (c.c_customer_sk = web_sales_1_prt_55.ws_bill_customer_sk)
                                                                                                                 ->  Materialize  (cost=0.00..114845.57 rows=5 width=4)
                                                                                                                       ->  Broadcast Motion 3:3  (slice55; segments: 3)  (cost=0.00..114845.50 rows=5 width=4)
                                                                                                                             ->  Append-only Columnar Scan on web_sales_1_prt_55  (cost=0.00..114845.50 rows=5 width=4)
                                                                                                     ->  Result  (cost=0.00..110495.75 rows=5 width=4)
                                                                                                           One-Time Filter: PartSelected
                                                                                                           ->  Result  (cost=0.00..110495.81 rows=5 width=4)
                                                                                                                 Filter: (c.c_customer_sk = web_sales_1_prt_56.ws_bill_customer_sk)
                                                                                                                 ->  Materialize  (cost=0.00..110495.81 rows=5 width=4)
                                                                                                                       ->  Broadcast Motion 3:3  (slice56; segments: 3)  (cost=0.00..110495.75 rows=5 width=4)
                                                                                                                             ->  Append-only Columnar Scan on web_sales_1_prt_56  (cost=0.00..110495.75 rows=5 width=4)
                                                                                                     ->  Result  (cost=0.00..114536.75 rows=5 width=4)
                                                                                                           One-Time Filter: PartSelected
                                                                                                           ->  Result  (cost=0.00..114536.82 rows=5 width=4)
                                                                                                                 Filter: (c.c_customer_sk = web_sales_1_prt_57.ws_bill_customer_sk)
                                                                                                                 ->  Materialize  (cost=0.00..114536.82 rows=5 width=4)
                                                                                                                       ->  Broadcast Motion 3:3  (slice57; segments: 3)  (cost=0.00..114536.75 rows=5 width=4)
                                                                                                                             ->  Append-only Columnar Scan on web_sales_1_prt_57  (cost=0.00..114536.75 rows=5 width=4)
                                                                                                     ->  Result  (cost=0.00..114581.12 rows=5 width=4)
                                                                                                           One-Time Filter: PartSelected
                                                                                                           ->  Result  (cost=0.00..114581.19 rows=5 width=4)
                                                                                                                 Filter: (c.c_customer_sk = web_sales_1_prt_58.ws_bill_customer_sk)
                                                                                                                 ->  Materialize  (cost=0.00..114581.19 rows=5 width=4)
                                                                                                                       ->  Broadcast Motion 3:3  (slice58; segments: 3)  (cost=0.00..114581.12 rows=5 width=4)
                                                                                                                             ->  Append-only Columnar Scan on web_sales_1_prt_58  (cost=0.00..114581.12 rows=5 width=4)
                                                                                                     ->  Result  (cost=0.00..114528.00 rows=5 width=4)
                                                                                                           One-Time Filter: PartSelected
                                                                                                           ->  Result  (cost=0.00..114528.06 rows=5 width=4)
                                                                                                                 Filter: (c.c_customer_sk = web_sales_1_prt_59.ws_bill_customer_sk)
                                                                                                                 ->  Materialize  (cost=0.00..114528.06 rows=5 width=4)
                                                                                                                       ->  Broadcast Motion 3:3  (slice59; segments: 3)  (cost=0.00..114528.00 rows=5 width=4)
                                                                                                                             ->  Append-only Columnar Scan on web_sales_1_prt_59  (cost=0.00..114528.00 rows=5 width=4)
                                                                                                     ->  Result  (cost=0.00..114847.88 rows=5 width=4)
                                                                                                           One-Time Filter: PartSelected
                                                                                                           ->  Result  (cost=0.00..114847.94 rows=5 width=4)
                                                                                                                 Filter: (c.c_customer_sk = web_sales_1_prt_60.ws_bill_customer_sk)
                                                                                                                 ->  Materialize  (cost=0.00..114847.94 rows=5 width=4)
                                                                                                                       ->  Broadcast Motion 3:3  (slice60; segments: 3)  (cost=0.00..114847.88 rows=5 width=4)
                                                                                                                             ->  Append-only Columnar Scan on web_sales_1_prt_60  (cost=0.00..114847.88 rows=5 width=4)
                                                                                                     ->  Result  (cost=0.00..140688.25 rows=5 width=4)
                                                                                                           One-Time Filter: PartSelected
                                                                                                           ->  Result  (cost=0.00..140688.32 rows=5 width=4)
                                                                                                                 Filter: (c.c_customer_sk = web_sales_1_prt_61.ws_bill_customer_sk)
                                                                                                                 ->  Materialize  (cost=0.00..140688.32 rows=5 width=4)
                                                                                                                       ->  Broadcast Motion 3:3  (slice61; segments: 3)  (cost=0.00..140688.25 rows=5 width=4)
                                                                                                                             ->  Append-only Columnar Scan on web_sales_1_prt_61  (cost=0.00..140688.25 rows=5 width=4)
                                                                                                     ->  Result  (cost=0.00..260655.25 rows=5 width=4)
                                                                                                           One-Time Filter: PartSelected
                                                                                                           ->  Result  (cost=0.00..260655.32 rows=5 width=4)
                                                                                                                 Filter: (c.c_customer_sk = web_sales_1_prt_62.ws_bill_customer_sk)
                                                                                                                 ->  Materialize  (cost=0.00..260655.32 rows=5 width=4)
                                                                                                                       ->  Broadcast Motion 3:3  (slice62; segments: 3)  (cost=0.00..260655.25 rows=5 width=4)
                                                                                                                             ->  Append-only Columnar Scan on web_sales_1_prt_62  (cost=0.00..260655.25 rows=5 width=4)
                                                                                                     ->  Result  (cost=0.00..260778.75 rows=5 width=4)
                                                                                                           One-Time Filter: PartSelected
                                                                                                           ->  Result  (cost=0.00..260778.82 rows=5 width=4)
                                                                                                                 Filter: (c.c_customer_sk = web_sales_1_prt_63.ws_bill_customer_sk)
                                                                                                                 ->  Materialize  (cost=0.00..260778.82 rows=5 width=4)
                                                                                                                       ->  Broadcast Motion 3:3  (slice63; segments: 3)  (cost=0.00..260778.75 rows=5 width=4)
                                                                                                                             ->  Append-only Columnar Scan on web_sales_1_prt_63  (cost=0.00..260778.75 rows=5 width=4)
                                                                                                     ->  Result  (cost=0.00..260810.75 rows=5 width=4)
                                                                                                           One-Time Filter: PartSelected
                                                                                                           ->  Result  (cost=0.00..260810.82 rows=5 width=4)
                                                                                                                 Filter: (c.c_customer_sk = web_sales_1_prt_64.ws_bill_customer_sk)
                                                                                                                 ->  Materialize  (cost=0.00..260810.82 rows=5 width=4)
                                                                                                                       ->  Broadcast Motion 3:3  (slice64; segments: 3)  (cost=0.00..260810.75 rows=5 width=4)
                                                                                                                             ->  Append-only Columnar Scan on web_sales_1_prt_64  (cost=0.00..260810.75 rows=5 width=4)
                                                                                                     ->  Result  (cost=0.00..381432.75 rows=6 width=4)
                                                                                                           One-Time Filter: PartSelected
                                                                                                           ->  Result  (cost=0.00..381432.83 rows=6 width=4)
                                                                                                                 Filter: (c.c_customer_sk = web_sales_1_prt_65.ws_bill_customer_sk)
                                                                                                                 ->  Materialize  (cost=0.00..381432.83 rows=6 width=4)
                                                                                                                       ->  Broadcast Motion 3:3  (slice65; segments: 3)  (cost=0.00..381432.75 rows=6 width=4)
                                                                                                                             ->  Append-only Columnar Scan on web_sales_1_prt_65  (cost=0.00..381432.75 rows=6 width=4)
                                                                                                     ->  Result  (cost=0.00..396084.25 rows=5 width=4)
                                                                                                           One-Time Filter: PartSelected
                                                                                                           ->  Result  (cost=0.00..396084.32 rows=5 width=4)
                                                                                                                 Filter: (c.c_customer_sk = web_sales_1_prt_66.ws_bill_customer_sk)
                                                                                                                 ->  Materialize  (cost=0.00..396084.32 rows=5 width=4)
                                                                                                                       ->  Broadcast Motion 3:3  (slice66; segments: 3)  (cost=0.00..396084.25 rows=5 width=4)
                                                                                                                             ->  Append-only Columnar Scan on web_sales_1_prt_66  (cost=0.00..396084.25 rows=5 width=4)
                                                                                                     ->  Result  (cost=0.00..112760.00 rows=5 width=4)
                                                                                                           One-Time Filter: PartSelected
                                                                                                           ->  Result  (cost=0.00..112760.07 rows=5 width=4)
                                                                                                                 Filter: (c.c_customer_sk = web_sales_1_prt_67.ws_bill_customer_sk)
                                                                                                                 ->  Materialize  (cost=0.00..112760.07 rows=5 width=4)
                                                                                                                       ->  Broadcast Motion 3:3  (slice67; segments: 3)  (cost=0.00..112760.00 rows=5 width=4)
                                                                                                                             ->  Append-only Columnar Scan on web_sales_1_prt_67  (cost=0.00..112760.00 rows=5 width=4)
                                                                                                     ->  Result  (cost=0.00..1.00 rows=1 width=4)
                                                                                                           One-Time Filter: PartSelected
                                                                                                           ->  Result  (cost=0.00..1.00 rows=1 width=4)
                                                                                                                 Filter: (c.c_customer_sk = web_sales_1_prt_68.ws_bill_customer_sk)
                                                                                                                 ->  Materialize  (cost=0.00..1.00 rows=1 width=4)
                                                                                                                       ->  Broadcast Motion 3:3  (slice68; segments: 3)  (cost=0.00..1.00 rows=1 width=4)
                                                                                                                             ->  Append-only Columnar Scan on web_sales_1_prt_68  (cost=0.00..1.00 rows=1 width=4)
                                                                                                     ->  Result  (cost=0.00..1.00 rows=1 width=4)
                                                                                                           One-Time Filter: PartSelected
                                                                                                           ->  Result  (cost=0.00..1.00 rows=1 width=4)
                                                                                                                 Filter: (c.c_customer_sk = web_sales_1_prt_69.ws_bill_customer_sk)
                                                                                                                 ->  Materialize  (cost=0.00..1.00 rows=1 width=4)
                                                                                                                       ->  Broadcast Motion 3:3  (slice69; segments: 3)  (cost=0.00..1.00 rows=1 width=4)
                                                                                                                             ->  Append-only Columnar Scan on web_sales_1_prt_69  (cost=0.00..1.00 rows=1 width=4)
                                                                                                     ->  Result  (cost=0.00..1.00 rows=1 width=4)
                                                                                                           One-Time Filter: PartSelected
                                                                                                           ->  Result  (cost=0.00..1.00 rows=1 width=4)
                                                                                                                 Filter: (c.c_customer_sk = web_sales_1_prt_70.ws_bill_customer_sk)
                                                                                                                 ->  Materialize  (cost=0.00..1.00 rows=1 width=4)
                                                                                                                       ->  Broadcast Motion 3:3  (slice70; segments: 3)  (cost=0.00..1.00 rows=1 width=4)
                                                                                                                             ->  Append-only Columnar Scan on web_sales_1_prt_70  (cost=0.00..1.00 rows=1 width=4)
                                                                                                     ->  Result  (cost=0.00..1.00 rows=1 width=4)
                                                                                                           One-Time Filter: PartSelected
                                                                                                           ->  Result  (cost=0.00..1.00 rows=1 width=4)
                                                                                                                 Filter: (c.c_customer_sk = web_sales_1_prt_71.ws_bill_customer_sk)
                                                                                                                 ->  Materialize  (cost=0.00..1.00 rows=1 width=4)
                                                                                                                       ->  Broadcast Motion 3:3  (slice71; segments: 3)  (cost=0.00..1.00 rows=1 width=4)
                                                                                                                             ->  Append-only Columnar Scan on web_sales_1_prt_71  (cost=0.00..1.00 rows=1 width=4)
                                                                                                     ->  Result  (cost=0.00..1.00 rows=1 width=4)
                                                                                                           One-Time Filter: PartSelected
                                                                                                           ->  Result  (cost=0.00..1.00 rows=1 width=4)
                                                                                                                 Filter: (c.c_customer_sk = web_sales_1_prt_72.ws_bill_customer_sk)
                                                                                                                 ->  Materialize  (cost=0.00..1.00 rows=1 width=4)
                                                                                                                       ->  Broadcast Motion 3:3  (slice72; segments: 3)  (cost=0.00..1.00 rows=1 width=4)
                                                                                                                             ->  Append-only Columnar Scan on web_sales_1_prt_72  (cost=0.00..1.00 rows=1 width=4)
                                                                                                     ->  Result  (cost=0.00..1.00 rows=1 width=4)
                                                                                                           One-Time Filter: PartSelected
                                                                                                           ->  Result  (cost=0.00..1.00 rows=1 width=4)
                                                                                                                 Filter: (c.c_customer_sk = web_sales_1_prt_73.ws_bill_customer_sk)
                                                                                                                 ->  Materialize  (cost=0.00..1.00 rows=1 width=4)
                                                                                                                       ->  Broadcast Motion 3:3  (slice73; segments: 3)  (cost=0.00..1.00 rows=1 width=4)
                                                                                                                             ->  Append-only Columnar Scan on web_sales_1_prt_73  (cost=0.00..1.00 rows=1 width=4)
                                                                                                     ->  Result  (cost=0.00..1.00 rows=1 width=4)
                                                                                                           One-Time Filter: PartSelected
                                                                                                           ->  Result  (cost=0.00..1.00 rows=1 width=4)
                                                                                                                 Filter: (c.c_customer_sk = web_sales_1_prt_74.ws_bill_customer_sk)
                                                                                                                 ->  Materialize  (cost=0.00..1.00 rows=1 width=4)
                                                                                                                       ->  Broadcast Motion 3:3  (slice74; segments: 3)  (cost=0.00..1.00 rows=1 width=4)
                                                                                                                             ->  Append-only Columnar Scan on web_sales_1_prt_74  (cost=0.00..1.00 rows=1 width=4)
                                                                                                     ->  Result  (cost=0.00..1.00 rows=1 width=4)
                                                                                                           One-Time Filter: PartSelected
                                                                                                           ->  Result  (cost=0.00..1.00 rows=1 width=4)
                                                                                                                 Filter: (c.c_customer_sk = web_sales_1_prt_75.ws_bill_customer_sk)
                                                                                                                 ->  Materialize  (cost=0.00..1.00 rows=1 width=4)
                                                                                                                       ->  Broadcast Motion 3:3  (slice75; segments: 3)  (cost=0.00..1.00 rows=1 width=4)
                                                                                                                             ->  Append-only Columnar Scan on web_sales_1_prt_75  (cost=0.00..1.00 rows=1 width=4)
                                                                                                     ->  Result  (cost=0.00..1.00 rows=1 width=4)
                                                                                                           One-Time Filter: PartSelected
                                                                                                           ->  Result  (cost=0.00..1.00 rows=1 width=4)
                                                                                                                 Filter: (c.c_customer_sk = web_sales_1_prt_76.ws_bill_customer_sk)
                                                                                                                 ->  Materialize  (cost=0.00..1.00 rows=1 width=4)
                                                                                                                       ->  Broadcast Motion 3:3  (slice76; segments: 3)  (cost=0.00..1.00 rows=1 width=4)
                                                                                                                             ->  Append-only Columnar Scan on web_sales_1_prt_76  (cost=0.00..1.00 rows=1 width=4)
                                                                                                     ->  Result  (cost=0.00..1.00 rows=1 width=4)
                                                                                                           One-Time Filter: PartSelected
                                                                                                           ->  Result  (cost=0.00..1.00 rows=1 width=4)
                                                                                                                 Filter: (c.c_customer_sk = web_sales_1_prt_77.ws_bill_customer_sk)
                                                                                                                 ->  Materialize  (cost=0.00..1.00 rows=1 width=4)
                                                                                                                       ->  Broadcast Motion 3:3  (slice77; segments: 3)  (cost=0.00..1.00 rows=1 width=4)
                                                                                                                             ->  Append-only Columnar Scan on web_sales_1_prt_77  (cost=0.00..1.00 rows=1 width=4)
                                                                                                     ->  Result  (cost=0.00..1.00 rows=1 width=4)
                                                                                                           One-Time Filter: PartSelected
                                                                                                           ->  Result  (cost=0.00..1.00 rows=1 width=4)
                                                                                                                 Filter: (c.c_customer_sk = web_sales_1_prt_78.ws_bill_customer_sk)
                                                                                                                 ->  Materialize  (cost=0.00..1.00 rows=1 width=4)
                                                                                                                       ->  Broadcast Motion 3:3  (slice78; segments: 3)  (cost=0.00..1.00 rows=1 width=4)
                                                                                                                             ->  Append-only Columnar Scan on web_sales_1_prt_78  (cost=0.00..1.00 rows=1 width=4)
                                                                                                     ->  Result  (cost=0.00..1.00 rows=1 width=4)
                                                                                                           One-Time Filter: PartSelected
                                                                                                           ->  Result  (cost=0.00..1.00 rows=1 width=4)
                                                                                                                 Filter: (c.c_customer_sk = web_sales_1_prt_79.ws_bill_customer_sk)
                                                                                                                 ->  Materialize  (cost=0.00..1.00 rows=1 width=4)
                                                                                                                       ->  Broadcast Motion 3:3  (slice79; segments: 3)  (cost=0.00..1.00 rows=1 width=4)
                                                                                                                             ->  Append-only Columnar Scan on web_sales_1_prt_79  (cost=0.00..1.00 rows=1 width=4)
                                                                                                     ->  Result  (cost=0.00..1.00 rows=1 width=4)
                                                                                                           One-Time Filter: PartSelected
                                                                                                           ->  Result  (cost=0.00..1.00 rows=1 width=4)
                                                                                                                 Filter: (c.c_customer_sk = web_sales_1_prt_80.ws_bill_customer_sk)
                                                                                                                 ->  Materialize  (cost=0.00..1.00 rows=1 width=4)
                                                                                                                       ->  Broadcast Motion 3:3  (slice80; segments: 3)  (cost=0.00..1.00 rows=1 width=4)
                                                                                                                             ->  Append-only Columnar Scan on web_sales_1_prt_80  (cost=0.00..1.00 rows=1 width=4)
                                                                                               ->  Hash  (cost=1642.77..1642.77 rows=211 width=4)
                                                                                                     ->  Partition Selector for web_sales (dynamic scan id: 1)  (cost=0.00..1642.77 rows=211 width=4)
                                                                                                           Filter: date_dim_1.d_date_sk
                                                                                                           ->  Result  (cost=0.00..1635.41 rows=71 width=4)
                                                                                                                 ->  Materialize  (cost=0.00..1635.41 rows=71 width=4)
                                                                                                                       ->  Broadcast Motion 3:3  (slice81; segments: 3)  (cost=0.00..1634.36 rows=71 width=4)
                                                                                                                             ->  Seq Scan on date_dim date_dim_1  (cost=0.00..1634.36 rows=71 width=4)
                                                                                                                                   Filter: ((d_moy >= 4) AND (d_moy <= 7) AND (d_year = 2002))
                                                                                       SubPlan 2  (slice167; segments: 3)
                                                                                         ->  Materialize  (cost=1650.66..15668795.80 rows=690969 width=4)
                                                                                               ->  Broadcast Motion 3:3  (slice83; segments: 3)  (cost=1650.66..15658431.28 rows=690969 width=4)
                                                                                                     ->  Hash Join  (cost=1650.66..15658431.28 rows=690969 width=4)
                                                                                                           Hash Cond: (web_sales_1_prt_outliers_1.ws_sold_date_sk = date_dim_2.d_date_sk)
                                                                                                           ->  Append  (cost=0.00..11136051.31 rows=240000015 width=8)
                                                                                                                 ->  Result  (cost=0.00..2391.21 rows=59974 width=8)
                                                                                                                       One-Time Filter: PartSelected
                                                                                                                       ->  Append-only Columnar Scan on web_sales_1_prt_outliers web_sales_1_prt_outliers_1  (cost=0.00..2391.21 rows=59974 width=8)
                                                                                                                 ->  Result  (cost=0.00..94902.80 rows=2044794 width=8)
                                                                                                                       One-Time Filter: PartSelected
                                                                                                                       ->  Append-only Columnar Scan on web_sales_1_prt_2 web_sales_1_prt_2_1  (cost=0.00..94902.80 rows=2044794 width=8)
                                                                                                                 ->  Result  (cost=0.00..98794.40 rows=2129180 width=8)
                                                                                                                       One-Time Filter: PartSelected
                                                                                                                       ->  Append-only Columnar Scan on web_sales_1_prt_3 web_sales_1_prt_3_1  (cost=0.00..98794.40 rows=2129180 width=8)
                                                                                                                 ->  Result  (cost=0.00..95176.20 rows=2051340 width=8)
                                                                                                                       One-Time Filter: PartSelected
                                                                                                                       ->  Append-only Columnar Scan on web_sales_1_prt_4 web_sales_1_prt_4_1  (cost=0.00..95176.20 rows=2051340 width=8)
                                                                                                                 ->  Result  (cost=0.00..98886.20 rows=2130874 width=8)
                                                                                                                       One-Time Filter: PartSelected
                                                                                                                       ->  Append-only Columnar Scan on web_sales_1_prt_5 web_sales_1_prt_5_1  (cost=0.00..98886.20 rows=2130874 width=8)
                                                                                                                 ->  Result  (cost=0.00..98686.80 rows=2126394 width=8)
                                                                                                                       One-Time Filter: PartSelected
                                                                                                                       ->  Append-only Columnar Scan on web_sales_1_prt_6 web_sales_1_prt_6_1  (cost=0.00..98686.80 rows=2126394 width=8)
                                                                                                                 ->  Result  (cost=0.00..98900.30 rows=2131144 width=8)
                                                                                                                       One-Time Filter: PartSelected
                                                                                                                       ->  Append-only Columnar Scan on web_sales_1_prt_7 web_sales_1_prt_7_1  (cost=0.00..98900.30 rows=2131144 width=8)
                                                                                                                 ->  Result  (cost=0.00..98568.30 rows=2124144 width=8)
                                                                                                                       One-Time Filter: PartSelected
                                                                                                                       ->  Append-only Columnar Scan on web_sales_1_prt_8 web_sales_1_prt_8_1  (cost=0.00..98568.30 rows=2124144 width=8)
                                                                                                                 ->  Result  (cost=0.00..143675.40 rows=3096280 width=8)
                                                                                                                       One-Time Filter: PartSelected
                                                                                                                       ->  Append-only Columnar Scan on web_sales_1_prt_9 web_sales_1_prt_9_1  (cost=0.00..143675.40 rows=3096280 width=8)
                                                                                                                 ->  Result  (cost=0.00..224454.00 rows=4837567 width=8)
                                                                                                                       One-Time Filter: PartSelected
                                                                                                                       ->  Append-only Columnar Scan on web_sales_1_prt_10 web_sales_1_prt_10_1  (cost=0.00..224454.00 rows=4837567 width=8)
                                                                                                                 ->  Result  (cost=0.00..224538.00 rows=4838600 width=8)
                                                                                                                       One-Time Filter: PartSelected
                                                                                                                       ->  Append-only Columnar Scan on web_sales_1_prt_11 web_sales_1_prt_11_1  (cost=0.00..224538.00 rows=4838600 width=8)
                                                                                                                 ->  Result  (cost=0.00..232917.00 rows=5019700 width=8)
                                                                                                                       One-Time Filter: PartSelected
                                                                                                                       ->  Append-only Columnar Scan on web_sales_1_prt_12 web_sales_1_prt_12_1  (cost=0.00..232917.00 rows=5019700 width=8)
                                                                                                                 ->  Result  (cost=0.00..340347.00 rows=7335234 width=8)
                                                                                                                       One-Time Filter: PartSelected
                                                                                                                       ->  Append-only Columnar Scan on web_sales_1_prt_13 web_sales_1_prt_13_1  (cost=0.00..340347.00 rows=7335234 width=8)
                                                                                                                 ->  Result  (cost=0.00..339963.00 rows=7326700 width=8)
                                                                                                                       One-Time Filter: PartSelected
                                                                                                                       ->  Append-only Columnar Scan on web_sales_1_prt_14 web_sales_1_prt_14_1  (cost=0.00..339963.00 rows=7326700 width=8)
                                                                                                                 ->  Result  (cost=0.00..128058.80 rows=2759894 width=8)
                                                                                                                       One-Time Filter: PartSelected
                                                                                                                       ->  Append-only Columnar Scan on web_sales_1_prt_15 web_sales_1_prt_15_1  (cost=0.00..128058.80 rows=2759894 width=8)
                                                                                                                 ->  Result  (cost=0.00..98762.90 rows=2127930 width=8)
                                                                                                                       One-Time Filter: PartSelected
                                                                                                                       ->  Append-only Columnar Scan on web_sales_1_prt_16 web_sales_1_prt_16_1  (cost=0.00..98762.90 rows=2127930 width=8)
                                                                                                                 ->  Result  (cost=0.00..95130.30 rows=2049977 width=8)
                                                                                                                       One-Time Filter: PartSelected
                                                                                                                       ->  Append-only Columnar Scan on web_sales_1_prt_17 web_sales_1_prt_17_1  (cost=0.00..95130.30 rows=2049977 width=8)
                                                                                                                 ->  Result  (cost=0.00..98536.30 rows=2123477 width=8)
                                                                                                                       One-Time Filter: PartSelected
                                                                                                                       ->  Append-only Columnar Scan on web_sales_1_prt_18 web_sales_1_prt_18_1  (cost=0.00..98536.30 rows=2123477 width=8)
                                                                                                                 ->  Result  (cost=0.00..98763.80 rows=2128160 width=8)
                                                                                                                       One-Time Filter: PartSelected
                                                                                                                       ->  Append-only Columnar Scan on web_sales_1_prt_19 web_sales_1_prt_19_1  (cost=0.00..98763.80 rows=2128160 width=8)
                                                                                                                 ->  Result  (cost=0.00..98632.00 rows=2125534 width=8)
                                                                                                                       One-Time Filter: PartSelected
                                                                                                                       ->  Append-only Columnar Scan on web_sales_1_prt_20 web_sales_1_prt_20_1  (cost=0.00..98632.00 rows=2125534 width=8)
                                                                                                                 ->  Result  (cost=0.00..98600.90 rows=2124597 width=8)
                                                                                                                       One-Time Filter: PartSelected
                                                                                                                       ->  Append-only Columnar Scan on web_sales_1_prt_21 web_sales_1_prt_21_1  (cost=0.00..98600.90 rows=2124597 width=8)
                                                                                                                 ->  Result  (cost=0.00..139196.60 rows=2999954 width=8)
                                                                                                                       One-Time Filter: PartSelected
                                                                                                                       ->  Append-only Columnar Scan on web_sales_1_prt_22 web_sales_1_prt_22_1  (cost=0.00..139196.60 rows=2999954 width=8)
                                                                                                                 ->  Result  (cost=0.00..224702.00 rows=4842300 width=8)
                                                                                                                       One-Time Filter: PartSelected
                                                                                                                       ->  Append-only Columnar Scan on web_sales_1_prt_23 web_sales_1_prt_23_1  (cost=0.00..224702.00 rows=4842300 width=8)
                                                                                                                 ->  Result  (cost=0.00..224404.00 rows=4836067 width=8)
                                                                                                                       One-Time Filter: PartSelected
                                                                                                                       ->  Append-only Columnar Scan on web_sales_1_prt_24 web_sales_1_prt_24_1  (cost=0.00..224404.00 rows=4836067 width=8)
                                                                                                                 ->  Result  (cost=0.00..228579.00 rows=4926567 width=8)
                                                                                                                       One-Time Filter: PartSelected
                                                                                                                       ->  Append-only Columnar Scan on web_sales_1_prt_25 web_sales_1_prt_25_1  (cost=0.00..228579.00 rows=4926567 width=8)
                                                                                                                 ->  Result  (cost=0.00..340407.00 rows=7336234 width=8)
                                                                                                                       One-Time Filter: PartSelected
                                                                                                                       ->  Append-only Columnar Scan on web_sales_1_prt_26 web_sales_1_prt_26_1  (cost=0.00..340407.00 rows=7336234 width=8)
                                                                                                                 ->  Result  (cost=0.00..339824.00 rows=7323934 width=8)
                                                                                                                       One-Time Filter: PartSelected
                                                                                                                       ->  Append-only Columnar Scan on web_sales_1_prt_27 web_sales_1_prt_27_1  (cost=0.00..339824.00 rows=7323934 width=8)
                                                                                                                 ->  Result  (cost=0.00..136669.10 rows=2945270 width=8)
                                                                                                                       One-Time Filter: PartSelected
                                                                                                                       ->  Append-only Columnar Scan on web_sales_1_prt_28 web_sales_1_prt_28_1  (cost=0.00..136669.10 rows=2945270 width=8)
                                                                                                                 ->  Result  (cost=0.00..98265.40 rows=2117680 width=8)
                                                                                                                       One-Time Filter: PartSelected
                                                                                                                       ->  Append-only Columnar Scan on web_sales_1_prt_29 web_sales_1_prt_29_1  (cost=0.00..98265.40 rows=2117680 width=8)
                                                                                                                 ->  Result  (cost=0.00..98510.80 rows=2122894 width=8)
                                                                                                                       One-Time Filter: PartSelected
                                                                                                                       ->  Append-only Columnar Scan on web_sales_1_prt_30 web_sales_1_prt_30_1  (cost=0.00..98510.80 rows=2122894 width=8)
                                                                                                                 ->  Result  (cost=0.00..98626.80 rows=2125460 width=8)
                                                                                                                       One-Time Filter: PartSelected
                                                                                                                       ->  Append-only Columnar Scan on web_sales_1_prt_31 web_sales_1_prt_31_1  (cost=0.00..98626.80 rows=2125460 width=8)
                                                                                                                 ->  Result  (cost=0.00..98594.80 rows=2124860 width=8)
                                                                                                                       One-Time Filter: PartSelected
                                                                                                                       ->  Append-only Columnar Scan on web_sales_1_prt_32 web_sales_1_prt_32_1  (cost=0.00..98594.80 rows=2124860 width=8)
                                                                                                                 ->  Result  (cost=0.00..98426.60 rows=2121220 width=8)
                                                                                                                       One-Time Filter: PartSelected
                                                                                                                       ->  Append-only Columnar Scan on web_sales_1_prt_33 web_sales_1_prt_33_1  (cost=0.00..98426.60 rows=2121220 width=8)
                                                                                                                 ->  Result  (cost=0.00..98533.60 rows=2123320 width=8)
                                                                                                                       One-Time Filter: PartSelected
                                                                                                                       ->  Append-only Columnar Scan on web_sales_1_prt_34 web_sales_1_prt_34_1  (cost=0.00..98533.60 rows=2123320 width=8)
                                                                                                                 ->  Result  (cost=0.00..134141.00 rows=2890900 width=8)
                                                                                                                       One-Time Filter: PartSelected
                                                                                                                       ->  Append-only Columnar Scan on web_sales_1_prt_35 web_sales_1_prt_35_1  (cost=0.00..134141.00 rows=2890900 width=8)
                                                                                                                 ->  Result  (cost=0.00..224203.00 rows=4832167 width=8)
                                                                                                                       One-Time Filter: PartSelected
                                                                                                                       ->  Append-only Columnar Scan on web_sales_1_prt_36 web_sales_1_prt_36_1  (cost=0.00..224203.00 rows=4832167 width=8)
                                                                                                                 ->  Result  (cost=0.00..224486.00 rows=4838100 width=8)
                                                                                                                       One-Time Filter: PartSelected
                                                                                                                       ->  Append-only Columnar Scan on web_sales_1_prt_37 web_sales_1_prt_37_1  (cost=0.00..224486.00 rows=4838100 width=8)
                                                                                                                 ->  Result  (cost=0.00..224574.00 rows=4840000 width=8)
                                                                                                                       One-Time Filter: PartSelected
                                                                                                                       ->  Append-only Columnar Scan on web_sales_1_prt_38 web_sales_1_prt_38_1  (cost=0.00..224574.00 rows=4840000 width=8)
                                                                                                                 ->  Result  (cost=0.00..339843.00 rows=7323734 width=8)
                                                                                                                       One-Time Filter: PartSelected
                                                                                                                       ->  Append-only Columnar Scan on web_sales_1_prt_39 web_sales_1_prt_39_1  (cost=0.00..339843.00 rows=7323734 width=8)
                                                                                                                 ->  Result  (cost=0.00..339993.00 rows=7327400 width=8)
                                                                                                                       One-Time Filter: PartSelected
                                                                                                                       ->  Append-only Columnar Scan on web_sales_1_prt_40 web_sales_1_prt_40_1  (cost=0.00..339993.00 rows=7327400 width=8)
                                                                                                                 ->  Result  (cost=0.00..141767.90 rows=3054930 width=8)
                                                                                                                       One-Time Filter: PartSelected
                                                                                                                       ->  Append-only Columnar Scan on web_sales_1_prt_41 web_sales_1_prt_41_1  (cost=0.00..141767.90 rows=3054930 width=8)
                                                                                                                 ->  Result  (cost=0.00..98461.00 rows=2121867 width=8)
                                                                                                                       One-Time Filter: PartSelected
                                                                                                                       ->  Append-only Columnar Scan on web_sales_1_prt_42 web_sales_1_prt_42_1  (cost=0.00..98461.00 rows=2121867 width=8)
                                                                                                                 ->  Result  (cost=0.00..95277.50 rows=2053050 width=8)
                                                                                                                       One-Time Filter: PartSelected
                                                                                                                       ->  Append-only Columnar Scan on web_sales_1_prt_43 web_sales_1_prt_43_1  (cost=0.00..95277.50 rows=2053050 width=8)
                                                                                                                 ->  Result  (cost=0.00..98854.40 rows=2130480 width=8)
                                                                                                                       One-Time Filter: PartSelected
                                                                                                                       ->  Append-only Columnar Scan on web_sales_1_prt_44 web_sales_1_prt_44_1  (cost=0.00..98854.40 rows=2130480 width=8)
                                                                                                                 ->  Result  (cost=0.00..98738.70 rows=2127790 width=8)
                                                                                                                       One-Time Filter: PartSelected
                                                                                                                       ->  Append-only Columnar Scan on web_sales_1_prt_45 web_sales_1_prt_45_1  (cost=0.00..98738.70 rows=2127790 width=8)
                                                                                                                 ->  Result  (cost=0.00..98685.60 rows=2126654 width=8)
                                                                                                                       One-Time Filter: PartSelected
                                                                                                                       ->  Append-only Columnar Scan on web_sales_1_prt_46 web_sales_1_prt_46_1  (cost=0.00..98685.60 rows=2126654 width=8)
                                                                                                                 ->  Result  (cost=0.00..98998.50 rows=2133217 width=8)
                                                                                                                       One-Time Filter: PartSelected
                                                                                                                       ->  Append-only Columnar Scan on web_sales_1_prt_47 web_sales_1_prt_47_1  (cost=0.00..98998.50 rows=2133217 width=8)
                                                                                                                 ->  Result  (cost=0.00..125716.80 rows=2709260 width=8)
                                                                                                                       One-Time Filter: PartSelected
                                                                                                                       ->  Append-only Columnar Scan on web_sales_1_prt_48 web_sales_1_prt_48_1  (cost=0.00..125716.80 rows=2709260 width=8)
                                                                                                                 ->  Result  (cost=0.00..224729.00 rows=4843367 width=8)
                                                                                                                       One-Time Filter: PartSelected
                                                                                                                       ->  Append-only Columnar Scan on web_sales_1_prt_49 web_sales_1_prt_49_1  (cost=0.00..224729.00 rows=4843367 width=8)
                                                                                                                 ->  Result  (cost=0.00..224641.00 rows=4841034 width=8)
                                                                                                                       One-Time Filter: PartSelected
                                                                                                                       ->  Append-only Columnar Scan on web_sales_1_prt_50 web_sales_1_prt_50_1  (cost=0.00..224641.00 rows=4841034 width=8)
                                                                                                                 ->  Result  (cost=0.00..224630.00 rows=4841267 width=8)
                                                                                                                       One-Time Filter: PartSelected
                                                                                                                       ->  Append-only Columnar Scan on web_sales_1_prt_51 web_sales_1_prt_51_1  (cost=0.00..224630.00 rows=4841267 width=8)
                                                                                                                 ->  Result  (cost=0.00..332139.00 rows=7158600 width=8)
                                                                                                                       One-Time Filter: PartSelected
                                                                                                                       ->  Append-only Columnar Scan on web_sales_1_prt_52 web_sales_1_prt_52_1  (cost=0.00..332139.00 rows=7158600 width=8)
                                                                                                                 ->  Result  (cost=0.00..340420.00 rows=7336634 width=8)
                                                                                                                       One-Time Filter: PartSelected
                                                                                                                       ->  Append-only Columnar Scan on web_sales_1_prt_53 web_sales_1_prt_53_1  (cost=0.00..340420.00 rows=7336634 width=8)
                                                                                                                 ->  Result  (cost=0.00..162712.00 rows=3506534 width=8)
                                                                                                                       One-Time Filter: PartSelected
                                                                                                                       ->  Append-only Columnar Scan on web_sales_1_prt_54 web_sales_1_prt_54_1  (cost=0.00..162712.00 rows=3506534 width=8)
                                                                                                                 ->  Result  (cost=0.00..98867.20 rows=2130440 width=8)
                                                                                                                       One-Time Filter: PartSelected
                                                                                                                       ->  Append-only Columnar Scan on web_sales_1_prt_55 web_sales_1_prt_55_1  (cost=0.00..98867.20 rows=2130440 width=8)
                                                                                                                 ->  Result  (cost=0.00..95121.00 rows=2049967 width=8)
                                                                                                                       One-Time Filter: PartSelected
                                                                                                                       ->  Append-only Columnar Scan on web_sales_1_prt_56 web_sales_1_prt_56_1  (cost=0.00..95121.00 rows=2049967 width=8)
                                                                                                                 ->  Result  (cost=0.00..98600.60 rows=2124820 width=8)
                                                                                                                       One-Time Filter: PartSelected
                                                                                                                       ->  Append-only Columnar Scan on web_sales_1_prt_57 web_sales_1_prt_57_1  (cost=0.00..98600.60 rows=2124820 width=8)
                                                                                                                 ->  Result  (cost=0.00..98639.10 rows=2125604 width=8)
                                                                                                                       One-Time Filter: PartSelected
                                                                                                                       ->  Append-only Columnar Scan on web_sales_1_prt_58 web_sales_1_prt_58_1  (cost=0.00..98639.10 rows=2125604 width=8)
                                                                                                                 ->  Result  (cost=0.00..98591.40 rows=2124880 width=8)
                                                                                                                       One-Time Filter: PartSelected
                                                                                                                       ->  Append-only Columnar Scan on web_sales_1_prt_59 web_sales_1_prt_59_1  (cost=0.00..98591.40 rows=2124880 width=8)
                                                                                                                 ->  Result  (cost=0.00..98868.30 rows=2130610 width=8)
                                                                                                                       One-Time Filter: PartSelected
                                                                                                                       ->  Append-only Columnar Scan on web_sales_1_prt_60 web_sales_1_prt_60_1  (cost=0.00..98868.30 rows=2130610 width=8)
                                                                                                                 ->  Result  (cost=0.00..121113.60 rows=2609954 width=8)
                                                                                                                       One-Time Filter: PartSelected
                                                                                                                       ->  Append-only Columnar Scan on web_sales_1_prt_61 web_sales_1_prt_61_1  (cost=0.00..121113.60 rows=2609954 width=8)
                                                                                                                 ->  Result  (cost=0.00..224388.00 rows=4835634 width=8)
                                                                                                                       One-Time Filter: PartSelected
                                                                                                                       ->  Append-only Columnar Scan on web_sales_1_prt_62 web_sales_1_prt_62_1  (cost=0.00..224388.00 rows=4835634 width=8)
                                                                                                                 ->  Result  (cost=0.00..224495.00 rows=4837834 width=8)
                                                                                                                       One-Time Filter: PartSelected
                                                                                                                       ->  Append-only Columnar Scan on web_sales_1_prt_63 web_sales_1_prt_63_1  (cost=0.00..224495.00 rows=4837834 width=8)
                                                                                                                 ->  Result  (cost=0.00..224520.00 rows=4838767 width=8)
                                                                                                                       One-Time Filter: PartSelected
                                                                                                                       ->  Append-only Columnar Scan on web_sales_1_prt_64 web_sales_1_prt_64_1  (cost=0.00..224520.00 rows=4838767 width=8)
                                                                                                                 ->  Result  (cost=0.00..328357.00 rows=7076767 width=8)
                                                                                                                       One-Time Filter: PartSelected
                                                                                                                       ->  Append-only Columnar Scan on web_sales_1_prt_65 web_sales_1_prt_65_1  (cost=0.00..328357.00 rows=7076767 width=8)
                                                                                                                 ->  Result  (cost=0.00..340970.00 rows=7348567 width=8)
                                                                                                                       One-Time Filter: PartSelected
                                                                                                                       ->  Append-only Columnar Scan on web_sales_1_prt_66 web_sales_1_prt_66_1  (cost=0.00..340970.00 rows=7348567 width=8)
                                                                                                                 ->  Result  (cost=0.00..97070.40 rows=2091947 width=8)
                                                                                                                       One-Time Filter: PartSelected
                                                                                                                       ->  Append-only Columnar Scan on web_sales_1_prt_67 web_sales_1_prt_67_1  (cost=0.00..97070.40 rows=2091947 width=8)
                                                                                                                 ->  Result  (cost=0.00..1.00 rows=1 width=8)
                                                                                                                       One-Time Filter: PartSelected
                                                                                                                       ->  Append-only Columnar Scan on web_sales_1_prt_68 web_sales_1_prt_68_1  (cost=0.00..1.00 rows=1 width=8)
                                                                                                                 ->  Result  (cost=0.00..1.00 rows=1 width=8)
                                                                                                                       One-Time Filter: PartSelected
                                                                                                                       ->  Append-only Columnar Scan on web_sales_1_prt_69 web_sales_1_prt_69_1  (cost=0.00..1.00 rows=1 width=8)
                                                                                                                 ->  Result  (cost=0.00..1.00 rows=1 width=8)
                                                                                                                       One-Time Filter: PartSelected
                                                                                                                       ->  Append-only Columnar Scan on web_sales_1_prt_70 web_sales_1_prt_70_1  (cost=0.00..1.00 rows=1 width=8)
                                                                                                                 ->  Result  (cost=0.00..1.00 rows=1 width=8)
                                                                                                                       One-Time Filter: PartSelected
                                                                                                                       ->  Append-only Columnar Scan on web_sales_1_prt_71 web_sales_1_prt_71_1  (cost=0.00..1.00 rows=1 width=8)
                                                                                                                 ->  Result  (cost=0.00..1.00 rows=1 width=8)
                                                                                                                       One-Time Filter: PartSelected
                                                                                                                       ->  Append-only Columnar Scan on web_sales_1_prt_72 web_sales_1_prt_72_1  (cost=0.00..1.00 rows=1 width=8)
                                                                                                                 ->  Result  (cost=0.00..1.00 rows=1 width=8)
                                                                                                                       One-Time Filter: PartSelected
                                                                                                                       ->  Append-only Columnar Scan on web_sales_1_prt_73 web_sales_1_prt_73_1  (cost=0.00..1.00 rows=1 width=8)
                                                                                                                 ->  Result  (cost=0.00..1.00 rows=1 width=8)
                                                                                                                       One-Time Filter: PartSelected
                                                                                                                       ->  Append-only Columnar Scan on web_sales_1_prt_74 web_sales_1_prt_74_1  (cost=0.00..1.00 rows=1 width=8)
                                                                                                                 ->  Result  (cost=0.00..1.00 rows=1 width=8)
                                                                                                                       One-Time Filter: PartSelected
                                                                                                                       ->  Append-only Columnar Scan on web_sales_1_prt_75 web_sales_1_prt_75_1  (cost=0.00..1.00 rows=1 width=8)
                                                                                                                 ->  Result  (cost=0.00..1.00 rows=1 width=8)
                                                                                                                       One-Time Filter: PartSelected
                                                                                                                       ->  Append-only Columnar Scan on web_sales_1_prt_76 web_sales_1_prt_76_1  (cost=0.00..1.00 rows=1 width=8)
                                                                                                                 ->  Result  (cost=0.00..1.00 rows=1 width=8)
                                                                                                                       One-Time Filter: PartSelected
                                                                                                                       ->  Append-only Columnar Scan on web_sales_1_prt_77 web_sales_1_prt_77_1  (cost=0.00..1.00 rows=1 width=8)
                                                                                                                 ->  Result  (cost=0.00..1.00 rows=1 width=8)
                                                                                                                       One-Time Filter: PartSelected
                                                                                                                       ->  Append-only Columnar Scan on web_sales_1_prt_78 web_sales_1_prt_78_1  (cost=0.00..1.00 rows=1 width=8)
                                                                                                                 ->  Result  (cost=0.00..1.00 rows=1 width=8)
                                                                                                                       One-Time Filter: PartSelected
                                                                                                                       ->  Append-only Columnar Scan on web_sales_1_prt_79 web_sales_1_prt_79_1  (cost=0.00..1.00 rows=1 width=8)
                                                                                                                 ->  Result  (cost=0.00..1.00 rows=1 width=8)
                                                                                                                       One-Time Filter: PartSelected
                                                                                                                       ->  Append-only Columnar Scan on web_sales_1_prt_80 web_sales_1_prt_80_1  (cost=0.00..1.00 rows=1 width=8)
                                                                                                           ->  Hash  (cost=1642.77..1642.77 rows=211 width=4)
                                                                                                                 ->  Partition Selector for web_sales (dynamic scan id: 1)  (cost=0.00..1642.77 rows=211 width=4)
                                                                                                                       Filter: date_dim_2.d_date_sk
                                                                                                                       ->  Broadcast Motion 3:3  (slice82; segments: 3)  (cost=0.00..1642.77 rows=211 width=4)
                                                                                                                             ->  Seq Scan on date_dim date_dim_2  (cost=0.00..1634.36 rows=71 width=4)
                                                                                                                                   Filter: ((d_moy >= 4) AND (d_moy <= 7) AND (d_year = 2002))
                                                                                       SubPlan 3  (slice167; segments: 3)
                                                                                         ->  Hash Join  (cost=1650.66..26087020.60 rows=4 width=0)
                                                                                               Hash Cond: (catalog_sales_1_prt_outliers.cs_sold_date_sk = date_dim_3.d_date_sk)
                                                                                               ->  Append  (cost=0.00..26085363.38 rows=345 width=4)
                                                                                                     ->  Result  (cost=0.00..113979.62 rows=41 width=4)
                                                                                                           One-Time Filter: PartSelected
                                                                                                           ->  Result  (cost=0.00..113980.23 rows=41 width=4)
                                                                                                                 Filter: (c.c_customer_sk = catalog_sales_1_prt_outliers.cs_ship_customer_sk)
                                                                                                                 ->  Materialize  (cost=0.00..113980.23 rows=41 width=4)
                                                                                                                       ->  Broadcast Motion 3:3  (slice84; segments: 3)  (cost=0.00..113979.62 rows=41 width=4)
                                                                                                                             ->  Append-only Columnar Scan on catalog_sales_1_prt_outliers  (cost=0.00..113979.62 rows=41 width=4)
                                                                                                     ->  Result  (cost=0.00..230291.50 rows=5 width=4)
                                                                                                           One-Time Filter: PartSelected
                                                                                                           ->  Result  (cost=0.00..230291.56 rows=5 width=4)
                                                                                                                 Filter: (c.c_customer_sk = catalog_sales_1_prt_2.cs_ship_customer_sk)
                                                                                                                 ->  Materialize  (cost=0.00..230291.56 rows=5 width=4)
                                                                                                                       ->  Broadcast Motion 3:3  (slice85; segments: 3)  (cost=0.00..230291.50 rows=5 width=4)
                                                                                                                             ->  Append-only Columnar Scan on catalog_sales_1_prt_2  (cost=0.00..230291.50 rows=5 width=4)
                                                                                                     ->  Result  (cost=0.00..230220.75 rows=5 width=4)
                                                                                                           One-Time Filter: PartSelected
                                                                                                           ->  Result  (cost=0.00..230220.81 rows=5 width=4)
                                                                                                                 Filter: (c.c_customer_sk = catalog_sales_1_prt_3.cs_ship_customer_sk)
                                                                                                                 ->  Materialize  (cost=0.00..230220.81 rows=5 width=4)
                                                                                                                       ->  Broadcast Motion 3:3  (slice86; segments: 3)  (cost=0.00..230220.75 rows=5 width=4)
                                                                                                                             ->  Append-only Columnar Scan on catalog_sales_1_prt_3  (cost=0.00..230220.75 rows=5 width=4)
                                                                                                     ->  Result  (cost=0.00..222092.50 rows=5 width=4)
                                                                                                           One-Time Filter: PartSelected
                                                                                                           ->  Result  (cost=0.00..222092.56 rows=5 width=4)
                                                                                                                 Filter: (c.c_customer_sk = catalog_sales_1_prt_4.cs_ship_customer_sk)
                                                                                                                 ->  Materialize  (cost=0.00..222092.56 rows=5 width=4)
                                                                                                                       ->  Broadcast Motion 3:3  (slice87; segments: 3)  (cost=0.00..222092.50 rows=5 width=4)
                                                                                                                             ->  Append-only Columnar Scan on catalog_sales_1_prt_4  (cost=0.00..222092.50 rows=5 width=4)
                                                                                                     ->  Result  (cost=0.00..230058.25 rows=4 width=4)
                                                                                                           One-Time Filter: PartSelected
                                                                                                           ->  Result  (cost=0.00..230058.30 rows=4 width=4)
                                                                                                                 Filter: (c.c_customer_sk = catalog_sales_1_prt_5.cs_ship_customer_sk)
                                                                                                                 ->  Materialize  (cost=0.00..230058.30 rows=4 width=4)
                                                                                                                       ->  Broadcast Motion 3:3  (slice88; segments: 3)  (cost=0.00..230058.25 rows=4 width=4)
                                                                                                                             ->  Append-only Columnar Scan on catalog_sales_1_prt_5  (cost=0.00..230058.25 rows=4 width=4)
                                                                                                     ->  Result  (cost=0.00..230250.75 rows=4 width=4)
                                                                                                           One-Time Filter: PartSelected
                                                                                                           ->  Result  (cost=0.00..230250.81 rows=4 width=4)
                                                                                                                 Filter: (c.c_customer_sk = catalog_sales_1_prt_6.cs_ship_customer_sk)
                                                                                                                 ->  Materialize  (cost=0.00..230250.81 rows=4 width=4)
                                                                                                                       ->  Broadcast Motion 3:3  (slice89; segments: 3)  (cost=0.00..230250.75 rows=4 width=4)
                                                                                                                             ->  Append-only Columnar Scan on catalog_sales_1_prt_6  (cost=0.00..230250.75 rows=4 width=4)
                                                                                                     ->  Result  (cost=0.00..230248.75 rows=5 width=4)
                                                                                                           One-Time Filter: PartSelected
                                                                                                           ->  Result  (cost=0.00..230248.82 rows=5 width=4)
                                                                                                                 Filter: (c.c_customer_sk = catalog_sales_1_prt_7.cs_ship_customer_sk)
                                                                                                                 ->  Materialize  (cost=0.00..230248.82 rows=5 width=4)
                                                                                                                       ->  Broadcast Motion 3:3  (slice90; segments: 3)  (cost=0.00..230248.75 rows=5 width=4)
                                                                                                                             ->  Append-only Columnar Scan on catalog_sales_1_prt_7  (cost=0.00..230248.75 rows=5 width=4)
                                                                                                     ->  Result  (cost=0.00..230343.50 rows=5 width=4)
                                                                                                           One-Time Filter: PartSelected
                                                                                                           ->  Result  (cost=0.00..230343.56 rows=5 width=4)
                                                                                                                 Filter: (c.c_customer_sk = catalog_sales_1_prt_8.cs_ship_customer_sk)
                                                                                                                 ->  Materialize  (cost=0.00..230343.56 rows=5 width=4)
                                                                                                                       ->  Broadcast Motion 3:3  (slice91; segments: 3)  (cost=0.00..230343.50 rows=5 width=4)
                                                                                                                             ->  Append-only Columnar Scan on catalog_sales_1_prt_8  (cost=0.00..230343.50 rows=5 width=4)
                                                                                                     ->  Result  (cost=0.00..345607.50 rows=5 width=4)
                                                                                                           One-Time Filter: PartSelected
                                                                                                           ->  Result  (cost=0.00..345607.57 rows=5 width=4)
                                                                                                                 Filter: (c.c_customer_sk = catalog_sales_1_prt_9.cs_ship_customer_sk)
                                                                                                                 ->  Materialize  (cost=0.00..345607.57 rows=5 width=4)
                                                                                                                       ->  Broadcast Motion 3:3  (slice92; segments: 3)  (cost=0.00..345607.50 rows=5 width=4)
                                                                                                                             ->  Append-only Columnar Scan on catalog_sales_1_prt_9  (cost=0.00..345607.50 rows=5 width=4)
                                                                                                     ->  Result  (cost=0.00..523935.25 rows=6 width=4)
                                                                                                           One-Time Filter: PartSelected
                                                                                                           ->  Result  (cost=0.00..523935.33 rows=6 width=4)
                                                                                                                 Filter: (c.c_customer_sk = catalog_sales_1_prt_10.cs_ship_customer_sk)
                                                                                                                 ->  Materialize  (cost=0.00..523935.33 rows=6 width=4)
                                                                                                                       ->  Broadcast Motion 3:3  (slice93; segments: 3)  (cost=0.00..523935.25 rows=6 width=4)
                                                                                                                             ->  Append-only Columnar Scan on catalog_sales_1_prt_10  (cost=0.00..523935.25 rows=6 width=4)
                                                                                                     ->  Result  (cost=0.00..523817.25 rows=6 width=4)
                                                                                                           One-Time Filter: PartSelected
                                                                                                           ->  Result  (cost=0.00..523817.33 rows=6 width=4)
                                                                                                                 Filter: (c.c_customer_sk = catalog_sales_1_prt_11.cs_ship_customer_sk)
                                                                                                                 ->  Materialize  (cost=0.00..523817.33 rows=6 width=4)
                                                                                                                       ->  Broadcast Motion 3:3  (slice94; segments: 3)  (cost=0.00..523817.25 rows=6 width=4)
                                                                                                                             ->  Append-only Columnar Scan on catalog_sales_1_prt_11  (cost=0.00..523817.25 rows=6 width=4)
                                                                                                     ->  Result  (cost=0.00..552885.25 rows=6 width=4)
                                                                                                           One-Time Filter: PartSelected
                                                                                                           ->  Result  (cost=0.00..552885.33 rows=6 width=4)
                                                                                                                 Filter: (c.c_customer_sk = catalog_sales_1_prt_12.cs_ship_customer_sk)
                                                                                                                 ->  Materialize  (cost=0.00..552885.33 rows=6 width=4)
                                                                                                                       ->  Broadcast Motion 3:3  (slice95; segments: 3)  (cost=0.00..552885.25 rows=6 width=4)
                                                                                                                             ->  Append-only Columnar Scan on catalog_sales_1_prt_12  (cost=0.00..552885.25 rows=6 width=4)
                                                                                                     ->  Result  (cost=0.00..793866.50 rows=7 width=4)
                                                                                                           One-Time Filter: PartSelected
                                                                                                           ->  Result  (cost=0.00..793866.59 rows=7 width=4)
                                                                                                                 Filter: (c.c_customer_sk = catalog_sales_1_prt_13.cs_ship_customer_sk)
                                                                                                                 ->  Materialize  (cost=0.00..793866.59 rows=7 width=4)
                                                                                                                       ->  Broadcast Motion 3:3  (slice96; segments: 3)  (cost=0.00..793866.50 rows=7 width=4)
                                                                                                                             ->  Append-only Columnar Scan on catalog_sales_1_prt_13  (cost=0.00..793866.50 rows=7 width=4)
                                                                                                     ->  Result  (cost=0.00..793883.00 rows=7 width=4)
                                                                                                           One-Time Filter: PartSelected
                                                                                                           ->  Result  (cost=0.00..793883.09 rows=7 width=4)
                                                                                                                 Filter: (c.c_customer_sk = catalog_sales_1_prt_14.cs_ship_customer_sk)
                                                                                                                 ->  Materialize  (cost=0.00..793883.09 rows=7 width=4)
                                                                                                                       ->  Broadcast Motion 3:3  (slice97; segments: 3)  (cost=0.00..793883.00 rows=7 width=4)
                                                                                                                             ->  Append-only Columnar Scan on catalog_sales_1_prt_14  (cost=0.00..793883.00 rows=7 width=4)
                                                                                                     ->  Result  (cost=0.00..250328.25 rows=5 width=4)
                                                                                                           One-Time Filter: PartSelected
                                                                                                           ->  Result  (cost=0.00..250328.32 rows=5 width=4)
                                                                                                                 Filter: (c.c_customer_sk = catalog_sales_1_prt_15.cs_ship_customer_sk)
                                                                                                                 ->  Materialize  (cost=0.00..250328.32 rows=5 width=4)
                                                                                                                       ->  Broadcast Motion 3:3  (slice98; segments: 3)  (cost=0.00..250328.25 rows=5 width=4)
                                                                                                                             ->  Append-only Columnar Scan on catalog_sales_1_prt_15  (cost=0.00..250328.25 rows=5 width=4)
                                                                                                     ->  Result  (cost=0.00..229998.50 rows=4 width=4)
                                                                                                           One-Time Filter: PartSelected
                                                                                                           ->  Result  (cost=0.00..229998.56 rows=4 width=4)
                                                                                                                 Filter: (c.c_customer_sk = catalog_sales_1_prt_16.cs_ship_customer_sk)
                                                                                                                 ->  Materialize  (cost=0.00..229998.56 rows=4 width=4)
                                                                                                                       ->  Broadcast Motion 3:3  (slice99; segments: 3)  (cost=0.00..229998.50 rows=4 width=4)
                                                                                                                             ->  Append-only Columnar Scan on catalog_sales_1_prt_16  (cost=0.00..229998.50 rows=4 width=4)
                                                                                                     ->  Result  (cost=0.00..221973.00 rows=4 width=4)
                                                                                                           One-Time Filter: PartSelected
                                                                                                           ->  Result  (cost=0.00..221973.06 rows=4 width=4)
                                                                                                                 Filter: (c.c_customer_sk = catalog_sales_1_prt_17.cs_ship_customer_sk)
                                                                                                                 ->  Materialize  (cost=0.00..221973.06 rows=4 width=4)
                                                                                                                       ->  Broadcast Motion 3:3  (slice100; segments: 3)  (cost=0.00..221973.00 rows=4 width=4)
                                                                                                                             ->  Append-only Columnar Scan on catalog_sales_1_prt_17  (cost=0.00..221973.00 rows=4 width=4)
                                                                                                     ->  Result  (cost=0.00..230149.00 rows=5 width=4)
                                                                                                           One-Time Filter: PartSelected
                                                                                                           ->  Result  (cost=0.00..230149.06 rows=5 width=4)
                                                                                                                 Filter: (c.c_customer_sk = catalog_sales_1_prt_18.cs_ship_customer_sk)
                                                                                                                 ->  Materialize  (cost=0.00..230149.06 rows=5 width=4)
                                                                                                                       ->  Broadcast Motion 3:3  (slice101; segments: 3)  (cost=0.00..230149.00 rows=5 width=4)
                                                                                                                             ->  Append-only Columnar Scan on catalog_sales_1_prt_18  (cost=0.00..230149.00 rows=5 width=4)
                                                                                                     ->  Result  (cost=0.00..230211.75 rows=4 width=4)
                                                                                                           One-Time Filter: PartSelected
                                                                                                           ->  Result  (cost=0.00..230211.81 rows=4 width=4)
                                                                                                                 Filter: (c.c_customer_sk = catalog_sales_1_prt_19.cs_ship_customer_sk)
                                                                                                                 ->  Materialize  (cost=0.00..230211.81 rows=4 width=4)
                                                                                                                       ->  Broadcast Motion 3:3  (slice102; segments: 3)  (cost=0.00..230211.75 rows=4 width=4)
                                                                                                                             ->  Append-only Columnar Scan on catalog_sales_1_prt_19  (cost=0.00..230211.75 rows=4 width=4)
                                                                                                     ->  Result  (cost=0.00..230212.50 rows=4 width=4)
                                                                                                           One-Time Filter: PartSelected
                                                                                                           ->  Result  (cost=0.00..230212.56 rows=4 width=4)
                                                                                                                 Filter: (c.c_customer_sk = catalog_sales_1_prt_20.cs_ship_customer_sk)
                                                                                                                 ->  Materialize  (cost=0.00..230212.56 rows=4 width=4)
                                                                                                                       ->  Broadcast Motion 3:3  (slice103; segments: 3)  (cost=0.00..230212.50 rows=4 width=4)
                                                                                                                             ->  Append-only Columnar Scan on catalog_sales_1_prt_20  (cost=0.00..230212.50 rows=4 width=4)
                                                                                                     ->  Result  (cost=0.00..230306.75 rows=4 width=4)
                                                                                                           One-Time Filter: PartSelected
                                                                                                           ->  Result  (cost=0.00..230306.81 rows=4 width=4)
                                                                                                                 Filter: (c.c_customer_sk = catalog_sales_1_prt_21.cs_ship_customer_sk)
                                                                                                                 ->  Materialize  (cost=0.00..230306.81 rows=4 width=4)
                                                                                                                       ->  Broadcast Motion 3:3  (slice104; segments: 3)  (cost=0.00..230306.75 rows=4 width=4)
                                                                                                                             ->  Append-only Columnar Scan on catalog_sales_1_prt_21  (cost=0.00..230306.75 rows=4 width=4)
                                                                                                     ->  Result  (cost=0.00..335069.00 rows=5 width=4)
                                                                                                           One-Time Filter: PartSelected
                                                                                                           ->  Result  (cost=0.00..335069.07 rows=5 width=4)
                                                                                                                 Filter: (c.c_customer_sk = catalog_sales_1_prt_22.cs_ship_customer_sk)
                                                                                                                 ->  Materialize  (cost=0.00..335069.07 rows=5 width=4)
                                                                                                                       ->  Broadcast Motion 3:3  (slice105; segments: 3)  (cost=0.00..335069.00 rows=5 width=4)
                                                                                                                             ->  Append-only Columnar Scan on catalog_sales_1_prt_22  (cost=0.00..335069.00 rows=5 width=4)
                                                                                                     ->  Result  (cost=0.00..524053.00 rows=5 width=4)
                                                                                                           One-Time Filter: PartSelected
                                                                                                           ->  Result  (cost=0.00..524053.07 rows=5 width=4)
                                                                                                                 Filter: (c.c_customer_sk = catalog_sales_1_prt_23.cs_ship_customer_sk)
                                                                                                                 ->  Materialize  (cost=0.00..524053.07 rows=5 width=4)
                                                                                                                       ->  Broadcast Motion 3:3  (slice106; segments: 3)  (cost=0.00..524053.00 rows=5 width=4)
                                                                                                                             ->  Append-only Columnar Scan on catalog_sales_1_prt_23  (cost=0.00..524053.00 rows=5 width=4)
                                                                                                     ->  Result  (cost=0.00..524090.00 rows=5 width=4)
                                                                                                           One-Time Filter: PartSelected
                                                                                                           ->  Result  (cost=0.00..524090.07 rows=5 width=4)
                                                                                                                 Filter: (c.c_customer_sk = catalog_sales_1_prt_24.cs_ship_customer_sk)
                                                                                                                 ->  Materialize  (cost=0.00..524090.07 rows=5 width=4)
                                                                                                                       ->  Broadcast Motion 3:3  (slice107; segments: 3)  (cost=0.00..524090.00 rows=5 width=4)
                                                                                                                             ->  Append-only Columnar Scan on catalog_sales_1_prt_24  (cost=0.00..524090.00 rows=5 width=4)
                                                                                                     ->  Result  (cost=0.00..543373.25 rows=5 width=4)
                                                                                                           One-Time Filter: PartSelected
                                                                                                           ->  Result  (cost=0.00..543373.32 rows=5 width=4)
                                                                                                                 Filter: (c.c_customer_sk = catalog_sales_1_prt_25.cs_ship_customer_sk)
                                                                                                                 ->  Materialize  (cost=0.00..543373.32 rows=5 width=4)
                                                                                                                       ->  Broadcast Motion 3:3  (slice108; segments: 3)  (cost=0.00..543373.25 rows=5 width=4)
                                                                                                                             ->  Append-only Columnar Scan on catalog_sales_1_prt_25  (cost=0.00..543373.25 rows=5 width=4)
                                                                                                     ->  Result  (cost=0.00..794024.50 rows=6 width=4)
                                                                                                           One-Time Filter: PartSelected
                                                                                                           ->  Result  (cost=0.00..794024.58 rows=6 width=4)
                                                                                                                 Filter: (c.c_customer_sk = catalog_sales_1_prt_26.cs_ship_customer_sk)
                                                                                                                 ->  Materialize  (cost=0.00..794024.58 rows=6 width=4)
                                                                                                                       ->  Broadcast Motion 3:3  (slice109; segments: 3)  (cost=0.00..794024.50 rows=6 width=4)
                                                                                                                             ->  Append-only Columnar Scan on catalog_sales_1_prt_26  (cost=0.00..794024.50 rows=6 width=4)
                                                                                                     ->  Result  (cost=0.00..793994.50 rows=7 width=4)
                                                                                                           One-Time Filter: PartSelected
                                                                                                           ->  Result  (cost=0.00..793994.59 rows=7 width=4)
                                                                                                                 Filter: (c.c_customer_sk = catalog_sales_1_prt_27.cs_ship_customer_sk)
                                                                                                                 ->  Materialize  (cost=0.00..793994.59 rows=7 width=4)
                                                                                                                       ->  Broadcast Motion 3:3  (slice110; segments: 3)  (cost=0.00..793994.50 rows=7 width=4)
                                                                                                                             ->  Append-only Columnar Scan on catalog_sales_1_prt_27  (cost=0.00..793994.50 rows=7 width=4)
                                                                                                     ->  Result  (cost=0.00..270223.25 rows=5 width=4)
                                                                                                           One-Time Filter: PartSelected
                                                                                                           ->  Result  (cost=0.00..270223.31 rows=5 width=4)
                                                                                                                 Filter: (c.c_customer_sk = catalog_sales_1_prt_28.cs_ship_customer_sk)
                                                                                                                 ->  Materialize  (cost=0.00..270223.31 rows=5 width=4)
                                                                                                                       ->  Broadcast Motion 3:3  (slice111; segments: 3)  (cost=0.00..270223.25 rows=5 width=4)
                                                                                                                             ->  Append-only Columnar Scan on catalog_sales_1_prt_28  (cost=0.00..270223.25 rows=5 width=4)
                                                                                                     ->  Result  (cost=0.00..229887.50 rows=4 width=4)
                                                                                                           One-Time Filter: PartSelected
                                                                                                           ->  Result  (cost=0.00..229887.56 rows=4 width=4)
                                                                                                                 Filter: (c.c_customer_sk = catalog_sales_1_prt_29.cs_ship_customer_sk)
                                                                                                                 ->  Materialize  (cost=0.00..229887.56 rows=4 width=4)
                                                                                                                       ->  Broadcast Motion 3:3  (slice112; segments: 3)  (cost=0.00..229887.50 rows=4 width=4)
                                                                                                                             ->  Append-only Columnar Scan on catalog_sales_1_prt_29  (cost=0.00..229887.50 rows=4 width=4)
                                                                                                     ->  Result  (cost=0.00..229884.75 rows=5 width=4)
                                                                                                           One-Time Filter: PartSelected
                                                                                                           ->  Result  (cost=0.00..229884.81 rows=5 width=4)
                                                                                                                 Filter: (c.c_customer_sk = catalog_sales_1_prt_30.cs_ship_customer_sk)
                                                                                                                 ->  Materialize  (cost=0.00..229884.81 rows=5 width=4)
                                                                                                                       ->  Broadcast Motion 3:3  (slice113; segments: 3)  (cost=0.00..229884.75 rows=5 width=4)
                                                                                                                             ->  Append-only Columnar Scan on catalog_sales_1_prt_30  (cost=0.00..229884.75 rows=5 width=4)
                                                                                                     ->  Result  (cost=0.00..229949.50 rows=4 width=4)
                                                                                                           One-Time Filter: PartSelected
                                                                                                           ->  Result  (cost=0.00..229949.56 rows=4 width=4)
                                                                                                                 Filter: (c.c_customer_sk = catalog_sales_1_prt_31.cs_ship_customer_sk)
                                                                                                                 ->  Materialize  (cost=0.00..229949.56 rows=4 width=4)
                                                                                                                       ->  Broadcast Motion 3:3  (slice114; segments: 3)  (cost=0.00..229949.50 rows=4 width=4)
                                                                                                                             ->  Append-only Columnar Scan on catalog_sales_1_prt_31  (cost=0.00..229949.50 rows=4 width=4)
                                                                                                     ->  Result  (cost=0.00..229862.50 rows=5 width=4)
                                                                                                           One-Time Filter: PartSelected
                                                                                                           ->  Result  (cost=0.00..229862.56 rows=5 width=4)
                                                                                                                 Filter: (c.c_customer_sk = catalog_sales_1_prt_32.cs_ship_customer_sk)
                                                                                                                 ->  Materialize  (cost=0.00..229862.56 rows=5 width=4)
                                                                                                                       ->  Broadcast Motion 3:3  (slice115; segments: 3)  (cost=0.00..229862.50 rows=5 width=4)
                                                                                                                             ->  Append-only Columnar Scan on catalog_sales_1_prt_32  (cost=0.00..229862.50 rows=5 width=4)
                                                                                                     ->  Result  (cost=0.00..229841.50 rows=5 width=4)
                                                                                                           One-Time Filter: PartSelected
                                                                                                           ->  Result  (cost=0.00..229841.56 rows=5 width=4)
                                                                                                                 Filter: (c.c_customer_sk = catalog_sales_1_prt_33.cs_ship_customer_sk)
                                                                                                                 ->  Materialize  (cost=0.00..229841.56 rows=5 width=4)
                                                                                                                       ->  Broadcast Motion 3:3  (slice116; segments: 3)  (cost=0.00..229841.50 rows=5 width=4)
                                                                                                                             ->  Append-only Columnar Scan on catalog_sales_1_prt_33  (cost=0.00..229841.50 rows=5 width=4)
                                                                                                     ->  Result  (cost=0.00..229927.00 rows=5 width=4)
                                                                                                           One-Time Filter: PartSelected
                                                                                                           ->  Result  (cost=0.00..229927.07 rows=5 width=4)
                                                                                                                 Filter: (c.c_customer_sk = catalog_sales_1_prt_34.cs_ship_customer_sk)
                                                                                                                 ->  Materialize  (cost=0.00..229927.07 rows=5 width=4)
                                                                                                                       ->  Broadcast Motion 3:3  (slice117; segments: 3)  (cost=0.00..229927.00 rows=5 width=4)
                                                                                                                             ->  Append-only Columnar Scan on catalog_sales_1_prt_34  (cost=0.00..229927.00 rows=5 width=4)
                                                                                                     ->  Result  (cost=0.00..324100.25 rows=5 width=4)
                                                                                                           One-Time Filter: PartSelected
                                                                                                           ->  Result  (cost=0.00..324100.32 rows=5 width=4)
                                                                                                                 Filter: (c.c_customer_sk = catalog_sales_1_prt_35.cs_ship_customer_sk)
                                                                                                                 ->  Materialize  (cost=0.00..324100.32 rows=5 width=4)
                                                                                                                       ->  Broadcast Motion 3:3  (slice118; segments: 3)  (cost=0.00..324100.25 rows=5 width=4)
                                                                                                                             ->  Append-only Columnar Scan on catalog_sales_1_prt_35  (cost=0.00..324100.25 rows=5 width=4)
                                                                                                     ->  Result  (cost=0.00..523271.50 rows=6 width=4)
                                                                                                           One-Time Filter: PartSelected
                                                                                                           ->  Result  (cost=0.00..523271.58 rows=6 width=4)
                                                                                                                 Filter: (c.c_customer_sk = catalog_sales_1_prt_36.cs_ship_customer_sk)
                                                                                                                 ->  Materialize  (cost=0.00..523271.58 rows=6 width=4)
                                                                                                                       ->  Broadcast Motion 3:3  (slice119; segments: 3)  (cost=0.00..523271.50 rows=6 width=4)
                                                                                                                             ->  Append-only Columnar Scan on catalog_sales_1_prt_36  (cost=0.00..523271.50 rows=6 width=4)
                                                                                                     ->  Result  (cost=0.00..523158.25 rows=5 width=4)
                                                                                                           One-Time Filter: PartSelected
                                                                                                           ->  Result  (cost=0.00..523158.32 rows=5 width=4)
                                                                                                                 Filter: (c.c_customer_sk = catalog_sales_1_prt_37.cs_ship_customer_sk)
                                                                                                                 ->  Materialize  (cost=0.00..523158.32 rows=5 width=4)
                                                                                                                       ->  Broadcast Motion 3:3  (slice120; segments: 3)  (cost=0.00..523158.25 rows=5 width=4)
                                                                                                                             ->  Append-only Columnar Scan on catalog_sales_1_prt_37  (cost=0.00..523158.25 rows=5 width=4)
                                                                                                     ->  Result  (cost=0.00..532673.75 rows=6 width=4)
                                                                                                           One-Time Filter: PartSelected
                                                                                                           ->  Result  (cost=0.00..532673.83 rows=6 width=4)
                                                                                                                 Filter: (c.c_customer_sk = catalog_sales_1_prt_38.cs_ship_customer_sk)
                                                                                                                 ->  Materialize  (cost=0.00..532673.83 rows=6 width=4)
                                                                                                                       ->  Broadcast Motion 3:3  (slice121; segments: 3)  (cost=0.00..532673.75 rows=6 width=4)
                                                                                                                             ->  Append-only Columnar Scan on catalog_sales_1_prt_38  (cost=0.00..532673.75 rows=6 width=4)
                                                                                                     ->  Result  (cost=0.00..792505.00 rows=7 width=4)
                                                                                                           One-Time Filter: PartSelected
                                                                                                           ->  Result  (cost=0.00..792505.09 rows=7 width=4)
                                                                                                                 Filter: (c.c_customer_sk = catalog_sales_1_prt_39.cs_ship_customer_sk)
                                                                                                                 ->  Materialize  (cost=0.00..792505.09 rows=7 width=4)
                                                                                                                       ->  Broadcast Motion 3:3  (slice122; segments: 3)  (cost=0.00..792505.00 rows=7 width=4)
                                                                                                                             ->  Append-only Columnar Scan on catalog_sales_1_prt_39  (cost=0.00..792505.00 rows=7 width=4)
                                                                                                     ->  Result  (cost=0.00..792605.25 rows=6 width=4)
                                                                                                           One-Time Filter: PartSelected
                                                                                                           ->  Result  (cost=0.00..792605.34 rows=6 width=4)
                                                                                                                 Filter: (c.c_customer_sk = catalog_sales_1_prt_40.cs_ship_customer_sk)
                                                                                                                 ->  Materialize  (cost=0.00..792605.34 rows=6 width=4)
                                                                                                                       ->  Broadcast Motion 3:3  (slice123; segments: 3)  (cost=0.00..792605.25 rows=6 width=4)
                                                                                                                             ->  Append-only Columnar Scan on catalog_sales_1_prt_40  (cost=0.00..792605.25 rows=6 width=4)
                                                                                                     ->  Result  (cost=0.00..310545.50 rows=5 width=4)
                                                                                                           One-Time Filter: PartSelected
                                                                                                           ->  Result  (cost=0.00..310545.57 rows=5 width=4)
                                                                                                                 Filter: (c.c_customer_sk = catalog_sales_1_prt_41.cs_ship_customer_sk)
                                                                                                                 ->  Materialize  (cost=0.00..310545.57 rows=5 width=4)
                                                                                                                       ->  Broadcast Motion 3:3  (slice124; segments: 3)  (cost=0.00..310545.50 rows=5 width=4)
                                                                                                                             ->  Append-only Columnar Scan on catalog_sales_1_prt_41  (cost=0.00..310545.50 rows=5 width=4)
                                                                                                     ->  Result  (cost=0.00..230079.50 rows=5 width=4)
                                                                                                           One-Time Filter: PartSelected
                                                                                                           ->  Result  (cost=0.00..230079.56 rows=5 width=4)
                                                                                                                 Filter: (c.c_customer_sk = catalog_sales_1_prt_42.cs_ship_customer_sk)
                                                                                                                 ->  Materialize  (cost=0.00..230079.56 rows=5 width=4)
                                                                                                                       ->  Broadcast Motion 3:3  (slice125; segments: 3)  (cost=0.00..230079.50 rows=5 width=4)
                                                                                                                             ->  Append-only Columnar Scan on catalog_sales_1_prt_42  (cost=0.00..230079.50 rows=5 width=4)
                                                                                                     ->  Result  (cost=0.00..221989.25 rows=4 width=4)
                                                                                                           One-Time Filter: PartSelected
                                                                                                           ->  Result  (cost=0.00..221989.31 rows=4 width=4)
                                                                                                                 Filter: (c.c_customer_sk = catalog_sales_1_prt_43.cs_ship_customer_sk)
                                                                                                                 ->  Materialize  (cost=0.00..221989.31 rows=4 width=4)
                                                                                                                       ->  Broadcast Motion 3:3  (slice126; segments: 3)  (cost=0.00..221989.25 rows=4 width=4)
                                                                                                                             ->  Append-only Columnar Scan on catalog_sales_1_prt_43  (cost=0.00..221989.25 rows=4 width=4)
                                                                                                     ->  Result  (cost=0.00..230197.00 rows=5 width=4)
                                                                                                           One-Time Filter: PartSelected
                                                                                                           ->  Result  (cost=0.00..230197.06 rows=5 width=4)
                                                                                                                 Filter: (c.c_customer_sk = catalog_sales_1_prt_44.cs_ship_customer_sk)
                                                                                                                 ->  Materialize  (cost=0.00..230197.06 rows=5 width=4)
                                                                                                                       ->  Broadcast Motion 3:3  (slice127; segments: 3)  (cost=0.00..230197.00 rows=5 width=4)
                                                                                                                             ->  Append-only Columnar Scan on catalog_sales_1_prt_44  (cost=0.00..230197.00 rows=5 width=4)
                                                                                                     ->  Result  (cost=0.00..230181.00 rows=4 width=4)
                                                                                                           One-Time Filter: PartSelected
                                                                                                           ->  Result  (cost=0.00..230181.06 rows=4 width=4)
                                                                                                                 Filter: (c.c_customer_sk = catalog_sales_1_prt_45.cs_ship_customer_sk)
                                                                                                                 ->  Materialize  (cost=0.00..230181.06 rows=4 width=4)
                                                                                                                       ->  Broadcast Motion 3:3  (slice128; segments: 3)  (cost=0.00..230181.00 rows=4 width=4)
                                                                                                                             ->  Append-only Columnar Scan on catalog_sales_1_prt_45  (cost=0.00..230181.00 rows=4 width=4)
                                                                                                     ->  Result  (cost=0.00..230237.25 rows=5 width=4)
                                                                                                           One-Time Filter: PartSelected
                                                                                                           ->  Result  (cost=0.00..230237.31 rows=5 width=4)
                                                                                                                 Filter: (c.c_customer_sk = catalog_sales_1_prt_46.cs_ship_customer_sk)
                                                                                                                 ->  Materialize  (cost=0.00..230237.31 rows=5 width=4)
                                                                                                                       ->  Broadcast Motion 3:3  (slice129; segments: 3)  (cost=0.00..230237.25 rows=5 width=4)
                                                                                                                             ->  Append-only Columnar Scan on catalog_sales_1_prt_46  (cost=0.00..230237.25 rows=5 width=4)
                                                                                                     ->  Result  (cost=0.00..230239.25 rows=5 width=4)
                                                                                                           One-Time Filter: PartSelected
                                                                                                           ->  Result  (cost=0.00..230239.31 rows=5 width=4)
                                                                                                                 Filter: (c.c_customer_sk = catalog_sales_1_prt_47.cs_ship_customer_sk)
                                                                                                                 ->  Materialize  (cost=0.00..230239.31 rows=5 width=4)
                                                                                                                       ->  Broadcast Motion 3:3  (slice130; segments: 3)  (cost=0.00..230239.25 rows=5 width=4)
                                                                                                                             ->  Append-only Columnar Scan on catalog_sales_1_prt_47  (cost=0.00..230239.25 rows=5 width=4)
                                                                                                     ->  Result  (cost=0.00..303635.25 rows=5 width=4)
                                                                                                           One-Time Filter: PartSelected
                                                                                                           ->  Result  (cost=0.00..303635.31 rows=5 width=4)
                                                                                                                 Filter: (c.c_customer_sk = catalog_sales_1_prt_48.cs_ship_customer_sk)
                                                                                                                 ->  Materialize  (cost=0.00..303635.31 rows=5 width=4)
                                                                                                                       ->  Broadcast Motion 3:3  (slice131; segments: 3)  (cost=0.00..303635.25 rows=5 width=4)
                                                                                                                             ->  Append-only Columnar Scan on catalog_sales_1_prt_48  (cost=0.00..303635.25 rows=5 width=4)
                                                                                                     ->  Result  (cost=0.00..524159.00 rows=6 width=4)
                                                                                                           One-Time Filter: PartSelected
                                                                                                           ->  Result  (cost=0.00..524159.08 rows=6 width=4)
                                                                                                                 Filter: (c.c_customer_sk = catalog_sales_1_prt_49.cs_ship_customer_sk)
                                                                                                                 ->  Materialize  (cost=0.00..524159.08 rows=6 width=4)
                                                                                                                       ->  Broadcast Motion 3:3  (slice132; segments: 3)  (cost=0.00..524159.00 rows=6 width=4)
                                                                                                                             ->  Append-only Columnar Scan on catalog_sales_1_prt_49  (cost=0.00..524159.00 rows=6 width=4)
                                                                                                     ->  Result  (cost=0.00..523978.25 rows=5 width=4)
                                                                                                           One-Time Filter: PartSelected
                                                                                                           ->  Result  (cost=0.00..523978.32 rows=5 width=4)
                                                                                                                 Filter: (c.c_customer_sk = catalog_sales_1_prt_50.cs_ship_customer_sk)
                                                                                                                 ->  Materialize  (cost=0.00..523978.32 rows=5 width=4)
                                                                                                                       ->  Broadcast Motion 3:3  (slice133; segments: 3)  (cost=0.00..523978.25 rows=5 width=4)
                                                                                                                             ->  Append-only Columnar Scan on catalog_sales_1_prt_50  (cost=0.00..523978.25 rows=5 width=4)
                                                                                                     ->  Result  (cost=0.00..523982.75 rows=5 width=4)
                                                                                                           One-Time Filter: PartSelected
                                                                                                           ->  Result  (cost=0.00..523982.82 rows=5 width=4)
                                                                                                                 Filter: (c.c_customer_sk = catalog_sales_1_prt_51.cs_ship_customer_sk)
                                                                                                                 ->  Materialize  (cost=0.00..523982.82 rows=5 width=4)
                                                                                                                       ->  Broadcast Motion 3:3  (slice134; segments: 3)  (cost=0.00..523982.75 rows=5 width=4)
                                                                                                                             ->  Append-only Columnar Scan on catalog_sales_1_prt_51  (cost=0.00..523982.75 rows=5 width=4)
                                                                                                     ->  Result  (cost=0.00..784207.75 rows=6 width=4)
                                                                                                           One-Time Filter: PartSelected
                                                                                                           ->  Result  (cost=0.00..784207.83 rows=6 width=4)
                                                                                                                 Filter: (c.c_customer_sk = catalog_sales_1_prt_52.cs_ship_customer_sk)
                                                                                                                 ->  Materialize  (cost=0.00..784207.83 rows=6 width=4)
                                                                                                                       ->  Broadcast Motion 3:3  (slice135; segments: 3)  (cost=0.00..784207.75 rows=6 width=4)
                                                                                                                             ->  Append-only Columnar Scan on catalog_sales_1_prt_52  (cost=0.00..784207.75 rows=6 width=4)
                                                                                                     ->  Result  (cost=0.00..793814.50 rows=6 width=4)
                                                                                                           One-Time Filter: PartSelected
                                                                                                           ->  Result  (cost=0.00..793814.58 rows=6 width=4)
                                                                                                                 Filter: (c.c_customer_sk = catalog_sales_1_prt_53.cs_ship_customer_sk)
                                                                                                                 ->  Materialize  (cost=0.00..793814.58 rows=6 width=4)
                                                                                                                       ->  Broadcast Motion 3:3  (slice136; segments: 3)  (cost=0.00..793814.50 rows=6 width=4)
                                                                                                                             ->  Append-only Columnar Scan on catalog_sales_1_prt_53  (cost=0.00..793814.50 rows=6 width=4)
                                                                                                     ->  Result  (cost=0.00..331004.00 rows=5 width=4)
                                                                                                           One-Time Filter: PartSelected
                                                                                                           ->  Result  (cost=0.00..331004.07 rows=5 width=4)
                                                                                                                 Filter: (c.c_customer_sk = catalog_sales_1_prt_54.cs_ship_customer_sk)
                                                                                                                 ->  Materialize  (cost=0.00..331004.07 rows=5 width=4)
                                                                                                                       ->  Broadcast Motion 3:3  (slice137; segments: 3)  (cost=0.00..331004.00 rows=5 width=4)
                                                                                                                             ->  Append-only Columnar Scan on catalog_sales_1_prt_54  (cost=0.00..331004.00 rows=5 width=4)
                                                                                                     ->  Result  (cost=0.00..230255.50 rows=5 width=4)
                                                                                                           One-Time Filter: PartSelected
                                                                                                           ->  Result  (cost=0.00..230255.56 rows=5 width=4)
                                                                                                                 Filter: (c.c_customer_sk = catalog_sales_1_prt_55.cs_ship_customer_sk)
                                                                                                                 ->  Materialize  (cost=0.00..230255.56 rows=5 width=4)
                                                                                                                       ->  Broadcast Motion 3:3  (slice138; segments: 3)  (cost=0.00..230255.50 rows=5 width=4)
                                                                                                                             ->  Append-only Columnar Scan on catalog_sales_1_prt_55  (cost=0.00..230255.50 rows=5 width=4)
                                                                                                     ->  Result  (cost=0.00..221935.25 rows=5 width=4)
                                                                                                           One-Time Filter: PartSelected
                                                                                                           ->  Result  (cost=0.00..221935.31 rows=5 width=4)
                                                                                                                 Filter: (c.c_customer_sk = catalog_sales_1_prt_56.cs_ship_customer_sk)
                                                                                                                 ->  Materialize  (cost=0.00..221935.31 rows=5 width=4)
                                                                                                                       ->  Broadcast Motion 3:3  (slice139; segments: 3)  (cost=0.00..221935.25 rows=5 width=4)
                                                                                                                             ->  Append-only Columnar Scan on catalog_sales_1_prt_56  (cost=0.00..221935.25 rows=5 width=4)
                                                                                                     ->  Result  (cost=0.00..230220.75 rows=5 width=4)
                                                                                                           One-Time Filter: PartSelected
                                                                                                           ->  Result  (cost=0.00..230220.81 rows=5 width=4)
                                                                                                                 Filter: (c.c_customer_sk = catalog_sales_1_prt_57.cs_ship_customer_sk)
                                                                                                                 ->  Materialize  (cost=0.00..230220.81 rows=5 width=4)
                                                                                                                       ->  Broadcast Motion 3:3  (slice140; segments: 3)  (cost=0.00..230220.75 rows=5 width=4)
                                                                                                                             ->  Append-only Columnar Scan on catalog_sales_1_prt_57  (cost=0.00..230220.75 rows=5 width=4)
                                                                                                     ->  Result  (cost=0.00..230179.00 rows=5 width=4)
                                                                                                           One-Time Filter: PartSelected
                                                                                                           ->  Result  (cost=0.00..230179.06 rows=5 width=4)
                                                                                                                 Filter: (c.c_customer_sk = catalog_sales_1_prt_58.cs_ship_customer_sk)
                                                                                                                 ->  Materialize  (cost=0.00..230179.06 rows=5 width=4)
                                                                                                                       ->  Broadcast Motion 3:3  (slice141; segments: 3)  (cost=0.00..230179.00 rows=5 width=4)
                                                                                                                             ->  Append-only Columnar Scan on catalog_sales_1_prt_58  (cost=0.00..230179.00 rows=5 width=4)
                                                                                                     ->  Result  (cost=0.00..230205.25 rows=5 width=4)
                                                                                                           One-Time Filter: PartSelected
                                                                                                           ->  Result  (cost=0.00..230205.31 rows=5 width=4)
                                                                                                                 Filter: (c.c_customer_sk = catalog_sales_1_prt_59.cs_ship_customer_sk)
                                                                                                                 ->  Materialize  (cost=0.00..230205.31 rows=5 width=4)
                                                                                                                       ->  Broadcast Motion 3:3  (slice142; segments: 3)  (cost=0.00..230205.25 rows=5 width=4)
                                                                                                                             ->  Append-only Columnar Scan on catalog_sales_1_prt_59  (cost=0.00..230205.25 rows=5 width=4)
                                                                                                     ->  Result  (cost=0.00..230163.00 rows=5 width=4)
                                                                                                           One-Time Filter: PartSelected
                                                                                                           ->  Result  (cost=0.00..230163.06 rows=5 width=4)
                                                                                                                 Filter: (c.c_customer_sk = catalog_sales_1_prt_60.cs_ship_customer_sk)
                                                                                                                 ->  Materialize  (cost=0.00..230163.06 rows=5 width=4)
                                                                                                                       ->  Broadcast Motion 3:3  (slice143; segments: 3)  (cost=0.00..230163.00 rows=5 width=4)
                                                                                                                             ->  Append-only Columnar Scan on catalog_sales_1_prt_60  (cost=0.00..230163.00 rows=5 width=4)
                                                                                                     ->  Result  (cost=0.00..293164.25 rows=4 width=4)
                                                                                                           One-Time Filter: PartSelected
                                                                                                           ->  Result  (cost=0.00..293164.31 rows=4 width=4)
                                                                                                                 Filter: (c.c_customer_sk = catalog_sales_1_prt_61.cs_ship_customer_sk)
                                                                                                                 ->  Materialize  (cost=0.00..293164.31 rows=4 width=4)
                                                                                                                       ->  Broadcast Motion 3:3  (slice144; segments: 3)  (cost=0.00..293164.25 rows=4 width=4)
                                                                                                                             ->  Append-only Columnar Scan on catalog_sales_1_prt_61  (cost=0.00..293164.25 rows=4 width=4)
                                                                                                     ->  Result  (cost=0.00..524006.00 rows=5 width=4)
                                                                                                           One-Time Filter: PartSelected
                                                                                                           ->  Result  (cost=0.00..524006.07 rows=5 width=4)
                                                                                                                 Filter: (c.c_customer_sk = catalog_sales_1_prt_62.cs_ship_customer_sk)
                                                                                                                 ->  Materialize  (cost=0.00..524006.07 rows=5 width=4)
                                                                                                                       ->  Broadcast Motion 3:3  (slice145; segments: 3)  (cost=0.00..524006.00 rows=5 width=4)
                                                                                                                             ->  Append-only Columnar Scan on catalog_sales_1_prt_62  (cost=0.00..524006.00 rows=5 width=4)
                                                                                                     ->  Result  (cost=0.00..524036.25 rows=5 width=4)
                                                                                                           One-Time Filter: PartSelected
                                                                                                           ->  Result  (cost=0.00..524036.32 rows=5 width=4)
                                                                                                                 Filter: (c.c_customer_sk = catalog_sales_1_prt_63.cs_ship_customer_sk)
                                                                                                                 ->  Materialize  (cost=0.00..524036.32 rows=5 width=4)
                                                                                                                       ->  Broadcast Motion 3:3  (slice146; segments: 3)  (cost=0.00..524036.25 rows=5 width=4)
                                                                                                                             ->  Append-only Columnar Scan on catalog_sales_1_prt_63  (cost=0.00..524036.25 rows=5 width=4)
                                                                                                     ->  Result  (cost=0.00..523941.75 rows=5 width=4)
                                                                                                           One-Time Filter: PartSelected
                                                                                                           ->  Result  (cost=0.00..523941.82 rows=5 width=4)
                                                                                                                 Filter: (c.c_customer_sk = catalog_sales_1_prt_64.cs_ship_customer_sk)
                                                                                                                 ->  Materialize  (cost=0.00..523941.82 rows=5 width=4)
                                                                                                                       ->  Broadcast Motion 3:3  (slice147; segments: 3)  (cost=0.00..523941.75 rows=5 width=4)
                                                                                                                             ->  Append-only Columnar Scan on catalog_sales_1_prt_64  (cost=0.00..523941.75 rows=5 width=4)
                                                                                                     ->  Result  (cost=0.00..774555.00 rows=6 width=4)
                                                                                                           One-Time Filter: PartSelected
                                                                                                           ->  Result  (cost=0.00..774555.08 rows=6 width=4)
                                                                                                                 Filter: (c.c_customer_sk = catalog_sales_1_prt_65.cs_ship_customer_sk)
                                                                                                                 ->  Materialize  (cost=0.00..774555.08 rows=6 width=4)
                                                                                                                       ->  Broadcast Motion 3:3  (slice148; segments: 3)  (cost=0.00..774555.00 rows=6 width=4)
                                                                                                                             ->  Append-only Columnar Scan on catalog_sales_1_prt_65  (cost=0.00..774555.00 rows=6 width=4)
                                                                                                     ->  Result  (cost=0.00..793632.00 rows=6 width=4)
                                                                                                           One-Time Filter: PartSelected
                                                                                                           ->  Result  (cost=0.00..793632.08 rows=6 width=4)
                                                                                                                 Filter: (c.c_customer_sk = catalog_sales_1_prt_66.cs_ship_customer_sk)
                                                                                                                 ->  Materialize  (cost=0.00..793632.08 rows=6 width=4)
                                                                                                                       ->  Broadcast Motion 3:3  (slice149; segments: 3)  (cost=0.00..793632.00 rows=6 width=4)
                                                                                                                             ->  Append-only Columnar Scan on catalog_sales_1_prt_66  (cost=0.00..793632.00 rows=6 width=4)
                                                                                                     ->  Result  (cost=0.00..283651.75 rows=5 width=4)
                                                                                                           One-Time Filter: PartSelected
                                                                                                           ->  Result  (cost=0.00..283651.81 rows=5 width=4)
                                                                                                                 Filter: (c.c_customer_sk = catalog_sales_1_prt_67.cs_ship_customer_sk)
                                                                                                                 ->  Materialize  (cost=0.00..283651.81 rows=5 width=4)
                                                                                                                       ->  Broadcast Motion 3:3  (slice150; segments: 3)  (cost=0.00..283651.75 rows=5 width=4)
                                                                                                                             ->  Append-only Columnar Scan on catalog_sales_1_prt_67  (cost=0.00..283651.75 rows=5 width=4)
                                                                                                     ->  Result  (cost=0.00..1.00 rows=1 width=4)
                                                                                                           One-Time Filter: PartSelected
                                                                                                           ->  Result  (cost=0.00..1.00 rows=1 width=4)
                                                                                                                 Filter: (c.c_customer_sk = catalog_sales_1_prt_68.cs_ship_customer_sk)
                                                                                                                 ->  Materialize  (cost=0.00..1.00 rows=1 width=4)
                                                                                                                       ->  Broadcast Motion 3:3  (slice151; segments: 3)  (cost=0.00..1.00 rows=1 width=4)
                                                                                                                             ->  Append-only Columnar Scan on catalog_sales_1_prt_68  (cost=0.00..1.00 rows=1 width=4)
                                                                                                     ->  Result  (cost=0.00..1.00 rows=1 width=4)
                                                                                                           One-Time Filter: PartSelected
                                                                                                           ->  Result  (cost=0.00..1.00 rows=1 width=4)
                                                                                                                 Filter: (c.c_customer_sk = catalog_sales_1_prt_69.cs_ship_customer_sk)
                                                                                                                 ->  Materialize  (cost=0.00..1.00 rows=1 width=4)
                                                                                                                       ->  Broadcast Motion 3:3  (slice152; segments: 3)  (cost=0.00..1.00 rows=1 width=4)
                                                                                                                             ->  Append-only Columnar Scan on catalog_sales_1_prt_69  (cost=0.00..1.00 rows=1 width=4)
                                                                                                     ->  Result  (cost=0.00..1.00 rows=1 width=4)
                                                                                                           One-Time Filter: PartSelected
                                                                                                           ->  Result  (cost=0.00..1.00 rows=1 width=4)
                                                                                                                 Filter: (c.c_customer_sk = catalog_sales_1_prt_70.cs_ship_customer_sk)
                                                                                                                 ->  Materialize  (cost=0.00..1.00 rows=1 width=4)
                                                                                                                       ->  Broadcast Motion 3:3  (slice153; segments: 3)  (cost=0.00..1.00 rows=1 width=4)
                                                                                                                             ->  Append-only Columnar Scan on catalog_sales_1_prt_70  (cost=0.00..1.00 rows=1 width=4)
                                                                                                     ->  Result  (cost=0.00..1.00 rows=1 width=4)
                                                                                                           One-Time Filter: PartSelected
                                                                                                           ->  Result  (cost=0.00..1.00 rows=1 width=4)
                                                                                                                 Filter: (c.c_customer_sk = catalog_sales_1_prt_71.cs_ship_customer_sk)
                                                                                                                 ->  Materialize  (cost=0.00..1.00 rows=1 width=4)
                                                                                                                       ->  Broadcast Motion 3:3  (slice154; segments: 3)  (cost=0.00..1.00 rows=1 width=4)
                                                                                                                             ->  Append-only Columnar Scan on catalog_sales_1_prt_71  (cost=0.00..1.00 rows=1 width=4)
                                                                                                     ->  Result  (cost=0.00..1.00 rows=1 width=4)
                                                                                                           One-Time Filter: PartSelected
                                                                                                           ->  Result  (cost=0.00..1.00 rows=1 width=4)
                                                                                                                 Filter: (c.c_customer_sk = catalog_sales_1_prt_72.cs_ship_customer_sk)
                                                                                                                 ->  Materialize  (cost=0.00..1.00 rows=1 width=4)
                                                                                                                       ->  Broadcast Motion 3:3  (slice155; segments: 3)  (cost=0.00..1.00 rows=1 width=4)
                                                                                                                             ->  Append-only Columnar Scan on catalog_sales_1_prt_72  (cost=0.00..1.00 rows=1 width=4)
                                                                                                     ->  Result  (cost=0.00..1.00 rows=1 width=4)
                                                                                                           One-Time Filter: PartSelected
                                                                                                           ->  Result  (cost=0.00..1.00 rows=1 width=4)
                                                                                                                 Filter: (c.c_customer_sk = catalog_sales_1_prt_73.cs_ship_customer_sk)
                                                                                                                 ->  Materialize  (cost=0.00..1.00 rows=1 width=4)
                                                                                                                       ->  Broadcast Motion 3:3  (slice156; segments: 3)  (cost=0.00..1.00 rows=1 width=4)
                                                                                                                             ->  Append-only Columnar Scan on catalog_sales_1_prt_73  (cost=0.00..1.00 rows=1 width=4)
                                                                                                     ->  Result  (cost=0.00..1.00 rows=1 width=4)
                                                                                                           One-Time Filter: PartSelected
                                                                                                           ->  Result  (cost=0.00..1.00 rows=1 width=4)
                                                                                                                 Filter: (c.c_customer_sk = catalog_sales_1_prt_74.cs_ship_customer_sk)
                                                                                                                 ->  Materialize  (cost=0.00..1.00 rows=1 width=4)
                                                                                                                       ->  Broadcast Motion 3:3  (slice157; segments: 3)  (cost=0.00..1.00 rows=1 width=4)
                                                                                                                             ->  Append-only Columnar Scan on catalog_sales_1_prt_74  (cost=0.00..1.00 rows=1 width=4)
                                                                                                     ->  Result  (cost=0.00..1.00 rows=1 width=4)
                                                                                                           One-Time Filter: PartSelected
                                                                                                           ->  Result  (cost=0.00..1.00 rows=1 width=4)
                                                                                                                 Filter: (c.c_customer_sk = catalog_sales_1_prt_75.cs_ship_customer_sk)
                                                                                                                 ->  Materialize  (cost=0.00..1.00 rows=1 width=4)
                                                                                                                       ->  Broadcast Motion 3:3  (slice158; segments: 3)  (cost=0.00..1.00 rows=1 width=4)
                                                                                                                             ->  Append-only Columnar Scan on catalog_sales_1_prt_75  (cost=0.00..1.00 rows=1 width=4)
                                                                                                     ->  Result  (cost=0.00..1.00 rows=1 width=4)
                                                                                                           One-Time Filter: PartSelected
                                                                                                           ->  Result  (cost=0.00..1.00 rows=1 width=4)
                                                                                                                 Filter: (c.c_customer_sk = catalog_sales_1_prt_76.cs_ship_customer_sk)
                                                                                                                 ->  Materialize  (cost=0.00..1.00 rows=1 width=4)
                                                                                                                       ->  Broadcast Motion 3:3  (slice159; segments: 3)  (cost=0.00..1.00 rows=1 width=4)
                                                                                                                             ->  Append-only Columnar Scan on catalog_sales_1_prt_76  (cost=0.00..1.00 rows=1 width=4)
                                                                                                     ->  Result  (cost=0.00..1.00 rows=1 width=4)
                                                                                                           One-Time Filter: PartSelected
                                                                                                           ->  Result  (cost=0.00..1.00 rows=1 width=4)
                                                                                                                 Filter: (c.c_customer_sk = catalog_sales_1_prt_77.cs_ship_customer_sk)
                                                                                                                 ->  Materialize  (cost=0.00..1.00 rows=1 width=4)
                                                                                                                       ->  Broadcast Motion 3:3  (slice160; segments: 3)  (cost=0.00..1.00 rows=1 width=4)
                                                                                                                             ->  Append-only Columnar Scan on catalog_sales_1_prt_77  (cost=0.00..1.00 rows=1 width=4)
                                                                                                     ->  Result  (cost=0.00..1.00 rows=1 width=4)
                                                                                                           One-Time Filter: PartSelected
                                                                                                           ->  Result  (cost=0.00..1.00 rows=1 width=4)
                                                                                                                 Filter: (c.c_customer_sk = catalog_sales_1_prt_78.cs_ship_customer_sk)
                                                                                                                 ->  Materialize  (cost=0.00..1.00 rows=1 width=4)
                                                                                                                       ->  Broadcast Motion 3:3  (slice161; segments: 3)  (cost=0.00..1.00 rows=1 width=4)
                                                                                                                             ->  Append-only Columnar Scan on catalog_sales_1_prt_78  (cost=0.00..1.00 rows=1 width=4)
                                                                                                     ->  Result  (cost=0.00..1.00 rows=1 width=4)
                                                                                                           One-Time Filter: PartSelected
                                                                                                           ->  Result  (cost=0.00..1.00 rows=1 width=4)
                                                                                                                 Filter: (c.c_customer_sk = catalog_sales_1_prt_79.cs_ship_customer_sk)
                                                                                                                 ->  Materialize  (cost=0.00..1.00 rows=1 width=4)
                                                                                                                       ->  Broadcast Motion 3:3  (slice162; segments: 3)  (cost=0.00..1.00 rows=1 width=4)
                                                                                                                             ->  Append-only Columnar Scan on catalog_sales_1_prt_79  (cost=0.00..1.00 rows=1 width=4)
                                                                                                     ->  Result  (cost=0.00..1.00 rows=1 width=4)
                                                                                                           One-Time Filter: PartSelected
                                                                                                           ->  Result  (cost=0.00..1.00 rows=1 width=4)
                                                                                                                 Filter: (c.c_customer_sk = catalog_sales_1_prt_80.cs_ship_customer_sk)
                                                                                                                 ->  Materialize  (cost=0.00..1.00 rows=1 width=4)
                                                                                                                       ->  Broadcast Motion 3:3  (slice163; segments: 3)  (cost=0.00..1.00 rows=1 width=4)
                                                                                                                             ->  Append-only Columnar Scan on catalog_sales_1_prt_80  (cost=0.00..1.00 rows=1 width=4)
                                                                                               ->  Hash  (cost=1642.77..1642.77 rows=211 width=4)
                                                                                                     ->  Partition Selector for catalog_sales (dynamic scan id: 1)  (cost=0.00..1642.77 rows=211 width=4)
                                                                                                           Filter: date_dim_3.d_date_sk
                                                                                                           ->  Result  (cost=0.00..1635.41 rows=71 width=4)
                                                                                                                 ->  Materialize  (cost=0.00..1635.41 rows=71 width=4)
                                                                                                                       ->  Broadcast Motion 3:3  (slice164; segments: 3)  (cost=0.00..1634.36 rows=71 width=4)
                                                                                                                             ->  Seq Scan on date_dim date_dim_3  (cost=0.00..1634.36 rows=71 width=4)
                                                                                                                                   Filter: ((d_moy >= 4) AND (d_moy <= 7) AND (d_year = 2002))
                                                                                 ->  Hash  (cost=57526215.74..57526215.74 rows=11 width=4)
                                                                                       ->  Redistribute Motion 3:3  (slice166; segments: 3)  (cost=1650.66..57526215.74 rows=11 width=4)
                                                                                             Hash Key: store_sales_1_prt_outliers.ss_customer_sk
                                                                                             ->  Hash Join  (cost=1650.66..57526215.11 rows=11 width=4)
                                                                                                   Hash Cond: (store_sales_1_prt_outliers.ss_sold_date_sk = date_dim.d_date_sk)
                                                                                                   ->  Append  (cost=0.00..39524635.96 rows=959996170 width=8)
                                                                                                         ->  Result  (cost=0.00..1568615.00 rows=43200334 width=8)
                                                                                                               One-Time Filter: PartSelected
                                                                                                               ->  Append-only Columnar Scan on store_sales_1_prt_outliers  (cost=0.00..1568615.00 rows=43200334 width=8)
                                                                                                         ->  Result  (cost=0.00..324595.00 rows=7840134 width=8)
                                                                                                               One-Time Filter: PartSelected
                                                                                                               ->  Append-only Columnar Scan on store_sales_1_prt_2  (cost=0.00..324595.00 rows=7840134 width=8)
                                                                                                         ->  Result  (cost=0.00..336211.00 rows=8120800 width=8)
                                                                                                               One-Time Filter: PartSelected
                                                                                                               ->  Append-only Columnar Scan on store_sales_1_prt_3  (cost=0.00..336211.00 rows=8120800 width=8)
                                                                                                         ->  Result  (cost=0.00..324382.00 rows=7834967 width=8)
                                                                                                               One-Time Filter: PartSelected
                                                                                                               ->  Append-only Columnar Scan on store_sales_1_prt_4  (cost=0.00..324382.00 rows=7834967 width=8)
                                                                                                         ->  Result  (cost=0.00..336381.00 rows=8124734 width=8)
                                                                                                               One-Time Filter: PartSelected
                                                                                                               ->  Append-only Columnar Scan on store_sales_1_prt_5  (cost=0.00..336381.00 rows=8124734 width=8)
                                                                                                         ->  Result  (cost=0.00..336417.00 rows=8125800 width=8)
                                                                                                               One-Time Filter: PartSelected
                                                                                                               ->  Append-only Columnar Scan on store_sales_1_prt_6  (cost=0.00..336417.00 rows=8125800 width=8)
                                                                                                         ->  Result  (cost=0.00..336453.00 rows=8126567 width=8)
                                                                                                               One-Time Filter: PartSelected
                                                                                                               ->  Append-only Columnar Scan on store_sales_1_prt_7  (cost=0.00..336453.00 rows=8126567 width=8)
                                                                                                         ->  Result  (cost=0.00..336058.00 rows=8116967 width=8)
                                                                                                               One-Time Filter: PartSelected
                                                                                                               ->  Append-only Columnar Scan on store_sales_1_prt_8  (cost=0.00..336058.00 rows=8116967 width=8)
                                                                                                         ->  Result  (cost=0.00..489738.00 rows=11829267 width=8)
                                                                                                               One-Time Filter: PartSelected
                                                                                                               ->  Append-only Columnar Scan on store_sales_1_prt_9  (cost=0.00..489738.00 rows=11829267 width=8)
                                                                                                         ->  Result  (cost=0.00..765474.00 rows=18489534 width=8)
                                                                                                               One-Time Filter: PartSelected
                                                                                                               ->  Append-only Columnar Scan on store_sales_1_prt_10  (cost=0.00..765474.00 rows=18489534 width=8)
                                                                                                         ->  Result  (cost=0.00..766278.00 rows=18508900 width=8)
                                                                                                               One-Time Filter: PartSelected
                                                                                                               ->  Append-only Columnar Scan on store_sales_1_prt_11  (cost=0.00..766278.00 rows=18508900 width=8)
                                                                                                         ->  Result  (cost=0.00..793967.00 rows=19177700 width=8)
                                                                                                               One-Time Filter: PartSelected
                                                                                                               ->  Append-only Columnar Scan on store_sales_1_prt_12  (cost=0.00..793967.00 rows=19177700 width=8)
                                                                                                         ->  Result  (cost=0.00..1159820.00 rows=28014600 width=8)
                                                                                                               One-Time Filter: PartSelected
                                                                                                               ->  Append-only Columnar Scan on store_sales_1_prt_13  (cost=0.00..1159820.00 rows=28014600 width=8)
                                                                                                         ->  Result  (cost=0.00..1160753.00 rows=28037334 width=8)
                                                                                                               One-Time Filter: PartSelected
                                                                                                               ->  Append-only Columnar Scan on store_sales_1_prt_14  (cost=0.00..1160753.00 rows=28037334 width=8)
                                                                                                         ->  Result  (cost=0.00..436710.00 rows=10548367 width=8)
                                                                                                               One-Time Filter: PartSelected
                                                                                                               ->  Append-only Columnar Scan on store_sales_1_prt_15  (cost=0.00..436710.00 rows=10548367 width=8)
                                                                                                         ->  Result  (cost=0.00..336477.00 rows=8127134 width=8)
                                                                                                               One-Time Filter: PartSelected
                                                                                                               ->  Append-only Columnar Scan on store_sales_1_prt_16  (cost=0.00..336477.00 rows=8127134 width=8)
                                                                                                         ->  Result  (cost=0.00..324706.00 rows=7842834 width=8)
                                                                                                               One-Time Filter: PartSelected
                                                                                                               ->  Append-only Columnar Scan on store_sales_1_prt_17  (cost=0.00..324706.00 rows=7842834 width=8)
                                                                                                         ->  Result  (cost=0.00..336587.00 rows=8129867 width=8)
                                                                                                               One-Time Filter: PartSelected
                                                                                                               ->  Append-only Columnar Scan on store_sales_1_prt_18  (cost=0.00..336587.00 rows=8129867 width=8)
                                                                                                         ->  Result  (cost=0.00..336153.00 rows=8119367 width=8)
                                                                                                               One-Time Filter: PartSelected
                                                                                                               ->  Append-only Columnar Scan on store_sales_1_prt_19  (cost=0.00..336153.00 rows=8119367 width=8)
                                                                                                         ->  Result  (cost=0.00..336736.00 rows=8133367 width=8)
                                                                                                               One-Time Filter: PartSelected
                                                                                                               ->  Append-only Columnar Scan on store_sales_1_prt_20  (cost=0.00..336736.00 rows=8133367 width=8)
                                                                                                         ->  Result  (cost=0.00..336190.00 rows=8120200 width=8)
                                                                                                               One-Time Filter: PartSelected
                                                                                                               ->  Append-only Columnar Scan on store_sales_1_prt_21  (cost=0.00..336190.00 rows=8120200 width=8)
                                                                                                         ->  Result  (cost=0.00..474334.00 rows=11457100 width=8)
                                                                                                               One-Time Filter: PartSelected
                                                                                                               ->  Append-only Columnar Scan on store_sales_1_prt_22  (cost=0.00..474334.00 rows=11457100 width=8)
                                                                                                         ->  Result  (cost=0.00..766084.00 rows=18504234 width=8)
                                                                                                               One-Time Filter: PartSelected
                                                                                                               ->  Append-only Columnar Scan on store_sales_1_prt_23  (cost=0.00..766084.00 rows=18504234 width=8)
                                                                                                         ->  Result  (cost=0.00..765781.00 rows=18496900 width=8)
                                                                                                               One-Time Filter: PartSelected
                                                                                                               ->  Append-only Columnar Scan on store_sales_1_prt_24  (cost=0.00..765781.00 rows=18496900 width=8)
                                                                                                         ->  Result  (cost=0.00..779443.00 rows=18826834 width=8)
                                                                                                               One-Time Filter: PartSelected
                                                                                                               ->  Append-only Columnar Scan on store_sales_1_prt_25  (cost=0.00..779443.00 rows=18826834 width=8)
                                                                                                         ->  Result  (cost=0.00..1160832.00 rows=28039467 width=8)
                                                                                                               One-Time Filter: PartSelected
                                                                                                               ->  Append-only Columnar Scan on store_sales_1_prt_26  (cost=0.00..1160832.00 rows=28039467 width=8)
                                                                                                         ->  Result  (cost=0.00..1160090.00 rows=28021400 width=8)
                                                                                                               One-Time Filter: PartSelected
                                                                                                               ->  Append-only Columnar Scan on store_sales_1_prt_27  (cost=0.00..1160090.00 rows=28021400 width=8)
                                                                                                         ->  Result  (cost=0.00..465893.00 rows=11253134 width=8)
                                                                                                               One-Time Filter: PartSelected
                                                                                                               ->  Append-only Columnar Scan on store_sales_1_prt_28  (cost=0.00..465893.00 rows=11253134 width=8)
                                                                                                         ->  Result  (cost=0.00..335914.00 rows=8113600 width=8)
                                                                                                               One-Time Filter: PartSelected
                                                                                                               ->  Append-only Columnar Scan on store_sales_1_prt_29  (cost=0.00..335914.00 rows=8113600 width=8)
                                                                                                         ->  Result  (cost=0.00..336186.00 rows=8120167 width=8)
                                                                                                               One-Time Filter: PartSelected
                                                                                                               ->  Append-only Columnar Scan on store_sales_1_prt_30  (cost=0.00..336186.00 rows=8120167 width=8)
                                                                                                         ->  Result  (cost=0.00..336014.00 rows=8115934 width=8)
                                                                                                               One-Time Filter: PartSelected
                                                                                                               ->  Append-only Columnar Scan on store_sales_1_prt_31  (cost=0.00..336014.00 rows=8115934 width=8)
                                                                                                         ->  Result  (cost=0.00..335918.00 rows=8113667 width=8)
                                                                                                               One-Time Filter: PartSelected
                                                                                                               ->  Append-only Columnar Scan on store_sales_1_prt_32  (cost=0.00..335918.00 rows=8113667 width=8)
                                                                                                         ->  Result  (cost=0.00..336069.00 rows=8117334 width=8)
                                                                                                               One-Time Filter: PartSelected
                                                                                                               ->  Append-only Columnar Scan on store_sales_1_prt_33  (cost=0.00..336069.00 rows=8117334 width=8)
                                                                                                         ->  Result  (cost=0.00..335472.00 rows=8102900 width=8)
                                                                                                               One-Time Filter: PartSelected
                                                                                                               ->  Append-only Columnar Scan on store_sales_1_prt_34  (cost=0.00..335472.00 rows=8102900 width=8)
                                                                                                         ->  Result  (cost=0.00..457985.00 rows=11062100 width=8)
                                                                                                               One-Time Filter: PartSelected
                                                                                                               ->  Append-only Columnar Scan on store_sales_1_prt_35  (cost=0.00..457985.00 rows=11062100 width=8)
                                                                                                         ->  Result  (cost=0.00..764679.00 rows=18470400 width=8)
                                                                                                               One-Time Filter: PartSelected
                                                                                                               ->  Append-only Columnar Scan on store_sales_1_prt_36  (cost=0.00..764679.00 rows=18470400 width=8)
                                                                                                         ->  Result  (cost=0.00..764030.00 rows=18454700 width=8)
                                                                                                               One-Time Filter: PartSelected
                                                                                                               ->  Append-only Columnar Scan on store_sales_1_prt_37  (cost=0.00..764030.00 rows=18454700 width=8)
                                                                                                         ->  Result  (cost=0.00..764484.00 rows=18465634 width=8)
                                                                                                               One-Time Filter: PartSelected
                                                                                                               ->  Append-only Columnar Scan on store_sales_1_prt_38  (cost=0.00..764484.00 rows=18465634 width=8)
                                                                                                         ->  Result  (cost=0.00..1158198.04 rows=27975568 width=8)
                                                                                                               One-Time Filter: PartSelected
                                                                                                               ->  Append-only Columnar Scan on store_sales_1_prt_39  (cost=0.00..1158198.04 rows=27975568 width=8)
                                                                                                         ->  Result  (cost=0.00..1158199.04 rows=27975968 width=8)
                                                                                                               One-Time Filter: PartSelected
                                                                                                               ->  Append-only Columnar Scan on store_sales_1_prt_40  (cost=0.00..1158199.04 rows=27975968 width=8)
                                                                                                         ->  Result  (cost=0.00..483138.00 rows=11669800 width=8)
                                                                                                               One-Time Filter: PartSelected
                                                                                                               ->  Append-only Columnar Scan on store_sales_1_prt_41  (cost=0.00..483138.00 rows=11669800 width=8)
                                                                                                         ->  Result  (cost=0.00..336559.00 rows=8129100 width=8)
                                                                                                               One-Time Filter: PartSelected
                                                                                                               ->  Append-only Columnar Scan on store_sales_1_prt_42  (cost=0.00..336559.00 rows=8129100 width=8)
                                                                                                         ->  Result  (cost=0.00..324602.00 rows=7840367 width=8)
                                                                                                               One-Time Filter: PartSelected
                                                                                                               ->  Append-only Columnar Scan on store_sales_1_prt_43  (cost=0.00..324602.00 rows=7840367 width=8)
                                                                                                         ->  Result  (cost=0.00..336209.00 rows=8120567 width=8)
                                                                                                               One-Time Filter: PartSelected
                                                                                                               ->  Append-only Columnar Scan on store_sales_1_prt_44  (cost=0.00..336209.00 rows=8120567 width=8)
                                                                                                         ->  Result  (cost=0.00..336313.00 rows=8123267 width=8)
                                                                                                               One-Time Filter: PartSelected
                                                                                                               ->  Append-only Columnar Scan on store_sales_1_prt_45  (cost=0.00..336313.00 rows=8123267 width=8)
                                                                                                         ->  Result  (cost=0.00..336621.00 rows=8130734 width=8)
                                                                                                               One-Time Filter: PartSelected
                                                                                                               ->  Append-only Columnar Scan on store_sales_1_prt_46  (cost=0.00..336621.00 rows=8130734 width=8)
                                                                                                         ->  Result  (cost=0.00..335906.00 rows=8113400 width=8)
                                                                                                               One-Time Filter: PartSelected
                                                                                                               ->  Append-only Columnar Scan on store_sales_1_prt_47  (cost=0.00..335906.00 rows=8113400 width=8)
                                                                                                         ->  Result  (cost=0.00..428657.00 rows=10353800 width=8)
                                                                                                               One-Time Filter: PartSelected
                                                                                                               ->  Append-only Columnar Scan on store_sales_1_prt_48  (cost=0.00..428657.00 rows=10353800 width=8)
                                                                                                         ->  Result  (cost=0.00..766560.00 rows=18515734 width=8)
                                                                                                               One-Time Filter: PartSelected
                                                                                                               ->  Append-only Columnar Scan on store_sales_1_prt_49  (cost=0.00..766560.00 rows=18515734 width=8)
                                                                                                         ->  Result  (cost=0.00..766167.00 rows=18506234 width=8)
                                                                                                               One-Time Filter: PartSelected
                                                                                                               ->  Append-only Columnar Scan on store_sales_1_prt_50  (cost=0.00..766167.00 rows=18506234 width=8)
                                                                                                         ->  Result  (cost=0.00..766196.00 rows=18506900 width=8)
                                                                                                               One-Time Filter: PartSelected
                                                                                                               ->  Append-only Columnar Scan on store_sales_1_prt_51  (cost=0.00..766196.00 rows=18506900 width=8)
                                                                                                         ->  Result  (cost=0.00..1130938.00 rows=27317200 width=8)
                                                                                                               One-Time Filter: PartSelected
                                                                                                               ->  Append-only Columnar Scan on store_sales_1_prt_52  (cost=0.00..1130938.00 rows=27317200 width=8)
                                                                                                         ->  Result  (cost=0.00..1160637.96 rows=28034566 width=8)
                                                                                                               One-Time Filter: PartSelected
                                                                                                               ->  Append-only Columnar Scan on store_sales_1_prt_53  (cost=0.00..1160637.96 rows=28034566 width=8)
                                                                                                         ->  Result  (cost=0.00..555225.00 rows=13411000 width=8)
                                                                                                               One-Time Filter: PartSelected
                                                                                                               ->  Append-only Columnar Scan on store_sales_1_prt_54  (cost=0.00..555225.00 rows=13411000 width=8)
                                                                                                         ->  Result  (cost=0.00..336782.00 rows=8134567 width=8)
                                                                                                               One-Time Filter: PartSelected
                                                                                                               ->  Append-only Columnar Scan on store_sales_1_prt_55  (cost=0.00..336782.00 rows=8134567 width=8)
                                                                                                         ->  Result  (cost=0.00..324454.00 rows=7836734 width=8)
                                                                                                               One-Time Filter: PartSelected
                                                                                                               ->  Append-only Columnar Scan on store_sales_1_prt_56  (cost=0.00..324454.00 rows=7836734 width=8)
                                                                                                         ->  Result  (cost=0.00..336546.00 rows=8128867 width=8)
                                                                                                               One-Time Filter: PartSelected
                                                                                                               ->  Append-only Columnar Scan on store_sales_1_prt_57  (cost=0.00..336546.00 rows=8128867 width=8)
                                                                                                         ->  Result  (cost=0.00..336207.00 rows=8120667 width=8)
                                                                                                               One-Time Filter: PartSelected
                                                                                                               ->  Append-only Columnar Scan on store_sales_1_prt_58  (cost=0.00..336207.00 rows=8120667 width=8)
                                                                                                         ->  Result  (cost=0.00..336578.00 rows=8129534 width=8)
                                                                                                               One-Time Filter: PartSelected
                                                                                                               ->  Append-only Columnar Scan on store_sales_1_prt_59  (cost=0.00..336578.00 rows=8129534 width=8)
                                                                                                         ->  Result  (cost=0.00..336468.00 rows=8127067 width=8)
                                                                                                               One-Time Filter: PartSelected
                                                                                                               ->  Append-only Columnar Scan on store_sales_1_prt_60  (cost=0.00..336468.00 rows=8127067 width=8)
                                                                                                         ->  Result  (cost=0.00..412992.00 rows=9975467 width=8)
                                                                                                               One-Time Filter: PartSelected
                                                                                                               ->  Append-only Columnar Scan on store_sales_1_prt_61  (cost=0.00..412992.00 rows=9975467 width=8)
                                                                                                         ->  Result  (cost=0.00..765709.00 rows=18495234 width=8)
                                                                                                               One-Time Filter: PartSelected
                                                                                                               ->  Append-only Columnar Scan on store_sales_1_prt_62  (cost=0.00..765709.00 rows=18495234 width=8)
                                                                                                         ->  Result  (cost=0.00..766176.00 rows=18506500 width=8)
                                                                                                               One-Time Filter: PartSelected
                                                                                                               ->  Append-only Columnar Scan on store_sales_1_prt_63  (cost=0.00..766176.00 rows=18506500 width=8)
                                                                                                         ->  Result  (cost=0.00..766142.00 rows=18505834 width=8)
                                                                                                               One-Time Filter: PartSelected
                                                                                                               ->  Append-only Columnar Scan on store_sales_1_prt_64  (cost=0.00..766142.00 rows=18505834 width=8)
                                                                                                         ->  Result  (cost=0.00..1117566.96 rows=26994166 width=8)
                                                                                                               One-Time Filter: PartSelected
                                                                                                               ->  Append-only Columnar Scan on store_sales_1_prt_65  (cost=0.00..1117566.96 rows=26994166 width=8)
                                                                                                         ->  Result  (cost=0.00..1159645.96 rows=28010566 width=8)
                                                                                                               One-Time Filter: PartSelected
                                                                                                               ->  Append-only Columnar Scan on store_sales_1_prt_66  (cost=0.00..1159645.96 rows=28010566 width=8)
                                                                                                         ->  Result  (cost=0.00..331321.00 rows=8002500 width=8)
                                                                                                               One-Time Filter: PartSelected
                                                                                                               ->  Append-only Columnar Scan on store_sales_1_prt_67  (cost=0.00..331321.00 rows=8002500 width=8)
                                                                                                         ->  Result  (cost=0.00..1.00 rows=1 width=8)
                                                                                                               One-Time Filter: PartSelected
                                                                                                               ->  Append-only Columnar Scan on store_sales_1_prt_68  (cost=0.00..1.00 rows=1 width=8)
                                                                                                         ->  Result  (cost=0.00..1.00 rows=1 width=8)
                                                                                                               One-Time Filter: PartSelected
                                                                                                               ->  Append-only Columnar Scan on store_sales_1_prt_69  (cost=0.00..1.00 rows=1 width=8)
                                                                                                         ->  Result  (cost=0.00..1.00 rows=1 width=8)
                                                                                                               One-Time Filter: PartSelected
                                                                                                               ->  Append-only Columnar Scan on store_sales_1_prt_70  (cost=0.00..1.00 rows=1 width=8)
                                                                                                         ->  Result  (cost=0.00..1.00 rows=1 width=8)
                                                                                                               One-Time Filter: PartSelected
                                                                                                               ->  Append-only Columnar Scan on store_sales_1_prt_71  (cost=0.00..1.00 rows=1 width=8)
                                                                                                         ->  Result  (cost=0.00..1.00 rows=1 width=8)
                                                                                                               One-Time Filter: PartSelected
                                                                                                               ->  Append-only Columnar Scan on store_sales_1_prt_72  (cost=0.00..1.00 rows=1 width=8)
                                                                                                         ->  Result  (cost=0.00..1.00 rows=1 width=8)
                                                                                                               One-Time Filter: PartSelected
                                                                                                               ->  Append-only Columnar Scan on store_sales_1_prt_73  (cost=0.00..1.00 rows=1 width=8)
                                                                                                         ->  Result  (cost=0.00..1.00 rows=1 width=8)
                                                                                                               One-Time Filter: PartSelected
                                                                                                               ->  Append-only Columnar Scan on store_sales_1_prt_74  (cost=0.00..1.00 rows=1 width=8)
                                                                                                         ->  Result  (cost=0.00..1.00 rows=1 width=8)
                                                                                                               One-Time Filter: PartSelected
                                                                                                               ->  Append-only Columnar Scan on store_sales_1_prt_75  (cost=0.00..1.00 rows=1 width=8)
                                                                                                         ->  Result  (cost=0.00..1.00 rows=1 width=8)
                                                                                                               One-Time Filter: PartSelected
                                                                                                               ->  Append-only Columnar Scan on store_sales_1_prt_76  (cost=0.00..1.00 rows=1 width=8)
                                                                                                         ->  Result  (cost=0.00..1.00 rows=1 width=8)
                                                                                                               One-Time Filter: PartSelected
                                                                                                               ->  Append-only Columnar Scan on store_sales_1_prt_77  (cost=0.00..1.00 rows=1 width=8)
                                                                                                         ->  Result  (cost=0.00..1.00 rows=1 width=8)
                                                                                                               One-Time Filter: PartSelected
                                                                                                               ->  Append-only Columnar Scan on store_sales_1_prt_78  (cost=0.00..1.00 rows=1 width=8)
                                                                                                         ->  Result  (cost=0.00..1.00 rows=1 width=8)
                                                                                                               One-Time Filter: PartSelected
                                                                                                               ->  Append-only Columnar Scan on store_sales_1_prt_79  (cost=0.00..1.00 rows=1 width=8)
                                                                                                         ->  Result  (cost=0.00..1.00 rows=1 width=8)
                                                                                                               One-Time Filter: PartSelected
                                                                                                               ->  Append-only Columnar Scan on store_sales_1_prt_80  (cost=0.00..1.00 rows=1 width=8)
                                                                                                   ->  Hash  (cost=1642.77..1642.77 rows=211 width=4)
                                                                                                         ->  Partition Selector for store_sales (dynamic scan id: 1)  (cost=0.00..1642.77 rows=211 width=4)
                                                                                                               Filter: date_dim.d_date_sk
                                                                                                               ->  Broadcast Motion 3:3  (slice165; segments: 3)  (cost=0.00..1642.77 rows=211 width=4)
                                                                                                                     ->  Seq Scan on date_dim  (cost=0.00..1634.36 rows=71 width=4)
                                                                                                                           Filter: ((d_moy >= 4) AND (d_moy <= 7) AND (d_year = 2002))
                                                                     ->  Hash  (cost=123400.84..123400.84 rows=14220 width=4)
                                                                           ->  Seq Scan on customer_address ca  (cost=0.00..123400.84 rows=14220 width=4)
                                                                                 Filter: ((ca_county)::text = ANY ('{"Walker County","Richland County","Gaines County","Douglas County","Dona Ana County"}'::text[]))
                                                         ->  Hash  (cost=23620.80..23620.80 rows=640260 width=41)
                                                               ->  Seq Scan on customer_demographics  (cost=0.00..23620.80 rows=640260 width=41)
 Planning time: 61.215 ms
 Optimizer: legacy query optimizer
(1683 rows)

-- end query 1 in stream 0 using template query10.tpl
