-- start query 1 in stream 0 using template query15.tpl
explain
select  ca_zip
       ,sum(cs_sales_price)
 from catalog_sales
     ,customer
     ,customer_address
     ,date_dim
 where cs_bill_customer_sk = c_customer_sk
 	and c_current_addr_sk = ca_address_sk 
 	and ( substr(ca_zip,1,5) in ('85669', '86197','88274','83405','86475',
                                   '85392', '85460', '80348', '81792')
 	      or ca_state in ('CA','WA','GA')
 	      or cs_sales_price > 500)
 	and cs_sold_date_sk = d_date_sk
 	and d_qoy = 2 and d_year = 2000
 group by ca_zip
 order by ca_zip
 limit 100;
                                                                                                                                                        QUERY PLAN                                                                                                                                                        
--------------------------------------------------------------------------------------------------------------------------------------------------------------------------------------------------------------------------------------------------------------------------------------------------------------------------
 Limit  (cost=32366202.76..32366205.01 rows=100 width=70)
   ->  Gather Motion 3:1  (slice5; segments: 3)  (cost=32366202.76..32366205.01 rows=100 width=70)
         Merge Key: customer_address.ca_zip
         ->  Limit  (cost=32366202.76..32366203.01 rows=34 width=70)
               ->  Sort  (cost=32366202.76..32366211.06 rows=1108 width=70)
                     Sort Key: customer_address.ca_zip
                     ->  HashAggregate  (cost=32366034.27..32366075.79 rows=1108 width=70)
                           Group Key: customer_address.ca_zip
                           ->  Redistribute Motion 3:3  (slice4; segments: 3)  (cost=32365918.00..32365984.44 rows=1108 width=70)
                                 Hash Key: customer_address.ca_zip
                                 ->  HashAggregate  (cost=32365918.00..32365918.00 rows=1108 width=70)
                                       Group Key: customer_address.ca_zip
                                       ->  Hash Join  (cost=491157.36..32364364.39 rows=103575 width=12)
                                             Hash Cond: (customer.c_current_addr_sk = customer_address.ca_address_sk)
                                             Join Filter: ((substr((customer_address.ca_zip)::text, 1, 5) = ANY ('{85669,86197,88274,83405,86475,85392,85460,80348,81792}'::text[])) OR ((customer_address.ca_state)::text = ANY ('{CA,WA,GA}'::text[])) OR (catalog_sales_1_prt_outliers.cs_sales_price > 500::numeric))
                                             ->  Redistribute Motion 3:3  (slice3; segments: 3)  (cost=330246.58..32093087.03 rows=1191692 width=10)
                                                   Hash Key: customer.c_current_addr_sk
                                                   ->  Hash Join  (cost=330246.58..32021585.53 rows=1191692 width=10)
                                                         Hash Cond: (catalog_sales_1_prt_outliers.cs_bill_customer_sk = customer.c_customer_sk)
                                                         ->  Redistribute Motion 3:3  (slice2; segments: 3)  (cost=1465.83..31594312.90 rows=1195078 width=10)
                                                               Hash Key: catalog_sales_1_prt_outliers.cs_bill_customer_sk
                                                               ->  Hash Join  (cost=1465.83..31522608.23 rows=1195078 width=10)
                                                                     Hash Cond: (catalog_sales_1_prt_outliers.cs_sold_date_sk = date_dim.d_date_sk)
                                                                     ->  Append  (cost=0.00..22485412.30 rows=479993481 width=14)
                                                                           ->  Result  (cost=0.00..95971.30 rows=2401110 width=14)
                                                                                 One-Time Filter: PartSelected
                                                                                 ->  Append-only Columnar Scan on catalog_sales_1_prt_outliers  (cost=0.00..95971.30 rows=2401110 width=14)
                                                                           ->  Result  (cost=0.00..198531.00 rows=4234734 width=14)
                                                                                 One-Time Filter: PartSelected
                                                                                 ->  Append-only Columnar Scan on catalog_sales_1_prt_2  (cost=0.00..198531.00 rows=4234734 width=14)
                                                                           ->  Result  (cost=0.00..198470.00 rows=4233434 width=14)
                                                                                 One-Time Filter: PartSelected
                                                                                 ->  Append-only Columnar Scan on catalog_sales_1_prt_3  (cost=0.00..198470.00 rows=4233434 width=14)
                                                                           ->  Result  (cost=0.00..191463.00 rows=4083934 width=14)
                                                                                 One-Time Filter: PartSelected
                                                                                 ->  Append-only Columnar Scan on catalog_sales_1_prt_4  (cost=0.00..191463.00 rows=4083934 width=14)
                                                                           ->  Result  (cost=0.00..198330.00 rows=4230434 width=14)
                                                                                 One-Time Filter: PartSelected
                                                                                 ->  Append-only Columnar Scan on catalog_sales_1_prt_5  (cost=0.00..198330.00 rows=4230434 width=14)
                                                                           ->  Result  (cost=0.00..198496.00 rows=4233967 width=14)
                                                                                 One-Time Filter: PartSelected
                                                                                 ->  Append-only Columnar Scan on catalog_sales_1_prt_6  (cost=0.00..198496.00 rows=4233967 width=14)
                                                                           ->  Result  (cost=0.00..198494.00 rows=4233967 width=14)
                                                                                 One-Time Filter: PartSelected
                                                                                 ->  Append-only Columnar Scan on catalog_sales_1_prt_7  (cost=0.00..198494.00 rows=4233967 width=14)
                                                                           ->  Result  (cost=0.00..198576.00 rows=4235667 width=14)
                                                                                 One-Time Filter: PartSelected
                                                                                 ->  Append-only Columnar Scan on catalog_sales_1_prt_8  (cost=0.00..198576.00 rows=4235667 width=14)
                                                                           ->  Result  (cost=0.00..297942.00 rows=6355400 width=14)
                                                                                 One-Time Filter: PartSelected
                                                                                 ->  Append-only Columnar Scan on catalog_sales_1_prt_9  (cost=0.00..297942.00 rows=6355400 width=14)
                                                                           ->  Result  (cost=0.00..451674.00 rows=9634834 width=14)
                                                                                 One-Time Filter: PartSelected
                                                                                 ->  Append-only Columnar Scan on catalog_sales_1_prt_10  (cost=0.00..451674.00 rows=9634834 width=14)
                                                                           ->  Result  (cost=0.00..451572.00 rows=9632700 width=14)
                                                                                 One-Time Filter: PartSelected
                                                                                 ->  Append-only Columnar Scan on catalog_sales_1_prt_11  (cost=0.00..451572.00 rows=9632700 width=14)
                                                                           ->  Result  (cost=0.00..476631.00 rows=10167234 width=14)
                                                                                 One-Time Filter: PartSelected
                                                                                 ->  Append-only Columnar Scan on catalog_sales_1_prt_12  (cost=0.00..476631.00 rows=10167234 width=14)
                                                                           ->  Result  (cost=0.00..684375.00 rows=14598867 width=14)
                                                                                 One-Time Filter: PartSelected
                                                                                 ->  Append-only Columnar Scan on catalog_sales_1_prt_13  (cost=0.00..684375.00 rows=14598867 width=14)
                                                                           ->  Result  (cost=0.00..684389.00 rows=14599200 width=14)
                                                                                 One-Time Filter: PartSelected
                                                                                 ->  Append-only Columnar Scan on catalog_sales_1_prt_14  (cost=0.00..684389.00 rows=14599200 width=14)
                                                                           ->  Result  (cost=0.00..215804.00 rows=4603234 width=14)
                                                                                 One-Time Filter: PartSelected
                                                                                 ->  Append-only Columnar Scan on catalog_sales_1_prt_15  (cost=0.00..215804.00 rows=4603234 width=14)
                                                                           ->  Result  (cost=0.00..198278.00 rows=4229400 width=14)
                                                                                 One-Time Filter: PartSelected
                                                                                 ->  Append-only Columnar Scan on catalog_sales_1_prt_16  (cost=0.00..198278.00 rows=4229400 width=14)
                                                                           ->  Result  (cost=0.00..191360.00 rows=4081734 width=14)
                                                                                 One-Time Filter: PartSelected
                                                                                 ->  Append-only Columnar Scan on catalog_sales_1_prt_17  (cost=0.00..191360.00 rows=4081734 width=14)
                                                                           ->  Result  (cost=0.00..198408.00 rows=4232134 width=14)
                                                                                 One-Time Filter: PartSelected
                                                                                 ->  Append-only Columnar Scan on catalog_sales_1_prt_18  (cost=0.00..198408.00 rows=4232134 width=14)
                                                                           ->  Result  (cost=0.00..198462.00 rows=4233300 width=14)
                                                                                 One-Time Filter: PartSelected
                                                                                 ->  Append-only Columnar Scan on catalog_sales_1_prt_19  (cost=0.00..198462.00 rows=4233300 width=14)
                                                                           ->  Result  (cost=0.00..198463.00 rows=4233267 width=14)
                                                                                 One-Time Filter: PartSelected
                                                                                 ->  Append-only Columnar Scan on catalog_sales_1_prt_20  (cost=0.00..198463.00 rows=4233267 width=14)
                                                                           ->  Result  (cost=0.00..198544.00 rows=4235034 width=14)
                                                                                 One-Time Filter: PartSelected
                                                                                 ->  Append-only Columnar Scan on catalog_sales_1_prt_21  (cost=0.00..198544.00 rows=4235034 width=14)
                                                                           ->  Result  (cost=0.00..288857.00 rows=6161600 width=14)
                                                                                 One-Time Filter: PartSelected
                                                                                 ->  Append-only Columnar Scan on catalog_sales_1_prt_22  (cost=0.00..288857.00 rows=6161600 width=14)
                                                                           ->  Result  (cost=0.00..451775.00 rows=9637067 width=14)
                                                                                 One-Time Filter: PartSelected
                                                                                 ->  Append-only Columnar Scan on catalog_sales_1_prt_23  (cost=0.00..451775.00 rows=9637067 width=14)
                                                                           ->  Result  (cost=0.00..451807.00 rows=9637734 width=14)
                                                                                 One-Time Filter: PartSelected
                                                                                 ->  Append-only Columnar Scan on catalog_sales_1_prt_24  (cost=0.00..451807.00 rows=9637734 width=14)
                                                                           ->  Result  (cost=0.00..468431.00 rows=9992300 width=14)
                                                                                 One-Time Filter: PartSelected
                                                                                 ->  Append-only Columnar Scan on catalog_sales_1_prt_25  (cost=0.00..468431.00 rows=9992300 width=14)
                                                                           ->  Result  (cost=0.00..684511.00 rows=14601800 width=14)
                                                                                 One-Time Filter: PartSelected
                                                                                 ->  Append-only Columnar Scan on catalog_sales_1_prt_26  (cost=0.00..684511.00 rows=14601800 width=14)
                                                                           ->  Result  (cost=0.00..684485.00 rows=14601267 width=14)
                                                                                 One-Time Filter: PartSelected
                                                                                 ->  Append-only Columnar Scan on catalog_sales_1_prt_27  (cost=0.00..684485.00 rows=14601267 width=14)
                                                                           ->  Result  (cost=0.00..232955.00 rows=4969100 width=14)
                                                                                 One-Time Filter: PartSelected
                                                                                 ->  Append-only Columnar Scan on catalog_sales_1_prt_28  (cost=0.00..232955.00 rows=4969100 width=14)
                                                                           ->  Result  (cost=0.00..198182.00 rows=4227400 width=14)
                                                                                 One-Time Filter: PartSelected
                                                                                 ->  Append-only Columnar Scan on catalog_sales_1_prt_29  (cost=0.00..198182.00 rows=4227400 width=14)
                                                                           ->  Result  (cost=0.00..198180.00 rows=4227300 width=14)
                                                                                 One-Time Filter: PartSelected
                                                                                 ->  Append-only Columnar Scan on catalog_sales_1_prt_30  (cost=0.00..198180.00 rows=4227300 width=14)
                                                                           ->  Result  (cost=0.00..198236.00 rows=4228467 width=14)
                                                                                 One-Time Filter: PartSelected
                                                                                 ->  Append-only Columnar Scan on catalog_sales_1_prt_31  (cost=0.00..198236.00 rows=4228467 width=14)
                                                                           ->  Result  (cost=0.00..198161.00 rows=4226867 width=14)
                                                                                 One-Time Filter: PartSelected
                                                                                 ->  Append-only Columnar Scan on catalog_sales_1_prt_32  (cost=0.00..198161.00 rows=4226867 width=14)
                                                                           ->  Result  (cost=0.00..198143.00 rows=4226467 width=14)
                                                                                 One-Time Filter: PartSelected
                                                                                 ->  Append-only Columnar Scan on catalog_sales_1_prt_33  (cost=0.00..198143.00 rows=4226467 width=14)
                                                                           ->  Result  (cost=0.00..198217.00 rows=4228000 width=14)
                                                                                 One-Time Filter: PartSelected
                                                                                 ->  Append-only Columnar Scan on catalog_sales_1_prt_34  (cost=0.00..198217.00 rows=4228000 width=14)
                                                                           ->  Result  (cost=0.00..279401.00 rows=5959900 width=14)
                                                                                 One-Time Filter: PartSelected
                                                                                 ->  Append-only Columnar Scan on catalog_sales_1_prt_35  (cost=0.00..279401.00 rows=5959900 width=14)
                                                                           ->  Result  (cost=0.00..451102.00 rows=9622600 width=14)
                                                                                 One-Time Filter: PartSelected
                                                                                 ->  Append-only Columnar Scan on catalog_sales_1_prt_36  (cost=0.00..451102.00 rows=9622600 width=14)
                                                                           ->  Result  (cost=0.00..451004.00 rows=9620567 width=14)
                                                                                 One-Time Filter: PartSelected
                                                                                 ->  Append-only Columnar Scan on catalog_sales_1_prt_37  (cost=0.00..451004.00 rows=9620567 width=14)
                                                                           ->  Result  (cost=0.00..459207.00 rows=9795567 width=14)
                                                                                 One-Time Filter: PartSelected
                                                                                 ->  Append-only Columnar Scan on catalog_sales_1_prt_38  (cost=0.00..459207.00 rows=9795567 width=14)
                                                                           ->  Result  (cost=0.00..683201.00 rows=14573867 width=14)
                                                                                 One-Time Filter: PartSelected
                                                                                 ->  Append-only Columnar Scan on catalog_sales_1_prt_39  (cost=0.00..683201.00 rows=14573867 width=14)
                                                                           ->  Result  (cost=0.00..683288.00 rows=14575634 width=14)
                                                                                 One-Time Filter: PartSelected
                                                                                 ->  Append-only Columnar Scan on catalog_sales_1_prt_40  (cost=0.00..683288.00 rows=14575634 width=14)
                                                                           ->  Result  (cost=0.00..267716.00 rows=5710600 width=14)
                                                                                 One-Time Filter: PartSelected
                                                                                 ->  Append-only Columnar Scan on catalog_sales_1_prt_41  (cost=0.00..267716.00 rows=5710600 width=14)
                                                                           ->  Result  (cost=0.00..198348.00 rows=4230867 width=14)
                                                                                 One-Time Filter: PartSelected
                                                                                 ->  Append-only Columnar Scan on catalog_sales_1_prt_42  (cost=0.00..198348.00 rows=4230867 width=14)
                                                                           ->  Result  (cost=0.00..191374.00 rows=4082034 width=14)
                                                                                 One-Time Filter: PartSelected
                                                                                 ->  Append-only Columnar Scan on catalog_sales_1_prt_43  (cost=0.00..191374.00 rows=4082034 width=14)
                                                                           ->  Result  (cost=0.00..198449.00 rows=4233067 width=14)
                                                                                 One-Time Filter: PartSelected
                                                                                 ->  Append-only Columnar Scan on catalog_sales_1_prt_44  (cost=0.00..198449.00 rows=4233067 width=14)
                                                                           ->  Result  (cost=0.00..198436.00 rows=4232667 width=14)
                                                                                 One-Time Filter: PartSelected
                                                                                 ->  Append-only Columnar Scan on catalog_sales_1_prt_45  (cost=0.00..198436.00 rows=4232667 width=14)
                                                                           ->  Result  (cost=0.00..198484.00 rows=4233767 width=14)
                                                                                 One-Time Filter: PartSelected
                                                                                 ->  Append-only Columnar Scan on catalog_sales_1_prt_46  (cost=0.00..198484.00 rows=4233767 width=14)
                                                                           ->  Result  (cost=0.00..198486.00 rows=4233767 width=14)
                                                                                 One-Time Filter: PartSelected
                                                                                 ->  Append-only Columnar Scan on catalog_sales_1_prt_47  (cost=0.00..198486.00 rows=4233767 width=14)
                                                                           ->  Result  (cost=0.00..261759.00 rows=5583500 width=14)
                                                                                 One-Time Filter: PartSelected
                                                                                 ->  Append-only Columnar Scan on catalog_sales_1_prt_48  (cost=0.00..261759.00 rows=5583500 width=14)
                                                                           ->  Result  (cost=0.00..451867.00 rows=9638934 width=14)
                                                                                 One-Time Filter: PartSelected
                                                                                 ->  Append-only Columnar Scan on catalog_sales_1_prt_49  (cost=0.00..451867.00 rows=9638934 width=14)
                                                                           ->  Result  (cost=0.00..451711.00 rows=9635634 width=14)
                                                                                 One-Time Filter: PartSelected
                                                                                 ->  Append-only Columnar Scan on catalog_sales_1_prt_50  (cost=0.00..451711.00 rows=9635634 width=14)
                                                                           ->  Result  (cost=0.00..451715.00 rows=9635700 width=14)
                                                                                 One-Time Filter: PartSelected
                                                                                 ->  Append-only Columnar Scan on catalog_sales_1_prt_51  (cost=0.00..451715.00 rows=9635700 width=14)
                                                                           ->  Result  (cost=0.00..676048.00 rows=14421300 width=14)
                                                                                 One-Time Filter: PartSelected
                                                                                 ->  Append-only Columnar Scan on catalog_sales_1_prt_52  (cost=0.00..676048.00 rows=14421300 width=14)
                                                                           ->  Result  (cost=0.00..684330.00 rows=14597934 width=14)
                                                                                 One-Time Filter: PartSelected
                                                                                 ->  Append-only Columnar Scan on catalog_sales_1_prt_53  (cost=0.00..684330.00 rows=14597934 width=14)
                                                                           ->  Result  (cost=0.00..285353.00 rows=6086800 width=14)
                                                                                 One-Time Filter: PartSelected
                                                                                 ->  Append-only Columnar Scan on catalog_sales_1_prt_54  (cost=0.00..285353.00 rows=6086800 width=14)
                                                                           ->  Result  (cost=0.00..198500.00 rows=4234067 width=14)
                                                                                 One-Time Filter: PartSelected
                                                                                 ->  Append-only Columnar Scan on catalog_sales_1_prt_55  (cost=0.00..198500.00 rows=4234067 width=14)
                                                                           ->  Result  (cost=0.00..191327.00 rows=4081100 width=14)
                                                                                 One-Time Filter: PartSelected
                                                                                 ->  Append-only Columnar Scan on catalog_sales_1_prt_56  (cost=0.00..191327.00 rows=4081100 width=14)
                                                                           ->  Result  (cost=0.00..198470.00 rows=4233434 width=14)
                                                                                 One-Time Filter: PartSelected
                                                                                 ->  Append-only Columnar Scan on catalog_sales_1_prt_57  (cost=0.00..198470.00 rows=4233434 width=14)
                                                                           ->  Result  (cost=0.00..198434.00 rows=4232667 width=14)
                                                                                 One-Time Filter: PartSelected
                                                                                 ->  Append-only Columnar Scan on catalog_sales_1_prt_58  (cost=0.00..198434.00 rows=4232667 width=14)
                                                                           ->  Result  (cost=0.00..198457.00 rows=4233100 width=14)
                                                                                 One-Time Filter: PartSelected
                                                                                 ->  Append-only Columnar Scan on catalog_sales_1_prt_59  (cost=0.00..198457.00 rows=4233100 width=14)
                                                                           ->  Result  (cost=0.00..198420.00 rows=4232400 width=14)
                                                                                 One-Time Filter: PartSelected
                                                                                 ->  Append-only Columnar Scan on catalog_sales_1_prt_60  (cost=0.00..198420.00 rows=4232400 width=14)
                                                                           ->  Result  (cost=0.00..252732.00 rows=5390967 width=14)
                                                                                 One-Time Filter: PartSelected
                                                                                 ->  Append-only Columnar Scan on catalog_sales_1_prt_61  (cost=0.00..252732.00 rows=5390967 width=14)
                                                                           ->  Result  (cost=0.00..451735.00 rows=9636134 width=14)
                                                                                 One-Time Filter: PartSelected
                                                                                 ->  Append-only Columnar Scan on catalog_sales_1_prt_62  (cost=0.00..451735.00 rows=9636134 width=14)
                                                                           ->  Result  (cost=0.00..451761.00 rows=9636700 width=14)
                                                                                 One-Time Filter: PartSelected
                                                                                 ->  Append-only Columnar Scan on catalog_sales_1_prt_63  (cost=0.00..451761.00 rows=9636700 width=14)
                                                                           ->  Result  (cost=0.00..451680.00 rows=9634900 width=14)
                                                                                 One-Time Filter: PartSelected
                                                                                 ->  Append-only Columnar Scan on catalog_sales_1_prt_64  (cost=0.00..451680.00 rows=9634900 width=14)
                                                                           ->  Result  (cost=0.00..667727.00 rows=14243734 width=14)
                                                                                 One-Time Filter: PartSelected
                                                                                 ->  Append-only Columnar Scan on catalog_sales_1_prt_65  (cost=0.00..667727.00 rows=14243734 width=14)
                                                                           ->  Result  (cost=0.00..684173.00 rows=14594534 width=14)
                                                                                 One-Time Filter: PartSelected
                                                                                 ->  Append-only Columnar Scan on catalog_sales_1_prt_66  (cost=0.00..684173.00 rows=14594534 width=14)
                                                                           ->  Result  (cost=0.00..244531.00 rows=5216100 width=14)
                                                                                 One-Time Filter: PartSelected
                                                                                 ->  Append-only Columnar Scan on catalog_sales_1_prt_67  (cost=0.00..244531.00 rows=5216100 width=14)
                                                                           ->  Result  (cost=0.00..1.00 rows=1 width=22)
                                                                                 One-Time Filter: PartSelected
                                                                                 ->  Append-only Columnar Scan on catalog_sales_1_prt_68  (cost=0.00..1.00 rows=1 width=22)
                                                                           ->  Result  (cost=0.00..1.00 rows=1 width=22)
                                                                                 One-Time Filter: PartSelected
                                                                                 ->  Append-only Columnar Scan on catalog_sales_1_prt_69  (cost=0.00..1.00 rows=1 width=22)
                                                                           ->  Result  (cost=0.00..1.00 rows=1 width=22)
                                                                                 One-Time Filter: PartSelected
                                                                                 ->  Append-only Columnar Scan on catalog_sales_1_prt_70  (cost=0.00..1.00 rows=1 width=22)
                                                                           ->  Result  (cost=0.00..1.00 rows=1 width=22)
                                                                                 One-Time Filter: PartSelected
                                                                                 ->  Append-only Columnar Scan on catalog_sales_1_prt_71  (cost=0.00..1.00 rows=1 width=22)
                                                                           ->  Result  (cost=0.00..1.00 rows=1 width=22)
                                                                                 One-Time Filter: PartSelected
                                                                                 ->  Append-only Columnar Scan on catalog_sales_1_prt_72  (cost=0.00..1.00 rows=1 width=22)
                                                                           ->  Result  (cost=0.00..1.00 rows=1 width=22)
                                                                                 One-Time Filter: PartSelected
                                                                                 ->  Append-only Columnar Scan on catalog_sales_1_prt_73  (cost=0.00..1.00 rows=1 width=22)
                                                                           ->  Result  (cost=0.00..1.00 rows=1 width=22)
                                                                                 One-Time Filter: PartSelected
                                                                                 ->  Append-only Columnar Scan on catalog_sales_1_prt_74  (cost=0.00..1.00 rows=1 width=22)
                                                                           ->  Result  (cost=0.00..1.00 rows=1 width=22)
                                                                                 One-Time Filter: PartSelected
                                                                                 ->  Append-only Columnar Scan on catalog_sales_1_prt_75  (cost=0.00..1.00 rows=1 width=22)
                                                                           ->  Result  (cost=0.00..1.00 rows=1 width=22)
                                                                                 One-Time Filter: PartSelected
                                                                                 ->  Append-only Columnar Scan on catalog_sales_1_prt_76  (cost=0.00..1.00 rows=1 width=22)
                                                                           ->  Result  (cost=0.00..1.00 rows=1 width=22)
                                                                                 One-Time Filter: PartSelected
                                                                                 ->  Append-only Columnar Scan on catalog_sales_1_prt_77  (cost=0.00..1.00 rows=1 width=22)
                                                                           ->  Result  (cost=0.00..1.00 rows=1 width=22)
                                                                                 One-Time Filter: PartSelected
                                                                                 ->  Append-only Columnar Scan on catalog_sales_1_prt_78  (cost=0.00..1.00 rows=1 width=22)
                                                                           ->  Result  (cost=0.00..1.00 rows=1 width=22)
                                                                                 One-Time Filter: PartSelected
                                                                                 ->  Append-only Columnar Scan on catalog_sales_1_prt_79  (cost=0.00..1.00 rows=1 width=22)
                                                                           ->  Result  (cost=0.00..1.00 rows=1 width=22)
                                                                                 One-Time Filter: PartSelected
                                                                                 ->  Append-only Columnar Scan on catalog_sales_1_prt_80  (cost=0.00..1.00 rows=1 width=22)
                                                                     ->  Hash  (cost=1459.01..1459.01 rows=182 width=4)
                                                                           ->  Partition Selector for catalog_sales (dynamic scan id: 1)  (cost=0.00..1459.01 rows=182 width=4)
                                                                                 Filter: date_dim.d_date_sk
                                                                                 ->  Broadcast Motion 3:3  (slice1; segments: 3)  (cost=0.00..1459.01 rows=182 width=4)
                                                                                       ->  Seq Scan on date_dim  (cost=0.00..1451.73 rows=61 width=4)
                                                                                             Filter: ((d_qoy = 2) AND (d_year = 2000))
                                                         ->  Hash  (cost=178782.00..178782.00 rows=3999967 width=8)
                                                               ->  Seq Scan on customer  (cost=0.00..178782.00 rows=3999967 width=8)
                                             ->  Hash  (cost=85890.90..85890.90 rows=2000530 width=13)
                                                   ->  Seq Scan on customer_address  (cost=0.00..85890.90 rows=2000530 width=13)
 Planning time: 16.585 ms
 Optimizer: legacy query optimizer
(276 rows)

-- end query 1 in stream 0 using template query15.tpl
