-- start query 1 in stream 0 using template query22.tpl
explain
select  i_product_name
             ,i_brand
             ,i_class
             ,i_category
             ,avg(inv_quantity_on_hand) qoh
       from inventory
           ,date_dim
           ,item
           ,warehouse
       where inv_date_sk=d_date_sk
              and inv_item_sk=i_item_sk
              and inv_warehouse_sk = w_warehouse_sk
              and d_month_seq between 1212 and 1212 + 11
       group by rollup(i_product_name
                       ,i_brand
                       ,i_class
                       ,i_category)
order by qoh, i_product_name, i_brand, i_class, i_category
limit 100;
                                                                                                            QUERY PLAN                                                                                                             
-----------------------------------------------------------------------------------------------------------------------------------------------------------------------------------------------------------------------------------
 Limit  (cost=14332188.12..14332190.37 rows=100 width=504)
   ->  Gather Motion 3:1  (slice5; segments: 3)  (cost=14332188.12..14332190.37 rows=100 width=504)
         Merge Key: (pg_catalog.avg(partial_aggregation.unnamed_attr_5)), partial_aggregation.i_product_name, partial_aggregation.i_brand, partial_aggregation.i_class, partial_aggregation.i_category
         ->  Limit  (cost=14332188.12..14332188.37 rows=34 width=504)
               ->  Sort  (cost=14332188.12..14335429.96 rows=432246 width=504)
                     Sort Key: (pg_catalog.avg(partial_aggregation.unnamed_attr_5)), partial_aggregation.i_product_name, partial_aggregation.i_brand, partial_aggregation.i_class, partial_aggregation.i_category
                     ->  HashAggregate  (cost=14252780.99..14282627.76 rows=432246 width=504)
                           Group Key: partial_aggregation.i_product_name, partial_aggregation.i_brand, partial_aggregation.i_class, partial_aggregation.i_category, partial_aggregation."grouping", partial_aggregation."group_id"
                           ->  Subquery Scan on partial_aggregation  (cost=14140010.41..14237397.83 rows=33250 width=516)
                                 ->  Redistribute Motion 3:3  (slice4; segments: 3)  (cost=14140010.41..14236400.34 rows=33250 width=516)
                                       Hash Key: "rollup".i_product_name, "rollup".i_brand, "rollup".i_class, "rollup".i_category
                                       ->  GroupAggregate  (cost=14140010.41..14234405.36 rows=33250 width=516)
                                             Group Key: "rollup"."grouping", "rollup"."group_id", "rollup".i_class, "rollup".i_category, "rollup".i_product_name, "rollup".i_brand
                                             ->  Subquery Scan on "rollup"  (cost=14140010.41..14230540.09 rows=49875 width=516)
                                                   ->  GroupAggregate  (cost=14140010.41..14229043.86 rows=49875 width=516)
                                                         Group Key: rollup_1.i_product_name, rollup_1."grouping", rollup_1."group_id", rollup_1.i_category, rollup_1.i_brand, rollup_1.i_class
                                                         ->  Subquery Scan on rollup_1  (cost=14140010.41..14223682.36 rows=66500 width=516)
                                                               ->  GroupAggregate  (cost=14140010.41..14221687.38 rows=66500 width=516)
                                                                     Group Key: rollup_2.i_product_name, rollup_2.i_brand, rollup_2."grouping", rollup_2."group_id", rollup_2.i_class, rollup_2.i_category
                                                                     ->  Subquery Scan on rollup_2  (cost=14140010.41..14214829.64 rows=83124 width=516)
                                                                           ->  GroupAggregate  (cost=14140010.41..14212335.92 rows=83124 width=516)
                                                                                 Group Key: rollup_3.i_product_name, rollup_3.i_brand, rollup_3.i_class, rollup_3."grouping", rollup_3."group_id", rollup_3.i_category
                                                                                 ->  Subquery Scan on rollup_3  (cost=14140010.41..14203981.95 rows=99749 width=516)
                                                                                       ->  GroupAggregate  (cost=14140010.41..14200989.48 rows=99749 width=516)
                                                                                             Group Key: item.i_product_name, item.i_brand, item.i_class, item.i_category
                                                                                             ->  Sort  (cost=14140010.41..14149550.16 rows=1271967 width=58)
                                                                                                   Sort Key: item.i_product_name, item.i_brand, item.i_class, item.i_category
                                                                                                   ->  Hash Join  (cost=11218.13..13195092.15 rows=1271967 width=58)
                                                                                                         Hash Cond: (inventory_1_prt_outliers.inv_warehouse_sk = warehouse.w_warehouse_sk)
                                                                                                         ->  Hash Join  (cost=11201.38..13133067.04 rows=1271967 width=62)
                                                                                                               Hash Cond: (inventory_1_prt_outliers.inv_item_sk = item.i_item_sk)
                                                                                                               ->  Redistribute Motion 3:3  (slice2; segments: 3)  (cost=1479.32..13070876.38 rows=1271967 width=12)
                                                                                                                     Hash Key: inventory_1_prt_outliers.inv_item_sk
                                                                                                                     ->  Hash Join  (cost=1479.32..12994558.40 rows=1271967 width=12)
                                                                                                                           Hash Cond: (inventory_1_prt_outliers.inv_date_sk = date_dim.d_date_sk)
                                                                                                                           ->  Append  (cost=0.00..8061170.00 rows=261000005 width=16)
                                                                                                                                 ->  Result  (cost=0.00..32.00 rows=1 width=16)
                                                                                                                                       One-Time Filter: PartSelected
                                                                                                                                       ->  Append-only Scan on inventory_1_prt_outliers  (cost=0.00..32.00 rows=1 width=16)
                                                                                                                                 ->  Result  (cost=0.00..123538.00 rows=4000000 width=16)
                                                                                                                                       One-Time Filter: PartSelected
                                                                                                                                       ->  Append-only Scan on inventory_1_prt_2  (cost=0.00..123538.00 rows=4000000 width=16)
                                                                                                                                 ->  Result  (cost=0.00..123535.00 rows=4000000 width=16)
                                                                                                                                       One-Time Filter: PartSelected
                                                                                                                                       ->  Append-only Scan on inventory_1_prt_3  (cost=0.00..123535.00 rows=4000000 width=16)
                                                                                                                                 ->  Result  (cost=0.00..123539.00 rows=4000000 width=16)
                                                                                                                                       One-Time Filter: PartSelected
                                                                                                                                       ->  Append-only Scan on inventory_1_prt_4  (cost=0.00..123539.00 rows=4000000 width=16)
                                                                                                                                 ->  Result  (cost=0.00..123535.00 rows=4000000 width=16)
                                                                                                                                       One-Time Filter: PartSelected
                                                                                                                                       ->  Append-only Scan on inventory_1_prt_5  (cost=0.00..123535.00 rows=4000000 width=16)
                                                                                                                                 ->  Result  (cost=0.00..123537.00 rows=4000000 width=16)
                                                                                                                                       One-Time Filter: PartSelected
                                                                                                                                       ->  Append-only Scan on inventory_1_prt_6  (cost=0.00..123537.00 rows=4000000 width=16)
                                                                                                                                 ->  Result  (cost=0.00..123537.00 rows=4000000 width=16)
                                                                                                                                       One-Time Filter: PartSelected
                                                                                                                                       ->  Append-only Scan on inventory_1_prt_7  (cost=0.00..123537.00 rows=4000000 width=16)
                                                                                                                                 ->  Result  (cost=0.00..123536.00 rows=4000000 width=16)
                                                                                                                                       One-Time Filter: PartSelected
                                                                                                                                       ->  Append-only Scan on inventory_1_prt_8  (cost=0.00..123536.00 rows=4000000 width=16)
                                                                                                                                 ->  Result  (cost=0.00..123537.00 rows=4000000 width=16)
                                                                                                                                       One-Time Filter: PartSelected
                                                                                                                                       ->  Append-only Scan on inventory_1_prt_9  (cost=0.00..123537.00 rows=4000000 width=16)
                                                                                                                                 ->  Result  (cost=0.00..123537.00 rows=4000000 width=16)
                                                                                                                                       One-Time Filter: PartSelected
                                                                                                                                       ->  Append-only Scan on inventory_1_prt_10  (cost=0.00..123537.00 rows=4000000 width=16)
                                                                                                                                 ->  Result  (cost=0.00..123535.00 rows=4000000 width=16)
                                                                                                                                       One-Time Filter: PartSelected
                                                                                                                                       ->  Append-only Scan on inventory_1_prt_11  (cost=0.00..123535.00 rows=4000000 width=16)
                                                                                                                                 ->  Result  (cost=0.00..123535.00 rows=4000000 width=16)
                                                                                                                                       One-Time Filter: PartSelected
                                                                                                                                       ->  Append-only Scan on inventory_1_prt_12  (cost=0.00..123535.00 rows=4000000 width=16)
                                                                                                                                 ->  Result  (cost=0.00..123532.00 rows=4000000 width=16)
                                                                                                                                       One-Time Filter: PartSelected
                                                                                                                                       ->  Append-only Scan on inventory_1_prt_13  (cost=0.00..123532.00 rows=4000000 width=16)
                                                                                                                                 ->  Result  (cost=0.00..123538.00 rows=4000000 width=16)
                                                                                                                                       One-Time Filter: PartSelected
                                                                                                                                       ->  Append-only Scan on inventory_1_prt_14  (cost=0.00..123538.00 rows=4000000 width=16)
                                                                                                                                 ->  Result  (cost=0.00..123536.00 rows=4000000 width=16)
                                                                                                                                       One-Time Filter: PartSelected
                                                                                                                                       ->  Append-only Scan on inventory_1_prt_15  (cost=0.00..123536.00 rows=4000000 width=16)
                                                                                                                                 ->  Result  (cost=0.00..123537.00 rows=4000000 width=16)
                                                                                                                                       One-Time Filter: PartSelected
                                                                                                                                       ->  Append-only Scan on inventory_1_prt_16  (cost=0.00..123537.00 rows=4000000 width=16)
                                                                                                                                 ->  Result  (cost=0.00..123537.00 rows=4000000 width=16)
                                                                                                                                       One-Time Filter: PartSelected
                                                                                                                                       ->  Append-only Scan on inventory_1_prt_17  (cost=0.00..123537.00 rows=4000000 width=16)
                                                                                                                                 ->  Result  (cost=0.00..123538.00 rows=4000000 width=16)
                                                                                                                                       One-Time Filter: PartSelected
                                                                                                                                       ->  Append-only Scan on inventory_1_prt_18  (cost=0.00..123538.00 rows=4000000 width=16)
                                                                                                                                 ->  Result  (cost=0.00..123537.00 rows=4000000 width=16)
                                                                                                                                       One-Time Filter: PartSelected
                                                                                                                                       ->  Append-only Scan on inventory_1_prt_19  (cost=0.00..123537.00 rows=4000000 width=16)
                                                                                                                                 ->  Result  (cost=0.00..123537.00 rows=4000000 width=16)
                                                                                                                                       One-Time Filter: PartSelected
                                                                                                                                       ->  Append-only Scan on inventory_1_prt_20  (cost=0.00..123537.00 rows=4000000 width=16)
                                                                                                                                 ->  Result  (cost=0.00..123535.00 rows=4000000 width=16)
                                                                                                                                       One-Time Filter: PartSelected
                                                                                                                                       ->  Append-only Scan on inventory_1_prt_21  (cost=0.00..123535.00 rows=4000000 width=16)
                                                                                                                                 ->  Result  (cost=0.00..123538.00 rows=4000000 width=16)
                                                                                                                                       One-Time Filter: PartSelected
                                                                                                                                       ->  Append-only Scan on inventory_1_prt_22  (cost=0.00..123538.00 rows=4000000 width=16)
                                                                                                                                 ->  Result  (cost=0.00..123538.00 rows=4000000 width=16)
                                                                                                                                       One-Time Filter: PartSelected
                                                                                                                                       ->  Append-only Scan on inventory_1_prt_23  (cost=0.00..123538.00 rows=4000000 width=16)
                                                                                                                                 ->  Result  (cost=0.00..123533.00 rows=4000000 width=16)
                                                                                                                                       One-Time Filter: PartSelected
                                                                                                                                       ->  Append-only Scan on inventory_1_prt_24  (cost=0.00..123533.00 rows=4000000 width=16)
                                                                                                                                 ->  Result  (cost=0.00..123537.00 rows=4000000 width=16)
                                                                                                                                       One-Time Filter: PartSelected
                                                                                                                                       ->  Append-only Scan on inventory_1_prt_25  (cost=0.00..123537.00 rows=4000000 width=16)
                                                                                                                                 ->  Result  (cost=0.00..123535.00 rows=4000000 width=16)
                                                                                                                                       One-Time Filter: PartSelected
                                                                                                                                       ->  Append-only Scan on inventory_1_prt_26  (cost=0.00..123535.00 rows=4000000 width=16)
                                                                                                                                 ->  Result  (cost=0.00..123537.00 rows=4000000 width=16)
                                                                                                                                       One-Time Filter: PartSelected
                                                                                                                                       ->  Append-only Scan on inventory_1_prt_27  (cost=0.00..123537.00 rows=4000000 width=16)
                                                                                                                                 ->  Result  (cost=0.00..123537.00 rows=4000000 width=16)
                                                                                                                                       One-Time Filter: PartSelected
                                                                                                                                       ->  Append-only Scan on inventory_1_prt_28  (cost=0.00..123537.00 rows=4000000 width=16)
                                                                                                                                 ->  Result  (cost=0.00..123537.00 rows=4000000 width=16)
                                                                                                                                       One-Time Filter: PartSelected
                                                                                                                                       ->  Append-only Scan on inventory_1_prt_29  (cost=0.00..123537.00 rows=4000000 width=16)
                                                                                                                                 ->  Result  (cost=0.00..123539.00 rows=4000000 width=16)
                                                                                                                                       One-Time Filter: PartSelected
                                                                                                                                       ->  Append-only Scan on inventory_1_prt_30  (cost=0.00..123539.00 rows=4000000 width=16)
                                                                                                                                 ->  Result  (cost=0.00..123535.00 rows=4000000 width=16)
                                                                                                                                       One-Time Filter: PartSelected
                                                                                                                                       ->  Append-only Scan on inventory_1_prt_31  (cost=0.00..123535.00 rows=4000000 width=16)
                                                                                                                                 ->  Result  (cost=0.00..123534.00 rows=4000000 width=16)
                                                                                                                                       One-Time Filter: PartSelected
                                                                                                                                       ->  Append-only Scan on inventory_1_prt_32  (cost=0.00..123534.00 rows=4000000 width=16)
                                                                                                                                 ->  Result  (cost=0.00..123537.00 rows=4000000 width=16)
                                                                                                                                       One-Time Filter: PartSelected
                                                                                                                                       ->  Append-only Scan on inventory_1_prt_33  (cost=0.00..123537.00 rows=4000000 width=16)
                                                                                                                                 ->  Result  (cost=0.00..123537.00 rows=4000000 width=16)
                                                                                                                                       One-Time Filter: PartSelected
                                                                                                                                       ->  Append-only Scan on inventory_1_prt_34  (cost=0.00..123537.00 rows=4000000 width=16)
                                                                                                                                 ->  Result  (cost=0.00..123536.00 rows=4000000 width=16)
                                                                                                                                       One-Time Filter: PartSelected
                                                                                                                                       ->  Append-only Scan on inventory_1_prt_35  (cost=0.00..123536.00 rows=4000000 width=16)
                                                                                                                                 ->  Result  (cost=0.00..123534.00 rows=4000000 width=16)
                                                                                                                                       One-Time Filter: PartSelected
                                                                                                                                       ->  Append-only Scan on inventory_1_prt_36  (cost=0.00..123534.00 rows=4000000 width=16)
                                                                                                                                 ->  Result  (cost=0.00..123537.00 rows=4000000 width=16)
                                                                                                                                       One-Time Filter: PartSelected
                                                                                                                                       ->  Append-only Scan on inventory_1_prt_37  (cost=0.00..123537.00 rows=4000000 width=16)
                                                                                                                                 ->  Result  (cost=0.00..123535.00 rows=4000000 width=16)
                                                                                                                                       One-Time Filter: PartSelected
                                                                                                                                       ->  Append-only Scan on inventory_1_prt_38  (cost=0.00..123535.00 rows=4000000 width=16)
                                                                                                                                 ->  Result  (cost=0.00..123540.00 rows=4000000 width=16)
                                                                                                                                       One-Time Filter: PartSelected
                                                                                                                                       ->  Append-only Scan on inventory_1_prt_39  (cost=0.00..123540.00 rows=4000000 width=16)
                                                                                                                                 ->  Result  (cost=0.00..123534.00 rows=4000000 width=16)
                                                                                                                                       One-Time Filter: PartSelected
                                                                                                                                       ->  Append-only Scan on inventory_1_prt_40  (cost=0.00..123534.00 rows=4000000 width=16)
                                                                                                                                 ->  Result  (cost=0.00..123535.00 rows=4000000 width=16)
                                                                                                                                       One-Time Filter: PartSelected
                                                                                                                                       ->  Append-only Scan on inventory_1_prt_41  (cost=0.00..123535.00 rows=4000000 width=16)
                                                                                                                                 ->  Result  (cost=0.00..123531.00 rows=4000000 width=16)
                                                                                                                                       One-Time Filter: PartSelected
                                                                                                                                       ->  Append-only Scan on inventory_1_prt_42  (cost=0.00..123531.00 rows=4000000 width=16)
                                                                                                                                 ->  Result  (cost=0.00..123530.00 rows=4000000 width=16)
                                                                                                                                       One-Time Filter: PartSelected
                                                                                                                                       ->  Append-only Scan on inventory_1_prt_43  (cost=0.00..123530.00 rows=4000000 width=16)
                                                                                                                                 ->  Result  (cost=0.00..123534.00 rows=4000000 width=16)
                                                                                                                                       One-Time Filter: PartSelected
                                                                                                                                       ->  Append-only Scan on inventory_1_prt_44  (cost=0.00..123534.00 rows=4000000 width=16)
                                                                                                                                 ->  Result  (cost=0.00..123529.00 rows=4000000 width=16)
                                                                                                                                       One-Time Filter: PartSelected
                                                                                                                                       ->  Append-only Scan on inventory_1_prt_45  (cost=0.00..123529.00 rows=4000000 width=16)
                                                                                                                                 ->  Result  (cost=0.00..123538.00 rows=4000000 width=16)
                                                                                                                                       One-Time Filter: PartSelected
                                                                                                                                       ->  Append-only Scan on inventory_1_prt_46  (cost=0.00..123538.00 rows=4000000 width=16)
                                                                                                                                 ->  Result  (cost=0.00..123534.00 rows=4000000 width=16)
                                                                                                                                       One-Time Filter: PartSelected
                                                                                                                                       ->  Append-only Scan on inventory_1_prt_47  (cost=0.00..123534.00 rows=4000000 width=16)
                                                                                                                                 ->  Result  (cost=0.00..123533.00 rows=4000000 width=16)
                                                                                                                                       One-Time Filter: PartSelected
                                                                                                                                       ->  Append-only Scan on inventory_1_prt_48  (cost=0.00..123533.00 rows=4000000 width=16)
                                                                                                                                 ->  Result  (cost=0.00..123531.00 rows=4000000 width=16)
                                                                                                                                       One-Time Filter: PartSelected
                                                                                                                                       ->  Append-only Scan on inventory_1_prt_49  (cost=0.00..123531.00 rows=4000000 width=16)
                                                                                                                                 ->  Result  (cost=0.00..123534.00 rows=4000000 width=16)
                                                                                                                                       One-Time Filter: PartSelected
                                                                                                                                       ->  Append-only Scan on inventory_1_prt_50  (cost=0.00..123534.00 rows=4000000 width=16)
                                                                                                                                 ->  Result  (cost=0.00..123529.00 rows=4000000 width=16)
                                                                                                                                       One-Time Filter: PartSelected
                                                                                                                                       ->  Append-only Scan on inventory_1_prt_51  (cost=0.00..123529.00 rows=4000000 width=16)
                                                                                                                                 ->  Result  (cost=0.00..123530.00 rows=4000000 width=16)
                                                                                                                                       One-Time Filter: PartSelected
                                                                                                                                       ->  Append-only Scan on inventory_1_prt_52  (cost=0.00..123530.00 rows=4000000 width=16)
                                                                                                                                 ->  Result  (cost=0.00..123533.00 rows=4000000 width=16)
                                                                                                                                       One-Time Filter: PartSelected
                                                                                                                                       ->  Append-only Scan on inventory_1_prt_53  (cost=0.00..123533.00 rows=4000000 width=16)
                                                                                                                                 ->  Result  (cost=0.00..123537.00 rows=4000000 width=16)
                                                                                                                                       One-Time Filter: PartSelected
                                                                                                                                       ->  Append-only Scan on inventory_1_prt_54  (cost=0.00..123537.00 rows=4000000 width=16)
                                                                                                                                 ->  Result  (cost=0.00..123539.00 rows=4000000 width=16)
                                                                                                                                       One-Time Filter: PartSelected
                                                                                                                                       ->  Append-only Scan on inventory_1_prt_55  (cost=0.00..123539.00 rows=4000000 width=16)
                                                                                                                                 ->  Result  (cost=0.00..123534.00 rows=4000000 width=16)
                                                                                                                                       One-Time Filter: PartSelected
                                                                                                                                       ->  Append-only Scan on inventory_1_prt_56  (cost=0.00..123534.00 rows=4000000 width=16)
                                                                                                                                 ->  Result  (cost=0.00..123535.00 rows=4000000 width=16)
                                                                                                                                       One-Time Filter: PartSelected
                                                                                                                                       ->  Append-only Scan on inventory_1_prt_57  (cost=0.00..123535.00 rows=4000000 width=16)
                                                                                                                                 ->  Result  (cost=0.00..123537.00 rows=4000000 width=16)
                                                                                                                                       One-Time Filter: PartSelected
                                                                                                                                       ->  Append-only Scan on inventory_1_prt_58  (cost=0.00..123537.00 rows=4000000 width=16)
                                                                                                                                 ->  Result  (cost=0.00..123534.00 rows=4000000 width=16)
                                                                                                                                       One-Time Filter: PartSelected
                                                                                                                                       ->  Append-only Scan on inventory_1_prt_59  (cost=0.00..123534.00 rows=4000000 width=16)
                                                                                                                                 ->  Result  (cost=0.00..123535.00 rows=4000000 width=16)
                                                                                                                                       One-Time Filter: PartSelected
                                                                                                                                       ->  Append-only Scan on inventory_1_prt_60  (cost=0.00..123535.00 rows=4000000 width=16)
                                                                                                                                 ->  Result  (cost=0.00..123539.00 rows=4000000 width=16)
                                                                                                                                       One-Time Filter: PartSelected
                                                                                                                                       ->  Append-only Scan on inventory_1_prt_61  (cost=0.00..123539.00 rows=4000000 width=16)
                                                                                                                                 ->  Result  (cost=0.00..123541.00 rows=4000000 width=16)
                                                                                                                                       One-Time Filter: PartSelected
                                                                                                                                       ->  Append-only Scan on inventory_1_prt_62  (cost=0.00..123541.00 rows=4000000 width=16)
                                                                                                                                 ->  Result  (cost=0.00..123540.00 rows=4000000 width=16)
                                                                                                                                       One-Time Filter: PartSelected
                                                                                                                                       ->  Append-only Scan on inventory_1_prt_63  (cost=0.00..123540.00 rows=4000000 width=16)
                                                                                                                                 ->  Result  (cost=0.00..123540.00 rows=4000000 width=16)
                                                                                                                                       One-Time Filter: PartSelected
                                                                                                                                       ->  Append-only Scan on inventory_1_prt_64  (cost=0.00..123540.00 rows=4000000 width=16)
                                                                                                                                 ->  Result  (cost=0.00..123537.00 rows=4000000 width=16)
                                                                                                                                       One-Time Filter: PartSelected
                                                                                                                                       ->  Append-only Scan on inventory_1_prt_65  (cost=0.00..123537.00 rows=4000000 width=16)
                                                                                                                                 ->  Result  (cost=0.00..123539.00 rows=4000000 width=16)
                                                                                                                                       One-Time Filter: PartSelected
                                                                                                                                       ->  Append-only Scan on inventory_1_prt_66  (cost=0.00..123539.00 rows=4000000 width=16)
                                                                                                                                 ->  Result  (cost=0.00..30896.00 rows=1000000 width=16)
                                                                                                                                       One-Time Filter: PartSelected
                                                                                                                                       ->  Append-only Scan on inventory_1_prt_67  (cost=0.00..30896.00 rows=1000000 width=16)
                                                                                                                                 ->  Result  (cost=0.00..32.00 rows=1 width=16)
                                                                                                                                       One-Time Filter: PartSelected
                                                                                                                                       ->  Append-only Scan on inventory_1_prt_68  (cost=0.00..32.00 rows=1 width=16)
                                                                                                                                 ->  Result  (cost=0.00..32.00 rows=1 width=16)
                                                                                                                                       One-Time Filter: PartSelected
                                                                                                                                       ->  Append-only Scan on inventory_1_prt_69  (cost=0.00..32.00 rows=1 width=16)
                                                                                                                                 ->  Result  (cost=0.00..32.00 rows=1 width=16)
                                                                                                                                       One-Time Filter: PartSelected
                                                                                                                                       ->  Append-only Scan on inventory_1_prt_70  (cost=0.00..32.00 rows=1 width=16)
                                                                                                                                 ->  Result  (cost=0.00..32.00 rows=1 width=16)
                                                                                                                                       One-Time Filter: PartSelected
                                                                                                                                       ->  Append-only Scan on inventory_1_prt_71  (cost=0.00..32.00 rows=1 width=16)
                                                                                                                                 ->  Result  (cost=0.00..32.00 rows=1 width=16)
                                                                                                                                       One-Time Filter: PartSelected
                                                                                                                                       ->  Append-only Scan on inventory_1_prt_72  (cost=0.00..32.00 rows=1 width=16)
                                                                                                                                 ->  Result  (cost=0.00..32.00 rows=1 width=16)
                                                                                                                                       One-Time Filter: PartSelected
                                                                                                                                       ->  Append-only Scan on inventory_1_prt_73  (cost=0.00..32.00 rows=1 width=16)
                                                                                                                                 ->  Result  (cost=0.00..32.00 rows=1 width=16)
                                                                                                                                       One-Time Filter: PartSelected
                                                                                                                                       ->  Append-only Scan on inventory_1_prt_74  (cost=0.00..32.00 rows=1 width=16)
                                                                                                                                 ->  Result  (cost=0.00..32.00 rows=1 width=16)
                                                                                                                                       One-Time Filter: PartSelected
                                                                                                                                       ->  Append-only Scan on inventory_1_prt_75  (cost=0.00..32.00 rows=1 width=16)
                                                                                                                                 ->  Result  (cost=0.00..32.00 rows=1 width=16)
                                                                                                                                       One-Time Filter: PartSelected
                                                                                                                                       ->  Append-only Scan on inventory_1_prt_76  (cost=0.00..32.00 rows=1 width=16)
                                                                                                                                 ->  Result  (cost=0.00..32.00 rows=1 width=16)
                                                                                                                                       One-Time Filter: PartSelected
                                                                                                                                       ->  Append-only Scan on inventory_1_prt_77  (cost=0.00..32.00 rows=1 width=16)
                                                                                                                                 ->  Result  (cost=0.00..32.00 rows=1 width=16)
                                                                                                                                       One-Time Filter: PartSelected
                                                                                                                                       ->  Append-only Scan on inventory_1_prt_78  (cost=0.00..32.00 rows=1 width=16)
                                                                                                                                 ->  Result  (cost=0.00..32.00 rows=1 width=16)
                                                                                                                                       One-Time Filter: PartSelected
                                                                                                                                       ->  Append-only Scan on inventory_1_prt_79  (cost=0.00..32.00 rows=1 width=16)
                                                                                                                                 ->  Result  (cost=0.00..32.00 rows=1 width=16)
                                                                                                                                       One-Time Filter: PartSelected
                                                                                                                                       ->  Append-only Scan on inventory_1_prt_80  (cost=0.00..32.00 rows=1 width=16)
                                                                                                                           ->  Hash  (cost=1465.97..1465.97 rows=356 width=4)
                                                                                                                                 ->  Partition Selector for inventory (dynamic scan id: 1)  (cost=0.00..1465.97 rows=356 width=4)
                                                                                                                                       Filter: date_dim.d_date_sk
                                                                                                                                       ->  Broadcast Motion 3:3  (slice1; segments: 3)  (cost=0.00..1465.97 rows=356 width=4)
                                                                                                                                             ->  Seq Scan on date_dim  (cost=0.00..1451.73 rows=119 width=4)
                                                                                                                                                   Filter: ((d_month_seq >= 1212) AND (d_month_seq <= 1223))
                                                                                                               ->  Hash  (cost=5981.47..5981.47 rows=99749 width=58)
                                                                                                                     ->  Seq Scan on item  (cost=0.00..5981.47 rows=99749 width=58)
                                                                                                         ->  Hash  (cost=16.00..16.00 rows=20 width=4)
                                                                                                               ->  Broadcast Motion 3:3  (slice3; segments: 3)  (cost=0.00..16.00 rows=20 width=4)
                                                                                                                     ->  Seq Scan on warehouse  (cost=0.00..15.20 rows=7 width=4)
 Planning time: 15.117 ms
 Optimizer: legacy query optimizer
(289 rows)

-- end query 1 in stream 0 using template query22.tpl
