-- start query 1 in stream 0 using template query23.tpl
explain
with frequent_ss_items as 
 (select substr(i_item_desc,1,30) itemdesc,i_item_sk item_sk,d_date solddate,count(*) cnt
  from store_sales
      ,date_dim 
      ,item
  where ss_sold_date_sk = d_date_sk
    and ss_item_sk = i_item_sk 
    and d_year in (1999,1999+1,1999+2,1999+3)
  group by substr(i_item_desc,1,30),i_item_sk,d_date
  having count(*) >4),
 max_store_sales as
 (select max(csales) tpcds_cmax 
  from (select c_customer_sk,sum(ss_quantity*ss_sales_price) csales
        from store_sales
            ,customer
            ,date_dim 
        where ss_customer_sk = c_customer_sk
         and ss_sold_date_sk = d_date_sk
         and d_year in (1999,1999+1,1999+2,1999+3) 
        group by c_customer_sk) x),
 best_ss_customer as
 (select c_customer_sk,sum(ss_quantity*ss_sales_price) ssales
  from store_sales
      ,customer
  where ss_customer_sk = c_customer_sk
  group by c_customer_sk
  having sum(ss_quantity*ss_sales_price) > (95/100.0) * (select
  *
from
 max_store_sales))
  select  sum(sales)
 from ((select cs_quantity*cs_list_price sales
       from catalog_sales
           ,date_dim 
       where d_year = 1999 
         and d_moy = 1 
         and cs_sold_date_sk = d_date_sk 
         and cs_item_sk in (select item_sk from frequent_ss_items)
         and cs_bill_customer_sk in (select c_customer_sk from best_ss_customer))
      union all
      (select ws_quantity*ws_list_price sales
       from web_sales 
           ,date_dim 
       where d_year = 1999 
         and d_moy = 1 
         and ws_sold_date_sk = d_date_sk 
         and ws_item_sk in (select item_sk from frequent_ss_items)
         and ws_bill_customer_sk in (select c_customer_sk from best_ss_customer))) y
 limit 100;
                                                                                                                        QUERY PLAN                                                                                                                        
----------------------------------------------------------------------------------------------------------------------------------------------------------------------------------------------------------------------------------------------------------
 Limit  (cost=39843408.96..39843408.97 rows=1 width=32)
   ->  Aggregate  (cost=39843408.96..39843408.97 rows=1 width=32)
         ->  Gather Motion 3:1  (slice21; segments: 3)  (cost=39843408.89..39843408.94 rows=1 width=32)
               ->  Aggregate  (cost=39843408.89..39843408.90 rows=1 width=32)
                     ->  Append  (cost=271483.19..39843404.81 rows=109 width=32)
                           ->  Hash Join  (cost=271483.19..26542854.30 rows=73 width=10)
                                 Hash Cond: (catalog_sales_1_prt_outliers.cs_bill_customer_sk = customer.c_customer_sk)
                                 ->  Redistribute Motion 3:3  (slice5; segments: 3)  (cost=1462.94..26272829.16 rows=146 width=14)
                                       Hash Key: catalog_sales_1_prt_outliers.cs_bill_customer_sk
                                       ->  Hash Join  (cost=1462.94..26272820.44 rows=146 width=14)
                                             Hash Cond: (catalog_sales_1_prt_outliers.cs_sold_date_sk = date_dim.d_date_sk)
                                             ->  Hash Semi Join  (cost=3.02..26269471.83 rows=100498 width=18)
                                                   Hash Cond: (catalog_sales_1_prt_outliers.cs_item_sk = frequent_ss_items.item_sk)
                                                   ->  Append  (cost=0.00..22485412.30 rows=479993481 width=22)
                                                         ->  Result  (cost=0.00..95971.30 rows=2401110 width=22)
                                                               One-Time Filter: PartSelected
                                                               ->  Append-only Columnar Scan on catalog_sales_1_prt_outliers  (cost=0.00..95971.30 rows=2401110 width=22)
                                                         ->  Result  (cost=0.00..198531.00 rows=4234734 width=22)
                                                               One-Time Filter: PartSelected
                                                               ->  Append-only Columnar Scan on catalog_sales_1_prt_2  (cost=0.00..198531.00 rows=4234734 width=22)
                                                         ->  Result  (cost=0.00..198470.00 rows=4233434 width=22)
                                                               One-Time Filter: PartSelected
                                                               ->  Append-only Columnar Scan on catalog_sales_1_prt_3  (cost=0.00..198470.00 rows=4233434 width=22)
                                                         ->  Result  (cost=0.00..191463.00 rows=4083934 width=22)
                                                               One-Time Filter: PartSelected
                                                               ->  Append-only Columnar Scan on catalog_sales_1_prt_4  (cost=0.00..191463.00 rows=4083934 width=22)
                                                         ->  Result  (cost=0.00..198330.00 rows=4230434 width=22)
                                                               One-Time Filter: PartSelected
                                                               ->  Append-only Columnar Scan on catalog_sales_1_prt_5  (cost=0.00..198330.00 rows=4230434 width=22)
                                                         ->  Result  (cost=0.00..198496.00 rows=4233967 width=22)
                                                               One-Time Filter: PartSelected
                                                               ->  Append-only Columnar Scan on catalog_sales_1_prt_6  (cost=0.00..198496.00 rows=4233967 width=22)
                                                         ->  Result  (cost=0.00..198494.00 rows=4233967 width=22)
                                                               One-Time Filter: PartSelected
                                                               ->  Append-only Columnar Scan on catalog_sales_1_prt_7  (cost=0.00..198494.00 rows=4233967 width=22)
                                                         ->  Result  (cost=0.00..198576.00 rows=4235667 width=22)
                                                               One-Time Filter: PartSelected
                                                               ->  Append-only Columnar Scan on catalog_sales_1_prt_8  (cost=0.00..198576.00 rows=4235667 width=22)
                                                         ->  Result  (cost=0.00..297942.00 rows=6355400 width=22)
                                                               One-Time Filter: PartSelected
                                                               ->  Append-only Columnar Scan on catalog_sales_1_prt_9  (cost=0.00..297942.00 rows=6355400 width=22)
                                                         ->  Result  (cost=0.00..451674.00 rows=9634834 width=22)
                                                               One-Time Filter: PartSelected
                                                               ->  Append-only Columnar Scan on catalog_sales_1_prt_10  (cost=0.00..451674.00 rows=9634834 width=22)
                                                         ->  Result  (cost=0.00..451572.00 rows=9632700 width=22)
                                                               One-Time Filter: PartSelected
                                                               ->  Append-only Columnar Scan on catalog_sales_1_prt_11  (cost=0.00..451572.00 rows=9632700 width=22)
                                                         ->  Result  (cost=0.00..476631.00 rows=10167234 width=22)
                                                               One-Time Filter: PartSelected
                                                               ->  Append-only Columnar Scan on catalog_sales_1_prt_12  (cost=0.00..476631.00 rows=10167234 width=22)
                                                         ->  Result  (cost=0.00..684375.00 rows=14598867 width=22)
                                                               One-Time Filter: PartSelected
                                                               ->  Append-only Columnar Scan on catalog_sales_1_prt_13  (cost=0.00..684375.00 rows=14598867 width=22)
                                                         ->  Result  (cost=0.00..684389.00 rows=14599200 width=22)
                                                               One-Time Filter: PartSelected
                                                               ->  Append-only Columnar Scan on catalog_sales_1_prt_14  (cost=0.00..684389.00 rows=14599200 width=22)
                                                         ->  Result  (cost=0.00..215804.00 rows=4603234 width=22)
                                                               One-Time Filter: PartSelected
                                                               ->  Append-only Columnar Scan on catalog_sales_1_prt_15  (cost=0.00..215804.00 rows=4603234 width=22)
                                                         ->  Result  (cost=0.00..198278.00 rows=4229400 width=22)
                                                               One-Time Filter: PartSelected
                                                               ->  Append-only Columnar Scan on catalog_sales_1_prt_16  (cost=0.00..198278.00 rows=4229400 width=22)
                                                         ->  Result  (cost=0.00..191360.00 rows=4081734 width=22)
                                                               One-Time Filter: PartSelected
                                                               ->  Append-only Columnar Scan on catalog_sales_1_prt_17  (cost=0.00..191360.00 rows=4081734 width=22)
                                                         ->  Result  (cost=0.00..198408.00 rows=4232134 width=22)
                                                               One-Time Filter: PartSelected
                                                               ->  Append-only Columnar Scan on catalog_sales_1_prt_18  (cost=0.00..198408.00 rows=4232134 width=22)
                                                         ->  Result  (cost=0.00..198462.00 rows=4233300 width=22)
                                                               One-Time Filter: PartSelected
                                                               ->  Append-only Columnar Scan on catalog_sales_1_prt_19  (cost=0.00..198462.00 rows=4233300 width=22)
                                                         ->  Result  (cost=0.00..198463.00 rows=4233267 width=22)
                                                               One-Time Filter: PartSelected
                                                               ->  Append-only Columnar Scan on catalog_sales_1_prt_20  (cost=0.00..198463.00 rows=4233267 width=22)
                                                         ->  Result  (cost=0.00..198544.00 rows=4235034 width=22)
                                                               One-Time Filter: PartSelected
                                                               ->  Append-only Columnar Scan on catalog_sales_1_prt_21  (cost=0.00..198544.00 rows=4235034 width=22)
                                                         ->  Result  (cost=0.00..288857.00 rows=6161600 width=22)
                                                               One-Time Filter: PartSelected
                                                               ->  Append-only Columnar Scan on catalog_sales_1_prt_22  (cost=0.00..288857.00 rows=6161600 width=22)
                                                         ->  Result  (cost=0.00..451775.00 rows=9637067 width=22)
                                                               One-Time Filter: PartSelected
                                                               ->  Append-only Columnar Scan on catalog_sales_1_prt_23  (cost=0.00..451775.00 rows=9637067 width=22)
                                                         ->  Result  (cost=0.00..451807.00 rows=9637734 width=22)
                                                               One-Time Filter: PartSelected
                                                               ->  Append-only Columnar Scan on catalog_sales_1_prt_24  (cost=0.00..451807.00 rows=9637734 width=22)
                                                         ->  Result  (cost=0.00..468431.00 rows=9992300 width=22)
                                                               One-Time Filter: PartSelected
                                                               ->  Append-only Columnar Scan on catalog_sales_1_prt_25  (cost=0.00..468431.00 rows=9992300 width=22)
                                                         ->  Result  (cost=0.00..684511.00 rows=14601800 width=22)
                                                               One-Time Filter: PartSelected
                                                               ->  Append-only Columnar Scan on catalog_sales_1_prt_26  (cost=0.00..684511.00 rows=14601800 width=22)
                                                         ->  Result  (cost=0.00..684485.00 rows=14601267 width=22)
                                                               One-Time Filter: PartSelected
                                                               ->  Append-only Columnar Scan on catalog_sales_1_prt_27  (cost=0.00..684485.00 rows=14601267 width=22)
                                                         ->  Result  (cost=0.00..232955.00 rows=4969100 width=22)
                                                               One-Time Filter: PartSelected
                                                               ->  Append-only Columnar Scan on catalog_sales_1_prt_28  (cost=0.00..232955.00 rows=4969100 width=22)
                                                         ->  Result  (cost=0.00..198182.00 rows=4227400 width=22)
                                                               One-Time Filter: PartSelected
                                                               ->  Append-only Columnar Scan on catalog_sales_1_prt_29  (cost=0.00..198182.00 rows=4227400 width=22)
                                                         ->  Result  (cost=0.00..198180.00 rows=4227300 width=22)
                                                               One-Time Filter: PartSelected
                                                               ->  Append-only Columnar Scan on catalog_sales_1_prt_30  (cost=0.00..198180.00 rows=4227300 width=22)
                                                         ->  Result  (cost=0.00..198236.00 rows=4228467 width=22)
                                                               One-Time Filter: PartSelected
                                                               ->  Append-only Columnar Scan on catalog_sales_1_prt_31  (cost=0.00..198236.00 rows=4228467 width=22)
                                                         ->  Result  (cost=0.00..198161.00 rows=4226867 width=22)
                                                               One-Time Filter: PartSelected
                                                               ->  Append-only Columnar Scan on catalog_sales_1_prt_32  (cost=0.00..198161.00 rows=4226867 width=22)
                                                         ->  Result  (cost=0.00..198143.00 rows=4226467 width=22)
                                                               One-Time Filter: PartSelected
                                                               ->  Append-only Columnar Scan on catalog_sales_1_prt_33  (cost=0.00..198143.00 rows=4226467 width=22)
                                                         ->  Result  (cost=0.00..198217.00 rows=4228000 width=22)
                                                               One-Time Filter: PartSelected
                                                               ->  Append-only Columnar Scan on catalog_sales_1_prt_34  (cost=0.00..198217.00 rows=4228000 width=22)
                                                         ->  Result  (cost=0.00..279401.00 rows=5959900 width=22)
                                                               One-Time Filter: PartSelected
                                                               ->  Append-only Columnar Scan on catalog_sales_1_prt_35  (cost=0.00..279401.00 rows=5959900 width=22)
                                                         ->  Result  (cost=0.00..451102.00 rows=9622600 width=22)
                                                               One-Time Filter: PartSelected
                                                               ->  Append-only Columnar Scan on catalog_sales_1_prt_36  (cost=0.00..451102.00 rows=9622600 width=22)
                                                         ->  Result  (cost=0.00..451004.00 rows=9620567 width=22)
                                                               One-Time Filter: PartSelected
                                                               ->  Append-only Columnar Scan on catalog_sales_1_prt_37  (cost=0.00..451004.00 rows=9620567 width=22)
                                                         ->  Result  (cost=0.00..459207.00 rows=9795567 width=22)
                                                               One-Time Filter: PartSelected
                                                               ->  Append-only Columnar Scan on catalog_sales_1_prt_38  (cost=0.00..459207.00 rows=9795567 width=22)
                                                         ->  Result  (cost=0.00..683201.00 rows=14573867 width=22)
                                                               One-Time Filter: PartSelected
                                                               ->  Append-only Columnar Scan on catalog_sales_1_prt_39  (cost=0.00..683201.00 rows=14573867 width=22)
                                                         ->  Result  (cost=0.00..683288.00 rows=14575634 width=22)
                                                               One-Time Filter: PartSelected
                                                               ->  Append-only Columnar Scan on catalog_sales_1_prt_40  (cost=0.00..683288.00 rows=14575634 width=22)
                                                         ->  Result  (cost=0.00..267716.00 rows=5710600 width=22)
                                                               One-Time Filter: PartSelected
                                                               ->  Append-only Columnar Scan on catalog_sales_1_prt_41  (cost=0.00..267716.00 rows=5710600 width=22)
                                                         ->  Result  (cost=0.00..198348.00 rows=4230867 width=22)
                                                               One-Time Filter: PartSelected
                                                               ->  Append-only Columnar Scan on catalog_sales_1_prt_42  (cost=0.00..198348.00 rows=4230867 width=22)
                                                         ->  Result  (cost=0.00..191374.00 rows=4082034 width=22)
                                                               One-Time Filter: PartSelected
                                                               ->  Append-only Columnar Scan on catalog_sales_1_prt_43  (cost=0.00..191374.00 rows=4082034 width=22)
                                                         ->  Result  (cost=0.00..198449.00 rows=4233067 width=22)
                                                               One-Time Filter: PartSelected
                                                               ->  Append-only Columnar Scan on catalog_sales_1_prt_44  (cost=0.00..198449.00 rows=4233067 width=22)
                                                         ->  Result  (cost=0.00..198436.00 rows=4232667 width=22)
                                                               One-Time Filter: PartSelected
                                                               ->  Append-only Columnar Scan on catalog_sales_1_prt_45  (cost=0.00..198436.00 rows=4232667 width=22)
                                                         ->  Result  (cost=0.00..198484.00 rows=4233767 width=22)
                                                               One-Time Filter: PartSelected
                                                               ->  Append-only Columnar Scan on catalog_sales_1_prt_46  (cost=0.00..198484.00 rows=4233767 width=22)
                                                         ->  Result  (cost=0.00..198486.00 rows=4233767 width=22)
                                                               One-Time Filter: PartSelected
                                                               ->  Append-only Columnar Scan on catalog_sales_1_prt_47  (cost=0.00..198486.00 rows=4233767 width=22)
                                                         ->  Result  (cost=0.00..261759.00 rows=5583500 width=22)
                                                               One-Time Filter: PartSelected
                                                               ->  Append-only Columnar Scan on catalog_sales_1_prt_48  (cost=0.00..261759.00 rows=5583500 width=22)
                                                         ->  Result  (cost=0.00..451867.00 rows=9638934 width=22)
                                                               One-Time Filter: PartSelected
                                                               ->  Append-only Columnar Scan on catalog_sales_1_prt_49  (cost=0.00..451867.00 rows=9638934 width=22)
                                                         ->  Result  (cost=0.00..451711.00 rows=9635634 width=22)
                                                               One-Time Filter: PartSelected
                                                               ->  Append-only Columnar Scan on catalog_sales_1_prt_50  (cost=0.00..451711.00 rows=9635634 width=22)
                                                         ->  Result  (cost=0.00..451715.00 rows=9635700 width=22)
                                                               One-Time Filter: PartSelected
                                                               ->  Append-only Columnar Scan on catalog_sales_1_prt_51  (cost=0.00..451715.00 rows=9635700 width=22)
                                                         ->  Result  (cost=0.00..676048.00 rows=14421300 width=22)
                                                               One-Time Filter: PartSelected
                                                               ->  Append-only Columnar Scan on catalog_sales_1_prt_52  (cost=0.00..676048.00 rows=14421300 width=22)
                                                         ->  Result  (cost=0.00..684330.00 rows=14597934 width=22)
                                                               One-Time Filter: PartSelected
                                                               ->  Append-only Columnar Scan on catalog_sales_1_prt_53  (cost=0.00..684330.00 rows=14597934 width=22)
                                                         ->  Result  (cost=0.00..285353.00 rows=6086800 width=22)
                                                               One-Time Filter: PartSelected
                                                               ->  Append-only Columnar Scan on catalog_sales_1_prt_54  (cost=0.00..285353.00 rows=6086800 width=22)
                                                         ->  Result  (cost=0.00..198500.00 rows=4234067 width=22)
                                                               One-Time Filter: PartSelected
                                                               ->  Append-only Columnar Scan on catalog_sales_1_prt_55  (cost=0.00..198500.00 rows=4234067 width=22)
                                                         ->  Result  (cost=0.00..191327.00 rows=4081100 width=22)
                                                               One-Time Filter: PartSelected
                                                               ->  Append-only Columnar Scan on catalog_sales_1_prt_56  (cost=0.00..191327.00 rows=4081100 width=22)
                                                         ->  Result  (cost=0.00..198470.00 rows=4233434 width=22)
                                                               One-Time Filter: PartSelected
                                                               ->  Append-only Columnar Scan on catalog_sales_1_prt_57  (cost=0.00..198470.00 rows=4233434 width=22)
                                                         ->  Result  (cost=0.00..198434.00 rows=4232667 width=22)
                                                               One-Time Filter: PartSelected
                                                               ->  Append-only Columnar Scan on catalog_sales_1_prt_58  (cost=0.00..198434.00 rows=4232667 width=22)
                                                         ->  Result  (cost=0.00..198457.00 rows=4233100 width=22)
                                                               One-Time Filter: PartSelected
                                                               ->  Append-only Columnar Scan on catalog_sales_1_prt_59  (cost=0.00..198457.00 rows=4233100 width=22)
                                                         ->  Result  (cost=0.00..198420.00 rows=4232400 width=22)
                                                               One-Time Filter: PartSelected
                                                               ->  Append-only Columnar Scan on catalog_sales_1_prt_60  (cost=0.00..198420.00 rows=4232400 width=22)
                                                         ->  Result  (cost=0.00..252732.00 rows=5390967 width=22)
                                                               One-Time Filter: PartSelected
                                                               ->  Append-only Columnar Scan on catalog_sales_1_prt_61  (cost=0.00..252732.00 rows=5390967 width=22)
                                                         ->  Result  (cost=0.00..451735.00 rows=9636134 width=22)
                                                               One-Time Filter: PartSelected
                                                               ->  Append-only Columnar Scan on catalog_sales_1_prt_62  (cost=0.00..451735.00 rows=9636134 width=22)
                                                         ->  Result  (cost=0.00..451761.00 rows=9636700 width=22)
                                                               One-Time Filter: PartSelected
                                                               ->  Append-only Columnar Scan on catalog_sales_1_prt_63  (cost=0.00..451761.00 rows=9636700 width=22)
                                                         ->  Result  (cost=0.00..451680.00 rows=9634900 width=22)
                                                               One-Time Filter: PartSelected
                                                               ->  Append-only Columnar Scan on catalog_sales_1_prt_64  (cost=0.00..451680.00 rows=9634900 width=22)
                                                         ->  Result  (cost=0.00..667727.00 rows=14243734 width=22)
                                                               One-Time Filter: PartSelected
                                                               ->  Append-only Columnar Scan on catalog_sales_1_prt_65  (cost=0.00..667727.00 rows=14243734 width=22)
                                                         ->  Result  (cost=0.00..684173.00 rows=14594534 width=22)
                                                               One-Time Filter: PartSelected
                                                               ->  Append-only Columnar Scan on catalog_sales_1_prt_66  (cost=0.00..684173.00 rows=14594534 width=22)
                                                         ->  Result  (cost=0.00..244531.00 rows=5216100 width=22)
                                                               One-Time Filter: PartSelected
                                                               ->  Append-only Columnar Scan on catalog_sales_1_prt_67  (cost=0.00..244531.00 rows=5216100 width=22)
                                                         ->  Result  (cost=0.00..1.00 rows=1 width=30)
                                                               One-Time Filter: PartSelected
                                                               ->  Append-only Columnar Scan on catalog_sales_1_prt_68  (cost=0.00..1.00 rows=1 width=30)
                                                         ->  Result  (cost=0.00..1.00 rows=1 width=30)
                                                               One-Time Filter: PartSelected
                                                               ->  Append-only Columnar Scan on catalog_sales_1_prt_69  (cost=0.00..1.00 rows=1 width=30)
                                                         ->  Result  (cost=0.00..1.00 rows=1 width=30)
                                                               One-Time Filter: PartSelected
                                                               ->  Append-only Columnar Scan on catalog_sales_1_prt_70  (cost=0.00..1.00 rows=1 width=30)
                                                         ->  Result  (cost=0.00..1.00 rows=1 width=30)
                                                               One-Time Filter: PartSelected
                                                               ->  Append-only Columnar Scan on catalog_sales_1_prt_71  (cost=0.00..1.00 rows=1 width=30)
                                                         ->  Result  (cost=0.00..1.00 rows=1 width=30)
                                                               One-Time Filter: PartSelected
                                                               ->  Append-only Columnar Scan on catalog_sales_1_prt_72  (cost=0.00..1.00 rows=1 width=30)
                                                         ->  Result  (cost=0.00..1.00 rows=1 width=30)
                                                               One-Time Filter: PartSelected
                                                               ->  Append-only Columnar Scan on catalog_sales_1_prt_73  (cost=0.00..1.00 rows=1 width=30)
                                                         ->  Result  (cost=0.00..1.00 rows=1 width=30)
                                                               One-Time Filter: PartSelected
                                                               ->  Append-only Columnar Scan on catalog_sales_1_prt_74  (cost=0.00..1.00 rows=1 width=30)
                                                         ->  Result  (cost=0.00..1.00 rows=1 width=30)
                                                               One-Time Filter: PartSelected
                                                               ->  Append-only Columnar Scan on catalog_sales_1_prt_75  (cost=0.00..1.00 rows=1 width=30)
                                                         ->  Result  (cost=0.00..1.00 rows=1 width=30)
                                                               One-Time Filter: PartSelected
                                                               ->  Append-only Columnar Scan on catalog_sales_1_prt_76  (cost=0.00..1.00 rows=1 width=30)
                                                         ->  Result  (cost=0.00..1.00 rows=1 width=30)
                                                               One-Time Filter: PartSelected
                                                               ->  Append-only Columnar Scan on catalog_sales_1_prt_77  (cost=0.00..1.00 rows=1 width=30)
                                                         ->  Result  (cost=0.00..1.00 rows=1 width=30)
                                                               One-Time Filter: PartSelected
                                                               ->  Append-only Columnar Scan on catalog_sales_1_prt_78  (cost=0.00..1.00 rows=1 width=30)
                                                         ->  Result  (cost=0.00..1.00 rows=1 width=30)
                                                               One-Time Filter: PartSelected
                                                               ->  Append-only Columnar Scan on catalog_sales_1_prt_79  (cost=0.00..1.00 rows=1 width=30)
                                                         ->  Result  (cost=0.00..1.00 rows=1 width=30)
                                                               One-Time Filter: PartSelected
                                                               ->  Append-only Columnar Scan on catalog_sales_1_prt_80  (cost=0.00..1.00 rows=1 width=30)
                                                   ->  Hash  (cost=1.86..1.86 rows=31 width=4)
                                                         ->  Broadcast Motion 3:3  (slice3; segments: 3)  (cost=0.00..1.86 rows=31 width=4)
                                                               ->  Subquery Scan on frequent_ss_items  (cost=0.00..0.62 rows=11 width=4)
                                                                     ->  HashAggregate  (cost=57535853.01..57535853.47 rows=11 width=48)
                                                                           Group Key: substr((item.i_item_desc)::text, 1, 30), item.i_item_sk, date_dim_1.d_date
                                                                           Filter: (count(*) > 4)
                                                                           ->  Hash Join  (cost=11287.02..57535852.61 rows=11 width=110)
                                                                                 Hash Cond: (store_sales_1_prt_outliers.ss_item_sk = item.i_item_sk)
                                                                                 ->  Redistribute Motion 3:3  (slice2; segments: 3)  (cost=1564.96..57526130.04 rows=11 width=8)
                                                                                       Hash Key: store_sales_1_prt_outliers.ss_item_sk
                                                                                       ->  Hash Join  (cost=1564.96..57526129.42 rows=11 width=8)
                                                                                             Hash Cond: (store_sales_1_prt_outliers.ss_sold_date_sk = date_dim_1.d_date_sk)
                                                                                             ->  Append  (cost=0.00..39524635.96 rows=959996170 width=8)
                                                                                                   ->  Result  (cost=0.00..1568615.00 rows=43200334 width=8)
                                                                                                         One-Time Filter: PartSelected
                                                                                                         ->  Append-only Columnar Scan on store_sales_1_prt_outliers  (cost=0.00..1568615.00 rows=43200334 width=8)
                                                                                                   ->  Result  (cost=0.00..324595.00 rows=7840134 width=8)
                                                                                                         One-Time Filter: PartSelected
                                                                                                         ->  Append-only Columnar Scan on store_sales_1_prt_2  (cost=0.00..324595.00 rows=7840134 width=8)
                                                                                                   ->  Result  (cost=0.00..336211.00 rows=8120800 width=8)
                                                                                                         One-Time Filter: PartSelected
                                                                                                         ->  Append-only Columnar Scan on store_sales_1_prt_3  (cost=0.00..336211.00 rows=8120800 width=8)
                                                                                                   ->  Result  (cost=0.00..324382.00 rows=7834967 width=8)
                                                                                                         One-Time Filter: PartSelected
                                                                                                         ->  Append-only Columnar Scan on store_sales_1_prt_4  (cost=0.00..324382.00 rows=7834967 width=8)
                                                                                                   ->  Result  (cost=0.00..336381.00 rows=8124734 width=8)
                                                                                                         One-Time Filter: PartSelected
                                                                                                         ->  Append-only Columnar Scan on store_sales_1_prt_5  (cost=0.00..336381.00 rows=8124734 width=8)
                                                                                                   ->  Result  (cost=0.00..336417.00 rows=8125800 width=8)
                                                                                                         One-Time Filter: PartSelected
                                                                                                         ->  Append-only Columnar Scan on store_sales_1_prt_6  (cost=0.00..336417.00 rows=8125800 width=8)
                                                                                                   ->  Result  (cost=0.00..336453.00 rows=8126567 width=8)
                                                                                                         One-Time Filter: PartSelected
                                                                                                         ->  Append-only Columnar Scan on store_sales_1_prt_7  (cost=0.00..336453.00 rows=8126567 width=8)
                                                                                                   ->  Result  (cost=0.00..336058.00 rows=8116967 width=8)
                                                                                                         One-Time Filter: PartSelected
                                                                                                         ->  Append-only Columnar Scan on store_sales_1_prt_8  (cost=0.00..336058.00 rows=8116967 width=8)
                                                                                                   ->  Result  (cost=0.00..489738.00 rows=11829267 width=8)
                                                                                                         One-Time Filter: PartSelected
                                                                                                         ->  Append-only Columnar Scan on store_sales_1_prt_9  (cost=0.00..489738.00 rows=11829267 width=8)
                                                                                                   ->  Result  (cost=0.00..765474.00 rows=18489534 width=8)
                                                                                                         One-Time Filter: PartSelected
                                                                                                         ->  Append-only Columnar Scan on store_sales_1_prt_10  (cost=0.00..765474.00 rows=18489534 width=8)
                                                                                                   ->  Result  (cost=0.00..766278.00 rows=18508900 width=8)
                                                                                                         One-Time Filter: PartSelected
                                                                                                         ->  Append-only Columnar Scan on store_sales_1_prt_11  (cost=0.00..766278.00 rows=18508900 width=8)
                                                                                                   ->  Result  (cost=0.00..793967.00 rows=19177700 width=8)
                                                                                                         One-Time Filter: PartSelected
                                                                                                         ->  Append-only Columnar Scan on store_sales_1_prt_12  (cost=0.00..793967.00 rows=19177700 width=8)
                                                                                                   ->  Result  (cost=0.00..1159820.00 rows=28014600 width=8)
                                                                                                         One-Time Filter: PartSelected
                                                                                                         ->  Append-only Columnar Scan on store_sales_1_prt_13  (cost=0.00..1159820.00 rows=28014600 width=8)
                                                                                                   ->  Result  (cost=0.00..1160753.00 rows=28037334 width=8)
                                                                                                         One-Time Filter: PartSelected
                                                                                                         ->  Append-only Columnar Scan on store_sales_1_prt_14  (cost=0.00..1160753.00 rows=28037334 width=8)
                                                                                                   ->  Result  (cost=0.00..436710.00 rows=10548367 width=8)
                                                                                                         One-Time Filter: PartSelected
                                                                                                         ->  Append-only Columnar Scan on store_sales_1_prt_15  (cost=0.00..436710.00 rows=10548367 width=8)
                                                                                                   ->  Result  (cost=0.00..336477.00 rows=8127134 width=8)
                                                                                                         One-Time Filter: PartSelected
                                                                                                         ->  Append-only Columnar Scan on store_sales_1_prt_16  (cost=0.00..336477.00 rows=8127134 width=8)
                                                                                                   ->  Result  (cost=0.00..324706.00 rows=7842834 width=8)
                                                                                                         One-Time Filter: PartSelected
                                                                                                         ->  Append-only Columnar Scan on store_sales_1_prt_17  (cost=0.00..324706.00 rows=7842834 width=8)
                                                                                                   ->  Result  (cost=0.00..336587.00 rows=8129867 width=8)
                                                                                                         One-Time Filter: PartSelected
                                                                                                         ->  Append-only Columnar Scan on store_sales_1_prt_18  (cost=0.00..336587.00 rows=8129867 width=8)
                                                                                                   ->  Result  (cost=0.00..336153.00 rows=8119367 width=8)
                                                                                                         One-Time Filter: PartSelected
                                                                                                         ->  Append-only Columnar Scan on store_sales_1_prt_19  (cost=0.00..336153.00 rows=8119367 width=8)
                                                                                                   ->  Result  (cost=0.00..336736.00 rows=8133367 width=8)
                                                                                                         One-Time Filter: PartSelected
                                                                                                         ->  Append-only Columnar Scan on store_sales_1_prt_20  (cost=0.00..336736.00 rows=8133367 width=8)
                                                                                                   ->  Result  (cost=0.00..336190.00 rows=8120200 width=8)
                                                                                                         One-Time Filter: PartSelected
                                                                                                         ->  Append-only Columnar Scan on store_sales_1_prt_21  (cost=0.00..336190.00 rows=8120200 width=8)
                                                                                                   ->  Result  (cost=0.00..474334.00 rows=11457100 width=8)
                                                                                                         One-Time Filter: PartSelected
                                                                                                         ->  Append-only Columnar Scan on store_sales_1_prt_22  (cost=0.00..474334.00 rows=11457100 width=8)
                                                                                                   ->  Result  (cost=0.00..766084.00 rows=18504234 width=8)
                                                                                                         One-Time Filter: PartSelected
                                                                                                         ->  Append-only Columnar Scan on store_sales_1_prt_23  (cost=0.00..766084.00 rows=18504234 width=8)
                                                                                                   ->  Result  (cost=0.00..765781.00 rows=18496900 width=8)
                                                                                                         One-Time Filter: PartSelected
                                                                                                         ->  Append-only Columnar Scan on store_sales_1_prt_24  (cost=0.00..765781.00 rows=18496900 width=8)
                                                                                                   ->  Result  (cost=0.00..779443.00 rows=18826834 width=8)
                                                                                                         One-Time Filter: PartSelected
                                                                                                         ->  Append-only Columnar Scan on store_sales_1_prt_25  (cost=0.00..779443.00 rows=18826834 width=8)
                                                                                                   ->  Result  (cost=0.00..1160832.00 rows=28039467 width=8)
                                                                                                         One-Time Filter: PartSelected
                                                                                                         ->  Append-only Columnar Scan on store_sales_1_prt_26  (cost=0.00..1160832.00 rows=28039467 width=8)
                                                                                                   ->  Result  (cost=0.00..1160090.00 rows=28021400 width=8)
                                                                                                         One-Time Filter: PartSelected
                                                                                                         ->  Append-only Columnar Scan on store_sales_1_prt_27  (cost=0.00..1160090.00 rows=28021400 width=8)
                                                                                                   ->  Result  (cost=0.00..465893.00 rows=11253134 width=8)
                                                                                                         One-Time Filter: PartSelected
                                                                                                         ->  Append-only Columnar Scan on store_sales_1_prt_28  (cost=0.00..465893.00 rows=11253134 width=8)
                                                                                                   ->  Result  (cost=0.00..335914.00 rows=8113600 width=8)
                                                                                                         One-Time Filter: PartSelected
                                                                                                         ->  Append-only Columnar Scan on store_sales_1_prt_29  (cost=0.00..335914.00 rows=8113600 width=8)
                                                                                                   ->  Result  (cost=0.00..336186.00 rows=8120167 width=8)
                                                                                                         One-Time Filter: PartSelected
                                                                                                         ->  Append-only Columnar Scan on store_sales_1_prt_30  (cost=0.00..336186.00 rows=8120167 width=8)
                                                                                                   ->  Result  (cost=0.00..336014.00 rows=8115934 width=8)
                                                                                                         One-Time Filter: PartSelected
                                                                                                         ->  Append-only Columnar Scan on store_sales_1_prt_31  (cost=0.00..336014.00 rows=8115934 width=8)
                                                                                                   ->  Result  (cost=0.00..335918.00 rows=8113667 width=8)
                                                                                                         One-Time Filter: PartSelected
                                                                                                         ->  Append-only Columnar Scan on store_sales_1_prt_32  (cost=0.00..335918.00 rows=8113667 width=8)
                                                                                                   ->  Result  (cost=0.00..336069.00 rows=8117334 width=8)
                                                                                                         One-Time Filter: PartSelected
                                                                                                         ->  Append-only Columnar Scan on store_sales_1_prt_33  (cost=0.00..336069.00 rows=8117334 width=8)
                                                                                                   ->  Result  (cost=0.00..335472.00 rows=8102900 width=8)
                                                                                                         One-Time Filter: PartSelected
                                                                                                         ->  Append-only Columnar Scan on store_sales_1_prt_34  (cost=0.00..335472.00 rows=8102900 width=8)
                                                                                                   ->  Result  (cost=0.00..457985.00 rows=11062100 width=8)
                                                                                                         One-Time Filter: PartSelected
                                                                                                         ->  Append-only Columnar Scan on store_sales_1_prt_35  (cost=0.00..457985.00 rows=11062100 width=8)
                                                                                                   ->  Result  (cost=0.00..764679.00 rows=18470400 width=8)
                                                                                                         One-Time Filter: PartSelected
                                                                                                         ->  Append-only Columnar Scan on store_sales_1_prt_36  (cost=0.00..764679.00 rows=18470400 width=8)
                                                                                                   ->  Result  (cost=0.00..764030.00 rows=18454700 width=8)
                                                                                                         One-Time Filter: PartSelected
                                                                                                         ->  Append-only Columnar Scan on store_sales_1_prt_37  (cost=0.00..764030.00 rows=18454700 width=8)
                                                                                                   ->  Result  (cost=0.00..764484.00 rows=18465634 width=8)
                                                                                                         One-Time Filter: PartSelected
                                                                                                         ->  Append-only Columnar Scan on store_sales_1_prt_38  (cost=0.00..764484.00 rows=18465634 width=8)
                                                                                                   ->  Result  (cost=0.00..1158198.04 rows=27975568 width=8)
                                                                                                         One-Time Filter: PartSelected
                                                                                                         ->  Append-only Columnar Scan on store_sales_1_prt_39  (cost=0.00..1158198.04 rows=27975568 width=8)
                                                                                                   ->  Result  (cost=0.00..1158199.04 rows=27975968 width=8)
                                                                                                         One-Time Filter: PartSelected
                                                                                                         ->  Append-only Columnar Scan on store_sales_1_prt_40  (cost=0.00..1158199.04 rows=27975968 width=8)
                                                                                                   ->  Result  (cost=0.00..483138.00 rows=11669800 width=8)
                                                                                                         One-Time Filter: PartSelected
                                                                                                         ->  Append-only Columnar Scan on store_sales_1_prt_41  (cost=0.00..483138.00 rows=11669800 width=8)
                                                                                                   ->  Result  (cost=0.00..336559.00 rows=8129100 width=8)
                                                                                                         One-Time Filter: PartSelected
                                                                                                         ->  Append-only Columnar Scan on store_sales_1_prt_42  (cost=0.00..336559.00 rows=8129100 width=8)
                                                                                                   ->  Result  (cost=0.00..324602.00 rows=7840367 width=8)
                                                                                                         One-Time Filter: PartSelected
                                                                                                         ->  Append-only Columnar Scan on store_sales_1_prt_43  (cost=0.00..324602.00 rows=7840367 width=8)
                                                                                                   ->  Result  (cost=0.00..336209.00 rows=8120567 width=8)
                                                                                                         One-Time Filter: PartSelected
                                                                                                         ->  Append-only Columnar Scan on store_sales_1_prt_44  (cost=0.00..336209.00 rows=8120567 width=8)
                                                                                                   ->  Result  (cost=0.00..336313.00 rows=8123267 width=8)
                                                                                                         One-Time Filter: PartSelected
                                                                                                         ->  Append-only Columnar Scan on store_sales_1_prt_45  (cost=0.00..336313.00 rows=8123267 width=8)
                                                                                                   ->  Result  (cost=0.00..336621.00 rows=8130734 width=8)
                                                                                                         One-Time Filter: PartSelected
                                                                                                         ->  Append-only Columnar Scan on store_sales_1_prt_46  (cost=0.00..336621.00 rows=8130734 width=8)
                                                                                                   ->  Result  (cost=0.00..335906.00 rows=8113400 width=8)
                                                                                                         One-Time Filter: PartSelected
                                                                                                         ->  Append-only Columnar Scan on store_sales_1_prt_47  (cost=0.00..335906.00 rows=8113400 width=8)
                                                                                                   ->  Result  (cost=0.00..428657.00 rows=10353800 width=8)
                                                                                                         One-Time Filter: PartSelected
                                                                                                         ->  Append-only Columnar Scan on store_sales_1_prt_48  (cost=0.00..428657.00 rows=10353800 width=8)
                                                                                                   ->  Result  (cost=0.00..766560.00 rows=18515734 width=8)
                                                                                                         One-Time Filter: PartSelected
                                                                                                         ->  Append-only Columnar Scan on store_sales_1_prt_49  (cost=0.00..766560.00 rows=18515734 width=8)
                                                                                                   ->  Result  (cost=0.00..766167.00 rows=18506234 width=8)
                                                                                                         One-Time Filter: PartSelected
                                                                                                         ->  Append-only Columnar Scan on store_sales_1_prt_50  (cost=0.00..766167.00 rows=18506234 width=8)
                                                                                                   ->  Result  (cost=0.00..766196.00 rows=18506900 width=8)
                                                                                                         One-Time Filter: PartSelected
                                                                                                         ->  Append-only Columnar Scan on store_sales_1_prt_51  (cost=0.00..766196.00 rows=18506900 width=8)
                                                                                                   ->  Result  (cost=0.00..1130938.00 rows=27317200 width=8)
                                                                                                         One-Time Filter: PartSelected
                                                                                                         ->  Append-only Columnar Scan on store_sales_1_prt_52  (cost=0.00..1130938.00 rows=27317200 width=8)
                                                                                                   ->  Result  (cost=0.00..1160637.96 rows=28034566 width=8)
                                                                                                         One-Time Filter: PartSelected
                                                                                                         ->  Append-only Columnar Scan on store_sales_1_prt_53  (cost=0.00..1160637.96 rows=28034566 width=8)
                                                                                                   ->  Result  (cost=0.00..555225.00 rows=13411000 width=8)
                                                                                                         One-Time Filter: PartSelected
                                                                                                         ->  Append-only Columnar Scan on store_sales_1_prt_54  (cost=0.00..555225.00 rows=13411000 width=8)
                                                                                                   ->  Result  (cost=0.00..336782.00 rows=8134567 width=8)
                                                                                                         One-Time Filter: PartSelected
                                                                                                         ->  Append-only Columnar Scan on store_sales_1_prt_55  (cost=0.00..336782.00 rows=8134567 width=8)
                                                                                                   ->  Result  (cost=0.00..324454.00 rows=7836734 width=8)
                                                                                                         One-Time Filter: PartSelected
                                                                                                         ->  Append-only Columnar Scan on store_sales_1_prt_56  (cost=0.00..324454.00 rows=7836734 width=8)
                                                                                                   ->  Result  (cost=0.00..336546.00 rows=8128867 width=8)
                                                                                                         One-Time Filter: PartSelected
                                                                                                         ->  Append-only Columnar Scan on store_sales_1_prt_57  (cost=0.00..336546.00 rows=8128867 width=8)
                                                                                                   ->  Result  (cost=0.00..336207.00 rows=8120667 width=8)
                                                                                                         One-Time Filter: PartSelected
                                                                                                         ->  Append-only Columnar Scan on store_sales_1_prt_58  (cost=0.00..336207.00 rows=8120667 width=8)
                                                                                                   ->  Result  (cost=0.00..336578.00 rows=8129534 width=8)
                                                                                                         One-Time Filter: PartSelected
                                                                                                         ->  Append-only Columnar Scan on store_sales_1_prt_59  (cost=0.00..336578.00 rows=8129534 width=8)
                                                                                                   ->  Result  (cost=0.00..336468.00 rows=8127067 width=8)
                                                                                                         One-Time Filter: PartSelected
                                                                                                         ->  Append-only Columnar Scan on store_sales_1_prt_60  (cost=0.00..336468.00 rows=8127067 width=8)
                                                                                                   ->  Result  (cost=0.00..412992.00 rows=9975467 width=8)
                                                                                                         One-Time Filter: PartSelected
                                                                                                         ->  Append-only Columnar Scan on store_sales_1_prt_61  (cost=0.00..412992.00 rows=9975467 width=8)
                                                                                                   ->  Result  (cost=0.00..765709.00 rows=18495234 width=8)
                                                                                                         One-Time Filter: PartSelected
                                                                                                         ->  Append-only Columnar Scan on store_sales_1_prt_62  (cost=0.00..765709.00 rows=18495234 width=8)
                                                                                                   ->  Result  (cost=0.00..766176.00 rows=18506500 width=8)
                                                                                                         One-Time Filter: PartSelected
                                                                                                         ->  Append-only Columnar Scan on store_sales_1_prt_63  (cost=0.00..766176.00 rows=18506500 width=8)
                                                                                                   ->  Result  (cost=0.00..766142.00 rows=18505834 width=8)
                                                                                                         One-Time Filter: PartSelected
                                                                                                         ->  Append-only Columnar Scan on store_sales_1_prt_64  (cost=0.00..766142.00 rows=18505834 width=8)
                                                                                                   ->  Result  (cost=0.00..1117566.96 rows=26994166 width=8)
                                                                                                         One-Time Filter: PartSelected
                                                                                                         ->  Append-only Columnar Scan on store_sales_1_prt_65  (cost=0.00..1117566.96 rows=26994166 width=8)
                                                                                                   ->  Result  (cost=0.00..1159645.96 rows=28010566 width=8)
                                                                                                         One-Time Filter: PartSelected
                                                                                                         ->  Append-only Columnar Scan on store_sales_1_prt_66  (cost=0.00..1159645.96 rows=28010566 width=8)
                                                                                                   ->  Result  (cost=0.00..331321.00 rows=8002500 width=8)
                                                                                                         One-Time Filter: PartSelected
                                                                                                         ->  Append-only Columnar Scan on store_sales_1_prt_67  (cost=0.00..331321.00 rows=8002500 width=8)
                                                                                                   ->  Result  (cost=0.00..1.00 rows=1 width=8)
                                                                                                         One-Time Filter: PartSelected
                                                                                                         ->  Append-only Columnar Scan on store_sales_1_prt_68  (cost=0.00..1.00 rows=1 width=8)
                                                                                                   ->  Result  (cost=0.00..1.00 rows=1 width=8)
                                                                                                         One-Time Filter: PartSelected
                                                                                                         ->  Append-only Columnar Scan on store_sales_1_prt_69  (cost=0.00..1.00 rows=1 width=8)
                                                                                                   ->  Result  (cost=0.00..1.00 rows=1 width=8)
                                                                                                         One-Time Filter: PartSelected
                                                                                                         ->  Append-only Columnar Scan on store_sales_1_prt_70  (cost=0.00..1.00 rows=1 width=8)
                                                                                                   ->  Result  (cost=0.00..1.00 rows=1 width=8)
                                                                                                         One-Time Filter: PartSelected
                                                                                                         ->  Append-only Columnar Scan on store_sales_1_prt_71  (cost=0.00..1.00 rows=1 width=8)
                                                                                                   ->  Result  (cost=0.00..1.00 rows=1 width=8)
                                                                                                         One-Time Filter: PartSelected
                                                                                                         ->  Append-only Columnar Scan on store_sales_1_prt_72  (cost=0.00..1.00 rows=1 width=8)
                                                                                                   ->  Result  (cost=0.00..1.00 rows=1 width=8)
                                                                                                         One-Time Filter: PartSelected
                                                                                                         ->  Append-only Columnar Scan on store_sales_1_prt_73  (cost=0.00..1.00 rows=1 width=8)
                                                                                                   ->  Result  (cost=0.00..1.00 rows=1 width=8)
                                                                                                         One-Time Filter: PartSelected
                                                                                                         ->  Append-only Columnar Scan on store_sales_1_prt_74  (cost=0.00..1.00 rows=1 width=8)
                                                                                                   ->  Result  (cost=0.00..1.00 rows=1 width=8)
                                                                                                         One-Time Filter: PartSelected
                                                                                                         ->  Append-only Columnar Scan on store_sales_1_prt_75  (cost=0.00..1.00 rows=1 width=8)
                                                                                                   ->  Result  (cost=0.00..1.00 rows=1 width=8)
                                                                                                         One-Time Filter: PartSelected
                                                                                                         ->  Append-only Columnar Scan on store_sales_1_prt_76  (cost=0.00..1.00 rows=1 width=8)
                                                                                                   ->  Result  (cost=0.00..1.00 rows=1 width=8)
                                                                                                         One-Time Filter: PartSelected
                                                                                                         ->  Append-only Columnar Scan on store_sales_1_prt_77  (cost=0.00..1.00 rows=1 width=8)
                                                                                                   ->  Result  (cost=0.00..1.00 rows=1 width=8)
                                                                                                         One-Time Filter: PartSelected
                                                                                                         ->  Append-only Columnar Scan on store_sales_1_prt_78  (cost=0.00..1.00 rows=1 width=8)
                                                                                                   ->  Result  (cost=0.00..1.00 rows=1 width=8)
                                                                                                         One-Time Filter: PartSelected
                                                                                                         ->  Append-only Columnar Scan on store_sales_1_prt_79  (cost=0.00..1.00 rows=1 width=8)
                                                                                                   ->  Result  (cost=0.00..1.00 rows=1 width=8)
                                                                                                         One-Time Filter: PartSelected
                                                                                                         ->  Append-only Columnar Scan on store_sales_1_prt_80  (cost=0.00..1.00 rows=1 width=8)
                                                                                             ->  Hash  (cost=1510.17..1510.17 rows=1461 width=8)
                                                                                                   ->  Partition Selector for store_sales (dynamic scan id: 1)  (cost=0.00..1510.17 rows=1461 width=8)
                                                                                                         Filter: date_dim_1.d_date_sk
                                                                                                         ->  Broadcast Motion 3:3  (slice1; segments: 3)  (cost=0.00..1510.17 rows=1461 width=8)
                                                                                                               ->  Seq Scan on date_dim date_dim_1  (cost=0.00..1451.73 rows=487 width=8)
                                                                                                                     Filter: (d_year = ANY ('{1999,2000,2001,2002}'::integer[]))
                                                                                 ->  Hash  (cost=5981.47..5981.47 rows=99749 width=106)
                                                                                       ->  Seq Scan on item  (cost=0.00..5981.47 rows=99749 width=106)
                                             ->  Hash  (cost=1455.96..1455.96 rows=106 width=4)
                                                   ->  Partition Selector for catalog_sales (dynamic scan id: 1)  (cost=0.00..1455.96 rows=106 width=4)
                                                         Filter: date_dim.d_date_sk
                                                         ->  Broadcast Motion 3:3  (slice4; segments: 3)  (cost=0.00..1455.96 rows=106 width=4)
                                                               ->  Seq Scan on date_dim  (cost=0.00..1451.73 rows=36 width=4)
                                                                     Filter: ((d_year = 1999) AND (d_moy = 1))
                                 ->  Hash  (cost=270007.75..270007.75 rows=334 width=4)
                                       ->  HashAggregate  (cost=269997.75..270007.75 rows=334 width=4)
                                             Group Key: customer.c_customer_sk
                                             ->  HashAggregate  (cost=229063852.11..229593886.75 rows=3999967 width=36)
                                                   Group Key: customer.c_customer_sk
                                                   Filter: (pg_catalog.sum((sum(((store_sales_1_prt_outliers_1.ss_quantity)::numeric * store_sales_1_prt_outliers_1.ss_sales_price)))) > (0.95000000000000000000 * $0))
                                                   InitPlan 1 (returns $0)  (slice22)
                                                     ->  Aggregate  (cost=57854912.77..57854912.78 rows=1 width=32)
                                                           ->  Gather Motion 3:1  (slice10; segments: 3)  (cost=57854912.70..57854912.75 rows=1 width=32)
                                                                 ->  Aggregate  (cost=57854912.70..57854912.71 rows=1 width=32)
                                                                       ->  Subquery Scan on x  (cost=57854911.95..57854912.63 rows=10 width=32)
                                                                             ->  HashAggregate  (cost=57854911.95..57854912.33 rows=10 width=36)
                                                                                   Group Key: customer_2.c_customer_sk
                                                                                   ->  Hash Join  (cost=330345.71..57854911.65 rows=11 width=14)
                                                                                         Hash Cond: (store_sales_1_prt_outliers_4.ss_customer_sk = customer_2.c_customer_sk)
                                                                                         ->  Redistribute Motion 3:3  (slice9; segments: 3)  (cost=1564.96..57526130.04 rows=11 width=14)
                                                                                               Hash Key: store_sales_1_prt_outliers_4.ss_customer_sk
                                                                                               ->  Hash Join  (cost=1564.96..57526129.42 rows=11 width=14)
                                                                                                     Hash Cond: (store_sales_1_prt_outliers_4.ss_sold_date_sk = date_dim_4.d_date_sk)
                                                                                                     ->  Append  (cost=0.00..39524635.96 rows=959996170 width=18)
                                                                                                           ->  Result  (cost=0.00..1568615.00 rows=43200334 width=18)
                                                                                                                 One-Time Filter: PartSelected
                                                                                                                 ->  Append-only Columnar Scan on store_sales_1_prt_outliers store_sales_1_prt_outliers_4  (cost=0.00..1568615.00 rows=43200334 width=18)
                                                                                                           ->  Result  (cost=0.00..324595.00 rows=7840134 width=18)
                                                                                                                 One-Time Filter: PartSelected
                                                                                                                 ->  Append-only Columnar Scan on store_sales_1_prt_2 store_sales_1_prt_2_4  (cost=0.00..324595.00 rows=7840134 width=18)
                                                                                                           ->  Result  (cost=0.00..336211.00 rows=8120800 width=18)
                                                                                                                 One-Time Filter: PartSelected
                                                                                                                 ->  Append-only Columnar Scan on store_sales_1_prt_3 store_sales_1_prt_3_4  (cost=0.00..336211.00 rows=8120800 width=18)
                                                                                                           ->  Result  (cost=0.00..324382.00 rows=7834967 width=18)
                                                                                                                 One-Time Filter: PartSelected
                                                                                                                 ->  Append-only Columnar Scan on store_sales_1_prt_4 store_sales_1_prt_4_4  (cost=0.00..324382.00 rows=7834967 width=18)
                                                                                                           ->  Result  (cost=0.00..336381.00 rows=8124734 width=18)
                                                                                                                 One-Time Filter: PartSelected
                                                                                                                 ->  Append-only Columnar Scan on store_sales_1_prt_5 store_sales_1_prt_5_4  (cost=0.00..336381.00 rows=8124734 width=18)
                                                                                                           ->  Result  (cost=0.00..336417.00 rows=8125800 width=18)
                                                                                                                 One-Time Filter: PartSelected
                                                                                                                 ->  Append-only Columnar Scan on store_sales_1_prt_6 store_sales_1_prt_6_4  (cost=0.00..336417.00 rows=8125800 width=18)
                                                                                                           ->  Result  (cost=0.00..336453.00 rows=8126567 width=18)
                                                                                                                 One-Time Filter: PartSelected
                                                                                                                 ->  Append-only Columnar Scan on store_sales_1_prt_7 store_sales_1_prt_7_4  (cost=0.00..336453.00 rows=8126567 width=18)
                                                                                                           ->  Result  (cost=0.00..336058.00 rows=8116967 width=18)
                                                                                                                 One-Time Filter: PartSelected
                                                                                                                 ->  Append-only Columnar Scan on store_sales_1_prt_8 store_sales_1_prt_8_4  (cost=0.00..336058.00 rows=8116967 width=18)
                                                                                                           ->  Result  (cost=0.00..489738.00 rows=11829267 width=18)
                                                                                                                 One-Time Filter: PartSelected
                                                                                                                 ->  Append-only Columnar Scan on store_sales_1_prt_9 store_sales_1_prt_9_4  (cost=0.00..489738.00 rows=11829267 width=18)
                                                                                                           ->  Result  (cost=0.00..765474.00 rows=18489534 width=18)
                                                                                                                 One-Time Filter: PartSelected
                                                                                                                 ->  Append-only Columnar Scan on store_sales_1_prt_10 store_sales_1_prt_10_4  (cost=0.00..765474.00 rows=18489534 width=18)
                                                                                                           ->  Result  (cost=0.00..766278.00 rows=18508900 width=18)
                                                                                                                 One-Time Filter: PartSelected
                                                                                                                 ->  Append-only Columnar Scan on store_sales_1_prt_11 store_sales_1_prt_11_4  (cost=0.00..766278.00 rows=18508900 width=18)
                                                                                                           ->  Result  (cost=0.00..793967.00 rows=19177700 width=18)
                                                                                                                 One-Time Filter: PartSelected
                                                                                                                 ->  Append-only Columnar Scan on store_sales_1_prt_12 store_sales_1_prt_12_4  (cost=0.00..793967.00 rows=19177700 width=18)
                                                                                                           ->  Result  (cost=0.00..1159820.00 rows=28014600 width=18)
                                                                                                                 One-Time Filter: PartSelected
                                                                                                                 ->  Append-only Columnar Scan on store_sales_1_prt_13 store_sales_1_prt_13_4  (cost=0.00..1159820.00 rows=28014600 width=18)
                                                                                                           ->  Result  (cost=0.00..1160753.00 rows=28037334 width=18)
                                                                                                                 One-Time Filter: PartSelected
                                                                                                                 ->  Append-only Columnar Scan on store_sales_1_prt_14 store_sales_1_prt_14_4  (cost=0.00..1160753.00 rows=28037334 width=18)
                                                                                                           ->  Result  (cost=0.00..436710.00 rows=10548367 width=18)
                                                                                                                 One-Time Filter: PartSelected
                                                                                                                 ->  Append-only Columnar Scan on store_sales_1_prt_15 store_sales_1_prt_15_4  (cost=0.00..436710.00 rows=10548367 width=18)
                                                                                                           ->  Result  (cost=0.00..336477.00 rows=8127134 width=18)
                                                                                                                 One-Time Filter: PartSelected
                                                                                                                 ->  Append-only Columnar Scan on store_sales_1_prt_16 store_sales_1_prt_16_4  (cost=0.00..336477.00 rows=8127134 width=18)
                                                                                                           ->  Result  (cost=0.00..324706.00 rows=7842834 width=18)
                                                                                                                 One-Time Filter: PartSelected
                                                                                                                 ->  Append-only Columnar Scan on store_sales_1_prt_17 store_sales_1_prt_17_4  (cost=0.00..324706.00 rows=7842834 width=18)
                                                                                                           ->  Result  (cost=0.00..336587.00 rows=8129867 width=18)
                                                                                                                 One-Time Filter: PartSelected
                                                                                                                 ->  Append-only Columnar Scan on store_sales_1_prt_18 store_sales_1_prt_18_4  (cost=0.00..336587.00 rows=8129867 width=18)
                                                                                                           ->  Result  (cost=0.00..336153.00 rows=8119367 width=18)
                                                                                                                 One-Time Filter: PartSelected
                                                                                                                 ->  Append-only Columnar Scan on store_sales_1_prt_19 store_sales_1_prt_19_4  (cost=0.00..336153.00 rows=8119367 width=18)
                                                                                                           ->  Result  (cost=0.00..336736.00 rows=8133367 width=18)
                                                                                                                 One-Time Filter: PartSelected
                                                                                                                 ->  Append-only Columnar Scan on store_sales_1_prt_20 store_sales_1_prt_20_4  (cost=0.00..336736.00 rows=8133367 width=18)
                                                                                                           ->  Result  (cost=0.00..336190.00 rows=8120200 width=18)
                                                                                                                 One-Time Filter: PartSelected
                                                                                                                 ->  Append-only Columnar Scan on store_sales_1_prt_21 store_sales_1_prt_21_4  (cost=0.00..336190.00 rows=8120200 width=18)
                                                                                                           ->  Result  (cost=0.00..474334.00 rows=11457100 width=18)
                                                                                                                 One-Time Filter: PartSelected
                                                                                                                 ->  Append-only Columnar Scan on store_sales_1_prt_22 store_sales_1_prt_22_4  (cost=0.00..474334.00 rows=11457100 width=18)
                                                                                                           ->  Result  (cost=0.00..766084.00 rows=18504234 width=18)
                                                                                                                 One-Time Filter: PartSelected
                                                                                                                 ->  Append-only Columnar Scan on store_sales_1_prt_23 store_sales_1_prt_23_4  (cost=0.00..766084.00 rows=18504234 width=18)
                                                                                                           ->  Result  (cost=0.00..765781.00 rows=18496900 width=18)
                                                                                                                 One-Time Filter: PartSelected
                                                                                                                 ->  Append-only Columnar Scan on store_sales_1_prt_24 store_sales_1_prt_24_4  (cost=0.00..765781.00 rows=18496900 width=18)
                                                                                                           ->  Result  (cost=0.00..779443.00 rows=18826834 width=18)
                                                                                                                 One-Time Filter: PartSelected
                                                                                                                 ->  Append-only Columnar Scan on store_sales_1_prt_25 store_sales_1_prt_25_4  (cost=0.00..779443.00 rows=18826834 width=18)
                                                                                                           ->  Result  (cost=0.00..1160832.00 rows=28039467 width=18)
                                                                                                                 One-Time Filter: PartSelected
                                                                                                                 ->  Append-only Columnar Scan on store_sales_1_prt_26 store_sales_1_prt_26_4  (cost=0.00..1160832.00 rows=28039467 width=18)
                                                                                                           ->  Result  (cost=0.00..1160090.00 rows=28021400 width=18)
                                                                                                                 One-Time Filter: PartSelected
                                                                                                                 ->  Append-only Columnar Scan on store_sales_1_prt_27 store_sales_1_prt_27_4  (cost=0.00..1160090.00 rows=28021400 width=18)
                                                                                                           ->  Result  (cost=0.00..465893.00 rows=11253134 width=18)
                                                                                                                 One-Time Filter: PartSelected
                                                                                                                 ->  Append-only Columnar Scan on store_sales_1_prt_28 store_sales_1_prt_28_4  (cost=0.00..465893.00 rows=11253134 width=18)
                                                                                                           ->  Result  (cost=0.00..335914.00 rows=8113600 width=18)
                                                                                                                 One-Time Filter: PartSelected
                                                                                                                 ->  Append-only Columnar Scan on store_sales_1_prt_29 store_sales_1_prt_29_4  (cost=0.00..335914.00 rows=8113600 width=18)
                                                                                                           ->  Result  (cost=0.00..336186.00 rows=8120167 width=18)
                                                                                                                 One-Time Filter: PartSelected
                                                                                                                 ->  Append-only Columnar Scan on store_sales_1_prt_30 store_sales_1_prt_30_4  (cost=0.00..336186.00 rows=8120167 width=18)
                                                                                                           ->  Result  (cost=0.00..336014.00 rows=8115934 width=18)
                                                                                                                 One-Time Filter: PartSelected
                                                                                                                 ->  Append-only Columnar Scan on store_sales_1_prt_31 store_sales_1_prt_31_4  (cost=0.00..336014.00 rows=8115934 width=18)
                                                                                                           ->  Result  (cost=0.00..335918.00 rows=8113667 width=18)
                                                                                                                 One-Time Filter: PartSelected
                                                                                                                 ->  Append-only Columnar Scan on store_sales_1_prt_32 store_sales_1_prt_32_4  (cost=0.00..335918.00 rows=8113667 width=18)
                                                                                                           ->  Result  (cost=0.00..336069.00 rows=8117334 width=18)
                                                                                                                 One-Time Filter: PartSelected
                                                                                                                 ->  Append-only Columnar Scan on store_sales_1_prt_33 store_sales_1_prt_33_4  (cost=0.00..336069.00 rows=8117334 width=18)
                                                                                                           ->  Result  (cost=0.00..335472.00 rows=8102900 width=18)
                                                                                                                 One-Time Filter: PartSelected
                                                                                                                 ->  Append-only Columnar Scan on store_sales_1_prt_34 store_sales_1_prt_34_4  (cost=0.00..335472.00 rows=8102900 width=18)
                                                                                                           ->  Result  (cost=0.00..457985.00 rows=11062100 width=18)
                                                                                                                 One-Time Filter: PartSelected
                                                                                                                 ->  Append-only Columnar Scan on store_sales_1_prt_35 store_sales_1_prt_35_4  (cost=0.00..457985.00 rows=11062100 width=18)
                                                                                                           ->  Result  (cost=0.00..764679.00 rows=18470400 width=18)
                                                                                                                 One-Time Filter: PartSelected
                                                                                                                 ->  Append-only Columnar Scan on store_sales_1_prt_36 store_sales_1_prt_36_4  (cost=0.00..764679.00 rows=18470400 width=18)
                                                                                                           ->  Result  (cost=0.00..764030.00 rows=18454700 width=18)
                                                                                                                 One-Time Filter: PartSelected
                                                                                                                 ->  Append-only Columnar Scan on store_sales_1_prt_37 store_sales_1_prt_37_4  (cost=0.00..764030.00 rows=18454700 width=18)
                                                                                                           ->  Result  (cost=0.00..764484.00 rows=18465634 width=18)
                                                                                                                 One-Time Filter: PartSelected
                                                                                                                 ->  Append-only Columnar Scan on store_sales_1_prt_38 store_sales_1_prt_38_4  (cost=0.00..764484.00 rows=18465634 width=18)
                                                                                                           ->  Result  (cost=0.00..1158198.04 rows=27975568 width=18)
                                                                                                                 One-Time Filter: PartSelected
                                                                                                                 ->  Append-only Columnar Scan on store_sales_1_prt_39 store_sales_1_prt_39_4  (cost=0.00..1158198.04 rows=27975568 width=18)
                                                                                                           ->  Result  (cost=0.00..1158199.04 rows=27975968 width=18)
                                                                                                                 One-Time Filter: PartSelected
                                                                                                                 ->  Append-only Columnar Scan on store_sales_1_prt_40 store_sales_1_prt_40_4  (cost=0.00..1158199.04 rows=27975968 width=18)
                                                                                                           ->  Result  (cost=0.00..483138.00 rows=11669800 width=18)
                                                                                                                 One-Time Filter: PartSelected
                                                                                                                 ->  Append-only Columnar Scan on store_sales_1_prt_41 store_sales_1_prt_41_4  (cost=0.00..483138.00 rows=11669800 width=18)
                                                                                                           ->  Result  (cost=0.00..336559.00 rows=8129100 width=18)
                                                                                                                 One-Time Filter: PartSelected
                                                                                                                 ->  Append-only Columnar Scan on store_sales_1_prt_42 store_sales_1_prt_42_4  (cost=0.00..336559.00 rows=8129100 width=18)
                                                                                                           ->  Result  (cost=0.00..324602.00 rows=7840367 width=18)
                                                                                                                 One-Time Filter: PartSelected
                                                                                                                 ->  Append-only Columnar Scan on store_sales_1_prt_43 store_sales_1_prt_43_4  (cost=0.00..324602.00 rows=7840367 width=18)
                                                                                                           ->  Result  (cost=0.00..336209.00 rows=8120567 width=18)
                                                                                                                 One-Time Filter: PartSelected
                                                                                                                 ->  Append-only Columnar Scan on store_sales_1_prt_44 store_sales_1_prt_44_4  (cost=0.00..336209.00 rows=8120567 width=18)
                                                                                                           ->  Result  (cost=0.00..336313.00 rows=8123267 width=18)
                                                                                                                 One-Time Filter: PartSelected
                                                                                                                 ->  Append-only Columnar Scan on store_sales_1_prt_45 store_sales_1_prt_45_4  (cost=0.00..336313.00 rows=8123267 width=18)
                                                                                                           ->  Result  (cost=0.00..336621.00 rows=8130734 width=18)
                                                                                                                 One-Time Filter: PartSelected
                                                                                                                 ->  Append-only Columnar Scan on store_sales_1_prt_46 store_sales_1_prt_46_4  (cost=0.00..336621.00 rows=8130734 width=18)
                                                                                                           ->  Result  (cost=0.00..335906.00 rows=8113400 width=18)
                                                                                                                 One-Time Filter: PartSelected
                                                                                                                 ->  Append-only Columnar Scan on store_sales_1_prt_47 store_sales_1_prt_47_4  (cost=0.00..335906.00 rows=8113400 width=18)
                                                                                                           ->  Result  (cost=0.00..428657.00 rows=10353800 width=18)
                                                                                                                 One-Time Filter: PartSelected
                                                                                                                 ->  Append-only Columnar Scan on store_sales_1_prt_48 store_sales_1_prt_48_4  (cost=0.00..428657.00 rows=10353800 width=18)
                                                                                                           ->  Result  (cost=0.00..766560.00 rows=18515734 width=18)
                                                                                                                 One-Time Filter: PartSelected
                                                                                                                 ->  Append-only Columnar Scan on store_sales_1_prt_49 store_sales_1_prt_49_4  (cost=0.00..766560.00 rows=18515734 width=18)
                                                                                                           ->  Result  (cost=0.00..766167.00 rows=18506234 width=18)
                                                                                                                 One-Time Filter: PartSelected
                                                                                                                 ->  Append-only Columnar Scan on store_sales_1_prt_50 store_sales_1_prt_50_4  (cost=0.00..766167.00 rows=18506234 width=18)
                                                                                                           ->  Result  (cost=0.00..766196.00 rows=18506900 width=18)
                                                                                                                 One-Time Filter: PartSelected
                                                                                                                 ->  Append-only Columnar Scan on store_sales_1_prt_51 store_sales_1_prt_51_4  (cost=0.00..766196.00 rows=18506900 width=18)
                                                                                                           ->  Result  (cost=0.00..1130938.00 rows=27317200 width=18)
                                                                                                                 One-Time Filter: PartSelected
                                                                                                                 ->  Append-only Columnar Scan on store_sales_1_prt_52 store_sales_1_prt_52_4  (cost=0.00..1130938.00 rows=27317200 width=18)
                                                                                                           ->  Result  (cost=0.00..1160637.96 rows=28034566 width=18)
                                                                                                                 One-Time Filter: PartSelected
                                                                                                                 ->  Append-only Columnar Scan on store_sales_1_prt_53 store_sales_1_prt_53_4  (cost=0.00..1160637.96 rows=28034566 width=18)
                                                                                                           ->  Result  (cost=0.00..555225.00 rows=13411000 width=18)
                                                                                                                 One-Time Filter: PartSelected
                                                                                                                 ->  Append-only Columnar Scan on store_sales_1_prt_54 store_sales_1_prt_54_4  (cost=0.00..555225.00 rows=13411000 width=18)
                                                                                                           ->  Result  (cost=0.00..336782.00 rows=8134567 width=18)
                                                                                                                 One-Time Filter: PartSelected
                                                                                                                 ->  Append-only Columnar Scan on store_sales_1_prt_55 store_sales_1_prt_55_4  (cost=0.00..336782.00 rows=8134567 width=18)
                                                                                                           ->  Result  (cost=0.00..324454.00 rows=7836734 width=18)
                                                                                                                 One-Time Filter: PartSelected
                                                                                                                 ->  Append-only Columnar Scan on store_sales_1_prt_56 store_sales_1_prt_56_4  (cost=0.00..324454.00 rows=7836734 width=18)
                                                                                                           ->  Result  (cost=0.00..336546.00 rows=8128867 width=18)
                                                                                                                 One-Time Filter: PartSelected
                                                                                                                 ->  Append-only Columnar Scan on store_sales_1_prt_57 store_sales_1_prt_57_4  (cost=0.00..336546.00 rows=8128867 width=18)
                                                                                                           ->  Result  (cost=0.00..336207.00 rows=8120667 width=18)
                                                                                                                 One-Time Filter: PartSelected
                                                                                                                 ->  Append-only Columnar Scan on store_sales_1_prt_58 store_sales_1_prt_58_4  (cost=0.00..336207.00 rows=8120667 width=18)
                                                                                                           ->  Result  (cost=0.00..336578.00 rows=8129534 width=18)
                                                                                                                 One-Time Filter: PartSelected
                                                                                                                 ->  Append-only Columnar Scan on store_sales_1_prt_59 store_sales_1_prt_59_4  (cost=0.00..336578.00 rows=8129534 width=18)
                                                                                                           ->  Result  (cost=0.00..336468.00 rows=8127067 width=18)
                                                                                                                 One-Time Filter: PartSelected
                                                                                                                 ->  Append-only Columnar Scan on store_sales_1_prt_60 store_sales_1_prt_60_4  (cost=0.00..336468.00 rows=8127067 width=18)
                                                                                                           ->  Result  (cost=0.00..412992.00 rows=9975467 width=18)
                                                                                                                 One-Time Filter: PartSelected
                                                                                                                 ->  Append-only Columnar Scan on store_sales_1_prt_61 store_sales_1_prt_61_4  (cost=0.00..412992.00 rows=9975467 width=18)
                                                                                                           ->  Result  (cost=0.00..765709.00 rows=18495234 width=18)
                                                                                                                 One-Time Filter: PartSelected
                                                                                                                 ->  Append-only Columnar Scan on store_sales_1_prt_62 store_sales_1_prt_62_4  (cost=0.00..765709.00 rows=18495234 width=18)
                                                                                                           ->  Result  (cost=0.00..766176.00 rows=18506500 width=18)
                                                                                                                 One-Time Filter: PartSelected
                                                                                                                 ->  Append-only Columnar Scan on store_sales_1_prt_63 store_sales_1_prt_63_4  (cost=0.00..766176.00 rows=18506500 width=18)
                                                                                                           ->  Result  (cost=0.00..766142.00 rows=18505834 width=18)
                                                                                                                 One-Time Filter: PartSelected
                                                                                                                 ->  Append-only Columnar Scan on store_sales_1_prt_64 store_sales_1_prt_64_4  (cost=0.00..766142.00 rows=18505834 width=18)
                                                                                                           ->  Result  (cost=0.00..1117566.96 rows=26994166 width=18)
                                                                                                                 One-Time Filter: PartSelected
                                                                                                                 ->  Append-only Columnar Scan on store_sales_1_prt_65 store_sales_1_prt_65_4  (cost=0.00..1117566.96 rows=26994166 width=18)
                                                                                                           ->  Result  (cost=0.00..1159645.96 rows=28010566 width=18)
                                                                                                                 One-Time Filter: PartSelected
                                                                                                                 ->  Append-only Columnar Scan on store_sales_1_prt_66 store_sales_1_prt_66_4  (cost=0.00..1159645.96 rows=28010566 width=18)
                                                                                                           ->  Result  (cost=0.00..331321.00 rows=8002500 width=18)
                                                                                                                 One-Time Filter: PartSelected
                                                                                                                 ->  Append-only Columnar Scan on store_sales_1_prt_67 store_sales_1_prt_67_4  (cost=0.00..331321.00 rows=8002500 width=18)
                                                                                                           ->  Result  (cost=0.00..1.00 rows=1 width=26)
                                                                                                                 One-Time Filter: PartSelected
                                                                                                                 ->  Append-only Columnar Scan on store_sales_1_prt_68 store_sales_1_prt_68_4  (cost=0.00..1.00 rows=1 width=26)
                                                                                                           ->  Result  (cost=0.00..1.00 rows=1 width=26)
                                                                                                                 One-Time Filter: PartSelected
                                                                                                                 ->  Append-only Columnar Scan on store_sales_1_prt_69 store_sales_1_prt_69_4  (cost=0.00..1.00 rows=1 width=26)
                                                                                                           ->  Result  (cost=0.00..1.00 rows=1 width=26)
                                                                                                                 One-Time Filter: PartSelected
                                                                                                                 ->  Append-only Columnar Scan on store_sales_1_prt_70 store_sales_1_prt_70_4  (cost=0.00..1.00 rows=1 width=26)
                                                                                                           ->  Result  (cost=0.00..1.00 rows=1 width=26)
                                                                                                                 One-Time Filter: PartSelected
                                                                                                                 ->  Append-only Columnar Scan on store_sales_1_prt_71 store_sales_1_prt_71_4  (cost=0.00..1.00 rows=1 width=26)
                                                                                                           ->  Result  (cost=0.00..1.00 rows=1 width=26)
                                                                                                                 One-Time Filter: PartSelected
                                                                                                                 ->  Append-only Columnar Scan on store_sales_1_prt_72 store_sales_1_prt_72_4  (cost=0.00..1.00 rows=1 width=26)
                                                                                                           ->  Result  (cost=0.00..1.00 rows=1 width=26)
                                                                                                                 One-Time Filter: PartSelected
                                                                                                                 ->  Append-only Columnar Scan on store_sales_1_prt_73 store_sales_1_prt_73_4  (cost=0.00..1.00 rows=1 width=26)
                                                                                                           ->  Result  (cost=0.00..1.00 rows=1 width=26)
                                                                                                                 One-Time Filter: PartSelected
                                                                                                                 ->  Append-only Columnar Scan on store_sales_1_prt_74 store_sales_1_prt_74_4  (cost=0.00..1.00 rows=1 width=26)
                                                                                                           ->  Result  (cost=0.00..1.00 rows=1 width=26)
                                                                                                                 One-Time Filter: PartSelected
                                                                                                                 ->  Append-only Columnar Scan on store_sales_1_prt_75 store_sales_1_prt_75_4  (cost=0.00..1.00 rows=1 width=26)
                                                                                                           ->  Result  (cost=0.00..1.00 rows=1 width=26)
                                                                                                                 One-Time Filter: PartSelected
                                                                                                                 ->  Append-only Columnar Scan on store_sales_1_prt_76 store_sales_1_prt_76_4  (cost=0.00..1.00 rows=1 width=26)
                                                                                                           ->  Result  (cost=0.00..1.00 rows=1 width=26)
                                                                                                                 One-Time Filter: PartSelected
                                                                                                                 ->  Append-only Columnar Scan on store_sales_1_prt_77 store_sales_1_prt_77_4  (cost=0.00..1.00 rows=1 width=26)
                                                                                                           ->  Result  (cost=0.00..1.00 rows=1 width=26)
                                                                                                                 One-Time Filter: PartSelected
                                                                                                                 ->  Append-only Columnar Scan on store_sales_1_prt_78 store_sales_1_prt_78_4  (cost=0.00..1.00 rows=1 width=26)
                                                                                                           ->  Result  (cost=0.00..1.00 rows=1 width=26)
                                                                                                                 One-Time Filter: PartSelected
                                                                                                                 ->  Append-only Columnar Scan on store_sales_1_prt_79 store_sales_1_prt_79_4  (cost=0.00..1.00 rows=1 width=26)
                                                                                                           ->  Result  (cost=0.00..1.00 rows=1 width=26)
                                                                                                                 One-Time Filter: PartSelected
                                                                                                                 ->  Append-only Columnar Scan on store_sales_1_prt_80 store_sales_1_prt_80_4  (cost=0.00..1.00 rows=1 width=26)
                                                                                                     ->  Hash  (cost=1510.17..1510.17 rows=1461 width=4)
                                                                                                           ->  Partition Selector for store_sales (dynamic scan id: 1)  (cost=0.00..1510.17 rows=1461 width=4)
                                                                                                                 Filter: date_dim_4.d_date_sk
                                                                                                                 ->  Broadcast Motion 3:3  (slice8; segments: 3)  (cost=0.00..1510.17 rows=1461 width=4)
                                                                                                                       ->  Seq Scan on date_dim date_dim_4  (cost=0.00..1451.73 rows=487 width=4)
                                                                                                                             Filter: (d_year = ANY ('{1999,2000,2001,2002}'::integer[]))
                                                                                         ->  Hash  (cost=178782.00..178782.00 rows=3999967 width=4)
                                                                                               ->  Seq Scan on customer customer_2  (cost=0.00..178782.00 rows=3999967 width=4)
                                                   ->  Redistribute Motion 3:3  (slice7; segments: 3)  (cost=217253384.54..228443818.19 rows=3999967 width=36)
                                                         Hash Key: customer.c_customer_sk
                                                         ->  HashAggregate  (cost=217253384.54..228203820.19 rows=3999967 width=36)
                                                               Group Key: customer.c_customer_sk
                                                               ->  Hash Join  (cost=1108774.25..191912366.26 rows=482686063 width=14)
                                                                     Hash Cond: (store_sales_1_prt_outliers_1.ss_customer_sk = customer.c_customer_sk)
                                                                     ->  Append  (cost=0.00..39524635.96 rows=959996170 width=14)
                                                                           ->  Append-only Columnar Scan on store_sales_1_prt_outliers store_sales_1_prt_outliers_1  (cost=0.00..1568615.00 rows=43200334 width=14)
                                                                           ->  Append-only Columnar Scan on store_sales_1_prt_2 store_sales_1_prt_2_1  (cost=0.00..324595.00 rows=7840134 width=14)
                                                                           ->  Append-only Columnar Scan on store_sales_1_prt_3 store_sales_1_prt_3_1  (cost=0.00..336211.00 rows=8120800 width=14)
                                                                           ->  Append-only Columnar Scan on store_sales_1_prt_4 store_sales_1_prt_4_1  (cost=0.00..324382.00 rows=7834967 width=14)
                                                                           ->  Append-only Columnar Scan on store_sales_1_prt_5 store_sales_1_prt_5_1  (cost=0.00..336381.00 rows=8124734 width=14)
                                                                           ->  Append-only Columnar Scan on store_sales_1_prt_6 store_sales_1_prt_6_1  (cost=0.00..336417.00 rows=8125800 width=14)
                                                                           ->  Append-only Columnar Scan on store_sales_1_prt_7 store_sales_1_prt_7_1  (cost=0.00..336453.00 rows=8126567 width=14)
                                                                           ->  Append-only Columnar Scan on store_sales_1_prt_8 store_sales_1_prt_8_1  (cost=0.00..336058.00 rows=8116967 width=14)
                                                                           ->  Append-only Columnar Scan on store_sales_1_prt_9 store_sales_1_prt_9_1  (cost=0.00..489738.00 rows=11829267 width=14)
                                                                           ->  Append-only Columnar Scan on store_sales_1_prt_10 store_sales_1_prt_10_1  (cost=0.00..765474.00 rows=18489534 width=14)
                                                                           ->  Append-only Columnar Scan on store_sales_1_prt_11 store_sales_1_prt_11_1  (cost=0.00..766278.00 rows=18508900 width=14)
                                                                           ->  Append-only Columnar Scan on store_sales_1_prt_12 store_sales_1_prt_12_1  (cost=0.00..793967.00 rows=19177700 width=14)
                                                                           ->  Append-only Columnar Scan on store_sales_1_prt_13 store_sales_1_prt_13_1  (cost=0.00..1159820.00 rows=28014600 width=14)
                                                                           ->  Append-only Columnar Scan on store_sales_1_prt_14 store_sales_1_prt_14_1  (cost=0.00..1160753.00 rows=28037334 width=14)
                                                                           ->  Append-only Columnar Scan on store_sales_1_prt_15 store_sales_1_prt_15_1  (cost=0.00..436710.00 rows=10548367 width=14)
                                                                           ->  Append-only Columnar Scan on store_sales_1_prt_16 store_sales_1_prt_16_1  (cost=0.00..336477.00 rows=8127134 width=14)
                                                                           ->  Append-only Columnar Scan on store_sales_1_prt_17 store_sales_1_prt_17_1  (cost=0.00..324706.00 rows=7842834 width=14)
                                                                           ->  Append-only Columnar Scan on store_sales_1_prt_18 store_sales_1_prt_18_1  (cost=0.00..336587.00 rows=8129867 width=14)
                                                                           ->  Append-only Columnar Scan on store_sales_1_prt_19 store_sales_1_prt_19_1  (cost=0.00..336153.00 rows=8119367 width=14)
                                                                           ->  Append-only Columnar Scan on store_sales_1_prt_20 store_sales_1_prt_20_1  (cost=0.00..336736.00 rows=8133367 width=14)
                                                                           ->  Append-only Columnar Scan on store_sales_1_prt_21 store_sales_1_prt_21_1  (cost=0.00..336190.00 rows=8120200 width=14)
                                                                           ->  Append-only Columnar Scan on store_sales_1_prt_22 store_sales_1_prt_22_1  (cost=0.00..474334.00 rows=11457100 width=14)
                                                                           ->  Append-only Columnar Scan on store_sales_1_prt_23 store_sales_1_prt_23_1  (cost=0.00..766084.00 rows=18504234 width=14)
                                                                           ->  Append-only Columnar Scan on store_sales_1_prt_24 store_sales_1_prt_24_1  (cost=0.00..765781.00 rows=18496900 width=14)
                                                                           ->  Append-only Columnar Scan on store_sales_1_prt_25 store_sales_1_prt_25_1  (cost=0.00..779443.00 rows=18826834 width=14)
                                                                           ->  Append-only Columnar Scan on store_sales_1_prt_26 store_sales_1_prt_26_1  (cost=0.00..1160832.00 rows=28039467 width=14)
                                                                           ->  Append-only Columnar Scan on store_sales_1_prt_27 store_sales_1_prt_27_1  (cost=0.00..1160090.00 rows=28021400 width=14)
                                                                           ->  Append-only Columnar Scan on store_sales_1_prt_28 store_sales_1_prt_28_1  (cost=0.00..465893.00 rows=11253134 width=14)
                                                                           ->  Append-only Columnar Scan on store_sales_1_prt_29 store_sales_1_prt_29_1  (cost=0.00..335914.00 rows=8113600 width=14)
                                                                           ->  Append-only Columnar Scan on store_sales_1_prt_30 store_sales_1_prt_30_1  (cost=0.00..336186.00 rows=8120167 width=14)
                                                                           ->  Append-only Columnar Scan on store_sales_1_prt_31 store_sales_1_prt_31_1  (cost=0.00..336014.00 rows=8115934 width=14)
                                                                           ->  Append-only Columnar Scan on store_sales_1_prt_32 store_sales_1_prt_32_1  (cost=0.00..335918.00 rows=8113667 width=14)
                                                                           ->  Append-only Columnar Scan on store_sales_1_prt_33 store_sales_1_prt_33_1  (cost=0.00..336069.00 rows=8117334 width=14)
                                                                           ->  Append-only Columnar Scan on store_sales_1_prt_34 store_sales_1_prt_34_1  (cost=0.00..335472.00 rows=8102900 width=14)
                                                                           ->  Append-only Columnar Scan on store_sales_1_prt_35 store_sales_1_prt_35_1  (cost=0.00..457985.00 rows=11062100 width=14)
                                                                           ->  Append-only Columnar Scan on store_sales_1_prt_36 store_sales_1_prt_36_1  (cost=0.00..764679.00 rows=18470400 width=14)
                                                                           ->  Append-only Columnar Scan on store_sales_1_prt_37 store_sales_1_prt_37_1  (cost=0.00..764030.00 rows=18454700 width=14)
                                                                           ->  Append-only Columnar Scan on store_sales_1_prt_38 store_sales_1_prt_38_1  (cost=0.00..764484.00 rows=18465634 width=14)
                                                                           ->  Append-only Columnar Scan on store_sales_1_prt_39 store_sales_1_prt_39_1  (cost=0.00..1158198.04 rows=27975568 width=14)
                                                                           ->  Append-only Columnar Scan on store_sales_1_prt_40 store_sales_1_prt_40_1  (cost=0.00..1158199.04 rows=27975968 width=14)
                                                                           ->  Append-only Columnar Scan on store_sales_1_prt_41 store_sales_1_prt_41_1  (cost=0.00..483138.00 rows=11669800 width=14)
                                                                           ->  Append-only Columnar Scan on store_sales_1_prt_42 store_sales_1_prt_42_1  (cost=0.00..336559.00 rows=8129100 width=14)
                                                                           ->  Append-only Columnar Scan on store_sales_1_prt_43 store_sales_1_prt_43_1  (cost=0.00..324602.00 rows=7840367 width=14)
                                                                           ->  Append-only Columnar Scan on store_sales_1_prt_44 store_sales_1_prt_44_1  (cost=0.00..336209.00 rows=8120567 width=14)
                                                                           ->  Append-only Columnar Scan on store_sales_1_prt_45 store_sales_1_prt_45_1  (cost=0.00..336313.00 rows=8123267 width=14)
                                                                           ->  Append-only Columnar Scan on store_sales_1_prt_46 store_sales_1_prt_46_1  (cost=0.00..336621.00 rows=8130734 width=14)
                                                                           ->  Append-only Columnar Scan on store_sales_1_prt_47 store_sales_1_prt_47_1  (cost=0.00..335906.00 rows=8113400 width=14)
                                                                           ->  Append-only Columnar Scan on store_sales_1_prt_48 store_sales_1_prt_48_1  (cost=0.00..428657.00 rows=10353800 width=14)
                                                                           ->  Append-only Columnar Scan on store_sales_1_prt_49 store_sales_1_prt_49_1  (cost=0.00..766560.00 rows=18515734 width=14)
                                                                           ->  Append-only Columnar Scan on store_sales_1_prt_50 store_sales_1_prt_50_1  (cost=0.00..766167.00 rows=18506234 width=14)
                                                                           ->  Append-only Columnar Scan on store_sales_1_prt_51 store_sales_1_prt_51_1  (cost=0.00..766196.00 rows=18506900 width=14)
                                                                           ->  Append-only Columnar Scan on store_sales_1_prt_52 store_sales_1_prt_52_1  (cost=0.00..1130938.00 rows=27317200 width=14)
                                                                           ->  Append-only Columnar Scan on store_sales_1_prt_53 store_sales_1_prt_53_1  (cost=0.00..1160637.96 rows=28034566 width=14)
                                                                           ->  Append-only Columnar Scan on store_sales_1_prt_54 store_sales_1_prt_54_1  (cost=0.00..555225.00 rows=13411000 width=14)
                                                                           ->  Append-only Columnar Scan on store_sales_1_prt_55 store_sales_1_prt_55_1  (cost=0.00..336782.00 rows=8134567 width=14)
                                                                           ->  Append-only Columnar Scan on store_sales_1_prt_56 store_sales_1_prt_56_1  (cost=0.00..324454.00 rows=7836734 width=14)
                                                                           ->  Append-only Columnar Scan on store_sales_1_prt_57 store_sales_1_prt_57_1  (cost=0.00..336546.00 rows=8128867 width=14)
                                                                           ->  Append-only Columnar Scan on store_sales_1_prt_58 store_sales_1_prt_58_1  (cost=0.00..336207.00 rows=8120667 width=14)
                                                                           ->  Append-only Columnar Scan on store_sales_1_prt_59 store_sales_1_prt_59_1  (cost=0.00..336578.00 rows=8129534 width=14)
                                                                           ->  Append-only Columnar Scan on store_sales_1_prt_60 store_sales_1_prt_60_1  (cost=0.00..336468.00 rows=8127067 width=14)
                                                                           ->  Append-only Columnar Scan on store_sales_1_prt_61 store_sales_1_prt_61_1  (cost=0.00..412992.00 rows=9975467 width=14)
                                                                           ->  Append-only Columnar Scan on store_sales_1_prt_62 store_sales_1_prt_62_1  (cost=0.00..765709.00 rows=18495234 width=14)
                                                                           ->  Append-only Columnar Scan on store_sales_1_prt_63 store_sales_1_prt_63_1  (cost=0.00..766176.00 rows=18506500 width=14)
                                                                           ->  Append-only Columnar Scan on store_sales_1_prt_64 store_sales_1_prt_64_1  (cost=0.00..766142.00 rows=18505834 width=14)
                                                                           ->  Append-only Columnar Scan on store_sales_1_prt_65 store_sales_1_prt_65_1  (cost=0.00..1117566.96 rows=26994166 width=14)
                                                                           ->  Append-only Columnar Scan on store_sales_1_prt_66 store_sales_1_prt_66_1  (cost=0.00..1159645.96 rows=28010566 width=14)
                                                                           ->  Append-only Columnar Scan on store_sales_1_prt_67 store_sales_1_prt_67_1  (cost=0.00..331321.00 rows=8002500 width=14)
                                                                           ->  Append-only Columnar Scan on store_sales_1_prt_68 store_sales_1_prt_68_1  (cost=0.00..1.00 rows=1 width=22)
                                                                           ->  Append-only Columnar Scan on store_sales_1_prt_69 store_sales_1_prt_69_1  (cost=0.00..1.00 rows=1 width=22)
                                                                           ->  Append-only Columnar Scan on store_sales_1_prt_70 store_sales_1_prt_70_1  (cost=0.00..1.00 rows=1 width=22)
                                                                           ->  Append-only Columnar Scan on store_sales_1_prt_71 store_sales_1_prt_71_1  (cost=0.00..1.00 rows=1 width=22)
                                                                           ->  Append-only Columnar Scan on store_sales_1_prt_72 store_sales_1_prt_72_1  (cost=0.00..1.00 rows=1 width=22)
                                                                           ->  Append-only Columnar Scan on store_sales_1_prt_73 store_sales_1_prt_73_1  (cost=0.00..1.00 rows=1 width=22)
                                                                           ->  Append-only Columnar Scan on store_sales_1_prt_74 store_sales_1_prt_74_1  (cost=0.00..1.00 rows=1 width=22)
                                                                           ->  Append-only Columnar Scan on store_sales_1_prt_75 store_sales_1_prt_75_1  (cost=0.00..1.00 rows=1 width=22)
                                                                           ->  Append-only Columnar Scan on store_sales_1_prt_76 store_sales_1_prt_76_1  (cost=0.00..1.00 rows=1 width=22)
                                                                           ->  Append-only Columnar Scan on store_sales_1_prt_77 store_sales_1_prt_77_1  (cost=0.00..1.00 rows=1 width=22)
                                                                           ->  Append-only Columnar Scan on store_sales_1_prt_78 store_sales_1_prt_78_1  (cost=0.00..1.00 rows=1 width=22)
                                                                           ->  Append-only Columnar Scan on store_sales_1_prt_79 store_sales_1_prt_79_1  (cost=0.00..1.00 rows=1 width=22)
                                                                           ->  Append-only Columnar Scan on store_sales_1_prt_80 store_sales_1_prt_80_1  (cost=0.00..1.00 rows=1 width=22)
                                                                     ->  Hash  (cost=658778.00..658778.00 rows=11999900 width=4)
                                                                           ->  Broadcast Motion 3:3  (slice6; segments: 3)  (cost=0.00..658778.00 rows=11999900 width=4)
                                                                                 ->  Seq Scan on customer  (cost=0.00..178782.00 rows=3999967 width=4)
                           ->  Hash Join  (cost=271483.19..13300547.24 rows=37 width=10)
                                 Hash Cond: (web_sales_1_prt_outliers.ws_bill_customer_sk = customer_1.c_customer_sk)
                                 ->  Redistribute Motion 3:3  (slice15; segments: 3)  (cost=1462.94..13030524.54 rows=73 width=14)
                                       Hash Key: web_sales_1_prt_outliers.ws_bill_customer_sk
                                       ->  Hash Join  (cost=1462.94..13030520.17 rows=73 width=14)
                                             Hash Cond: (web_sales_1_prt_outliers.ws_sold_date_sk = date_dim_2.d_date_sk)
                                             ->  Hash Semi Join  (cost=3.02..13028113.53 rows=50376 width=18)
                                                   Hash Cond: (web_sales_1_prt_outliers.ws_item_sk = frequent_ss_items_1.item_sk)
                                                   ->  Append  (cost=0.00..11136051.31 rows=240000015 width=22)
                                                         ->  Result  (cost=0.00..2391.21 rows=59974 width=22)
                                                               One-Time Filter: PartSelected
                                                               ->  Append-only Columnar Scan on web_sales_1_prt_outliers  (cost=0.00..2391.21 rows=59974 width=22)
                                                         ->  Result  (cost=0.00..94902.80 rows=2044794 width=22)
                                                               One-Time Filter: PartSelected
                                                               ->  Append-only Columnar Scan on web_sales_1_prt_2  (cost=0.00..94902.80 rows=2044794 width=22)
                                                         ->  Result  (cost=0.00..98794.40 rows=2129180 width=22)
                                                               One-Time Filter: PartSelected
                                                               ->  Append-only Columnar Scan on web_sales_1_prt_3  (cost=0.00..98794.40 rows=2129180 width=22)
                                                         ->  Result  (cost=0.00..95176.20 rows=2051340 width=22)
                                                               One-Time Filter: PartSelected
                                                               ->  Append-only Columnar Scan on web_sales_1_prt_4  (cost=0.00..95176.20 rows=2051340 width=22)
                                                         ->  Result  (cost=0.00..98886.20 rows=2130874 width=22)
                                                               One-Time Filter: PartSelected
                                                               ->  Append-only Columnar Scan on web_sales_1_prt_5  (cost=0.00..98886.20 rows=2130874 width=22)
                                                         ->  Result  (cost=0.00..98686.80 rows=2126394 width=22)
                                                               One-Time Filter: PartSelected
                                                               ->  Append-only Columnar Scan on web_sales_1_prt_6  (cost=0.00..98686.80 rows=2126394 width=22)
                                                         ->  Result  (cost=0.00..98900.30 rows=2131144 width=22)
                                                               One-Time Filter: PartSelected
                                                               ->  Append-only Columnar Scan on web_sales_1_prt_7  (cost=0.00..98900.30 rows=2131144 width=22)
                                                         ->  Result  (cost=0.00..98568.30 rows=2124144 width=22)
                                                               One-Time Filter: PartSelected
                                                               ->  Append-only Columnar Scan on web_sales_1_prt_8  (cost=0.00..98568.30 rows=2124144 width=22)
                                                         ->  Result  (cost=0.00..143675.40 rows=3096280 width=22)
                                                               One-Time Filter: PartSelected
                                                               ->  Append-only Columnar Scan on web_sales_1_prt_9  (cost=0.00..143675.40 rows=3096280 width=22)
                                                         ->  Result  (cost=0.00..224454.00 rows=4837567 width=22)
                                                               One-Time Filter: PartSelected
                                                               ->  Append-only Columnar Scan on web_sales_1_prt_10  (cost=0.00..224454.00 rows=4837567 width=22)
                                                         ->  Result  (cost=0.00..224538.00 rows=4838600 width=22)
                                                               One-Time Filter: PartSelected
                                                               ->  Append-only Columnar Scan on web_sales_1_prt_11  (cost=0.00..224538.00 rows=4838600 width=22)
                                                         ->  Result  (cost=0.00..232917.00 rows=5019700 width=22)
                                                               One-Time Filter: PartSelected
                                                               ->  Append-only Columnar Scan on web_sales_1_prt_12  (cost=0.00..232917.00 rows=5019700 width=22)
                                                         ->  Result  (cost=0.00..340347.00 rows=7335234 width=22)
                                                               One-Time Filter: PartSelected
                                                               ->  Append-only Columnar Scan on web_sales_1_prt_13  (cost=0.00..340347.00 rows=7335234 width=22)
                                                         ->  Result  (cost=0.00..339963.00 rows=7326700 width=22)
                                                               One-Time Filter: PartSelected
                                                               ->  Append-only Columnar Scan on web_sales_1_prt_14  (cost=0.00..339963.00 rows=7326700 width=22)
                                                         ->  Result  (cost=0.00..128058.80 rows=2759894 width=22)
                                                               One-Time Filter: PartSelected
                                                               ->  Append-only Columnar Scan on web_sales_1_prt_15  (cost=0.00..128058.80 rows=2759894 width=22)
                                                         ->  Result  (cost=0.00..98762.90 rows=2127930 width=22)
                                                               One-Time Filter: PartSelected
                                                               ->  Append-only Columnar Scan on web_sales_1_prt_16  (cost=0.00..98762.90 rows=2127930 width=22)
                                                         ->  Result  (cost=0.00..95130.30 rows=2049977 width=22)
                                                               One-Time Filter: PartSelected
                                                               ->  Append-only Columnar Scan on web_sales_1_prt_17  (cost=0.00..95130.30 rows=2049977 width=22)
                                                         ->  Result  (cost=0.00..98536.30 rows=2123477 width=22)
                                                               One-Time Filter: PartSelected
                                                               ->  Append-only Columnar Scan on web_sales_1_prt_18  (cost=0.00..98536.30 rows=2123477 width=22)
                                                         ->  Result  (cost=0.00..98763.80 rows=2128160 width=22)
                                                               One-Time Filter: PartSelected
                                                               ->  Append-only Columnar Scan on web_sales_1_prt_19  (cost=0.00..98763.80 rows=2128160 width=22)
                                                         ->  Result  (cost=0.00..98632.00 rows=2125534 width=22)
                                                               One-Time Filter: PartSelected
                                                               ->  Append-only Columnar Scan on web_sales_1_prt_20  (cost=0.00..98632.00 rows=2125534 width=22)
                                                         ->  Result  (cost=0.00..98600.90 rows=2124597 width=22)
                                                               One-Time Filter: PartSelected
                                                               ->  Append-only Columnar Scan on web_sales_1_prt_21  (cost=0.00..98600.90 rows=2124597 width=22)
                                                         ->  Result  (cost=0.00..139196.60 rows=2999954 width=22)
                                                               One-Time Filter: PartSelected
                                                               ->  Append-only Columnar Scan on web_sales_1_prt_22  (cost=0.00..139196.60 rows=2999954 width=22)
                                                         ->  Result  (cost=0.00..224702.00 rows=4842300 width=22)
                                                               One-Time Filter: PartSelected
                                                               ->  Append-only Columnar Scan on web_sales_1_prt_23  (cost=0.00..224702.00 rows=4842300 width=22)
                                                         ->  Result  (cost=0.00..224404.00 rows=4836067 width=22)
                                                               One-Time Filter: PartSelected
                                                               ->  Append-only Columnar Scan on web_sales_1_prt_24  (cost=0.00..224404.00 rows=4836067 width=22)
                                                         ->  Result  (cost=0.00..228579.00 rows=4926567 width=22)
                                                               One-Time Filter: PartSelected
                                                               ->  Append-only Columnar Scan on web_sales_1_prt_25  (cost=0.00..228579.00 rows=4926567 width=22)
                                                         ->  Result  (cost=0.00..340407.00 rows=7336234 width=22)
                                                               One-Time Filter: PartSelected
                                                               ->  Append-only Columnar Scan on web_sales_1_prt_26  (cost=0.00..340407.00 rows=7336234 width=22)
                                                         ->  Result  (cost=0.00..339824.00 rows=7323934 width=22)
                                                               One-Time Filter: PartSelected
                                                               ->  Append-only Columnar Scan on web_sales_1_prt_27  (cost=0.00..339824.00 rows=7323934 width=22)
                                                         ->  Result  (cost=0.00..136669.10 rows=2945270 width=22)
                                                               One-Time Filter: PartSelected
                                                               ->  Append-only Columnar Scan on web_sales_1_prt_28  (cost=0.00..136669.10 rows=2945270 width=22)
                                                         ->  Result  (cost=0.00..98265.40 rows=2117680 width=22)
                                                               One-Time Filter: PartSelected
                                                               ->  Append-only Columnar Scan on web_sales_1_prt_29  (cost=0.00..98265.40 rows=2117680 width=22)
                                                         ->  Result  (cost=0.00..98510.80 rows=2122894 width=22)
                                                               One-Time Filter: PartSelected
                                                               ->  Append-only Columnar Scan on web_sales_1_prt_30  (cost=0.00..98510.80 rows=2122894 width=22)
                                                         ->  Result  (cost=0.00..98626.80 rows=2125460 width=22)
                                                               One-Time Filter: PartSelected
                                                               ->  Append-only Columnar Scan on web_sales_1_prt_31  (cost=0.00..98626.80 rows=2125460 width=22)
                                                         ->  Result  (cost=0.00..98594.80 rows=2124860 width=22)
                                                               One-Time Filter: PartSelected
                                                               ->  Append-only Columnar Scan on web_sales_1_prt_32  (cost=0.00..98594.80 rows=2124860 width=22)
                                                         ->  Result  (cost=0.00..98426.60 rows=2121220 width=22)
                                                               One-Time Filter: PartSelected
                                                               ->  Append-only Columnar Scan on web_sales_1_prt_33  (cost=0.00..98426.60 rows=2121220 width=22)
                                                         ->  Result  (cost=0.00..98533.60 rows=2123320 width=22)
                                                               One-Time Filter: PartSelected
                                                               ->  Append-only Columnar Scan on web_sales_1_prt_34  (cost=0.00..98533.60 rows=2123320 width=22)
                                                         ->  Result  (cost=0.00..134141.00 rows=2890900 width=22)
                                                               One-Time Filter: PartSelected
                                                               ->  Append-only Columnar Scan on web_sales_1_prt_35  (cost=0.00..134141.00 rows=2890900 width=22)
                                                         ->  Result  (cost=0.00..224203.00 rows=4832167 width=22)
                                                               One-Time Filter: PartSelected
                                                               ->  Append-only Columnar Scan on web_sales_1_prt_36  (cost=0.00..224203.00 rows=4832167 width=22)
                                                         ->  Result  (cost=0.00..224486.00 rows=4838100 width=22)
                                                               One-Time Filter: PartSelected
                                                               ->  Append-only Columnar Scan on web_sales_1_prt_37  (cost=0.00..224486.00 rows=4838100 width=22)
                                                         ->  Result  (cost=0.00..224574.00 rows=4840000 width=22)
                                                               One-Time Filter: PartSelected
                                                               ->  Append-only Columnar Scan on web_sales_1_prt_38  (cost=0.00..224574.00 rows=4840000 width=22)
                                                         ->  Result  (cost=0.00..339843.00 rows=7323734 width=22)
                                                               One-Time Filter: PartSelected
                                                               ->  Append-only Columnar Scan on web_sales_1_prt_39  (cost=0.00..339843.00 rows=7323734 width=22)
                                                         ->  Result  (cost=0.00..339993.00 rows=7327400 width=22)
                                                               One-Time Filter: PartSelected
                                                               ->  Append-only Columnar Scan on web_sales_1_prt_40  (cost=0.00..339993.00 rows=7327400 width=22)
                                                         ->  Result  (cost=0.00..141767.90 rows=3054930 width=22)
                                                               One-Time Filter: PartSelected
                                                               ->  Append-only Columnar Scan on web_sales_1_prt_41  (cost=0.00..141767.90 rows=3054930 width=22)
                                                         ->  Result  (cost=0.00..98461.00 rows=2121867 width=22)
                                                               One-Time Filter: PartSelected
                                                               ->  Append-only Columnar Scan on web_sales_1_prt_42  (cost=0.00..98461.00 rows=2121867 width=22)
                                                         ->  Result  (cost=0.00..95277.50 rows=2053050 width=22)
                                                               One-Time Filter: PartSelected
                                                               ->  Append-only Columnar Scan on web_sales_1_prt_43  (cost=0.00..95277.50 rows=2053050 width=22)
                                                         ->  Result  (cost=0.00..98854.40 rows=2130480 width=22)
                                                               One-Time Filter: PartSelected
                                                               ->  Append-only Columnar Scan on web_sales_1_prt_44  (cost=0.00..98854.40 rows=2130480 width=22)
                                                         ->  Result  (cost=0.00..98738.70 rows=2127790 width=22)
                                                               One-Time Filter: PartSelected
                                                               ->  Append-only Columnar Scan on web_sales_1_prt_45  (cost=0.00..98738.70 rows=2127790 width=22)
                                                         ->  Result  (cost=0.00..98685.60 rows=2126654 width=22)
                                                               One-Time Filter: PartSelected
                                                               ->  Append-only Columnar Scan on web_sales_1_prt_46  (cost=0.00..98685.60 rows=2126654 width=22)
                                                         ->  Result  (cost=0.00..98998.50 rows=2133217 width=22)
                                                               One-Time Filter: PartSelected
                                                               ->  Append-only Columnar Scan on web_sales_1_prt_47  (cost=0.00..98998.50 rows=2133217 width=22)
                                                         ->  Result  (cost=0.00..125716.80 rows=2709260 width=22)
                                                               One-Time Filter: PartSelected
                                                               ->  Append-only Columnar Scan on web_sales_1_prt_48  (cost=0.00..125716.80 rows=2709260 width=22)
                                                         ->  Result  (cost=0.00..224729.00 rows=4843367 width=22)
                                                               One-Time Filter: PartSelected
                                                               ->  Append-only Columnar Scan on web_sales_1_prt_49  (cost=0.00..224729.00 rows=4843367 width=22)
                                                         ->  Result  (cost=0.00..224641.00 rows=4841034 width=22)
                                                               One-Time Filter: PartSelected
                                                               ->  Append-only Columnar Scan on web_sales_1_prt_50  (cost=0.00..224641.00 rows=4841034 width=22)
                                                         ->  Result  (cost=0.00..224630.00 rows=4841267 width=22)
                                                               One-Time Filter: PartSelected
                                                               ->  Append-only Columnar Scan on web_sales_1_prt_51  (cost=0.00..224630.00 rows=4841267 width=22)
                                                         ->  Result  (cost=0.00..332139.00 rows=7158600 width=22)
                                                               One-Time Filter: PartSelected
                                                               ->  Append-only Columnar Scan on web_sales_1_prt_52  (cost=0.00..332139.00 rows=7158600 width=22)
                                                         ->  Result  (cost=0.00..340420.00 rows=7336634 width=22)
                                                               One-Time Filter: PartSelected
                                                               ->  Append-only Columnar Scan on web_sales_1_prt_53  (cost=0.00..340420.00 rows=7336634 width=22)
                                                         ->  Result  (cost=0.00..162712.00 rows=3506534 width=22)
                                                               One-Time Filter: PartSelected
                                                               ->  Append-only Columnar Scan on web_sales_1_prt_54  (cost=0.00..162712.00 rows=3506534 width=22)
                                                         ->  Result  (cost=0.00..98867.20 rows=2130440 width=22)
                                                               One-Time Filter: PartSelected
                                                               ->  Append-only Columnar Scan on web_sales_1_prt_55  (cost=0.00..98867.20 rows=2130440 width=22)
                                                         ->  Result  (cost=0.00..95121.00 rows=2049967 width=22)
                                                               One-Time Filter: PartSelected
                                                               ->  Append-only Columnar Scan on web_sales_1_prt_56  (cost=0.00..95121.00 rows=2049967 width=22)
                                                         ->  Result  (cost=0.00..98600.60 rows=2124820 width=22)
                                                               One-Time Filter: PartSelected
                                                               ->  Append-only Columnar Scan on web_sales_1_prt_57  (cost=0.00..98600.60 rows=2124820 width=22)
                                                         ->  Result  (cost=0.00..98639.10 rows=2125604 width=22)
                                                               One-Time Filter: PartSelected
                                                               ->  Append-only Columnar Scan on web_sales_1_prt_58  (cost=0.00..98639.10 rows=2125604 width=22)
                                                         ->  Result  (cost=0.00..98591.40 rows=2124880 width=22)
                                                               One-Time Filter: PartSelected
                                                               ->  Append-only Columnar Scan on web_sales_1_prt_59  (cost=0.00..98591.40 rows=2124880 width=22)
                                                         ->  Result  (cost=0.00..98868.30 rows=2130610 width=22)
                                                               One-Time Filter: PartSelected
                                                               ->  Append-only Columnar Scan on web_sales_1_prt_60  (cost=0.00..98868.30 rows=2130610 width=22)
                                                         ->  Result  (cost=0.00..121113.60 rows=2609954 width=22)
                                                               One-Time Filter: PartSelected
                                                               ->  Append-only Columnar Scan on web_sales_1_prt_61  (cost=0.00..121113.60 rows=2609954 width=22)
                                                         ->  Result  (cost=0.00..224388.00 rows=4835634 width=22)
                                                               One-Time Filter: PartSelected
                                                               ->  Append-only Columnar Scan on web_sales_1_prt_62  (cost=0.00..224388.00 rows=4835634 width=22)
                                                         ->  Result  (cost=0.00..224495.00 rows=4837834 width=22)
                                                               One-Time Filter: PartSelected
                                                               ->  Append-only Columnar Scan on web_sales_1_prt_63  (cost=0.00..224495.00 rows=4837834 width=22)
                                                         ->  Result  (cost=0.00..224520.00 rows=4838767 width=22)
                                                               One-Time Filter: PartSelected
                                                               ->  Append-only Columnar Scan on web_sales_1_prt_64  (cost=0.00..224520.00 rows=4838767 width=22)
                                                         ->  Result  (cost=0.00..328357.00 rows=7076767 width=22)
                                                               One-Time Filter: PartSelected
                                                               ->  Append-only Columnar Scan on web_sales_1_prt_65  (cost=0.00..328357.00 rows=7076767 width=22)
                                                         ->  Result  (cost=0.00..340970.00 rows=7348567 width=22)
                                                               One-Time Filter: PartSelected
                                                               ->  Append-only Columnar Scan on web_sales_1_prt_66  (cost=0.00..340970.00 rows=7348567 width=22)
                                                         ->  Result  (cost=0.00..97070.40 rows=2091947 width=22)
                                                               One-Time Filter: PartSelected
                                                               ->  Append-only Columnar Scan on web_sales_1_prt_67  (cost=0.00..97070.40 rows=2091947 width=22)
                                                         ->  Result  (cost=0.00..1.00 rows=1 width=30)
                                                               One-Time Filter: PartSelected
                                                               ->  Append-only Columnar Scan on web_sales_1_prt_68  (cost=0.00..1.00 rows=1 width=30)
                                                         ->  Result  (cost=0.00..1.00 rows=1 width=30)
                                                               One-Time Filter: PartSelected
                                                               ->  Append-only Columnar Scan on web_sales_1_prt_69  (cost=0.00..1.00 rows=1 width=30)
                                                         ->  Result  (cost=0.00..1.00 rows=1 width=30)
                                                               One-Time Filter: PartSelected
                                                               ->  Append-only Columnar Scan on web_sales_1_prt_70  (cost=0.00..1.00 rows=1 width=30)
                                                         ->  Result  (cost=0.00..1.00 rows=1 width=30)
                                                               One-Time Filter: PartSelected
                                                               ->  Append-only Columnar Scan on web_sales_1_prt_71  (cost=0.00..1.00 rows=1 width=30)
                                                         ->  Result  (cost=0.00..1.00 rows=1 width=30)
                                                               One-Time Filter: PartSelected
                                                               ->  Append-only Columnar Scan on web_sales_1_prt_72  (cost=0.00..1.00 rows=1 width=30)
                                                         ->  Result  (cost=0.00..1.00 rows=1 width=30)
                                                               One-Time Filter: PartSelected
                                                               ->  Append-only Columnar Scan on web_sales_1_prt_73  (cost=0.00..1.00 rows=1 width=30)
                                                         ->  Result  (cost=0.00..1.00 rows=1 width=30)
                                                               One-Time Filter: PartSelected
                                                               ->  Append-only Columnar Scan on web_sales_1_prt_74  (cost=0.00..1.00 rows=1 width=30)
                                                         ->  Result  (cost=0.00..1.00 rows=1 width=30)
                                                               One-Time Filter: PartSelected
                                                               ->  Append-only Columnar Scan on web_sales_1_prt_75  (cost=0.00..1.00 rows=1 width=30)
                                                         ->  Result  (cost=0.00..1.00 rows=1 width=30)
                                                               One-Time Filter: PartSelected
                                                               ->  Append-only Columnar Scan on web_sales_1_prt_76  (cost=0.00..1.00 rows=1 width=30)
                                                         ->  Result  (cost=0.00..1.00 rows=1 width=30)
                                                               One-Time Filter: PartSelected
                                                               ->  Append-only Columnar Scan on web_sales_1_prt_77  (cost=0.00..1.00 rows=1 width=30)
                                                         ->  Result  (cost=0.00..1.00 rows=1 width=30)
                                                               One-Time Filter: PartSelected
                                                               ->  Append-only Columnar Scan on web_sales_1_prt_78  (cost=0.00..1.00 rows=1 width=30)
                                                         ->  Result  (cost=0.00..1.00 rows=1 width=30)
                                                               One-Time Filter: PartSelected
                                                               ->  Append-only Columnar Scan on web_sales_1_prt_79  (cost=0.00..1.00 rows=1 width=30)
                                                         ->  Result  (cost=0.00..1.00 rows=1 width=30)
                                                               One-Time Filter: PartSelected
                                                               ->  Append-only Columnar Scan on web_sales_1_prt_80  (cost=0.00..1.00 rows=1 width=30)
                                                   ->  Hash  (cost=1.86..1.86 rows=31 width=4)
                                                         ->  Broadcast Motion 3:3  (slice13; segments: 3)  (cost=0.00..1.86 rows=31 width=4)
                                                               ->  Subquery Scan on frequent_ss_items_1  (cost=0.00..0.62 rows=11 width=4)
                                                                     ->  HashAggregate  (cost=57535853.01..57535853.47 rows=11 width=48)
                                                                           Group Key: substr((item_1.i_item_desc)::text, 1, 30), item_1.i_item_sk, date_dim_3.d_date
                                                                           Filter: (count(*) > 4)
                                                                           ->  Hash Join  (cost=11287.02..57535852.61 rows=11 width=110)
                                                                                 Hash Cond: (store_sales_1_prt_outliers_2.ss_item_sk = item_1.i_item_sk)
                                                                                 ->  Redistribute Motion 3:3  (slice12; segments: 3)  (cost=1564.96..57526130.04 rows=11 width=8)
                                                                                       Hash Key: store_sales_1_prt_outliers_2.ss_item_sk
                                                                                       ->  Hash Join  (cost=1564.96..57526129.42 rows=11 width=8)
                                                                                             Hash Cond: (store_sales_1_prt_outliers_2.ss_sold_date_sk = date_dim_3.d_date_sk)
                                                                                             ->  Append  (cost=0.00..39524635.96 rows=959996170 width=8)
                                                                                                   ->  Result  (cost=0.00..1568615.00 rows=43200334 width=8)
                                                                                                         One-Time Filter: PartSelected
                                                                                                         ->  Append-only Columnar Scan on store_sales_1_prt_outliers store_sales_1_prt_outliers_2  (cost=0.00..1568615.00 rows=43200334 width=8)
                                                                                                   ->  Result  (cost=0.00..324595.00 rows=7840134 width=8)
                                                                                                         One-Time Filter: PartSelected
                                                                                                         ->  Append-only Columnar Scan on store_sales_1_prt_2 store_sales_1_prt_2_2  (cost=0.00..324595.00 rows=7840134 width=8)
                                                                                                   ->  Result  (cost=0.00..336211.00 rows=8120800 width=8)
                                                                                                         One-Time Filter: PartSelected
                                                                                                         ->  Append-only Columnar Scan on store_sales_1_prt_3 store_sales_1_prt_3_2  (cost=0.00..336211.00 rows=8120800 width=8)
                                                                                                   ->  Result  (cost=0.00..324382.00 rows=7834967 width=8)
                                                                                                         One-Time Filter: PartSelected
                                                                                                         ->  Append-only Columnar Scan on store_sales_1_prt_4 store_sales_1_prt_4_2  (cost=0.00..324382.00 rows=7834967 width=8)
                                                                                                   ->  Result  (cost=0.00..336381.00 rows=8124734 width=8)
                                                                                                         One-Time Filter: PartSelected
                                                                                                         ->  Append-only Columnar Scan on store_sales_1_prt_5 store_sales_1_prt_5_2  (cost=0.00..336381.00 rows=8124734 width=8)
                                                                                                   ->  Result  (cost=0.00..336417.00 rows=8125800 width=8)
                                                                                                         One-Time Filter: PartSelected
                                                                                                         ->  Append-only Columnar Scan on store_sales_1_prt_6 store_sales_1_prt_6_2  (cost=0.00..336417.00 rows=8125800 width=8)
                                                                                                   ->  Result  (cost=0.00..336453.00 rows=8126567 width=8)
                                                                                                         One-Time Filter: PartSelected
                                                                                                         ->  Append-only Columnar Scan on store_sales_1_prt_7 store_sales_1_prt_7_2  (cost=0.00..336453.00 rows=8126567 width=8)
                                                                                                   ->  Result  (cost=0.00..336058.00 rows=8116967 width=8)
                                                                                                         One-Time Filter: PartSelected
                                                                                                         ->  Append-only Columnar Scan on store_sales_1_prt_8 store_sales_1_prt_8_2  (cost=0.00..336058.00 rows=8116967 width=8)
                                                                                                   ->  Result  (cost=0.00..489738.00 rows=11829267 width=8)
                                                                                                         One-Time Filter: PartSelected
                                                                                                         ->  Append-only Columnar Scan on store_sales_1_prt_9 store_sales_1_prt_9_2  (cost=0.00..489738.00 rows=11829267 width=8)
                                                                                                   ->  Result  (cost=0.00..765474.00 rows=18489534 width=8)
                                                                                                         One-Time Filter: PartSelected
                                                                                                         ->  Append-only Columnar Scan on store_sales_1_prt_10 store_sales_1_prt_10_2  (cost=0.00..765474.00 rows=18489534 width=8)
                                                                                                   ->  Result  (cost=0.00..766278.00 rows=18508900 width=8)
                                                                                                         One-Time Filter: PartSelected
                                                                                                         ->  Append-only Columnar Scan on store_sales_1_prt_11 store_sales_1_prt_11_2  (cost=0.00..766278.00 rows=18508900 width=8)
                                                                                                   ->  Result  (cost=0.00..793967.00 rows=19177700 width=8)
                                                                                                         One-Time Filter: PartSelected
                                                                                                         ->  Append-only Columnar Scan on store_sales_1_prt_12 store_sales_1_prt_12_2  (cost=0.00..793967.00 rows=19177700 width=8)
                                                                                                   ->  Result  (cost=0.00..1159820.00 rows=28014600 width=8)
                                                                                                         One-Time Filter: PartSelected
                                                                                                         ->  Append-only Columnar Scan on store_sales_1_prt_13 store_sales_1_prt_13_2  (cost=0.00..1159820.00 rows=28014600 width=8)
                                                                                                   ->  Result  (cost=0.00..1160753.00 rows=28037334 width=8)
                                                                                                         One-Time Filter: PartSelected
                                                                                                         ->  Append-only Columnar Scan on store_sales_1_prt_14 store_sales_1_prt_14_2  (cost=0.00..1160753.00 rows=28037334 width=8)
                                                                                                   ->  Result  (cost=0.00..436710.00 rows=10548367 width=8)
                                                                                                         One-Time Filter: PartSelected
                                                                                                         ->  Append-only Columnar Scan on store_sales_1_prt_15 store_sales_1_prt_15_2  (cost=0.00..436710.00 rows=10548367 width=8)
                                                                                                   ->  Result  (cost=0.00..336477.00 rows=8127134 width=8)
                                                                                                         One-Time Filter: PartSelected
                                                                                                         ->  Append-only Columnar Scan on store_sales_1_prt_16 store_sales_1_prt_16_2  (cost=0.00..336477.00 rows=8127134 width=8)
                                                                                                   ->  Result  (cost=0.00..324706.00 rows=7842834 width=8)
                                                                                                         One-Time Filter: PartSelected
                                                                                                         ->  Append-only Columnar Scan on store_sales_1_prt_17 store_sales_1_prt_17_2  (cost=0.00..324706.00 rows=7842834 width=8)
                                                                                                   ->  Result  (cost=0.00..336587.00 rows=8129867 width=8)
                                                                                                         One-Time Filter: PartSelected
                                                                                                         ->  Append-only Columnar Scan on store_sales_1_prt_18 store_sales_1_prt_18_2  (cost=0.00..336587.00 rows=8129867 width=8)
                                                                                                   ->  Result  (cost=0.00..336153.00 rows=8119367 width=8)
                                                                                                         One-Time Filter: PartSelected
                                                                                                         ->  Append-only Columnar Scan on store_sales_1_prt_19 store_sales_1_prt_19_2  (cost=0.00..336153.00 rows=8119367 width=8)
                                                                                                   ->  Result  (cost=0.00..336736.00 rows=8133367 width=8)
                                                                                                         One-Time Filter: PartSelected
                                                                                                         ->  Append-only Columnar Scan on store_sales_1_prt_20 store_sales_1_prt_20_2  (cost=0.00..336736.00 rows=8133367 width=8)
                                                                                                   ->  Result  (cost=0.00..336190.00 rows=8120200 width=8)
                                                                                                         One-Time Filter: PartSelected
                                                                                                         ->  Append-only Columnar Scan on store_sales_1_prt_21 store_sales_1_prt_21_2  (cost=0.00..336190.00 rows=8120200 width=8)
                                                                                                   ->  Result  (cost=0.00..474334.00 rows=11457100 width=8)
                                                                                                         One-Time Filter: PartSelected
                                                                                                         ->  Append-only Columnar Scan on store_sales_1_prt_22 store_sales_1_prt_22_2  (cost=0.00..474334.00 rows=11457100 width=8)
                                                                                                   ->  Result  (cost=0.00..766084.00 rows=18504234 width=8)
                                                                                                         One-Time Filter: PartSelected
                                                                                                         ->  Append-only Columnar Scan on store_sales_1_prt_23 store_sales_1_prt_23_2  (cost=0.00..766084.00 rows=18504234 width=8)
                                                                                                   ->  Result  (cost=0.00..765781.00 rows=18496900 width=8)
                                                                                                         One-Time Filter: PartSelected
                                                                                                         ->  Append-only Columnar Scan on store_sales_1_prt_24 store_sales_1_prt_24_2  (cost=0.00..765781.00 rows=18496900 width=8)
                                                                                                   ->  Result  (cost=0.00..779443.00 rows=18826834 width=8)
                                                                                                         One-Time Filter: PartSelected
                                                                                                         ->  Append-only Columnar Scan on store_sales_1_prt_25 store_sales_1_prt_25_2  (cost=0.00..779443.00 rows=18826834 width=8)
                                                                                                   ->  Result  (cost=0.00..1160832.00 rows=28039467 width=8)
                                                                                                         One-Time Filter: PartSelected
                                                                                                         ->  Append-only Columnar Scan on store_sales_1_prt_26 store_sales_1_prt_26_2  (cost=0.00..1160832.00 rows=28039467 width=8)
                                                                                                   ->  Result  (cost=0.00..1160090.00 rows=28021400 width=8)
                                                                                                         One-Time Filter: PartSelected
                                                                                                         ->  Append-only Columnar Scan on store_sales_1_prt_27 store_sales_1_prt_27_2  (cost=0.00..1160090.00 rows=28021400 width=8)
                                                                                                   ->  Result  (cost=0.00..465893.00 rows=11253134 width=8)
                                                                                                         One-Time Filter: PartSelected
                                                                                                         ->  Append-only Columnar Scan on store_sales_1_prt_28 store_sales_1_prt_28_2  (cost=0.00..465893.00 rows=11253134 width=8)
                                                                                                   ->  Result  (cost=0.00..335914.00 rows=8113600 width=8)
                                                                                                         One-Time Filter: PartSelected
                                                                                                         ->  Append-only Columnar Scan on store_sales_1_prt_29 store_sales_1_prt_29_2  (cost=0.00..335914.00 rows=8113600 width=8)
                                                                                                   ->  Result  (cost=0.00..336186.00 rows=8120167 width=8)
                                                                                                         One-Time Filter: PartSelected
                                                                                                         ->  Append-only Columnar Scan on store_sales_1_prt_30 store_sales_1_prt_30_2  (cost=0.00..336186.00 rows=8120167 width=8)
                                                                                                   ->  Result  (cost=0.00..336014.00 rows=8115934 width=8)
                                                                                                         One-Time Filter: PartSelected
                                                                                                         ->  Append-only Columnar Scan on store_sales_1_prt_31 store_sales_1_prt_31_2  (cost=0.00..336014.00 rows=8115934 width=8)
                                                                                                   ->  Result  (cost=0.00..335918.00 rows=8113667 width=8)
                                                                                                         One-Time Filter: PartSelected
                                                                                                         ->  Append-only Columnar Scan on store_sales_1_prt_32 store_sales_1_prt_32_2  (cost=0.00..335918.00 rows=8113667 width=8)
                                                                                                   ->  Result  (cost=0.00..336069.00 rows=8117334 width=8)
                                                                                                         One-Time Filter: PartSelected
                                                                                                         ->  Append-only Columnar Scan on store_sales_1_prt_33 store_sales_1_prt_33_2  (cost=0.00..336069.00 rows=8117334 width=8)
                                                                                                   ->  Result  (cost=0.00..335472.00 rows=8102900 width=8)
                                                                                                         One-Time Filter: PartSelected
                                                                                                         ->  Append-only Columnar Scan on store_sales_1_prt_34 store_sales_1_prt_34_2  (cost=0.00..335472.00 rows=8102900 width=8)
                                                                                                   ->  Result  (cost=0.00..457985.00 rows=11062100 width=8)
                                                                                                         One-Time Filter: PartSelected
                                                                                                         ->  Append-only Columnar Scan on store_sales_1_prt_35 store_sales_1_prt_35_2  (cost=0.00..457985.00 rows=11062100 width=8)
                                                                                                   ->  Result  (cost=0.00..764679.00 rows=18470400 width=8)
                                                                                                         One-Time Filter: PartSelected
                                                                                                         ->  Append-only Columnar Scan on store_sales_1_prt_36 store_sales_1_prt_36_2  (cost=0.00..764679.00 rows=18470400 width=8)
                                                                                                   ->  Result  (cost=0.00..764030.00 rows=18454700 width=8)
                                                                                                         One-Time Filter: PartSelected
                                                                                                         ->  Append-only Columnar Scan on store_sales_1_prt_37 store_sales_1_prt_37_2  (cost=0.00..764030.00 rows=18454700 width=8)
                                                                                                   ->  Result  (cost=0.00..764484.00 rows=18465634 width=8)
                                                                                                         One-Time Filter: PartSelected
                                                                                                         ->  Append-only Columnar Scan on store_sales_1_prt_38 store_sales_1_prt_38_2  (cost=0.00..764484.00 rows=18465634 width=8)
                                                                                                   ->  Result  (cost=0.00..1158198.04 rows=27975568 width=8)
                                                                                                         One-Time Filter: PartSelected
                                                                                                         ->  Append-only Columnar Scan on store_sales_1_prt_39 store_sales_1_prt_39_2  (cost=0.00..1158198.04 rows=27975568 width=8)
                                                                                                   ->  Result  (cost=0.00..1158199.04 rows=27975968 width=8)
                                                                                                         One-Time Filter: PartSelected
                                                                                                         ->  Append-only Columnar Scan on store_sales_1_prt_40 store_sales_1_prt_40_2  (cost=0.00..1158199.04 rows=27975968 width=8)
                                                                                                   ->  Result  (cost=0.00..483138.00 rows=11669800 width=8)
                                                                                                         One-Time Filter: PartSelected
                                                                                                         ->  Append-only Columnar Scan on store_sales_1_prt_41 store_sales_1_prt_41_2  (cost=0.00..483138.00 rows=11669800 width=8)
                                                                                                   ->  Result  (cost=0.00..336559.00 rows=8129100 width=8)
                                                                                                         One-Time Filter: PartSelected
                                                                                                         ->  Append-only Columnar Scan on store_sales_1_prt_42 store_sales_1_prt_42_2  (cost=0.00..336559.00 rows=8129100 width=8)
                                                                                                   ->  Result  (cost=0.00..324602.00 rows=7840367 width=8)
                                                                                                         One-Time Filter: PartSelected
                                                                                                         ->  Append-only Columnar Scan on store_sales_1_prt_43 store_sales_1_prt_43_2  (cost=0.00..324602.00 rows=7840367 width=8)
                                                                                                   ->  Result  (cost=0.00..336209.00 rows=8120567 width=8)
                                                                                                         One-Time Filter: PartSelected
                                                                                                         ->  Append-only Columnar Scan on store_sales_1_prt_44 store_sales_1_prt_44_2  (cost=0.00..336209.00 rows=8120567 width=8)
                                                                                                   ->  Result  (cost=0.00..336313.00 rows=8123267 width=8)
                                                                                                         One-Time Filter: PartSelected
                                                                                                         ->  Append-only Columnar Scan on store_sales_1_prt_45 store_sales_1_prt_45_2  (cost=0.00..336313.00 rows=8123267 width=8)
                                                                                                   ->  Result  (cost=0.00..336621.00 rows=8130734 width=8)
                                                                                                         One-Time Filter: PartSelected
                                                                                                         ->  Append-only Columnar Scan on store_sales_1_prt_46 store_sales_1_prt_46_2  (cost=0.00..336621.00 rows=8130734 width=8)
                                                                                                   ->  Result  (cost=0.00..335906.00 rows=8113400 width=8)
                                                                                                         One-Time Filter: PartSelected
                                                                                                         ->  Append-only Columnar Scan on store_sales_1_prt_47 store_sales_1_prt_47_2  (cost=0.00..335906.00 rows=8113400 width=8)
                                                                                                   ->  Result  (cost=0.00..428657.00 rows=10353800 width=8)
                                                                                                         One-Time Filter: PartSelected
                                                                                                         ->  Append-only Columnar Scan on store_sales_1_prt_48 store_sales_1_prt_48_2  (cost=0.00..428657.00 rows=10353800 width=8)
                                                                                                   ->  Result  (cost=0.00..766560.00 rows=18515734 width=8)
                                                                                                         One-Time Filter: PartSelected
                                                                                                         ->  Append-only Columnar Scan on store_sales_1_prt_49 store_sales_1_prt_49_2  (cost=0.00..766560.00 rows=18515734 width=8)
                                                                                                   ->  Result  (cost=0.00..766167.00 rows=18506234 width=8)
                                                                                                         One-Time Filter: PartSelected
                                                                                                         ->  Append-only Columnar Scan on store_sales_1_prt_50 store_sales_1_prt_50_2  (cost=0.00..766167.00 rows=18506234 width=8)
                                                                                                   ->  Result  (cost=0.00..766196.00 rows=18506900 width=8)
                                                                                                         One-Time Filter: PartSelected
                                                                                                         ->  Append-only Columnar Scan on store_sales_1_prt_51 store_sales_1_prt_51_2  (cost=0.00..766196.00 rows=18506900 width=8)
                                                                                                   ->  Result  (cost=0.00..1130938.00 rows=27317200 width=8)
                                                                                                         One-Time Filter: PartSelected
                                                                                                         ->  Append-only Columnar Scan on store_sales_1_prt_52 store_sales_1_prt_52_2  (cost=0.00..1130938.00 rows=27317200 width=8)
                                                                                                   ->  Result  (cost=0.00..1160637.96 rows=28034566 width=8)
                                                                                                         One-Time Filter: PartSelected
                                                                                                         ->  Append-only Columnar Scan on store_sales_1_prt_53 store_sales_1_prt_53_2  (cost=0.00..1160637.96 rows=28034566 width=8)
                                                                                                   ->  Result  (cost=0.00..555225.00 rows=13411000 width=8)
                                                                                                         One-Time Filter: PartSelected
                                                                                                         ->  Append-only Columnar Scan on store_sales_1_prt_54 store_sales_1_prt_54_2  (cost=0.00..555225.00 rows=13411000 width=8)
                                                                                                   ->  Result  (cost=0.00..336782.00 rows=8134567 width=8)
                                                                                                         One-Time Filter: PartSelected
                                                                                                         ->  Append-only Columnar Scan on store_sales_1_prt_55 store_sales_1_prt_55_2  (cost=0.00..336782.00 rows=8134567 width=8)
                                                                                                   ->  Result  (cost=0.00..324454.00 rows=7836734 width=8)
                                                                                                         One-Time Filter: PartSelected
                                                                                                         ->  Append-only Columnar Scan on store_sales_1_prt_56 store_sales_1_prt_56_2  (cost=0.00..324454.00 rows=7836734 width=8)
                                                                                                   ->  Result  (cost=0.00..336546.00 rows=8128867 width=8)
                                                                                                         One-Time Filter: PartSelected
                                                                                                         ->  Append-only Columnar Scan on store_sales_1_prt_57 store_sales_1_prt_57_2  (cost=0.00..336546.00 rows=8128867 width=8)
                                                                                                   ->  Result  (cost=0.00..336207.00 rows=8120667 width=8)
                                                                                                         One-Time Filter: PartSelected
                                                                                                         ->  Append-only Columnar Scan on store_sales_1_prt_58 store_sales_1_prt_58_2  (cost=0.00..336207.00 rows=8120667 width=8)
                                                                                                   ->  Result  (cost=0.00..336578.00 rows=8129534 width=8)
                                                                                                         One-Time Filter: PartSelected
                                                                                                         ->  Append-only Columnar Scan on store_sales_1_prt_59 store_sales_1_prt_59_2  (cost=0.00..336578.00 rows=8129534 width=8)
                                                                                                   ->  Result  (cost=0.00..336468.00 rows=8127067 width=8)
                                                                                                         One-Time Filter: PartSelected
                                                                                                         ->  Append-only Columnar Scan on store_sales_1_prt_60 store_sales_1_prt_60_2  (cost=0.00..336468.00 rows=8127067 width=8)
                                                                                                   ->  Result  (cost=0.00..412992.00 rows=9975467 width=8)
                                                                                                         One-Time Filter: PartSelected
                                                                                                         ->  Append-only Columnar Scan on store_sales_1_prt_61 store_sales_1_prt_61_2  (cost=0.00..412992.00 rows=9975467 width=8)
                                                                                                   ->  Result  (cost=0.00..765709.00 rows=18495234 width=8)
                                                                                                         One-Time Filter: PartSelected
                                                                                                         ->  Append-only Columnar Scan on store_sales_1_prt_62 store_sales_1_prt_62_2  (cost=0.00..765709.00 rows=18495234 width=8)
                                                                                                   ->  Result  (cost=0.00..766176.00 rows=18506500 width=8)
                                                                                                         One-Time Filter: PartSelected
                                                                                                         ->  Append-only Columnar Scan on store_sales_1_prt_63 store_sales_1_prt_63_2  (cost=0.00..766176.00 rows=18506500 width=8)
                                                                                                   ->  Result  (cost=0.00..766142.00 rows=18505834 width=8)
                                                                                                         One-Time Filter: PartSelected
                                                                                                         ->  Append-only Columnar Scan on store_sales_1_prt_64 store_sales_1_prt_64_2  (cost=0.00..766142.00 rows=18505834 width=8)
                                                                                                   ->  Result  (cost=0.00..1117566.96 rows=26994166 width=8)
                                                                                                         One-Time Filter: PartSelected
                                                                                                         ->  Append-only Columnar Scan on store_sales_1_prt_65 store_sales_1_prt_65_2  (cost=0.00..1117566.96 rows=26994166 width=8)
                                                                                                   ->  Result  (cost=0.00..1159645.96 rows=28010566 width=8)
                                                                                                         One-Time Filter: PartSelected
                                                                                                         ->  Append-only Columnar Scan on store_sales_1_prt_66 store_sales_1_prt_66_2  (cost=0.00..1159645.96 rows=28010566 width=8)
                                                                                                   ->  Result  (cost=0.00..331321.00 rows=8002500 width=8)
                                                                                                         One-Time Filter: PartSelected
                                                                                                         ->  Append-only Columnar Scan on store_sales_1_prt_67 store_sales_1_prt_67_2  (cost=0.00..331321.00 rows=8002500 width=8)
                                                                                                   ->  Result  (cost=0.00..1.00 rows=1 width=8)
                                                                                                         One-Time Filter: PartSelected
                                                                                                         ->  Append-only Columnar Scan on store_sales_1_prt_68 store_sales_1_prt_68_2  (cost=0.00..1.00 rows=1 width=8)
                                                                                                   ->  Result  (cost=0.00..1.00 rows=1 width=8)
                                                                                                         One-Time Filter: PartSelected
                                                                                                         ->  Append-only Columnar Scan on store_sales_1_prt_69 store_sales_1_prt_69_2  (cost=0.00..1.00 rows=1 width=8)
                                                                                                   ->  Result  (cost=0.00..1.00 rows=1 width=8)
                                                                                                         One-Time Filter: PartSelected
                                                                                                         ->  Append-only Columnar Scan on store_sales_1_prt_70 store_sales_1_prt_70_2  (cost=0.00..1.00 rows=1 width=8)
                                                                                                   ->  Result  (cost=0.00..1.00 rows=1 width=8)
                                                                                                         One-Time Filter: PartSelected
                                                                                                         ->  Append-only Columnar Scan on store_sales_1_prt_71 store_sales_1_prt_71_2  (cost=0.00..1.00 rows=1 width=8)
                                                                                                   ->  Result  (cost=0.00..1.00 rows=1 width=8)
                                                                                                         One-Time Filter: PartSelected
                                                                                                         ->  Append-only Columnar Scan on store_sales_1_prt_72 store_sales_1_prt_72_2  (cost=0.00..1.00 rows=1 width=8)
                                                                                                   ->  Result  (cost=0.00..1.00 rows=1 width=8)
                                                                                                         One-Time Filter: PartSelected
                                                                                                         ->  Append-only Columnar Scan on store_sales_1_prt_73 store_sales_1_prt_73_2  (cost=0.00..1.00 rows=1 width=8)
                                                                                                   ->  Result  (cost=0.00..1.00 rows=1 width=8)
                                                                                                         One-Time Filter: PartSelected
                                                                                                         ->  Append-only Columnar Scan on store_sales_1_prt_74 store_sales_1_prt_74_2  (cost=0.00..1.00 rows=1 width=8)
                                                                                                   ->  Result  (cost=0.00..1.00 rows=1 width=8)
                                                                                                         One-Time Filter: PartSelected
                                                                                                         ->  Append-only Columnar Scan on store_sales_1_prt_75 store_sales_1_prt_75_2  (cost=0.00..1.00 rows=1 width=8)
                                                                                                   ->  Result  (cost=0.00..1.00 rows=1 width=8)
                                                                                                         One-Time Filter: PartSelected
                                                                                                         ->  Append-only Columnar Scan on store_sales_1_prt_76 store_sales_1_prt_76_2  (cost=0.00..1.00 rows=1 width=8)
                                                                                                   ->  Result  (cost=0.00..1.00 rows=1 width=8)
                                                                                                         One-Time Filter: PartSelected
                                                                                                         ->  Append-only Columnar Scan on store_sales_1_prt_77 store_sales_1_prt_77_2  (cost=0.00..1.00 rows=1 width=8)
                                                                                                   ->  Result  (cost=0.00..1.00 rows=1 width=8)
                                                                                                         One-Time Filter: PartSelected
                                                                                                         ->  Append-only Columnar Scan on store_sales_1_prt_78 store_sales_1_prt_78_2  (cost=0.00..1.00 rows=1 width=8)
                                                                                                   ->  Result  (cost=0.00..1.00 rows=1 width=8)
                                                                                                         One-Time Filter: PartSelected
                                                                                                         ->  Append-only Columnar Scan on store_sales_1_prt_79 store_sales_1_prt_79_2  (cost=0.00..1.00 rows=1 width=8)
                                                                                                   ->  Result  (cost=0.00..1.00 rows=1 width=8)
                                                                                                         One-Time Filter: PartSelected
                                                                                                         ->  Append-only Columnar Scan on store_sales_1_prt_80 store_sales_1_prt_80_2  (cost=0.00..1.00 rows=1 width=8)
                                                                                             ->  Hash  (cost=1510.17..1510.17 rows=1461 width=8)
                                                                                                   ->  Partition Selector for store_sales (dynamic scan id: 1)  (cost=0.00..1510.17 rows=1461 width=8)
                                                                                                         Filter: date_dim_3.d_date_sk
                                                                                                         ->  Broadcast Motion 3:3  (slice11; segments: 3)  (cost=0.00..1510.17 rows=1461 width=8)
                                                                                                               ->  Seq Scan on date_dim date_dim_3  (cost=0.00..1451.73 rows=487 width=8)
                                                                                                                     Filter: (d_year = ANY ('{1999,2000,2001,2002}'::integer[]))
                                                                                 ->  Hash  (cost=5981.47..5981.47 rows=99749 width=106)
                                                                                       ->  Seq Scan on item item_1  (cost=0.00..5981.47 rows=99749 width=106)
                                             ->  Hash  (cost=1455.96..1455.96 rows=106 width=4)
                                                   ->  Partition Selector for web_sales (dynamic scan id: 1)  (cost=0.00..1455.96 rows=106 width=4)
                                                         Filter: date_dim_2.d_date_sk
                                                         ->  Broadcast Motion 3:3  (slice14; segments: 3)  (cost=0.00..1455.96 rows=106 width=4)
                                                               ->  Seq Scan on date_dim date_dim_2  (cost=0.00..1451.73 rows=36 width=4)
                                                                     Filter: ((d_year = 1999) AND (d_moy = 1))
                                 ->  Hash  (cost=270007.75..270007.75 rows=334 width=4)
                                       ->  HashAggregate  (cost=269997.75..270007.75 rows=334 width=4)
                                             Group Key: customer_1.c_customer_sk
                                             ->  HashAggregate  (cost=229063852.11..229593886.75 rows=3999967 width=36)
                                                   Group Key: customer_1.c_customer_sk
                                                   Filter: (pg_catalog.sum((sum(((store_sales_1_prt_outliers_3.ss_quantity)::numeric * store_sales_1_prt_outliers_3.ss_sales_price)))) > (0.95000000000000000000 * $1))
                                                   InitPlan 2 (returns $1)  (slice23)
                                                     ->  Aggregate  (cost=57854912.77..57854912.78 rows=1 width=32)
                                                           ->  Gather Motion 3:1  (slice20; segments: 3)  (cost=57854912.70..57854912.75 rows=1 width=32)
                                                                 ->  Aggregate  (cost=57854912.70..57854912.71 rows=1 width=32)
                                                                       ->  Subquery Scan on x_1  (cost=57854911.95..57854912.63 rows=10 width=32)
                                                                             ->  HashAggregate  (cost=57854911.95..57854912.33 rows=10 width=36)
                                                                                   Group Key: customer_3.c_customer_sk
                                                                                   ->  Hash Join  (cost=330345.71..57854911.65 rows=11 width=14)
                                                                                         Hash Cond: (store_sales_1_prt_outliers_5.ss_customer_sk = customer_3.c_customer_sk)
                                                                                         ->  Redistribute Motion 3:3  (slice19; segments: 3)  (cost=1564.96..57526130.04 rows=11 width=14)
                                                                                               Hash Key: store_sales_1_prt_outliers_5.ss_customer_sk
                                                                                               ->  Hash Join  (cost=1564.96..57526129.42 rows=11 width=14)
                                                                                                     Hash Cond: (store_sales_1_prt_outliers_5.ss_sold_date_sk = date_dim_5.d_date_sk)
                                                                                                     ->  Append  (cost=0.00..39524635.96 rows=959996170 width=18)
                                                                                                           ->  Result  (cost=0.00..1568615.00 rows=43200334 width=18)
                                                                                                                 One-Time Filter: PartSelected
                                                                                                                 ->  Append-only Columnar Scan on store_sales_1_prt_outliers store_sales_1_prt_outliers_5  (cost=0.00..1568615.00 rows=43200334 width=18)
                                                                                                           ->  Result  (cost=0.00..324595.00 rows=7840134 width=18)
                                                                                                                 One-Time Filter: PartSelected
                                                                                                                 ->  Append-only Columnar Scan on store_sales_1_prt_2 store_sales_1_prt_2_5  (cost=0.00..324595.00 rows=7840134 width=18)
                                                                                                           ->  Result  (cost=0.00..336211.00 rows=8120800 width=18)
                                                                                                                 One-Time Filter: PartSelected
                                                                                                                 ->  Append-only Columnar Scan on store_sales_1_prt_3 store_sales_1_prt_3_5  (cost=0.00..336211.00 rows=8120800 width=18)
                                                                                                           ->  Result  (cost=0.00..324382.00 rows=7834967 width=18)
                                                                                                                 One-Time Filter: PartSelected
                                                                                                                 ->  Append-only Columnar Scan on store_sales_1_prt_4 store_sales_1_prt_4_5  (cost=0.00..324382.00 rows=7834967 width=18)
                                                                                                           ->  Result  (cost=0.00..336381.00 rows=8124734 width=18)
                                                                                                                 One-Time Filter: PartSelected
                                                                                                                 ->  Append-only Columnar Scan on store_sales_1_prt_5 store_sales_1_prt_5_5  (cost=0.00..336381.00 rows=8124734 width=18)
                                                                                                           ->  Result  (cost=0.00..336417.00 rows=8125800 width=18)
                                                                                                                 One-Time Filter: PartSelected
                                                                                                                 ->  Append-only Columnar Scan on store_sales_1_prt_6 store_sales_1_prt_6_5  (cost=0.00..336417.00 rows=8125800 width=18)
                                                                                                           ->  Result  (cost=0.00..336453.00 rows=8126567 width=18)
                                                                                                                 One-Time Filter: PartSelected
                                                                                                                 ->  Append-only Columnar Scan on store_sales_1_prt_7 store_sales_1_prt_7_5  (cost=0.00..336453.00 rows=8126567 width=18)
                                                                                                           ->  Result  (cost=0.00..336058.00 rows=8116967 width=18)
                                                                                                                 One-Time Filter: PartSelected
                                                                                                                 ->  Append-only Columnar Scan on store_sales_1_prt_8 store_sales_1_prt_8_5  (cost=0.00..336058.00 rows=8116967 width=18)
                                                                                                           ->  Result  (cost=0.00..489738.00 rows=11829267 width=18)
                                                                                                                 One-Time Filter: PartSelected
                                                                                                                 ->  Append-only Columnar Scan on store_sales_1_prt_9 store_sales_1_prt_9_5  (cost=0.00..489738.00 rows=11829267 width=18)
                                                                                                           ->  Result  (cost=0.00..765474.00 rows=18489534 width=18)
                                                                                                                 One-Time Filter: PartSelected
                                                                                                                 ->  Append-only Columnar Scan on store_sales_1_prt_10 store_sales_1_prt_10_5  (cost=0.00..765474.00 rows=18489534 width=18)
                                                                                                           ->  Result  (cost=0.00..766278.00 rows=18508900 width=18)
                                                                                                                 One-Time Filter: PartSelected
                                                                                                                 ->  Append-only Columnar Scan on store_sales_1_prt_11 store_sales_1_prt_11_5  (cost=0.00..766278.00 rows=18508900 width=18)
                                                                                                           ->  Result  (cost=0.00..793967.00 rows=19177700 width=18)
                                                                                                                 One-Time Filter: PartSelected
                                                                                                                 ->  Append-only Columnar Scan on store_sales_1_prt_12 store_sales_1_prt_12_5  (cost=0.00..793967.00 rows=19177700 width=18)
                                                                                                           ->  Result  (cost=0.00..1159820.00 rows=28014600 width=18)
                                                                                                                 One-Time Filter: PartSelected
                                                                                                                 ->  Append-only Columnar Scan on store_sales_1_prt_13 store_sales_1_prt_13_5  (cost=0.00..1159820.00 rows=28014600 width=18)
                                                                                                           ->  Result  (cost=0.00..1160753.00 rows=28037334 width=18)
                                                                                                                 One-Time Filter: PartSelected
                                                                                                                 ->  Append-only Columnar Scan on store_sales_1_prt_14 store_sales_1_prt_14_5  (cost=0.00..1160753.00 rows=28037334 width=18)
                                                                                                           ->  Result  (cost=0.00..436710.00 rows=10548367 width=18)
                                                                                                                 One-Time Filter: PartSelected
                                                                                                                 ->  Append-only Columnar Scan on store_sales_1_prt_15 store_sales_1_prt_15_5  (cost=0.00..436710.00 rows=10548367 width=18)
                                                                                                           ->  Result  (cost=0.00..336477.00 rows=8127134 width=18)
                                                                                                                 One-Time Filter: PartSelected
                                                                                                                 ->  Append-only Columnar Scan on store_sales_1_prt_16 store_sales_1_prt_16_5  (cost=0.00..336477.00 rows=8127134 width=18)
                                                                                                           ->  Result  (cost=0.00..324706.00 rows=7842834 width=18)
                                                                                                                 One-Time Filter: PartSelected
                                                                                                                 ->  Append-only Columnar Scan on store_sales_1_prt_17 store_sales_1_prt_17_5  (cost=0.00..324706.00 rows=7842834 width=18)
                                                                                                           ->  Result  (cost=0.00..336587.00 rows=8129867 width=18)
                                                                                                                 One-Time Filter: PartSelected
                                                                                                                 ->  Append-only Columnar Scan on store_sales_1_prt_18 store_sales_1_prt_18_5  (cost=0.00..336587.00 rows=8129867 width=18)
                                                                                                           ->  Result  (cost=0.00..336153.00 rows=8119367 width=18)
                                                                                                                 One-Time Filter: PartSelected
                                                                                                                 ->  Append-only Columnar Scan on store_sales_1_prt_19 store_sales_1_prt_19_5  (cost=0.00..336153.00 rows=8119367 width=18)
                                                                                                           ->  Result  (cost=0.00..336736.00 rows=8133367 width=18)
                                                                                                                 One-Time Filter: PartSelected
                                                                                                                 ->  Append-only Columnar Scan on store_sales_1_prt_20 store_sales_1_prt_20_5  (cost=0.00..336736.00 rows=8133367 width=18)
                                                                                                           ->  Result  (cost=0.00..336190.00 rows=8120200 width=18)
                                                                                                                 One-Time Filter: PartSelected
                                                                                                                 ->  Append-only Columnar Scan on store_sales_1_prt_21 store_sales_1_prt_21_5  (cost=0.00..336190.00 rows=8120200 width=18)
                                                                                                           ->  Result  (cost=0.00..474334.00 rows=11457100 width=18)
                                                                                                                 One-Time Filter: PartSelected
                                                                                                                 ->  Append-only Columnar Scan on store_sales_1_prt_22 store_sales_1_prt_22_5  (cost=0.00..474334.00 rows=11457100 width=18)
                                                                                                           ->  Result  (cost=0.00..766084.00 rows=18504234 width=18)
                                                                                                                 One-Time Filter: PartSelected
                                                                                                                 ->  Append-only Columnar Scan on store_sales_1_prt_23 store_sales_1_prt_23_5  (cost=0.00..766084.00 rows=18504234 width=18)
                                                                                                           ->  Result  (cost=0.00..765781.00 rows=18496900 width=18)
                                                                                                                 One-Time Filter: PartSelected
                                                                                                                 ->  Append-only Columnar Scan on store_sales_1_prt_24 store_sales_1_prt_24_5  (cost=0.00..765781.00 rows=18496900 width=18)
                                                                                                           ->  Result  (cost=0.00..779443.00 rows=18826834 width=18)
                                                                                                                 One-Time Filter: PartSelected
                                                                                                                 ->  Append-only Columnar Scan on store_sales_1_prt_25 store_sales_1_prt_25_5  (cost=0.00..779443.00 rows=18826834 width=18)
                                                                                                           ->  Result  (cost=0.00..1160832.00 rows=28039467 width=18)
                                                                                                                 One-Time Filter: PartSelected
                                                                                                                 ->  Append-only Columnar Scan on store_sales_1_prt_26 store_sales_1_prt_26_5  (cost=0.00..1160832.00 rows=28039467 width=18)
                                                                                                           ->  Result  (cost=0.00..1160090.00 rows=28021400 width=18)
                                                                                                                 One-Time Filter: PartSelected
                                                                                                                 ->  Append-only Columnar Scan on store_sales_1_prt_27 store_sales_1_prt_27_5  (cost=0.00..1160090.00 rows=28021400 width=18)
                                                                                                           ->  Result  (cost=0.00..465893.00 rows=11253134 width=18)
                                                                                                                 One-Time Filter: PartSelected
                                                                                                                 ->  Append-only Columnar Scan on store_sales_1_prt_28 store_sales_1_prt_28_5  (cost=0.00..465893.00 rows=11253134 width=18)
                                                                                                           ->  Result  (cost=0.00..335914.00 rows=8113600 width=18)
                                                                                                                 One-Time Filter: PartSelected
                                                                                                                 ->  Append-only Columnar Scan on store_sales_1_prt_29 store_sales_1_prt_29_5  (cost=0.00..335914.00 rows=8113600 width=18)
                                                                                                           ->  Result  (cost=0.00..336186.00 rows=8120167 width=18)
                                                                                                                 One-Time Filter: PartSelected
                                                                                                                 ->  Append-only Columnar Scan on store_sales_1_prt_30 store_sales_1_prt_30_5  (cost=0.00..336186.00 rows=8120167 width=18)
                                                                                                           ->  Result  (cost=0.00..336014.00 rows=8115934 width=18)
                                                                                                                 One-Time Filter: PartSelected
                                                                                                                 ->  Append-only Columnar Scan on store_sales_1_prt_31 store_sales_1_prt_31_5  (cost=0.00..336014.00 rows=8115934 width=18)
                                                                                                           ->  Result  (cost=0.00..335918.00 rows=8113667 width=18)
                                                                                                                 One-Time Filter: PartSelected
                                                                                                                 ->  Append-only Columnar Scan on store_sales_1_prt_32 store_sales_1_prt_32_5  (cost=0.00..335918.00 rows=8113667 width=18)
                                                                                                           ->  Result  (cost=0.00..336069.00 rows=8117334 width=18)
                                                                                                                 One-Time Filter: PartSelected
                                                                                                                 ->  Append-only Columnar Scan on store_sales_1_prt_33 store_sales_1_prt_33_5  (cost=0.00..336069.00 rows=8117334 width=18)
                                                                                                           ->  Result  (cost=0.00..335472.00 rows=8102900 width=18)
                                                                                                                 One-Time Filter: PartSelected
                                                                                                                 ->  Append-only Columnar Scan on store_sales_1_prt_34 store_sales_1_prt_34_5  (cost=0.00..335472.00 rows=8102900 width=18)
                                                                                                           ->  Result  (cost=0.00..457985.00 rows=11062100 width=18)
                                                                                                                 One-Time Filter: PartSelected
                                                                                                                 ->  Append-only Columnar Scan on store_sales_1_prt_35 store_sales_1_prt_35_5  (cost=0.00..457985.00 rows=11062100 width=18)
                                                                                                           ->  Result  (cost=0.00..764679.00 rows=18470400 width=18)
                                                                                                                 One-Time Filter: PartSelected
                                                                                                                 ->  Append-only Columnar Scan on store_sales_1_prt_36 store_sales_1_prt_36_5  (cost=0.00..764679.00 rows=18470400 width=18)
                                                                                                           ->  Result  (cost=0.00..764030.00 rows=18454700 width=18)
                                                                                                                 One-Time Filter: PartSelected
                                                                                                                 ->  Append-only Columnar Scan on store_sales_1_prt_37 store_sales_1_prt_37_5  (cost=0.00..764030.00 rows=18454700 width=18)
                                                                                                           ->  Result  (cost=0.00..764484.00 rows=18465634 width=18)
                                                                                                                 One-Time Filter: PartSelected
                                                                                                                 ->  Append-only Columnar Scan on store_sales_1_prt_38 store_sales_1_prt_38_5  (cost=0.00..764484.00 rows=18465634 width=18)
                                                                                                           ->  Result  (cost=0.00..1158198.04 rows=27975568 width=18)
                                                                                                                 One-Time Filter: PartSelected
                                                                                                                 ->  Append-only Columnar Scan on store_sales_1_prt_39 store_sales_1_prt_39_5  (cost=0.00..1158198.04 rows=27975568 width=18)
                                                                                                           ->  Result  (cost=0.00..1158199.04 rows=27975968 width=18)
                                                                                                                 One-Time Filter: PartSelected
                                                                                                                 ->  Append-only Columnar Scan on store_sales_1_prt_40 store_sales_1_prt_40_5  (cost=0.00..1158199.04 rows=27975968 width=18)
                                                                                                           ->  Result  (cost=0.00..483138.00 rows=11669800 width=18)
                                                                                                                 One-Time Filter: PartSelected
                                                                                                                 ->  Append-only Columnar Scan on store_sales_1_prt_41 store_sales_1_prt_41_5  (cost=0.00..483138.00 rows=11669800 width=18)
                                                                                                           ->  Result  (cost=0.00..336559.00 rows=8129100 width=18)
                                                                                                                 One-Time Filter: PartSelected
                                                                                                                 ->  Append-only Columnar Scan on store_sales_1_prt_42 store_sales_1_prt_42_5  (cost=0.00..336559.00 rows=8129100 width=18)
                                                                                                           ->  Result  (cost=0.00..324602.00 rows=7840367 width=18)
                                                                                                                 One-Time Filter: PartSelected
                                                                                                                 ->  Append-only Columnar Scan on store_sales_1_prt_43 store_sales_1_prt_43_5  (cost=0.00..324602.00 rows=7840367 width=18)
                                                                                                           ->  Result  (cost=0.00..336209.00 rows=8120567 width=18)
                                                                                                                 One-Time Filter: PartSelected
                                                                                                                 ->  Append-only Columnar Scan on store_sales_1_prt_44 store_sales_1_prt_44_5  (cost=0.00..336209.00 rows=8120567 width=18)
                                                                                                           ->  Result  (cost=0.00..336313.00 rows=8123267 width=18)
                                                                                                                 One-Time Filter: PartSelected
                                                                                                                 ->  Append-only Columnar Scan on store_sales_1_prt_45 store_sales_1_prt_45_5  (cost=0.00..336313.00 rows=8123267 width=18)
                                                                                                           ->  Result  (cost=0.00..336621.00 rows=8130734 width=18)
                                                                                                                 One-Time Filter: PartSelected
                                                                                                                 ->  Append-only Columnar Scan on store_sales_1_prt_46 store_sales_1_prt_46_5  (cost=0.00..336621.00 rows=8130734 width=18)
                                                                                                           ->  Result  (cost=0.00..335906.00 rows=8113400 width=18)
                                                                                                                 One-Time Filter: PartSelected
                                                                                                                 ->  Append-only Columnar Scan on store_sales_1_prt_47 store_sales_1_prt_47_5  (cost=0.00..335906.00 rows=8113400 width=18)
                                                                                                           ->  Result  (cost=0.00..428657.00 rows=10353800 width=18)
                                                                                                                 One-Time Filter: PartSelected
                                                                                                                 ->  Append-only Columnar Scan on store_sales_1_prt_48 store_sales_1_prt_48_5  (cost=0.00..428657.00 rows=10353800 width=18)
                                                                                                           ->  Result  (cost=0.00..766560.00 rows=18515734 width=18)
                                                                                                                 One-Time Filter: PartSelected
                                                                                                                 ->  Append-only Columnar Scan on store_sales_1_prt_49 store_sales_1_prt_49_5  (cost=0.00..766560.00 rows=18515734 width=18)
                                                                                                           ->  Result  (cost=0.00..766167.00 rows=18506234 width=18)
                                                                                                                 One-Time Filter: PartSelected
                                                                                                                 ->  Append-only Columnar Scan on store_sales_1_prt_50 store_sales_1_prt_50_5  (cost=0.00..766167.00 rows=18506234 width=18)
                                                                                                           ->  Result  (cost=0.00..766196.00 rows=18506900 width=18)
                                                                                                                 One-Time Filter: PartSelected
                                                                                                                 ->  Append-only Columnar Scan on store_sales_1_prt_51 store_sales_1_prt_51_5  (cost=0.00..766196.00 rows=18506900 width=18)
                                                                                                           ->  Result  (cost=0.00..1130938.00 rows=27317200 width=18)
                                                                                                                 One-Time Filter: PartSelected
                                                                                                                 ->  Append-only Columnar Scan on store_sales_1_prt_52 store_sales_1_prt_52_5  (cost=0.00..1130938.00 rows=27317200 width=18)
                                                                                                           ->  Result  (cost=0.00..1160637.96 rows=28034566 width=18)
                                                                                                                 One-Time Filter: PartSelected
                                                                                                                 ->  Append-only Columnar Scan on store_sales_1_prt_53 store_sales_1_prt_53_5  (cost=0.00..1160637.96 rows=28034566 width=18)
                                                                                                           ->  Result  (cost=0.00..555225.00 rows=13411000 width=18)
                                                                                                                 One-Time Filter: PartSelected
                                                                                                                 ->  Append-only Columnar Scan on store_sales_1_prt_54 store_sales_1_prt_54_5  (cost=0.00..555225.00 rows=13411000 width=18)
                                                                                                           ->  Result  (cost=0.00..336782.00 rows=8134567 width=18)
                                                                                                                 One-Time Filter: PartSelected
                                                                                                                 ->  Append-only Columnar Scan on store_sales_1_prt_55 store_sales_1_prt_55_5  (cost=0.00..336782.00 rows=8134567 width=18)
                                                                                                           ->  Result  (cost=0.00..324454.00 rows=7836734 width=18)
                                                                                                                 One-Time Filter: PartSelected
                                                                                                                 ->  Append-only Columnar Scan on store_sales_1_prt_56 store_sales_1_prt_56_5  (cost=0.00..324454.00 rows=7836734 width=18)
                                                                                                           ->  Result  (cost=0.00..336546.00 rows=8128867 width=18)
                                                                                                                 One-Time Filter: PartSelected
                                                                                                                 ->  Append-only Columnar Scan on store_sales_1_prt_57 store_sales_1_prt_57_5  (cost=0.00..336546.00 rows=8128867 width=18)
                                                                                                           ->  Result  (cost=0.00..336207.00 rows=8120667 width=18)
                                                                                                                 One-Time Filter: PartSelected
                                                                                                                 ->  Append-only Columnar Scan on store_sales_1_prt_58 store_sales_1_prt_58_5  (cost=0.00..336207.00 rows=8120667 width=18)
                                                                                                           ->  Result  (cost=0.00..336578.00 rows=8129534 width=18)
                                                                                                                 One-Time Filter: PartSelected
                                                                                                                 ->  Append-only Columnar Scan on store_sales_1_prt_59 store_sales_1_prt_59_5  (cost=0.00..336578.00 rows=8129534 width=18)
                                                                                                           ->  Result  (cost=0.00..336468.00 rows=8127067 width=18)
                                                                                                                 One-Time Filter: PartSelected
                                                                                                                 ->  Append-only Columnar Scan on store_sales_1_prt_60 store_sales_1_prt_60_5  (cost=0.00..336468.00 rows=8127067 width=18)
                                                                                                           ->  Result  (cost=0.00..412992.00 rows=9975467 width=18)
                                                                                                                 One-Time Filter: PartSelected
                                                                                                                 ->  Append-only Columnar Scan on store_sales_1_prt_61 store_sales_1_prt_61_5  (cost=0.00..412992.00 rows=9975467 width=18)
                                                                                                           ->  Result  (cost=0.00..765709.00 rows=18495234 width=18)
                                                                                                                 One-Time Filter: PartSelected
                                                                                                                 ->  Append-only Columnar Scan on store_sales_1_prt_62 store_sales_1_prt_62_5  (cost=0.00..765709.00 rows=18495234 width=18)
                                                                                                           ->  Result  (cost=0.00..766176.00 rows=18506500 width=18)
                                                                                                                 One-Time Filter: PartSelected
                                                                                                                 ->  Append-only Columnar Scan on store_sales_1_prt_63 store_sales_1_prt_63_5  (cost=0.00..766176.00 rows=18506500 width=18)
                                                                                                           ->  Result  (cost=0.00..766142.00 rows=18505834 width=18)
                                                                                                                 One-Time Filter: PartSelected
                                                                                                                 ->  Append-only Columnar Scan on store_sales_1_prt_64 store_sales_1_prt_64_5  (cost=0.00..766142.00 rows=18505834 width=18)
                                                                                                           ->  Result  (cost=0.00..1117566.96 rows=26994166 width=18)
                                                                                                                 One-Time Filter: PartSelected
                                                                                                                 ->  Append-only Columnar Scan on store_sales_1_prt_65 store_sales_1_prt_65_5  (cost=0.00..1117566.96 rows=26994166 width=18)
                                                                                                           ->  Result  (cost=0.00..1159645.96 rows=28010566 width=18)
                                                                                                                 One-Time Filter: PartSelected
                                                                                                                 ->  Append-only Columnar Scan on store_sales_1_prt_66 store_sales_1_prt_66_5  (cost=0.00..1159645.96 rows=28010566 width=18)
                                                                                                           ->  Result  (cost=0.00..331321.00 rows=8002500 width=18)
                                                                                                                 One-Time Filter: PartSelected
                                                                                                                 ->  Append-only Columnar Scan on store_sales_1_prt_67 store_sales_1_prt_67_5  (cost=0.00..331321.00 rows=8002500 width=18)
                                                                                                           ->  Result  (cost=0.00..1.00 rows=1 width=26)
                                                                                                                 One-Time Filter: PartSelected
                                                                                                                 ->  Append-only Columnar Scan on store_sales_1_prt_68 store_sales_1_prt_68_5  (cost=0.00..1.00 rows=1 width=26)
                                                                                                           ->  Result  (cost=0.00..1.00 rows=1 width=26)
                                                                                                                 One-Time Filter: PartSelected
                                                                                                                 ->  Append-only Columnar Scan on store_sales_1_prt_69 store_sales_1_prt_69_5  (cost=0.00..1.00 rows=1 width=26)
                                                                                                           ->  Result  (cost=0.00..1.00 rows=1 width=26)
                                                                                                                 One-Time Filter: PartSelected
                                                                                                                 ->  Append-only Columnar Scan on store_sales_1_prt_70 store_sales_1_prt_70_5  (cost=0.00..1.00 rows=1 width=26)
                                                                                                           ->  Result  (cost=0.00..1.00 rows=1 width=26)
                                                                                                                 One-Time Filter: PartSelected
                                                                                                                 ->  Append-only Columnar Scan on store_sales_1_prt_71 store_sales_1_prt_71_5  (cost=0.00..1.00 rows=1 width=26)
                                                                                                           ->  Result  (cost=0.00..1.00 rows=1 width=26)
                                                                                                                 One-Time Filter: PartSelected
                                                                                                                 ->  Append-only Columnar Scan on store_sales_1_prt_72 store_sales_1_prt_72_5  (cost=0.00..1.00 rows=1 width=26)
                                                                                                           ->  Result  (cost=0.00..1.00 rows=1 width=26)
                                                                                                                 One-Time Filter: PartSelected
                                                                                                                 ->  Append-only Columnar Scan on store_sales_1_prt_73 store_sales_1_prt_73_5  (cost=0.00..1.00 rows=1 width=26)
                                                                                                           ->  Result  (cost=0.00..1.00 rows=1 width=26)
                                                                                                                 One-Time Filter: PartSelected
                                                                                                                 ->  Append-only Columnar Scan on store_sales_1_prt_74 store_sales_1_prt_74_5  (cost=0.00..1.00 rows=1 width=26)
                                                                                                           ->  Result  (cost=0.00..1.00 rows=1 width=26)
                                                                                                                 One-Time Filter: PartSelected
                                                                                                                 ->  Append-only Columnar Scan on store_sales_1_prt_75 store_sales_1_prt_75_5  (cost=0.00..1.00 rows=1 width=26)
                                                                                                           ->  Result  (cost=0.00..1.00 rows=1 width=26)
                                                                                                                 One-Time Filter: PartSelected
                                                                                                                 ->  Append-only Columnar Scan on store_sales_1_prt_76 store_sales_1_prt_76_5  (cost=0.00..1.00 rows=1 width=26)
                                                                                                           ->  Result  (cost=0.00..1.00 rows=1 width=26)
                                                                                                                 One-Time Filter: PartSelected
                                                                                                                 ->  Append-only Columnar Scan on store_sales_1_prt_77 store_sales_1_prt_77_5  (cost=0.00..1.00 rows=1 width=26)
                                                                                                           ->  Result  (cost=0.00..1.00 rows=1 width=26)
                                                                                                                 One-Time Filter: PartSelected
                                                                                                                 ->  Append-only Columnar Scan on store_sales_1_prt_78 store_sales_1_prt_78_5  (cost=0.00..1.00 rows=1 width=26)
                                                                                                           ->  Result  (cost=0.00..1.00 rows=1 width=26)
                                                                                                                 One-Time Filter: PartSelected
                                                                                                                 ->  Append-only Columnar Scan on store_sales_1_prt_79 store_sales_1_prt_79_5  (cost=0.00..1.00 rows=1 width=26)
                                                                                                           ->  Result  (cost=0.00..1.00 rows=1 width=26)
                                                                                                                 One-Time Filter: PartSelected
                                                                                                                 ->  Append-only Columnar Scan on store_sales_1_prt_80 store_sales_1_prt_80_5  (cost=0.00..1.00 rows=1 width=26)
                                                                                                     ->  Hash  (cost=1510.17..1510.17 rows=1461 width=4)
                                                                                                           ->  Partition Selector for store_sales (dynamic scan id: 1)  (cost=0.00..1510.17 rows=1461 width=4)
                                                                                                                 Filter: date_dim_5.d_date_sk
                                                                                                                 ->  Broadcast Motion 3:3  (slice18; segments: 3)  (cost=0.00..1510.17 rows=1461 width=4)
                                                                                                                       ->  Seq Scan on date_dim date_dim_5  (cost=0.00..1451.73 rows=487 width=4)
                                                                                                                             Filter: (d_year = ANY ('{1999,2000,2001,2002}'::integer[]))
                                                                                         ->  Hash  (cost=178782.00..178782.00 rows=3999967 width=4)
                                                                                               ->  Seq Scan on customer customer_3  (cost=0.00..178782.00 rows=3999967 width=4)
                                                   ->  Redistribute Motion 3:3  (slice17; segments: 3)  (cost=217253384.54..228443818.19 rows=3999967 width=36)
                                                         Hash Key: customer_1.c_customer_sk
                                                         ->  HashAggregate  (cost=217253384.54..228203820.19 rows=3999967 width=36)
                                                               Group Key: customer_1.c_customer_sk
                                                               ->  Hash Join  (cost=1108774.25..191912366.26 rows=482686063 width=14)
                                                                     Hash Cond: (store_sales_1_prt_outliers_3.ss_customer_sk = customer_1.c_customer_sk)
                                                                     ->  Append  (cost=0.00..39524635.96 rows=959996170 width=14)
                                                                           ->  Append-only Columnar Scan on store_sales_1_prt_outliers store_sales_1_prt_outliers_3  (cost=0.00..1568615.00 rows=43200334 width=14)
                                                                           ->  Append-only Columnar Scan on store_sales_1_prt_2 store_sales_1_prt_2_3  (cost=0.00..324595.00 rows=7840134 width=14)
                                                                           ->  Append-only Columnar Scan on store_sales_1_prt_3 store_sales_1_prt_3_3  (cost=0.00..336211.00 rows=8120800 width=14)
                                                                           ->  Append-only Columnar Scan on store_sales_1_prt_4 store_sales_1_prt_4_3  (cost=0.00..324382.00 rows=7834967 width=14)
                                                                           ->  Append-only Columnar Scan on store_sales_1_prt_5 store_sales_1_prt_5_3  (cost=0.00..336381.00 rows=8124734 width=14)
                                                                           ->  Append-only Columnar Scan on store_sales_1_prt_6 store_sales_1_prt_6_3  (cost=0.00..336417.00 rows=8125800 width=14)
                                                                           ->  Append-only Columnar Scan on store_sales_1_prt_7 store_sales_1_prt_7_3  (cost=0.00..336453.00 rows=8126567 width=14)
                                                                           ->  Append-only Columnar Scan on store_sales_1_prt_8 store_sales_1_prt_8_3  (cost=0.00..336058.00 rows=8116967 width=14)
                                                                           ->  Append-only Columnar Scan on store_sales_1_prt_9 store_sales_1_prt_9_3  (cost=0.00..489738.00 rows=11829267 width=14)
                                                                           ->  Append-only Columnar Scan on store_sales_1_prt_10 store_sales_1_prt_10_3  (cost=0.00..765474.00 rows=18489534 width=14)
                                                                           ->  Append-only Columnar Scan on store_sales_1_prt_11 store_sales_1_prt_11_3  (cost=0.00..766278.00 rows=18508900 width=14)
                                                                           ->  Append-only Columnar Scan on store_sales_1_prt_12 store_sales_1_prt_12_3  (cost=0.00..793967.00 rows=19177700 width=14)
                                                                           ->  Append-only Columnar Scan on store_sales_1_prt_13 store_sales_1_prt_13_3  (cost=0.00..1159820.00 rows=28014600 width=14)
                                                                           ->  Append-only Columnar Scan on store_sales_1_prt_14 store_sales_1_prt_14_3  (cost=0.00..1160753.00 rows=28037334 width=14)
                                                                           ->  Append-only Columnar Scan on store_sales_1_prt_15 store_sales_1_prt_15_3  (cost=0.00..436710.00 rows=10548367 width=14)
                                                                           ->  Append-only Columnar Scan on store_sales_1_prt_16 store_sales_1_prt_16_3  (cost=0.00..336477.00 rows=8127134 width=14)
                                                                           ->  Append-only Columnar Scan on store_sales_1_prt_17 store_sales_1_prt_17_3  (cost=0.00..324706.00 rows=7842834 width=14)
                                                                           ->  Append-only Columnar Scan on store_sales_1_prt_18 store_sales_1_prt_18_3  (cost=0.00..336587.00 rows=8129867 width=14)
                                                                           ->  Append-only Columnar Scan on store_sales_1_prt_19 store_sales_1_prt_19_3  (cost=0.00..336153.00 rows=8119367 width=14)
                                                                           ->  Append-only Columnar Scan on store_sales_1_prt_20 store_sales_1_prt_20_3  (cost=0.00..336736.00 rows=8133367 width=14)
                                                                           ->  Append-only Columnar Scan on store_sales_1_prt_21 store_sales_1_prt_21_3  (cost=0.00..336190.00 rows=8120200 width=14)
                                                                           ->  Append-only Columnar Scan on store_sales_1_prt_22 store_sales_1_prt_22_3  (cost=0.00..474334.00 rows=11457100 width=14)
                                                                           ->  Append-only Columnar Scan on store_sales_1_prt_23 store_sales_1_prt_23_3  (cost=0.00..766084.00 rows=18504234 width=14)
                                                                           ->  Append-only Columnar Scan on store_sales_1_prt_24 store_sales_1_prt_24_3  (cost=0.00..765781.00 rows=18496900 width=14)
                                                                           ->  Append-only Columnar Scan on store_sales_1_prt_25 store_sales_1_prt_25_3  (cost=0.00..779443.00 rows=18826834 width=14)
                                                                           ->  Append-only Columnar Scan on store_sales_1_prt_26 store_sales_1_prt_26_3  (cost=0.00..1160832.00 rows=28039467 width=14)
                                                                           ->  Append-only Columnar Scan on store_sales_1_prt_27 store_sales_1_prt_27_3  (cost=0.00..1160090.00 rows=28021400 width=14)
                                                                           ->  Append-only Columnar Scan on store_sales_1_prt_28 store_sales_1_prt_28_3  (cost=0.00..465893.00 rows=11253134 width=14)
                                                                           ->  Append-only Columnar Scan on store_sales_1_prt_29 store_sales_1_prt_29_3  (cost=0.00..335914.00 rows=8113600 width=14)
                                                                           ->  Append-only Columnar Scan on store_sales_1_prt_30 store_sales_1_prt_30_3  (cost=0.00..336186.00 rows=8120167 width=14)
                                                                           ->  Append-only Columnar Scan on store_sales_1_prt_31 store_sales_1_prt_31_3  (cost=0.00..336014.00 rows=8115934 width=14)
                                                                           ->  Append-only Columnar Scan on store_sales_1_prt_32 store_sales_1_prt_32_3  (cost=0.00..335918.00 rows=8113667 width=14)
                                                                           ->  Append-only Columnar Scan on store_sales_1_prt_33 store_sales_1_prt_33_3  (cost=0.00..336069.00 rows=8117334 width=14)
                                                                           ->  Append-only Columnar Scan on store_sales_1_prt_34 store_sales_1_prt_34_3  (cost=0.00..335472.00 rows=8102900 width=14)
                                                                           ->  Append-only Columnar Scan on store_sales_1_prt_35 store_sales_1_prt_35_3  (cost=0.00..457985.00 rows=11062100 width=14)
                                                                           ->  Append-only Columnar Scan on store_sales_1_prt_36 store_sales_1_prt_36_3  (cost=0.00..764679.00 rows=18470400 width=14)
                                                                           ->  Append-only Columnar Scan on store_sales_1_prt_37 store_sales_1_prt_37_3  (cost=0.00..764030.00 rows=18454700 width=14)
                                                                           ->  Append-only Columnar Scan on store_sales_1_prt_38 store_sales_1_prt_38_3  (cost=0.00..764484.00 rows=18465634 width=14)
                                                                           ->  Append-only Columnar Scan on store_sales_1_prt_39 store_sales_1_prt_39_3  (cost=0.00..1158198.04 rows=27975568 width=14)
                                                                           ->  Append-only Columnar Scan on store_sales_1_prt_40 store_sales_1_prt_40_3  (cost=0.00..1158199.04 rows=27975968 width=14)
                                                                           ->  Append-only Columnar Scan on store_sales_1_prt_41 store_sales_1_prt_41_3  (cost=0.00..483138.00 rows=11669800 width=14)
                                                                           ->  Append-only Columnar Scan on store_sales_1_prt_42 store_sales_1_prt_42_3  (cost=0.00..336559.00 rows=8129100 width=14)
                                                                           ->  Append-only Columnar Scan on store_sales_1_prt_43 store_sales_1_prt_43_3  (cost=0.00..324602.00 rows=7840367 width=14)
                                                                           ->  Append-only Columnar Scan on store_sales_1_prt_44 store_sales_1_prt_44_3  (cost=0.00..336209.00 rows=8120567 width=14)
                                                                           ->  Append-only Columnar Scan on store_sales_1_prt_45 store_sales_1_prt_45_3  (cost=0.00..336313.00 rows=8123267 width=14)
                                                                           ->  Append-only Columnar Scan on store_sales_1_prt_46 store_sales_1_prt_46_3  (cost=0.00..336621.00 rows=8130734 width=14)
                                                                           ->  Append-only Columnar Scan on store_sales_1_prt_47 store_sales_1_prt_47_3  (cost=0.00..335906.00 rows=8113400 width=14)
                                                                           ->  Append-only Columnar Scan on store_sales_1_prt_48 store_sales_1_prt_48_3  (cost=0.00..428657.00 rows=10353800 width=14)
                                                                           ->  Append-only Columnar Scan on store_sales_1_prt_49 store_sales_1_prt_49_3  (cost=0.00..766560.00 rows=18515734 width=14)
                                                                           ->  Append-only Columnar Scan on store_sales_1_prt_50 store_sales_1_prt_50_3  (cost=0.00..766167.00 rows=18506234 width=14)
                                                                           ->  Append-only Columnar Scan on store_sales_1_prt_51 store_sales_1_prt_51_3  (cost=0.00..766196.00 rows=18506900 width=14)
                                                                           ->  Append-only Columnar Scan on store_sales_1_prt_52 store_sales_1_prt_52_3  (cost=0.00..1130938.00 rows=27317200 width=14)
                                                                           ->  Append-only Columnar Scan on store_sales_1_prt_53 store_sales_1_prt_53_3  (cost=0.00..1160637.96 rows=28034566 width=14)
                                                                           ->  Append-only Columnar Scan on store_sales_1_prt_54 store_sales_1_prt_54_3  (cost=0.00..555225.00 rows=13411000 width=14)
                                                                           ->  Append-only Columnar Scan on store_sales_1_prt_55 store_sales_1_prt_55_3  (cost=0.00..336782.00 rows=8134567 width=14)
                                                                           ->  Append-only Columnar Scan on store_sales_1_prt_56 store_sales_1_prt_56_3  (cost=0.00..324454.00 rows=7836734 width=14)
                                                                           ->  Append-only Columnar Scan on store_sales_1_prt_57 store_sales_1_prt_57_3  (cost=0.00..336546.00 rows=8128867 width=14)
                                                                           ->  Append-only Columnar Scan on store_sales_1_prt_58 store_sales_1_prt_58_3  (cost=0.00..336207.00 rows=8120667 width=14)
                                                                           ->  Append-only Columnar Scan on store_sales_1_prt_59 store_sales_1_prt_59_3  (cost=0.00..336578.00 rows=8129534 width=14)
                                                                           ->  Append-only Columnar Scan on store_sales_1_prt_60 store_sales_1_prt_60_3  (cost=0.00..336468.00 rows=8127067 width=14)
                                                                           ->  Append-only Columnar Scan on store_sales_1_prt_61 store_sales_1_prt_61_3  (cost=0.00..412992.00 rows=9975467 width=14)
                                                                           ->  Append-only Columnar Scan on store_sales_1_prt_62 store_sales_1_prt_62_3  (cost=0.00..765709.00 rows=18495234 width=14)
                                                                           ->  Append-only Columnar Scan on store_sales_1_prt_63 store_sales_1_prt_63_3  (cost=0.00..766176.00 rows=18506500 width=14)
                                                                           ->  Append-only Columnar Scan on store_sales_1_prt_64 store_sales_1_prt_64_3  (cost=0.00..766142.00 rows=18505834 width=14)
                                                                           ->  Append-only Columnar Scan on store_sales_1_prt_65 store_sales_1_prt_65_3  (cost=0.00..1117566.96 rows=26994166 width=14)
                                                                           ->  Append-only Columnar Scan on store_sales_1_prt_66 store_sales_1_prt_66_3  (cost=0.00..1159645.96 rows=28010566 width=14)
                                                                           ->  Append-only Columnar Scan on store_sales_1_prt_67 store_sales_1_prt_67_3  (cost=0.00..331321.00 rows=8002500 width=14)
                                                                           ->  Append-only Columnar Scan on store_sales_1_prt_68 store_sales_1_prt_68_3  (cost=0.00..1.00 rows=1 width=22)
                                                                           ->  Append-only Columnar Scan on store_sales_1_prt_69 store_sales_1_prt_69_3  (cost=0.00..1.00 rows=1 width=22)
                                                                           ->  Append-only Columnar Scan on store_sales_1_prt_70 store_sales_1_prt_70_3  (cost=0.00..1.00 rows=1 width=22)
                                                                           ->  Append-only Columnar Scan on store_sales_1_prt_71 store_sales_1_prt_71_3  (cost=0.00..1.00 rows=1 width=22)
                                                                           ->  Append-only Columnar Scan on store_sales_1_prt_72 store_sales_1_prt_72_3  (cost=0.00..1.00 rows=1 width=22)
                                                                           ->  Append-only Columnar Scan on store_sales_1_prt_73 store_sales_1_prt_73_3  (cost=0.00..1.00 rows=1 width=22)
                                                                           ->  Append-only Columnar Scan on store_sales_1_prt_74 store_sales_1_prt_74_3  (cost=0.00..1.00 rows=1 width=22)
                                                                           ->  Append-only Columnar Scan on store_sales_1_prt_75 store_sales_1_prt_75_3  (cost=0.00..1.00 rows=1 width=22)
                                                                           ->  Append-only Columnar Scan on store_sales_1_prt_76 store_sales_1_prt_76_3  (cost=0.00..1.00 rows=1 width=22)
                                                                           ->  Append-only Columnar Scan on store_sales_1_prt_77 store_sales_1_prt_77_3  (cost=0.00..1.00 rows=1 width=22)
                                                                           ->  Append-only Columnar Scan on store_sales_1_prt_78 store_sales_1_prt_78_3  (cost=0.00..1.00 rows=1 width=22)
                                                                           ->  Append-only Columnar Scan on store_sales_1_prt_79 store_sales_1_prt_79_3  (cost=0.00..1.00 rows=1 width=22)
                                                                           ->  Append-only Columnar Scan on store_sales_1_prt_80 store_sales_1_prt_80_3  (cost=0.00..1.00 rows=1 width=22)
                                                                     ->  Hash  (cost=658778.00..658778.00 rows=11999900 width=4)
                                                                           ->  Broadcast Motion 3:3  (slice16; segments: 3)  (cost=0.00..658778.00 rows=11999900 width=4)
                                                                                 ->  Seq Scan on customer customer_1  (cost=0.00..178782.00 rows=3999967 width=4)
 Planning time: 81.094 ms
 Optimizer: legacy query optimizer
(1755 rows)

with frequent_ss_items as
 (select substr(i_item_desc,1,30) itemdesc,i_item_sk item_sk,d_date solddate,count(*) cnt
  from store_sales
      ,date_dim
      ,item
  where ss_sold_date_sk = d_date_sk
    and ss_item_sk = i_item_sk
    and d_year in (1999,1999 + 1,1999 + 2,1999 + 3)
  group by substr(i_item_desc,1,30),i_item_sk,d_date
  having count(*) >4),
 max_store_sales as
 (select max(csales) tpcds_cmax
  from (select c_customer_sk,sum(ss_quantity*ss_sales_price) csales
        from store_sales
            ,customer
            ,date_dim 
        where ss_customer_sk = c_customer_sk
         and ss_sold_date_sk = d_date_sk
         and d_year in (1999,1999+1,1999+2,1999+3)
        group by c_customer_sk) x),
 best_ss_customer as
 (select c_customer_sk,sum(ss_quantity*ss_sales_price) ssales
  from store_sales
      ,customer
  where ss_customer_sk = c_customer_sk
  group by c_customer_sk
  having sum(ss_quantity*ss_sales_price) > (95/100.0) * (select
  *
 from max_store_sales))
  select  c_last_name,c_first_name,sales
 from ((select c_last_name,c_first_name,sum(cs_quantity*cs_list_price) sales
        from catalog_sales
            ,customer
            ,date_dim 
        where d_year = 1999 
         and d_moy = 1 
         and cs_sold_date_sk = d_date_sk 
         and cs_item_sk in (select item_sk from frequent_ss_items)
         and cs_bill_customer_sk in (select c_customer_sk from best_ss_customer)
         and cs_bill_customer_sk = c_customer_sk 
       group by c_last_name,c_first_name)
      union all
      (select c_last_name,c_first_name,sum(ws_quantity*ws_list_price) sales
       from web_sales
           ,customer
           ,date_dim 
       where d_year = 1999 
         and d_moy = 1 
         and ws_sold_date_sk = d_date_sk 
         and ws_item_sk in (select item_sk from frequent_ss_items)
         and ws_bill_customer_sk in (select c_customer_sk from best_ss_customer)
         and ws_bill_customer_sk = c_customer_sk
       group by c_last_name,c_first_name)) y
     order by c_last_name,c_first_name,sales
  limit 100;
 c_last_name | c_first_name | sales 
-------------+--------------+-------
(0 rows)

-- end query 1 in stream 0 using template query23.tpl
