-- start query 1 in stream 0 using template query26.tpl
explain
select  i_item_id, 
        avg(cs_quantity) agg1,
        avg(cs_list_price) agg2,
        avg(cs_coupon_amt) agg3,
        avg(cs_sales_price) agg4 
 from catalog_sales, customer_demographics, date_dim, item, promotion
 where cs_sold_date_sk = d_date_sk and
       cs_item_sk = i_item_sk and
       cs_bill_cdemo_sk = cd_demo_sk and
       cs_promo_sk = p_promo_sk and
       cd_gender = 'F' and 
       cd_marital_status = 'W' and
       cd_education_status = 'Primary' and
       (p_channel_email = 'N' or p_channel_event = 'N') and
       d_year = 1998 
 group by i_item_id
 order by i_item_id
 limit 100;
                                                                                                  QUERY PLAN                                                                                                   
---------------------------------------------------------------------------------------------------------------------------------------------------------------------------------------------------------------
 Limit  (cost=31697411.34..31697413.59 rows=100 width=178)
   ->  Gather Motion 3:1  (slice6; segments: 3)  (cost=31697411.34..31697413.59 rows=100 width=178)
         Merge Key: item.i_item_id
         ->  Limit  (cost=31697411.34..31697411.59 rows=34 width=178)
               ->  Sort  (cost=31697411.34..31697731.10 rows=42635 width=178)
                     Sort Key: item.i_item_id
                     ->  HashAggregate  (cost=31689964.86..31692522.94 rows=42635 width=178)
                           Group Key: item.i_item_id
                           ->  Redistribute Motion 3:3  (slice5; segments: 3)  (cost=31684528.94..31687087.02 rows=42635 width=178)
                                 Hash Key: item.i_item_id
                                 ->  HashAggregate  (cost=31684528.94..31684528.94 rows=42635 width=178)
                                       Group Key: item.i_item_id
                                       ->  Hash Join  (cost=56569.79..31680105.34 rows=117963 width=36)
                                             Hash Cond: (catalog_sales_1_prt_outliers.cs_item_sk = item.i_item_sk)
                                             ->  Redistribute Motion 3:3  (slice4; segments: 3)  (cost=46847.73..31665517.33 rows=117963 width=23)
                                                   Hash Key: catalog_sales_1_prt_outliers.cs_item_sk
                                                   ->  Hash Join  (cost=46847.73..31658439.57 rows=117963 width=23)
                                                         Hash Cond: (catalog_sales_1_prt_outliers.cs_promo_sk = promotion.p_promo_sk)
                                                         ->  Hash Join  (cost=46677.00..31652512.85 rows=118246 width=27)
                                                               Hash Cond: (catalog_sales_1_prt_outliers.cs_bill_cdemo_sk = customer_demographics.cd_demo_sk)
                                                               ->  Hash Join  (cost=1297.42..31558586.51 rows=2399968 width=31)
                                                                     Hash Cond: (catalog_sales_1_prt_outliers.cs_sold_date_sk = date_dim.d_date_sk)
                                                                     ->  Append  (cost=0.00..22485412.30 rows=479993481 width=35)
                                                                           ->  Result  (cost=0.00..95971.30 rows=2401110 width=35)
                                                                                 One-Time Filter: PartSelected
                                                                                 ->  Append-only Columnar Scan on catalog_sales_1_prt_outliers  (cost=0.00..95971.30 rows=2401110 width=35)
                                                                           ->  Result  (cost=0.00..198531.00 rows=4234734 width=35)
                                                                                 One-Time Filter: PartSelected
                                                                                 ->  Append-only Columnar Scan on catalog_sales_1_prt_2  (cost=0.00..198531.00 rows=4234734 width=35)
                                                                           ->  Result  (cost=0.00..198470.00 rows=4233434 width=35)
                                                                                 One-Time Filter: PartSelected
                                                                                 ->  Append-only Columnar Scan on catalog_sales_1_prt_3  (cost=0.00..198470.00 rows=4233434 width=35)
                                                                           ->  Result  (cost=0.00..191463.00 rows=4083934 width=35)
                                                                                 One-Time Filter: PartSelected
                                                                                 ->  Append-only Columnar Scan on catalog_sales_1_prt_4  (cost=0.00..191463.00 rows=4083934 width=35)
                                                                           ->  Result  (cost=0.00..198330.00 rows=4230434 width=35)
                                                                                 One-Time Filter: PartSelected
                                                                                 ->  Append-only Columnar Scan on catalog_sales_1_prt_5  (cost=0.00..198330.00 rows=4230434 width=35)
                                                                           ->  Result  (cost=0.00..198496.00 rows=4233967 width=35)
                                                                                 One-Time Filter: PartSelected
                                                                                 ->  Append-only Columnar Scan on catalog_sales_1_prt_6  (cost=0.00..198496.00 rows=4233967 width=35)
                                                                           ->  Result  (cost=0.00..198494.00 rows=4233967 width=35)
                                                                                 One-Time Filter: PartSelected
                                                                                 ->  Append-only Columnar Scan on catalog_sales_1_prt_7  (cost=0.00..198494.00 rows=4233967 width=35)
                                                                           ->  Result  (cost=0.00..198576.00 rows=4235667 width=35)
                                                                                 One-Time Filter: PartSelected
                                                                                 ->  Append-only Columnar Scan on catalog_sales_1_prt_8  (cost=0.00..198576.00 rows=4235667 width=35)
                                                                           ->  Result  (cost=0.00..297942.00 rows=6355400 width=35)
                                                                                 One-Time Filter: PartSelected
                                                                                 ->  Append-only Columnar Scan on catalog_sales_1_prt_9  (cost=0.00..297942.00 rows=6355400 width=35)
                                                                           ->  Result  (cost=0.00..451674.00 rows=9634834 width=35)
                                                                                 One-Time Filter: PartSelected
                                                                                 ->  Append-only Columnar Scan on catalog_sales_1_prt_10  (cost=0.00..451674.00 rows=9634834 width=35)
                                                                           ->  Result  (cost=0.00..451572.00 rows=9632700 width=35)
                                                                                 One-Time Filter: PartSelected
                                                                                 ->  Append-only Columnar Scan on catalog_sales_1_prt_11  (cost=0.00..451572.00 rows=9632700 width=35)
                                                                           ->  Result  (cost=0.00..476631.00 rows=10167234 width=35)
                                                                                 One-Time Filter: PartSelected
                                                                                 ->  Append-only Columnar Scan on catalog_sales_1_prt_12  (cost=0.00..476631.00 rows=10167234 width=35)
                                                                           ->  Result  (cost=0.00..684375.00 rows=14598867 width=35)
                                                                                 One-Time Filter: PartSelected
                                                                                 ->  Append-only Columnar Scan on catalog_sales_1_prt_13  (cost=0.00..684375.00 rows=14598867 width=35)
                                                                           ->  Result  (cost=0.00..684389.00 rows=14599200 width=35)
                                                                                 One-Time Filter: PartSelected
                                                                                 ->  Append-only Columnar Scan on catalog_sales_1_prt_14  (cost=0.00..684389.00 rows=14599200 width=35)
                                                                           ->  Result  (cost=0.00..215804.00 rows=4603234 width=35)
                                                                                 One-Time Filter: PartSelected
                                                                                 ->  Append-only Columnar Scan on catalog_sales_1_prt_15  (cost=0.00..215804.00 rows=4603234 width=35)
                                                                           ->  Result  (cost=0.00..198278.00 rows=4229400 width=35)
                                                                                 One-Time Filter: PartSelected
                                                                                 ->  Append-only Columnar Scan on catalog_sales_1_prt_16  (cost=0.00..198278.00 rows=4229400 width=35)
                                                                           ->  Result  (cost=0.00..191360.00 rows=4081734 width=35)
                                                                                 One-Time Filter: PartSelected
                                                                                 ->  Append-only Columnar Scan on catalog_sales_1_prt_17  (cost=0.00..191360.00 rows=4081734 width=35)
                                                                           ->  Result  (cost=0.00..198408.00 rows=4232134 width=35)
                                                                                 One-Time Filter: PartSelected
                                                                                 ->  Append-only Columnar Scan on catalog_sales_1_prt_18  (cost=0.00..198408.00 rows=4232134 width=35)
                                                                           ->  Result  (cost=0.00..198462.00 rows=4233300 width=35)
                                                                                 One-Time Filter: PartSelected
                                                                                 ->  Append-only Columnar Scan on catalog_sales_1_prt_19  (cost=0.00..198462.00 rows=4233300 width=35)
                                                                           ->  Result  (cost=0.00..198463.00 rows=4233267 width=35)
                                                                                 One-Time Filter: PartSelected
                                                                                 ->  Append-only Columnar Scan on catalog_sales_1_prt_20  (cost=0.00..198463.00 rows=4233267 width=35)
                                                                           ->  Result  (cost=0.00..198544.00 rows=4235034 width=35)
                                                                                 One-Time Filter: PartSelected
                                                                                 ->  Append-only Columnar Scan on catalog_sales_1_prt_21  (cost=0.00..198544.00 rows=4235034 width=35)
                                                                           ->  Result  (cost=0.00..288857.00 rows=6161600 width=35)
                                                                                 One-Time Filter: PartSelected
                                                                                 ->  Append-only Columnar Scan on catalog_sales_1_prt_22  (cost=0.00..288857.00 rows=6161600 width=35)
                                                                           ->  Result  (cost=0.00..451775.00 rows=9637067 width=35)
                                                                                 One-Time Filter: PartSelected
                                                                                 ->  Append-only Columnar Scan on catalog_sales_1_prt_23  (cost=0.00..451775.00 rows=9637067 width=35)
                                                                           ->  Result  (cost=0.00..451807.00 rows=9637734 width=35)
                                                                                 One-Time Filter: PartSelected
                                                                                 ->  Append-only Columnar Scan on catalog_sales_1_prt_24  (cost=0.00..451807.00 rows=9637734 width=35)
                                                                           ->  Result  (cost=0.00..468431.00 rows=9992300 width=35)
                                                                                 One-Time Filter: PartSelected
                                                                                 ->  Append-only Columnar Scan on catalog_sales_1_prt_25  (cost=0.00..468431.00 rows=9992300 width=35)
                                                                           ->  Result  (cost=0.00..684511.00 rows=14601800 width=35)
                                                                                 One-Time Filter: PartSelected
                                                                                 ->  Append-only Columnar Scan on catalog_sales_1_prt_26  (cost=0.00..684511.00 rows=14601800 width=35)
                                                                           ->  Result  (cost=0.00..684485.00 rows=14601267 width=35)
                                                                                 One-Time Filter: PartSelected
                                                                                 ->  Append-only Columnar Scan on catalog_sales_1_prt_27  (cost=0.00..684485.00 rows=14601267 width=35)
                                                                           ->  Result  (cost=0.00..232955.00 rows=4969100 width=35)
                                                                                 One-Time Filter: PartSelected
                                                                                 ->  Append-only Columnar Scan on catalog_sales_1_prt_28  (cost=0.00..232955.00 rows=4969100 width=35)
                                                                           ->  Result  (cost=0.00..198182.00 rows=4227400 width=35)
                                                                                 One-Time Filter: PartSelected
                                                                                 ->  Append-only Columnar Scan on catalog_sales_1_prt_29  (cost=0.00..198182.00 rows=4227400 width=35)
                                                                           ->  Result  (cost=0.00..198180.00 rows=4227300 width=35)
                                                                                 One-Time Filter: PartSelected
                                                                                 ->  Append-only Columnar Scan on catalog_sales_1_prt_30  (cost=0.00..198180.00 rows=4227300 width=35)
                                                                           ->  Result  (cost=0.00..198236.00 rows=4228467 width=35)
                                                                                 One-Time Filter: PartSelected
                                                                                 ->  Append-only Columnar Scan on catalog_sales_1_prt_31  (cost=0.00..198236.00 rows=4228467 width=35)
                                                                           ->  Result  (cost=0.00..198161.00 rows=4226867 width=35)
                                                                                 One-Time Filter: PartSelected
                                                                                 ->  Append-only Columnar Scan on catalog_sales_1_prt_32  (cost=0.00..198161.00 rows=4226867 width=35)
                                                                           ->  Result  (cost=0.00..198143.00 rows=4226467 width=35)
                                                                                 One-Time Filter: PartSelected
                                                                                 ->  Append-only Columnar Scan on catalog_sales_1_prt_33  (cost=0.00..198143.00 rows=4226467 width=35)
                                                                           ->  Result  (cost=0.00..198217.00 rows=4228000 width=35)
                                                                                 One-Time Filter: PartSelected
                                                                                 ->  Append-only Columnar Scan on catalog_sales_1_prt_34  (cost=0.00..198217.00 rows=4228000 width=35)
                                                                           ->  Result  (cost=0.00..279401.00 rows=5959900 width=35)
                                                                                 One-Time Filter: PartSelected
                                                                                 ->  Append-only Columnar Scan on catalog_sales_1_prt_35  (cost=0.00..279401.00 rows=5959900 width=35)
                                                                           ->  Result  (cost=0.00..451102.00 rows=9622600 width=35)
                                                                                 One-Time Filter: PartSelected
                                                                                 ->  Append-only Columnar Scan on catalog_sales_1_prt_36  (cost=0.00..451102.00 rows=9622600 width=35)
                                                                           ->  Result  (cost=0.00..451004.00 rows=9620567 width=35)
                                                                                 One-Time Filter: PartSelected
                                                                                 ->  Append-only Columnar Scan on catalog_sales_1_prt_37  (cost=0.00..451004.00 rows=9620567 width=35)
                                                                           ->  Result  (cost=0.00..459207.00 rows=9795567 width=35)
                                                                                 One-Time Filter: PartSelected
                                                                                 ->  Append-only Columnar Scan on catalog_sales_1_prt_38  (cost=0.00..459207.00 rows=9795567 width=35)
                                                                           ->  Result  (cost=0.00..683201.00 rows=14573867 width=35)
                                                                                 One-Time Filter: PartSelected
                                                                                 ->  Append-only Columnar Scan on catalog_sales_1_prt_39  (cost=0.00..683201.00 rows=14573867 width=35)
                                                                           ->  Result  (cost=0.00..683288.00 rows=14575634 width=35)
                                                                                 One-Time Filter: PartSelected
                                                                                 ->  Append-only Columnar Scan on catalog_sales_1_prt_40  (cost=0.00..683288.00 rows=14575634 width=35)
                                                                           ->  Result  (cost=0.00..267716.00 rows=5710600 width=35)
                                                                                 One-Time Filter: PartSelected
                                                                                 ->  Append-only Columnar Scan on catalog_sales_1_prt_41  (cost=0.00..267716.00 rows=5710600 width=35)
                                                                           ->  Result  (cost=0.00..198348.00 rows=4230867 width=35)
                                                                                 One-Time Filter: PartSelected
                                                                                 ->  Append-only Columnar Scan on catalog_sales_1_prt_42  (cost=0.00..198348.00 rows=4230867 width=35)
                                                                           ->  Result  (cost=0.00..191374.00 rows=4082034 width=35)
                                                                                 One-Time Filter: PartSelected
                                                                                 ->  Append-only Columnar Scan on catalog_sales_1_prt_43  (cost=0.00..191374.00 rows=4082034 width=35)
                                                                           ->  Result  (cost=0.00..198449.00 rows=4233067 width=35)
                                                                                 One-Time Filter: PartSelected
                                                                                 ->  Append-only Columnar Scan on catalog_sales_1_prt_44  (cost=0.00..198449.00 rows=4233067 width=35)
                                                                           ->  Result  (cost=0.00..198436.00 rows=4232667 width=35)
                                                                                 One-Time Filter: PartSelected
                                                                                 ->  Append-only Columnar Scan on catalog_sales_1_prt_45  (cost=0.00..198436.00 rows=4232667 width=35)
                                                                           ->  Result  (cost=0.00..198484.00 rows=4233767 width=35)
                                                                                 One-Time Filter: PartSelected
                                                                                 ->  Append-only Columnar Scan on catalog_sales_1_prt_46  (cost=0.00..198484.00 rows=4233767 width=35)
                                                                           ->  Result  (cost=0.00..198486.00 rows=4233767 width=35)
                                                                                 One-Time Filter: PartSelected
                                                                                 ->  Append-only Columnar Scan on catalog_sales_1_prt_47  (cost=0.00..198486.00 rows=4233767 width=35)
                                                                           ->  Result  (cost=0.00..261759.00 rows=5583500 width=35)
                                                                                 One-Time Filter: PartSelected
                                                                                 ->  Append-only Columnar Scan on catalog_sales_1_prt_48  (cost=0.00..261759.00 rows=5583500 width=35)
                                                                           ->  Result  (cost=0.00..451867.00 rows=9638934 width=35)
                                                                                 One-Time Filter: PartSelected
                                                                                 ->  Append-only Columnar Scan on catalog_sales_1_prt_49  (cost=0.00..451867.00 rows=9638934 width=35)
                                                                           ->  Result  (cost=0.00..451711.00 rows=9635634 width=35)
                                                                                 One-Time Filter: PartSelected
                                                                                 ->  Append-only Columnar Scan on catalog_sales_1_prt_50  (cost=0.00..451711.00 rows=9635634 width=35)
                                                                           ->  Result  (cost=0.00..451715.00 rows=9635700 width=35)
                                                                                 One-Time Filter: PartSelected
                                                                                 ->  Append-only Columnar Scan on catalog_sales_1_prt_51  (cost=0.00..451715.00 rows=9635700 width=35)
                                                                           ->  Result  (cost=0.00..676048.00 rows=14421300 width=35)
                                                                                 One-Time Filter: PartSelected
                                                                                 ->  Append-only Columnar Scan on catalog_sales_1_prt_52  (cost=0.00..676048.00 rows=14421300 width=35)
                                                                           ->  Result  (cost=0.00..684330.00 rows=14597934 width=35)
                                                                                 One-Time Filter: PartSelected
                                                                                 ->  Append-only Columnar Scan on catalog_sales_1_prt_53  (cost=0.00..684330.00 rows=14597934 width=35)
                                                                           ->  Result  (cost=0.00..285353.00 rows=6086800 width=35)
                                                                                 One-Time Filter: PartSelected
                                                                                 ->  Append-only Columnar Scan on catalog_sales_1_prt_54  (cost=0.00..285353.00 rows=6086800 width=35)
                                                                           ->  Result  (cost=0.00..198500.00 rows=4234067 width=35)
                                                                                 One-Time Filter: PartSelected
                                                                                 ->  Append-only Columnar Scan on catalog_sales_1_prt_55  (cost=0.00..198500.00 rows=4234067 width=35)
                                                                           ->  Result  (cost=0.00..191327.00 rows=4081100 width=35)
                                                                                 One-Time Filter: PartSelected
                                                                                 ->  Append-only Columnar Scan on catalog_sales_1_prt_56  (cost=0.00..191327.00 rows=4081100 width=35)
                                                                           ->  Result  (cost=0.00..198470.00 rows=4233434 width=35)
                                                                                 One-Time Filter: PartSelected
                                                                                 ->  Append-only Columnar Scan on catalog_sales_1_prt_57  (cost=0.00..198470.00 rows=4233434 width=35)
                                                                           ->  Result  (cost=0.00..198434.00 rows=4232667 width=35)
                                                                                 One-Time Filter: PartSelected
                                                                                 ->  Append-only Columnar Scan on catalog_sales_1_prt_58  (cost=0.00..198434.00 rows=4232667 width=35)
                                                                           ->  Result  (cost=0.00..198457.00 rows=4233100 width=35)
                                                                                 One-Time Filter: PartSelected
                                                                                 ->  Append-only Columnar Scan on catalog_sales_1_prt_59  (cost=0.00..198457.00 rows=4233100 width=35)
                                                                           ->  Result  (cost=0.00..198420.00 rows=4232400 width=35)
                                                                                 One-Time Filter: PartSelected
                                                                                 ->  Append-only Columnar Scan on catalog_sales_1_prt_60  (cost=0.00..198420.00 rows=4232400 width=35)
                                                                           ->  Result  (cost=0.00..252732.00 rows=5390967 width=35)
                                                                                 One-Time Filter: PartSelected
                                                                                 ->  Append-only Columnar Scan on catalog_sales_1_prt_61  (cost=0.00..252732.00 rows=5390967 width=35)
                                                                           ->  Result  (cost=0.00..451735.00 rows=9636134 width=35)
                                                                                 One-Time Filter: PartSelected
                                                                                 ->  Append-only Columnar Scan on catalog_sales_1_prt_62  (cost=0.00..451735.00 rows=9636134 width=35)
                                                                           ->  Result  (cost=0.00..451761.00 rows=9636700 width=35)
                                                                                 One-Time Filter: PartSelected
                                                                                 ->  Append-only Columnar Scan on catalog_sales_1_prt_63  (cost=0.00..451761.00 rows=9636700 width=35)
                                                                           ->  Result  (cost=0.00..451680.00 rows=9634900 width=35)
                                                                                 One-Time Filter: PartSelected
                                                                                 ->  Append-only Columnar Scan on catalog_sales_1_prt_64  (cost=0.00..451680.00 rows=9634900 width=35)
                                                                           ->  Result  (cost=0.00..667727.00 rows=14243734 width=35)
                                                                                 One-Time Filter: PartSelected
                                                                                 ->  Append-only Columnar Scan on catalog_sales_1_prt_65  (cost=0.00..667727.00 rows=14243734 width=35)
                                                                           ->  Result  (cost=0.00..684173.00 rows=14594534 width=35)
                                                                                 One-Time Filter: PartSelected
                                                                                 ->  Append-only Columnar Scan on catalog_sales_1_prt_66  (cost=0.00..684173.00 rows=14594534 width=35)
                                                                           ->  Result  (cost=0.00..244531.00 rows=5216100 width=35)
                                                                                 One-Time Filter: PartSelected
                                                                                 ->  Append-only Columnar Scan on catalog_sales_1_prt_67  (cost=0.00..244531.00 rows=5216100 width=35)
                                                                           ->  Result  (cost=0.00..1.00 rows=1 width=62)
                                                                                 One-Time Filter: PartSelected
                                                                                 ->  Append-only Columnar Scan on catalog_sales_1_prt_68  (cost=0.00..1.00 rows=1 width=62)
                                                                           ->  Result  (cost=0.00..1.00 rows=1 width=62)
                                                                                 One-Time Filter: PartSelected
                                                                                 ->  Append-only Columnar Scan on catalog_sales_1_prt_69  (cost=0.00..1.00 rows=1 width=62)
                                                                           ->  Result  (cost=0.00..1.00 rows=1 width=62)
                                                                                 One-Time Filter: PartSelected
                                                                                 ->  Append-only Columnar Scan on catalog_sales_1_prt_70  (cost=0.00..1.00 rows=1 width=62)
                                                                           ->  Result  (cost=0.00..1.00 rows=1 width=62)
                                                                                 One-Time Filter: PartSelected
                                                                                 ->  Append-only Columnar Scan on catalog_sales_1_prt_71  (cost=0.00..1.00 rows=1 width=62)
                                                                           ->  Result  (cost=0.00..1.00 rows=1 width=62)
                                                                                 One-Time Filter: PartSelected
                                                                                 ->  Append-only Columnar Scan on catalog_sales_1_prt_72  (cost=0.00..1.00 rows=1 width=62)
                                                                           ->  Result  (cost=0.00..1.00 rows=1 width=62)
                                                                                 One-Time Filter: PartSelected
                                                                                 ->  Append-only Columnar Scan on catalog_sales_1_prt_73  (cost=0.00..1.00 rows=1 width=62)
                                                                           ->  Result  (cost=0.00..1.00 rows=1 width=62)
                                                                                 One-Time Filter: PartSelected
                                                                                 ->  Append-only Columnar Scan on catalog_sales_1_prt_74  (cost=0.00..1.00 rows=1 width=62)
                                                                           ->  Result  (cost=0.00..1.00 rows=1 width=62)
                                                                                 One-Time Filter: PartSelected
                                                                                 ->  Append-only Columnar Scan on catalog_sales_1_prt_75  (cost=0.00..1.00 rows=1 width=62)
                                                                           ->  Result  (cost=0.00..1.00 rows=1 width=62)
                                                                                 One-Time Filter: PartSelected
                                                                                 ->  Append-only Columnar Scan on catalog_sales_1_prt_76  (cost=0.00..1.00 rows=1 width=62)
                                                                           ->  Result  (cost=0.00..1.00 rows=1 width=62)
                                                                                 One-Time Filter: PartSelected
                                                                                 ->  Append-only Columnar Scan on catalog_sales_1_prt_77  (cost=0.00..1.00 rows=1 width=62)
                                                                           ->  Result  (cost=0.00..1.00 rows=1 width=62)
                                                                                 One-Time Filter: PartSelected
                                                                                 ->  Append-only Columnar Scan on catalog_sales_1_prt_78  (cost=0.00..1.00 rows=1 width=62)
                                                                           ->  Result  (cost=0.00..1.00 rows=1 width=62)
                                                                                 One-Time Filter: PartSelected
                                                                                 ->  Append-only Columnar Scan on catalog_sales_1_prt_79  (cost=0.00..1.00 rows=1 width=62)
                                                                           ->  Result  (cost=0.00..1.00 rows=1 width=62)
                                                                                 One-Time Filter: PartSelected
                                                                                 ->  Append-only Columnar Scan on catalog_sales_1_prt_80  (cost=0.00..1.00 rows=1 width=62)
                                                                     ->  Hash  (cost=1283.72..1283.72 rows=366 width=4)
                                                                           ->  Partition Selector for catalog_sales (dynamic scan id: 1)  (cost=0.00..1283.72 rows=366 width=4)
                                                                                 Filter: date_dim.d_date_sk
                                                                                 ->  Broadcast Motion 3:3  (slice1; segments: 3)  (cost=0.00..1283.72 rows=366 width=4)
                                                                                       ->  Seq Scan on date_dim  (cost=0.00..1269.11 rows=122 width=4)
                                                                                             Filter: (d_year = 1998)
                                                               ->  Hash  (cost=41821.71..41821.71 rows=94877 width=4)
                                                                     ->  Broadcast Motion 3:3  (slice2; segments: 3)  (cost=0.00..41821.71 rows=94877 width=4)
                                                                           ->  Seq Scan on customer_demographics  (cost=0.00..38026.65 rows=31626 width=4)
                                                                                 Filter: ((cd_gender = 'F'::bpchar) AND (cd_marital_status = 'W'::bpchar) AND ((cd_education_status)::text = 'Primary'::text))
                                                         ->  Hash  (cost=114.49..114.49 rows=1500 width=4)
                                                               ->  Broadcast Motion 3:3  (slice3; segments: 3)  (cost=0.00..114.49 rows=1500 width=4)
                                                                     ->  Seq Scan on promotion  (cost=0.00..54.50 rows=500 width=4)
                                                                           Filter: ((p_channel_email = 'N'::bpchar) OR (p_channel_event = 'N'::bpchar))
                                             ->  Hash  (cost=5981.47..5981.47 rows=99749 width=21)
                                                   ->  Seq Scan on item  (cost=0.00..5981.47 rows=99749 width=21)
 Planning time: 23.524 ms
 Optimizer: legacy query optimizer
(281 rows)

-- end query 1 in stream 0 using template query26.tpl
