-- start query 1 in stream 0 using template query28.tpl
explain
select  *
from (select avg(ss_list_price) B1_LP
            ,count(ss_list_price) B1_CNT
            ,count(distinct ss_list_price) B1_CNTD
      from store_sales
      where ss_quantity between 0 and 5
        and (ss_list_price between 11 and 11+10 
             or ss_coupon_amt between 460 and 460+1000
             or ss_wholesale_cost between 14 and 14+20)) B1,
     (select avg(ss_list_price) B2_LP
            ,count(ss_list_price) B2_CNT
            ,count(distinct ss_list_price) B2_CNTD
      from store_sales
      where ss_quantity between 6 and 10
        and (ss_list_price between 91 and 91+10
          or ss_coupon_amt between 1430 and 1430+1000
          or ss_wholesale_cost between 32 and 32+20)) B2,
     (select avg(ss_list_price) B3_LP
            ,count(ss_list_price) B3_CNT
            ,count(distinct ss_list_price) B3_CNTD
      from store_sales
      where ss_quantity between 11 and 15
        and (ss_list_price between 66 and 66+10
          or ss_coupon_amt between 920 and 920+1000
          or ss_wholesale_cost between 4 and 4+20)) B3,
     (select avg(ss_list_price) B4_LP
            ,count(ss_list_price) B4_CNT
            ,count(distinct ss_list_price) B4_CNTD
      from store_sales
      where ss_quantity between 16 and 20
        and (ss_list_price between 142 and 142+10
          or ss_coupon_amt between 3054 and 3054+1000
          or ss_wholesale_cost between 80 and 80+20)) B4,
     (select avg(ss_list_price) B5_LP
            ,count(ss_list_price) B5_CNT
            ,count(distinct ss_list_price) B5_CNTD
      from store_sales
      where ss_quantity between 21 and 25
        and (ss_list_price between 135 and 135+10
          or ss_coupon_amt between 14180 and 14180+1000
          or ss_wholesale_cost between 38 and 38+20)) B5,
     (select avg(ss_list_price) B6_LP
            ,count(ss_list_price) B6_CNT
            ,count(distinct ss_list_price) B6_CNTD
      from store_sales
      where ss_quantity between 26 and 30
        and (ss_list_price between 28 and 28+10
          or ss_coupon_amt between 2513 and 2513+1000
          or ss_wholesale_cost between 42 and 42+20)) B6
limit 100;
                                                                                                                                                                             QUERY PLAN                                                                                                                                                                              
---------------------------------------------------------------------------------------------------------------------------------------------------------------------------------------------------------------------------------------------------------------------------------------------------------------------------------------------------------------------
 Limit  (cost=50594145488.87..50594145489.18 rows=4 width=288)
   ->  Nested Loop  (cost=50594145488.87..50594145489.18 rows=4 width=288)
         ->  Nested Loop  (cost=40495108819.48..40495108819.72 rows=4 width=240)
               ->  Nested Loop  (cost=30396189882.35..30396189882.53 rows=4 width=192)
                     ->  Nested Loop  (cost=20297287122.41..20297287122.52 rows=4 width=144)
                           ->  Nested Loop  (cost=10198202885.77..10198202885.82 rows=4 width=96)
                                 ->  Aggregate  (cost=99137405.24..99137405.25 rows=1 width=48)
                                       ->  Gather Motion 3:1  (slice2; segments: 3)  (cost=99137405.17..99137405.22 rows=1 width=48)
                                             ->  Aggregate  (cost=99137405.17..99137405.18 rows=1 width=48)
                                                   ->  Redistribute Motion 3:3  (slice1; segments: 3)  (cost=0.00..98588405.36 rows=24399992 width=6)
                                                         Hash Key: store_sales_1_prt_outliers.ss_list_price
                                                         ->  Append  (cost=0.00..97124405.88 rows=24399992 width=6)
                                                               ->  Append-only Columnar Scan on store_sales_1_prt_outliers  (cost=0.00..4160635.00 rows=427092 width=6)
                                                                     Filter: ((ss_quantity >= 0) AND (ss_quantity <= 5) AND (((ss_list_price >= 11::numeric) AND (ss_list_price <= 21::numeric)) OR ((ss_coupon_amt >= 460::numeric) AND (ss_coupon_amt <= 1460::numeric)) OR ((ss_wholesale_cost >= 14::numeric) AND (ss_wholesale_cost <= 34::numeric))))
                                                               ->  Append-only Columnar Scan on store_sales_1_prt_2  (cost=0.00..795003.00 rows=203633 width=6)
                                                                     Filter: ((ss_quantity >= 0) AND (ss_quantity <= 5) AND (((ss_list_price >= 11::numeric) AND (ss_list_price <= 21::numeric)) OR ((ss_coupon_amt >= 460::numeric) AND (ss_coupon_amt <= 1460::numeric)) OR ((ss_wholesale_cost >= 14::numeric) AND (ss_wholesale_cost <= 34::numeric))))
                                                               ->  Append-only Columnar Scan on store_sales_1_prt_3  (cost=0.00..823459.00 rows=210158 width=6)
                                                                     Filter: ((ss_quantity >= 0) AND (ss_quantity <= 5) AND (((ss_list_price >= 11::numeric) AND (ss_list_price <= 21::numeric)) OR ((ss_coupon_amt >= 460::numeric) AND (ss_coupon_amt <= 1460::numeric)) OR ((ss_wholesale_cost >= 14::numeric) AND (ss_wholesale_cost <= 34::numeric))))
                                                               ->  Append-only Columnar Scan on store_sales_1_prt_4  (cost=0.00..794480.00 rows=214646 width=6)
                                                                     Filter: ((ss_quantity >= 0) AND (ss_quantity <= 5) AND (((ss_list_price >= 11::numeric) AND (ss_list_price <= 21::numeric)) OR ((ss_coupon_amt >= 460::numeric) AND (ss_coupon_amt <= 1460::numeric)) OR ((ss_wholesale_cost >= 14::numeric) AND (ss_wholesale_cost <= 34::numeric))))
                                                               ->  Append-only Columnar Scan on store_sales_1_prt_5  (cost=0.00..823865.00 rows=217572 width=6)
                                                                     Filter: ((ss_quantity >= 0) AND (ss_quantity <= 5) AND (((ss_list_price >= 11::numeric) AND (ss_list_price <= 21::numeric)) OR ((ss_coupon_amt >= 460::numeric) AND (ss_coupon_amt <= 1460::numeric)) OR ((ss_wholesale_cost >= 14::numeric) AND (ss_wholesale_cost <= 34::numeric))))
                                                               ->  Append-only Columnar Scan on store_sales_1_prt_6  (cost=0.00..823965.00 rows=207261 width=6)
                                                                     Filter: ((ss_quantity >= 0) AND (ss_quantity <= 5) AND (((ss_list_price >= 11::numeric) AND (ss_list_price <= 21::numeric)) OR ((ss_coupon_amt >= 460::numeric) AND (ss_coupon_amt <= 1460::numeric)) OR ((ss_wholesale_cost >= 14::numeric) AND (ss_wholesale_cost <= 34::numeric))))
                                                               ->  Append-only Columnar Scan on store_sales_1_prt_7  (cost=0.00..824047.00 rows=214063 width=6)
                                                                     Filter: ((ss_quantity >= 0) AND (ss_quantity <= 5) AND (((ss_list_price >= 11::numeric) AND (ss_list_price <= 21::numeric)) OR ((ss_coupon_amt >= 460::numeric) AND (ss_coupon_amt <= 1460::numeric)) OR ((ss_wholesale_cost >= 14::numeric) AND (ss_wholesale_cost <= 34::numeric))))
                                                               ->  Append-only Columnar Scan on store_sales_1_prt_8  (cost=0.00..823076.00 rows=221080 width=6)
                                                                     Filter: ((ss_quantity >= 0) AND (ss_quantity <= 5) AND (((ss_list_price >= 11::numeric) AND (ss_list_price <= 21::numeric)) OR ((ss_coupon_amt >= 460::numeric) AND (ss_coupon_amt <= 1460::numeric)) OR ((ss_wholesale_cost >= 14::numeric) AND (ss_wholesale_cost <= 34::numeric))))
                                                               ->  Append-only Columnar Scan on store_sales_1_prt_9  (cost=0.00..1199494.00 rows=299739 width=6)
                                                                     Filter: ((ss_quantity >= 0) AND (ss_quantity <= 5) AND (((ss_list_price >= 11::numeric) AND (ss_list_price <= 21::numeric)) OR ((ss_coupon_amt >= 460::numeric) AND (ss_coupon_amt <= 1460::numeric)) OR ((ss_wholesale_cost >= 14::numeric) AND (ss_wholesale_cost <= 34::numeric))))
                                                               ->  Append-only Columnar Scan on store_sales_1_prt_10  (cost=0.00..1874846.00 rows=472122 width=6)
                                                                     Filter: ((ss_quantity >= 0) AND (ss_quantity <= 5) AND (((ss_list_price >= 11::numeric) AND (ss_list_price <= 21::numeric)) OR ((ss_coupon_amt >= 460::numeric) AND (ss_coupon_amt <= 1460::numeric)) OR ((ss_wholesale_cost >= 14::numeric) AND (ss_wholesale_cost <= 34::numeric))))
                                                               ->  Append-only Columnar Scan on store_sales_1_prt_11  (cost=0.00..1876812.00 rows=510111 width=6)
                                                                     Filter: ((ss_quantity >= 0) AND (ss_quantity <= 5) AND (((ss_list_price >= 11::numeric) AND (ss_list_price <= 21::numeric)) OR ((ss_coupon_amt >= 460::numeric) AND (ss_coupon_amt <= 1460::numeric)) OR ((ss_wholesale_cost >= 14::numeric) AND (ss_wholesale_cost <= 34::numeric))))
                                                               ->  Append-only Columnar Scan on store_sales_1_prt_12  (cost=0.00..1944629.00 rows=520695 width=6)
                                                                     Filter: ((ss_quantity >= 0) AND (ss_quantity <= 5) AND (((ss_list_price >= 11::numeric) AND (ss_list_price <= 21::numeric)) OR ((ss_coupon_amt >= 460::numeric) AND (ss_coupon_amt <= 1460::numeric)) OR ((ss_wholesale_cost >= 14::numeric) AND (ss_wholesale_cost <= 34::numeric))))
                                                               ->  Append-only Columnar Scan on store_sales_1_prt_13  (cost=0.00..2840696.00 rows=715324 width=6)
                                                                     Filter: ((ss_quantity >= 0) AND (ss_quantity <= 5) AND (((ss_list_price >= 11::numeric) AND (ss_list_price <= 21::numeric)) OR ((ss_coupon_amt >= 460::numeric) AND (ss_coupon_amt <= 1460::numeric)) OR ((ss_wholesale_cost >= 14::numeric) AND (ss_wholesale_cost <= 34::numeric))))
                                                               ->  Append-only Columnar Scan on store_sales_1_prt_14  (cost=0.00..2842993.00 rows=745277 width=6)
                                                                     Filter: ((ss_quantity >= 0) AND (ss_quantity <= 5) AND (((ss_list_price >= 11::numeric) AND (ss_list_price <= 21::numeric)) OR ((ss_coupon_amt >= 460::numeric) AND (ss_coupon_amt <= 1460::numeric)) OR ((ss_wholesale_cost >= 14::numeric) AND (ss_wholesale_cost <= 34::numeric))))
                                                               ->  Append-only Columnar Scan on store_sales_1_prt_15  (cost=0.00..1069612.00 rows=272445 width=6)
                                                                     Filter: ((ss_quantity >= 0) AND (ss_quantity <= 5) AND (((ss_list_price >= 11::numeric) AND (ss_list_price <= 21::numeric)) OR ((ss_coupon_amt >= 460::numeric) AND (ss_coupon_amt <= 1460::numeric)) OR ((ss_wholesale_cost >= 14::numeric) AND (ss_wholesale_cost <= 34::numeric))))
                                                               ->  Append-only Columnar Scan on store_sales_1_prt_16  (cost=0.00..824105.00 rows=222419 width=6)
                                                                     Filter: ((ss_quantity >= 0) AND (ss_quantity <= 5) AND (((ss_list_price >= 11::numeric) AND (ss_list_price <= 21::numeric)) OR ((ss_coupon_amt >= 460::numeric) AND (ss_coupon_amt <= 1460::numeric)) OR ((ss_wholesale_cost >= 14::numeric) AND (ss_wholesale_cost <= 34::numeric))))
                                                               ->  Append-only Columnar Scan on store_sales_1_prt_17  (cost=0.00..795276.00 rows=209293 width=6)
                                                                     Filter: ((ss_quantity >= 0) AND (ss_quantity <= 5) AND (((ss_list_price >= 11::numeric) AND (ss_list_price <= 21::numeric)) OR ((ss_coupon_amt >= 460::numeric) AND (ss_coupon_amt <= 1460::numeric)) OR ((ss_wholesale_cost >= 14::numeric) AND (ss_wholesale_cost <= 34::numeric))))
                                                               ->  Append-only Columnar Scan on store_sales_1_prt_18  (cost=0.00..824379.00 rows=201811 width=6)
                                                                     Filter: ((ss_quantity >= 0) AND (ss_quantity <= 5) AND (((ss_list_price >= 11::numeric) AND (ss_list_price <= 21::numeric)) OR ((ss_coupon_amt >= 460::numeric) AND (ss_coupon_amt <= 1460::numeric)) OR ((ss_wholesale_cost >= 14::numeric) AND (ss_wholesale_cost <= 34::numeric))))
                                                               ->  Append-only Columnar Scan on store_sales_1_prt_19  (cost=0.00..823315.00 rows=213268 width=6)
                                                                     Filter: ((ss_quantity >= 0) AND (ss_quantity <= 5) AND (((ss_list_price >= 11::numeric) AND (ss_list_price <= 21::numeric)) OR ((ss_coupon_amt >= 460::numeric) AND (ss_coupon_amt <= 1460::numeric)) OR ((ss_wholesale_cost >= 14::numeric) AND (ss_wholesale_cost <= 34::numeric))))
                                                               ->  Append-only Columnar Scan on store_sales_1_prt_20  (cost=0.00..824738.00 rows=211053 width=6)
                                                                     Filter: ((ss_quantity >= 0) AND (ss_quantity <= 5) AND (((ss_list_price >= 11::numeric) AND (ss_list_price <= 21::numeric)) OR ((ss_coupon_amt >= 460::numeric) AND (ss_coupon_amt <= 1460::numeric)) OR ((ss_wholesale_cost >= 14::numeric) AND (ss_wholesale_cost <= 34::numeric))))
                                                               ->  Append-only Columnar Scan on store_sales_1_prt_21  (cost=0.00..823402.00 rows=210587 width=6)
                                                                     Filter: ((ss_quantity >= 0) AND (ss_quantity <= 5) AND (((ss_list_price >= 11::numeric) AND (ss_list_price <= 21::numeric)) OR ((ss_coupon_amt >= 460::numeric) AND (ss_coupon_amt <= 1460::numeric)) OR ((ss_wholesale_cost >= 14::numeric) AND (ss_wholesale_cost <= 34::numeric))))
                                                               ->  Append-only Columnar Scan on store_sales_1_prt_22  (cost=0.00..1161760.00 rows=305075 width=6)
                                                                     Filter: ((ss_quantity >= 0) AND (ss_quantity <= 5) AND (((ss_list_price >= 11::numeric) AND (ss_list_price <= 21::numeric)) OR ((ss_coupon_amt >= 460::numeric) AND (ss_coupon_amt <= 1460::numeric)) OR ((ss_wholesale_cost >= 14::numeric) AND (ss_wholesale_cost <= 34::numeric))))
                                                               ->  Append-only Columnar Scan on store_sales_1_prt_23  (cost=0.00..1876338.00 rows=486961 width=6)
                                                                     Filter: ((ss_quantity >= 0) AND (ss_quantity <= 5) AND (((ss_list_price >= 11::numeric) AND (ss_list_price <= 21::numeric)) OR ((ss_coupon_amt >= 460::numeric) AND (ss_coupon_amt <= 1460::numeric)) OR ((ss_wholesale_cost >= 14::numeric) AND (ss_wholesale_cost <= 34::numeric))))
                                                               ->  Append-only Columnar Scan on store_sales_1_prt_24  (cost=0.00..1875595.00 rows=469995 width=6)
                                                                     Filter: ((ss_quantity >= 0) AND (ss_quantity <= 5) AND (((ss_list_price >= 11::numeric) AND (ss_list_price <= 21::numeric)) OR ((ss_coupon_amt >= 460::numeric) AND (ss_coupon_amt <= 1460::numeric)) OR ((ss_wholesale_cost >= 14::numeric) AND (ss_wholesale_cost <= 34::numeric))))
                                                               ->  Append-only Columnar Scan on store_sales_1_prt_25  (cost=0.00..1909053.00 rows=503174 width=6)
                                                                     Filter: ((ss_quantity >= 0) AND (ss_quantity <= 5) AND (((ss_list_price >= 11::numeric) AND (ss_list_price <= 21::numeric)) OR ((ss_coupon_amt >= 460::numeric) AND (ss_coupon_amt <= 1460::numeric)) OR ((ss_wholesale_cost >= 14::numeric) AND (ss_wholesale_cost <= 34::numeric))))
                                                               ->  Append-only Columnar Scan on store_sales_1_prt_26  (cost=0.00..2843200.00 rows=721713 width=6)
                                                                     Filter: ((ss_quantity >= 0) AND (ss_quantity <= 5) AND (((ss_list_price >= 11::numeric) AND (ss_list_price <= 21::numeric)) OR ((ss_coupon_amt >= 460::numeric) AND (ss_coupon_amt <= 1460::numeric)) OR ((ss_wholesale_cost >= 14::numeric) AND (ss_wholesale_cost <= 34::numeric))))
                                                               ->  Append-only Columnar Scan on store_sales_1_prt_27  (cost=0.00..2841374.00 rows=711777 width=6)
                                                                     Filter: ((ss_quantity >= 0) AND (ss_quantity <= 5) AND (((ss_list_price >= 11::numeric) AND (ss_list_price <= 21::numeric)) OR ((ss_coupon_amt >= 460::numeric) AND (ss_coupon_amt <= 1460::numeric)) OR ((ss_wholesale_cost >= 14::numeric) AND (ss_wholesale_cost <= 34::numeric))))
                                                               ->  Append-only Columnar Scan on store_sales_1_prt_28  (cost=0.00..1141081.00 rows=301177 width=6)
                                                                     Filter: ((ss_quantity >= 0) AND (ss_quantity <= 5) AND (((ss_list_price >= 11::numeric) AND (ss_list_price <= 21::numeric)) OR ((ss_coupon_amt >= 460::numeric) AND (ss_coupon_amt <= 1460::numeric)) OR ((ss_wholesale_cost >= 14::numeric) AND (ss_wholesale_cost <= 34::numeric))))
                                                               ->  Append-only Columnar Scan on store_sales_1_prt_29  (cost=0.00..822730.00 rows=216051 width=6)
                                                                     Filter: ((ss_quantity >= 0) AND (ss_quantity <= 5) AND (((ss_list_price >= 11::numeric) AND (ss_list_price <= 21::numeric)) OR ((ss_coupon_amt >= 460::numeric) AND (ss_coupon_amt <= 1460::numeric)) OR ((ss_wholesale_cost >= 14::numeric) AND (ss_wholesale_cost <= 34::numeric))))
                                                               ->  Append-only Columnar Scan on store_sales_1_prt_30  (cost=0.00..823396.00 rows=222874 width=6)
                                                                     Filter: ((ss_quantity >= 0) AND (ss_quantity <= 5) AND (((ss_list_price >= 11::numeric) AND (ss_list_price <= 21::numeric)) OR ((ss_coupon_amt >= 460::numeric) AND (ss_coupon_amt <= 1460::numeric)) OR ((ss_wholesale_cost >= 14::numeric) AND (ss_wholesale_cost <= 34::numeric))))
                                                               ->  Append-only Columnar Scan on store_sales_1_prt_31  (cost=0.00..822970.00 rows=208928 width=6)
                                                                     Filter: ((ss_quantity >= 0) AND (ss_quantity <= 5) AND (((ss_list_price >= 11::numeric) AND (ss_list_price <= 21::numeric)) OR ((ss_coupon_amt >= 460::numeric) AND (ss_coupon_amt <= 1460::numeric)) OR ((ss_wholesale_cost >= 14::numeric) AND (ss_wholesale_cost <= 34::numeric))))
                                                               ->  Append-only Columnar Scan on store_sales_1_prt_32  (cost=0.00..822738.00 rows=217067 width=6)
                                                                     Filter: ((ss_quantity >= 0) AND (ss_quantity <= 5) AND (((ss_list_price >= 11::numeric) AND (ss_list_price <= 21::numeric)) OR ((ss_coupon_amt >= 460::numeric) AND (ss_coupon_amt <= 1460::numeric)) OR ((ss_wholesale_cost >= 14::numeric) AND (ss_wholesale_cost <= 34::numeric))))
                                                               ->  Append-only Columnar Scan on store_sales_1_prt_33  (cost=0.00..823109.00 rows=217695 width=6)
                                                                     Filter: ((ss_quantity >= 0) AND (ss_quantity <= 5) AND (((ss_list_price >= 11::numeric) AND (ss_list_price <= 21::numeric)) OR ((ss_coupon_amt >= 460::numeric) AND (ss_coupon_amt <= 1460::numeric)) OR ((ss_wholesale_cost >= 14::numeric) AND (ss_wholesale_cost <= 34::numeric))))
                                                               ->  Append-only Columnar Scan on store_sales_1_prt_34  (cost=0.00..821646.00 rows=208659 width=6)
                                                                     Filter: ((ss_quantity >= 0) AND (ss_quantity <= 5) AND (((ss_list_price >= 11::numeric) AND (ss_list_price <= 21::numeric)) OR ((ss_coupon_amt >= 460::numeric) AND (ss_coupon_amt <= 1460::numeric)) OR ((ss_wholesale_cost >= 14::numeric) AND (ss_wholesale_cost <= 34::numeric))))
                                                               ->  Append-only Columnar Scan on store_sales_1_prt_35  (cost=0.00..1121711.00 rows=287593 width=6)
                                                                     Filter: ((ss_quantity >= 0) AND (ss_quantity <= 5) AND (((ss_list_price >= 11::numeric) AND (ss_list_price <= 21::numeric)) OR ((ss_coupon_amt >= 460::numeric) AND (ss_coupon_amt <= 1460::numeric)) OR ((ss_wholesale_cost >= 14::numeric) AND (ss_wholesale_cost <= 34::numeric))))
                                                               ->  Append-only Columnar Scan on store_sales_1_prt_36  (cost=0.00..1872903.00 rows=483690 width=6)
                                                                     Filter: ((ss_quantity >= 0) AND (ss_quantity <= 5) AND (((ss_list_price >= 11::numeric) AND (ss_list_price <= 21::numeric)) OR ((ss_coupon_amt >= 460::numeric) AND (ss_coupon_amt <= 1460::numeric)) OR ((ss_wholesale_cost >= 14::numeric) AND (ss_wholesale_cost <= 34::numeric))))
                                                               ->  Append-only Columnar Scan on store_sales_1_prt_37  (cost=0.00..1871312.00 rows=469689 width=6)
                                                                     Filter: ((ss_quantity >= 0) AND (ss_quantity <= 5) AND (((ss_list_price >= 11::numeric) AND (ss_list_price <= 21::numeric)) OR ((ss_coupon_amt >= 460::numeric) AND (ss_coupon_amt <= 1460::numeric)) OR ((ss_wholesale_cost >= 14::numeric) AND (ss_wholesale_cost <= 34::numeric))))
                                                               ->  Append-only Columnar Scan on store_sales_1_prt_38  (cost=0.00..1872422.00 rows=491412 width=6)
                                                                     Filter: ((ss_quantity >= 0) AND (ss_quantity <= 5) AND (((ss_list_price >= 11::numeric) AND (ss_list_price <= 21::numeric)) OR ((ss_coupon_amt >= 460::numeric) AND (ss_coupon_amt <= 1460::numeric)) OR ((ss_wholesale_cost >= 14::numeric) AND (ss_wholesale_cost <= 34::numeric))))
                                                               ->  Append-only Columnar Scan on store_sales_1_prt_39  (cost=0.00..2836732.12 rows=723998 width=6)
                                                                     Filter: ((ss_quantity >= 0) AND (ss_quantity <= 5) AND (((ss_list_price >= 11::numeric) AND (ss_list_price <= 21::numeric)) OR ((ss_coupon_amt >= 460::numeric) AND (ss_coupon_amt <= 1460::numeric)) OR ((ss_wholesale_cost >= 14::numeric) AND (ss_wholesale_cost <= 34::numeric))))
                                                               ->  Append-only Columnar Scan on store_sales_1_prt_40  (cost=0.00..2836757.12 rows=727239 width=6)
                                                                     Filter: ((ss_quantity >= 0) AND (ss_quantity <= 5) AND (((ss_list_price >= 11::numeric) AND (ss_list_price <= 21::numeric)) OR ((ss_coupon_amt >= 460::numeric) AND (ss_coupon_amt <= 1460::numeric)) OR ((ss_wholesale_cost >= 14::numeric) AND (ss_wholesale_cost <= 34::numeric))))
                                                               ->  Append-only Columnar Scan on store_sales_1_prt_41  (cost=0.00..1183326.00 rows=320890 width=6)
                                                                     Filter: ((ss_quantity >= 0) AND (ss_quantity <= 5) AND (((ss_list_price >= 11::numeric) AND (ss_list_price <= 21::numeric)) OR ((ss_coupon_amt >= 460::numeric) AND (ss_coupon_amt <= 1460::numeric)) OR ((ss_wholesale_cost >= 14::numeric) AND (ss_wholesale_cost <= 34::numeric))))
                                                               ->  Append-only Columnar Scan on store_sales_1_prt_42  (cost=0.00..824305.00 rows=219009 width=6)
                                                                     Filter: ((ss_quantity >= 0) AND (ss_quantity <= 5) AND (((ss_list_price >= 11::numeric) AND (ss_list_price <= 21::numeric)) OR ((ss_coupon_amt >= 460::numeric) AND (ss_coupon_amt <= 1460::numeric)) OR ((ss_wholesale_cost >= 14::numeric) AND (ss_wholesale_cost <= 34::numeric))))
                                                               ->  Append-only Columnar Scan on store_sales_1_prt_43  (cost=0.00..795024.00 rows=203170 width=6)
                                                                     Filter: ((ss_quantity >= 0) AND (ss_quantity <= 5) AND (((ss_list_price >= 11::numeric) AND (ss_list_price <= 21::numeric)) OR ((ss_coupon_amt >= 460::numeric) AND (ss_coupon_amt <= 1460::numeric)) OR ((ss_wholesale_cost >= 14::numeric) AND (ss_wholesale_cost <= 34::numeric))))
                                                               ->  Append-only Columnar Scan on store_sales_1_prt_44  (cost=0.00..823443.00 rows=207836 width=6)
                                                                     Filter: ((ss_quantity >= 0) AND (ss_quantity <= 5) AND (((ss_list_price >= 11::numeric) AND (ss_list_price <= 21::numeric)) OR ((ss_coupon_amt >= 460::numeric) AND (ss_coupon_amt <= 1460::numeric)) OR ((ss_wholesale_cost >= 14::numeric) AND (ss_wholesale_cost <= 34::numeric))))
                                                               ->  Append-only Columnar Scan on store_sales_1_prt_45  (cost=0.00..823709.00 rows=207888 width=6)
                                                                     Filter: ((ss_quantity >= 0) AND (ss_quantity <= 5) AND (((ss_list_price >= 11::numeric) AND (ss_list_price <= 21::numeric)) OR ((ss_coupon_amt >= 460::numeric) AND (ss_coupon_amt <= 1460::numeric)) OR ((ss_wholesale_cost >= 14::numeric) AND (ss_wholesale_cost <= 34::numeric))))
                                                               ->  Append-only Columnar Scan on store_sales_1_prt_46  (cost=0.00..824465.00 rows=210094 width=6)
                                                                     Filter: ((ss_quantity >= 0) AND (ss_quantity <= 5) AND (((ss_list_price >= 11::numeric) AND (ss_list_price <= 21::numeric)) OR ((ss_coupon_amt >= 460::numeric) AND (ss_coupon_amt <= 1460::numeric)) OR ((ss_wholesale_cost >= 14::numeric) AND (ss_wholesale_cost <= 34::numeric))))
                                                               ->  Append-only Columnar Scan on store_sales_1_prt_47  (cost=0.00..822710.00 rows=212118 width=6)
                                                                     Filter: ((ss_quantity >= 0) AND (ss_quantity <= 5) AND (((ss_list_price >= 11::numeric) AND (ss_list_price <= 21::numeric)) OR ((ss_coupon_amt >= 460::numeric) AND (ss_coupon_amt <= 1460::numeric)) OR ((ss_wholesale_cost >= 14::numeric) AND (ss_wholesale_cost <= 34::numeric))))
                                                               ->  Append-only Columnar Scan on store_sales_1_prt_48  (cost=0.00..1049885.00 rows=276219 width=6)
                                                                     Filter: ((ss_quantity >= 0) AND (ss_quantity <= 5) AND (((ss_list_price >= 11::numeric) AND (ss_list_price <= 21::numeric)) OR ((ss_coupon_amt >= 460::numeric) AND (ss_coupon_amt <= 1460::numeric)) OR ((ss_wholesale_cost >= 14::numeric) AND (ss_wholesale_cost <= 34::numeric))))
                                                               ->  Append-only Columnar Scan on store_sales_1_prt_49  (cost=0.00..1877504.00 rows=495694 width=6)
                                                                     Filter: ((ss_quantity >= 0) AND (ss_quantity <= 5) AND (((ss_list_price >= 11::numeric) AND (ss_list_price <= 21::numeric)) OR ((ss_coupon_amt >= 460::numeric) AND (ss_coupon_amt <= 1460::numeric)) OR ((ss_wholesale_cost >= 14::numeric) AND (ss_wholesale_cost <= 34::numeric))))
                                                               ->  Append-only Columnar Scan on store_sales_1_prt_50  (cost=0.00..1876541.00 rows=472310 width=6)
                                                                     Filter: ((ss_quantity >= 0) AND (ss_quantity <= 5) AND (((ss_list_price >= 11::numeric) AND (ss_list_price <= 21::numeric)) OR ((ss_coupon_amt >= 460::numeric) AND (ss_coupon_amt <= 1460::numeric)) OR ((ss_wholesale_cost >= 14::numeric) AND (ss_wholesale_cost <= 34::numeric))))
                                                               ->  Append-only Columnar Scan on store_sales_1_prt_51  (cost=0.00..1876610.00 rows=466892 width=6)
                                                                     Filter: ((ss_quantity >= 0) AND (ss_quantity <= 5) AND (((ss_list_price >= 11::numeric) AND (ss_list_price <= 21::numeric)) OR ((ss_coupon_amt >= 460::numeric) AND (ss_coupon_amt <= 1460::numeric)) OR ((ss_wholesale_cost >= 14::numeric) AND (ss_wholesale_cost <= 34::numeric))))
                                                               ->  Append-only Columnar Scan on store_sales_1_prt_52  (cost=0.00..2769970.00 rows=708565 width=6)
                                                                     Filter: ((ss_quantity >= 0) AND (ss_quantity <= 5) AND (((ss_list_price >= 11::numeric) AND (ss_list_price <= 21::numeric)) OR ((ss_coupon_amt >= 460::numeric) AND (ss_coupon_amt <= 1460::numeric)) OR ((ss_wholesale_cost >= 14::numeric) AND (ss_wholesale_cost <= 34::numeric))))
                                                               ->  Append-only Columnar Scan on store_sales_1_prt_53  (cost=0.00..2842711.88 rows=728121 width=6)
                                                                     Filter: ((ss_quantity >= 0) AND (ss_quantity <= 5) AND (((ss_list_price >= 11::numeric) AND (ss_list_price <= 21::numeric)) OR ((ss_coupon_amt >= 460::numeric) AND (ss_coupon_amt <= 1460::numeric)) OR ((ss_wholesale_cost >= 14::numeric) AND (ss_wholesale_cost <= 34::numeric))))
                                                               ->  Append-only Columnar Scan on store_sales_1_prt_54  (cost=0.00..1359885.00 rows=347751 width=6)
                                                                     Filter: ((ss_quantity >= 0) AND (ss_quantity <= 5) AND (((ss_list_price >= 11::numeric) AND (ss_list_price <= 21::numeric)) OR ((ss_coupon_amt >= 460::numeric) AND (ss_coupon_amt <= 1460::numeric)) OR ((ss_wholesale_cost >= 14::numeric) AND (ss_wholesale_cost <= 34::numeric))))
                                                               ->  Append-only Columnar Scan on store_sales_1_prt_55  (cost=0.00..824856.00 rows=218625 width=6)
                                                                     Filter: ((ss_quantity >= 0) AND (ss_quantity <= 5) AND (((ss_list_price >= 11::numeric) AND (ss_list_price <= 21::numeric)) OR ((ss_coupon_amt >= 460::numeric) AND (ss_coupon_amt <= 1460::numeric)) OR ((ss_wholesale_cost >= 14::numeric) AND (ss_wholesale_cost <= 34::numeric))))
                                                               ->  Append-only Columnar Scan on store_sales_1_prt_56  (cost=0.00..794658.00 rows=203326 width=6)
                                                                     Filter: ((ss_quantity >= 0) AND (ss_quantity <= 5) AND (((ss_list_price >= 11::numeric) AND (ss_list_price <= 21::numeric)) OR ((ss_coupon_amt >= 460::numeric) AND (ss_coupon_amt <= 1460::numeric)) OR ((ss_wholesale_cost >= 14::numeric) AND (ss_wholesale_cost <= 34::numeric))))
                                                               ->  Append-only Columnar Scan on store_sales_1_prt_57  (cost=0.00..824278.00 rows=222937 width=6)
                                                                     Filter: ((ss_quantity >= 0) AND (ss_quantity <= 5) AND (((ss_list_price >= 11::numeric) AND (ss_list_price <= 21::numeric)) OR ((ss_coupon_amt >= 460::numeric) AND (ss_coupon_amt <= 1460::numeric)) OR ((ss_wholesale_cost >= 14::numeric) AND (ss_wholesale_cost <= 34::numeric))))
                                                               ->  Append-only Columnar Scan on store_sales_1_prt_58  (cost=0.00..823447.00 rows=212947 width=6)
                                                                     Filter: ((ss_quantity >= 0) AND (ss_quantity <= 5) AND (((ss_list_price >= 11::numeric) AND (ss_list_price <= 21::numeric)) OR ((ss_coupon_amt >= 460::numeric) AND (ss_coupon_amt <= 1460::numeric)) OR ((ss_wholesale_cost >= 14::numeric) AND (ss_wholesale_cost <= 34::numeric))))
                                                               ->  Append-only Columnar Scan on store_sales_1_prt_59  (cost=0.00..824350.00 rows=212565 width=6)
                                                                     Filter: ((ss_quantity >= 0) AND (ss_quantity <= 5) AND (((ss_list_price >= 11::numeric) AND (ss_list_price <= 21::numeric)) OR ((ss_coupon_amt >= 460::numeric) AND (ss_coupon_amt <= 1460::numeric)) OR ((ss_wholesale_cost >= 14::numeric) AND (ss_wholesale_cost <= 34::numeric))))
                                                               ->  Append-only Columnar Scan on store_sales_1_prt_60  (cost=0.00..824092.00 rows=214635 width=6)
                                                                     Filter: ((ss_quantity >= 0) AND (ss_quantity <= 5) AND (((ss_list_price >= 11::numeric) AND (ss_list_price <= 21::numeric)) OR ((ss_coupon_amt >= 460::numeric) AND (ss_coupon_amt <= 1460::numeric)) OR ((ss_wholesale_cost >= 14::numeric) AND (ss_wholesale_cost <= 34::numeric))))
                                                               ->  Append-only Columnar Scan on store_sales_1_prt_61  (cost=0.00..1011520.00 rows=268602 width=6)
                                                                     Filter: ((ss_quantity >= 0) AND (ss_quantity <= 5) AND (((ss_list_price >= 11::numeric) AND (ss_list_price <= 21::numeric)) OR ((ss_coupon_amt >= 460::numeric) AND (ss_coupon_amt <= 1460::numeric)) OR ((ss_wholesale_cost >= 14::numeric) AND (ss_wholesale_cost <= 34::numeric))))
                                                               ->  Append-only Columnar Scan on store_sales_1_prt_62  (cost=0.00..1875423.00 rows=479730 width=6)
                                                                     Filter: ((ss_quantity >= 0) AND (ss_quantity <= 5) AND (((ss_list_price >= 11::numeric) AND (ss_list_price <= 21::numeric)) OR ((ss_coupon_amt >= 460::numeric) AND (ss_coupon_amt <= 1460::numeric)) OR ((ss_wholesale_cost >= 14::numeric) AND (ss_wholesale_cost <= 34::numeric))))
                                                               ->  Append-only Columnar Scan on store_sales_1_prt_63  (cost=0.00..1876566.00 rows=493086 width=6)
                                                                     Filter: ((ss_quantity >= 0) AND (ss_quantity <= 5) AND (((ss_list_price >= 11::numeric) AND (ss_list_price <= 21::numeric)) OR ((ss_coupon_amt >= 460::numeric) AND (ss_coupon_amt <= 1460::numeric)) OR ((ss_wholesale_cost >= 14::numeric) AND (ss_wholesale_cost <= 34::numeric))))
                                                               ->  Append-only Columnar Scan on store_sales_1_prt_64  (cost=0.00..1876492.00 rows=466648 width=6)
                                                                     Filter: ((ss_quantity >= 0) AND (ss_quantity <= 5) AND (((ss_list_price >= 11::numeric) AND (ss_list_price <= 21::numeric)) OR ((ss_coupon_amt >= 460::numeric) AND (ss_coupon_amt <= 1460::numeric)) OR ((ss_wholesale_cost >= 14::numeric) AND (ss_wholesale_cost <= 34::numeric))))
                                                               ->  Append-only Columnar Scan on store_sales_1_prt_65  (cost=0.00..2737216.88 rows=688114 width=6)
                                                                     Filter: ((ss_quantity >= 0) AND (ss_quantity <= 5) AND (((ss_list_price >= 11::numeric) AND (ss_list_price <= 21::numeric)) OR ((ss_coupon_amt >= 460::numeric) AND (ss_coupon_amt <= 1460::numeric)) OR ((ss_wholesale_cost >= 14::numeric) AND (ss_wholesale_cost <= 34::numeric))))
                                                               ->  Append-only Columnar Scan on store_sales_1_prt_66  (cost=0.00..2840279.88 rows=738639 width=6)
                                                                     Filter: ((ss_quantity >= 0) AND (ss_quantity <= 5) AND (((ss_list_price >= 11::numeric) AND (ss_list_price <= 21::numeric)) OR ((ss_coupon_amt >= 460::numeric) AND (ss_coupon_amt <= 1460::numeric)) OR ((ss_wholesale_cost >= 14::numeric) AND (ss_wholesale_cost <= 34::numeric))))
                                                               ->  Append-only Columnar Scan on store_sales_1_prt_67  (cost=0.00..811471.00 rows=209195 width=6)
                                                                     Filter: ((ss_quantity >= 0) AND (ss_quantity <= 5) AND (((ss_list_price >= 11::numeric) AND (ss_list_price <= 21::numeric)) OR ((ss_coupon_amt >= 460::numeric) AND (ss_coupon_amt <= 1460::numeric)) OR ((ss_wholesale_cost >= 14::numeric) AND (ss_wholesale_cost <= 34::numeric))))
                                                               ->  Append-only Columnar Scan on store_sales_1_prt_68  (cost=0.00..1.00 rows=1 width=14)
                                                                     Filter: ((ss_quantity >= 0) AND (ss_quantity <= 5) AND (((ss_list_price >= 11::numeric) AND (ss_list_price <= 21::numeric)) OR ((ss_coupon_amt >= 460::numeric) AND (ss_coupon_amt <= 1460::numeric)) OR ((ss_wholesale_cost >= 14::numeric) AND (ss_wholesale_cost <= 34::numeric))))
                                                               ->  Append-only Columnar Scan on store_sales_1_prt_69  (cost=0.00..1.00 rows=1 width=14)
                                                                     Filter: ((ss_quantity >= 0) AND (ss_quantity <= 5) AND (((ss_list_price >= 11::numeric) AND (ss_list_price <= 21::numeric)) OR ((ss_coupon_amt >= 460::numeric) AND (ss_coupon_amt <= 1460::numeric)) OR ((ss_wholesale_cost >= 14::numeric) AND (ss_wholesale_cost <= 34::numeric))))
                                                               ->  Append-only Columnar Scan on store_sales_1_prt_70  (cost=0.00..1.00 rows=1 width=14)
                                                                     Filter: ((ss_quantity >= 0) AND (ss_quantity <= 5) AND (((ss_list_price >= 11::numeric) AND (ss_list_price <= 21::numeric)) OR ((ss_coupon_amt >= 460::numeric) AND (ss_coupon_amt <= 1460::numeric)) OR ((ss_wholesale_cost >= 14::numeric) AND (ss_wholesale_cost <= 34::numeric))))
                                                               ->  Append-only Columnar Scan on store_sales_1_prt_71  (cost=0.00..1.00 rows=1 width=14)
                                                                     Filter: ((ss_quantity >= 0) AND (ss_quantity <= 5) AND (((ss_list_price >= 11::numeric) AND (ss_list_price <= 21::numeric)) OR ((ss_coupon_amt >= 460::numeric) AND (ss_coupon_amt <= 1460::numeric)) OR ((ss_wholesale_cost >= 14::numeric) AND (ss_wholesale_cost <= 34::numeric))))
                                                               ->  Append-only Columnar Scan on store_sales_1_prt_72  (cost=0.00..1.00 rows=1 width=14)
                                                                     Filter: ((ss_quantity >= 0) AND (ss_quantity <= 5) AND (((ss_list_price >= 11::numeric) AND (ss_list_price <= 21::numeric)) OR ((ss_coupon_amt >= 460::numeric) AND (ss_coupon_amt <= 1460::numeric)) OR ((ss_wholesale_cost >= 14::numeric) AND (ss_wholesale_cost <= 34::numeric))))
                                                               ->  Append-only Columnar Scan on store_sales_1_prt_73  (cost=0.00..1.00 rows=1 width=14)
                                                                     Filter: ((ss_quantity >= 0) AND (ss_quantity <= 5) AND (((ss_list_price >= 11::numeric) AND (ss_list_price <= 21::numeric)) OR ((ss_coupon_amt >= 460::numeric) AND (ss_coupon_amt <= 1460::numeric)) OR ((ss_wholesale_cost >= 14::numeric) AND (ss_wholesale_cost <= 34::numeric))))
                                                               ->  Append-only Columnar Scan on store_sales_1_prt_74  (cost=0.00..1.00 rows=1 width=14)
                                                                     Filter: ((ss_quantity >= 0) AND (ss_quantity <= 5) AND (((ss_list_price >= 11::numeric) AND (ss_list_price <= 21::numeric)) OR ((ss_coupon_amt >= 460::numeric) AND (ss_coupon_amt <= 1460::numeric)) OR ((ss_wholesale_cost >= 14::numeric) AND (ss_wholesale_cost <= 34::numeric))))
                                                               ->  Append-only Columnar Scan on store_sales_1_prt_75  (cost=0.00..1.00 rows=1 width=14)
                                                                     Filter: ((ss_quantity >= 0) AND (ss_quantity <= 5) AND (((ss_list_price >= 11::numeric) AND (ss_list_price <= 21::numeric)) OR ((ss_coupon_amt >= 460::numeric) AND (ss_coupon_amt <= 1460::numeric)) OR ((ss_wholesale_cost >= 14::numeric) AND (ss_wholesale_cost <= 34::numeric))))
                                                               ->  Append-only Columnar Scan on store_sales_1_prt_76  (cost=0.00..1.00 rows=1 width=14)
                                                                     Filter: ((ss_quantity >= 0) AND (ss_quantity <= 5) AND (((ss_list_price >= 11::numeric) AND (ss_list_price <= 21::numeric)) OR ((ss_coupon_amt >= 460::numeric) AND (ss_coupon_amt <= 1460::numeric)) OR ((ss_wholesale_cost >= 14::numeric) AND (ss_wholesale_cost <= 34::numeric))))
                                                               ->  Append-only Columnar Scan on store_sales_1_prt_77  (cost=0.00..1.00 rows=1 width=14)
                                                                     Filter: ((ss_quantity >= 0) AND (ss_quantity <= 5) AND (((ss_list_price >= 11::numeric) AND (ss_list_price <= 21::numeric)) OR ((ss_coupon_amt >= 460::numeric) AND (ss_coupon_amt <= 1460::numeric)) OR ((ss_wholesale_cost >= 14::numeric) AND (ss_wholesale_cost <= 34::numeric))))
                                                               ->  Append-only Columnar Scan on store_sales_1_prt_78  (cost=0.00..1.00 rows=1 width=14)
                                                                     Filter: ((ss_quantity >= 0) AND (ss_quantity <= 5) AND (((ss_list_price >= 11::numeric) AND (ss_list_price <= 21::numeric)) OR ((ss_coupon_amt >= 460::numeric) AND (ss_coupon_amt <= 1460::numeric)) OR ((ss_wholesale_cost >= 14::numeric) AND (ss_wholesale_cost <= 34::numeric))))
                                                               ->  Append-only Columnar Scan on store_sales_1_prt_79  (cost=0.00..1.00 rows=1 width=14)
                                                                     Filter: ((ss_quantity >= 0) AND (ss_quantity <= 5) AND (((ss_list_price >= 11::numeric) AND (ss_list_price <= 21::numeric)) OR ((ss_coupon_amt >= 460::numeric) AND (ss_coupon_amt <= 1460::numeric)) OR ((ss_wholesale_cost >= 14::numeric) AND (ss_wholesale_cost <= 34::numeric))))
                                                               ->  Append-only Columnar Scan on store_sales_1_prt_80  (cost=0.00..1.00 rows=1 width=14)
                                                                     Filter: ((ss_quantity >= 0) AND (ss_quantity <= 5) AND (((ss_list_price >= 11::numeric) AND (ss_list_price <= 21::numeric)) OR ((ss_coupon_amt >= 460::numeric) AND (ss_coupon_amt <= 1460::numeric)) OR ((ss_wholesale_cost >= 14::numeric) AND (ss_wholesale_cost <= 34::numeric))))
                                 ->  Materialize  (cost=99065480.53..99065480.56 rows=1 width=48)
                                       ->  Aggregate  (cost=99065480.53..99065480.54 rows=1 width=48)
                                             ->  Gather Motion 3:1  (slice4; segments: 3)  (cost=99065480.46..99065480.51 rows=1 width=48)
                                                   ->  Aggregate  (cost=99065480.46..99065480.47 rows=1 width=48)
                                                         ->  Redistribute Motion 3:3  (slice3; segments: 3)  (cost=0.00..98536096.48 rows=23528177 width=6)
                                                               Hash Key: store_sales_1_prt_outliers_1.ss_list_price
                                                               ->  Append  (cost=0.00..97124405.88 rows=23528177 width=6)
                                                                     ->  Append-only Columnar Scan on store_sales_1_prt_outliers store_sales_1_prt_outliers_1  (cost=0.00..4160635.00 rows=394555 width=6)
                                                                           Filter: ((ss_quantity >= 6) AND (ss_quantity <= 10) AND (((ss_list_price >= 91::numeric) AND (ss_list_price <= 101::numeric)) OR ((ss_coupon_amt >= 1430::numeric) AND (ss_coupon_amt <= 2430::numeric)) OR ((ss_wholesale_cost >= 32::numeric) AND (ss_wholesale_cost <= 52::numeric))))
                                                                     ->  Append-only Columnar Scan on store_sales_1_prt_2 store_sales_1_prt_2_1  (cost=0.00..795003.00 rows=201829 width=6)
                                                                           Filter: ((ss_quantity >= 6) AND (ss_quantity <= 10) AND (((ss_list_price >= 91::numeric) AND (ss_list_price <= 101::numeric)) OR ((ss_coupon_amt >= 1430::numeric) AND (ss_coupon_amt <= 2430::numeric)) OR ((ss_wholesale_cost >= 32::numeric) AND (ss_wholesale_cost <= 52::numeric))))
                                                                     ->  Append-only Columnar Scan on store_sales_1_prt_3 store_sales_1_prt_3_1  (cost=0.00..823459.00 rows=205732 width=6)
                                                                           Filter: ((ss_quantity >= 6) AND (ss_quantity <= 10) AND (((ss_list_price >= 91::numeric) AND (ss_list_price <= 101::numeric)) OR ((ss_coupon_amt >= 1430::numeric) AND (ss_coupon_amt <= 2430::numeric)) OR ((ss_wholesale_cost >= 32::numeric) AND (ss_wholesale_cost <= 52::numeric))))
                                                                     ->  Append-only Columnar Scan on store_sales_1_prt_4 store_sales_1_prt_4_1  (cost=0.00..794480.00 rows=190728 width=6)
                                                                           Filter: ((ss_quantity >= 6) AND (ss_quantity <= 10) AND (((ss_list_price >= 91::numeric) AND (ss_list_price <= 101::numeric)) OR ((ss_coupon_amt >= 1430::numeric) AND (ss_coupon_amt <= 2430::numeric)) OR ((ss_wholesale_cost >= 32::numeric) AND (ss_wholesale_cost <= 52::numeric))))
                                                                     ->  Append-only Columnar Scan on store_sales_1_prt_5 store_sales_1_prt_5_1  (cost=0.00..823865.00 rows=208575 width=6)
                                                                           Filter: ((ss_quantity >= 6) AND (ss_quantity <= 10) AND (((ss_list_price >= 91::numeric) AND (ss_list_price <= 101::numeric)) OR ((ss_coupon_amt >= 1430::numeric) AND (ss_coupon_amt <= 2430::numeric)) OR ((ss_wholesale_cost >= 32::numeric) AND (ss_wholesale_cost <= 52::numeric))))
                                                                     ->  Append-only Columnar Scan on store_sales_1_prt_6 store_sales_1_prt_6_1  (cost=0.00..823965.00 rows=206963 width=6)
                                                                           Filter: ((ss_quantity >= 6) AND (ss_quantity <= 10) AND (((ss_list_price >= 91::numeric) AND (ss_list_price <= 101::numeric)) OR ((ss_coupon_amt >= 1430::numeric) AND (ss_coupon_amt <= 2430::numeric)) OR ((ss_wholesale_cost >= 32::numeric) AND (ss_wholesale_cost <= 52::numeric))))
                                                                     ->  Append-only Columnar Scan on store_sales_1_prt_7 store_sales_1_prt_7_1  (cost=0.00..824047.00 rows=204009 width=6)
                                                                           Filter: ((ss_quantity >= 6) AND (ss_quantity <= 10) AND (((ss_list_price >= 91::numeric) AND (ss_list_price <= 101::numeric)) OR ((ss_coupon_amt >= 1430::numeric) AND (ss_coupon_amt <= 2430::numeric)) OR ((ss_wholesale_cost >= 32::numeric) AND (ss_wholesale_cost <= 52::numeric))))
                                                                     ->  Append-only Columnar Scan on store_sales_1_prt_8 store_sales_1_prt_8_1  (cost=0.00..823076.00 rows=197917 width=6)
                                                                           Filter: ((ss_quantity >= 6) AND (ss_quantity <= 10) AND (((ss_list_price >= 91::numeric) AND (ss_list_price <= 101::numeric)) OR ((ss_coupon_amt >= 1430::numeric) AND (ss_coupon_amt <= 2430::numeric)) OR ((ss_wholesale_cost >= 32::numeric) AND (ss_wholesale_cost <= 52::numeric))))
                                                                     ->  Append-only Columnar Scan on store_sales_1_prt_9 store_sales_1_prt_9_1  (cost=0.00..1199494.00 rows=288627 width=6)
                                                                           Filter: ((ss_quantity >= 6) AND (ss_quantity <= 10) AND (((ss_list_price >= 91::numeric) AND (ss_list_price <= 101::numeric)) OR ((ss_coupon_amt >= 1430::numeric) AND (ss_coupon_amt <= 2430::numeric)) OR ((ss_wholesale_cost >= 32::numeric) AND (ss_wholesale_cost <= 52::numeric))))
                                                                     ->  Append-only Columnar Scan on store_sales_1_prt_10 store_sales_1_prt_10_1  (cost=0.00..1874846.00 rows=470873 width=6)
                                                                           Filter: ((ss_quantity >= 6) AND (ss_quantity <= 10) AND (((ss_list_price >= 91::numeric) AND (ss_list_price <= 101::numeric)) OR ((ss_coupon_amt >= 1430::numeric) AND (ss_coupon_amt <= 2430::numeric)) OR ((ss_wholesale_cost >= 32::numeric) AND (ss_wholesale_cost <= 52::numeric))))
                                                                     ->  Append-only Columnar Scan on store_sales_1_prt_11 store_sales_1_prt_11_1  (cost=0.00..1876812.00 rows=446765 width=6)
                                                                           Filter: ((ss_quantity >= 6) AND (ss_quantity <= 10) AND (((ss_list_price >= 91::numeric) AND (ss_list_price <= 101::numeric)) OR ((ss_coupon_amt >= 1430::numeric) AND (ss_coupon_amt <= 2430::numeric)) OR ((ss_wholesale_cost >= 32::numeric) AND (ss_wholesale_cost <= 52::numeric))))
                                                                     ->  Append-only Columnar Scan on store_sales_1_prt_12 store_sales_1_prt_12_1  (cost=0.00..1944629.00 rows=459803 width=6)
                                                                           Filter: ((ss_quantity >= 6) AND (ss_quantity <= 10) AND (((ss_list_price >= 91::numeric) AND (ss_list_price <= 101::numeric)) OR ((ss_coupon_amt >= 1430::numeric) AND (ss_coupon_amt <= 2430::numeric)) OR ((ss_wholesale_cost >= 32::numeric) AND (ss_wholesale_cost <= 52::numeric))))
                                                                     ->  Append-only Columnar Scan on store_sales_1_prt_13 store_sales_1_prt_13_1  (cost=0.00..2840696.00 rows=715599 width=6)
                                                                           Filter: ((ss_quantity >= 6) AND (ss_quantity <= 10) AND (((ss_list_price >= 91::numeric) AND (ss_list_price <= 101::numeric)) OR ((ss_coupon_amt >= 1430::numeric) AND (ss_coupon_amt <= 2430::numeric)) OR ((ss_wholesale_cost >= 32::numeric) AND (ss_wholesale_cost <= 52::numeric))))
                                                                     ->  Append-only Columnar Scan on store_sales_1_prt_14 store_sales_1_prt_14_1  (cost=0.00..2842993.00 rows=701087 width=6)
                                                                           Filter: ((ss_quantity >= 6) AND (ss_quantity <= 10) AND (((ss_list_price >= 91::numeric) AND (ss_list_price <= 101::numeric)) OR ((ss_coupon_amt >= 1430::numeric) AND (ss_coupon_amt <= 2430::numeric)) OR ((ss_wholesale_cost >= 32::numeric) AND (ss_wholesale_cost <= 52::numeric))))
                                                                     ->  Append-only Columnar Scan on store_sales_1_prt_15 store_sales_1_prt_15_1  (cost=0.00..1069612.00 rows=274561 width=6)
                                                                           Filter: ((ss_quantity >= 6) AND (ss_quantity <= 10) AND (((ss_list_price >= 91::numeric) AND (ss_list_price <= 101::numeric)) OR ((ss_coupon_amt >= 1430::numeric) AND (ss_coupon_amt <= 2430::numeric)) OR ((ss_wholesale_cost >= 32::numeric) AND (ss_wholesale_cost <= 52::numeric))))
                                                                     ->  Append-only Columnar Scan on store_sales_1_prt_16 store_sales_1_prt_16_1  (cost=0.00..824105.00 rows=205951 width=6)
                                                                           Filter: ((ss_quantity >= 6) AND (ss_quantity <= 10) AND (((ss_list_price >= 91::numeric) AND (ss_list_price <= 101::numeric)) OR ((ss_coupon_amt >= 1430::numeric) AND (ss_coupon_amt <= 2430::numeric)) OR ((ss_wholesale_cost >= 32::numeric) AND (ss_wholesale_cost <= 52::numeric))))
                                                                     ->  Append-only Columnar Scan on store_sales_1_prt_17 store_sales_1_prt_17_1  (cost=0.00..795276.00 rows=201540 width=6)
                                                                           Filter: ((ss_quantity >= 6) AND (ss_quantity <= 10) AND (((ss_list_price >= 91::numeric) AND (ss_list_price <= 101::numeric)) OR ((ss_coupon_amt >= 1430::numeric) AND (ss_coupon_amt <= 2430::numeric)) OR ((ss_wholesale_cost >= 32::numeric) AND (ss_wholesale_cost <= 52::numeric))))
                                                                     ->  Append-only Columnar Scan on store_sales_1_prt_18 store_sales_1_prt_18_1  (cost=0.00..824379.00 rows=203443 width=6)
                                                                           Filter: ((ss_quantity >= 6) AND (ss_quantity <= 10) AND (((ss_list_price >= 91::numeric) AND (ss_list_price <= 101::numeric)) OR ((ss_coupon_amt >= 1430::numeric) AND (ss_coupon_amt <= 2430::numeric)) OR ((ss_wholesale_cost >= 32::numeric) AND (ss_wholesale_cost <= 52::numeric))))
                                                                     ->  Append-only Columnar Scan on store_sales_1_prt_19 store_sales_1_prt_19_1  (cost=0.00..823315.00 rows=211032 width=6)
                                                                           Filter: ((ss_quantity >= 6) AND (ss_quantity <= 10) AND (((ss_list_price >= 91::numeric) AND (ss_list_price <= 101::numeric)) OR ((ss_coupon_amt >= 1430::numeric) AND (ss_coupon_amt <= 2430::numeric)) OR ((ss_wholesale_cost >= 32::numeric) AND (ss_wholesale_cost <= 52::numeric))))
                                                                     ->  Append-only Columnar Scan on store_sales_1_prt_20 store_sales_1_prt_20_1  (cost=0.00..824738.00 rows=199871 width=6)
                                                                           Filter: ((ss_quantity >= 6) AND (ss_quantity <= 10) AND (((ss_list_price >= 91::numeric) AND (ss_list_price <= 101::numeric)) OR ((ss_coupon_amt >= 1430::numeric) AND (ss_coupon_amt <= 2430::numeric)) OR ((ss_wholesale_cost >= 32::numeric) AND (ss_wholesale_cost <= 52::numeric))))
                                                                     ->  Append-only Columnar Scan on store_sales_1_prt_21 store_sales_1_prt_21_1  (cost=0.00..823402.00 rows=216015 width=6)
                                                                           Filter: ((ss_quantity >= 6) AND (ss_quantity <= 10) AND (((ss_list_price >= 91::numeric) AND (ss_list_price <= 101::numeric)) OR ((ss_coupon_amt >= 1430::numeric) AND (ss_coupon_amt <= 2430::numeric)) OR ((ss_wholesale_cost >= 32::numeric) AND (ss_wholesale_cost <= 52::numeric))))
                                                                     ->  Append-only Columnar Scan on store_sales_1_prt_22 store_sales_1_prt_22_1  (cost=0.00..1161760.00 rows=281422 width=6)
                                                                           Filter: ((ss_quantity >= 6) AND (ss_quantity <= 10) AND (((ss_list_price >= 91::numeric) AND (ss_list_price <= 101::numeric)) OR ((ss_coupon_amt >= 1430::numeric) AND (ss_coupon_amt <= 2430::numeric)) OR ((ss_wholesale_cost >= 32::numeric) AND (ss_wholesale_cost <= 52::numeric))))
                                                                     ->  Append-only Columnar Scan on store_sales_1_prt_23 store_sales_1_prt_23_1  (cost=0.00..1876338.00 rows=472414 width=6)
                                                                           Filter: ((ss_quantity >= 6) AND (ss_quantity <= 10) AND (((ss_list_price >= 91::numeric) AND (ss_list_price <= 101::numeric)) OR ((ss_coupon_amt >= 1430::numeric) AND (ss_coupon_amt <= 2430::numeric)) OR ((ss_wholesale_cost >= 32::numeric) AND (ss_wholesale_cost <= 52::numeric))))
                                                                     ->  Append-only Columnar Scan on store_sales_1_prt_24 store_sales_1_prt_24_1  (cost=0.00..1875595.00 rows=480152 width=6)
                                                                           Filter: ((ss_quantity >= 6) AND (ss_quantity <= 10) AND (((ss_list_price >= 91::numeric) AND (ss_list_price <= 101::numeric)) OR ((ss_coupon_amt >= 1430::numeric) AND (ss_coupon_amt <= 2430::numeric)) OR ((ss_wholesale_cost >= 32::numeric) AND (ss_wholesale_cost <= 52::numeric))))
                                                                     ->  Append-only Columnar Scan on store_sales_1_prt_25 store_sales_1_prt_25_1  (cost=0.00..1909053.00 rows=481454 width=6)
                                                                           Filter: ((ss_quantity >= 6) AND (ss_quantity <= 10) AND (((ss_list_price >= 91::numeric) AND (ss_list_price <= 101::numeric)) OR ((ss_coupon_amt >= 1430::numeric) AND (ss_coupon_amt <= 2430::numeric)) OR ((ss_wholesale_cost >= 32::numeric) AND (ss_wholesale_cost <= 52::numeric))))
                                                                     ->  Append-only Columnar Scan on store_sales_1_prt_26 store_sales_1_prt_26_1  (cost=0.00..2843200.00 rows=690196 width=6)
                                                                           Filter: ((ss_quantity >= 6) AND (ss_quantity <= 10) AND (((ss_list_price >= 91::numeric) AND (ss_list_price <= 101::numeric)) OR ((ss_coupon_amt >= 1430::numeric) AND (ss_coupon_amt <= 2430::numeric)) OR ((ss_wholesale_cost >= 32::numeric) AND (ss_wholesale_cost <= 52::numeric))))
                                                                     ->  Append-only Columnar Scan on store_sales_1_prt_27 store_sales_1_prt_27_1  (cost=0.00..2841374.00 rows=695078 width=6)
                                                                           Filter: ((ss_quantity >= 6) AND (ss_quantity <= 10) AND (((ss_list_price >= 91::numeric) AND (ss_list_price <= 101::numeric)) OR ((ss_coupon_amt >= 1430::numeric) AND (ss_coupon_amt <= 2430::numeric)) OR ((ss_wholesale_cost >= 32::numeric) AND (ss_wholesale_cost <= 52::numeric))))
                                                                     ->  Append-only Columnar Scan on store_sales_1_prt_28 store_sales_1_prt_28_1  (cost=0.00..1141081.00 rows=292539 width=6)
                                                                           Filter: ((ss_quantity >= 6) AND (ss_quantity <= 10) AND (((ss_list_price >= 91::numeric) AND (ss_list_price <= 101::numeric)) OR ((ss_coupon_amt >= 1430::numeric) AND (ss_coupon_amt <= 2430::numeric)) OR ((ss_wholesale_cost >= 32::numeric) AND (ss_wholesale_cost <= 52::numeric))))
                                                                     ->  Append-only Columnar Scan on store_sales_1_prt_29 store_sales_1_prt_29_1  (cost=0.00..822730.00 rows=207025 width=6)
                                                                           Filter: ((ss_quantity >= 6) AND (ss_quantity <= 10) AND (((ss_list_price >= 91::numeric) AND (ss_list_price <= 101::numeric)) OR ((ss_coupon_amt >= 1430::numeric) AND (ss_coupon_amt <= 2430::numeric)) OR ((ss_wholesale_cost >= 32::numeric) AND (ss_wholesale_cost <= 52::numeric))))
                                                                     ->  Append-only Columnar Scan on store_sales_1_prt_30 store_sales_1_prt_30_1  (cost=0.00..823396.00 rows=203324 width=6)
                                                                           Filter: ((ss_quantity >= 6) AND (ss_quantity <= 10) AND (((ss_list_price >= 91::numeric) AND (ss_list_price <= 101::numeric)) OR ((ss_coupon_amt >= 1430::numeric) AND (ss_coupon_amt <= 2430::numeric)) OR ((ss_wholesale_cost >= 32::numeric) AND (ss_wholesale_cost <= 52::numeric))))
                                                                     ->  Append-only Columnar Scan on store_sales_1_prt_31 store_sales_1_prt_31_1  (cost=0.00..822970.00 rows=208427 width=6)
                                                                           Filter: ((ss_quantity >= 6) AND (ss_quantity <= 10) AND (((ss_list_price >= 91::numeric) AND (ss_list_price <= 101::numeric)) OR ((ss_coupon_amt >= 1430::numeric) AND (ss_coupon_amt <= 2430::numeric)) OR ((ss_wholesale_cost >= 32::numeric) AND (ss_wholesale_cost <= 52::numeric))))
                                                                     ->  Append-only Columnar Scan on store_sales_1_prt_32 store_sales_1_prt_32_1  (cost=0.00..822738.00 rows=206981 width=6)
                                                                           Filter: ((ss_quantity >= 6) AND (ss_quantity <= 10) AND (((ss_list_price >= 91::numeric) AND (ss_list_price <= 101::numeric)) OR ((ss_coupon_amt >= 1430::numeric) AND (ss_coupon_amt <= 2430::numeric)) OR ((ss_wholesale_cost >= 32::numeric) AND (ss_wholesale_cost <= 52::numeric))))
                                                                     ->  Append-only Columnar Scan on store_sales_1_prt_33 store_sales_1_prt_33_1  (cost=0.00..823109.00 rows=208920 width=6)
                                                                           Filter: ((ss_quantity >= 6) AND (ss_quantity <= 10) AND (((ss_list_price >= 91::numeric) AND (ss_list_price <= 101::numeric)) OR ((ss_coupon_amt >= 1430::numeric) AND (ss_coupon_amt <= 2430::numeric)) OR ((ss_wholesale_cost >= 32::numeric) AND (ss_wholesale_cost <= 52::numeric))))
                                                                     ->  Append-only Columnar Scan on store_sales_1_prt_34 store_sales_1_prt_34_1  (cost=0.00..821646.00 rows=205080 width=6)
                                                                           Filter: ((ss_quantity >= 6) AND (ss_quantity <= 10) AND (((ss_list_price >= 91::numeric) AND (ss_list_price <= 101::numeric)) OR ((ss_coupon_amt >= 1430::numeric) AND (ss_coupon_amt <= 2430::numeric)) OR ((ss_wholesale_cost >= 32::numeric) AND (ss_wholesale_cost <= 52::numeric))))
                                                                     ->  Append-only Columnar Scan on store_sales_1_prt_35 store_sales_1_prt_35_1  (cost=0.00..1121711.00 rows=282355 width=6)
                                                                           Filter: ((ss_quantity >= 6) AND (ss_quantity <= 10) AND (((ss_list_price >= 91::numeric) AND (ss_list_price <= 101::numeric)) OR ((ss_coupon_amt >= 1430::numeric) AND (ss_coupon_amt <= 2430::numeric)) OR ((ss_wholesale_cost >= 32::numeric) AND (ss_wholesale_cost <= 52::numeric))))
                                                                     ->  Append-only Columnar Scan on store_sales_1_prt_36 store_sales_1_prt_36_1  (cost=0.00..1872903.00 rows=477304 width=6)
                                                                           Filter: ((ss_quantity >= 6) AND (ss_quantity <= 10) AND (((ss_list_price >= 91::numeric) AND (ss_list_price <= 101::numeric)) OR ((ss_coupon_amt >= 1430::numeric) AND (ss_coupon_amt <= 2430::numeric)) OR ((ss_wholesale_cost >= 32::numeric) AND (ss_wholesale_cost <= 52::numeric))))
                                                                     ->  Append-only Columnar Scan on store_sales_1_prt_37 store_sales_1_prt_37_1  (cost=0.00..1871312.00 rows=467758 width=6)
                                                                           Filter: ((ss_quantity >= 6) AND (ss_quantity <= 10) AND (((ss_list_price >= 91::numeric) AND (ss_list_price <= 101::numeric)) OR ((ss_coupon_amt >= 1430::numeric) AND (ss_coupon_amt <= 2430::numeric)) OR ((ss_wholesale_cost >= 32::numeric) AND (ss_wholesale_cost <= 52::numeric))))
                                                                     ->  Append-only Columnar Scan on store_sales_1_prt_38 store_sales_1_prt_38_1  (cost=0.00..1872422.00 rows=479809 width=6)
                                                                           Filter: ((ss_quantity >= 6) AND (ss_quantity <= 10) AND (((ss_list_price >= 91::numeric) AND (ss_list_price <= 101::numeric)) OR ((ss_coupon_amt >= 1430::numeric) AND (ss_coupon_amt <= 2430::numeric)) OR ((ss_wholesale_cost >= 32::numeric) AND (ss_wholesale_cost <= 52::numeric))))
                                                                     ->  Append-only Columnar Scan on store_sales_1_prt_39 store_sales_1_prt_39_1  (cost=0.00..2836732.12 rows=690321 width=6)
                                                                           Filter: ((ss_quantity >= 6) AND (ss_quantity <= 10) AND (((ss_list_price >= 91::numeric) AND (ss_list_price <= 101::numeric)) OR ((ss_coupon_amt >= 1430::numeric) AND (ss_coupon_amt <= 2430::numeric)) OR ((ss_wholesale_cost >= 32::numeric) AND (ss_wholesale_cost <= 52::numeric))))
                                                                     ->  Append-only Columnar Scan on store_sales_1_prt_40 store_sales_1_prt_40_1  (cost=0.00..2836757.12 rows=724739 width=6)
                                                                           Filter: ((ss_quantity >= 6) AND (ss_quantity <= 10) AND (((ss_list_price >= 91::numeric) AND (ss_list_price <= 101::numeric)) OR ((ss_coupon_amt >= 1430::numeric) AND (ss_coupon_amt <= 2430::numeric)) OR ((ss_wholesale_cost >= 32::numeric) AND (ss_wholesale_cost <= 52::numeric))))
                                                                     ->  Append-only Columnar Scan on store_sales_1_prt_41 store_sales_1_prt_41_1  (cost=0.00..1183326.00 rows=285515 width=6)
                                                                           Filter: ((ss_quantity >= 6) AND (ss_quantity <= 10) AND (((ss_list_price >= 91::numeric) AND (ss_list_price <= 101::numeric)) OR ((ss_coupon_amt >= 1430::numeric) AND (ss_coupon_amt <= 2430::numeric)) OR ((ss_wholesale_cost >= 32::numeric) AND (ss_wholesale_cost <= 52::numeric))))
                                                                     ->  Append-only Columnar Scan on store_sales_1_prt_42 store_sales_1_prt_42_1  (cost=0.00..824305.00 rows=212321 width=6)
                                                                           Filter: ((ss_quantity >= 6) AND (ss_quantity <= 10) AND (((ss_list_price >= 91::numeric) AND (ss_list_price <= 101::numeric)) OR ((ss_coupon_amt >= 1430::numeric) AND (ss_coupon_amt <= 2430::numeric)) OR ((ss_wholesale_cost >= 32::numeric) AND (ss_wholesale_cost <= 52::numeric))))
                                                                     ->  Append-only Columnar Scan on store_sales_1_prt_43 store_sales_1_prt_43_1  (cost=0.00..795024.00 rows=197078 width=6)
                                                                           Filter: ((ss_quantity >= 6) AND (ss_quantity <= 10) AND (((ss_list_price >= 91::numeric) AND (ss_list_price <= 101::numeric)) OR ((ss_coupon_amt >= 1430::numeric) AND (ss_coupon_amt <= 2430::numeric)) OR ((ss_wholesale_cost >= 32::numeric) AND (ss_wholesale_cost <= 52::numeric))))
                                                                     ->  Append-only Columnar Scan on store_sales_1_prt_44 store_sales_1_prt_44_1  (cost=0.00..823443.00 rows=210062 width=6)
                                                                           Filter: ((ss_quantity >= 6) AND (ss_quantity <= 10) AND (((ss_list_price >= 91::numeric) AND (ss_list_price <= 101::numeric)) OR ((ss_coupon_amt >= 1430::numeric) AND (ss_coupon_amt <= 2430::numeric)) OR ((ss_wholesale_cost >= 32::numeric) AND (ss_wholesale_cost <= 52::numeric))))
                                                                     ->  Append-only Columnar Scan on store_sales_1_prt_45 store_sales_1_prt_45_1  (cost=0.00..823709.00 rows=210050 width=6)
                                                                           Filter: ((ss_quantity >= 6) AND (ss_quantity <= 10) AND (((ss_list_price >= 91::numeric) AND (ss_list_price <= 101::numeric)) OR ((ss_coupon_amt >= 1430::numeric) AND (ss_coupon_amt <= 2430::numeric)) OR ((ss_wholesale_cost >= 32::numeric) AND (ss_wholesale_cost <= 52::numeric))))
                                                                     ->  Append-only Columnar Scan on store_sales_1_prt_46 store_sales_1_prt_46_1  (cost=0.00..824465.00 rows=210573 width=6)
                                                                           Filter: ((ss_quantity >= 6) AND (ss_quantity <= 10) AND (((ss_list_price >= 91::numeric) AND (ss_list_price <= 101::numeric)) OR ((ss_coupon_amt >= 1430::numeric) AND (ss_coupon_amt <= 2430::numeric)) OR ((ss_wholesale_cost >= 32::numeric) AND (ss_wholesale_cost <= 52::numeric))))
                                                                     ->  Append-only Columnar Scan on store_sales_1_prt_47 store_sales_1_prt_47_1  (cost=0.00..822710.00 rows=209952 width=6)
                                                                           Filter: ((ss_quantity >= 6) AND (ss_quantity <= 10) AND (((ss_list_price >= 91::numeric) AND (ss_list_price <= 101::numeric)) OR ((ss_coupon_amt >= 1430::numeric) AND (ss_coupon_amt <= 2430::numeric)) OR ((ss_wholesale_cost >= 32::numeric) AND (ss_wholesale_cost <= 52::numeric))))
                                                                     ->  Append-only Columnar Scan on store_sales_1_prt_48 store_sales_1_prt_48_1  (cost=0.00..1049885.00 rows=266744 width=6)
                                                                           Filter: ((ss_quantity >= 6) AND (ss_quantity <= 10) AND (((ss_list_price >= 91::numeric) AND (ss_list_price <= 101::numeric)) OR ((ss_coupon_amt >= 1430::numeric) AND (ss_coupon_amt <= 2430::numeric)) OR ((ss_wholesale_cost >= 32::numeric) AND (ss_wholesale_cost <= 52::numeric))))
                                                                     ->  Append-only Columnar Scan on store_sales_1_prt_49 store_sales_1_prt_49_1  (cost=0.00..1877504.00 rows=456303 width=6)
                                                                           Filter: ((ss_quantity >= 6) AND (ss_quantity <= 10) AND (((ss_list_price >= 91::numeric) AND (ss_list_price <= 101::numeric)) OR ((ss_coupon_amt >= 1430::numeric) AND (ss_coupon_amt <= 2430::numeric)) OR ((ss_wholesale_cost >= 32::numeric) AND (ss_wholesale_cost <= 52::numeric))))
                                                                     ->  Append-only Columnar Scan on store_sales_1_prt_50 store_sales_1_prt_50_1  (cost=0.00..1876541.00 rows=457265 width=6)
                                                                           Filter: ((ss_quantity >= 6) AND (ss_quantity <= 10) AND (((ss_list_price >= 91::numeric) AND (ss_list_price <= 101::numeric)) OR ((ss_coupon_amt >= 1430::numeric) AND (ss_coupon_amt <= 2430::numeric)) OR ((ss_wholesale_cost >= 32::numeric) AND (ss_wholesale_cost <= 52::numeric))))
                                                                     ->  Append-only Columnar Scan on store_sales_1_prt_51 store_sales_1_prt_51_1  (cost=0.00..1876610.00 rows=456529 width=6)
                                                                           Filter: ((ss_quantity >= 6) AND (ss_quantity <= 10) AND (((ss_list_price >= 91::numeric) AND (ss_list_price <= 101::numeric)) OR ((ss_coupon_amt >= 1430::numeric) AND (ss_coupon_amt <= 2430::numeric)) OR ((ss_wholesale_cost >= 32::numeric) AND (ss_wholesale_cost <= 52::numeric))))
                                                                     ->  Append-only Columnar Scan on store_sales_1_prt_52 store_sales_1_prt_52_1  (cost=0.00..2769970.00 rows=712202 width=6)
                                                                           Filter: ((ss_quantity >= 6) AND (ss_quantity <= 10) AND (((ss_list_price >= 91::numeric) AND (ss_list_price <= 101::numeric)) OR ((ss_coupon_amt >= 1430::numeric) AND (ss_coupon_amt <= 2430::numeric)) OR ((ss_wholesale_cost >= 32::numeric) AND (ss_wholesale_cost <= 52::numeric))))
                                                                     ->  Append-only Columnar Scan on store_sales_1_prt_53 store_sales_1_prt_53_1  (cost=0.00..2842711.88 rows=681990 width=6)
                                                                           Filter: ((ss_quantity >= 6) AND (ss_quantity <= 10) AND (((ss_list_price >= 91::numeric) AND (ss_list_price <= 101::numeric)) OR ((ss_coupon_amt >= 1430::numeric) AND (ss_coupon_amt <= 2430::numeric)) OR ((ss_wholesale_cost >= 32::numeric) AND (ss_wholesale_cost <= 52::numeric))))
                                                                     ->  Append-only Columnar Scan on store_sales_1_prt_54 store_sales_1_prt_54_1  (cost=0.00..1359885.00 rows=336877 width=6)
                                                                           Filter: ((ss_quantity >= 6) AND (ss_quantity <= 10) AND (((ss_list_price >= 91::numeric) AND (ss_list_price <= 101::numeric)) OR ((ss_coupon_amt >= 1430::numeric) AND (ss_coupon_amt <= 2430::numeric)) OR ((ss_wholesale_cost >= 32::numeric) AND (ss_wholesale_cost <= 52::numeric))))
                                                                     ->  Append-only Columnar Scan on store_sales_1_prt_55 store_sales_1_prt_55_1  (cost=0.00..824856.00 rows=201028 width=6)
                                                                           Filter: ((ss_quantity >= 6) AND (ss_quantity <= 10) AND (((ss_list_price >= 91::numeric) AND (ss_list_price <= 101::numeric)) OR ((ss_coupon_amt >= 1430::numeric) AND (ss_coupon_amt <= 2430::numeric)) OR ((ss_wholesale_cost >= 32::numeric) AND (ss_wholesale_cost <= 52::numeric))))
                                                                     ->  Append-only Columnar Scan on store_sales_1_prt_56 store_sales_1_prt_56_1  (cost=0.00..794658.00 rows=210116 width=6)
                                                                           Filter: ((ss_quantity >= 6) AND (ss_quantity <= 10) AND (((ss_list_price >= 91::numeric) AND (ss_list_price <= 101::numeric)) OR ((ss_coupon_amt >= 1430::numeric) AND (ss_coupon_amt <= 2430::numeric)) OR ((ss_wholesale_cost >= 32::numeric) AND (ss_wholesale_cost <= 52::numeric))))
                                                                     ->  Append-only Columnar Scan on store_sales_1_prt_57 store_sales_1_prt_57_1  (cost=0.00..824278.00 rows=207611 width=6)
                                                                           Filter: ((ss_quantity >= 6) AND (ss_quantity <= 10) AND (((ss_list_price >= 91::numeric) AND (ss_list_price <= 101::numeric)) OR ((ss_coupon_amt >= 1430::numeric) AND (ss_coupon_amt <= 2430::numeric)) OR ((ss_wholesale_cost >= 32::numeric) AND (ss_wholesale_cost <= 52::numeric))))
                                                                     ->  Append-only Columnar Scan on store_sales_1_prt_58 store_sales_1_prt_58_1  (cost=0.00..823447.00 rows=206589 width=6)
                                                                           Filter: ((ss_quantity >= 6) AND (ss_quantity <= 10) AND (((ss_list_price >= 91::numeric) AND (ss_list_price <= 101::numeric)) OR ((ss_coupon_amt >= 1430::numeric) AND (ss_coupon_amt <= 2430::numeric)) OR ((ss_wholesale_cost >= 32::numeric) AND (ss_wholesale_cost <= 52::numeric))))
                                                                     ->  Append-only Columnar Scan on store_sales_1_prt_59 store_sales_1_prt_59_1  (cost=0.00..824350.00 rows=200418 width=6)
                                                                           Filter: ((ss_quantity >= 6) AND (ss_quantity <= 10) AND (((ss_list_price >= 91::numeric) AND (ss_list_price <= 101::numeric)) OR ((ss_coupon_amt >= 1430::numeric) AND (ss_coupon_amt <= 2430::numeric)) OR ((ss_wholesale_cost >= 32::numeric) AND (ss_wholesale_cost <= 52::numeric))))
                                                                     ->  Append-only Columnar Scan on store_sales_1_prt_60 store_sales_1_prt_60_1  (cost=0.00..824092.00 rows=213560 width=6)
                                                                           Filter: ((ss_quantity >= 6) AND (ss_quantity <= 10) AND (((ss_list_price >= 91::numeric) AND (ss_list_price <= 101::numeric)) OR ((ss_coupon_amt >= 1430::numeric) AND (ss_coupon_amt <= 2430::numeric)) OR ((ss_wholesale_cost >= 32::numeric) AND (ss_wholesale_cost <= 52::numeric))))
                                                                     ->  Append-only Columnar Scan on store_sales_1_prt_61 store_sales_1_prt_61_1  (cost=0.00..1011520.00 rows=239562 width=6)
                                                                           Filter: ((ss_quantity >= 6) AND (ss_quantity <= 10) AND (((ss_list_price >= 91::numeric) AND (ss_list_price <= 101::numeric)) OR ((ss_coupon_amt >= 1430::numeric) AND (ss_coupon_amt <= 2430::numeric)) OR ((ss_wholesale_cost >= 32::numeric) AND (ss_wholesale_cost <= 52::numeric))))
                                                                     ->  Append-only Columnar Scan on store_sales_1_prt_62 store_sales_1_prt_62_1  (cost=0.00..1875423.00 rows=472957 width=6)
                                                                           Filter: ((ss_quantity >= 6) AND (ss_quantity <= 10) AND (((ss_list_price >= 91::numeric) AND (ss_list_price <= 101::numeric)) OR ((ss_coupon_amt >= 1430::numeric) AND (ss_coupon_amt <= 2430::numeric)) OR ((ss_wholesale_cost >= 32::numeric) AND (ss_wholesale_cost <= 52::numeric))))
                                                                     ->  Append-only Columnar Scan on store_sales_1_prt_63 store_sales_1_prt_63_1  (cost=0.00..1876566.00 rows=454595 width=6)
                                                                           Filter: ((ss_quantity >= 6) AND (ss_quantity <= 10) AND (((ss_list_price >= 91::numeric) AND (ss_list_price <= 101::numeric)) OR ((ss_coupon_amt >= 1430::numeric) AND (ss_coupon_amt <= 2430::numeric)) OR ((ss_wholesale_cost >= 32::numeric) AND (ss_wholesale_cost <= 52::numeric))))
                                                                     ->  Append-only Columnar Scan on store_sales_1_prt_64 store_sales_1_prt_64_1  (cost=0.00..1876492.00 rows=446100 width=6)
                                                                           Filter: ((ss_quantity >= 6) AND (ss_quantity <= 10) AND (((ss_list_price >= 91::numeric) AND (ss_list_price <= 101::numeric)) OR ((ss_coupon_amt >= 1430::numeric) AND (ss_coupon_amt <= 2430::numeric)) OR ((ss_wholesale_cost >= 32::numeric) AND (ss_wholesale_cost <= 52::numeric))))
                                                                     ->  Append-only Columnar Scan on store_sales_1_prt_65 store_sales_1_prt_65_1  (cost=0.00..2737216.88 rows=683792 width=6)
                                                                           Filter: ((ss_quantity >= 6) AND (ss_quantity <= 10) AND (((ss_list_price >= 91::numeric) AND (ss_list_price <= 101::numeric)) OR ((ss_coupon_amt >= 1430::numeric) AND (ss_coupon_amt <= 2430::numeric)) OR ((ss_wholesale_cost >= 32::numeric) AND (ss_wholesale_cost <= 52::numeric))))
                                                                     ->  Append-only Columnar Scan on store_sales_1_prt_66 store_sales_1_prt_66_1  (cost=0.00..2840279.88 rows=728858 width=6)
                                                                           Filter: ((ss_quantity >= 6) AND (ss_quantity <= 10) AND (((ss_list_price >= 91::numeric) AND (ss_list_price <= 101::numeric)) OR ((ss_coupon_amt >= 1430::numeric) AND (ss_coupon_amt <= 2430::numeric)) OR ((ss_wholesale_cost >= 32::numeric) AND (ss_wholesale_cost <= 52::numeric))))
                                                                     ->  Append-only Columnar Scan on store_sales_1_prt_67 store_sales_1_prt_67_1  (cost=0.00..811471.00 rows=198782 width=6)
                                                                           Filter: ((ss_quantity >= 6) AND (ss_quantity <= 10) AND (((ss_list_price >= 91::numeric) AND (ss_list_price <= 101::numeric)) OR ((ss_coupon_amt >= 1430::numeric) AND (ss_coupon_amt <= 2430::numeric)) OR ((ss_wholesale_cost >= 32::numeric) AND (ss_wholesale_cost <= 52::numeric))))
                                                                     ->  Append-only Columnar Scan on store_sales_1_prt_68 store_sales_1_prt_68_1  (cost=0.00..1.00 rows=1 width=14)
                                                                           Filter: ((ss_quantity >= 6) AND (ss_quantity <= 10) AND (((ss_list_price >= 91::numeric) AND (ss_list_price <= 101::numeric)) OR ((ss_coupon_amt >= 1430::numeric) AND (ss_coupon_amt <= 2430::numeric)) OR ((ss_wholesale_cost >= 32::numeric) AND (ss_wholesale_cost <= 52::numeric))))
                                                                     ->  Append-only Columnar Scan on store_sales_1_prt_69 store_sales_1_prt_69_1  (cost=0.00..1.00 rows=1 width=14)
                                                                           Filter: ((ss_quantity >= 6) AND (ss_quantity <= 10) AND (((ss_list_price >= 91::numeric) AND (ss_list_price <= 101::numeric)) OR ((ss_coupon_amt >= 1430::numeric) AND (ss_coupon_amt <= 2430::numeric)) OR ((ss_wholesale_cost >= 32::numeric) AND (ss_wholesale_cost <= 52::numeric))))
                                                                     ->  Append-only Columnar Scan on store_sales_1_prt_70 store_sales_1_prt_70_1  (cost=0.00..1.00 rows=1 width=14)
                                                                           Filter: ((ss_quantity >= 6) AND (ss_quantity <= 10) AND (((ss_list_price >= 91::numeric) AND (ss_list_price <= 101::numeric)) OR ((ss_coupon_amt >= 1430::numeric) AND (ss_coupon_amt <= 2430::numeric)) OR ((ss_wholesale_cost >= 32::numeric) AND (ss_wholesale_cost <= 52::numeric))))
                                                                     ->  Append-only Columnar Scan on store_sales_1_prt_71 store_sales_1_prt_71_1  (cost=0.00..1.00 rows=1 width=14)
                                                                           Filter: ((ss_quantity >= 6) AND (ss_quantity <= 10) AND (((ss_list_price >= 91::numeric) AND (ss_list_price <= 101::numeric)) OR ((ss_coupon_amt >= 1430::numeric) AND (ss_coupon_amt <= 2430::numeric)) OR ((ss_wholesale_cost >= 32::numeric) AND (ss_wholesale_cost <= 52::numeric))))
                                                                     ->  Append-only Columnar Scan on store_sales_1_prt_72 store_sales_1_prt_72_1  (cost=0.00..1.00 rows=1 width=14)
                                                                           Filter: ((ss_quantity >= 6) AND (ss_quantity <= 10) AND (((ss_list_price >= 91::numeric) AND (ss_list_price <= 101::numeric)) OR ((ss_coupon_amt >= 1430::numeric) AND (ss_coupon_amt <= 2430::numeric)) OR ((ss_wholesale_cost >= 32::numeric) AND (ss_wholesale_cost <= 52::numeric))))
                                                                     ->  Append-only Columnar Scan on store_sales_1_prt_73 store_sales_1_prt_73_1  (cost=0.00..1.00 rows=1 width=14)
                                                                           Filter: ((ss_quantity >= 6) AND (ss_quantity <= 10) AND (((ss_list_price >= 91::numeric) AND (ss_list_price <= 101::numeric)) OR ((ss_coupon_amt >= 1430::numeric) AND (ss_coupon_amt <= 2430::numeric)) OR ((ss_wholesale_cost >= 32::numeric) AND (ss_wholesale_cost <= 52::numeric))))
                                                                     ->  Append-only Columnar Scan on store_sales_1_prt_74 store_sales_1_prt_74_1  (cost=0.00..1.00 rows=1 width=14)
                                                                           Filter: ((ss_quantity >= 6) AND (ss_quantity <= 10) AND (((ss_list_price >= 91::numeric) AND (ss_list_price <= 101::numeric)) OR ((ss_coupon_amt >= 1430::numeric) AND (ss_coupon_amt <= 2430::numeric)) OR ((ss_wholesale_cost >= 32::numeric) AND (ss_wholesale_cost <= 52::numeric))))
                                                                     ->  Append-only Columnar Scan on store_sales_1_prt_75 store_sales_1_prt_75_1  (cost=0.00..1.00 rows=1 width=14)
                                                                           Filter: ((ss_quantity >= 6) AND (ss_quantity <= 10) AND (((ss_list_price >= 91::numeric) AND (ss_list_price <= 101::numeric)) OR ((ss_coupon_amt >= 1430::numeric) AND (ss_coupon_amt <= 2430::numeric)) OR ((ss_wholesale_cost >= 32::numeric) AND (ss_wholesale_cost <= 52::numeric))))
                                                                     ->  Append-only Columnar Scan on store_sales_1_prt_76 store_sales_1_prt_76_1  (cost=0.00..1.00 rows=1 width=14)
                                                                           Filter: ((ss_quantity >= 6) AND (ss_quantity <= 10) AND (((ss_list_price >= 91::numeric) AND (ss_list_price <= 101::numeric)) OR ((ss_coupon_amt >= 1430::numeric) AND (ss_coupon_amt <= 2430::numeric)) OR ((ss_wholesale_cost >= 32::numeric) AND (ss_wholesale_cost <= 52::numeric))))
                                                                     ->  Append-only Columnar Scan on store_sales_1_prt_77 store_sales_1_prt_77_1  (cost=0.00..1.00 rows=1 width=14)
                                                                           Filter: ((ss_quantity >= 6) AND (ss_quantity <= 10) AND (((ss_list_price >= 91::numeric) AND (ss_list_price <= 101::numeric)) OR ((ss_coupon_amt >= 1430::numeric) AND (ss_coupon_amt <= 2430::numeric)) OR ((ss_wholesale_cost >= 32::numeric) AND (ss_wholesale_cost <= 52::numeric))))
                                                                     ->  Append-only Columnar Scan on store_sales_1_prt_78 store_sales_1_prt_78_1  (cost=0.00..1.00 rows=1 width=14)
                                                                           Filter: ((ss_quantity >= 6) AND (ss_quantity <= 10) AND (((ss_list_price >= 91::numeric) AND (ss_list_price <= 101::numeric)) OR ((ss_coupon_amt >= 1430::numeric) AND (ss_coupon_amt <= 2430::numeric)) OR ((ss_wholesale_cost >= 32::numeric) AND (ss_wholesale_cost <= 52::numeric))))
                                                                     ->  Append-only Columnar Scan on store_sales_1_prt_79 store_sales_1_prt_79_1  (cost=0.00..1.00 rows=1 width=14)
                                                                           Filter: ((ss_quantity >= 6) AND (ss_quantity <= 10) AND (((ss_list_price >= 91::numeric) AND (ss_list_price <= 101::numeric)) OR ((ss_coupon_amt >= 1430::numeric) AND (ss_coupon_amt <= 2430::numeric)) OR ((ss_wholesale_cost >= 32::numeric) AND (ss_wholesale_cost <= 52::numeric))))
                                                                     ->  Append-only Columnar Scan on store_sales_1_prt_80 store_sales_1_prt_80_1  (cost=0.00..1.00 rows=1 width=14)
                                                                           Filter: ((ss_quantity >= 6) AND (ss_quantity <= 10) AND (((ss_list_price >= 91::numeric) AND (ss_list_price <= 101::numeric)) OR ((ss_coupon_amt >= 1430::numeric) AND (ss_coupon_amt <= 2430::numeric)) OR ((ss_wholesale_cost >= 32::numeric) AND (ss_wholesale_cost <= 52::numeric))))
                           ->  Materialize  (cost=99084236.64..99084236.66 rows=1 width=48)
                                 ->  Aggregate  (cost=99084236.64..99084236.65 rows=1 width=48)
                                       ->  Gather Motion 3:1  (slice6; segments: 3)  (cost=99084236.57..99084236.62 rows=1 width=48)
                                             ->  Aggregate  (cost=99084236.57..99084236.58 rows=1 width=48)
                                                   ->  Redistribute Motion 3:3  (slice5; segments: 3)  (cost=0.00..98549737.29 rows=23755524 width=6)
                                                         Hash Key: store_sales_1_prt_outliers_2.ss_list_price
                                                         ->  Append  (cost=0.00..97124405.88 rows=23755524 width=6)
                                                               ->  Append-only Columnar Scan on store_sales_1_prt_outliers store_sales_1_prt_outliers_2  (cost=0.00..4160635.00 rows=409395 width=6)
                                                                     Filter: ((ss_quantity >= 11) AND (ss_quantity <= 15) AND (((ss_list_price >= 66::numeric) AND (ss_list_price <= 76::numeric)) OR ((ss_coupon_amt >= 920::numeric) AND (ss_coupon_amt <= 1920::numeric)) OR ((ss_wholesale_cost >= 4::numeric) AND (ss_wholesale_cost <= 24::numeric))))
                                                               ->  Append-only Columnar Scan on store_sales_1_prt_2 store_sales_1_prt_2_2  (cost=0.00..795003.00 rows=202625 width=6)
                                                                     Filter: ((ss_quantity >= 11) AND (ss_quantity <= 15) AND (((ss_list_price >= 66::numeric) AND (ss_list_price <= 76::numeric)) OR ((ss_coupon_amt >= 920::numeric) AND (ss_coupon_amt <= 1920::numeric)) OR ((ss_wholesale_cost >= 4::numeric) AND (ss_wholesale_cost <= 24::numeric))))
                                                               ->  Append-only Columnar Scan on store_sales_1_prt_3 store_sales_1_prt_3_2  (cost=0.00..823459.00 rows=207211 width=6)
                                                                     Filter: ((ss_quantity >= 11) AND (ss_quantity <= 15) AND (((ss_list_price >= 66::numeric) AND (ss_list_price <= 76::numeric)) OR ((ss_coupon_amt >= 920::numeric) AND (ss_coupon_amt <= 1920::numeric)) OR ((ss_wholesale_cost >= 4::numeric) AND (ss_wholesale_cost <= 24::numeric))))
                                                               ->  Append-only Columnar Scan on store_sales_1_prt_4 store_sales_1_prt_4_2  (cost=0.00..794480.00 rows=206793 width=6)
                                                                     Filter: ((ss_quantity >= 11) AND (ss_quantity <= 15) AND (((ss_list_price >= 66::numeric) AND (ss_list_price <= 76::numeric)) OR ((ss_coupon_amt >= 920::numeric) AND (ss_coupon_amt <= 1920::numeric)) OR ((ss_wholesale_cost >= 4::numeric) AND (ss_wholesale_cost <= 24::numeric))))
                                                               ->  Append-only Columnar Scan on store_sales_1_prt_5 store_sales_1_prt_5_2  (cost=0.00..823865.00 rows=204323 width=6)
                                                                     Filter: ((ss_quantity >= 11) AND (ss_quantity <= 15) AND (((ss_list_price >= 66::numeric) AND (ss_list_price <= 76::numeric)) OR ((ss_coupon_amt >= 920::numeric) AND (ss_coupon_amt <= 1920::numeric)) OR ((ss_wholesale_cost >= 4::numeric) AND (ss_wholesale_cost <= 24::numeric))))
                                                               ->  Append-only Columnar Scan on store_sales_1_prt_6 store_sales_1_prt_6_2  (cost=0.00..823965.00 rows=203537 width=6)
                                                                     Filter: ((ss_quantity >= 11) AND (ss_quantity <= 15) AND (((ss_list_price >= 66::numeric) AND (ss_list_price <= 76::numeric)) OR ((ss_coupon_amt >= 920::numeric) AND (ss_coupon_amt <= 1920::numeric)) OR ((ss_wholesale_cost >= 4::numeric) AND (ss_wholesale_cost <= 24::numeric))))
                                                               ->  Append-only Columnar Scan on store_sales_1_prt_7 store_sales_1_prt_7_2  (cost=0.00..824047.00 rows=215489 width=6)
                                                                     Filter: ((ss_quantity >= 11) AND (ss_quantity <= 15) AND (((ss_list_price >= 66::numeric) AND (ss_list_price <= 76::numeric)) OR ((ss_coupon_amt >= 920::numeric) AND (ss_coupon_amt <= 1920::numeric)) OR ((ss_wholesale_cost >= 4::numeric) AND (ss_wholesale_cost <= 24::numeric))))
                                                               ->  Append-only Columnar Scan on store_sales_1_prt_8 store_sales_1_prt_8_2  (cost=0.00..823076.00 rows=217239 width=6)
                                                                     Filter: ((ss_quantity >= 11) AND (ss_quantity <= 15) AND (((ss_list_price >= 66::numeric) AND (ss_list_price <= 76::numeric)) OR ((ss_coupon_amt >= 920::numeric) AND (ss_coupon_amt <= 1920::numeric)) OR ((ss_wholesale_cost >= 4::numeric) AND (ss_wholesale_cost <= 24::numeric))))
                                                               ->  Append-only Columnar Scan on store_sales_1_prt_9 store_sales_1_prt_9_2  (cost=0.00..1199494.00 rows=293905 width=6)
                                                                     Filter: ((ss_quantity >= 11) AND (ss_quantity <= 15) AND (((ss_list_price >= 66::numeric) AND (ss_list_price <= 76::numeric)) OR ((ss_coupon_amt >= 920::numeric) AND (ss_coupon_amt <= 1920::numeric)) OR ((ss_wholesale_cost >= 4::numeric) AND (ss_wholesale_cost <= 24::numeric))))
                                                               ->  Append-only Columnar Scan on store_sales_1_prt_10 store_sales_1_prt_10_2  (cost=0.00..1874846.00 rows=487749 width=6)
                                                                     Filter: ((ss_quantity >= 11) AND (ss_quantity <= 15) AND (((ss_list_price >= 66::numeric) AND (ss_list_price <= 76::numeric)) OR ((ss_coupon_amt >= 920::numeric) AND (ss_coupon_amt <= 1920::numeric)) OR ((ss_wholesale_cost >= 4::numeric) AND (ss_wholesale_cost <= 24::numeric))))
                                                               ->  Append-only Columnar Scan on store_sales_1_prt_11 store_sales_1_prt_11_2  (cost=0.00..1876812.00 rows=468863 width=6)
                                                                     Filter: ((ss_quantity >= 11) AND (ss_quantity <= 15) AND (((ss_list_price >= 66::numeric) AND (ss_list_price <= 76::numeric)) OR ((ss_coupon_amt >= 920::numeric) AND (ss_coupon_amt <= 1920::numeric)) OR ((ss_wholesale_cost >= 4::numeric) AND (ss_wholesale_cost <= 24::numeric))))
                                                               ->  Append-only Columnar Scan on store_sales_1_prt_12 store_sales_1_prt_12_2  (cost=0.00..1944629.00 rows=500240 width=6)
                                                                     Filter: ((ss_quantity >= 11) AND (ss_quantity <= 15) AND (((ss_list_price >= 66::numeric) AND (ss_list_price <= 76::numeric)) OR ((ss_coupon_amt >= 920::numeric) AND (ss_coupon_amt <= 1920::numeric)) OR ((ss_wholesale_cost >= 4::numeric) AND (ss_wholesale_cost <= 24::numeric))))
                                                               ->  Append-only Columnar Scan on store_sales_1_prt_13 store_sales_1_prt_13_2  (cost=0.00..2840696.00 rows=706923 width=6)
                                                                     Filter: ((ss_quantity >= 11) AND (ss_quantity <= 15) AND (((ss_list_price >= 66::numeric) AND (ss_list_price <= 76::numeric)) OR ((ss_coupon_amt >= 920::numeric) AND (ss_coupon_amt <= 1920::numeric)) OR ((ss_wholesale_cost >= 4::numeric) AND (ss_wholesale_cost <= 24::numeric))))
                                                               ->  Append-only Columnar Scan on store_sales_1_prt_14 store_sales_1_prt_14_2  (cost=0.00..2842993.00 rows=754770 width=6)
                                                                     Filter: ((ss_quantity >= 11) AND (ss_quantity <= 15) AND (((ss_list_price >= 66::numeric) AND (ss_list_price <= 76::numeric)) OR ((ss_coupon_amt >= 920::numeric) AND (ss_coupon_amt <= 1920::numeric)) OR ((ss_wholesale_cost >= 4::numeric) AND (ss_wholesale_cost <= 24::numeric))))
                                                               ->  Append-only Columnar Scan on store_sales_1_prt_15 store_sales_1_prt_15_2  (cost=0.00..1069612.00 rows=278140 width=6)
                                                                     Filter: ((ss_quantity >= 11) AND (ss_quantity <= 15) AND (((ss_list_price >= 66::numeric) AND (ss_list_price <= 76::numeric)) OR ((ss_coupon_amt >= 920::numeric) AND (ss_coupon_amt <= 1920::numeric)) OR ((ss_wholesale_cost >= 4::numeric) AND (ss_wholesale_cost <= 24::numeric))))
                                                               ->  Append-only Columnar Scan on store_sales_1_prt_16 store_sales_1_prt_16_2  (cost=0.00..824105.00 rows=207211 width=6)
                                                                     Filter: ((ss_quantity >= 11) AND (ss_quantity <= 15) AND (((ss_list_price >= 66::numeric) AND (ss_list_price <= 76::numeric)) OR ((ss_coupon_amt >= 920::numeric) AND (ss_coupon_amt <= 1920::numeric)) OR ((ss_wholesale_cost >= 4::numeric) AND (ss_wholesale_cost <= 24::numeric))))
                                                               ->  Append-only Columnar Scan on store_sales_1_prt_17 store_sales_1_prt_17_2  (cost=0.00..795276.00 rows=200779 width=6)
                                                                     Filter: ((ss_quantity >= 11) AND (ss_quantity <= 15) AND (((ss_list_price >= 66::numeric) AND (ss_list_price <= 76::numeric)) OR ((ss_coupon_amt >= 920::numeric) AND (ss_coupon_amt <= 1920::numeric)) OR ((ss_wholesale_cost >= 4::numeric) AND (ss_wholesale_cost <= 24::numeric))))
                                                               ->  Append-only Columnar Scan on store_sales_1_prt_18 store_sales_1_prt_18_2  (cost=0.00..824379.00 rows=207913 width=6)
                                                                     Filter: ((ss_quantity >= 11) AND (ss_quantity <= 15) AND (((ss_list_price >= 66::numeric) AND (ss_list_price <= 76::numeric)) OR ((ss_coupon_amt >= 920::numeric) AND (ss_coupon_amt <= 1920::numeric)) OR ((ss_wholesale_cost >= 4::numeric) AND (ss_wholesale_cost <= 24::numeric))))
                                                               ->  Append-only Columnar Scan on store_sales_1_prt_19 store_sales_1_prt_19_2  (cost=0.00..823315.00 rows=208753 width=6)
                                                                     Filter: ((ss_quantity >= 11) AND (ss_quantity <= 15) AND (((ss_list_price >= 66::numeric) AND (ss_list_price <= 76::numeric)) OR ((ss_coupon_amt >= 920::numeric) AND (ss_coupon_amt <= 1920::numeric)) OR ((ss_wholesale_cost >= 4::numeric) AND (ss_wholesale_cost <= 24::numeric))))
                                                               ->  Append-only Columnar Scan on store_sales_1_prt_20 store_sales_1_prt_20_2  (cost=0.00..824738.00 rows=214992 width=6)
                                                                     Filter: ((ss_quantity >= 11) AND (ss_quantity <= 15) AND (((ss_list_price >= 66::numeric) AND (ss_list_price <= 76::numeric)) OR ((ss_coupon_amt >= 920::numeric) AND (ss_coupon_amt <= 1920::numeric)) OR ((ss_wholesale_cost >= 4::numeric) AND (ss_wholesale_cost <= 24::numeric))))
                                                               ->  Append-only Columnar Scan on store_sales_1_prt_21 store_sales_1_prt_21_2  (cost=0.00..823402.00 rows=202342 width=6)
                                                                     Filter: ((ss_quantity >= 11) AND (ss_quantity <= 15) AND (((ss_list_price >= 66::numeric) AND (ss_list_price <= 76::numeric)) OR ((ss_coupon_amt >= 920::numeric) AND (ss_coupon_amt <= 1920::numeric)) OR ((ss_wholesale_cost >= 4::numeric) AND (ss_wholesale_cost <= 24::numeric))))
                                                               ->  Append-only Columnar Scan on store_sales_1_prt_22 store_sales_1_prt_22_2  (cost=0.00..1161760.00 rows=291581 width=6)
                                                                     Filter: ((ss_quantity >= 11) AND (ss_quantity <= 15) AND (((ss_list_price >= 66::numeric) AND (ss_list_price <= 76::numeric)) OR ((ss_coupon_amt >= 920::numeric) AND (ss_coupon_amt <= 1920::numeric)) OR ((ss_wholesale_cost >= 4::numeric) AND (ss_wholesale_cost <= 24::numeric))))
                                                               ->  Append-only Columnar Scan on store_sales_1_prt_23 store_sales_1_prt_23_2  (cost=0.00..1876338.00 rows=455143 width=6)
                                                                     Filter: ((ss_quantity >= 11) AND (ss_quantity <= 15) AND (((ss_list_price >= 66::numeric) AND (ss_list_price <= 76::numeric)) OR ((ss_coupon_amt >= 920::numeric) AND (ss_coupon_amt <= 1920::numeric)) OR ((ss_wholesale_cost >= 4::numeric) AND (ss_wholesale_cost <= 24::numeric))))
                                                               ->  Append-only Columnar Scan on store_sales_1_prt_24 store_sales_1_prt_24_2  (cost=0.00..1875595.00 rows=458187 width=6)
                                                                     Filter: ((ss_quantity >= 11) AND (ss_quantity <= 15) AND (((ss_list_price >= 66::numeric) AND (ss_list_price <= 76::numeric)) OR ((ss_coupon_amt >= 920::numeric) AND (ss_coupon_amt <= 1920::numeric)) OR ((ss_wholesale_cost >= 4::numeric) AND (ss_wholesale_cost <= 24::numeric))))
                                                               ->  Append-only Columnar Scan on store_sales_1_prt_25 store_sales_1_prt_25_2  (cost=0.00..1909053.00 rows=465240 width=6)
                                                                     Filter: ((ss_quantity >= 11) AND (ss_quantity <= 15) AND (((ss_list_price >= 66::numeric) AND (ss_list_price <= 76::numeric)) OR ((ss_coupon_amt >= 920::numeric) AND (ss_coupon_amt <= 1920::numeric)) OR ((ss_wholesale_cost >= 4::numeric) AND (ss_wholesale_cost <= 24::numeric))))
                                                               ->  Append-only Columnar Scan on store_sales_1_prt_26 store_sales_1_prt_26_2  (cost=0.00..2843200.00 rows=743838 width=6)
                                                                     Filter: ((ss_quantity >= 11) AND (ss_quantity <= 15) AND (((ss_list_price >= 66::numeric) AND (ss_list_price <= 76::numeric)) OR ((ss_coupon_amt >= 920::numeric) AND (ss_coupon_amt <= 1920::numeric)) OR ((ss_wholesale_cost >= 4::numeric) AND (ss_wholesale_cost <= 24::numeric))))
                                                               ->  Append-only Columnar Scan on store_sales_1_prt_27 store_sales_1_prt_27_2  (cost=0.00..2841374.00 rows=682036 width=6)
                                                                     Filter: ((ss_quantity >= 11) AND (ss_quantity <= 15) AND (((ss_list_price >= 66::numeric) AND (ss_list_price <= 76::numeric)) OR ((ss_coupon_amt >= 920::numeric) AND (ss_coupon_amt <= 1920::numeric)) OR ((ss_wholesale_cost >= 4::numeric) AND (ss_wholesale_cost <= 24::numeric))))
                                                               ->  Append-only Columnar Scan on store_sales_1_prt_28 store_sales_1_prt_28_2  (cost=0.00..1141081.00 rows=283084 width=6)
                                                                     Filter: ((ss_quantity >= 11) AND (ss_quantity <= 15) AND (((ss_list_price >= 66::numeric) AND (ss_list_price <= 76::numeric)) OR ((ss_coupon_amt >= 920::numeric) AND (ss_coupon_amt <= 1920::numeric)) OR ((ss_wholesale_cost >= 4::numeric) AND (ss_wholesale_cost <= 24::numeric))))
                                                               ->  Append-only Columnar Scan on store_sales_1_prt_29 store_sales_1_prt_29_2  (cost=0.00..822730.00 rows=210970 width=6)
                                                                     Filter: ((ss_quantity >= 11) AND (ss_quantity <= 15) AND (((ss_list_price >= 66::numeric) AND (ss_list_price <= 76::numeric)) OR ((ss_coupon_amt >= 920::numeric) AND (ss_coupon_amt <= 1920::numeric)) OR ((ss_wholesale_cost >= 4::numeric) AND (ss_wholesale_cost <= 24::numeric))))
                                                               ->  Append-only Columnar Scan on store_sales_1_prt_30 store_sales_1_prt_30_2  (cost=0.00..823396.00 rows=203591 width=6)
                                                                     Filter: ((ss_quantity >= 11) AND (ss_quantity <= 15) AND (((ss_list_price >= 66::numeric) AND (ss_list_price <= 76::numeric)) OR ((ss_coupon_amt >= 920::numeric) AND (ss_coupon_amt <= 1920::numeric)) OR ((ss_wholesale_cost >= 4::numeric) AND (ss_wholesale_cost <= 24::numeric))))
                                                               ->  Append-only Columnar Scan on store_sales_1_prt_31 store_sales_1_prt_31_2  (cost=0.00..822970.00 rows=211181 width=6)
                                                                     Filter: ((ss_quantity >= 11) AND (ss_quantity <= 15) AND (((ss_list_price >= 66::numeric) AND (ss_list_price <= 76::numeric)) OR ((ss_coupon_amt >= 920::numeric) AND (ss_coupon_amt <= 1920::numeric)) OR ((ss_wholesale_cost >= 4::numeric) AND (ss_wholesale_cost <= 24::numeric))))
                                                               ->  Append-only Columnar Scan on store_sales_1_prt_32 store_sales_1_prt_32_2  (cost=0.00..822738.00 rows=210365 width=6)
                                                                     Filter: ((ss_quantity >= 11) AND (ss_quantity <= 15) AND (((ss_list_price >= 66::numeric) AND (ss_list_price <= 76::numeric)) OR ((ss_coupon_amt >= 920::numeric) AND (ss_coupon_amt <= 1920::numeric)) OR ((ss_wholesale_cost >= 4::numeric) AND (ss_wholesale_cost <= 24::numeric))))
                                                               ->  Append-only Columnar Scan on store_sales_1_prt_33 store_sales_1_prt_33_2  (cost=0.00..823109.00 rows=196812 width=6)
                                                                     Filter: ((ss_quantity >= 11) AND (ss_quantity <= 15) AND (((ss_list_price >= 66::numeric) AND (ss_list_price <= 76::numeric)) OR ((ss_coupon_amt >= 920::numeric) AND (ss_coupon_amt <= 1920::numeric)) OR ((ss_wholesale_cost >= 4::numeric) AND (ss_wholesale_cost <= 24::numeric))))
                                                               ->  Append-only Columnar Scan on store_sales_1_prt_34 store_sales_1_prt_34_2  (cost=0.00..821646.00 rows=196847 width=6)
                                                                     Filter: ((ss_quantity >= 11) AND (ss_quantity <= 15) AND (((ss_list_price >= 66::numeric) AND (ss_list_price <= 76::numeric)) OR ((ss_coupon_amt >= 920::numeric) AND (ss_coupon_amt <= 1920::numeric)) OR ((ss_wholesale_cost >= 4::numeric) AND (ss_wholesale_cost <= 24::numeric))))
                                                               ->  Append-only Columnar Scan on store_sales_1_prt_35 store_sales_1_prt_35_2  (cost=0.00..1121711.00 rows=288152 width=6)
                                                                     Filter: ((ss_quantity >= 11) AND (ss_quantity <= 15) AND (((ss_list_price >= 66::numeric) AND (ss_list_price <= 76::numeric)) OR ((ss_coupon_amt >= 920::numeric) AND (ss_coupon_amt <= 1920::numeric)) OR ((ss_wholesale_cost >= 4::numeric) AND (ss_wholesale_cost <= 24::numeric))))
                                                               ->  Append-only Columnar Scan on store_sales_1_prt_36 store_sales_1_prt_36_2  (cost=0.00..1872903.00 rows=462143 width=6)
                                                                     Filter: ((ss_quantity >= 11) AND (ss_quantity <= 15) AND (((ss_list_price >= 66::numeric) AND (ss_list_price <= 76::numeric)) OR ((ss_coupon_amt >= 920::numeric) AND (ss_coupon_amt <= 1920::numeric)) OR ((ss_wholesale_cost >= 4::numeric) AND (ss_wholesale_cost <= 24::numeric))))
                                                               ->  Append-only Columnar Scan on store_sales_1_prt_37 store_sales_1_prt_37_2  (cost=0.00..1871312.00 rows=475606 width=6)
                                                                     Filter: ((ss_quantity >= 11) AND (ss_quantity <= 15) AND (((ss_list_price >= 66::numeric) AND (ss_list_price <= 76::numeric)) OR ((ss_coupon_amt >= 920::numeric) AND (ss_coupon_amt <= 1920::numeric)) OR ((ss_wholesale_cost >= 4::numeric) AND (ss_wholesale_cost <= 24::numeric))))
                                                               ->  Append-only Columnar Scan on store_sales_1_prt_38 store_sales_1_prt_38_2  (cost=0.00..1872422.00 rows=463647 width=6)
                                                                     Filter: ((ss_quantity >= 11) AND (ss_quantity <= 15) AND (((ss_list_price >= 66::numeric) AND (ss_list_price <= 76::numeric)) OR ((ss_coupon_amt >= 920::numeric) AND (ss_coupon_amt <= 1920::numeric)) OR ((ss_wholesale_cost >= 4::numeric) AND (ss_wholesale_cost <= 24::numeric))))
                                                               ->  Append-only Columnar Scan on store_sales_1_prt_39 store_sales_1_prt_39_2  (cost=0.00..2836732.12 rows=713195 width=6)
                                                                     Filter: ((ss_quantity >= 11) AND (ss_quantity <= 15) AND (((ss_list_price >= 66::numeric) AND (ss_list_price <= 76::numeric)) OR ((ss_coupon_amt >= 920::numeric) AND (ss_coupon_amt <= 1920::numeric)) OR ((ss_wholesale_cost >= 4::numeric) AND (ss_wholesale_cost <= 24::numeric))))
                                                               ->  Append-only Columnar Scan on store_sales_1_prt_40 store_sales_1_prt_40_2  (cost=0.00..2836757.12 rows=713706 width=6)
                                                                     Filter: ((ss_quantity >= 11) AND (ss_quantity <= 15) AND (((ss_list_price >= 66::numeric) AND (ss_list_price <= 76::numeric)) OR ((ss_coupon_amt >= 920::numeric) AND (ss_coupon_amt <= 1920::numeric)) OR ((ss_wholesale_cost >= 4::numeric) AND (ss_wholesale_cost <= 24::numeric))))
                                                               ->  Append-only Columnar Scan on store_sales_1_prt_41 store_sales_1_prt_41_2  (cost=0.00..1183326.00 rows=295615 width=6)
                                                                     Filter: ((ss_quantity >= 11) AND (ss_quantity <= 15) AND (((ss_list_price >= 66::numeric) AND (ss_list_price <= 76::numeric)) OR ((ss_coupon_amt >= 920::numeric) AND (ss_coupon_amt <= 1920::numeric)) OR ((ss_wholesale_cost >= 4::numeric) AND (ss_wholesale_cost <= 24::numeric))))
                                                               ->  Append-only Columnar Scan on store_sales_1_prt_42 store_sales_1_prt_42_2  (cost=0.00..824305.00 rows=189887 width=6)
                                                                     Filter: ((ss_quantity >= 11) AND (ss_quantity <= 15) AND (((ss_list_price >= 66::numeric) AND (ss_list_price <= 76::numeric)) OR ((ss_coupon_amt >= 920::numeric) AND (ss_coupon_amt <= 1920::numeric)) OR ((ss_wholesale_cost >= 4::numeric) AND (ss_wholesale_cost <= 24::numeric))))
                                                               ->  Append-only Columnar Scan on store_sales_1_prt_43 store_sales_1_prt_43_2  (cost=0.00..795024.00 rows=193775 width=6)
                                                                     Filter: ((ss_quantity >= 11) AND (ss_quantity <= 15) AND (((ss_list_price >= 66::numeric) AND (ss_list_price <= 76::numeric)) OR ((ss_coupon_amt >= 920::numeric) AND (ss_coupon_amt <= 1920::numeric)) OR ((ss_wholesale_cost >= 4::numeric) AND (ss_wholesale_cost <= 24::numeric))))
                                                               ->  Append-only Columnar Scan on store_sales_1_prt_44 store_sales_1_prt_44_2  (cost=0.00..823443.00 rows=202314 width=6)
                                                                     Filter: ((ss_quantity >= 11) AND (ss_quantity <= 15) AND (((ss_list_price >= 66::numeric) AND (ss_list_price <= 76::numeric)) OR ((ss_coupon_amt >= 920::numeric) AND (ss_coupon_amt <= 1920::numeric)) OR ((ss_wholesale_cost >= 4::numeric) AND (ss_wholesale_cost <= 24::numeric))))
                                                               ->  Append-only Columnar Scan on store_sales_1_prt_45 store_sales_1_prt_45_2  (cost=0.00..823709.00 rows=208740 width=6)
                                                                     Filter: ((ss_quantity >= 11) AND (ss_quantity <= 15) AND (((ss_list_price >= 66::numeric) AND (ss_list_price <= 76::numeric)) OR ((ss_coupon_amt >= 920::numeric) AND (ss_coupon_amt <= 1920::numeric)) OR ((ss_wholesale_cost >= 4::numeric) AND (ss_wholesale_cost <= 24::numeric))))
                                                               ->  Append-only Columnar Scan on store_sales_1_prt_46 store_sales_1_prt_46_2  (cost=0.00..824465.00 rows=211179 width=6)
                                                                     Filter: ((ss_quantity >= 11) AND (ss_quantity <= 15) AND (((ss_list_price >= 66::numeric) AND (ss_list_price <= 76::numeric)) OR ((ss_coupon_amt >= 920::numeric) AND (ss_coupon_amt <= 1920::numeric)) OR ((ss_wholesale_cost >= 4::numeric) AND (ss_wholesale_cost <= 24::numeric))))
                                                               ->  Append-only Columnar Scan on store_sales_1_prt_47 store_sales_1_prt_47_2  (cost=0.00..822710.00 rows=217004 width=6)
                                                                     Filter: ((ss_quantity >= 11) AND (ss_quantity <= 15) AND (((ss_list_price >= 66::numeric) AND (ss_list_price <= 76::numeric)) OR ((ss_coupon_amt >= 920::numeric) AND (ss_coupon_amt <= 1920::numeric)) OR ((ss_wholesale_cost >= 4::numeric) AND (ss_wholesale_cost <= 24::numeric))))
                                                               ->  Append-only Columnar Scan on store_sales_1_prt_48 store_sales_1_prt_48_2  (cost=0.00..1049885.00 rows=254907 width=6)
                                                                     Filter: ((ss_quantity >= 11) AND (ss_quantity <= 15) AND (((ss_list_price >= 66::numeric) AND (ss_list_price <= 76::numeric)) OR ((ss_coupon_amt >= 920::numeric) AND (ss_coupon_amt <= 1920::numeric)) OR ((ss_wholesale_cost >= 4::numeric) AND (ss_wholesale_cost <= 24::numeric))))
                                                               ->  Append-only Columnar Scan on store_sales_1_prt_49 store_sales_1_prt_49_2  (cost=0.00..1877504.00 rows=463000 width=6)
                                                                     Filter: ((ss_quantity >= 11) AND (ss_quantity <= 15) AND (((ss_list_price >= 66::numeric) AND (ss_list_price <= 76::numeric)) OR ((ss_coupon_amt >= 920::numeric) AND (ss_coupon_amt <= 1920::numeric)) OR ((ss_wholesale_cost >= 4::numeric) AND (ss_wholesale_cost <= 24::numeric))))
                                                               ->  Append-only Columnar Scan on store_sales_1_prt_50 store_sales_1_prt_50_2  (cost=0.00..1876541.00 rows=475380 width=6)
                                                                     Filter: ((ss_quantity >= 11) AND (ss_quantity <= 15) AND (((ss_list_price >= 66::numeric) AND (ss_list_price <= 76::numeric)) OR ((ss_coupon_amt >= 920::numeric) AND (ss_coupon_amt <= 1920::numeric)) OR ((ss_wholesale_cost >= 4::numeric) AND (ss_wholesale_cost <= 24::numeric))))
                                                               ->  Append-only Columnar Scan on store_sales_1_prt_51 store_sales_1_prt_51_2  (cost=0.00..1876610.00 rows=458436 width=6)
                                                                     Filter: ((ss_quantity >= 11) AND (ss_quantity <= 15) AND (((ss_list_price >= 66::numeric) AND (ss_list_price <= 76::numeric)) OR ((ss_coupon_amt >= 920::numeric) AND (ss_coupon_amt <= 1920::numeric)) OR ((ss_wholesale_cost >= 4::numeric) AND (ss_wholesale_cost <= 24::numeric))))
                                                               ->  Append-only Columnar Scan on store_sales_1_prt_52 store_sales_1_prt_52_2  (cost=0.00..2769970.00 rows=696843 width=6)
                                                                     Filter: ((ss_quantity >= 11) AND (ss_quantity <= 15) AND (((ss_list_price >= 66::numeric) AND (ss_list_price <= 76::numeric)) OR ((ss_coupon_amt >= 920::numeric) AND (ss_coupon_amt <= 1920::numeric)) OR ((ss_wholesale_cost >= 4::numeric) AND (ss_wholesale_cost <= 24::numeric))))
                                                               ->  Append-only Columnar Scan on store_sales_1_prt_53 store_sales_1_prt_53_2  (cost=0.00..2842711.88 rows=698355 width=6)
                                                                     Filter: ((ss_quantity >= 11) AND (ss_quantity <= 15) AND (((ss_list_price >= 66::numeric) AND (ss_list_price <= 76::numeric)) OR ((ss_coupon_amt >= 920::numeric) AND (ss_coupon_amt <= 1920::numeric)) OR ((ss_wholesale_cost >= 4::numeric) AND (ss_wholesale_cost <= 24::numeric))))
                                                               ->  Append-only Columnar Scan on store_sales_1_prt_54 store_sales_1_prt_54_2  (cost=0.00..1359885.00 rows=349289 width=6)
                                                                     Filter: ((ss_quantity >= 11) AND (ss_quantity <= 15) AND (((ss_list_price >= 66::numeric) AND (ss_list_price <= 76::numeric)) OR ((ss_coupon_amt >= 920::numeric) AND (ss_coupon_amt <= 1920::numeric)) OR ((ss_wholesale_cost >= 4::numeric) AND (ss_wholesale_cost <= 24::numeric))))
                                                               ->  Append-only Columnar Scan on store_sales_1_prt_55 store_sales_1_prt_55_2  (cost=0.00..824856.00 rows=210235 width=6)
                                                                     Filter: ((ss_quantity >= 11) AND (ss_quantity <= 15) AND (((ss_list_price >= 66::numeric) AND (ss_list_price <= 76::numeric)) OR ((ss_coupon_amt >= 920::numeric) AND (ss_coupon_amt <= 1920::numeric)) OR ((ss_wholesale_cost >= 4::numeric) AND (ss_wholesale_cost <= 24::numeric))))
                                                               ->  Append-only Columnar Scan on store_sales_1_prt_56 store_sales_1_prt_56_2  (cost=0.00..794658.00 rows=193276 width=6)
                                                                     Filter: ((ss_quantity >= 11) AND (ss_quantity <= 15) AND (((ss_list_price >= 66::numeric) AND (ss_list_price <= 76::numeric)) OR ((ss_coupon_amt >= 920::numeric) AND (ss_coupon_amt <= 1920::numeric)) OR ((ss_wholesale_cost >= 4::numeric) AND (ss_wholesale_cost <= 24::numeric))))
                                                               ->  Append-only Columnar Scan on store_sales_1_prt_57 store_sales_1_prt_57_2  (cost=0.00..824278.00 rows=208749 width=6)
                                                                     Filter: ((ss_quantity >= 11) AND (ss_quantity <= 15) AND (((ss_list_price >= 66::numeric) AND (ss_list_price <= 76::numeric)) OR ((ss_coupon_amt >= 920::numeric) AND (ss_coupon_amt <= 1920::numeric)) OR ((ss_wholesale_cost >= 4::numeric) AND (ss_wholesale_cost <= 24::numeric))))
                                                               ->  Append-only Columnar Scan on store_sales_1_prt_58 store_sales_1_prt_58_2  (cost=0.00..823447.00 rows=206742 width=6)
                                                                     Filter: ((ss_quantity >= 11) AND (ss_quantity <= 15) AND (((ss_list_price >= 66::numeric) AND (ss_list_price <= 76::numeric)) OR ((ss_coupon_amt >= 920::numeric) AND (ss_coupon_amt <= 1920::numeric)) OR ((ss_wholesale_cost >= 4::numeric) AND (ss_wholesale_cost <= 24::numeric))))
                                                               ->  Append-only Columnar Scan on store_sales_1_prt_59 store_sales_1_prt_59_2  (cost=0.00..824350.00 rows=204576 width=6)
                                                                     Filter: ((ss_quantity >= 11) AND (ss_quantity <= 15) AND (((ss_list_price >= 66::numeric) AND (ss_list_price <= 76::numeric)) OR ((ss_coupon_amt >= 920::numeric) AND (ss_coupon_amt <= 1920::numeric)) OR ((ss_wholesale_cost >= 4::numeric) AND (ss_wholesale_cost <= 24::numeric))))
                                                               ->  Append-only Columnar Scan on store_sales_1_prt_60 store_sales_1_prt_60_2  (cost=0.00..824092.00 rows=206958 width=6)
                                                                     Filter: ((ss_quantity >= 11) AND (ss_quantity <= 15) AND (((ss_list_price >= 66::numeric) AND (ss_list_price <= 76::numeric)) OR ((ss_coupon_amt >= 920::numeric) AND (ss_coupon_amt <= 1920::numeric)) OR ((ss_wholesale_cost >= 4::numeric) AND (ss_wholesale_cost <= 24::numeric))))
                                                               ->  Append-only Columnar Scan on store_sales_1_prt_61 store_sales_1_prt_61_2  (cost=0.00..1011520.00 rows=255112 width=6)
                                                                     Filter: ((ss_quantity >= 11) AND (ss_quantity <= 15) AND (((ss_list_price >= 66::numeric) AND (ss_list_price <= 76::numeric)) OR ((ss_coupon_amt >= 920::numeric) AND (ss_coupon_amt <= 1920::numeric)) OR ((ss_wholesale_cost >= 4::numeric) AND (ss_wholesale_cost <= 24::numeric))))
                                                               ->  Append-only Columnar Scan on store_sales_1_prt_62 store_sales_1_prt_62_2  (cost=0.00..1875423.00 rows=469928 width=6)
                                                                     Filter: ((ss_quantity >= 11) AND (ss_quantity <= 15) AND (((ss_list_price >= 66::numeric) AND (ss_list_price <= 76::numeric)) OR ((ss_coupon_amt >= 920::numeric) AND (ss_coupon_amt <= 1920::numeric)) OR ((ss_wholesale_cost >= 4::numeric) AND (ss_wholesale_cost <= 24::numeric))))
                                                               ->  Append-only Columnar Scan on store_sales_1_prt_63 store_sales_1_prt_63_2  (cost=0.00..1876566.00 rows=455619 width=6)
                                                                     Filter: ((ss_quantity >= 11) AND (ss_quantity <= 15) AND (((ss_list_price >= 66::numeric) AND (ss_list_price <= 76::numeric)) OR ((ss_coupon_amt >= 920::numeric) AND (ss_coupon_amt <= 1920::numeric)) OR ((ss_wholesale_cost >= 4::numeric) AND (ss_wholesale_cost <= 24::numeric))))
                                                               ->  Append-only Columnar Scan on store_sales_1_prt_64 store_sales_1_prt_64_2  (cost=0.00..1876492.00 rows=485560 width=6)
                                                                     Filter: ((ss_quantity >= 11) AND (ss_quantity <= 15) AND (((ss_list_price >= 66::numeric) AND (ss_list_price <= 76::numeric)) OR ((ss_coupon_amt >= 920::numeric) AND (ss_coupon_amt <= 1920::numeric)) OR ((ss_wholesale_cost >= 4::numeric) AND (ss_wholesale_cost <= 24::numeric))))
                                                               ->  Append-only Columnar Scan on store_sales_1_prt_65 store_sales_1_prt_65_2  (cost=0.00..2737216.88 rows=683305 width=6)
                                                                     Filter: ((ss_quantity >= 11) AND (ss_quantity <= 15) AND (((ss_list_price >= 66::numeric) AND (ss_list_price <= 76::numeric)) OR ((ss_coupon_amt >= 920::numeric) AND (ss_coupon_amt <= 1920::numeric)) OR ((ss_wholesale_cost >= 4::numeric) AND (ss_wholesale_cost <= 24::numeric))))
                                                               ->  Append-only Columnar Scan on store_sales_1_prt_66 store_sales_1_prt_66_2  (cost=0.00..2840279.88 rows=724700 width=6)
                                                                     Filter: ((ss_quantity >= 11) AND (ss_quantity <= 15) AND (((ss_list_price >= 66::numeric) AND (ss_list_price <= 76::numeric)) OR ((ss_coupon_amt >= 920::numeric) AND (ss_coupon_amt <= 1920::numeric)) OR ((ss_wholesale_cost >= 4::numeric) AND (ss_wholesale_cost <= 24::numeric))))
                                                               ->  Append-only Columnar Scan on store_sales_1_prt_67 store_sales_1_prt_67_2  (cost=0.00..811471.00 rows=211553 width=6)
                                                                     Filter: ((ss_quantity >= 11) AND (ss_quantity <= 15) AND (((ss_list_price >= 66::numeric) AND (ss_list_price <= 76::numeric)) OR ((ss_coupon_amt >= 920::numeric) AND (ss_coupon_amt <= 1920::numeric)) OR ((ss_wholesale_cost >= 4::numeric) AND (ss_wholesale_cost <= 24::numeric))))
                                                               ->  Append-only Columnar Scan on store_sales_1_prt_68 store_sales_1_prt_68_2  (cost=0.00..1.00 rows=1 width=14)
                                                                     Filter: ((ss_quantity >= 11) AND (ss_quantity <= 15) AND (((ss_list_price >= 66::numeric) AND (ss_list_price <= 76::numeric)) OR ((ss_coupon_amt >= 920::numeric) AND (ss_coupon_amt <= 1920::numeric)) OR ((ss_wholesale_cost >= 4::numeric) AND (ss_wholesale_cost <= 24::numeric))))
                                                               ->  Append-only Columnar Scan on store_sales_1_prt_69 store_sales_1_prt_69_2  (cost=0.00..1.00 rows=1 width=14)
                                                                     Filter: ((ss_quantity >= 11) AND (ss_quantity <= 15) AND (((ss_list_price >= 66::numeric) AND (ss_list_price <= 76::numeric)) OR ((ss_coupon_amt >= 920::numeric) AND (ss_coupon_amt <= 1920::numeric)) OR ((ss_wholesale_cost >= 4::numeric) AND (ss_wholesale_cost <= 24::numeric))))
                                                               ->  Append-only Columnar Scan on store_sales_1_prt_70 store_sales_1_prt_70_2  (cost=0.00..1.00 rows=1 width=14)
                                                                     Filter: ((ss_quantity >= 11) AND (ss_quantity <= 15) AND (((ss_list_price >= 66::numeric) AND (ss_list_price <= 76::numeric)) OR ((ss_coupon_amt >= 920::numeric) AND (ss_coupon_amt <= 1920::numeric)) OR ((ss_wholesale_cost >= 4::numeric) AND (ss_wholesale_cost <= 24::numeric))))
                                                               ->  Append-only Columnar Scan on store_sales_1_prt_71 store_sales_1_prt_71_2  (cost=0.00..1.00 rows=1 width=14)
                                                                     Filter: ((ss_quantity >= 11) AND (ss_quantity <= 15) AND (((ss_list_price >= 66::numeric) AND (ss_list_price <= 76::numeric)) OR ((ss_coupon_amt >= 920::numeric) AND (ss_coupon_amt <= 1920::numeric)) OR ((ss_wholesale_cost >= 4::numeric) AND (ss_wholesale_cost <= 24::numeric))))
                                                               ->  Append-only Columnar Scan on store_sales_1_prt_72 store_sales_1_prt_72_2  (cost=0.00..1.00 rows=1 width=14)
                                                                     Filter: ((ss_quantity >= 11) AND (ss_quantity <= 15) AND (((ss_list_price >= 66::numeric) AND (ss_list_price <= 76::numeric)) OR ((ss_coupon_amt >= 920::numeric) AND (ss_coupon_amt <= 1920::numeric)) OR ((ss_wholesale_cost >= 4::numeric) AND (ss_wholesale_cost <= 24::numeric))))
                                                               ->  Append-only Columnar Scan on store_sales_1_prt_73 store_sales_1_prt_73_2  (cost=0.00..1.00 rows=1 width=14)
                                                                     Filter: ((ss_quantity >= 11) AND (ss_quantity <= 15) AND (((ss_list_price >= 66::numeric) AND (ss_list_price <= 76::numeric)) OR ((ss_coupon_amt >= 920::numeric) AND (ss_coupon_amt <= 1920::numeric)) OR ((ss_wholesale_cost >= 4::numeric) AND (ss_wholesale_cost <= 24::numeric))))
                                                               ->  Append-only Columnar Scan on store_sales_1_prt_74 store_sales_1_prt_74_2  (cost=0.00..1.00 rows=1 width=14)
                                                                     Filter: ((ss_quantity >= 11) AND (ss_quantity <= 15) AND (((ss_list_price >= 66::numeric) AND (ss_list_price <= 76::numeric)) OR ((ss_coupon_amt >= 920::numeric) AND (ss_coupon_amt <= 1920::numeric)) OR ((ss_wholesale_cost >= 4::numeric) AND (ss_wholesale_cost <= 24::numeric))))
                                                               ->  Append-only Columnar Scan on store_sales_1_prt_75 store_sales_1_prt_75_2  (cost=0.00..1.00 rows=1 width=14)
                                                                     Filter: ((ss_quantity >= 11) AND (ss_quantity <= 15) AND (((ss_list_price >= 66::numeric) AND (ss_list_price <= 76::numeric)) OR ((ss_coupon_amt >= 920::numeric) AND (ss_coupon_amt <= 1920::numeric)) OR ((ss_wholesale_cost >= 4::numeric) AND (ss_wholesale_cost <= 24::numeric))))
                                                               ->  Append-only Columnar Scan on store_sales_1_prt_76 store_sales_1_prt_76_2  (cost=0.00..1.00 rows=1 width=14)
                                                                     Filter: ((ss_quantity >= 11) AND (ss_quantity <= 15) AND (((ss_list_price >= 66::numeric) AND (ss_list_price <= 76::numeric)) OR ((ss_coupon_amt >= 920::numeric) AND (ss_coupon_amt <= 1920::numeric)) OR ((ss_wholesale_cost >= 4::numeric) AND (ss_wholesale_cost <= 24::numeric))))
                                                               ->  Append-only Columnar Scan on store_sales_1_prt_77 store_sales_1_prt_77_2  (cost=0.00..1.00 rows=1 width=14)
                                                                     Filter: ((ss_quantity >= 11) AND (ss_quantity <= 15) AND (((ss_list_price >= 66::numeric) AND (ss_list_price <= 76::numeric)) OR ((ss_coupon_amt >= 920::numeric) AND (ss_coupon_amt <= 1920::numeric)) OR ((ss_wholesale_cost >= 4::numeric) AND (ss_wholesale_cost <= 24::numeric))))
                                                               ->  Append-only Columnar Scan on store_sales_1_prt_78 store_sales_1_prt_78_2  (cost=0.00..1.00 rows=1 width=14)
                                                                     Filter: ((ss_quantity >= 11) AND (ss_quantity <= 15) AND (((ss_list_price >= 66::numeric) AND (ss_list_price <= 76::numeric)) OR ((ss_coupon_amt >= 920::numeric) AND (ss_coupon_amt <= 1920::numeric)) OR ((ss_wholesale_cost >= 4::numeric) AND (ss_wholesale_cost <= 24::numeric))))
                                                               ->  Append-only Columnar Scan on store_sales_1_prt_79 store_sales_1_prt_79_2  (cost=0.00..1.00 rows=1 width=14)
                                                                     Filter: ((ss_quantity >= 11) AND (ss_quantity <= 15) AND (((ss_list_price >= 66::numeric) AND (ss_list_price <= 76::numeric)) OR ((ss_coupon_amt >= 920::numeric) AND (ss_coupon_amt <= 1920::numeric)) OR ((ss_wholesale_cost >= 4::numeric) AND (ss_wholesale_cost <= 24::numeric))))
                                                               ->  Append-only Columnar Scan on store_sales_1_prt_80 store_sales_1_prt_80_2  (cost=0.00..1.00 rows=1 width=14)
                                                                     Filter: ((ss_quantity >= 11) AND (ss_quantity <= 15) AND (((ss_list_price >= 66::numeric) AND (ss_list_price <= 76::numeric)) OR ((ss_coupon_amt >= 920::numeric) AND (ss_coupon_amt <= 1920::numeric)) OR ((ss_wholesale_cost >= 4::numeric) AND (ss_wholesale_cost <= 24::numeric))))
                     ->  Materialize  (cost=98902759.94..98902759.97 rows=1 width=48)
                           ->  Aggregate  (cost=98902759.94..98902759.95 rows=1 width=48)
                                 ->  Gather Motion 3:1  (slice8; segments: 3)  (cost=98902759.87..98902759.92 rows=1 width=48)
                                       ->  Aggregate  (cost=98902759.87..98902759.88 rows=1 width=48)
                                             ->  Redistribute Motion 3:3  (slice7; segments: 3)  (cost=0.00..98417754.24 rows=21555806 width=6)
                                                   Hash Key: store_sales_1_prt_outliers_3.ss_list_price
                                                   ->  Append  (cost=0.00..97124405.88 rows=21555806 width=6)
                                                         ->  Append-only Columnar Scan on store_sales_1_prt_outliers store_sales_1_prt_outliers_3  (cost=0.00..4160635.00 rows=358704 width=6)
                                                               Filter: ((ss_quantity >= 16) AND (ss_quantity <= 20) AND (((ss_list_price >= 142::numeric) AND (ss_list_price <= 152::numeric)) OR ((ss_coupon_amt >= 3054::numeric) AND (ss_coupon_amt <= 4054::numeric)) OR ((ss_wholesale_cost >= 80::numeric) AND (ss_wholesale_cost <= 100::numeric))))
                                                         ->  Append-only Columnar Scan on store_sales_1_prt_2 store_sales_1_prt_2_3  (cost=0.00..795003.00 rows=180357 width=6)
                                                               Filter: ((ss_quantity >= 16) AND (ss_quantity <= 20) AND (((ss_list_price >= 142::numeric) AND (ss_list_price <= 152::numeric)) OR ((ss_coupon_amt >= 3054::numeric) AND (ss_coupon_amt <= 4054::numeric)) OR ((ss_wholesale_cost >= 80::numeric) AND (ss_wholesale_cost <= 100::numeric))))
                                                         ->  Append-only Columnar Scan on store_sales_1_prt_3 store_sales_1_prt_3_3  (cost=0.00..823459.00 rows=191660 width=6)
                                                               Filter: ((ss_quantity >= 16) AND (ss_quantity <= 20) AND (((ss_list_price >= 142::numeric) AND (ss_list_price <= 152::numeric)) OR ((ss_coupon_amt >= 3054::numeric) AND (ss_coupon_amt <= 4054::numeric)) OR ((ss_wholesale_cost >= 80::numeric) AND (ss_wholesale_cost <= 100::numeric))))
                                                         ->  Append-only Columnar Scan on store_sales_1_prt_4 store_sales_1_prt_4_3  (cost=0.00..794480.00 rows=177457 width=6)
                                                               Filter: ((ss_quantity >= 16) AND (ss_quantity <= 20) AND (((ss_list_price >= 142::numeric) AND (ss_list_price <= 152::numeric)) OR ((ss_coupon_amt >= 3054::numeric) AND (ss_coupon_amt <= 4054::numeric)) OR ((ss_wholesale_cost >= 80::numeric) AND (ss_wholesale_cost <= 100::numeric))))
                                                         ->  Append-only Columnar Scan on store_sales_1_prt_5 store_sales_1_prt_5_3  (cost=0.00..823865.00 rows=193443 width=6)
                                                               Filter: ((ss_quantity >= 16) AND (ss_quantity <= 20) AND (((ss_list_price >= 142::numeric) AND (ss_list_price <= 152::numeric)) OR ((ss_coupon_amt >= 3054::numeric) AND (ss_coupon_amt <= 4054::numeric)) OR ((ss_wholesale_cost >= 80::numeric) AND (ss_wholesale_cost <= 100::numeric))))
                                                         ->  Append-only Columnar Scan on store_sales_1_prt_6 store_sales_1_prt_6_3  (cost=0.00..823965.00 rows=185643 width=6)
                                                               Filter: ((ss_quantity >= 16) AND (ss_quantity <= 20) AND (((ss_list_price >= 142::numeric) AND (ss_list_price <= 152::numeric)) OR ((ss_coupon_amt >= 3054::numeric) AND (ss_coupon_amt <= 4054::numeric)) OR ((ss_wholesale_cost >= 80::numeric) AND (ss_wholesale_cost <= 100::numeric))))
                                                         ->  Append-only Columnar Scan on store_sales_1_prt_7 store_sales_1_prt_7_3  (cost=0.00..824047.00 rows=198105 width=6)
                                                               Filter: ((ss_quantity >= 16) AND (ss_quantity <= 20) AND (((ss_list_price >= 142::numeric) AND (ss_list_price <= 152::numeric)) OR ((ss_coupon_amt >= 3054::numeric) AND (ss_coupon_amt <= 4054::numeric)) OR ((ss_wholesale_cost >= 80::numeric) AND (ss_wholesale_cost <= 100::numeric))))
                                                         ->  Append-only Columnar Scan on store_sales_1_prt_8 store_sales_1_prt_8_3  (cost=0.00..823076.00 rows=190101 width=6)
                                                               Filter: ((ss_quantity >= 16) AND (ss_quantity <= 20) AND (((ss_list_price >= 142::numeric) AND (ss_list_price <= 152::numeric)) OR ((ss_coupon_amt >= 3054::numeric) AND (ss_coupon_amt <= 4054::numeric)) OR ((ss_wholesale_cost >= 80::numeric) AND (ss_wholesale_cost <= 100::numeric))))
                                                         ->  Append-only Columnar Scan on store_sales_1_prt_9 store_sales_1_prt_9_3  (cost=0.00..1199494.00 rows=276125 width=6)
                                                               Filter: ((ss_quantity >= 16) AND (ss_quantity <= 20) AND (((ss_list_price >= 142::numeric) AND (ss_list_price <= 152::numeric)) OR ((ss_coupon_amt >= 3054::numeric) AND (ss_coupon_amt <= 4054::numeric)) OR ((ss_wholesale_cost >= 80::numeric) AND (ss_wholesale_cost <= 100::numeric))))
                                                         ->  Append-only Columnar Scan on store_sales_1_prt_10 store_sales_1_prt_10_3  (cost=0.00..1874846.00 rows=432017 width=6)
                                                               Filter: ((ss_quantity >= 16) AND (ss_quantity <= 20) AND (((ss_list_price >= 142::numeric) AND (ss_list_price <= 152::numeric)) OR ((ss_coupon_amt >= 3054::numeric) AND (ss_coupon_amt <= 4054::numeric)) OR ((ss_wholesale_cost >= 80::numeric) AND (ss_wholesale_cost <= 100::numeric))))
                                                         ->  Append-only Columnar Scan on store_sales_1_prt_11 store_sales_1_prt_11_3  (cost=0.00..1876812.00 rows=429339 width=6)
                                                               Filter: ((ss_quantity >= 16) AND (ss_quantity <= 20) AND (((ss_list_price >= 142::numeric) AND (ss_list_price <= 152::numeric)) OR ((ss_coupon_amt >= 3054::numeric) AND (ss_coupon_amt <= 4054::numeric)) OR ((ss_wholesale_cost >= 80::numeric) AND (ss_wholesale_cost <= 100::numeric))))
                                                         ->  Append-only Columnar Scan on store_sales_1_prt_12 store_sales_1_prt_12_3  (cost=0.00..1944629.00 rows=441044 width=6)
                                                               Filter: ((ss_quantity >= 16) AND (ss_quantity <= 20) AND (((ss_list_price >= 142::numeric) AND (ss_list_price <= 152::numeric)) OR ((ss_coupon_amt >= 3054::numeric) AND (ss_coupon_amt <= 4054::numeric)) OR ((ss_wholesale_cost >= 80::numeric) AND (ss_wholesale_cost <= 100::numeric))))
                                                         ->  Append-only Columnar Scan on store_sales_1_prt_13 store_sales_1_prt_13_3  (cost=0.00..2840696.00 rows=649564 width=6)
                                                               Filter: ((ss_quantity >= 16) AND (ss_quantity <= 20) AND (((ss_list_price >= 142::numeric) AND (ss_list_price <= 152::numeric)) OR ((ss_coupon_amt >= 3054::numeric) AND (ss_coupon_amt <= 4054::numeric)) OR ((ss_wholesale_cost >= 80::numeric) AND (ss_wholesale_cost <= 100::numeric))))
                                                         ->  Append-only Columnar Scan on store_sales_1_prt_14 store_sales_1_prt_14_3  (cost=0.00..2842993.00 rows=621119 width=6)
                                                               Filter: ((ss_quantity >= 16) AND (ss_quantity <= 20) AND (((ss_list_price >= 142::numeric) AND (ss_list_price <= 152::numeric)) OR ((ss_coupon_amt >= 3054::numeric) AND (ss_coupon_amt <= 4054::numeric)) OR ((ss_wholesale_cost >= 80::numeric) AND (ss_wholesale_cost <= 100::numeric))))
                                                         ->  Append-only Columnar Scan on store_sales_1_prt_15 store_sales_1_prt_15_3  (cost=0.00..1069612.00 rows=252397 width=6)
                                                               Filter: ((ss_quantity >= 16) AND (ss_quantity <= 20) AND (((ss_list_price >= 142::numeric) AND (ss_list_price <= 152::numeric)) OR ((ss_coupon_amt >= 3054::numeric) AND (ss_coupon_amt <= 4054::numeric)) OR ((ss_wholesale_cost >= 80::numeric) AND (ss_wholesale_cost <= 100::numeric))))
                                                         ->  Append-only Columnar Scan on store_sales_1_prt_16 store_sales_1_prt_16_3  (cost=0.00..824105.00 rows=186094 width=6)
                                                               Filter: ((ss_quantity >= 16) AND (ss_quantity <= 20) AND (((ss_list_price >= 142::numeric) AND (ss_list_price <= 152::numeric)) OR ((ss_coupon_amt >= 3054::numeric) AND (ss_coupon_amt <= 4054::numeric)) OR ((ss_wholesale_cost >= 80::numeric) AND (ss_wholesale_cost <= 100::numeric))))
                                                         ->  Append-only Columnar Scan on store_sales_1_prt_17 store_sales_1_prt_17_3  (cost=0.00..795276.00 rows=181305 width=6)
                                                               Filter: ((ss_quantity >= 16) AND (ss_quantity <= 20) AND (((ss_list_price >= 142::numeric) AND (ss_list_price <= 152::numeric)) OR ((ss_coupon_amt >= 3054::numeric) AND (ss_coupon_amt <= 4054::numeric)) OR ((ss_wholesale_cost >= 80::numeric) AND (ss_wholesale_cost <= 100::numeric))))
                                                         ->  Append-only Columnar Scan on store_sales_1_prt_18 store_sales_1_prt_18_3  (cost=0.00..824379.00 rows=188770 width=6)
                                                               Filter: ((ss_quantity >= 16) AND (ss_quantity <= 20) AND (((ss_list_price >= 142::numeric) AND (ss_list_price <= 152::numeric)) OR ((ss_coupon_amt >= 3054::numeric) AND (ss_coupon_amt <= 4054::numeric)) OR ((ss_wholesale_cost >= 80::numeric) AND (ss_wholesale_cost <= 100::numeric))))
                                                         ->  Append-only Columnar Scan on store_sales_1_prt_19 store_sales_1_prt_19_3  (cost=0.00..823315.00 rows=195876 width=6)
                                                               Filter: ((ss_quantity >= 16) AND (ss_quantity <= 20) AND (((ss_list_price >= 142::numeric) AND (ss_list_price <= 152::numeric)) OR ((ss_coupon_amt >= 3054::numeric) AND (ss_coupon_amt <= 4054::numeric)) OR ((ss_wholesale_cost >= 80::numeric) AND (ss_wholesale_cost <= 100::numeric))))
                                                         ->  Append-only Columnar Scan on store_sales_1_prt_20 store_sales_1_prt_20_3  (cost=0.00..824738.00 rows=185163 width=6)
                                                               Filter: ((ss_quantity >= 16) AND (ss_quantity <= 20) AND (((ss_list_price >= 142::numeric) AND (ss_list_price <= 152::numeric)) OR ((ss_coupon_amt >= 3054::numeric) AND (ss_coupon_amt <= 4054::numeric)) OR ((ss_wholesale_cost >= 80::numeric) AND (ss_wholesale_cost <= 100::numeric))))
                                                         ->  Append-only Columnar Scan on store_sales_1_prt_21 store_sales_1_prt_21_3  (cost=0.00..823402.00 rows=188819 width=6)
                                                               Filter: ((ss_quantity >= 16) AND (ss_quantity <= 20) AND (((ss_list_price >= 142::numeric) AND (ss_list_price <= 152::numeric)) OR ((ss_coupon_amt >= 3054::numeric) AND (ss_coupon_amt <= 4054::numeric)) OR ((ss_wholesale_cost >= 80::numeric) AND (ss_wholesale_cost <= 100::numeric))))
                                                         ->  Append-only Columnar Scan on store_sales_1_prt_22 store_sales_1_prt_22_3  (cost=0.00..1161760.00 rows=266227 width=6)
                                                               Filter: ((ss_quantity >= 16) AND (ss_quantity <= 20) AND (((ss_list_price >= 142::numeric) AND (ss_list_price <= 152::numeric)) OR ((ss_coupon_amt >= 3054::numeric) AND (ss_coupon_amt <= 4054::numeric)) OR ((ss_wholesale_cost >= 80::numeric) AND (ss_wholesale_cost <= 100::numeric))))
                                                         ->  Append-only Columnar Scan on store_sales_1_prt_23 store_sales_1_prt_23_3  (cost=0.00..1876338.00 rows=411407 width=6)
                                                               Filter: ((ss_quantity >= 16) AND (ss_quantity <= 20) AND (((ss_list_price >= 142::numeric) AND (ss_list_price <= 152::numeric)) OR ((ss_coupon_amt >= 3054::numeric) AND (ss_coupon_amt <= 4054::numeric)) OR ((ss_wholesale_cost >= 80::numeric) AND (ss_wholesale_cost <= 100::numeric))))
                                                         ->  Append-only Columnar Scan on store_sales_1_prt_24 store_sales_1_prt_24_3  (cost=0.00..1875595.00 rows=401639 width=6)
                                                               Filter: ((ss_quantity >= 16) AND (ss_quantity <= 20) AND (((ss_list_price >= 142::numeric) AND (ss_list_price <= 152::numeric)) OR ((ss_coupon_amt >= 3054::numeric) AND (ss_coupon_amt <= 4054::numeric)) OR ((ss_wholesale_cost >= 80::numeric) AND (ss_wholesale_cost <= 100::numeric))))
                                                         ->  Append-only Columnar Scan on store_sales_1_prt_25 store_sales_1_prt_25_3  (cost=0.00..1909053.00 rows=441218 width=6)
                                                               Filter: ((ss_quantity >= 16) AND (ss_quantity <= 20) AND (((ss_list_price >= 142::numeric) AND (ss_list_price <= 152::numeric)) OR ((ss_coupon_amt >= 3054::numeric) AND (ss_coupon_amt <= 4054::numeric)) OR ((ss_wholesale_cost >= 80::numeric) AND (ss_wholesale_cost <= 100::numeric))))
                                                         ->  Append-only Columnar Scan on store_sales_1_prt_26 store_sales_1_prt_26_3  (cost=0.00..2843200.00 rows=645514 width=6)
                                                               Filter: ((ss_quantity >= 16) AND (ss_quantity <= 20) AND (((ss_list_price >= 142::numeric) AND (ss_list_price <= 152::numeric)) OR ((ss_coupon_amt >= 3054::numeric) AND (ss_coupon_amt <= 4054::numeric)) OR ((ss_wholesale_cost >= 80::numeric) AND (ss_wholesale_cost <= 100::numeric))))
                                                         ->  Append-only Columnar Scan on store_sales_1_prt_27 store_sales_1_prt_27_3  (cost=0.00..2841374.00 rows=666375 width=6)
                                                               Filter: ((ss_quantity >= 16) AND (ss_quantity <= 20) AND (((ss_list_price >= 142::numeric) AND (ss_list_price <= 152::numeric)) OR ((ss_coupon_amt >= 3054::numeric) AND (ss_coupon_amt <= 4054::numeric)) OR ((ss_wholesale_cost >= 80::numeric) AND (ss_wholesale_cost <= 100::numeric))))
                                                         ->  Append-only Columnar Scan on store_sales_1_prt_28 store_sales_1_prt_28_3  (cost=0.00..1141081.00 rows=255940 width=6)
                                                               Filter: ((ss_quantity >= 16) AND (ss_quantity <= 20) AND (((ss_list_price >= 142::numeric) AND (ss_list_price <= 152::numeric)) OR ((ss_coupon_amt >= 3054::numeric) AND (ss_coupon_amt <= 4054::numeric)) OR ((ss_wholesale_cost >= 80::numeric) AND (ss_wholesale_cost <= 100::numeric))))
                                                         ->  Append-only Columnar Scan on store_sales_1_prt_29 store_sales_1_prt_29_3  (cost=0.00..822730.00 rows=184673 width=6)
                                                               Filter: ((ss_quantity >= 16) AND (ss_quantity <= 20) AND (((ss_list_price >= 142::numeric) AND (ss_list_price <= 152::numeric)) OR ((ss_coupon_amt >= 3054::numeric) AND (ss_coupon_amt <= 4054::numeric)) OR ((ss_wholesale_cost >= 80::numeric) AND (ss_wholesale_cost <= 100::numeric))))
                                                         ->  Append-only Columnar Scan on store_sales_1_prt_30 store_sales_1_prt_30_3  (cost=0.00..823396.00 rows=182089 width=6)
                                                               Filter: ((ss_quantity >= 16) AND (ss_quantity <= 20) AND (((ss_list_price >= 142::numeric) AND (ss_list_price <= 152::numeric)) OR ((ss_coupon_amt >= 3054::numeric) AND (ss_coupon_amt <= 4054::numeric)) OR ((ss_wholesale_cost >= 80::numeric) AND (ss_wholesale_cost <= 100::numeric))))
                                                         ->  Append-only Columnar Scan on store_sales_1_prt_31 store_sales_1_prt_31_3  (cost=0.00..822970.00 rows=194139 width=6)
                                                               Filter: ((ss_quantity >= 16) AND (ss_quantity <= 20) AND (((ss_list_price >= 142::numeric) AND (ss_list_price <= 152::numeric)) OR ((ss_coupon_amt >= 3054::numeric) AND (ss_coupon_amt <= 4054::numeric)) OR ((ss_wholesale_cost >= 80::numeric) AND (ss_wholesale_cost <= 100::numeric))))
                                                         ->  Append-only Columnar Scan on store_sales_1_prt_32 store_sales_1_prt_32_3  (cost=0.00..822738.00 rows=192813 width=6)
                                                               Filter: ((ss_quantity >= 16) AND (ss_quantity <= 20) AND (((ss_list_price >= 142::numeric) AND (ss_list_price <= 152::numeric)) OR ((ss_coupon_amt >= 3054::numeric) AND (ss_coupon_amt <= 4054::numeric)) OR ((ss_wholesale_cost >= 80::numeric) AND (ss_wholesale_cost <= 100::numeric))))
                                                         ->  Append-only Columnar Scan on store_sales_1_prt_33 store_sales_1_prt_33_3  (cost=0.00..823109.00 rows=186812 width=6)
                                                               Filter: ((ss_quantity >= 16) AND (ss_quantity <= 20) AND (((ss_list_price >= 142::numeric) AND (ss_list_price <= 152::numeric)) OR ((ss_coupon_amt >= 3054::numeric) AND (ss_coupon_amt <= 4054::numeric)) OR ((ss_wholesale_cost >= 80::numeric) AND (ss_wholesale_cost <= 100::numeric))))
                                                         ->  Append-only Columnar Scan on store_sales_1_prt_34 store_sales_1_prt_34_3  (cost=0.00..821646.00 rows=181993 width=6)
                                                               Filter: ((ss_quantity >= 16) AND (ss_quantity <= 20) AND (((ss_list_price >= 142::numeric) AND (ss_list_price <= 152::numeric)) OR ((ss_coupon_amt >= 3054::numeric) AND (ss_coupon_amt <= 4054::numeric)) OR ((ss_wholesale_cost >= 80::numeric) AND (ss_wholesale_cost <= 100::numeric))))
                                                         ->  Append-only Columnar Scan on store_sales_1_prt_35 store_sales_1_prt_35_3  (cost=0.00..1121711.00 rows=250490 width=6)
                                                               Filter: ((ss_quantity >= 16) AND (ss_quantity <= 20) AND (((ss_list_price >= 142::numeric) AND (ss_list_price <= 152::numeric)) OR ((ss_coupon_amt >= 3054::numeric) AND (ss_coupon_amt <= 4054::numeric)) OR ((ss_wholesale_cost >= 80::numeric) AND (ss_wholesale_cost <= 100::numeric))))
                                                         ->  Append-only Columnar Scan on store_sales_1_prt_36 store_sales_1_prt_36_3  (cost=0.00..1872903.00 rows=425260 width=6)
                                                               Filter: ((ss_quantity >= 16) AND (ss_quantity <= 20) AND (((ss_list_price >= 142::numeric) AND (ss_list_price <= 152::numeric)) OR ((ss_coupon_amt >= 3054::numeric) AND (ss_coupon_amt <= 4054::numeric)) OR ((ss_wholesale_cost >= 80::numeric) AND (ss_wholesale_cost <= 100::numeric))))
                                                         ->  Append-only Columnar Scan on store_sales_1_prt_37 store_sales_1_prt_37_3  (cost=0.00..1871312.00 rows=419239 width=6)
                                                               Filter: ((ss_quantity >= 16) AND (ss_quantity <= 20) AND (((ss_list_price >= 142::numeric) AND (ss_list_price <= 152::numeric)) OR ((ss_coupon_amt >= 3054::numeric) AND (ss_coupon_amt <= 4054::numeric)) OR ((ss_wholesale_cost >= 80::numeric) AND (ss_wholesale_cost <= 100::numeric))))
                                                         ->  Append-only Columnar Scan on store_sales_1_prt_38 store_sales_1_prt_38_3  (cost=0.00..1872422.00 rows=418606 width=6)
                                                               Filter: ((ss_quantity >= 16) AND (ss_quantity <= 20) AND (((ss_list_price >= 142::numeric) AND (ss_list_price <= 152::numeric)) OR ((ss_coupon_amt >= 3054::numeric) AND (ss_coupon_amt <= 4054::numeric)) OR ((ss_wholesale_cost >= 80::numeric) AND (ss_wholesale_cost <= 100::numeric))))
                                                         ->  Append-only Columnar Scan on store_sales_1_prt_39 store_sales_1_prt_39_3  (cost=0.00..2836732.12 rows=659151 width=6)
                                                               Filter: ((ss_quantity >= 16) AND (ss_quantity <= 20) AND (((ss_list_price >= 142::numeric) AND (ss_list_price <= 152::numeric)) OR ((ss_coupon_amt >= 3054::numeric) AND (ss_coupon_amt <= 4054::numeric)) OR ((ss_wholesale_cost >= 80::numeric) AND (ss_wholesale_cost <= 100::numeric))))
                                                         ->  Append-only Columnar Scan on store_sales_1_prt_40 store_sales_1_prt_40_3  (cost=0.00..2836757.12 rows=632509 width=6)
                                                               Filter: ((ss_quantity >= 16) AND (ss_quantity <= 20) AND (((ss_list_price >= 142::numeric) AND (ss_list_price <= 152::numeric)) OR ((ss_coupon_amt >= 3054::numeric) AND (ss_coupon_amt <= 4054::numeric)) OR ((ss_wholesale_cost >= 80::numeric) AND (ss_wholesale_cost <= 100::numeric))))
                                                         ->  Append-only Columnar Scan on store_sales_1_prt_41 store_sales_1_prt_41_3  (cost=0.00..1183326.00 rows=274629 width=6)
                                                               Filter: ((ss_quantity >= 16) AND (ss_quantity <= 20) AND (((ss_list_price >= 142::numeric) AND (ss_list_price <= 152::numeric)) OR ((ss_coupon_amt >= 3054::numeric) AND (ss_coupon_amt <= 4054::numeric)) OR ((ss_wholesale_cost >= 80::numeric) AND (ss_wholesale_cost <= 100::numeric))))
                                                         ->  Append-only Columnar Scan on store_sales_1_prt_42 store_sales_1_prt_42_3  (cost=0.00..824305.00 rows=190563 width=6)
                                                               Filter: ((ss_quantity >= 16) AND (ss_quantity <= 20) AND (((ss_list_price >= 142::numeric) AND (ss_list_price <= 152::numeric)) OR ((ss_coupon_amt >= 3054::numeric) AND (ss_coupon_amt <= 4054::numeric)) OR ((ss_wholesale_cost >= 80::numeric) AND (ss_wholesale_cost <= 100::numeric))))
                                                         ->  Append-only Columnar Scan on store_sales_1_prt_43 store_sales_1_prt_43_3  (cost=0.00..795024.00 rows=184181 width=6)
                                                               Filter: ((ss_quantity >= 16) AND (ss_quantity <= 20) AND (((ss_list_price >= 142::numeric) AND (ss_list_price <= 152::numeric)) OR ((ss_coupon_amt >= 3054::numeric) AND (ss_coupon_amt <= 4054::numeric)) OR ((ss_wholesale_cost >= 80::numeric) AND (ss_wholesale_cost <= 100::numeric))))
                                                         ->  Append-only Columnar Scan on store_sales_1_prt_44 store_sales_1_prt_44_3  (cost=0.00..823443.00 rows=184949 width=6)
                                                               Filter: ((ss_quantity >= 16) AND (ss_quantity <= 20) AND (((ss_list_price >= 142::numeric) AND (ss_list_price <= 152::numeric)) OR ((ss_coupon_amt >= 3054::numeric) AND (ss_coupon_amt <= 4054::numeric)) OR ((ss_wholesale_cost >= 80::numeric) AND (ss_wholesale_cost <= 100::numeric))))
                                                         ->  Append-only Columnar Scan on store_sales_1_prt_45 store_sales_1_prt_45_3  (cost=0.00..823709.00 rows=184163 width=6)
                                                               Filter: ((ss_quantity >= 16) AND (ss_quantity <= 20) AND (((ss_list_price >= 142::numeric) AND (ss_list_price <= 152::numeric)) OR ((ss_coupon_amt >= 3054::numeric) AND (ss_coupon_amt <= 4054::numeric)) OR ((ss_wholesale_cost >= 80::numeric) AND (ss_wholesale_cost <= 100::numeric))))
                                                         ->  Append-only Columnar Scan on store_sales_1_prt_46 store_sales_1_prt_46_3  (cost=0.00..824465.00 rows=187777 width=6)
                                                               Filter: ((ss_quantity >= 16) AND (ss_quantity <= 20) AND (((ss_list_price >= 142::numeric) AND (ss_list_price <= 152::numeric)) OR ((ss_coupon_amt >= 3054::numeric) AND (ss_coupon_amt <= 4054::numeric)) OR ((ss_wholesale_cost >= 80::numeric) AND (ss_wholesale_cost <= 100::numeric))))
                                                         ->  Append-only Columnar Scan on store_sales_1_prt_47 store_sales_1_prt_47_3  (cost=0.00..822710.00 rows=184046 width=6)
                                                               Filter: ((ss_quantity >= 16) AND (ss_quantity <= 20) AND (((ss_list_price >= 142::numeric) AND (ss_list_price <= 152::numeric)) OR ((ss_coupon_amt >= 3054::numeric) AND (ss_coupon_amt <= 4054::numeric)) OR ((ss_wholesale_cost >= 80::numeric) AND (ss_wholesale_cost <= 100::numeric))))
                                                         ->  Append-only Columnar Scan on store_sales_1_prt_48 store_sales_1_prt_48_3  (cost=0.00..1049885.00 rows=238555 width=6)
                                                               Filter: ((ss_quantity >= 16) AND (ss_quantity <= 20) AND (((ss_list_price >= 142::numeric) AND (ss_list_price <= 152::numeric)) OR ((ss_coupon_amt >= 3054::numeric) AND (ss_coupon_amt <= 4054::numeric)) OR ((ss_wholesale_cost >= 80::numeric) AND (ss_wholesale_cost <= 100::numeric))))
                                                         ->  Append-only Columnar Scan on store_sales_1_prt_49 store_sales_1_prt_49_3  (cost=0.00..1877504.00 rows=421262 width=6)
                                                               Filter: ((ss_quantity >= 16) AND (ss_quantity <= 20) AND (((ss_list_price >= 142::numeric) AND (ss_list_price <= 152::numeric)) OR ((ss_coupon_amt >= 3054::numeric) AND (ss_coupon_amt <= 4054::numeric)) OR ((ss_wholesale_cost >= 80::numeric) AND (ss_wholesale_cost <= 100::numeric))))
                                                         ->  Append-only Columnar Scan on store_sales_1_prt_50 store_sales_1_prt_50_3  (cost=0.00..1876541.00 rows=452259 width=6)
                                                               Filter: ((ss_quantity >= 16) AND (ss_quantity <= 20) AND (((ss_list_price >= 142::numeric) AND (ss_list_price <= 152::numeric)) OR ((ss_coupon_amt >= 3054::numeric) AND (ss_coupon_amt <= 4054::numeric)) OR ((ss_wholesale_cost >= 80::numeric) AND (ss_wholesale_cost <= 100::numeric))))
                                                         ->  Append-only Columnar Scan on store_sales_1_prt_51 store_sales_1_prt_51_3  (cost=0.00..1876610.00 rows=431710 width=6)
                                                               Filter: ((ss_quantity >= 16) AND (ss_quantity <= 20) AND (((ss_list_price >= 142::numeric) AND (ss_list_price <= 152::numeric)) OR ((ss_coupon_amt >= 3054::numeric) AND (ss_coupon_amt <= 4054::numeric)) OR ((ss_wholesale_cost >= 80::numeric) AND (ss_wholesale_cost <= 100::numeric))))
                                                         ->  Append-only Columnar Scan on store_sales_1_prt_52 store_sales_1_prt_52_3  (cost=0.00..2769970.00 rows=637223 width=6)
                                                               Filter: ((ss_quantity >= 16) AND (ss_quantity <= 20) AND (((ss_list_price >= 142::numeric) AND (ss_list_price <= 152::numeric)) OR ((ss_coupon_amt >= 3054::numeric) AND (ss_coupon_amt <= 4054::numeric)) OR ((ss_wholesale_cost >= 80::numeric) AND (ss_wholesale_cost <= 100::numeric))))
                                                         ->  Append-only Columnar Scan on store_sales_1_prt_53 store_sales_1_prt_53_3  (cost=0.00..2842711.88 rows=641942 width=6)
                                                               Filter: ((ss_quantity >= 16) AND (ss_quantity <= 20) AND (((ss_list_price >= 142::numeric) AND (ss_list_price <= 152::numeric)) OR ((ss_coupon_amt >= 3054::numeric) AND (ss_coupon_amt <= 4054::numeric)) OR ((ss_wholesale_cost >= 80::numeric) AND (ss_wholesale_cost <= 100::numeric))))
                                                         ->  Append-only Columnar Scan on store_sales_1_prt_54 store_sales_1_prt_54_3  (cost=0.00..1359885.00 rows=316535 width=6)
                                                               Filter: ((ss_quantity >= 16) AND (ss_quantity <= 20) AND (((ss_list_price >= 142::numeric) AND (ss_list_price <= 152::numeric)) OR ((ss_coupon_amt >= 3054::numeric) AND (ss_coupon_amt <= 4054::numeric)) OR ((ss_wholesale_cost >= 80::numeric) AND (ss_wholesale_cost <= 100::numeric))))
                                                         ->  Append-only Columnar Scan on store_sales_1_prt_55 store_sales_1_prt_55_3  (cost=0.00..824856.00 rows=190503 width=6)
                                                               Filter: ((ss_quantity >= 16) AND (ss_quantity <= 20) AND (((ss_list_price >= 142::numeric) AND (ss_list_price <= 152::numeric)) OR ((ss_coupon_amt >= 3054::numeric) AND (ss_coupon_amt <= 4054::numeric)) OR ((ss_wholesale_cost >= 80::numeric) AND (ss_wholesale_cost <= 100::numeric))))
                                                         ->  Append-only Columnar Scan on store_sales_1_prt_56 store_sales_1_prt_56_3  (cost=0.00..794658.00 rows=184210 width=6)
                                                               Filter: ((ss_quantity >= 16) AND (ss_quantity <= 20) AND (((ss_list_price >= 142::numeric) AND (ss_list_price <= 152::numeric)) OR ((ss_coupon_amt >= 3054::numeric) AND (ss_coupon_amt <= 4054::numeric)) OR ((ss_wholesale_cost >= 80::numeric) AND (ss_wholesale_cost <= 100::numeric))))
                                                         ->  Append-only Columnar Scan on store_sales_1_prt_57 store_sales_1_prt_57_3  (cost=0.00..824278.00 rows=191808 width=6)
                                                               Filter: ((ss_quantity >= 16) AND (ss_quantity <= 20) AND (((ss_list_price >= 142::numeric) AND (ss_list_price <= 152::numeric)) OR ((ss_coupon_amt >= 3054::numeric) AND (ss_coupon_amt <= 4054::numeric)) OR ((ss_wholesale_cost >= 80::numeric) AND (ss_wholesale_cost <= 100::numeric))))
                                                         ->  Append-only Columnar Scan on store_sales_1_prt_58 store_sales_1_prt_58_3  (cost=0.00..823447.00 rows=189656 width=6)
                                                               Filter: ((ss_quantity >= 16) AND (ss_quantity <= 20) AND (((ss_list_price >= 142::numeric) AND (ss_list_price <= 152::numeric)) OR ((ss_coupon_amt >= 3054::numeric) AND (ss_coupon_amt <= 4054::numeric)) OR ((ss_wholesale_cost >= 80::numeric) AND (ss_wholesale_cost <= 100::numeric))))
                                                         ->  Append-only Columnar Scan on store_sales_1_prt_59 store_sales_1_prt_59_3  (cost=0.00..824350.00 rows=193402 width=6)
                                                               Filter: ((ss_quantity >= 16) AND (ss_quantity <= 20) AND (((ss_list_price >= 142::numeric) AND (ss_list_price <= 152::numeric)) OR ((ss_coupon_amt >= 3054::numeric) AND (ss_coupon_amt <= 4054::numeric)) OR ((ss_wholesale_cost >= 80::numeric) AND (ss_wholesale_cost <= 100::numeric))))
                                                         ->  Append-only Columnar Scan on store_sales_1_prt_60 store_sales_1_prt_60_3  (cost=0.00..824092.00 rows=186089 width=6)
                                                               Filter: ((ss_quantity >= 16) AND (ss_quantity <= 20) AND (((ss_list_price >= 142::numeric) AND (ss_list_price <= 152::numeric)) OR ((ss_coupon_amt >= 3054::numeric) AND (ss_coupon_amt <= 4054::numeric)) OR ((ss_wholesale_cost >= 80::numeric) AND (ss_wholesale_cost <= 100::numeric))))
                                                         ->  Append-only Columnar Scan on store_sales_1_prt_61 store_sales_1_prt_61_3  (cost=0.00..1011520.00 rows=229150 width=6)
                                                               Filter: ((ss_quantity >= 16) AND (ss_quantity <= 20) AND (((ss_list_price >= 142::numeric) AND (ss_list_price <= 152::numeric)) OR ((ss_coupon_amt >= 3054::numeric) AND (ss_coupon_amt <= 4054::numeric)) OR ((ss_wholesale_cost >= 80::numeric) AND (ss_wholesale_cost <= 100::numeric))))
                                                         ->  Append-only Columnar Scan on store_sales_1_prt_62 store_sales_1_prt_62_3  (cost=0.00..1875423.00 rows=425825 width=6)
                                                               Filter: ((ss_quantity >= 16) AND (ss_quantity <= 20) AND (((ss_list_price >= 142::numeric) AND (ss_list_price <= 152::numeric)) OR ((ss_coupon_amt >= 3054::numeric) AND (ss_coupon_amt <= 4054::numeric)) OR ((ss_wholesale_cost >= 80::numeric) AND (ss_wholesale_cost <= 100::numeric))))
                                                         ->  Append-only Columnar Scan on store_sales_1_prt_63 store_sales_1_prt_63_3  (cost=0.00..1876566.00 rows=430116 width=6)
                                                               Filter: ((ss_quantity >= 16) AND (ss_quantity <= 20) AND (((ss_list_price >= 142::numeric) AND (ss_list_price <= 152::numeric)) OR ((ss_coupon_amt >= 3054::numeric) AND (ss_coupon_amt <= 4054::numeric)) OR ((ss_wholesale_cost >= 80::numeric) AND (ss_wholesale_cost <= 100::numeric))))
                                                         ->  Append-only Columnar Scan on store_sales_1_prt_64 store_sales_1_prt_64_3  (cost=0.00..1876492.00 rows=435640 width=6)
                                                               Filter: ((ss_quantity >= 16) AND (ss_quantity <= 20) AND (((ss_list_price >= 142::numeric) AND (ss_list_price <= 152::numeric)) OR ((ss_coupon_amt >= 3054::numeric) AND (ss_coupon_amt <= 4054::numeric)) OR ((ss_wholesale_cost >= 80::numeric) AND (ss_wholesale_cost <= 100::numeric))))
                                                         ->  Append-only Columnar Scan on store_sales_1_prt_65 store_sales_1_prt_65_3  (cost=0.00..2737216.88 rows=608689 width=6)
                                                               Filter: ((ss_quantity >= 16) AND (ss_quantity <= 20) AND (((ss_list_price >= 142::numeric) AND (ss_list_price <= 152::numeric)) OR ((ss_coupon_amt >= 3054::numeric) AND (ss_coupon_amt <= 4054::numeric)) OR ((ss_wholesale_cost >= 80::numeric) AND (ss_wholesale_cost <= 100::numeric))))
                                                         ->  Append-only Columnar Scan on store_sales_1_prt_66 store_sales_1_prt_66_3  (cost=0.00..2840279.88 rows=659838 width=6)
                                                               Filter: ((ss_quantity >= 16) AND (ss_quantity <= 20) AND (((ss_list_price >= 142::numeric) AND (ss_list_price <= 152::numeric)) OR ((ss_coupon_amt >= 3054::numeric) AND (ss_coupon_amt <= 4054::numeric)) OR ((ss_wholesale_cost >= 80::numeric) AND (ss_wholesale_cost <= 100::numeric))))
                                                         ->  Append-only Columnar Scan on store_sales_1_prt_67 store_sales_1_prt_67_3  (cost=0.00..811471.00 rows=181922 width=6)
                                                               Filter: ((ss_quantity >= 16) AND (ss_quantity <= 20) AND (((ss_list_price >= 142::numeric) AND (ss_list_price <= 152::numeric)) OR ((ss_coupon_amt >= 3054::numeric) AND (ss_coupon_amt <= 4054::numeric)) OR ((ss_wholesale_cost >= 80::numeric) AND (ss_wholesale_cost <= 100::numeric))))
                                                         ->  Append-only Columnar Scan on store_sales_1_prt_68 store_sales_1_prt_68_3  (cost=0.00..1.00 rows=1 width=14)
                                                               Filter: ((ss_quantity >= 16) AND (ss_quantity <= 20) AND (((ss_list_price >= 142::numeric) AND (ss_list_price <= 152::numeric)) OR ((ss_coupon_amt >= 3054::numeric) AND (ss_coupon_amt <= 4054::numeric)) OR ((ss_wholesale_cost >= 80::numeric) AND (ss_wholesale_cost <= 100::numeric))))
                                                         ->  Append-only Columnar Scan on store_sales_1_prt_69 store_sales_1_prt_69_3  (cost=0.00..1.00 rows=1 width=14)
                                                               Filter: ((ss_quantity >= 16) AND (ss_quantity <= 20) AND (((ss_list_price >= 142::numeric) AND (ss_list_price <= 152::numeric)) OR ((ss_coupon_amt >= 3054::numeric) AND (ss_coupon_amt <= 4054::numeric)) OR ((ss_wholesale_cost >= 80::numeric) AND (ss_wholesale_cost <= 100::numeric))))
                                                         ->  Append-only Columnar Scan on store_sales_1_prt_70 store_sales_1_prt_70_3  (cost=0.00..1.00 rows=1 width=14)
                                                               Filter: ((ss_quantity >= 16) AND (ss_quantity <= 20) AND (((ss_list_price >= 142::numeric) AND (ss_list_price <= 152::numeric)) OR ((ss_coupon_amt >= 3054::numeric) AND (ss_coupon_amt <= 4054::numeric)) OR ((ss_wholesale_cost >= 80::numeric) AND (ss_wholesale_cost <= 100::numeric))))
                                                         ->  Append-only Columnar Scan on store_sales_1_prt_71 store_sales_1_prt_71_3  (cost=0.00..1.00 rows=1 width=14)
                                                               Filter: ((ss_quantity >= 16) AND (ss_quantity <= 20) AND (((ss_list_price >= 142::numeric) AND (ss_list_price <= 152::numeric)) OR ((ss_coupon_amt >= 3054::numeric) AND (ss_coupon_amt <= 4054::numeric)) OR ((ss_wholesale_cost >= 80::numeric) AND (ss_wholesale_cost <= 100::numeric))))
                                                         ->  Append-only Columnar Scan on store_sales_1_prt_72 store_sales_1_prt_72_3  (cost=0.00..1.00 rows=1 width=14)
                                                               Filter: ((ss_quantity >= 16) AND (ss_quantity <= 20) AND (((ss_list_price >= 142::numeric) AND (ss_list_price <= 152::numeric)) OR ((ss_coupon_amt >= 3054::numeric) AND (ss_coupon_amt <= 4054::numeric)) OR ((ss_wholesale_cost >= 80::numeric) AND (ss_wholesale_cost <= 100::numeric))))
                                                         ->  Append-only Columnar Scan on store_sales_1_prt_73 store_sales_1_prt_73_3  (cost=0.00..1.00 rows=1 width=14)
                                                               Filter: ((ss_quantity >= 16) AND (ss_quantity <= 20) AND (((ss_list_price >= 142::numeric) AND (ss_list_price <= 152::numeric)) OR ((ss_coupon_amt >= 3054::numeric) AND (ss_coupon_amt <= 4054::numeric)) OR ((ss_wholesale_cost >= 80::numeric) AND (ss_wholesale_cost <= 100::numeric))))
                                                         ->  Append-only Columnar Scan on store_sales_1_prt_74 store_sales_1_prt_74_3  (cost=0.00..1.00 rows=1 width=14)
                                                               Filter: ((ss_quantity >= 16) AND (ss_quantity <= 20) AND (((ss_list_price >= 142::numeric) AND (ss_list_price <= 152::numeric)) OR ((ss_coupon_amt >= 3054::numeric) AND (ss_coupon_amt <= 4054::numeric)) OR ((ss_wholesale_cost >= 80::numeric) AND (ss_wholesale_cost <= 100::numeric))))
                                                         ->  Append-only Columnar Scan on store_sales_1_prt_75 store_sales_1_prt_75_3  (cost=0.00..1.00 rows=1 width=14)
                                                               Filter: ((ss_quantity >= 16) AND (ss_quantity <= 20) AND (((ss_list_price >= 142::numeric) AND (ss_list_price <= 152::numeric)) OR ((ss_coupon_amt >= 3054::numeric) AND (ss_coupon_amt <= 4054::numeric)) OR ((ss_wholesale_cost >= 80::numeric) AND (ss_wholesale_cost <= 100::numeric))))
                                                         ->  Append-only Columnar Scan on store_sales_1_prt_76 store_sales_1_prt_76_3  (cost=0.00..1.00 rows=1 width=14)
                                                               Filter: ((ss_quantity >= 16) AND (ss_quantity <= 20) AND (((ss_list_price >= 142::numeric) AND (ss_list_price <= 152::numeric)) OR ((ss_coupon_amt >= 3054::numeric) AND (ss_coupon_amt <= 4054::numeric)) OR ((ss_wholesale_cost >= 80::numeric) AND (ss_wholesale_cost <= 100::numeric))))
                                                         ->  Append-only Columnar Scan on store_sales_1_prt_77 store_sales_1_prt_77_3  (cost=0.00..1.00 rows=1 width=14)
                                                               Filter: ((ss_quantity >= 16) AND (ss_quantity <= 20) AND (((ss_list_price >= 142::numeric) AND (ss_list_price <= 152::numeric)) OR ((ss_coupon_amt >= 3054::numeric) AND (ss_coupon_amt <= 4054::numeric)) OR ((ss_wholesale_cost >= 80::numeric) AND (ss_wholesale_cost <= 100::numeric))))
                                                         ->  Append-only Columnar Scan on store_sales_1_prt_78 store_sales_1_prt_78_3  (cost=0.00..1.00 rows=1 width=14)
                                                               Filter: ((ss_quantity >= 16) AND (ss_quantity <= 20) AND (((ss_list_price >= 142::numeric) AND (ss_list_price <= 152::numeric)) OR ((ss_coupon_amt >= 3054::numeric) AND (ss_coupon_amt <= 4054::numeric)) OR ((ss_wholesale_cost >= 80::numeric) AND (ss_wholesale_cost <= 100::numeric))))
                                                         ->  Append-only Columnar Scan on store_sales_1_prt_79 store_sales_1_prt_79_3  (cost=0.00..1.00 rows=1 width=14)
                                                               Filter: ((ss_quantity >= 16) AND (ss_quantity <= 20) AND (((ss_list_price >= 142::numeric) AND (ss_list_price <= 152::numeric)) OR ((ss_coupon_amt >= 3054::numeric) AND (ss_coupon_amt <= 4054::numeric)) OR ((ss_wholesale_cost >= 80::numeric) AND (ss_wholesale_cost <= 100::numeric))))
                                                         ->  Append-only Columnar Scan on store_sales_1_prt_80 store_sales_1_prt_80_3  (cost=0.00..1.00 rows=1 width=14)
                                                               Filter: ((ss_quantity >= 16) AND (ss_quantity <= 20) AND (((ss_list_price >= 142::numeric) AND (ss_list_price <= 152::numeric)) OR ((ss_coupon_amt >= 3054::numeric) AND (ss_coupon_amt <= 4054::numeric)) OR ((ss_wholesale_cost >= 80::numeric) AND (ss_wholesale_cost <= 100::numeric))))
               ->  Materialize  (cost=98918937.13..98918937.15 rows=1 width=48)
                     ->  Aggregate  (cost=98918937.13..98918937.14 rows=1 width=48)
                           ->  Gather Motion 3:1  (slice10; segments: 3)  (cost=98918937.06..98918937.11 rows=1 width=48)
                                 ->  Aggregate  (cost=98918937.06..98918937.07 rows=1 width=48)
                                       ->  Redistribute Motion 3:3  (slice9; segments: 3)  (cost=0.00..98429519.46 rows=21751894 width=6)
                                             Hash Key: store_sales_1_prt_outliers_4.ss_list_price
                                             ->  Append  (cost=0.00..97124405.88 rows=21751894 width=6)
                                                   ->  Append-only Columnar Scan on store_sales_1_prt_outliers store_sales_1_prt_outliers_4  (cost=0.00..4160635.00 rows=374886 width=6)
                                                         Filter: ((ss_quantity >= 21) AND (ss_quantity <= 25) AND (((ss_list_price >= 135::numeric) AND (ss_list_price <= 145::numeric)) OR ((ss_coupon_amt >= 14180::numeric) AND (ss_coupon_amt <= 15180::numeric)) OR ((ss_wholesale_cost >= 38::numeric) AND (ss_wholesale_cost <= 58::numeric))))
                                                   ->  Append-only Columnar Scan on store_sales_1_prt_2 store_sales_1_prt_2_4  (cost=0.00..795003.00 rows=179792 width=6)
                                                         Filter: ((ss_quantity >= 21) AND (ss_quantity <= 25) AND (((ss_list_price >= 135::numeric) AND (ss_list_price <= 145::numeric)) OR ((ss_coupon_amt >= 14180::numeric) AND (ss_coupon_amt <= 15180::numeric)) OR ((ss_wholesale_cost >= 38::numeric) AND (ss_wholesale_cost <= 58::numeric))))
                                                   ->  Append-only Columnar Scan on store_sales_1_prt_3 store_sales_1_prt_3_4  (cost=0.00..823459.00 rows=192563 width=6)
                                                         Filter: ((ss_quantity >= 21) AND (ss_quantity <= 25) AND (((ss_list_price >= 135::numeric) AND (ss_list_price <= 145::numeric)) OR ((ss_coupon_amt >= 14180::numeric) AND (ss_coupon_amt <= 15180::numeric)) OR ((ss_wholesale_cost >= 38::numeric) AND (ss_wholesale_cost <= 58::numeric))))
                                                   ->  Append-only Columnar Scan on store_sales_1_prt_4 store_sales_1_prt_4_4  (cost=0.00..794480.00 rows=172824 width=6)
                                                         Filter: ((ss_quantity >= 21) AND (ss_quantity <= 25) AND (((ss_list_price >= 135::numeric) AND (ss_list_price <= 145::numeric)) OR ((ss_coupon_amt >= 14180::numeric) AND (ss_coupon_amt <= 15180::numeric)) OR ((ss_wholesale_cost >= 38::numeric) AND (ss_wholesale_cost <= 58::numeric))))
                                                   ->  Append-only Columnar Scan on store_sales_1_prt_5 store_sales_1_prt_5_4  (cost=0.00..823865.00 rows=192306 width=6)
                                                         Filter: ((ss_quantity >= 21) AND (ss_quantity <= 25) AND (((ss_list_price >= 135::numeric) AND (ss_list_price <= 145::numeric)) OR ((ss_coupon_amt >= 14180::numeric) AND (ss_coupon_amt <= 15180::numeric)) OR ((ss_wholesale_cost >= 38::numeric) AND (ss_wholesale_cost <= 58::numeric))))
                                                   ->  Append-only Columnar Scan on store_sales_1_prt_6 store_sales_1_prt_6_4  (cost=0.00..823965.00 rows=178412 width=6)
                                                         Filter: ((ss_quantity >= 21) AND (ss_quantity <= 25) AND (((ss_list_price >= 135::numeric) AND (ss_list_price <= 145::numeric)) OR ((ss_coupon_amt >= 14180::numeric) AND (ss_coupon_amt <= 15180::numeric)) OR ((ss_wholesale_cost >= 38::numeric) AND (ss_wholesale_cost <= 58::numeric))))
                                                   ->  Append-only Columnar Scan on store_sales_1_prt_7 store_sales_1_prt_7_4  (cost=0.00..824047.00 rows=179574 width=6)
                                                         Filter: ((ss_quantity >= 21) AND (ss_quantity <= 25) AND (((ss_list_price >= 135::numeric) AND (ss_list_price <= 145::numeric)) OR ((ss_coupon_amt >= 14180::numeric) AND (ss_coupon_amt <= 15180::numeric)) OR ((ss_wholesale_cost >= 38::numeric) AND (ss_wholesale_cost <= 58::numeric))))
                                                   ->  Append-only Columnar Scan on store_sales_1_prt_8 store_sales_1_prt_8_4  (cost=0.00..823076.00 rows=188997 width=6)
                                                         Filter: ((ss_quantity >= 21) AND (ss_quantity <= 25) AND (((ss_list_price >= 135::numeric) AND (ss_list_price <= 145::numeric)) OR ((ss_coupon_amt >= 14180::numeric) AND (ss_coupon_amt <= 15180::numeric)) OR ((ss_wholesale_cost >= 38::numeric) AND (ss_wholesale_cost <= 58::numeric))))
                                                   ->  Append-only Columnar Scan on store_sales_1_prt_9 store_sales_1_prt_9_4  (cost=0.00..1199494.00 rows=287158 width=6)
                                                         Filter: ((ss_quantity >= 21) AND (ss_quantity <= 25) AND (((ss_list_price >= 135::numeric) AND (ss_list_price <= 145::numeric)) OR ((ss_coupon_amt >= 14180::numeric) AND (ss_coupon_amt <= 15180::numeric)) OR ((ss_wholesale_cost >= 38::numeric) AND (ss_wholesale_cost <= 58::numeric))))
                                                   ->  Append-only Columnar Scan on store_sales_1_prt_10 store_sales_1_prt_10_4  (cost=0.00..1874846.00 rows=441551 width=6)
                                                         Filter: ((ss_quantity >= 21) AND (ss_quantity <= 25) AND (((ss_list_price >= 135::numeric) AND (ss_list_price <= 145::numeric)) OR ((ss_coupon_amt >= 14180::numeric) AND (ss_coupon_amt <= 15180::numeric)) OR ((ss_wholesale_cost >= 38::numeric) AND (ss_wholesale_cost <= 58::numeric))))
                                                   ->  Append-only Columnar Scan on store_sales_1_prt_11 store_sales_1_prt_11_4  (cost=0.00..1876812.00 rows=442251 width=6)
                                                         Filter: ((ss_quantity >= 21) AND (ss_quantity <= 25) AND (((ss_list_price >= 135::numeric) AND (ss_list_price <= 145::numeric)) OR ((ss_coupon_amt >= 14180::numeric) AND (ss_coupon_amt <= 15180::numeric)) OR ((ss_wholesale_cost >= 38::numeric) AND (ss_wholesale_cost <= 58::numeric))))
                                                   ->  Append-only Columnar Scan on store_sales_1_prt_12 store_sales_1_prt_12_4  (cost=0.00..1944629.00 rows=441929 width=6)
                                                         Filter: ((ss_quantity >= 21) AND (ss_quantity <= 25) AND (((ss_list_price >= 135::numeric) AND (ss_list_price <= 145::numeric)) OR ((ss_coupon_amt >= 14180::numeric) AND (ss_coupon_amt <= 15180::numeric)) OR ((ss_wholesale_cost >= 38::numeric) AND (ss_wholesale_cost <= 58::numeric))))
                                                   ->  Append-only Columnar Scan on store_sales_1_prt_13 store_sales_1_prt_13_4  (cost=0.00..2840696.00 rows=651350 width=6)
                                                         Filter: ((ss_quantity >= 21) AND (ss_quantity <= 25) AND (((ss_list_price >= 135::numeric) AND (ss_list_price <= 145::numeric)) OR ((ss_coupon_amt >= 14180::numeric) AND (ss_coupon_amt <= 15180::numeric)) OR ((ss_wholesale_cost >= 38::numeric) AND (ss_wholesale_cost <= 58::numeric))))
                                                   ->  Append-only Columnar Scan on store_sales_1_prt_14 store_sales_1_prt_14_4  (cost=0.00..2842993.00 rows=647013 width=6)
                                                         Filter: ((ss_quantity >= 21) AND (ss_quantity <= 25) AND (((ss_list_price >= 135::numeric) AND (ss_list_price <= 145::numeric)) OR ((ss_coupon_amt >= 14180::numeric) AND (ss_coupon_amt <= 15180::numeric)) OR ((ss_wholesale_cost >= 38::numeric) AND (ss_wholesale_cost <= 58::numeric))))
                                                   ->  Append-only Columnar Scan on store_sales_1_prt_15 store_sales_1_prt_15_4  (cost=0.00..1069612.00 rows=253007 width=6)
                                                         Filter: ((ss_quantity >= 21) AND (ss_quantity <= 25) AND (((ss_list_price >= 135::numeric) AND (ss_list_price <= 145::numeric)) OR ((ss_coupon_amt >= 14180::numeric) AND (ss_coupon_amt <= 15180::numeric)) OR ((ss_wholesale_cost >= 38::numeric) AND (ss_wholesale_cost <= 58::numeric))))
                                                   ->  Append-only Columnar Scan on store_sales_1_prt_16 store_sales_1_prt_16_4  (cost=0.00..824105.00 rows=188004 width=6)
                                                         Filter: ((ss_quantity >= 21) AND (ss_quantity <= 25) AND (((ss_list_price >= 135::numeric) AND (ss_list_price <= 145::numeric)) OR ((ss_coupon_amt >= 14180::numeric) AND (ss_coupon_amt <= 15180::numeric)) OR ((ss_wholesale_cost >= 38::numeric) AND (ss_wholesale_cost <= 58::numeric))))
                                                   ->  Append-only Columnar Scan on store_sales_1_prt_17 store_sales_1_prt_17_4  (cost=0.00..795276.00 rows=186389 width=6)
                                                         Filter: ((ss_quantity >= 21) AND (ss_quantity <= 25) AND (((ss_list_price >= 135::numeric) AND (ss_list_price <= 145::numeric)) OR ((ss_coupon_amt >= 14180::numeric) AND (ss_coupon_amt <= 15180::numeric)) OR ((ss_wholesale_cost >= 38::numeric) AND (ss_wholesale_cost <= 58::numeric))))
                                                   ->  Append-only Columnar Scan on store_sales_1_prt_18 store_sales_1_prt_18_4  (cost=0.00..824379.00 rows=187436 width=6)
                                                         Filter: ((ss_quantity >= 21) AND (ss_quantity <= 25) AND (((ss_list_price >= 135::numeric) AND (ss_list_price <= 145::numeric)) OR ((ss_coupon_amt >= 14180::numeric) AND (ss_coupon_amt <= 15180::numeric)) OR ((ss_wholesale_cost >= 38::numeric) AND (ss_wholesale_cost <= 58::numeric))))
                                                   ->  Append-only Columnar Scan on store_sales_1_prt_19 store_sales_1_prt_19_4  (cost=0.00..823315.00 rows=186918 width=6)
                                                         Filter: ((ss_quantity >= 21) AND (ss_quantity <= 25) AND (((ss_list_price >= 135::numeric) AND (ss_list_price <= 145::numeric)) OR ((ss_coupon_amt >= 14180::numeric) AND (ss_coupon_amt <= 15180::numeric)) OR ((ss_wholesale_cost >= 38::numeric) AND (ss_wholesale_cost <= 58::numeric))))
                                                   ->  Append-only Columnar Scan on store_sales_1_prt_20 store_sales_1_prt_20_4  (cost=0.00..824738.00 rows=187653 width=6)
                                                         Filter: ((ss_quantity >= 21) AND (ss_quantity <= 25) AND (((ss_list_price >= 135::numeric) AND (ss_list_price <= 145::numeric)) OR ((ss_coupon_amt >= 14180::numeric) AND (ss_coupon_amt <= 15180::numeric)) OR ((ss_wholesale_cost >= 38::numeric) AND (ss_wholesale_cost <= 58::numeric))))
                                                   ->  Append-only Columnar Scan on store_sales_1_prt_21 store_sales_1_prt_21_4  (cost=0.00..823402.00 rows=191300 width=6)
                                                         Filter: ((ss_quantity >= 21) AND (ss_quantity <= 25) AND (((ss_list_price >= 135::numeric) AND (ss_list_price <= 145::numeric)) OR ((ss_coupon_amt >= 14180::numeric) AND (ss_coupon_amt <= 15180::numeric)) OR ((ss_wholesale_cost >= 38::numeric) AND (ss_wholesale_cost <= 58::numeric))))
                                                   ->  Append-only Columnar Scan on store_sales_1_prt_22 store_sales_1_prt_22_4  (cost=0.00..1161760.00 rows=262315 width=6)
                                                         Filter: ((ss_quantity >= 21) AND (ss_quantity <= 25) AND (((ss_list_price >= 135::numeric) AND (ss_list_price <= 145::numeric)) OR ((ss_coupon_amt >= 14180::numeric) AND (ss_coupon_amt <= 15180::numeric)) OR ((ss_wholesale_cost >= 38::numeric) AND (ss_wholesale_cost <= 58::numeric))))
                                                   ->  Append-only Columnar Scan on store_sales_1_prt_23 store_sales_1_prt_23_4  (cost=0.00..1876338.00 rows=462006 width=6)
                                                         Filter: ((ss_quantity >= 21) AND (ss_quantity <= 25) AND (((ss_list_price >= 135::numeric) AND (ss_list_price <= 145::numeric)) OR ((ss_coupon_amt >= 14180::numeric) AND (ss_coupon_amt <= 15180::numeric)) OR ((ss_wholesale_cost >= 38::numeric) AND (ss_wholesale_cost <= 58::numeric))))
                                                   ->  Append-only Columnar Scan on store_sales_1_prt_24 store_sales_1_prt_24_4  (cost=0.00..1875595.00 rows=419541 width=6)
                                                         Filter: ((ss_quantity >= 21) AND (ss_quantity <= 25) AND (((ss_list_price >= 135::numeric) AND (ss_list_price <= 145::numeric)) OR ((ss_coupon_amt >= 14180::numeric) AND (ss_coupon_amt <= 15180::numeric)) OR ((ss_wholesale_cost >= 38::numeric) AND (ss_wholesale_cost <= 58::numeric))))
                                                   ->  Append-only Columnar Scan on store_sales_1_prt_25 store_sales_1_prt_25_4  (cost=0.00..1909053.00 rows=429361 width=6)
                                                         Filter: ((ss_quantity >= 21) AND (ss_quantity <= 25) AND (((ss_list_price >= 135::numeric) AND (ss_list_price <= 145::numeric)) OR ((ss_coupon_amt >= 14180::numeric) AND (ss_coupon_amt <= 15180::numeric)) OR ((ss_wholesale_cost >= 38::numeric) AND (ss_wholesale_cost <= 58::numeric))))
                                                   ->  Append-only Columnar Scan on store_sales_1_prt_26 store_sales_1_prt_26_4  (cost=0.00..2843200.00 rows=675674 width=6)
                                                         Filter: ((ss_quantity >= 21) AND (ss_quantity <= 25) AND (((ss_list_price >= 135::numeric) AND (ss_list_price <= 145::numeric)) OR ((ss_coupon_amt >= 14180::numeric) AND (ss_coupon_amt <= 15180::numeric)) OR ((ss_wholesale_cost >= 38::numeric) AND (ss_wholesale_cost <= 58::numeric))))
                                                   ->  Append-only Columnar Scan on store_sales_1_prt_27 store_sales_1_prt_27_4  (cost=0.00..2841374.00 rows=652280 width=6)
                                                         Filter: ((ss_quantity >= 21) AND (ss_quantity <= 25) AND (((ss_list_price >= 135::numeric) AND (ss_list_price <= 145::numeric)) OR ((ss_coupon_amt >= 14180::numeric) AND (ss_coupon_amt <= 15180::numeric)) OR ((ss_wholesale_cost >= 38::numeric) AND (ss_wholesale_cost <= 58::numeric))))
                                                   ->  Append-only Columnar Scan on store_sales_1_prt_28 store_sales_1_prt_28_4  (cost=0.00..1141081.00 rows=255918 width=6)
                                                         Filter: ((ss_quantity >= 21) AND (ss_quantity <= 25) AND (((ss_list_price >= 135::numeric) AND (ss_list_price <= 145::numeric)) OR ((ss_coupon_amt >= 14180::numeric) AND (ss_coupon_amt <= 15180::numeric)) OR ((ss_wholesale_cost >= 38::numeric) AND (ss_wholesale_cost <= 58::numeric))))
                                                   ->  Append-only Columnar Scan on store_sales_1_prt_29 store_sales_1_prt_29_4  (cost=0.00..822730.00 rows=192411 width=6)
                                                         Filter: ((ss_quantity >= 21) AND (ss_quantity <= 25) AND (((ss_list_price >= 135::numeric) AND (ss_list_price <= 145::numeric)) OR ((ss_coupon_amt >= 14180::numeric) AND (ss_coupon_amt <= 15180::numeric)) OR ((ss_wholesale_cost >= 38::numeric) AND (ss_wholesale_cost <= 58::numeric))))
                                                   ->  Append-only Columnar Scan on store_sales_1_prt_30 store_sales_1_prt_30_4  (cost=0.00..823396.00 rows=184177 width=6)
                                                         Filter: ((ss_quantity >= 21) AND (ss_quantity <= 25) AND (((ss_list_price >= 135::numeric) AND (ss_list_price <= 145::numeric)) OR ((ss_coupon_amt >= 14180::numeric) AND (ss_coupon_amt <= 15180::numeric)) OR ((ss_wholesale_cost >= 38::numeric) AND (ss_wholesale_cost <= 58::numeric))))
                                                   ->  Append-only Columnar Scan on store_sales_1_prt_31 store_sales_1_prt_31_4  (cost=0.00..822970.00 rows=186187 width=6)
                                                         Filter: ((ss_quantity >= 21) AND (ss_quantity <= 25) AND (((ss_list_price >= 135::numeric) AND (ss_list_price <= 145::numeric)) OR ((ss_coupon_amt >= 14180::numeric) AND (ss_coupon_amt <= 15180::numeric)) OR ((ss_wholesale_cost >= 38::numeric) AND (ss_wholesale_cost <= 58::numeric))))
                                                   ->  Append-only Columnar Scan on store_sales_1_prt_32 store_sales_1_prt_32_4  (cost=0.00..822738.00 rows=204077 width=6)
                                                         Filter: ((ss_quantity >= 21) AND (ss_quantity <= 25) AND (((ss_list_price >= 135::numeric) AND (ss_list_price <= 145::numeric)) OR ((ss_coupon_amt >= 14180::numeric) AND (ss_coupon_amt <= 15180::numeric)) OR ((ss_wholesale_cost >= 38::numeric) AND (ss_wholesale_cost <= 58::numeric))))
                                                   ->  Append-only Columnar Scan on store_sales_1_prt_33 store_sales_1_prt_33_4  (cost=0.00..823109.00 rows=195731 width=6)
                                                         Filter: ((ss_quantity >= 21) AND (ss_quantity <= 25) AND (((ss_list_price >= 135::numeric) AND (ss_list_price <= 145::numeric)) OR ((ss_coupon_amt >= 14180::numeric) AND (ss_coupon_amt <= 15180::numeric)) OR ((ss_wholesale_cost >= 38::numeric) AND (ss_wholesale_cost <= 58::numeric))))
                                                   ->  Append-only Columnar Scan on store_sales_1_prt_34 store_sales_1_prt_34_4  (cost=0.00..821646.00 rows=180582 width=6)
                                                         Filter: ((ss_quantity >= 21) AND (ss_quantity <= 25) AND (((ss_list_price >= 135::numeric) AND (ss_list_price <= 145::numeric)) OR ((ss_coupon_amt >= 14180::numeric) AND (ss_coupon_amt <= 15180::numeric)) OR ((ss_wholesale_cost >= 38::numeric) AND (ss_wholesale_cost <= 58::numeric))))
                                                   ->  Append-only Columnar Scan on store_sales_1_prt_35 store_sales_1_prt_35_4  (cost=0.00..1121711.00 rows=254740 width=6)
                                                         Filter: ((ss_quantity >= 21) AND (ss_quantity <= 25) AND (((ss_list_price >= 135::numeric) AND (ss_list_price <= 145::numeric)) OR ((ss_coupon_amt >= 14180::numeric) AND (ss_coupon_amt <= 15180::numeric)) OR ((ss_wholesale_cost >= 38::numeric) AND (ss_wholesale_cost <= 58::numeric))))
                                                   ->  Append-only Columnar Scan on store_sales_1_prt_36 store_sales_1_prt_36_4  (cost=0.00..1872903.00 rows=446199 width=6)
                                                         Filter: ((ss_quantity >= 21) AND (ss_quantity <= 25) AND (((ss_list_price >= 135::numeric) AND (ss_list_price <= 145::numeric)) OR ((ss_coupon_amt >= 14180::numeric) AND (ss_coupon_amt <= 15180::numeric)) OR ((ss_wholesale_cost >= 38::numeric) AND (ss_wholesale_cost <= 58::numeric))))
                                                   ->  Append-only Columnar Scan on store_sales_1_prt_37 store_sales_1_prt_37_4  (cost=0.00..1871312.00 rows=439264 width=6)
                                                         Filter: ((ss_quantity >= 21) AND (ss_quantity <= 25) AND (((ss_list_price >= 135::numeric) AND (ss_list_price <= 145::numeric)) OR ((ss_coupon_amt >= 14180::numeric) AND (ss_coupon_amt <= 15180::numeric)) OR ((ss_wholesale_cost >= 38::numeric) AND (ss_wholesale_cost <= 58::numeric))))
                                                   ->  Append-only Columnar Scan on store_sales_1_prt_38 store_sales_1_prt_38_4  (cost=0.00..1872422.00 rows=440083 width=6)
                                                         Filter: ((ss_quantity >= 21) AND (ss_quantity <= 25) AND (((ss_list_price >= 135::numeric) AND (ss_list_price <= 145::numeric)) OR ((ss_coupon_amt >= 14180::numeric) AND (ss_coupon_amt <= 15180::numeric)) OR ((ss_wholesale_cost >= 38::numeric) AND (ss_wholesale_cost <= 58::numeric))))
                                                   ->  Append-only Columnar Scan on store_sales_1_prt_39 store_sales_1_prt_39_4  (cost=0.00..2836732.12 rows=648138 width=6)
                                                         Filter: ((ss_quantity >= 21) AND (ss_quantity <= 25) AND (((ss_list_price >= 135::numeric) AND (ss_list_price <= 145::numeric)) OR ((ss_coupon_amt >= 14180::numeric) AND (ss_coupon_amt <= 15180::numeric)) OR ((ss_wholesale_cost >= 38::numeric) AND (ss_wholesale_cost <= 58::numeric))))
                                                   ->  Append-only Columnar Scan on store_sales_1_prt_40 store_sales_1_prt_40_4  (cost=0.00..2836757.12 rows=642448 width=6)
                                                         Filter: ((ss_quantity >= 21) AND (ss_quantity <= 25) AND (((ss_list_price >= 135::numeric) AND (ss_list_price <= 145::numeric)) OR ((ss_coupon_amt >= 14180::numeric) AND (ss_coupon_amt <= 15180::numeric)) OR ((ss_wholesale_cost >= 38::numeric) AND (ss_wholesale_cost <= 58::numeric))))
                                                   ->  Append-only Columnar Scan on store_sales_1_prt_41 store_sales_1_prt_41_4  (cost=0.00..1183326.00 rows=275433 width=6)
                                                         Filter: ((ss_quantity >= 21) AND (ss_quantity <= 25) AND (((ss_list_price >= 135::numeric) AND (ss_list_price <= 145::numeric)) OR ((ss_coupon_amt >= 14180::numeric) AND (ss_coupon_amt <= 15180::numeric)) OR ((ss_wholesale_cost >= 38::numeric) AND (ss_wholesale_cost <= 58::numeric))))
                                                   ->  Append-only Columnar Scan on store_sales_1_prt_42 store_sales_1_prt_42_4  (cost=0.00..824305.00 rows=194636 width=6)
                                                         Filter: ((ss_quantity >= 21) AND (ss_quantity <= 25) AND (((ss_list_price >= 135::numeric) AND (ss_list_price <= 145::numeric)) OR ((ss_coupon_amt >= 14180::numeric) AND (ss_coupon_amt <= 15180::numeric)) OR ((ss_wholesale_cost >= 38::numeric) AND (ss_wholesale_cost <= 58::numeric))))
                                                   ->  Append-only Columnar Scan on store_sales_1_prt_43 store_sales_1_prt_43_4  (cost=0.00..795024.00 rows=183409 width=6)
                                                         Filter: ((ss_quantity >= 21) AND (ss_quantity <= 25) AND (((ss_list_price >= 135::numeric) AND (ss_list_price <= 145::numeric)) OR ((ss_coupon_amt >= 14180::numeric) AND (ss_coupon_amt <= 15180::numeric)) OR ((ss_wholesale_cost >= 38::numeric) AND (ss_wholesale_cost <= 58::numeric))))
                                                   ->  Append-only Columnar Scan on store_sales_1_prt_44 store_sales_1_prt_44_4  (cost=0.00..823443.00 rows=179727 width=6)
                                                         Filter: ((ss_quantity >= 21) AND (ss_quantity <= 25) AND (((ss_list_price >= 135::numeric) AND (ss_list_price <= 145::numeric)) OR ((ss_coupon_amt >= 14180::numeric) AND (ss_coupon_amt <= 15180::numeric)) OR ((ss_wholesale_cost >= 38::numeric) AND (ss_wholesale_cost <= 58::numeric))))
                                                   ->  Append-only Columnar Scan on store_sales_1_prt_45 store_sales_1_prt_45_4  (cost=0.00..823709.00 rows=194895 width=6)
                                                         Filter: ((ss_quantity >= 21) AND (ss_quantity <= 25) AND (((ss_list_price >= 135::numeric) AND (ss_list_price <= 145::numeric)) OR ((ss_coupon_amt >= 14180::numeric) AND (ss_coupon_amt <= 15180::numeric)) OR ((ss_wholesale_cost >= 38::numeric) AND (ss_wholesale_cost <= 58::numeric))))
                                                   ->  Append-only Columnar Scan on store_sales_1_prt_46 store_sales_1_prt_46_4  (cost=0.00..824465.00 rows=193240 width=6)
                                                         Filter: ((ss_quantity >= 21) AND (ss_quantity <= 25) AND (((ss_list_price >= 135::numeric) AND (ss_list_price <= 145::numeric)) OR ((ss_coupon_amt >= 14180::numeric) AND (ss_coupon_amt <= 15180::numeric)) OR ((ss_wholesale_cost >= 38::numeric) AND (ss_wholesale_cost <= 58::numeric))))
                                                   ->  Append-only Columnar Scan on store_sales_1_prt_47 store_sales_1_prt_47_4  (cost=0.00..822710.00 rows=178597 width=6)
                                                         Filter: ((ss_quantity >= 21) AND (ss_quantity <= 25) AND (((ss_list_price >= 135::numeric) AND (ss_list_price <= 145::numeric)) OR ((ss_coupon_amt >= 14180::numeric) AND (ss_coupon_amt <= 15180::numeric)) OR ((ss_wholesale_cost >= 38::numeric) AND (ss_wholesale_cost <= 58::numeric))))
                                                   ->  Append-only Columnar Scan on store_sales_1_prt_48 store_sales_1_prt_48_4  (cost=0.00..1049885.00 rows=238562 width=6)
                                                         Filter: ((ss_quantity >= 21) AND (ss_quantity <= 25) AND (((ss_list_price >= 135::numeric) AND (ss_list_price <= 145::numeric)) OR ((ss_coupon_amt >= 14180::numeric) AND (ss_coupon_amt <= 15180::numeric)) OR ((ss_wholesale_cost >= 38::numeric) AND (ss_wholesale_cost <= 58::numeric))))
                                                   ->  Append-only Columnar Scan on store_sales_1_prt_49 store_sales_1_prt_49_4  (cost=0.00..1877504.00 rows=418583 width=6)
                                                         Filter: ((ss_quantity >= 21) AND (ss_quantity <= 25) AND (((ss_list_price >= 135::numeric) AND (ss_list_price <= 145::numeric)) OR ((ss_coupon_amt >= 14180::numeric) AND (ss_coupon_amt <= 15180::numeric)) OR ((ss_wholesale_cost >= 38::numeric) AND (ss_wholesale_cost <= 58::numeric))))
                                                   ->  Append-only Columnar Scan on store_sales_1_prt_50 store_sales_1_prt_50_4  (cost=0.00..1876541.00 rows=434427 width=6)
                                                         Filter: ((ss_quantity >= 21) AND (ss_quantity <= 25) AND (((ss_list_price >= 135::numeric) AND (ss_list_price <= 145::numeric)) OR ((ss_coupon_amt >= 14180::numeric) AND (ss_coupon_amt <= 15180::numeric)) OR ((ss_wholesale_cost >= 38::numeric) AND (ss_wholesale_cost <= 58::numeric))))
                                                   ->  Append-only Columnar Scan on store_sales_1_prt_51 store_sales_1_prt_51_4  (cost=0.00..1876610.00 rows=423046 width=6)
                                                         Filter: ((ss_quantity >= 21) AND (ss_quantity <= 25) AND (((ss_list_price >= 135::numeric) AND (ss_list_price <= 145::numeric)) OR ((ss_coupon_amt >= 14180::numeric) AND (ss_coupon_amt <= 15180::numeric)) OR ((ss_wholesale_cost >= 38::numeric) AND (ss_wholesale_cost <= 58::numeric))))
                                                   ->  Append-only Columnar Scan on store_sales_1_prt_52 store_sales_1_prt_52_4  (cost=0.00..2769970.00 rows=623588 width=6)
                                                         Filter: ((ss_quantity >= 21) AND (ss_quantity <= 25) AND (((ss_list_price >= 135::numeric) AND (ss_list_price <= 145::numeric)) OR ((ss_coupon_amt >= 14180::numeric) AND (ss_coupon_amt <= 15180::numeric)) OR ((ss_wholesale_cost >= 38::numeric) AND (ss_wholesale_cost <= 58::numeric))))
                                                   ->  Append-only Columnar Scan on store_sales_1_prt_53 store_sales_1_prt_53_4  (cost=0.00..2842711.88 rows=663179 width=6)
                                                         Filter: ((ss_quantity >= 21) AND (ss_quantity <= 25) AND (((ss_list_price >= 135::numeric) AND (ss_list_price <= 145::numeric)) OR ((ss_coupon_amt >= 14180::numeric) AND (ss_coupon_amt <= 15180::numeric)) OR ((ss_wholesale_cost >= 38::numeric) AND (ss_wholesale_cost <= 58::numeric))))
                                                   ->  Append-only Columnar Scan on store_sales_1_prt_54 store_sales_1_prt_54_4  (cost=0.00..1359885.00 rows=296481 width=6)
                                                         Filter: ((ss_quantity >= 21) AND (ss_quantity <= 25) AND (((ss_list_price >= 135::numeric) AND (ss_list_price <= 145::numeric)) OR ((ss_coupon_amt >= 14180::numeric) AND (ss_coupon_amt <= 15180::numeric)) OR ((ss_wholesale_cost >= 38::numeric) AND (ss_wholesale_cost <= 58::numeric))))
                                                   ->  Append-only Columnar Scan on store_sales_1_prt_55 store_sales_1_prt_55_4  (cost=0.00..824856.00 rows=186257 width=6)
                                                         Filter: ((ss_quantity >= 21) AND (ss_quantity <= 25) AND (((ss_list_price >= 135::numeric) AND (ss_list_price <= 145::numeric)) OR ((ss_coupon_amt >= 14180::numeric) AND (ss_coupon_amt <= 15180::numeric)) OR ((ss_wholesale_cost >= 38::numeric) AND (ss_wholesale_cost <= 58::numeric))))
                                                   ->  Append-only Columnar Scan on store_sales_1_prt_56 store_sales_1_prt_56_4  (cost=0.00..794658.00 rows=184480 width=6)
                                                         Filter: ((ss_quantity >= 21) AND (ss_quantity <= 25) AND (((ss_list_price >= 135::numeric) AND (ss_list_price <= 145::numeric)) OR ((ss_coupon_amt >= 14180::numeric) AND (ss_coupon_amt <= 15180::numeric)) OR ((ss_wholesale_cost >= 38::numeric) AND (ss_wholesale_cost <= 58::numeric))))
                                                   ->  Append-only Columnar Scan on store_sales_1_prt_57 store_sales_1_prt_57_4  (cost=0.00..824278.00 rows=181194 width=6)
                                                         Filter: ((ss_quantity >= 21) AND (ss_quantity <= 25) AND (((ss_list_price >= 135::numeric) AND (ss_list_price <= 145::numeric)) OR ((ss_coupon_amt >= 14180::numeric) AND (ss_coupon_amt <= 15180::numeric)) OR ((ss_wholesale_cost >= 38::numeric) AND (ss_wholesale_cost <= 58::numeric))))
                                                   ->  Append-only Columnar Scan on store_sales_1_prt_58 store_sales_1_prt_58_4  (cost=0.00..823447.00 rows=187558 width=6)
                                                         Filter: ((ss_quantity >= 21) AND (ss_quantity <= 25) AND (((ss_list_price >= 135::numeric) AND (ss_list_price <= 145::numeric)) OR ((ss_coupon_amt >= 14180::numeric) AND (ss_coupon_amt <= 15180::numeric)) OR ((ss_wholesale_cost >= 38::numeric) AND (ss_wholesale_cost <= 58::numeric))))
                                                   ->  Append-only Columnar Scan on store_sales_1_prt_59 store_sales_1_prt_59_4  (cost=0.00..824350.00 rows=186931 width=6)
                                                         Filter: ((ss_quantity >= 21) AND (ss_quantity <= 25) AND (((ss_list_price >= 135::numeric) AND (ss_list_price <= 145::numeric)) OR ((ss_coupon_amt >= 14180::numeric) AND (ss_coupon_amt <= 15180::numeric)) OR ((ss_wholesale_cost >= 38::numeric) AND (ss_wholesale_cost <= 58::numeric))))
                                                   ->  Append-only Columnar Scan on store_sales_1_prt_60 store_sales_1_prt_60_4  (cost=0.00..824092.00 rows=188742 width=6)
                                                         Filter: ((ss_quantity >= 21) AND (ss_quantity <= 25) AND (((ss_list_price >= 135::numeric) AND (ss_list_price <= 145::numeric)) OR ((ss_coupon_amt >= 14180::numeric) AND (ss_coupon_amt <= 15180::numeric)) OR ((ss_wholesale_cost >= 38::numeric) AND (ss_wholesale_cost <= 58::numeric))))
                                                   ->  Append-only Columnar Scan on store_sales_1_prt_61 store_sales_1_prt_61_4  (cost=0.00..1011520.00 rows=227268 width=6)
                                                         Filter: ((ss_quantity >= 21) AND (ss_quantity <= 25) AND (((ss_list_price >= 135::numeric) AND (ss_list_price <= 145::numeric)) OR ((ss_coupon_amt >= 14180::numeric) AND (ss_coupon_amt <= 15180::numeric)) OR ((ss_wholesale_cost >= 38::numeric) AND (ss_wholesale_cost <= 58::numeric))))
                                                   ->  Append-only Columnar Scan on store_sales_1_prt_62 store_sales_1_prt_62_4  (cost=0.00..1875423.00 rows=417708 width=6)
                                                         Filter: ((ss_quantity >= 21) AND (ss_quantity <= 25) AND (((ss_list_price >= 135::numeric) AND (ss_list_price <= 145::numeric)) OR ((ss_coupon_amt >= 14180::numeric) AND (ss_coupon_amt <= 15180::numeric)) OR ((ss_wholesale_cost >= 38::numeric) AND (ss_wholesale_cost <= 58::numeric))))
                                                   ->  Append-only Columnar Scan on store_sales_1_prt_63 store_sales_1_prt_63_4  (cost=0.00..1876566.00 rows=455670 width=6)
                                                         Filter: ((ss_quantity >= 21) AND (ss_quantity <= 25) AND (((ss_list_price >= 135::numeric) AND (ss_list_price <= 145::numeric)) OR ((ss_coupon_amt >= 14180::numeric) AND (ss_coupon_amt <= 15180::numeric)) OR ((ss_wholesale_cost >= 38::numeric) AND (ss_wholesale_cost <= 58::numeric))))
                                                   ->  Append-only Columnar Scan on store_sales_1_prt_64 store_sales_1_prt_64_4  (cost=0.00..1876492.00 rows=440313 width=6)
                                                         Filter: ((ss_quantity >= 21) AND (ss_quantity <= 25) AND (((ss_list_price >= 135::numeric) AND (ss_list_price <= 145::numeric)) OR ((ss_coupon_amt >= 14180::numeric) AND (ss_coupon_amt <= 15180::numeric)) OR ((ss_wholesale_cost >= 38::numeric) AND (ss_wholesale_cost <= 58::numeric))))
                                                   ->  Append-only Columnar Scan on store_sales_1_prt_65 store_sales_1_prt_65_4  (cost=0.00..2737216.88 rows=644744 width=6)
                                                         Filter: ((ss_quantity >= 21) AND (ss_quantity <= 25) AND (((ss_list_price >= 135::numeric) AND (ss_list_price <= 145::numeric)) OR ((ss_coupon_amt >= 14180::numeric) AND (ss_coupon_amt <= 15180::numeric)) OR ((ss_wholesale_cost >= 38::numeric) AND (ss_wholesale_cost <= 58::numeric))))
                                                   ->  Append-only Columnar Scan on store_sales_1_prt_66 store_sales_1_prt_66_4  (cost=0.00..2840279.88 rows=642184 width=6)
                                                         Filter: ((ss_quantity >= 21) AND (ss_quantity <= 25) AND (((ss_list_price >= 135::numeric) AND (ss_list_price <= 145::numeric)) OR ((ss_coupon_amt >= 14180::numeric) AND (ss_coupon_amt <= 15180::numeric)) OR ((ss_wholesale_cost >= 38::numeric) AND (ss_wholesale_cost <= 58::numeric))))
                                                   ->  Append-only Columnar Scan on store_sales_1_prt_67 store_sales_1_prt_67_4  (cost=0.00..811471.00 rows=188623 width=6)
                                                         Filter: ((ss_quantity >= 21) AND (ss_quantity <= 25) AND (((ss_list_price >= 135::numeric) AND (ss_list_price <= 145::numeric)) OR ((ss_coupon_amt >= 14180::numeric) AND (ss_coupon_amt <= 15180::numeric)) OR ((ss_wholesale_cost >= 38::numeric) AND (ss_wholesale_cost <= 58::numeric))))
                                                   ->  Append-only Columnar Scan on store_sales_1_prt_68 store_sales_1_prt_68_4  (cost=0.00..1.00 rows=1 width=14)
                                                         Filter: ((ss_quantity >= 21) AND (ss_quantity <= 25) AND (((ss_list_price >= 135::numeric) AND (ss_list_price <= 145::numeric)) OR ((ss_coupon_amt >= 14180::numeric) AND (ss_coupon_amt <= 15180::numeric)) OR ((ss_wholesale_cost >= 38::numeric) AND (ss_wholesale_cost <= 58::numeric))))
                                                   ->  Append-only Columnar Scan on store_sales_1_prt_69 store_sales_1_prt_69_4  (cost=0.00..1.00 rows=1 width=14)
                                                         Filter: ((ss_quantity >= 21) AND (ss_quantity <= 25) AND (((ss_list_price >= 135::numeric) AND (ss_list_price <= 145::numeric)) OR ((ss_coupon_amt >= 14180::numeric) AND (ss_coupon_amt <= 15180::numeric)) OR ((ss_wholesale_cost >= 38::numeric) AND (ss_wholesale_cost <= 58::numeric))))
                                                   ->  Append-only Columnar Scan on store_sales_1_prt_70 store_sales_1_prt_70_4  (cost=0.00..1.00 rows=1 width=14)
                                                         Filter: ((ss_quantity >= 21) AND (ss_quantity <= 25) AND (((ss_list_price >= 135::numeric) AND (ss_list_price <= 145::numeric)) OR ((ss_coupon_amt >= 14180::numeric) AND (ss_coupon_amt <= 15180::numeric)) OR ((ss_wholesale_cost >= 38::numeric) AND (ss_wholesale_cost <= 58::numeric))))
                                                   ->  Append-only Columnar Scan on store_sales_1_prt_71 store_sales_1_prt_71_4  (cost=0.00..1.00 rows=1 width=14)
                                                         Filter: ((ss_quantity >= 21) AND (ss_quantity <= 25) AND (((ss_list_price >= 135::numeric) AND (ss_list_price <= 145::numeric)) OR ((ss_coupon_amt >= 14180::numeric) AND (ss_coupon_amt <= 15180::numeric)) OR ((ss_wholesale_cost >= 38::numeric) AND (ss_wholesale_cost <= 58::numeric))))
                                                   ->  Append-only Columnar Scan on store_sales_1_prt_72 store_sales_1_prt_72_4  (cost=0.00..1.00 rows=1 width=14)
                                                         Filter: ((ss_quantity >= 21) AND (ss_quantity <= 25) AND (((ss_list_price >= 135::numeric) AND (ss_list_price <= 145::numeric)) OR ((ss_coupon_amt >= 14180::numeric) AND (ss_coupon_amt <= 15180::numeric)) OR ((ss_wholesale_cost >= 38::numeric) AND (ss_wholesale_cost <= 58::numeric))))
                                                   ->  Append-only Columnar Scan on store_sales_1_prt_73 store_sales_1_prt_73_4  (cost=0.00..1.00 rows=1 width=14)
                                                         Filter: ((ss_quantity >= 21) AND (ss_quantity <= 25) AND (((ss_list_price >= 135::numeric) AND (ss_list_price <= 145::numeric)) OR ((ss_coupon_amt >= 14180::numeric) AND (ss_coupon_amt <= 15180::numeric)) OR ((ss_wholesale_cost >= 38::numeric) AND (ss_wholesale_cost <= 58::numeric))))
                                                   ->  Append-only Columnar Scan on store_sales_1_prt_74 store_sales_1_prt_74_4  (cost=0.00..1.00 rows=1 width=14)
                                                         Filter: ((ss_quantity >= 21) AND (ss_quantity <= 25) AND (((ss_list_price >= 135::numeric) AND (ss_list_price <= 145::numeric)) OR ((ss_coupon_amt >= 14180::numeric) AND (ss_coupon_amt <= 15180::numeric)) OR ((ss_wholesale_cost >= 38::numeric) AND (ss_wholesale_cost <= 58::numeric))))
                                                   ->  Append-only Columnar Scan on store_sales_1_prt_75 store_sales_1_prt_75_4  (cost=0.00..1.00 rows=1 width=14)
                                                         Filter: ((ss_quantity >= 21) AND (ss_quantity <= 25) AND (((ss_list_price >= 135::numeric) AND (ss_list_price <= 145::numeric)) OR ((ss_coupon_amt >= 14180::numeric) AND (ss_coupon_amt <= 15180::numeric)) OR ((ss_wholesale_cost >= 38::numeric) AND (ss_wholesale_cost <= 58::numeric))))
                                                   ->  Append-only Columnar Scan on store_sales_1_prt_76 store_sales_1_prt_76_4  (cost=0.00..1.00 rows=1 width=14)
                                                         Filter: ((ss_quantity >= 21) AND (ss_quantity <= 25) AND (((ss_list_price >= 135::numeric) AND (ss_list_price <= 145::numeric)) OR ((ss_coupon_amt >= 14180::numeric) AND (ss_coupon_amt <= 15180::numeric)) OR ((ss_wholesale_cost >= 38::numeric) AND (ss_wholesale_cost <= 58::numeric))))
                                                   ->  Append-only Columnar Scan on store_sales_1_prt_77 store_sales_1_prt_77_4  (cost=0.00..1.00 rows=1 width=14)
                                                         Filter: ((ss_quantity >= 21) AND (ss_quantity <= 25) AND (((ss_list_price >= 135::numeric) AND (ss_list_price <= 145::numeric)) OR ((ss_coupon_amt >= 14180::numeric) AND (ss_coupon_amt <= 15180::numeric)) OR ((ss_wholesale_cost >= 38::numeric) AND (ss_wholesale_cost <= 58::numeric))))
                                                   ->  Append-only Columnar Scan on store_sales_1_prt_78 store_sales_1_prt_78_4  (cost=0.00..1.00 rows=1 width=14)
                                                         Filter: ((ss_quantity >= 21) AND (ss_quantity <= 25) AND (((ss_list_price >= 135::numeric) AND (ss_list_price <= 145::numeric)) OR ((ss_coupon_amt >= 14180::numeric) AND (ss_coupon_amt <= 15180::numeric)) OR ((ss_wholesale_cost >= 38::numeric) AND (ss_wholesale_cost <= 58::numeric))))
                                                   ->  Append-only Columnar Scan on store_sales_1_prt_79 store_sales_1_prt_79_4  (cost=0.00..1.00 rows=1 width=14)
                                                         Filter: ((ss_quantity >= 21) AND (ss_quantity <= 25) AND (((ss_list_price >= 135::numeric) AND (ss_list_price <= 145::numeric)) OR ((ss_coupon_amt >= 14180::numeric) AND (ss_coupon_amt <= 15180::numeric)) OR ((ss_wholesale_cost >= 38::numeric) AND (ss_wholesale_cost <= 58::numeric))))
                                                   ->  Append-only Columnar Scan on store_sales_1_prt_80 store_sales_1_prt_80_4  (cost=0.00..1.00 rows=1 width=14)
                                                         Filter: ((ss_quantity >= 21) AND (ss_quantity <= 25) AND (((ss_list_price >= 135::numeric) AND (ss_list_price <= 145::numeric)) OR ((ss_coupon_amt >= 14180::numeric) AND (ss_coupon_amt <= 15180::numeric)) OR ((ss_wholesale_cost >= 38::numeric) AND (ss_wholesale_cost <= 58::numeric))))
         ->  Materialize  (cost=99036669.40..99036669.42 rows=1 width=48)
               ->  Aggregate  (cost=99036669.40..99036669.41 rows=1 width=48)
                     ->  Gather Motion 3:1  (slice12; segments: 3)  (cost=99036669.33..99036669.38 rows=1 width=48)
                           ->  Aggregate  (cost=99036669.33..99036669.34 rows=1 width=48)
                                 ->  Redistribute Motion 3:3  (slice11; segments: 3)  (cost=0.00..98515142.93 rows=23178951 width=6)
                                       Hash Key: store_sales_1_prt_outliers_5.ss_list_price
                                       ->  Append  (cost=0.00..97124405.88 rows=23178951 width=6)
                                             ->  Append-only Columnar Scan on store_sales_1_prt_outliers store_sales_1_prt_outliers_5  (cost=0.00..4160635.00 rows=405632 width=6)
                                                   Filter: ((ss_quantity >= 26) AND (ss_quantity <= 30) AND (((ss_list_price >= 28::numeric) AND (ss_list_price <= 38::numeric)) OR ((ss_coupon_amt >= 2513::numeric) AND (ss_coupon_amt <= 3513::numeric)) OR ((ss_wholesale_cost >= 42::numeric) AND (ss_wholesale_cost <= 62::numeric))))
                                             ->  Append-only Columnar Scan on store_sales_1_prt_2 store_sales_1_prt_2_5  (cost=0.00..795003.00 rows=199340 width=6)
                                                   Filter: ((ss_quantity >= 26) AND (ss_quantity <= 30) AND (((ss_list_price >= 28::numeric) AND (ss_list_price <= 38::numeric)) OR ((ss_coupon_amt >= 2513::numeric) AND (ss_coupon_amt <= 3513::numeric)) OR ((ss_wholesale_cost >= 42::numeric) AND (ss_wholesale_cost <= 62::numeric))))
                                             ->  Append-only Columnar Scan on store_sales_1_prt_3 store_sales_1_prt_3_5  (cost=0.00..823459.00 rows=193281 width=6)
                                                   Filter: ((ss_quantity >= 26) AND (ss_quantity <= 30) AND (((ss_list_price >= 28::numeric) AND (ss_list_price <= 38::numeric)) OR ((ss_coupon_amt >= 2513::numeric) AND (ss_coupon_amt <= 3513::numeric)) OR ((ss_wholesale_cost >= 42::numeric) AND (ss_wholesale_cost <= 62::numeric))))
                                             ->  Append-only Columnar Scan on store_sales_1_prt_4 store_sales_1_prt_4_5  (cost=0.00..794480.00 rows=195033 width=6)
                                                   Filter: ((ss_quantity >= 26) AND (ss_quantity <= 30) AND (((ss_list_price >= 28::numeric) AND (ss_list_price <= 38::numeric)) OR ((ss_coupon_amt >= 2513::numeric) AND (ss_coupon_amt <= 3513::numeric)) OR ((ss_wholesale_cost >= 42::numeric) AND (ss_wholesale_cost <= 62::numeric))))
                                             ->  Append-only Columnar Scan on store_sales_1_prt_5 store_sales_1_prt_5_5  (cost=0.00..823865.00 rows=199404 width=6)
                                                   Filter: ((ss_quantity >= 26) AND (ss_quantity <= 30) AND (((ss_list_price >= 28::numeric) AND (ss_list_price <= 38::numeric)) OR ((ss_coupon_amt >= 2513::numeric) AND (ss_coupon_amt <= 3513::numeric)) OR ((ss_wholesale_cost >= 42::numeric) AND (ss_wholesale_cost <= 62::numeric))))
                                             ->  Append-only Columnar Scan on store_sales_1_prt_6 store_sales_1_prt_6_5  (cost=0.00..823965.00 rows=195376 width=6)
                                                   Filter: ((ss_quantity >= 26) AND (ss_quantity <= 30) AND (((ss_list_price >= 28::numeric) AND (ss_list_price <= 38::numeric)) OR ((ss_coupon_amt >= 2513::numeric) AND (ss_coupon_amt <= 3513::numeric)) OR ((ss_wholesale_cost >= 42::numeric) AND (ss_wholesale_cost <= 62::numeric))))
                                             ->  Append-only Columnar Scan on store_sales_1_prt_7 store_sales_1_prt_7_5  (cost=0.00..824047.00 rows=198141 width=6)
                                                   Filter: ((ss_quantity >= 26) AND (ss_quantity <= 30) AND (((ss_list_price >= 28::numeric) AND (ss_list_price <= 38::numeric)) OR ((ss_coupon_amt >= 2513::numeric) AND (ss_coupon_amt <= 3513::numeric)) OR ((ss_wholesale_cost >= 42::numeric) AND (ss_wholesale_cost <= 62::numeric))))
                                             ->  Append-only Columnar Scan on store_sales_1_prt_8 store_sales_1_prt_8_5  (cost=0.00..823076.00 rows=209783 width=6)
                                                   Filter: ((ss_quantity >= 26) AND (ss_quantity <= 30) AND (((ss_list_price >= 28::numeric) AND (ss_list_price <= 38::numeric)) OR ((ss_coupon_amt >= 2513::numeric) AND (ss_coupon_amt <= 3513::numeric)) OR ((ss_wholesale_cost >= 42::numeric) AND (ss_wholesale_cost <= 62::numeric))))
                                             ->  Append-only Columnar Scan on store_sales_1_prt_9 store_sales_1_prt_9_5  (cost=0.00..1199494.00 rows=294455 width=6)
                                                   Filter: ((ss_quantity >= 26) AND (ss_quantity <= 30) AND (((ss_list_price >= 28::numeric) AND (ss_list_price <= 38::numeric)) OR ((ss_coupon_amt >= 2513::numeric) AND (ss_coupon_amt <= 3513::numeric)) OR ((ss_wholesale_cost >= 42::numeric) AND (ss_wholesale_cost <= 62::numeric))))
                                             ->  Append-only Columnar Scan on store_sales_1_prt_10 store_sales_1_prt_10_5  (cost=0.00..1874846.00 rows=461403 width=6)
                                                   Filter: ((ss_quantity >= 26) AND (ss_quantity <= 30) AND (((ss_list_price >= 28::numeric) AND (ss_list_price <= 38::numeric)) OR ((ss_coupon_amt >= 2513::numeric) AND (ss_coupon_amt <= 3513::numeric)) OR ((ss_wholesale_cost >= 42::numeric) AND (ss_wholesale_cost <= 62::numeric))))
                                             ->  Append-only Columnar Scan on store_sales_1_prt_11 store_sales_1_prt_11_5  (cost=0.00..1876812.00 rows=457024 width=6)
                                                   Filter: ((ss_quantity >= 26) AND (ss_quantity <= 30) AND (((ss_list_price >= 28::numeric) AND (ss_list_price <= 38::numeric)) OR ((ss_coupon_amt >= 2513::numeric) AND (ss_coupon_amt <= 3513::numeric)) OR ((ss_wholesale_cost >= 42::numeric) AND (ss_wholesale_cost <= 62::numeric))))
                                             ->  Append-only Columnar Scan on store_sales_1_prt_12 store_sales_1_prt_12_5  (cost=0.00..1944629.00 rows=491940 width=6)
                                                   Filter: ((ss_quantity >= 26) AND (ss_quantity <= 30) AND (((ss_list_price >= 28::numeric) AND (ss_list_price <= 38::numeric)) OR ((ss_coupon_amt >= 2513::numeric) AND (ss_coupon_amt <= 3513::numeric)) OR ((ss_wholesale_cost >= 42::numeric) AND (ss_wholesale_cost <= 62::numeric))))
                                             ->  Append-only Columnar Scan on store_sales_1_prt_13 store_sales_1_prt_13_5  (cost=0.00..2840696.00 rows=714108 width=6)
                                                   Filter: ((ss_quantity >= 26) AND (ss_quantity <= 30) AND (((ss_list_price >= 28::numeric) AND (ss_list_price <= 38::numeric)) OR ((ss_coupon_amt >= 2513::numeric) AND (ss_coupon_amt <= 3513::numeric)) OR ((ss_wholesale_cost >= 42::numeric) AND (ss_wholesale_cost <= 62::numeric))))
                                             ->  Append-only Columnar Scan on store_sales_1_prt_14 store_sales_1_prt_14_5  (cost=0.00..2842993.00 rows=687260 width=6)
                                                   Filter: ((ss_quantity >= 26) AND (ss_quantity <= 30) AND (((ss_list_price >= 28::numeric) AND (ss_list_price <= 38::numeric)) OR ((ss_coupon_amt >= 2513::numeric) AND (ss_coupon_amt <= 3513::numeric)) OR ((ss_wholesale_cost >= 42::numeric) AND (ss_wholesale_cost <= 62::numeric))))
                                             ->  Append-only Columnar Scan on store_sales_1_prt_15 store_sales_1_prt_15_5  (cost=0.00..1069612.00 rows=259254 width=6)
                                                   Filter: ((ss_quantity >= 26) AND (ss_quantity <= 30) AND (((ss_list_price >= 28::numeric) AND (ss_list_price <= 38::numeric)) OR ((ss_coupon_amt >= 2513::numeric) AND (ss_coupon_amt <= 3513::numeric)) OR ((ss_wholesale_cost >= 42::numeric) AND (ss_wholesale_cost <= 62::numeric))))
                                             ->  Append-only Columnar Scan on store_sales_1_prt_16 store_sales_1_prt_16_5  (cost=0.00..824105.00 rows=202858 width=6)
                                                   Filter: ((ss_quantity >= 26) AND (ss_quantity <= 30) AND (((ss_list_price >= 28::numeric) AND (ss_list_price <= 38::numeric)) OR ((ss_coupon_amt >= 2513::numeric) AND (ss_coupon_amt <= 3513::numeric)) OR ((ss_wholesale_cost >= 42::numeric) AND (ss_wholesale_cost <= 62::numeric))))
                                             ->  Append-only Columnar Scan on store_sales_1_prt_17 store_sales_1_prt_17_5  (cost=0.00..795276.00 rows=192920 width=6)
                                                   Filter: ((ss_quantity >= 26) AND (ss_quantity <= 30) AND (((ss_list_price >= 28::numeric) AND (ss_list_price <= 38::numeric)) OR ((ss_coupon_amt >= 2513::numeric) AND (ss_coupon_amt <= 3513::numeric)) OR ((ss_wholesale_cost >= 42::numeric) AND (ss_wholesale_cost <= 62::numeric))))
                                             ->  Append-only Columnar Scan on store_sales_1_prt_18 store_sales_1_prt_18_5  (cost=0.00..824379.00 rows=215100 width=6)
                                                   Filter: ((ss_quantity >= 26) AND (ss_quantity <= 30) AND (((ss_list_price >= 28::numeric) AND (ss_list_price <= 38::numeric)) OR ((ss_coupon_amt >= 2513::numeric) AND (ss_coupon_amt <= 3513::numeric)) OR ((ss_wholesale_cost >= 42::numeric) AND (ss_wholesale_cost <= 62::numeric))))
                                             ->  Append-only Columnar Scan on store_sales_1_prt_19 store_sales_1_prt_19_5  (cost=0.00..823315.00 rows=203115 width=6)
                                                   Filter: ((ss_quantity >= 26) AND (ss_quantity <= 30) AND (((ss_list_price >= 28::numeric) AND (ss_list_price <= 38::numeric)) OR ((ss_coupon_amt >= 2513::numeric) AND (ss_coupon_amt <= 3513::numeric)) OR ((ss_wholesale_cost >= 42::numeric) AND (ss_wholesale_cost <= 62::numeric))))
                                             ->  Append-only Columnar Scan on store_sales_1_prt_20 store_sales_1_prt_20_5  (cost=0.00..824738.00 rows=197445 width=6)
                                                   Filter: ((ss_quantity >= 26) AND (ss_quantity <= 30) AND (((ss_list_price >= 28::numeric) AND (ss_list_price <= 38::numeric)) OR ((ss_coupon_amt >= 2513::numeric) AND (ss_coupon_amt <= 3513::numeric)) OR ((ss_wholesale_cost >= 42::numeric) AND (ss_wholesale_cost <= 62::numeric))))
                                             ->  Append-only Columnar Scan on store_sales_1_prt_21 store_sales_1_prt_21_5  (cost=0.00..823402.00 rows=195027 width=6)
                                                   Filter: ((ss_quantity >= 26) AND (ss_quantity <= 30) AND (((ss_list_price >= 28::numeric) AND (ss_list_price <= 38::numeric)) OR ((ss_coupon_amt >= 2513::numeric) AND (ss_coupon_amt <= 3513::numeric)) OR ((ss_wholesale_cost >= 42::numeric) AND (ss_wholesale_cost <= 62::numeric))))
                                             ->  Append-only Columnar Scan on store_sales_1_prt_22 store_sales_1_prt_22_5  (cost=0.00..1161760.00 rows=283025 width=6)
                                                   Filter: ((ss_quantity >= 26) AND (ss_quantity <= 30) AND (((ss_list_price >= 28::numeric) AND (ss_list_price <= 38::numeric)) OR ((ss_coupon_amt >= 2513::numeric) AND (ss_coupon_amt <= 3513::numeric)) OR ((ss_wholesale_cost >= 42::numeric) AND (ss_wholesale_cost <= 62::numeric))))
                                             ->  Append-only Columnar Scan on store_sales_1_prt_23 store_sales_1_prt_23_5  (cost=0.00..1876338.00 rows=453851 width=6)
                                                   Filter: ((ss_quantity >= 26) AND (ss_quantity <= 30) AND (((ss_list_price >= 28::numeric) AND (ss_list_price <= 38::numeric)) OR ((ss_coupon_amt >= 2513::numeric) AND (ss_coupon_amt <= 3513::numeric)) OR ((ss_wholesale_cost >= 42::numeric) AND (ss_wholesale_cost <= 62::numeric))))
                                             ->  Append-only Columnar Scan on store_sales_1_prt_24 store_sales_1_prt_24_5  (cost=0.00..1875595.00 rows=465203 width=6)
                                                   Filter: ((ss_quantity >= 26) AND (ss_quantity <= 30) AND (((ss_list_price >= 28::numeric) AND (ss_list_price <= 38::numeric)) OR ((ss_coupon_amt >= 2513::numeric) AND (ss_coupon_amt <= 3513::numeric)) OR ((ss_wholesale_cost >= 42::numeric) AND (ss_wholesale_cost <= 62::numeric))))
                                             ->  Append-only Columnar Scan on store_sales_1_prt_25 store_sales_1_prt_25_5  (cost=0.00..1909053.00 rows=477200 width=6)
                                                   Filter: ((ss_quantity >= 26) AND (ss_quantity <= 30) AND (((ss_list_price >= 28::numeric) AND (ss_list_price <= 38::numeric)) OR ((ss_coupon_amt >= 2513::numeric) AND (ss_coupon_amt <= 3513::numeric)) OR ((ss_wholesale_cost >= 42::numeric) AND (ss_wholesale_cost <= 62::numeric))))
                                             ->  Append-only Columnar Scan on store_sales_1_prt_26 store_sales_1_prt_26_5  (cost=0.00..2843200.00 rows=653629 width=6)
                                                   Filter: ((ss_quantity >= 26) AND (ss_quantity <= 30) AND (((ss_list_price >= 28::numeric) AND (ss_list_price <= 38::numeric)) OR ((ss_coupon_amt >= 2513::numeric) AND (ss_coupon_amt <= 3513::numeric)) OR ((ss_wholesale_cost >= 42::numeric) AND (ss_wholesale_cost <= 62::numeric))))
                                             ->  Append-only Columnar Scan on store_sales_1_prt_27 store_sales_1_prt_27_5  (cost=0.00..2841374.00 rows=692714 width=6)
                                                   Filter: ((ss_quantity >= 26) AND (ss_quantity <= 30) AND (((ss_list_price >= 28::numeric) AND (ss_list_price <= 38::numeric)) OR ((ss_coupon_amt >= 2513::numeric) AND (ss_coupon_amt <= 3513::numeric)) OR ((ss_wholesale_cost >= 42::numeric) AND (ss_wholesale_cost <= 62::numeric))))
                                             ->  Append-only Columnar Scan on store_sales_1_prt_28 store_sales_1_prt_28_5  (cost=0.00..1141081.00 rows=284571 width=6)
                                                   Filter: ((ss_quantity >= 26) AND (ss_quantity <= 30) AND (((ss_list_price >= 28::numeric) AND (ss_list_price <= 38::numeric)) OR ((ss_coupon_amt >= 2513::numeric) AND (ss_coupon_amt <= 3513::numeric)) OR ((ss_wholesale_cost >= 42::numeric) AND (ss_wholesale_cost <= 62::numeric))))
                                             ->  Append-only Columnar Scan on store_sales_1_prt_29 store_sales_1_prt_29_5  (cost=0.00..822730.00 rows=202469 width=6)
                                                   Filter: ((ss_quantity >= 26) AND (ss_quantity <= 30) AND (((ss_list_price >= 28::numeric) AND (ss_list_price <= 38::numeric)) OR ((ss_coupon_amt >= 2513::numeric) AND (ss_coupon_amt <= 3513::numeric)) OR ((ss_wholesale_cost >= 42::numeric) AND (ss_wholesale_cost <= 62::numeric))))
                                             ->  Append-only Columnar Scan on store_sales_1_prt_30 store_sales_1_prt_30_5  (cost=0.00..823396.00 rows=197832 width=6)
                                                   Filter: ((ss_quantity >= 26) AND (ss_quantity <= 30) AND (((ss_list_price >= 28::numeric) AND (ss_list_price <= 38::numeric)) OR ((ss_coupon_amt >= 2513::numeric) AND (ss_coupon_amt <= 3513::numeric)) OR ((ss_wholesale_cost >= 42::numeric) AND (ss_wholesale_cost <= 62::numeric))))
                                             ->  Append-only Columnar Scan on store_sales_1_prt_31 store_sales_1_prt_31_5  (cost=0.00..822970.00 rows=202249 width=6)
                                                   Filter: ((ss_quantity >= 26) AND (ss_quantity <= 30) AND (((ss_list_price >= 28::numeric) AND (ss_list_price <= 38::numeric)) OR ((ss_coupon_amt >= 2513::numeric) AND (ss_coupon_amt <= 3513::numeric)) OR ((ss_wholesale_cost >= 42::numeric) AND (ss_wholesale_cost <= 62::numeric))))
                                             ->  Append-only Columnar Scan on store_sales_1_prt_32 store_sales_1_prt_32_5  (cost=0.00..822738.00 rows=200958 width=6)
                                                   Filter: ((ss_quantity >= 26) AND (ss_quantity <= 30) AND (((ss_list_price >= 28::numeric) AND (ss_list_price <= 38::numeric)) OR ((ss_coupon_amt >= 2513::numeric) AND (ss_coupon_amt <= 3513::numeric)) OR ((ss_wholesale_cost >= 42::numeric) AND (ss_wholesale_cost <= 62::numeric))))
                                             ->  Append-only Columnar Scan on store_sales_1_prt_33 store_sales_1_prt_33_5  (cost=0.00..823109.00 rows=205253 width=6)
                                                   Filter: ((ss_quantity >= 26) AND (ss_quantity <= 30) AND (((ss_list_price >= 28::numeric) AND (ss_list_price <= 38::numeric)) OR ((ss_coupon_amt >= 2513::numeric) AND (ss_coupon_amt <= 3513::numeric)) OR ((ss_wholesale_cost >= 42::numeric) AND (ss_wholesale_cost <= 62::numeric))))
                                             ->  Append-only Columnar Scan on store_sales_1_prt_34 store_sales_1_prt_34_5  (cost=0.00..821646.00 rows=202458 width=6)
                                                   Filter: ((ss_quantity >= 26) AND (ss_quantity <= 30) AND (((ss_list_price >= 28::numeric) AND (ss_list_price <= 38::numeric)) OR ((ss_coupon_amt >= 2513::numeric) AND (ss_coupon_amt <= 3513::numeric)) OR ((ss_wholesale_cost >= 42::numeric) AND (ss_wholesale_cost <= 62::numeric))))
                                             ->  Append-only Columnar Scan on store_sales_1_prt_35 store_sales_1_prt_35_5  (cost=0.00..1121711.00 rows=281623 width=6)
                                                   Filter: ((ss_quantity >= 26) AND (ss_quantity <= 30) AND (((ss_list_price >= 28::numeric) AND (ss_list_price <= 38::numeric)) OR ((ss_coupon_amt >= 2513::numeric) AND (ss_coupon_amt <= 3513::numeric)) OR ((ss_wholesale_cost >= 42::numeric) AND (ss_wholesale_cost <= 62::numeric))))
                                             ->  Append-only Columnar Scan on store_sales_1_prt_36 store_sales_1_prt_36_5  (cost=0.00..1872903.00 rows=453658 width=6)
                                                   Filter: ((ss_quantity >= 26) AND (ss_quantity <= 30) AND (((ss_list_price >= 28::numeric) AND (ss_list_price <= 38::numeric)) OR ((ss_coupon_amt >= 2513::numeric) AND (ss_coupon_amt <= 3513::numeric)) OR ((ss_wholesale_cost >= 42::numeric) AND (ss_wholesale_cost <= 62::numeric))))
                                             ->  Append-only Columnar Scan on store_sales_1_prt_37 store_sales_1_prt_37_5  (cost=0.00..1871312.00 rows=455877 width=6)
                                                   Filter: ((ss_quantity >= 26) AND (ss_quantity <= 30) AND (((ss_list_price >= 28::numeric) AND (ss_list_price <= 38::numeric)) OR ((ss_coupon_amt >= 2513::numeric) AND (ss_coupon_amt <= 3513::numeric)) OR ((ss_wholesale_cost >= 42::numeric) AND (ss_wholesale_cost <= 62::numeric))))
                                             ->  Append-only Columnar Scan on store_sales_1_prt_38 store_sales_1_prt_38_5  (cost=0.00..1872422.00 rows=468491 width=6)
                                                   Filter: ((ss_quantity >= 26) AND (ss_quantity <= 30) AND (((ss_list_price >= 28::numeric) AND (ss_list_price <= 38::numeric)) OR ((ss_coupon_amt >= 2513::numeric) AND (ss_coupon_amt <= 3513::numeric)) OR ((ss_wholesale_cost >= 42::numeric) AND (ss_wholesale_cost <= 62::numeric))))
                                             ->  Append-only Columnar Scan on store_sales_1_prt_39 store_sales_1_prt_39_5  (cost=0.00..2836732.12 rows=683066 width=6)
                                                   Filter: ((ss_quantity >= 26) AND (ss_quantity <= 30) AND (((ss_list_price >= 28::numeric) AND (ss_list_price <= 38::numeric)) OR ((ss_coupon_amt >= 2513::numeric) AND (ss_coupon_amt <= 3513::numeric)) OR ((ss_wholesale_cost >= 42::numeric) AND (ss_wholesale_cost <= 62::numeric))))
                                             ->  Append-only Columnar Scan on store_sales_1_prt_40 store_sales_1_prt_40_5  (cost=0.00..2836757.12 rows=690350 width=6)
                                                   Filter: ((ss_quantity >= 26) AND (ss_quantity <= 30) AND (((ss_list_price >= 28::numeric) AND (ss_list_price <= 38::numeric)) OR ((ss_coupon_amt >= 2513::numeric) AND (ss_coupon_amt <= 3513::numeric)) OR ((ss_wholesale_cost >= 42::numeric) AND (ss_wholesale_cost <= 62::numeric))))
                                             ->  Append-only Columnar Scan on store_sales_1_prt_41 store_sales_1_prt_41_5  (cost=0.00..1183326.00 rows=286196 width=6)
                                                   Filter: ((ss_quantity >= 26) AND (ss_quantity <= 30) AND (((ss_list_price >= 28::numeric) AND (ss_list_price <= 38::numeric)) OR ((ss_coupon_amt >= 2513::numeric) AND (ss_coupon_amt <= 3513::numeric)) OR ((ss_wholesale_cost >= 42::numeric) AND (ss_wholesale_cost <= 62::numeric))))
                                             ->  Append-only Columnar Scan on store_sales_1_prt_42 store_sales_1_prt_42_5  (cost=0.00..824305.00 rows=204699 width=6)
                                                   Filter: ((ss_quantity >= 26) AND (ss_quantity <= 30) AND (((ss_list_price >= 28::numeric) AND (ss_list_price <= 38::numeric)) OR ((ss_coupon_amt >= 2513::numeric) AND (ss_coupon_amt <= 3513::numeric)) OR ((ss_wholesale_cost >= 42::numeric) AND (ss_wholesale_cost <= 62::numeric))))
                                             ->  Append-only Columnar Scan on store_sales_1_prt_43 store_sales_1_prt_43_5  (cost=0.00..795024.00 rows=187226 width=6)
                                                   Filter: ((ss_quantity >= 26) AND (ss_quantity <= 30) AND (((ss_list_price >= 28::numeric) AND (ss_list_price <= 38::numeric)) OR ((ss_coupon_amt >= 2513::numeric) AND (ss_coupon_amt <= 3513::numeric)) OR ((ss_wholesale_cost >= 42::numeric) AND (ss_wholesale_cost <= 62::numeric))))
                                             ->  Append-only Columnar Scan on store_sales_1_prt_44 store_sales_1_prt_44_5  (cost=0.00..823443.00 rows=200704 width=6)
                                                   Filter: ((ss_quantity >= 26) AND (ss_quantity <= 30) AND (((ss_list_price >= 28::numeric) AND (ss_list_price <= 38::numeric)) OR ((ss_coupon_amt >= 2513::numeric) AND (ss_coupon_amt <= 3513::numeric)) OR ((ss_wholesale_cost >= 42::numeric) AND (ss_wholesale_cost <= 62::numeric))))
                                             ->  Append-only Columnar Scan on store_sales_1_prt_45 store_sales_1_prt_45_5  (cost=0.00..823709.00 rows=208747 width=6)
                                                   Filter: ((ss_quantity >= 26) AND (ss_quantity <= 30) AND (((ss_list_price >= 28::numeric) AND (ss_list_price <= 38::numeric)) OR ((ss_coupon_amt >= 2513::numeric) AND (ss_coupon_amt <= 3513::numeric)) OR ((ss_wholesale_cost >= 42::numeric) AND (ss_wholesale_cost <= 62::numeric))))
                                             ->  Append-only Columnar Scan on store_sales_1_prt_46 store_sales_1_prt_46_5  (cost=0.00..824465.00 rows=203331 width=6)
                                                   Filter: ((ss_quantity >= 26) AND (ss_quantity <= 30) AND (((ss_list_price >= 28::numeric) AND (ss_list_price <= 38::numeric)) OR ((ss_coupon_amt >= 2513::numeric) AND (ss_coupon_amt <= 3513::numeric)) OR ((ss_wholesale_cost >= 42::numeric) AND (ss_wholesale_cost <= 62::numeric))))
                                             ->  Append-only Columnar Scan on store_sales_1_prt_47 store_sales_1_prt_47_5  (cost=0.00..822710.00 rows=196754 width=6)
                                                   Filter: ((ss_quantity >= 26) AND (ss_quantity <= 30) AND (((ss_list_price >= 28::numeric) AND (ss_list_price <= 38::numeric)) OR ((ss_coupon_amt >= 2513::numeric) AND (ss_coupon_amt <= 3513::numeric)) OR ((ss_wholesale_cost >= 42::numeric) AND (ss_wholesale_cost <= 62::numeric))))
                                             ->  Append-only Columnar Scan on store_sales_1_prt_48 store_sales_1_prt_48_5  (cost=0.00..1049885.00 rows=254144 width=6)
                                                   Filter: ((ss_quantity >= 26) AND (ss_quantity <= 30) AND (((ss_list_price >= 28::numeric) AND (ss_list_price <= 38::numeric)) OR ((ss_coupon_amt >= 2513::numeric) AND (ss_coupon_amt <= 3513::numeric)) OR ((ss_wholesale_cost >= 42::numeric) AND (ss_wholesale_cost <= 62::numeric))))
                                             ->  Append-only Columnar Scan on store_sales_1_prt_49 store_sales_1_prt_49_5  (cost=0.00..1877504.00 rows=467716 width=6)
                                                   Filter: ((ss_quantity >= 26) AND (ss_quantity <= 30) AND (((ss_list_price >= 28::numeric) AND (ss_list_price <= 38::numeric)) OR ((ss_coupon_amt >= 2513::numeric) AND (ss_coupon_amt <= 3513::numeric)) OR ((ss_wholesale_cost >= 42::numeric) AND (ss_wholesale_cost <= 62::numeric))))
                                             ->  Append-only Columnar Scan on store_sales_1_prt_50 store_sales_1_prt_50_5  (cost=0.00..1876541.00 rows=469043 width=6)
                                                   Filter: ((ss_quantity >= 26) AND (ss_quantity <= 30) AND (((ss_list_price >= 28::numeric) AND (ss_list_price <= 38::numeric)) OR ((ss_coupon_amt >= 2513::numeric) AND (ss_coupon_amt <= 3513::numeric)) OR ((ss_wholesale_cost >= 42::numeric) AND (ss_wholesale_cost <= 62::numeric))))
                                             ->  Append-only Columnar Scan on store_sales_1_prt_51 store_sales_1_prt_51_5  (cost=0.00..1876610.00 rows=458971 width=6)
                                                   Filter: ((ss_quantity >= 26) AND (ss_quantity <= 30) AND (((ss_list_price >= 28::numeric) AND (ss_list_price <= 38::numeric)) OR ((ss_coupon_amt >= 2513::numeric) AND (ss_coupon_amt <= 3513::numeric)) OR ((ss_wholesale_cost >= 42::numeric) AND (ss_wholesale_cost <= 62::numeric))))
                                             ->  Append-only Columnar Scan on store_sales_1_prt_52 store_sales_1_prt_52_5  (cost=0.00..2769970.00 rows=670195 width=6)
                                                   Filter: ((ss_quantity >= 26) AND (ss_quantity <= 30) AND (((ss_list_price >= 28::numeric) AND (ss_list_price <= 38::numeric)) OR ((ss_coupon_amt >= 2513::numeric) AND (ss_coupon_amt <= 3513::numeric)) OR ((ss_wholesale_cost >= 42::numeric) AND (ss_wholesale_cost <= 62::numeric))))
                                             ->  Append-only Columnar Scan on store_sales_1_prt_53 store_sales_1_prt_53_5  (cost=0.00..2842711.88 rows=688790 width=6)
                                                   Filter: ((ss_quantity >= 26) AND (ss_quantity <= 30) AND (((ss_list_price >= 28::numeric) AND (ss_list_price <= 38::numeric)) OR ((ss_coupon_amt >= 2513::numeric) AND (ss_coupon_amt <= 3513::numeric)) OR ((ss_wholesale_cost >= 42::numeric) AND (ss_wholesale_cost <= 62::numeric))))
                                             ->  Append-only Columnar Scan on store_sales_1_prt_54 store_sales_1_prt_54_5  (cost=0.00..1359885.00 rows=327070 width=6)
                                                   Filter: ((ss_quantity >= 26) AND (ss_quantity <= 30) AND (((ss_list_price >= 28::numeric) AND (ss_list_price <= 38::numeric)) OR ((ss_coupon_amt >= 2513::numeric) AND (ss_coupon_amt <= 3513::numeric)) OR ((ss_wholesale_cost >= 42::numeric) AND (ss_wholesale_cost <= 62::numeric))))
                                             ->  Append-only Columnar Scan on store_sales_1_prt_55 store_sales_1_prt_55_5  (cost=0.00..824856.00 rows=203779 width=6)
                                                   Filter: ((ss_quantity >= 26) AND (ss_quantity <= 30) AND (((ss_list_price >= 28::numeric) AND (ss_list_price <= 38::numeric)) OR ((ss_coupon_amt >= 2513::numeric) AND (ss_coupon_amt <= 3513::numeric)) OR ((ss_wholesale_cost >= 42::numeric) AND (ss_wholesale_cost <= 62::numeric))))
                                             ->  Append-only Columnar Scan on store_sales_1_prt_56 store_sales_1_prt_56_5  (cost=0.00..794658.00 rows=199765 width=6)
                                                   Filter: ((ss_quantity >= 26) AND (ss_quantity <= 30) AND (((ss_list_price >= 28::numeric) AND (ss_list_price <= 38::numeric)) OR ((ss_coupon_amt >= 2513::numeric) AND (ss_coupon_amt <= 3513::numeric)) OR ((ss_wholesale_cost >= 42::numeric) AND (ss_wholesale_cost <= 62::numeric))))
                                             ->  Append-only Columnar Scan on store_sales_1_prt_57 store_sales_1_prt_57_5  (cost=0.00..824278.00 rows=203694 width=6)
                                                   Filter: ((ss_quantity >= 26) AND (ss_quantity <= 30) AND (((ss_list_price >= 28::numeric) AND (ss_list_price <= 38::numeric)) OR ((ss_coupon_amt >= 2513::numeric) AND (ss_coupon_amt <= 3513::numeric)) OR ((ss_wholesale_cost >= 42::numeric) AND (ss_wholesale_cost <= 62::numeric))))
                                             ->  Append-only Columnar Scan on store_sales_1_prt_58 store_sales_1_prt_58_5  (cost=0.00..823447.00 rows=199870 width=6)
                                                   Filter: ((ss_quantity >= 26) AND (ss_quantity <= 30) AND (((ss_list_price >= 28::numeric) AND (ss_list_price <= 38::numeric)) OR ((ss_coupon_amt >= 2513::numeric) AND (ss_coupon_amt <= 3513::numeric)) OR ((ss_wholesale_cost >= 42::numeric) AND (ss_wholesale_cost <= 62::numeric))))
                                             ->  Append-only Columnar Scan on store_sales_1_prt_59 store_sales_1_prt_59_5  (cost=0.00..824350.00 rows=201902 width=6)
                                                   Filter: ((ss_quantity >= 26) AND (ss_quantity <= 30) AND (((ss_list_price >= 28::numeric) AND (ss_list_price <= 38::numeric)) OR ((ss_coupon_amt >= 2513::numeric) AND (ss_coupon_amt <= 3513::numeric)) OR ((ss_wholesale_cost >= 42::numeric) AND (ss_wholesale_cost <= 62::numeric))))
                                             ->  Append-only Columnar Scan on store_sales_1_prt_60 store_sales_1_prt_60_5  (cost=0.00..824092.00 rows=203705 width=6)
                                                   Filter: ((ss_quantity >= 26) AND (ss_quantity <= 30) AND (((ss_list_price >= 28::numeric) AND (ss_list_price <= 38::numeric)) OR ((ss_coupon_amt >= 2513::numeric) AND (ss_coupon_amt <= 3513::numeric)) OR ((ss_wholesale_cost >= 42::numeric) AND (ss_wholesale_cost <= 62::numeric))))
                                             ->  Append-only Columnar Scan on store_sales_1_prt_61 store_sales_1_prt_61_5  (cost=0.00..1011520.00 rows=241818 width=6)
                                                   Filter: ((ss_quantity >= 26) AND (ss_quantity <= 30) AND (((ss_list_price >= 28::numeric) AND (ss_list_price <= 38::numeric)) OR ((ss_coupon_amt >= 2513::numeric) AND (ss_coupon_amt <= 3513::numeric)) OR ((ss_wholesale_cost >= 42::numeric) AND (ss_wholesale_cost <= 62::numeric))))
                                             ->  Append-only Columnar Scan on store_sales_1_prt_62 store_sales_1_prt_62_5  (cost=0.00..1875423.00 rows=457603 width=6)
                                                   Filter: ((ss_quantity >= 26) AND (ss_quantity <= 30) AND (((ss_list_price >= 28::numeric) AND (ss_list_price <= 38::numeric)) OR ((ss_coupon_amt >= 2513::numeric) AND (ss_coupon_amt <= 3513::numeric)) OR ((ss_wholesale_cost >= 42::numeric) AND (ss_wholesale_cost <= 62::numeric))))
                                             ->  Append-only Columnar Scan on store_sales_1_prt_63 store_sales_1_prt_63_5  (cost=0.00..1876566.00 rows=458998 width=6)
                                                   Filter: ((ss_quantity >= 26) AND (ss_quantity <= 30) AND (((ss_list_price >= 28::numeric) AND (ss_list_price <= 38::numeric)) OR ((ss_coupon_amt >= 2513::numeric) AND (ss_coupon_amt <= 3513::numeric)) OR ((ss_wholesale_cost >= 42::numeric) AND (ss_wholesale_cost <= 62::numeric))))
                                             ->  Append-only Columnar Scan on store_sales_1_prt_64 store_sales_1_prt_64_5  (cost=0.00..1876492.00 rows=454416 width=6)
                                                   Filter: ((ss_quantity >= 26) AND (ss_quantity <= 30) AND (((ss_list_price >= 28::numeric) AND (ss_list_price <= 38::numeric)) OR ((ss_coupon_amt >= 2513::numeric) AND (ss_coupon_amt <= 3513::numeric)) OR ((ss_wholesale_cost >= 42::numeric) AND (ss_wholesale_cost <= 62::numeric))))
                                             ->  Append-only Columnar Scan on store_sales_1_prt_65 store_sales_1_prt_65_5  (cost=0.00..2737216.88 rows=689257 width=6)
                                                   Filter: ((ss_quantity >= 26) AND (ss_quantity <= 30) AND (((ss_list_price >= 28::numeric) AND (ss_list_price <= 38::numeric)) OR ((ss_coupon_amt >= 2513::numeric) AND (ss_coupon_amt <= 3513::numeric)) OR ((ss_wholesale_cost >= 42::numeric) AND (ss_wholesale_cost <= 62::numeric))))
                                             ->  Append-only Columnar Scan on store_sales_1_prt_66 store_sales_1_prt_66_5  (cost=0.00..2840279.88 rows=720941 width=6)
                                                   Filter: ((ss_quantity >= 26) AND (ss_quantity <= 30) AND (((ss_list_price >= 28::numeric) AND (ss_list_price <= 38::numeric)) OR ((ss_coupon_amt >= 2513::numeric) AND (ss_coupon_amt <= 3513::numeric)) OR ((ss_wholesale_cost >= 42::numeric) AND (ss_wholesale_cost <= 62::numeric))))
                                             ->  Append-only Columnar Scan on store_sales_1_prt_67 store_sales_1_prt_67_5  (cost=0.00..811471.00 rows=197272 width=6)
                                                   Filter: ((ss_quantity >= 26) AND (ss_quantity <= 30) AND (((ss_list_price >= 28::numeric) AND (ss_list_price <= 38::numeric)) OR ((ss_coupon_amt >= 2513::numeric) AND (ss_coupon_amt <= 3513::numeric)) OR ((ss_wholesale_cost >= 42::numeric) AND (ss_wholesale_cost <= 62::numeric))))
                                             ->  Append-only Columnar Scan on store_sales_1_prt_68 store_sales_1_prt_68_5  (cost=0.00..1.00 rows=1 width=14)
                                                   Filter: ((ss_quantity >= 26) AND (ss_quantity <= 30) AND (((ss_list_price >= 28::numeric) AND (ss_list_price <= 38::numeric)) OR ((ss_coupon_amt >= 2513::numeric) AND (ss_coupon_amt <= 3513::numeric)) OR ((ss_wholesale_cost >= 42::numeric) AND (ss_wholesale_cost <= 62::numeric))))
                                             ->  Append-only Columnar Scan on store_sales_1_prt_69 store_sales_1_prt_69_5  (cost=0.00..1.00 rows=1 width=14)
                                                   Filter: ((ss_quantity >= 26) AND (ss_quantity <= 30) AND (((ss_list_price >= 28::numeric) AND (ss_list_price <= 38::numeric)) OR ((ss_coupon_amt >= 2513::numeric) AND (ss_coupon_amt <= 3513::numeric)) OR ((ss_wholesale_cost >= 42::numeric) AND (ss_wholesale_cost <= 62::numeric))))
                                             ->  Append-only Columnar Scan on store_sales_1_prt_70 store_sales_1_prt_70_5  (cost=0.00..1.00 rows=1 width=14)
                                                   Filter: ((ss_quantity >= 26) AND (ss_quantity <= 30) AND (((ss_list_price >= 28::numeric) AND (ss_list_price <= 38::numeric)) OR ((ss_coupon_amt >= 2513::numeric) AND (ss_coupon_amt <= 3513::numeric)) OR ((ss_wholesale_cost >= 42::numeric) AND (ss_wholesale_cost <= 62::numeric))))
                                             ->  Append-only Columnar Scan on store_sales_1_prt_71 store_sales_1_prt_71_5  (cost=0.00..1.00 rows=1 width=14)
                                                   Filter: ((ss_quantity >= 26) AND (ss_quantity <= 30) AND (((ss_list_price >= 28::numeric) AND (ss_list_price <= 38::numeric)) OR ((ss_coupon_amt >= 2513::numeric) AND (ss_coupon_amt <= 3513::numeric)) OR ((ss_wholesale_cost >= 42::numeric) AND (ss_wholesale_cost <= 62::numeric))))
                                             ->  Append-only Columnar Scan on store_sales_1_prt_72 store_sales_1_prt_72_5  (cost=0.00..1.00 rows=1 width=14)
                                                   Filter: ((ss_quantity >= 26) AND (ss_quantity <= 30) AND (((ss_list_price >= 28::numeric) AND (ss_list_price <= 38::numeric)) OR ((ss_coupon_amt >= 2513::numeric) AND (ss_coupon_amt <= 3513::numeric)) OR ((ss_wholesale_cost >= 42::numeric) AND (ss_wholesale_cost <= 62::numeric))))
                                             ->  Append-only Columnar Scan on store_sales_1_prt_73 store_sales_1_prt_73_5  (cost=0.00..1.00 rows=1 width=14)
                                                   Filter: ((ss_quantity >= 26) AND (ss_quantity <= 30) AND (((ss_list_price >= 28::numeric) AND (ss_list_price <= 38::numeric)) OR ((ss_coupon_amt >= 2513::numeric) AND (ss_coupon_amt <= 3513::numeric)) OR ((ss_wholesale_cost >= 42::numeric) AND (ss_wholesale_cost <= 62::numeric))))
                                             ->  Append-only Columnar Scan on store_sales_1_prt_74 store_sales_1_prt_74_5  (cost=0.00..1.00 rows=1 width=14)
                                                   Filter: ((ss_quantity >= 26) AND (ss_quantity <= 30) AND (((ss_list_price >= 28::numeric) AND (ss_list_price <= 38::numeric)) OR ((ss_coupon_amt >= 2513::numeric) AND (ss_coupon_amt <= 3513::numeric)) OR ((ss_wholesale_cost >= 42::numeric) AND (ss_wholesale_cost <= 62::numeric))))
                                             ->  Append-only Columnar Scan on store_sales_1_prt_75 store_sales_1_prt_75_5  (cost=0.00..1.00 rows=1 width=14)
                                                   Filter: ((ss_quantity >= 26) AND (ss_quantity <= 30) AND (((ss_list_price >= 28::numeric) AND (ss_list_price <= 38::numeric)) OR ((ss_coupon_amt >= 2513::numeric) AND (ss_coupon_amt <= 3513::numeric)) OR ((ss_wholesale_cost >= 42::numeric) AND (ss_wholesale_cost <= 62::numeric))))
                                             ->  Append-only Columnar Scan on store_sales_1_prt_76 store_sales_1_prt_76_5  (cost=0.00..1.00 rows=1 width=14)
                                                   Filter: ((ss_quantity >= 26) AND (ss_quantity <= 30) AND (((ss_list_price >= 28::numeric) AND (ss_list_price <= 38::numeric)) OR ((ss_coupon_amt >= 2513::numeric) AND (ss_coupon_amt <= 3513::numeric)) OR ((ss_wholesale_cost >= 42::numeric) AND (ss_wholesale_cost <= 62::numeric))))
                                             ->  Append-only Columnar Scan on store_sales_1_prt_77 store_sales_1_prt_77_5  (cost=0.00..1.00 rows=1 width=14)
                                                   Filter: ((ss_quantity >= 26) AND (ss_quantity <= 30) AND (((ss_list_price >= 28::numeric) AND (ss_list_price <= 38::numeric)) OR ((ss_coupon_amt >= 2513::numeric) AND (ss_coupon_amt <= 3513::numeric)) OR ((ss_wholesale_cost >= 42::numeric) AND (ss_wholesale_cost <= 62::numeric))))
                                             ->  Append-only Columnar Scan on store_sales_1_prt_78 store_sales_1_prt_78_5  (cost=0.00..1.00 rows=1 width=14)
                                                   Filter: ((ss_quantity >= 26) AND (ss_quantity <= 30) AND (((ss_list_price >= 28::numeric) AND (ss_list_price <= 38::numeric)) OR ((ss_coupon_amt >= 2513::numeric) AND (ss_coupon_amt <= 3513::numeric)) OR ((ss_wholesale_cost >= 42::numeric) AND (ss_wholesale_cost <= 62::numeric))))
                                             ->  Append-only Columnar Scan on store_sales_1_prt_79 store_sales_1_prt_79_5  (cost=0.00..1.00 rows=1 width=14)
                                                   Filter: ((ss_quantity >= 26) AND (ss_quantity <= 30) AND (((ss_list_price >= 28::numeric) AND (ss_list_price <= 38::numeric)) OR ((ss_coupon_amt >= 2513::numeric) AND (ss_coupon_amt <= 3513::numeric)) OR ((ss_wholesale_cost >= 42::numeric) AND (ss_wholesale_cost <= 62::numeric))))
                                             ->  Append-only Columnar Scan on store_sales_1_prt_80 store_sales_1_prt_80_5  (cost=0.00..1.00 rows=1 width=14)
                                                   Filter: ((ss_quantity >= 26) AND (ss_quantity <= 30) AND (((ss_list_price >= 28::numeric) AND (ss_list_price <= 38::numeric)) OR ((ss_coupon_amt >= 2513::numeric) AND (ss_coupon_amt <= 3513::numeric)) OR ((ss_wholesale_cost >= 42::numeric) AND (ss_wholesale_cost <= 62::numeric))))
 Planning time: 84.786 ms
 Optimizer: legacy query optimizer
(1009 rows)

-- end query 1 in stream 0 using template query28.tpl
