-- start query 1 in stream 0 using template query31.tpl
explain
with ss as
 (select ca_county,d_qoy, d_year,sum(ss_ext_sales_price) as store_sales
 from store_sales,date_dim,customer_address
 where ss_sold_date_sk = d_date_sk
  and ss_addr_sk=ca_address_sk
 group by ca_county,d_qoy, d_year),
 ws as
 (select ca_county,d_qoy, d_year,sum(ws_ext_sales_price) as web_sales
 from web_sales,date_dim,customer_address
 where ws_sold_date_sk = d_date_sk
  and ws_bill_addr_sk=ca_address_sk
 group by ca_county,d_qoy, d_year)
 select /* tt */
        ss1.ca_county
       ,ss1.d_year
       ,ws2.web_sales/ws1.web_sales web_q1_q2_increase
       ,ss2.store_sales/ss1.store_sales store_q1_q2_increase
       ,ws3.web_sales/ws2.web_sales web_q2_q3_increase
       ,ss3.store_sales/ss2.store_sales store_q2_q3_increase
 from
        ss ss1
       ,ss ss2
       ,ss ss3
       ,ws ws1
       ,ws ws2
       ,ws ws3
 where
    ss1.d_qoy = 1
    and ss1.d_year = 2000
    and ss1.ca_county = ss2.ca_county
    and ss2.d_qoy = 2
    and ss2.d_year = 2000
 and ss2.ca_county = ss3.ca_county
    and ss3.d_qoy = 3
    and ss3.d_year = 2000
    and ss1.ca_county = ws1.ca_county
    and ws1.d_qoy = 1
    and ws1.d_year = 2000
    and ws1.ca_county = ws2.ca_county
    and ws2.d_qoy = 2
    and ws2.d_year = 2000
    and ws1.ca_county = ws3.ca_county
    and ws3.d_qoy = 3
    and ws3.d_year =2000
    and case when ws1.web_sales > 0 then ws2.web_sales/ws1.web_sales else null end 
       > case when ss1.store_sales > 0 then ss2.store_sales/ss1.store_sales else null end
    and case when ws2.web_sales > 0 then ws3.web_sales/ws2.web_sales else null end
       > case when ss2.store_sales > 0 then ss3.store_sales/ss2.store_sales else null end
 order by ss1.d_year;
                                                                                                                 QUERY PLAN                                                                                                                 
--------------------------------------------------------------------------------------------------------------------------------------------------------------------------------------------------------------------------------------------
 Gather Motion 3:1  (slice21; segments: 3)  (cost=183.09..285.92 rows=123 width=274)
   ->  Hash Join  (cost=183.09..285.92 rows=41 width=274)
         Hash Cond: ((ss1.ca_county)::text = (ss3.ca_county)::text)
         Join Filter: (CASE WHEN (ws2.web_sales > 0::numeric) THEN (ws3.web_sales / ws2.web_sales) ELSE NULL::numeric END > CASE WHEN (ss2.store_sales > 0::numeric) THEN (ss3.store_sales / ss2.store_sales) ELSE NULL::numeric END)
         ->  Hash Join  (cost=90.80..185.85 rows=34 width=444)
               Hash Cond: ((ss2.ca_county)::text = (ss1.ca_county)::text)
               Join Filter: (CASE WHEN (ws1.web_sales > 0::numeric) THEN (ws2.web_sales / ws1.web_sales) ELSE NULL::numeric END > CASE WHEN (ss1.store_sales > 0::numeric) THEN (ss2.store_sales / ss1.store_sales) ELSE NULL::numeric END)
               ->  Redistribute Motion 3:3  (slice7; segments: 3)  (cost=0.72..90.47 rows=27 width=220)
                     Hash Key: ss2.ca_county, 1, (2000)
                     ->  Hash Join  (cost=0.72..88.85 rows=27 width=220)
                           Hash Cond: ((ws2.ca_county)::text = (ss2.ca_county)::text)
                           ->  Subquery Scan on ws2  (cost=0.00..73.54 rows=1226 width=110)
                                 ->  HashAggregate  (cost=15906132.51..15906178.47 rows=1226 width=118)
                                       Group Key: customer_address.ca_county, date_dim.d_qoy, date_dim.d_year
                                       ->  Redistribute Motion 3:3  (slice3; segments: 3)  (cost=15905985.43..15906058.97 rows=1226 width=118)
                                             Hash Key: customer_address.ca_county, date_dim.d_qoy, date_dim.d_year
                                             ->  HashAggregate  (cost=15905985.43..15905985.43 rows=1226 width=118)
                                                   Group Key: customer_address.ca_county, date_dim.d_qoy, date_dim.d_year
                                                   ->  Hash Join  (cost=162376.61..15888061.41 rows=597468 width=28)
                                                         Hash Cond: (web_sales_1_prt_outliers.ws_bill_addr_sk = customer_address.ca_address_sk)
                                                         ->  Redistribute Motion 3:3  (slice2; segments: 3)  (cost=1465.83..15691296.65 rows=597548 width=18)
                                                               Hash Key: web_sales_1_prt_outliers.ws_bill_addr_sk
                                                               ->  Hash Join  (cost=1465.83..15655443.83 rows=597548 width=18)
                                                                     Hash Cond: (web_sales_1_prt_outliers.ws_sold_date_sk = date_dim.d_date_sk)
                                                                     ->  Append  (cost=0.00..11136051.31 rows=240000015 width=14)
                                                                           ->  Result  (cost=0.00..2391.21 rows=59974 width=14)
                                                                                 One-Time Filter: PartSelected
                                                                                 ->  Append-only Columnar Scan on web_sales_1_prt_outliers  (cost=0.00..2391.21 rows=59974 width=14)
                                                                           ->  Result  (cost=0.00..94902.80 rows=2044794 width=14)
                                                                                 One-Time Filter: PartSelected
                                                                                 ->  Append-only Columnar Scan on web_sales_1_prt_2  (cost=0.00..94902.80 rows=2044794 width=14)
                                                                           ->  Result  (cost=0.00..98794.40 rows=2129180 width=14)
                                                                                 One-Time Filter: PartSelected
                                                                                 ->  Append-only Columnar Scan on web_sales_1_prt_3  (cost=0.00..98794.40 rows=2129180 width=14)
                                                                           ->  Result  (cost=0.00..95176.20 rows=2051340 width=14)
                                                                                 One-Time Filter: PartSelected
                                                                                 ->  Append-only Columnar Scan on web_sales_1_prt_4  (cost=0.00..95176.20 rows=2051340 width=14)
                                                                           ->  Result  (cost=0.00..98886.20 rows=2130874 width=14)
                                                                                 One-Time Filter: PartSelected
                                                                                 ->  Append-only Columnar Scan on web_sales_1_prt_5  (cost=0.00..98886.20 rows=2130874 width=14)
                                                                           ->  Result  (cost=0.00..98686.80 rows=2126394 width=14)
                                                                                 One-Time Filter: PartSelected
                                                                                 ->  Append-only Columnar Scan on web_sales_1_prt_6  (cost=0.00..98686.80 rows=2126394 width=14)
                                                                           ->  Result  (cost=0.00..98900.30 rows=2131144 width=14)
                                                                                 One-Time Filter: PartSelected
                                                                                 ->  Append-only Columnar Scan on web_sales_1_prt_7  (cost=0.00..98900.30 rows=2131144 width=14)
                                                                           ->  Result  (cost=0.00..98568.30 rows=2124144 width=14)
                                                                                 One-Time Filter: PartSelected
                                                                                 ->  Append-only Columnar Scan on web_sales_1_prt_8  (cost=0.00..98568.30 rows=2124144 width=14)
                                                                           ->  Result  (cost=0.00..143675.40 rows=3096280 width=14)
                                                                                 One-Time Filter: PartSelected
                                                                                 ->  Append-only Columnar Scan on web_sales_1_prt_9  (cost=0.00..143675.40 rows=3096280 width=14)
                                                                           ->  Result  (cost=0.00..224454.00 rows=4837567 width=14)
                                                                                 One-Time Filter: PartSelected
                                                                                 ->  Append-only Columnar Scan on web_sales_1_prt_10  (cost=0.00..224454.00 rows=4837567 width=14)
                                                                           ->  Result  (cost=0.00..224538.00 rows=4838600 width=14)
                                                                                 One-Time Filter: PartSelected
                                                                                 ->  Append-only Columnar Scan on web_sales_1_prt_11  (cost=0.00..224538.00 rows=4838600 width=14)
                                                                           ->  Result  (cost=0.00..232917.00 rows=5019700 width=14)
                                                                                 One-Time Filter: PartSelected
                                                                                 ->  Append-only Columnar Scan on web_sales_1_prt_12  (cost=0.00..232917.00 rows=5019700 width=14)
                                                                           ->  Result  (cost=0.00..340347.00 rows=7335234 width=14)
                                                                                 One-Time Filter: PartSelected
                                                                                 ->  Append-only Columnar Scan on web_sales_1_prt_13  (cost=0.00..340347.00 rows=7335234 width=14)
                                                                           ->  Result  (cost=0.00..339963.00 rows=7326700 width=14)
                                                                                 One-Time Filter: PartSelected
                                                                                 ->  Append-only Columnar Scan on web_sales_1_prt_14  (cost=0.00..339963.00 rows=7326700 width=14)
                                                                           ->  Result  (cost=0.00..128058.80 rows=2759894 width=14)
                                                                                 One-Time Filter: PartSelected
                                                                                 ->  Append-only Columnar Scan on web_sales_1_prt_15  (cost=0.00..128058.80 rows=2759894 width=14)
                                                                           ->  Result  (cost=0.00..98762.90 rows=2127930 width=14)
                                                                                 One-Time Filter: PartSelected
                                                                                 ->  Append-only Columnar Scan on web_sales_1_prt_16  (cost=0.00..98762.90 rows=2127930 width=14)
                                                                           ->  Result  (cost=0.00..95130.30 rows=2049977 width=14)
                                                                                 One-Time Filter: PartSelected
                                                                                 ->  Append-only Columnar Scan on web_sales_1_prt_17  (cost=0.00..95130.30 rows=2049977 width=14)
                                                                           ->  Result  (cost=0.00..98536.30 rows=2123477 width=14)
                                                                                 One-Time Filter: PartSelected
                                                                                 ->  Append-only Columnar Scan on web_sales_1_prt_18  (cost=0.00..98536.30 rows=2123477 width=14)
                                                                           ->  Result  (cost=0.00..98763.80 rows=2128160 width=14)
                                                                                 One-Time Filter: PartSelected
                                                                                 ->  Append-only Columnar Scan on web_sales_1_prt_19  (cost=0.00..98763.80 rows=2128160 width=14)
                                                                           ->  Result  (cost=0.00..98632.00 rows=2125534 width=14)
                                                                                 One-Time Filter: PartSelected
                                                                                 ->  Append-only Columnar Scan on web_sales_1_prt_20  (cost=0.00..98632.00 rows=2125534 width=14)
                                                                           ->  Result  (cost=0.00..98600.90 rows=2124597 width=14)
                                                                                 One-Time Filter: PartSelected
                                                                                 ->  Append-only Columnar Scan on web_sales_1_prt_21  (cost=0.00..98600.90 rows=2124597 width=14)
                                                                           ->  Result  (cost=0.00..139196.60 rows=2999954 width=14)
                                                                                 One-Time Filter: PartSelected
                                                                                 ->  Append-only Columnar Scan on web_sales_1_prt_22  (cost=0.00..139196.60 rows=2999954 width=14)
                                                                           ->  Result  (cost=0.00..224702.00 rows=4842300 width=14)
                                                                                 One-Time Filter: PartSelected
                                                                                 ->  Append-only Columnar Scan on web_sales_1_prt_23  (cost=0.00..224702.00 rows=4842300 width=14)
                                                                           ->  Result  (cost=0.00..224404.00 rows=4836067 width=14)
                                                                                 One-Time Filter: PartSelected
                                                                                 ->  Append-only Columnar Scan on web_sales_1_prt_24  (cost=0.00..224404.00 rows=4836067 width=14)
                                                                           ->  Result  (cost=0.00..228579.00 rows=4926567 width=14)
                                                                                 One-Time Filter: PartSelected
                                                                                 ->  Append-only Columnar Scan on web_sales_1_prt_25  (cost=0.00..228579.00 rows=4926567 width=14)
                                                                           ->  Result  (cost=0.00..340407.00 rows=7336234 width=14)
                                                                                 One-Time Filter: PartSelected
                                                                                 ->  Append-only Columnar Scan on web_sales_1_prt_26  (cost=0.00..340407.00 rows=7336234 width=14)
                                                                           ->  Result  (cost=0.00..339824.00 rows=7323934 width=14)
                                                                                 One-Time Filter: PartSelected
                                                                                 ->  Append-only Columnar Scan on web_sales_1_prt_27  (cost=0.00..339824.00 rows=7323934 width=14)
                                                                           ->  Result  (cost=0.00..136669.10 rows=2945270 width=14)
                                                                                 One-Time Filter: PartSelected
                                                                                 ->  Append-only Columnar Scan on web_sales_1_prt_28  (cost=0.00..136669.10 rows=2945270 width=14)
                                                                           ->  Result  (cost=0.00..98265.40 rows=2117680 width=14)
                                                                                 One-Time Filter: PartSelected
                                                                                 ->  Append-only Columnar Scan on web_sales_1_prt_29  (cost=0.00..98265.40 rows=2117680 width=14)
                                                                           ->  Result  (cost=0.00..98510.80 rows=2122894 width=14)
                                                                                 One-Time Filter: PartSelected
                                                                                 ->  Append-only Columnar Scan on web_sales_1_prt_30  (cost=0.00..98510.80 rows=2122894 width=14)
                                                                           ->  Result  (cost=0.00..98626.80 rows=2125460 width=14)
                                                                                 One-Time Filter: PartSelected
                                                                                 ->  Append-only Columnar Scan on web_sales_1_prt_31  (cost=0.00..98626.80 rows=2125460 width=14)
                                                                           ->  Result  (cost=0.00..98594.80 rows=2124860 width=14)
                                                                                 One-Time Filter: PartSelected
                                                                                 ->  Append-only Columnar Scan on web_sales_1_prt_32  (cost=0.00..98594.80 rows=2124860 width=14)
                                                                           ->  Result  (cost=0.00..98426.60 rows=2121220 width=14)
                                                                                 One-Time Filter: PartSelected
                                                                                 ->  Append-only Columnar Scan on web_sales_1_prt_33  (cost=0.00..98426.60 rows=2121220 width=14)
                                                                           ->  Result  (cost=0.00..98533.60 rows=2123320 width=14)
                                                                                 One-Time Filter: PartSelected
                                                                                 ->  Append-only Columnar Scan on web_sales_1_prt_34  (cost=0.00..98533.60 rows=2123320 width=14)
                                                                           ->  Result  (cost=0.00..134141.00 rows=2890900 width=14)
                                                                                 One-Time Filter: PartSelected
                                                                                 ->  Append-only Columnar Scan on web_sales_1_prt_35  (cost=0.00..134141.00 rows=2890900 width=14)
                                                                           ->  Result  (cost=0.00..224203.00 rows=4832167 width=14)
                                                                                 One-Time Filter: PartSelected
                                                                                 ->  Append-only Columnar Scan on web_sales_1_prt_36  (cost=0.00..224203.00 rows=4832167 width=14)
                                                                           ->  Result  (cost=0.00..224486.00 rows=4838100 width=14)
                                                                                 One-Time Filter: PartSelected
                                                                                 ->  Append-only Columnar Scan on web_sales_1_prt_37  (cost=0.00..224486.00 rows=4838100 width=14)
                                                                           ->  Result  (cost=0.00..224574.00 rows=4840000 width=14)
                                                                                 One-Time Filter: PartSelected
                                                                                 ->  Append-only Columnar Scan on web_sales_1_prt_38  (cost=0.00..224574.00 rows=4840000 width=14)
                                                                           ->  Result  (cost=0.00..339843.00 rows=7323734 width=14)
                                                                                 One-Time Filter: PartSelected
                                                                                 ->  Append-only Columnar Scan on web_sales_1_prt_39  (cost=0.00..339843.00 rows=7323734 width=14)
                                                                           ->  Result  (cost=0.00..339993.00 rows=7327400 width=14)
                                                                                 One-Time Filter: PartSelected
                                                                                 ->  Append-only Columnar Scan on web_sales_1_prt_40  (cost=0.00..339993.00 rows=7327400 width=14)
                                                                           ->  Result  (cost=0.00..141767.90 rows=3054930 width=14)
                                                                                 One-Time Filter: PartSelected
                                                                                 ->  Append-only Columnar Scan on web_sales_1_prt_41  (cost=0.00..141767.90 rows=3054930 width=14)
                                                                           ->  Result  (cost=0.00..98461.00 rows=2121867 width=14)
                                                                                 One-Time Filter: PartSelected
                                                                                 ->  Append-only Columnar Scan on web_sales_1_prt_42  (cost=0.00..98461.00 rows=2121867 width=14)
                                                                           ->  Result  (cost=0.00..95277.50 rows=2053050 width=14)
                                                                                 One-Time Filter: PartSelected
                                                                                 ->  Append-only Columnar Scan on web_sales_1_prt_43  (cost=0.00..95277.50 rows=2053050 width=14)
                                                                           ->  Result  (cost=0.00..98854.40 rows=2130480 width=14)
                                                                                 One-Time Filter: PartSelected
                                                                                 ->  Append-only Columnar Scan on web_sales_1_prt_44  (cost=0.00..98854.40 rows=2130480 width=14)
                                                                           ->  Result  (cost=0.00..98738.70 rows=2127790 width=14)
                                                                                 One-Time Filter: PartSelected
                                                                                 ->  Append-only Columnar Scan on web_sales_1_prt_45  (cost=0.00..98738.70 rows=2127790 width=14)
                                                                           ->  Result  (cost=0.00..98685.60 rows=2126654 width=14)
                                                                                 One-Time Filter: PartSelected
                                                                                 ->  Append-only Columnar Scan on web_sales_1_prt_46  (cost=0.00..98685.60 rows=2126654 width=14)
                                                                           ->  Result  (cost=0.00..98998.50 rows=2133217 width=14)
                                                                                 One-Time Filter: PartSelected
                                                                                 ->  Append-only Columnar Scan on web_sales_1_prt_47  (cost=0.00..98998.50 rows=2133217 width=14)
                                                                           ->  Result  (cost=0.00..125716.80 rows=2709260 width=14)
                                                                                 One-Time Filter: PartSelected
                                                                                 ->  Append-only Columnar Scan on web_sales_1_prt_48  (cost=0.00..125716.80 rows=2709260 width=14)
                                                                           ->  Result  (cost=0.00..224729.00 rows=4843367 width=14)
                                                                                 One-Time Filter: PartSelected
                                                                                 ->  Append-only Columnar Scan on web_sales_1_prt_49  (cost=0.00..224729.00 rows=4843367 width=14)
                                                                           ->  Result  (cost=0.00..224641.00 rows=4841034 width=14)
                                                                                 One-Time Filter: PartSelected
                                                                                 ->  Append-only Columnar Scan on web_sales_1_prt_50  (cost=0.00..224641.00 rows=4841034 width=14)
                                                                           ->  Result  (cost=0.00..224630.00 rows=4841267 width=14)
                                                                                 One-Time Filter: PartSelected
                                                                                 ->  Append-only Columnar Scan on web_sales_1_prt_51  (cost=0.00..224630.00 rows=4841267 width=14)
                                                                           ->  Result  (cost=0.00..332139.00 rows=7158600 width=14)
                                                                                 One-Time Filter: PartSelected
                                                                                 ->  Append-only Columnar Scan on web_sales_1_prt_52  (cost=0.00..332139.00 rows=7158600 width=14)
                                                                           ->  Result  (cost=0.00..340420.00 rows=7336634 width=14)
                                                                                 One-Time Filter: PartSelected
                                                                                 ->  Append-only Columnar Scan on web_sales_1_prt_53  (cost=0.00..340420.00 rows=7336634 width=14)
                                                                           ->  Result  (cost=0.00..162712.00 rows=3506534 width=14)
                                                                                 One-Time Filter: PartSelected
                                                                                 ->  Append-only Columnar Scan on web_sales_1_prt_54  (cost=0.00..162712.00 rows=3506534 width=14)
                                                                           ->  Result  (cost=0.00..98867.20 rows=2130440 width=14)
                                                                                 One-Time Filter: PartSelected
                                                                                 ->  Append-only Columnar Scan on web_sales_1_prt_55  (cost=0.00..98867.20 rows=2130440 width=14)
                                                                           ->  Result  (cost=0.00..95121.00 rows=2049967 width=14)
                                                                                 One-Time Filter: PartSelected
                                                                                 ->  Append-only Columnar Scan on web_sales_1_prt_56  (cost=0.00..95121.00 rows=2049967 width=14)
                                                                           ->  Result  (cost=0.00..98600.60 rows=2124820 width=14)
                                                                                 One-Time Filter: PartSelected
                                                                                 ->  Append-only Columnar Scan on web_sales_1_prt_57  (cost=0.00..98600.60 rows=2124820 width=14)
                                                                           ->  Result  (cost=0.00..98639.10 rows=2125604 width=14)
                                                                                 One-Time Filter: PartSelected
                                                                                 ->  Append-only Columnar Scan on web_sales_1_prt_58  (cost=0.00..98639.10 rows=2125604 width=14)
                                                                           ->  Result  (cost=0.00..98591.40 rows=2124880 width=14)
                                                                                 One-Time Filter: PartSelected
                                                                                 ->  Append-only Columnar Scan on web_sales_1_prt_59  (cost=0.00..98591.40 rows=2124880 width=14)
                                                                           ->  Result  (cost=0.00..98868.30 rows=2130610 width=14)
                                                                                 One-Time Filter: PartSelected
                                                                                 ->  Append-only Columnar Scan on web_sales_1_prt_60  (cost=0.00..98868.30 rows=2130610 width=14)
                                                                           ->  Result  (cost=0.00..121113.60 rows=2609954 width=14)
                                                                                 One-Time Filter: PartSelected
                                                                                 ->  Append-only Columnar Scan on web_sales_1_prt_61  (cost=0.00..121113.60 rows=2609954 width=14)
                                                                           ->  Result  (cost=0.00..224388.00 rows=4835634 width=14)
                                                                                 One-Time Filter: PartSelected
                                                                                 ->  Append-only Columnar Scan on web_sales_1_prt_62  (cost=0.00..224388.00 rows=4835634 width=14)
                                                                           ->  Result  (cost=0.00..224495.00 rows=4837834 width=14)
                                                                                 One-Time Filter: PartSelected
                                                                                 ->  Append-only Columnar Scan on web_sales_1_prt_63  (cost=0.00..224495.00 rows=4837834 width=14)
                                                                           ->  Result  (cost=0.00..224520.00 rows=4838767 width=14)
                                                                                 One-Time Filter: PartSelected
                                                                                 ->  Append-only Columnar Scan on web_sales_1_prt_64  (cost=0.00..224520.00 rows=4838767 width=14)
                                                                           ->  Result  (cost=0.00..328357.00 rows=7076767 width=14)
                                                                                 One-Time Filter: PartSelected
                                                                                 ->  Append-only Columnar Scan on web_sales_1_prt_65  (cost=0.00..328357.00 rows=7076767 width=14)
                                                                           ->  Result  (cost=0.00..340970.00 rows=7348567 width=14)
                                                                                 One-Time Filter: PartSelected
                                                                                 ->  Append-only Columnar Scan on web_sales_1_prt_66  (cost=0.00..340970.00 rows=7348567 width=14)
                                                                           ->  Result  (cost=0.00..97070.40 rows=2091947 width=14)
                                                                                 One-Time Filter: PartSelected
                                                                                 ->  Append-only Columnar Scan on web_sales_1_prt_67  (cost=0.00..97070.40 rows=2091947 width=14)
                                                                           ->  Result  (cost=0.00..1.00 rows=1 width=22)
                                                                                 One-Time Filter: PartSelected
                                                                                 ->  Append-only Columnar Scan on web_sales_1_prt_68  (cost=0.00..1.00 rows=1 width=22)
                                                                           ->  Result  (cost=0.00..1.00 rows=1 width=22)
                                                                                 One-Time Filter: PartSelected
                                                                                 ->  Append-only Columnar Scan on web_sales_1_prt_69  (cost=0.00..1.00 rows=1 width=22)
                                                                           ->  Result  (cost=0.00..1.00 rows=1 width=22)
                                                                                 One-Time Filter: PartSelected
                                                                                 ->  Append-only Columnar Scan on web_sales_1_prt_70  (cost=0.00..1.00 rows=1 width=22)
                                                                           ->  Result  (cost=0.00..1.00 rows=1 width=22)
                                                                                 One-Time Filter: PartSelected
                                                                                 ->  Append-only Columnar Scan on web_sales_1_prt_71  (cost=0.00..1.00 rows=1 width=22)
                                                                           ->  Result  (cost=0.00..1.00 rows=1 width=22)
                                                                                 One-Time Filter: PartSelected
                                                                                 ->  Append-only Columnar Scan on web_sales_1_prt_72  (cost=0.00..1.00 rows=1 width=22)
                                                                           ->  Result  (cost=0.00..1.00 rows=1 width=22)
                                                                                 One-Time Filter: PartSelected
                                                                                 ->  Append-only Columnar Scan on web_sales_1_prt_73  (cost=0.00..1.00 rows=1 width=22)
                                                                           ->  Result  (cost=0.00..1.00 rows=1 width=22)
                                                                                 One-Time Filter: PartSelected
                                                                                 ->  Append-only Columnar Scan on web_sales_1_prt_74  (cost=0.00..1.00 rows=1 width=22)
                                                                           ->  Result  (cost=0.00..1.00 rows=1 width=22)
                                                                                 One-Time Filter: PartSelected
                                                                                 ->  Append-only Columnar Scan on web_sales_1_prt_75  (cost=0.00..1.00 rows=1 width=22)
                                                                           ->  Result  (cost=0.00..1.00 rows=1 width=22)
                                                                                 One-Time Filter: PartSelected
                                                                                 ->  Append-only Columnar Scan on web_sales_1_prt_76  (cost=0.00..1.00 rows=1 width=22)
                                                                           ->  Result  (cost=0.00..1.00 rows=1 width=22)
                                                                                 One-Time Filter: PartSelected
                                                                                 ->  Append-only Columnar Scan on web_sales_1_prt_77  (cost=0.00..1.00 rows=1 width=22)
                                                                           ->  Result  (cost=0.00..1.00 rows=1 width=22)
                                                                                 One-Time Filter: PartSelected
                                                                                 ->  Append-only Columnar Scan on web_sales_1_prt_78  (cost=0.00..1.00 rows=1 width=22)
                                                                           ->  Result  (cost=0.00..1.00 rows=1 width=22)
                                                                                 One-Time Filter: PartSelected
                                                                                 ->  Append-only Columnar Scan on web_sales_1_prt_79  (cost=0.00..1.00 rows=1 width=22)
                                                                           ->  Result  (cost=0.00..1.00 rows=1 width=22)
                                                                                 One-Time Filter: PartSelected
                                                                                 ->  Append-only Columnar Scan on web_sales_1_prt_80  (cost=0.00..1.00 rows=1 width=22)
                                                                     ->  Hash  (cost=1459.01..1459.01 rows=182 width=12)
                                                                           ->  Partition Selector for web_sales (dynamic scan id: 1)  (cost=0.00..1459.01 rows=182 width=12)
                                                                                 Filter: date_dim.d_date_sk
                                                                                 ->  Broadcast Motion 3:3  (slice1; segments: 3)  (cost=0.00..1459.01 rows=182 width=12)
                                                                                       ->  Seq Scan on date_dim  (cost=0.00..1451.73 rows=61 width=12)
                                                                                             Filter: ((d_year = 2000) AND (d_qoy = 2))
                                                         ->  Hash  (cost=85890.90..85890.90 rows=2000530 width=18)
                                                               ->  Seq Scan on customer_address  (cost=0.00..85890.90 rows=2000530 width=18)
                           ->  Hash  (cost=0.44..0.44 rows=8 width=110)
                                 ->  Subquery Scan on ss2  (cost=0.00..0.44 rows=8 width=110)
                                       ->  HashAggregate  (cost=57686943.33..57686943.61 rows=8 width=118)
                                             Group Key: customer_address_1.ca_county, date_dim_1.d_qoy, date_dim_1.d_year
                                             ->  Redistribute Motion 3:3  (slice6; segments: 3)  (cost=57686942.45..57686942.89 rows=8 width=118)
                                                   Hash Key: customer_address_1.ca_county, date_dim_1.d_qoy, date_dim_1.d_year
                                                   ->  HashAggregate  (cost=57686942.45..57686942.45 rows=8 width=118)
                                                         Group Key: customer_address_1.ca_county, date_dim_1.d_qoy, date_dim_1.d_year
                                                         ->  Hash Join  (cost=162376.61..57686942.23 rows=8 width=28)
                                                               Hash Cond: (store_sales_1_prt_outliers.ss_addr_sk = customer_address_1.ca_address_sk)
                                                               ->  Redistribute Motion 3:3  (slice5; segments: 3)  (cost=1465.83..57526030.91 rows=11 width=18)
                                                                     Hash Key: store_sales_1_prt_outliers.ss_addr_sk
                                                                     ->  Hash Join  (cost=1465.83..57526030.29 rows=11 width=18)
                                                                           Hash Cond: (store_sales_1_prt_outliers.ss_sold_date_sk = date_dim_1.d_date_sk)
                                                                           ->  Append  (cost=0.00..39524635.96 rows=959996170 width=14)
                                                                                 ->  Result  (cost=0.00..1568615.00 rows=43200334 width=14)
                                                                                       One-Time Filter: PartSelected
                                                                                       ->  Append-only Columnar Scan on store_sales_1_prt_outliers  (cost=0.00..1568615.00 rows=43200334 width=14)
                                                                                 ->  Result  (cost=0.00..324595.00 rows=7840134 width=14)
                                                                                       One-Time Filter: PartSelected
                                                                                       ->  Append-only Columnar Scan on store_sales_1_prt_2  (cost=0.00..324595.00 rows=7840134 width=14)
                                                                                 ->  Result  (cost=0.00..336211.00 rows=8120800 width=14)
                                                                                       One-Time Filter: PartSelected
                                                                                       ->  Append-only Columnar Scan on store_sales_1_prt_3  (cost=0.00..336211.00 rows=8120800 width=14)
                                                                                 ->  Result  (cost=0.00..324382.00 rows=7834967 width=14)
                                                                                       One-Time Filter: PartSelected
                                                                                       ->  Append-only Columnar Scan on store_sales_1_prt_4  (cost=0.00..324382.00 rows=7834967 width=14)
                                                                                 ->  Result  (cost=0.00..336381.00 rows=8124734 width=14)
                                                                                       One-Time Filter: PartSelected
                                                                                       ->  Append-only Columnar Scan on store_sales_1_prt_5  (cost=0.00..336381.00 rows=8124734 width=14)
                                                                                 ->  Result  (cost=0.00..336417.00 rows=8125800 width=14)
                                                                                       One-Time Filter: PartSelected
                                                                                       ->  Append-only Columnar Scan on store_sales_1_prt_6  (cost=0.00..336417.00 rows=8125800 width=14)
                                                                                 ->  Result  (cost=0.00..336453.00 rows=8126567 width=14)
                                                                                       One-Time Filter: PartSelected
                                                                                       ->  Append-only Columnar Scan on store_sales_1_prt_7  (cost=0.00..336453.00 rows=8126567 width=14)
                                                                                 ->  Result  (cost=0.00..336058.00 rows=8116967 width=14)
                                                                                       One-Time Filter: PartSelected
                                                                                       ->  Append-only Columnar Scan on store_sales_1_prt_8  (cost=0.00..336058.00 rows=8116967 width=14)
                                                                                 ->  Result  (cost=0.00..489738.00 rows=11829267 width=14)
                                                                                       One-Time Filter: PartSelected
                                                                                       ->  Append-only Columnar Scan on store_sales_1_prt_9  (cost=0.00..489738.00 rows=11829267 width=14)
                                                                                 ->  Result  (cost=0.00..765474.00 rows=18489534 width=14)
                                                                                       One-Time Filter: PartSelected
                                                                                       ->  Append-only Columnar Scan on store_sales_1_prt_10  (cost=0.00..765474.00 rows=18489534 width=14)
                                                                                 ->  Result  (cost=0.00..766278.00 rows=18508900 width=14)
                                                                                       One-Time Filter: PartSelected
                                                                                       ->  Append-only Columnar Scan on store_sales_1_prt_11  (cost=0.00..766278.00 rows=18508900 width=14)
                                                                                 ->  Result  (cost=0.00..793967.00 rows=19177700 width=14)
                                                                                       One-Time Filter: PartSelected
                                                                                       ->  Append-only Columnar Scan on store_sales_1_prt_12  (cost=0.00..793967.00 rows=19177700 width=14)
                                                                                 ->  Result  (cost=0.00..1159820.00 rows=28014600 width=14)
                                                                                       One-Time Filter: PartSelected
                                                                                       ->  Append-only Columnar Scan on store_sales_1_prt_13  (cost=0.00..1159820.00 rows=28014600 width=14)
                                                                                 ->  Result  (cost=0.00..1160753.00 rows=28037334 width=14)
                                                                                       One-Time Filter: PartSelected
                                                                                       ->  Append-only Columnar Scan on store_sales_1_prt_14  (cost=0.00..1160753.00 rows=28037334 width=14)
                                                                                 ->  Result  (cost=0.00..436710.00 rows=10548367 width=14)
                                                                                       One-Time Filter: PartSelected
                                                                                       ->  Append-only Columnar Scan on store_sales_1_prt_15  (cost=0.00..436710.00 rows=10548367 width=14)
                                                                                 ->  Result  (cost=0.00..336477.00 rows=8127134 width=14)
                                                                                       One-Time Filter: PartSelected
                                                                                       ->  Append-only Columnar Scan on store_sales_1_prt_16  (cost=0.00..336477.00 rows=8127134 width=14)
                                                                                 ->  Result  (cost=0.00..324706.00 rows=7842834 width=14)
                                                                                       One-Time Filter: PartSelected
                                                                                       ->  Append-only Columnar Scan on store_sales_1_prt_17  (cost=0.00..324706.00 rows=7842834 width=14)
                                                                                 ->  Result  (cost=0.00..336587.00 rows=8129867 width=14)
                                                                                       One-Time Filter: PartSelected
                                                                                       ->  Append-only Columnar Scan on store_sales_1_prt_18  (cost=0.00..336587.00 rows=8129867 width=14)
                                                                                 ->  Result  (cost=0.00..336153.00 rows=8119367 width=14)
                                                                                       One-Time Filter: PartSelected
                                                                                       ->  Append-only Columnar Scan on store_sales_1_prt_19  (cost=0.00..336153.00 rows=8119367 width=14)
                                                                                 ->  Result  (cost=0.00..336736.00 rows=8133367 width=14)
                                                                                       One-Time Filter: PartSelected
                                                                                       ->  Append-only Columnar Scan on store_sales_1_prt_20  (cost=0.00..336736.00 rows=8133367 width=14)
                                                                                 ->  Result  (cost=0.00..336190.00 rows=8120200 width=14)
                                                                                       One-Time Filter: PartSelected
                                                                                       ->  Append-only Columnar Scan on store_sales_1_prt_21  (cost=0.00..336190.00 rows=8120200 width=14)
                                                                                 ->  Result  (cost=0.00..474334.00 rows=11457100 width=14)
                                                                                       One-Time Filter: PartSelected
                                                                                       ->  Append-only Columnar Scan on store_sales_1_prt_22  (cost=0.00..474334.00 rows=11457100 width=14)
                                                                                 ->  Result  (cost=0.00..766084.00 rows=18504234 width=14)
                                                                                       One-Time Filter: PartSelected
                                                                                       ->  Append-only Columnar Scan on store_sales_1_prt_23  (cost=0.00..766084.00 rows=18504234 width=14)
                                                                                 ->  Result  (cost=0.00..765781.00 rows=18496900 width=14)
                                                                                       One-Time Filter: PartSelected
                                                                                       ->  Append-only Columnar Scan on store_sales_1_prt_24  (cost=0.00..765781.00 rows=18496900 width=14)
                                                                                 ->  Result  (cost=0.00..779443.00 rows=18826834 width=14)
                                                                                       One-Time Filter: PartSelected
                                                                                       ->  Append-only Columnar Scan on store_sales_1_prt_25  (cost=0.00..779443.00 rows=18826834 width=14)
                                                                                 ->  Result  (cost=0.00..1160832.00 rows=28039467 width=14)
                                                                                       One-Time Filter: PartSelected
                                                                                       ->  Append-only Columnar Scan on store_sales_1_prt_26  (cost=0.00..1160832.00 rows=28039467 width=14)
                                                                                 ->  Result  (cost=0.00..1160090.00 rows=28021400 width=14)
                                                                                       One-Time Filter: PartSelected
                                                                                       ->  Append-only Columnar Scan on store_sales_1_prt_27  (cost=0.00..1160090.00 rows=28021400 width=14)
                                                                                 ->  Result  (cost=0.00..465893.00 rows=11253134 width=14)
                                                                                       One-Time Filter: PartSelected
                                                                                       ->  Append-only Columnar Scan on store_sales_1_prt_28  (cost=0.00..465893.00 rows=11253134 width=14)
                                                                                 ->  Result  (cost=0.00..335914.00 rows=8113600 width=14)
                                                                                       One-Time Filter: PartSelected
                                                                                       ->  Append-only Columnar Scan on store_sales_1_prt_29  (cost=0.00..335914.00 rows=8113600 width=14)
                                                                                 ->  Result  (cost=0.00..336186.00 rows=8120167 width=14)
                                                                                       One-Time Filter: PartSelected
                                                                                       ->  Append-only Columnar Scan on store_sales_1_prt_30  (cost=0.00..336186.00 rows=8120167 width=14)
                                                                                 ->  Result  (cost=0.00..336014.00 rows=8115934 width=14)
                                                                                       One-Time Filter: PartSelected
                                                                                       ->  Append-only Columnar Scan on store_sales_1_prt_31  (cost=0.00..336014.00 rows=8115934 width=14)
                                                                                 ->  Result  (cost=0.00..335918.00 rows=8113667 width=14)
                                                                                       One-Time Filter: PartSelected
                                                                                       ->  Append-only Columnar Scan on store_sales_1_prt_32  (cost=0.00..335918.00 rows=8113667 width=14)
                                                                                 ->  Result  (cost=0.00..336069.00 rows=8117334 width=14)
                                                                                       One-Time Filter: PartSelected
                                                                                       ->  Append-only Columnar Scan on store_sales_1_prt_33  (cost=0.00..336069.00 rows=8117334 width=14)
                                                                                 ->  Result  (cost=0.00..335472.00 rows=8102900 width=14)
                                                                                       One-Time Filter: PartSelected
                                                                                       ->  Append-only Columnar Scan on store_sales_1_prt_34  (cost=0.00..335472.00 rows=8102900 width=14)
                                                                                 ->  Result  (cost=0.00..457985.00 rows=11062100 width=14)
                                                                                       One-Time Filter: PartSelected
                                                                                       ->  Append-only Columnar Scan on store_sales_1_prt_35  (cost=0.00..457985.00 rows=11062100 width=14)
                                                                                 ->  Result  (cost=0.00..764679.00 rows=18470400 width=14)
                                                                                       One-Time Filter: PartSelected
                                                                                       ->  Append-only Columnar Scan on store_sales_1_prt_36  (cost=0.00..764679.00 rows=18470400 width=14)
                                                                                 ->  Result  (cost=0.00..764030.00 rows=18454700 width=14)
                                                                                       One-Time Filter: PartSelected
                                                                                       ->  Append-only Columnar Scan on store_sales_1_prt_37  (cost=0.00..764030.00 rows=18454700 width=14)
                                                                                 ->  Result  (cost=0.00..764484.00 rows=18465634 width=14)
                                                                                       One-Time Filter: PartSelected
                                                                                       ->  Append-only Columnar Scan on store_sales_1_prt_38  (cost=0.00..764484.00 rows=18465634 width=14)
                                                                                 ->  Result  (cost=0.00..1158198.04 rows=27975568 width=14)
                                                                                       One-Time Filter: PartSelected
                                                                                       ->  Append-only Columnar Scan on store_sales_1_prt_39  (cost=0.00..1158198.04 rows=27975568 width=14)
                                                                                 ->  Result  (cost=0.00..1158199.04 rows=27975968 width=14)
                                                                                       One-Time Filter: PartSelected
                                                                                       ->  Append-only Columnar Scan on store_sales_1_prt_40  (cost=0.00..1158199.04 rows=27975968 width=14)
                                                                                 ->  Result  (cost=0.00..483138.00 rows=11669800 width=14)
                                                                                       One-Time Filter: PartSelected
                                                                                       ->  Append-only Columnar Scan on store_sales_1_prt_41  (cost=0.00..483138.00 rows=11669800 width=14)
                                                                                 ->  Result  (cost=0.00..336559.00 rows=8129100 width=14)
                                                                                       One-Time Filter: PartSelected
                                                                                       ->  Append-only Columnar Scan on store_sales_1_prt_42  (cost=0.00..336559.00 rows=8129100 width=14)
                                                                                 ->  Result  (cost=0.00..324602.00 rows=7840367 width=14)
                                                                                       One-Time Filter: PartSelected
                                                                                       ->  Append-only Columnar Scan on store_sales_1_prt_43  (cost=0.00..324602.00 rows=7840367 width=14)
                                                                                 ->  Result  (cost=0.00..336209.00 rows=8120567 width=14)
                                                                                       One-Time Filter: PartSelected
                                                                                       ->  Append-only Columnar Scan on store_sales_1_prt_44  (cost=0.00..336209.00 rows=8120567 width=14)
                                                                                 ->  Result  (cost=0.00..336313.00 rows=8123267 width=14)
                                                                                       One-Time Filter: PartSelected
                                                                                       ->  Append-only Columnar Scan on store_sales_1_prt_45  (cost=0.00..336313.00 rows=8123267 width=14)
                                                                                 ->  Result  (cost=0.00..336621.00 rows=8130734 width=14)
                                                                                       One-Time Filter: PartSelected
                                                                                       ->  Append-only Columnar Scan on store_sales_1_prt_46  (cost=0.00..336621.00 rows=8130734 width=14)
                                                                                 ->  Result  (cost=0.00..335906.00 rows=8113400 width=14)
                                                                                       One-Time Filter: PartSelected
                                                                                       ->  Append-only Columnar Scan on store_sales_1_prt_47  (cost=0.00..335906.00 rows=8113400 width=14)
                                                                                 ->  Result  (cost=0.00..428657.00 rows=10353800 width=14)
                                                                                       One-Time Filter: PartSelected
                                                                                       ->  Append-only Columnar Scan on store_sales_1_prt_48  (cost=0.00..428657.00 rows=10353800 width=14)
                                                                                 ->  Result  (cost=0.00..766560.00 rows=18515734 width=14)
                                                                                       One-Time Filter: PartSelected
                                                                                       ->  Append-only Columnar Scan on store_sales_1_prt_49  (cost=0.00..766560.00 rows=18515734 width=14)
                                                                                 ->  Result  (cost=0.00..766167.00 rows=18506234 width=14)
                                                                                       One-Time Filter: PartSelected
                                                                                       ->  Append-only Columnar Scan on store_sales_1_prt_50  (cost=0.00..766167.00 rows=18506234 width=14)
                                                                                 ->  Result  (cost=0.00..766196.00 rows=18506900 width=14)
                                                                                       One-Time Filter: PartSelected
                                                                                       ->  Append-only Columnar Scan on store_sales_1_prt_51  (cost=0.00..766196.00 rows=18506900 width=14)
                                                                                 ->  Result  (cost=0.00..1130938.00 rows=27317200 width=14)
                                                                                       One-Time Filter: PartSelected
                                                                                       ->  Append-only Columnar Scan on store_sales_1_prt_52  (cost=0.00..1130938.00 rows=27317200 width=14)
                                                                                 ->  Result  (cost=0.00..1160637.96 rows=28034566 width=14)
                                                                                       One-Time Filter: PartSelected
                                                                                       ->  Append-only Columnar Scan on store_sales_1_prt_53  (cost=0.00..1160637.96 rows=28034566 width=14)
                                                                                 ->  Result  (cost=0.00..555225.00 rows=13411000 width=14)
                                                                                       One-Time Filter: PartSelected
                                                                                       ->  Append-only Columnar Scan on store_sales_1_prt_54  (cost=0.00..555225.00 rows=13411000 width=14)
                                                                                 ->  Result  (cost=0.00..336782.00 rows=8134567 width=14)
                                                                                       One-Time Filter: PartSelected
                                                                                       ->  Append-only Columnar Scan on store_sales_1_prt_55  (cost=0.00..336782.00 rows=8134567 width=14)
                                                                                 ->  Result  (cost=0.00..324454.00 rows=7836734 width=14)
                                                                                       One-Time Filter: PartSelected
                                                                                       ->  Append-only Columnar Scan on store_sales_1_prt_56  (cost=0.00..324454.00 rows=7836734 width=14)
                                                                                 ->  Result  (cost=0.00..336546.00 rows=8128867 width=14)
                                                                                       One-Time Filter: PartSelected
                                                                                       ->  Append-only Columnar Scan on store_sales_1_prt_57  (cost=0.00..336546.00 rows=8128867 width=14)
                                                                                 ->  Result  (cost=0.00..336207.00 rows=8120667 width=14)
                                                                                       One-Time Filter: PartSelected
                                                                                       ->  Append-only Columnar Scan on store_sales_1_prt_58  (cost=0.00..336207.00 rows=8120667 width=14)
                                                                                 ->  Result  (cost=0.00..336578.00 rows=8129534 width=14)
                                                                                       One-Time Filter: PartSelected
                                                                                       ->  Append-only Columnar Scan on store_sales_1_prt_59  (cost=0.00..336578.00 rows=8129534 width=14)
                                                                                 ->  Result  (cost=0.00..336468.00 rows=8127067 width=14)
                                                                                       One-Time Filter: PartSelected
                                                                                       ->  Append-only Columnar Scan on store_sales_1_prt_60  (cost=0.00..336468.00 rows=8127067 width=14)
                                                                                 ->  Result  (cost=0.00..412992.00 rows=9975467 width=14)
                                                                                       One-Time Filter: PartSelected
                                                                                       ->  Append-only Columnar Scan on store_sales_1_prt_61  (cost=0.00..412992.00 rows=9975467 width=14)
                                                                                 ->  Result  (cost=0.00..765709.00 rows=18495234 width=14)
                                                                                       One-Time Filter: PartSelected
                                                                                       ->  Append-only Columnar Scan on store_sales_1_prt_62  (cost=0.00..765709.00 rows=18495234 width=14)
                                                                                 ->  Result  (cost=0.00..766176.00 rows=18506500 width=14)
                                                                                       One-Time Filter: PartSelected
                                                                                       ->  Append-only Columnar Scan on store_sales_1_prt_63  (cost=0.00..766176.00 rows=18506500 width=14)
                                                                                 ->  Result  (cost=0.00..766142.00 rows=18505834 width=14)
                                                                                       One-Time Filter: PartSelected
                                                                                       ->  Append-only Columnar Scan on store_sales_1_prt_64  (cost=0.00..766142.00 rows=18505834 width=14)
                                                                                 ->  Result  (cost=0.00..1117566.96 rows=26994166 width=14)
                                                                                       One-Time Filter: PartSelected
                                                                                       ->  Append-only Columnar Scan on store_sales_1_prt_65  (cost=0.00..1117566.96 rows=26994166 width=14)
                                                                                 ->  Result  (cost=0.00..1159645.96 rows=28010566 width=14)
                                                                                       One-Time Filter: PartSelected
                                                                                       ->  Append-only Columnar Scan on store_sales_1_prt_66  (cost=0.00..1159645.96 rows=28010566 width=14)
                                                                                 ->  Result  (cost=0.00..331321.00 rows=8002500 width=14)
                                                                                       One-Time Filter: PartSelected
                                                                                       ->  Append-only Columnar Scan on store_sales_1_prt_67  (cost=0.00..331321.00 rows=8002500 width=14)
                                                                                 ->  Result  (cost=0.00..1.00 rows=1 width=22)
                                                                                       One-Time Filter: PartSelected
                                                                                       ->  Append-only Columnar Scan on store_sales_1_prt_68  (cost=0.00..1.00 rows=1 width=22)
                                                                                 ->  Result  (cost=0.00..1.00 rows=1 width=22)
                                                                                       One-Time Filter: PartSelected
                                                                                       ->  Append-only Columnar Scan on store_sales_1_prt_69  (cost=0.00..1.00 rows=1 width=22)
                                                                                 ->  Result  (cost=0.00..1.00 rows=1 width=22)
                                                                                       One-Time Filter: PartSelected
                                                                                       ->  Append-only Columnar Scan on store_sales_1_prt_70  (cost=0.00..1.00 rows=1 width=22)
                                                                                 ->  Result  (cost=0.00..1.00 rows=1 width=22)
                                                                                       One-Time Filter: PartSelected
                                                                                       ->  Append-only Columnar Scan on store_sales_1_prt_71  (cost=0.00..1.00 rows=1 width=22)
                                                                                 ->  Result  (cost=0.00..1.00 rows=1 width=22)
                                                                                       One-Time Filter: PartSelected
                                                                                       ->  Append-only Columnar Scan on store_sales_1_prt_72  (cost=0.00..1.00 rows=1 width=22)
                                                                                 ->  Result  (cost=0.00..1.00 rows=1 width=22)
                                                                                       One-Time Filter: PartSelected
                                                                                       ->  Append-only Columnar Scan on store_sales_1_prt_73  (cost=0.00..1.00 rows=1 width=22)
                                                                                 ->  Result  (cost=0.00..1.00 rows=1 width=22)
                                                                                       One-Time Filter: PartSelected
                                                                                       ->  Append-only Columnar Scan on store_sales_1_prt_74  (cost=0.00..1.00 rows=1 width=22)
                                                                                 ->  Result  (cost=0.00..1.00 rows=1 width=22)
                                                                                       One-Time Filter: PartSelected
                                                                                       ->  Append-only Columnar Scan on store_sales_1_prt_75  (cost=0.00..1.00 rows=1 width=22)
                                                                                 ->  Result  (cost=0.00..1.00 rows=1 width=22)
                                                                                       One-Time Filter: PartSelected
                                                                                       ->  Append-only Columnar Scan on store_sales_1_prt_76  (cost=0.00..1.00 rows=1 width=22)
                                                                                 ->  Result  (cost=0.00..1.00 rows=1 width=22)
                                                                                       One-Time Filter: PartSelected
                                                                                       ->  Append-only Columnar Scan on store_sales_1_prt_77  (cost=0.00..1.00 rows=1 width=22)
                                                                                 ->  Result  (cost=0.00..1.00 rows=1 width=22)
                                                                                       One-Time Filter: PartSelected
                                                                                       ->  Append-only Columnar Scan on store_sales_1_prt_78  (cost=0.00..1.00 rows=1 width=22)
                                                                                 ->  Result  (cost=0.00..1.00 rows=1 width=22)
                                                                                       One-Time Filter: PartSelected
                                                                                       ->  Append-only Columnar Scan on store_sales_1_prt_79  (cost=0.00..1.00 rows=1 width=22)
                                                                                 ->  Result  (cost=0.00..1.00 rows=1 width=22)
                                                                                       One-Time Filter: PartSelected
                                                                                       ->  Append-only Columnar Scan on store_sales_1_prt_80  (cost=0.00..1.00 rows=1 width=22)
                                                                           ->  Hash  (cost=1459.01..1459.01 rows=182 width=12)
                                                                                 ->  Partition Selector for store_sales (dynamic scan id: 1)  (cost=0.00..1459.01 rows=182 width=12)
                                                                                       Filter: date_dim_1.d_date_sk
                                                                                       ->  Broadcast Motion 3:3  (slice4; segments: 3)  (cost=0.00..1459.01 rows=182 width=12)
                                                                                             ->  Seq Scan on date_dim date_dim_1  (cost=0.00..1451.73 rows=61 width=12)
                                                                                                   Filter: ((d_year = 2000) AND (d_qoy = 2))
                                                               ->  Hash  (cost=85890.90..85890.90 rows=2000530 width=18)
                                                                     ->  Seq Scan on customer_address customer_address_1  (cost=0.00..85890.90 rows=2000530 width=18)
               ->  Hash  (cost=89.07..89.07 rows=28 width=224)
                     ->  Hash Join  (cost=0.72..89.07 rows=28 width=224)
                           Hash Cond: ((ws1.ca_county)::text = (ss1.ca_county)::text)
                           ->  Subquery Scan on ws1  (cost=0.00..73.72 rows=1229 width=110)
                                 ->  HashAggregate  (cost=15906380.30..15906426.37 rows=1229 width=118)
                                       Group Key: customer_address_2.ca_county, date_dim_2.d_qoy, date_dim_2.d_year
                                       ->  Redistribute Motion 3:3  (slice10; segments: 3)  (cost=15906232.86..15906306.58 rows=1229 width=118)
                                             Hash Key: customer_address_2.ca_county, date_dim_2.d_qoy, date_dim_2.d_year
                                             ->  HashAggregate  (cost=15906232.86..15906232.86 rows=1229 width=118)
                                                   Group Key: customer_address_2.ca_county, date_dim_2.d_qoy, date_dim_2.d_year
                                                   ->  Hash Join  (cost=162376.64..15888267.61 rows=598842 width=28)
                                                         Hash Cond: (web_sales_1_prt_outliers_1.ws_bill_addr_sk = customer_address_2.ca_address_sk)
                                                         ->  Redistribute Motion 3:3  (slice9; segments: 3)  (cost=1465.86..15691420.38 rows=598922 width=18)
                                                               Hash Key: web_sales_1_prt_outliers_1.ws_bill_addr_sk
                                                               ->  Hash Join  (cost=1465.86..15655485.09 rows=598922 width=18)
                                                                     Hash Cond: (web_sales_1_prt_outliers_1.ws_sold_date_sk = date_dim_2.d_date_sk)
                                                                     ->  Append  (cost=0.00..11136051.31 rows=240000015 width=14)
                                                                           ->  Result  (cost=0.00..2391.21 rows=59974 width=14)
                                                                                 One-Time Filter: PartSelected
                                                                                 ->  Append-only Columnar Scan on web_sales_1_prt_outliers web_sales_1_prt_outliers_1  (cost=0.00..2391.21 rows=59974 width=14)
                                                                           ->  Result  (cost=0.00..94902.80 rows=2044794 width=14)
                                                                                 One-Time Filter: PartSelected
                                                                                 ->  Append-only Columnar Scan on web_sales_1_prt_2 web_sales_1_prt_2_1  (cost=0.00..94902.80 rows=2044794 width=14)
                                                                           ->  Result  (cost=0.00..98794.40 rows=2129180 width=14)
                                                                                 One-Time Filter: PartSelected
                                                                                 ->  Append-only Columnar Scan on web_sales_1_prt_3 web_sales_1_prt_3_1  (cost=0.00..98794.40 rows=2129180 width=14)
                                                                           ->  Result  (cost=0.00..95176.20 rows=2051340 width=14)
                                                                                 One-Time Filter: PartSelected
                                                                                 ->  Append-only Columnar Scan on web_sales_1_prt_4 web_sales_1_prt_4_1  (cost=0.00..95176.20 rows=2051340 width=14)
                                                                           ->  Result  (cost=0.00..98886.20 rows=2130874 width=14)
                                                                                 One-Time Filter: PartSelected
                                                                                 ->  Append-only Columnar Scan on web_sales_1_prt_5 web_sales_1_prt_5_1  (cost=0.00..98886.20 rows=2130874 width=14)
                                                                           ->  Result  (cost=0.00..98686.80 rows=2126394 width=14)
                                                                                 One-Time Filter: PartSelected
                                                                                 ->  Append-only Columnar Scan on web_sales_1_prt_6 web_sales_1_prt_6_1  (cost=0.00..98686.80 rows=2126394 width=14)
                                                                           ->  Result  (cost=0.00..98900.30 rows=2131144 width=14)
                                                                                 One-Time Filter: PartSelected
                                                                                 ->  Append-only Columnar Scan on web_sales_1_prt_7 web_sales_1_prt_7_1  (cost=0.00..98900.30 rows=2131144 width=14)
                                                                           ->  Result  (cost=0.00..98568.30 rows=2124144 width=14)
                                                                                 One-Time Filter: PartSelected
                                                                                 ->  Append-only Columnar Scan on web_sales_1_prt_8 web_sales_1_prt_8_1  (cost=0.00..98568.30 rows=2124144 width=14)
                                                                           ->  Result  (cost=0.00..143675.40 rows=3096280 width=14)
                                                                                 One-Time Filter: PartSelected
                                                                                 ->  Append-only Columnar Scan on web_sales_1_prt_9 web_sales_1_prt_9_1  (cost=0.00..143675.40 rows=3096280 width=14)
                                                                           ->  Result  (cost=0.00..224454.00 rows=4837567 width=14)
                                                                                 One-Time Filter: PartSelected
                                                                                 ->  Append-only Columnar Scan on web_sales_1_prt_10 web_sales_1_prt_10_1  (cost=0.00..224454.00 rows=4837567 width=14)
                                                                           ->  Result  (cost=0.00..224538.00 rows=4838600 width=14)
                                                                                 One-Time Filter: PartSelected
                                                                                 ->  Append-only Columnar Scan on web_sales_1_prt_11 web_sales_1_prt_11_1  (cost=0.00..224538.00 rows=4838600 width=14)
                                                                           ->  Result  (cost=0.00..232917.00 rows=5019700 width=14)
                                                                                 One-Time Filter: PartSelected
                                                                                 ->  Append-only Columnar Scan on web_sales_1_prt_12 web_sales_1_prt_12_1  (cost=0.00..232917.00 rows=5019700 width=14)
                                                                           ->  Result  (cost=0.00..340347.00 rows=7335234 width=14)
                                                                                 One-Time Filter: PartSelected
                                                                                 ->  Append-only Columnar Scan on web_sales_1_prt_13 web_sales_1_prt_13_1  (cost=0.00..340347.00 rows=7335234 width=14)
                                                                           ->  Result  (cost=0.00..339963.00 rows=7326700 width=14)
                                                                                 One-Time Filter: PartSelected
                                                                                 ->  Append-only Columnar Scan on web_sales_1_prt_14 web_sales_1_prt_14_1  (cost=0.00..339963.00 rows=7326700 width=14)
                                                                           ->  Result  (cost=0.00..128058.80 rows=2759894 width=14)
                                                                                 One-Time Filter: PartSelected
                                                                                 ->  Append-only Columnar Scan on web_sales_1_prt_15 web_sales_1_prt_15_1  (cost=0.00..128058.80 rows=2759894 width=14)
                                                                           ->  Result  (cost=0.00..98762.90 rows=2127930 width=14)
                                                                                 One-Time Filter: PartSelected
                                                                                 ->  Append-only Columnar Scan on web_sales_1_prt_16 web_sales_1_prt_16_1  (cost=0.00..98762.90 rows=2127930 width=14)
                                                                           ->  Result  (cost=0.00..95130.30 rows=2049977 width=14)
                                                                                 One-Time Filter: PartSelected
                                                                                 ->  Append-only Columnar Scan on web_sales_1_prt_17 web_sales_1_prt_17_1  (cost=0.00..95130.30 rows=2049977 width=14)
                                                                           ->  Result  (cost=0.00..98536.30 rows=2123477 width=14)
                                                                                 One-Time Filter: PartSelected
                                                                                 ->  Append-only Columnar Scan on web_sales_1_prt_18 web_sales_1_prt_18_1  (cost=0.00..98536.30 rows=2123477 width=14)
                                                                           ->  Result  (cost=0.00..98763.80 rows=2128160 width=14)
                                                                                 One-Time Filter: PartSelected
                                                                                 ->  Append-only Columnar Scan on web_sales_1_prt_19 web_sales_1_prt_19_1  (cost=0.00..98763.80 rows=2128160 width=14)
                                                                           ->  Result  (cost=0.00..98632.00 rows=2125534 width=14)
                                                                                 One-Time Filter: PartSelected
                                                                                 ->  Append-only Columnar Scan on web_sales_1_prt_20 web_sales_1_prt_20_1  (cost=0.00..98632.00 rows=2125534 width=14)
                                                                           ->  Result  (cost=0.00..98600.90 rows=2124597 width=14)
                                                                                 One-Time Filter: PartSelected
                                                                                 ->  Append-only Columnar Scan on web_sales_1_prt_21 web_sales_1_prt_21_1  (cost=0.00..98600.90 rows=2124597 width=14)
                                                                           ->  Result  (cost=0.00..139196.60 rows=2999954 width=14)
                                                                                 One-Time Filter: PartSelected
                                                                                 ->  Append-only Columnar Scan on web_sales_1_prt_22 web_sales_1_prt_22_1  (cost=0.00..139196.60 rows=2999954 width=14)
                                                                           ->  Result  (cost=0.00..224702.00 rows=4842300 width=14)
                                                                                 One-Time Filter: PartSelected
                                                                                 ->  Append-only Columnar Scan on web_sales_1_prt_23 web_sales_1_prt_23_1  (cost=0.00..224702.00 rows=4842300 width=14)
                                                                           ->  Result  (cost=0.00..224404.00 rows=4836067 width=14)
                                                                                 One-Time Filter: PartSelected
                                                                                 ->  Append-only Columnar Scan on web_sales_1_prt_24 web_sales_1_prt_24_1  (cost=0.00..224404.00 rows=4836067 width=14)
                                                                           ->  Result  (cost=0.00..228579.00 rows=4926567 width=14)
                                                                                 One-Time Filter: PartSelected
                                                                                 ->  Append-only Columnar Scan on web_sales_1_prt_25 web_sales_1_prt_25_1  (cost=0.00..228579.00 rows=4926567 width=14)
                                                                           ->  Result  (cost=0.00..340407.00 rows=7336234 width=14)
                                                                                 One-Time Filter: PartSelected
                                                                                 ->  Append-only Columnar Scan on web_sales_1_prt_26 web_sales_1_prt_26_1  (cost=0.00..340407.00 rows=7336234 width=14)
                                                                           ->  Result  (cost=0.00..339824.00 rows=7323934 width=14)
                                                                                 One-Time Filter: PartSelected
                                                                                 ->  Append-only Columnar Scan on web_sales_1_prt_27 web_sales_1_prt_27_1  (cost=0.00..339824.00 rows=7323934 width=14)
                                                                           ->  Result  (cost=0.00..136669.10 rows=2945270 width=14)
                                                                                 One-Time Filter: PartSelected
                                                                                 ->  Append-only Columnar Scan on web_sales_1_prt_28 web_sales_1_prt_28_1  (cost=0.00..136669.10 rows=2945270 width=14)
                                                                           ->  Result  (cost=0.00..98265.40 rows=2117680 width=14)
                                                                                 One-Time Filter: PartSelected
                                                                                 ->  Append-only Columnar Scan on web_sales_1_prt_29 web_sales_1_prt_29_1  (cost=0.00..98265.40 rows=2117680 width=14)
                                                                           ->  Result  (cost=0.00..98510.80 rows=2122894 width=14)
                                                                                 One-Time Filter: PartSelected
                                                                                 ->  Append-only Columnar Scan on web_sales_1_prt_30 web_sales_1_prt_30_1  (cost=0.00..98510.80 rows=2122894 width=14)
                                                                           ->  Result  (cost=0.00..98626.80 rows=2125460 width=14)
                                                                                 One-Time Filter: PartSelected
                                                                                 ->  Append-only Columnar Scan on web_sales_1_prt_31 web_sales_1_prt_31_1  (cost=0.00..98626.80 rows=2125460 width=14)
                                                                           ->  Result  (cost=0.00..98594.80 rows=2124860 width=14)
                                                                                 One-Time Filter: PartSelected
                                                                                 ->  Append-only Columnar Scan on web_sales_1_prt_32 web_sales_1_prt_32_1  (cost=0.00..98594.80 rows=2124860 width=14)
                                                                           ->  Result  (cost=0.00..98426.60 rows=2121220 width=14)
                                                                                 One-Time Filter: PartSelected
                                                                                 ->  Append-only Columnar Scan on web_sales_1_prt_33 web_sales_1_prt_33_1  (cost=0.00..98426.60 rows=2121220 width=14)
                                                                           ->  Result  (cost=0.00..98533.60 rows=2123320 width=14)
                                                                                 One-Time Filter: PartSelected
                                                                                 ->  Append-only Columnar Scan on web_sales_1_prt_34 web_sales_1_prt_34_1  (cost=0.00..98533.60 rows=2123320 width=14)
                                                                           ->  Result  (cost=0.00..134141.00 rows=2890900 width=14)
                                                                                 One-Time Filter: PartSelected
                                                                                 ->  Append-only Columnar Scan on web_sales_1_prt_35 web_sales_1_prt_35_1  (cost=0.00..134141.00 rows=2890900 width=14)
                                                                           ->  Result  (cost=0.00..224203.00 rows=4832167 width=14)
                                                                                 One-Time Filter: PartSelected
                                                                                 ->  Append-only Columnar Scan on web_sales_1_prt_36 web_sales_1_prt_36_1  (cost=0.00..224203.00 rows=4832167 width=14)
                                                                           ->  Result  (cost=0.00..224486.00 rows=4838100 width=14)
                                                                                 One-Time Filter: PartSelected
                                                                                 ->  Append-only Columnar Scan on web_sales_1_prt_37 web_sales_1_prt_37_1  (cost=0.00..224486.00 rows=4838100 width=14)
                                                                           ->  Result  (cost=0.00..224574.00 rows=4840000 width=14)
                                                                                 One-Time Filter: PartSelected
                                                                                 ->  Append-only Columnar Scan on web_sales_1_prt_38 web_sales_1_prt_38_1  (cost=0.00..224574.00 rows=4840000 width=14)
                                                                           ->  Result  (cost=0.00..339843.00 rows=7323734 width=14)
                                                                                 One-Time Filter: PartSelected
                                                                                 ->  Append-only Columnar Scan on web_sales_1_prt_39 web_sales_1_prt_39_1  (cost=0.00..339843.00 rows=7323734 width=14)
                                                                           ->  Result  (cost=0.00..339993.00 rows=7327400 width=14)
                                                                                 One-Time Filter: PartSelected
                                                                                 ->  Append-only Columnar Scan on web_sales_1_prt_40 web_sales_1_prt_40_1  (cost=0.00..339993.00 rows=7327400 width=14)
                                                                           ->  Result  (cost=0.00..141767.90 rows=3054930 width=14)
                                                                                 One-Time Filter: PartSelected
                                                                                 ->  Append-only Columnar Scan on web_sales_1_prt_41 web_sales_1_prt_41_1  (cost=0.00..141767.90 rows=3054930 width=14)
                                                                           ->  Result  (cost=0.00..98461.00 rows=2121867 width=14)
                                                                                 One-Time Filter: PartSelected
                                                                                 ->  Append-only Columnar Scan on web_sales_1_prt_42 web_sales_1_prt_42_1  (cost=0.00..98461.00 rows=2121867 width=14)
                                                                           ->  Result  (cost=0.00..95277.50 rows=2053050 width=14)
                                                                                 One-Time Filter: PartSelected
                                                                                 ->  Append-only Columnar Scan on web_sales_1_prt_43 web_sales_1_prt_43_1  (cost=0.00..95277.50 rows=2053050 width=14)
                                                                           ->  Result  (cost=0.00..98854.40 rows=2130480 width=14)
                                                                                 One-Time Filter: PartSelected
                                                                                 ->  Append-only Columnar Scan on web_sales_1_prt_44 web_sales_1_prt_44_1  (cost=0.00..98854.40 rows=2130480 width=14)
                                                                           ->  Result  (cost=0.00..98738.70 rows=2127790 width=14)
                                                                                 One-Time Filter: PartSelected
                                                                                 ->  Append-only Columnar Scan on web_sales_1_prt_45 web_sales_1_prt_45_1  (cost=0.00..98738.70 rows=2127790 width=14)
                                                                           ->  Result  (cost=0.00..98685.60 rows=2126654 width=14)
                                                                                 One-Time Filter: PartSelected
                                                                                 ->  Append-only Columnar Scan on web_sales_1_prt_46 web_sales_1_prt_46_1  (cost=0.00..98685.60 rows=2126654 width=14)
                                                                           ->  Result  (cost=0.00..98998.50 rows=2133217 width=14)
                                                                                 One-Time Filter: PartSelected
                                                                                 ->  Append-only Columnar Scan on web_sales_1_prt_47 web_sales_1_prt_47_1  (cost=0.00..98998.50 rows=2133217 width=14)
                                                                           ->  Result  (cost=0.00..125716.80 rows=2709260 width=14)
                                                                                 One-Time Filter: PartSelected
                                                                                 ->  Append-only Columnar Scan on web_sales_1_prt_48 web_sales_1_prt_48_1  (cost=0.00..125716.80 rows=2709260 width=14)
                                                                           ->  Result  (cost=0.00..224729.00 rows=4843367 width=14)
                                                                                 One-Time Filter: PartSelected
                                                                                 ->  Append-only Columnar Scan on web_sales_1_prt_49 web_sales_1_prt_49_1  (cost=0.00..224729.00 rows=4843367 width=14)
                                                                           ->  Result  (cost=0.00..224641.00 rows=4841034 width=14)
                                                                                 One-Time Filter: PartSelected
                                                                                 ->  Append-only Columnar Scan on web_sales_1_prt_50 web_sales_1_prt_50_1  (cost=0.00..224641.00 rows=4841034 width=14)
                                                                           ->  Result  (cost=0.00..224630.00 rows=4841267 width=14)
                                                                                 One-Time Filter: PartSelected
                                                                                 ->  Append-only Columnar Scan on web_sales_1_prt_51 web_sales_1_prt_51_1  (cost=0.00..224630.00 rows=4841267 width=14)
                                                                           ->  Result  (cost=0.00..332139.00 rows=7158600 width=14)
                                                                                 One-Time Filter: PartSelected
                                                                                 ->  Append-only Columnar Scan on web_sales_1_prt_52 web_sales_1_prt_52_1  (cost=0.00..332139.00 rows=7158600 width=14)
                                                                           ->  Result  (cost=0.00..340420.00 rows=7336634 width=14)
                                                                                 One-Time Filter: PartSelected
                                                                                 ->  Append-only Columnar Scan on web_sales_1_prt_53 web_sales_1_prt_53_1  (cost=0.00..340420.00 rows=7336634 width=14)
                                                                           ->  Result  (cost=0.00..162712.00 rows=3506534 width=14)
                                                                                 One-Time Filter: PartSelected
                                                                                 ->  Append-only Columnar Scan on web_sales_1_prt_54 web_sales_1_prt_54_1  (cost=0.00..162712.00 rows=3506534 width=14)
                                                                           ->  Result  (cost=0.00..98867.20 rows=2130440 width=14)
                                                                                 One-Time Filter: PartSelected
                                                                                 ->  Append-only Columnar Scan on web_sales_1_prt_55 web_sales_1_prt_55_1  (cost=0.00..98867.20 rows=2130440 width=14)
                                                                           ->  Result  (cost=0.00..95121.00 rows=2049967 width=14)
                                                                                 One-Time Filter: PartSelected
                                                                                 ->  Append-only Columnar Scan on web_sales_1_prt_56 web_sales_1_prt_56_1  (cost=0.00..95121.00 rows=2049967 width=14)
                                                                           ->  Result  (cost=0.00..98600.60 rows=2124820 width=14)
                                                                                 One-Time Filter: PartSelected
                                                                                 ->  Append-only Columnar Scan on web_sales_1_prt_57 web_sales_1_prt_57_1  (cost=0.00..98600.60 rows=2124820 width=14)
                                                                           ->  Result  (cost=0.00..98639.10 rows=2125604 width=14)
                                                                                 One-Time Filter: PartSelected
                                                                                 ->  Append-only Columnar Scan on web_sales_1_prt_58 web_sales_1_prt_58_1  (cost=0.00..98639.10 rows=2125604 width=14)
                                                                           ->  Result  (cost=0.00..98591.40 rows=2124880 width=14)
                                                                                 One-Time Filter: PartSelected
                                                                                 ->  Append-only Columnar Scan on web_sales_1_prt_59 web_sales_1_prt_59_1  (cost=0.00..98591.40 rows=2124880 width=14)
                                                                           ->  Result  (cost=0.00..98868.30 rows=2130610 width=14)
                                                                                 One-Time Filter: PartSelected
                                                                                 ->  Append-only Columnar Scan on web_sales_1_prt_60 web_sales_1_prt_60_1  (cost=0.00..98868.30 rows=2130610 width=14)
                                                                           ->  Result  (cost=0.00..121113.60 rows=2609954 width=14)
                                                                                 One-Time Filter: PartSelected
                                                                                 ->  Append-only Columnar Scan on web_sales_1_prt_61 web_sales_1_prt_61_1  (cost=0.00..121113.60 rows=2609954 width=14)
                                                                           ->  Result  (cost=0.00..224388.00 rows=4835634 width=14)
                                                                                 One-Time Filter: PartSelected
                                                                                 ->  Append-only Columnar Scan on web_sales_1_prt_62 web_sales_1_prt_62_1  (cost=0.00..224388.00 rows=4835634 width=14)
                                                                           ->  Result  (cost=0.00..224495.00 rows=4837834 width=14)
                                                                                 One-Time Filter: PartSelected
                                                                                 ->  Append-only Columnar Scan on web_sales_1_prt_63 web_sales_1_prt_63_1  (cost=0.00..224495.00 rows=4837834 width=14)
                                                                           ->  Result  (cost=0.00..224520.00 rows=4838767 width=14)
                                                                                 One-Time Filter: PartSelected
                                                                                 ->  Append-only Columnar Scan on web_sales_1_prt_64 web_sales_1_prt_64_1  (cost=0.00..224520.00 rows=4838767 width=14)
                                                                           ->  Result  (cost=0.00..328357.00 rows=7076767 width=14)
                                                                                 One-Time Filter: PartSelected
                                                                                 ->  Append-only Columnar Scan on web_sales_1_prt_65 web_sales_1_prt_65_1  (cost=0.00..328357.00 rows=7076767 width=14)
                                                                           ->  Result  (cost=0.00..340970.00 rows=7348567 width=14)
                                                                                 One-Time Filter: PartSelected
                                                                                 ->  Append-only Columnar Scan on web_sales_1_prt_66 web_sales_1_prt_66_1  (cost=0.00..340970.00 rows=7348567 width=14)
                                                                           ->  Result  (cost=0.00..97070.40 rows=2091947 width=14)
                                                                                 One-Time Filter: PartSelected
                                                                                 ->  Append-only Columnar Scan on web_sales_1_prt_67 web_sales_1_prt_67_1  (cost=0.00..97070.40 rows=2091947 width=14)
                                                                           ->  Result  (cost=0.00..1.00 rows=1 width=22)
                                                                                 One-Time Filter: PartSelected
                                                                                 ->  Append-only Columnar Scan on web_sales_1_prt_68 web_sales_1_prt_68_1  (cost=0.00..1.00 rows=1 width=22)
                                                                           ->  Result  (cost=0.00..1.00 rows=1 width=22)
                                                                                 One-Time Filter: PartSelected
                                                                                 ->  Append-only Columnar Scan on web_sales_1_prt_69 web_sales_1_prt_69_1  (cost=0.00..1.00 rows=1 width=22)
                                                                           ->  Result  (cost=0.00..1.00 rows=1 width=22)
                                                                                 One-Time Filter: PartSelected
                                                                                 ->  Append-only Columnar Scan on web_sales_1_prt_70 web_sales_1_prt_70_1  (cost=0.00..1.00 rows=1 width=22)
                                                                           ->  Result  (cost=0.00..1.00 rows=1 width=22)
                                                                                 One-Time Filter: PartSelected
                                                                                 ->  Append-only Columnar Scan on web_sales_1_prt_71 web_sales_1_prt_71_1  (cost=0.00..1.00 rows=1 width=22)
                                                                           ->  Result  (cost=0.00..1.00 rows=1 width=22)
                                                                                 One-Time Filter: PartSelected
                                                                                 ->  Append-only Columnar Scan on web_sales_1_prt_72 web_sales_1_prt_72_1  (cost=0.00..1.00 rows=1 width=22)
                                                                           ->  Result  (cost=0.00..1.00 rows=1 width=22)
                                                                                 One-Time Filter: PartSelected
                                                                                 ->  Append-only Columnar Scan on web_sales_1_prt_73 web_sales_1_prt_73_1  (cost=0.00..1.00 rows=1 width=22)
                                                                           ->  Result  (cost=0.00..1.00 rows=1 width=22)
                                                                                 One-Time Filter: PartSelected
                                                                                 ->  Append-only Columnar Scan on web_sales_1_prt_74 web_sales_1_prt_74_1  (cost=0.00..1.00 rows=1 width=22)
                                                                           ->  Result  (cost=0.00..1.00 rows=1 width=22)
                                                                                 One-Time Filter: PartSelected
                                                                                 ->  Append-only Columnar Scan on web_sales_1_prt_75 web_sales_1_prt_75_1  (cost=0.00..1.00 rows=1 width=22)
                                                                           ->  Result  (cost=0.00..1.00 rows=1 width=22)
                                                                                 One-Time Filter: PartSelected
                                                                                 ->  Append-only Columnar Scan on web_sales_1_prt_76 web_sales_1_prt_76_1  (cost=0.00..1.00 rows=1 width=22)
                                                                           ->  Result  (cost=0.00..1.00 rows=1 width=22)
                                                                                 One-Time Filter: PartSelected
                                                                                 ->  Append-only Columnar Scan on web_sales_1_prt_77 web_sales_1_prt_77_1  (cost=0.00..1.00 rows=1 width=22)
                                                                           ->  Result  (cost=0.00..1.00 rows=1 width=22)
                                                                                 One-Time Filter: PartSelected
                                                                                 ->  Append-only Columnar Scan on web_sales_1_prt_78 web_sales_1_prt_78_1  (cost=0.00..1.00 rows=1 width=22)
                                                                           ->  Result  (cost=0.00..1.00 rows=1 width=22)
                                                                                 One-Time Filter: PartSelected
                                                                                 ->  Append-only Columnar Scan on web_sales_1_prt_79 web_sales_1_prt_79_1  (cost=0.00..1.00 rows=1 width=22)
                                                                           ->  Result  (cost=0.00..1.00 rows=1 width=22)
                                                                                 One-Time Filter: PartSelected
                                                                                 ->  Append-only Columnar Scan on web_sales_1_prt_80 web_sales_1_prt_80_1  (cost=0.00..1.00 rows=1 width=22)
                                                                     ->  Hash  (cost=1459.03..1459.03 rows=183 width=12)
                                                                           ->  Partition Selector for web_sales (dynamic scan id: 1)  (cost=0.00..1459.03 rows=183 width=12)
                                                                                 Filter: date_dim_2.d_date_sk
                                                                                 ->  Broadcast Motion 3:3  (slice8; segments: 3)  (cost=0.00..1459.03 rows=183 width=12)
                                                                                       ->  Seq Scan on date_dim date_dim_2  (cost=0.00..1451.73 rows=61 width=12)
                                                                                             Filter: ((d_qoy = 1) AND (d_year = 2000))
                                                         ->  Hash  (cost=85890.90..85890.90 rows=2000530 width=18)
                                                               ->  Seq Scan on customer_address customer_address_2  (cost=0.00..85890.90 rows=2000530 width=18)
                           ->  Hash  (cost=0.44..0.44 rows=8 width=114)
                                 ->  Subquery Scan on ss1  (cost=0.00..0.44 rows=8 width=114)
                                       ->  HashAggregate  (cost=57686943.37..57686943.64 rows=8 width=118)
                                             Group Key: customer_address_3.ca_county, date_dim_3.d_qoy, date_dim_3.d_year
                                             ->  Redistribute Motion 3:3  (slice13; segments: 3)  (cost=57686942.49..57686942.93 rows=8 width=118)
                                                   Hash Key: customer_address_3.ca_county, date_dim_3.d_qoy, date_dim_3.d_year
                                                   ->  HashAggregate  (cost=57686942.49..57686942.49 rows=8 width=118)
                                                         Group Key: customer_address_3.ca_county, date_dim_3.d_qoy, date_dim_3.d_year
                                                         ->  Hash Join  (cost=162376.64..57686942.26 rows=8 width=28)
                                                               Hash Cond: (store_sales_1_prt_outliers_1.ss_addr_sk = customer_address_3.ca_address_sk)
                                                               ->  Redistribute Motion 3:3  (slice12; segments: 3)  (cost=1465.86..57526030.95 rows=11 width=18)
                                                                     Hash Key: store_sales_1_prt_outliers_1.ss_addr_sk
                                                                     ->  Hash Join  (cost=1465.86..57526030.32 rows=11 width=18)
                                                                           Hash Cond: (store_sales_1_prt_outliers_1.ss_sold_date_sk = date_dim_3.d_date_sk)
                                                                           ->  Append  (cost=0.00..39524635.96 rows=959996170 width=14)
                                                                                 ->  Result  (cost=0.00..1568615.00 rows=43200334 width=14)
                                                                                       One-Time Filter: PartSelected
                                                                                       ->  Append-only Columnar Scan on store_sales_1_prt_outliers store_sales_1_prt_outliers_1  (cost=0.00..1568615.00 rows=43200334 width=14)
                                                                                 ->  Result  (cost=0.00..324595.00 rows=7840134 width=14)
                                                                                       One-Time Filter: PartSelected
                                                                                       ->  Append-only Columnar Scan on store_sales_1_prt_2 store_sales_1_prt_2_1  (cost=0.00..324595.00 rows=7840134 width=14)
                                                                                 ->  Result  (cost=0.00..336211.00 rows=8120800 width=14)
                                                                                       One-Time Filter: PartSelected
                                                                                       ->  Append-only Columnar Scan on store_sales_1_prt_3 store_sales_1_prt_3_1  (cost=0.00..336211.00 rows=8120800 width=14)
                                                                                 ->  Result  (cost=0.00..324382.00 rows=7834967 width=14)
                                                                                       One-Time Filter: PartSelected
                                                                                       ->  Append-only Columnar Scan on store_sales_1_prt_4 store_sales_1_prt_4_1  (cost=0.00..324382.00 rows=7834967 width=14)
                                                                                 ->  Result  (cost=0.00..336381.00 rows=8124734 width=14)
                                                                                       One-Time Filter: PartSelected
                                                                                       ->  Append-only Columnar Scan on store_sales_1_prt_5 store_sales_1_prt_5_1  (cost=0.00..336381.00 rows=8124734 width=14)
                                                                                 ->  Result  (cost=0.00..336417.00 rows=8125800 width=14)
                                                                                       One-Time Filter: PartSelected
                                                                                       ->  Append-only Columnar Scan on store_sales_1_prt_6 store_sales_1_prt_6_1  (cost=0.00..336417.00 rows=8125800 width=14)
                                                                                 ->  Result  (cost=0.00..336453.00 rows=8126567 width=14)
                                                                                       One-Time Filter: PartSelected
                                                                                       ->  Append-only Columnar Scan on store_sales_1_prt_7 store_sales_1_prt_7_1  (cost=0.00..336453.00 rows=8126567 width=14)
                                                                                 ->  Result  (cost=0.00..336058.00 rows=8116967 width=14)
                                                                                       One-Time Filter: PartSelected
                                                                                       ->  Append-only Columnar Scan on store_sales_1_prt_8 store_sales_1_prt_8_1  (cost=0.00..336058.00 rows=8116967 width=14)
                                                                                 ->  Result  (cost=0.00..489738.00 rows=11829267 width=14)
                                                                                       One-Time Filter: PartSelected
                                                                                       ->  Append-only Columnar Scan on store_sales_1_prt_9 store_sales_1_prt_9_1  (cost=0.00..489738.00 rows=11829267 width=14)
                                                                                 ->  Result  (cost=0.00..765474.00 rows=18489534 width=14)
                                                                                       One-Time Filter: PartSelected
                                                                                       ->  Append-only Columnar Scan on store_sales_1_prt_10 store_sales_1_prt_10_1  (cost=0.00..765474.00 rows=18489534 width=14)
                                                                                 ->  Result  (cost=0.00..766278.00 rows=18508900 width=14)
                                                                                       One-Time Filter: PartSelected
                                                                                       ->  Append-only Columnar Scan on store_sales_1_prt_11 store_sales_1_prt_11_1  (cost=0.00..766278.00 rows=18508900 width=14)
                                                                                 ->  Result  (cost=0.00..793967.00 rows=19177700 width=14)
                                                                                       One-Time Filter: PartSelected
                                                                                       ->  Append-only Columnar Scan on store_sales_1_prt_12 store_sales_1_prt_12_1  (cost=0.00..793967.00 rows=19177700 width=14)
                                                                                 ->  Result  (cost=0.00..1159820.00 rows=28014600 width=14)
                                                                                       One-Time Filter: PartSelected
                                                                                       ->  Append-only Columnar Scan on store_sales_1_prt_13 store_sales_1_prt_13_1  (cost=0.00..1159820.00 rows=28014600 width=14)
                                                                                 ->  Result  (cost=0.00..1160753.00 rows=28037334 width=14)
                                                                                       One-Time Filter: PartSelected
                                                                                       ->  Append-only Columnar Scan on store_sales_1_prt_14 store_sales_1_prt_14_1  (cost=0.00..1160753.00 rows=28037334 width=14)
                                                                                 ->  Result  (cost=0.00..436710.00 rows=10548367 width=14)
                                                                                       One-Time Filter: PartSelected
                                                                                       ->  Append-only Columnar Scan on store_sales_1_prt_15 store_sales_1_prt_15_1  (cost=0.00..436710.00 rows=10548367 width=14)
                                                                                 ->  Result  (cost=0.00..336477.00 rows=8127134 width=14)
                                                                                       One-Time Filter: PartSelected
                                                                                       ->  Append-only Columnar Scan on store_sales_1_prt_16 store_sales_1_prt_16_1  (cost=0.00..336477.00 rows=8127134 width=14)
                                                                                 ->  Result  (cost=0.00..324706.00 rows=7842834 width=14)
                                                                                       One-Time Filter: PartSelected
                                                                                       ->  Append-only Columnar Scan on store_sales_1_prt_17 store_sales_1_prt_17_1  (cost=0.00..324706.00 rows=7842834 width=14)
                                                                                 ->  Result  (cost=0.00..336587.00 rows=8129867 width=14)
                                                                                       One-Time Filter: PartSelected
                                                                                       ->  Append-only Columnar Scan on store_sales_1_prt_18 store_sales_1_prt_18_1  (cost=0.00..336587.00 rows=8129867 width=14)
                                                                                 ->  Result  (cost=0.00..336153.00 rows=8119367 width=14)
                                                                                       One-Time Filter: PartSelected
                                                                                       ->  Append-only Columnar Scan on store_sales_1_prt_19 store_sales_1_prt_19_1  (cost=0.00..336153.00 rows=8119367 width=14)
                                                                                 ->  Result  (cost=0.00..336736.00 rows=8133367 width=14)
                                                                                       One-Time Filter: PartSelected
                                                                                       ->  Append-only Columnar Scan on store_sales_1_prt_20 store_sales_1_prt_20_1  (cost=0.00..336736.00 rows=8133367 width=14)
                                                                                 ->  Result  (cost=0.00..336190.00 rows=8120200 width=14)
                                                                                       One-Time Filter: PartSelected
                                                                                       ->  Append-only Columnar Scan on store_sales_1_prt_21 store_sales_1_prt_21_1  (cost=0.00..336190.00 rows=8120200 width=14)
                                                                                 ->  Result  (cost=0.00..474334.00 rows=11457100 width=14)
                                                                                       One-Time Filter: PartSelected
                                                                                       ->  Append-only Columnar Scan on store_sales_1_prt_22 store_sales_1_prt_22_1  (cost=0.00..474334.00 rows=11457100 width=14)
                                                                                 ->  Result  (cost=0.00..766084.00 rows=18504234 width=14)
                                                                                       One-Time Filter: PartSelected
                                                                                       ->  Append-only Columnar Scan on store_sales_1_prt_23 store_sales_1_prt_23_1  (cost=0.00..766084.00 rows=18504234 width=14)
                                                                                 ->  Result  (cost=0.00..765781.00 rows=18496900 width=14)
                                                                                       One-Time Filter: PartSelected
                                                                                       ->  Append-only Columnar Scan on store_sales_1_prt_24 store_sales_1_prt_24_1  (cost=0.00..765781.00 rows=18496900 width=14)
                                                                                 ->  Result  (cost=0.00..779443.00 rows=18826834 width=14)
                                                                                       One-Time Filter: PartSelected
                                                                                       ->  Append-only Columnar Scan on store_sales_1_prt_25 store_sales_1_prt_25_1  (cost=0.00..779443.00 rows=18826834 width=14)
                                                                                 ->  Result  (cost=0.00..1160832.00 rows=28039467 width=14)
                                                                                       One-Time Filter: PartSelected
                                                                                       ->  Append-only Columnar Scan on store_sales_1_prt_26 store_sales_1_prt_26_1  (cost=0.00..1160832.00 rows=28039467 width=14)
                                                                                 ->  Result  (cost=0.00..1160090.00 rows=28021400 width=14)
                                                                                       One-Time Filter: PartSelected
                                                                                       ->  Append-only Columnar Scan on store_sales_1_prt_27 store_sales_1_prt_27_1  (cost=0.00..1160090.00 rows=28021400 width=14)
                                                                                 ->  Result  (cost=0.00..465893.00 rows=11253134 width=14)
                                                                                       One-Time Filter: PartSelected
                                                                                       ->  Append-only Columnar Scan on store_sales_1_prt_28 store_sales_1_prt_28_1  (cost=0.00..465893.00 rows=11253134 width=14)
                                                                                 ->  Result  (cost=0.00..335914.00 rows=8113600 width=14)
                                                                                       One-Time Filter: PartSelected
                                                                                       ->  Append-only Columnar Scan on store_sales_1_prt_29 store_sales_1_prt_29_1  (cost=0.00..335914.00 rows=8113600 width=14)
                                                                                 ->  Result  (cost=0.00..336186.00 rows=8120167 width=14)
                                                                                       One-Time Filter: PartSelected
                                                                                       ->  Append-only Columnar Scan on store_sales_1_prt_30 store_sales_1_prt_30_1  (cost=0.00..336186.00 rows=8120167 width=14)
                                                                                 ->  Result  (cost=0.00..336014.00 rows=8115934 width=14)
                                                                                       One-Time Filter: PartSelected
                                                                                       ->  Append-only Columnar Scan on store_sales_1_prt_31 store_sales_1_prt_31_1  (cost=0.00..336014.00 rows=8115934 width=14)
                                                                                 ->  Result  (cost=0.00..335918.00 rows=8113667 width=14)
                                                                                       One-Time Filter: PartSelected
                                                                                       ->  Append-only Columnar Scan on store_sales_1_prt_32 store_sales_1_prt_32_1  (cost=0.00..335918.00 rows=8113667 width=14)
                                                                                 ->  Result  (cost=0.00..336069.00 rows=8117334 width=14)
                                                                                       One-Time Filter: PartSelected
                                                                                       ->  Append-only Columnar Scan on store_sales_1_prt_33 store_sales_1_prt_33_1  (cost=0.00..336069.00 rows=8117334 width=14)
                                                                                 ->  Result  (cost=0.00..335472.00 rows=8102900 width=14)
                                                                                       One-Time Filter: PartSelected
                                                                                       ->  Append-only Columnar Scan on store_sales_1_prt_34 store_sales_1_prt_34_1  (cost=0.00..335472.00 rows=8102900 width=14)
                                                                                 ->  Result  (cost=0.00..457985.00 rows=11062100 width=14)
                                                                                       One-Time Filter: PartSelected
                                                                                       ->  Append-only Columnar Scan on store_sales_1_prt_35 store_sales_1_prt_35_1  (cost=0.00..457985.00 rows=11062100 width=14)
                                                                                 ->  Result  (cost=0.00..764679.00 rows=18470400 width=14)
                                                                                       One-Time Filter: PartSelected
                                                                                       ->  Append-only Columnar Scan on store_sales_1_prt_36 store_sales_1_prt_36_1  (cost=0.00..764679.00 rows=18470400 width=14)
                                                                                 ->  Result  (cost=0.00..764030.00 rows=18454700 width=14)
                                                                                       One-Time Filter: PartSelected
                                                                                       ->  Append-only Columnar Scan on store_sales_1_prt_37 store_sales_1_prt_37_1  (cost=0.00..764030.00 rows=18454700 width=14)
                                                                                 ->  Result  (cost=0.00..764484.00 rows=18465634 width=14)
                                                                                       One-Time Filter: PartSelected
                                                                                       ->  Append-only Columnar Scan on store_sales_1_prt_38 store_sales_1_prt_38_1  (cost=0.00..764484.00 rows=18465634 width=14)
                                                                                 ->  Result  (cost=0.00..1158198.04 rows=27975568 width=14)
                                                                                       One-Time Filter: PartSelected
                                                                                       ->  Append-only Columnar Scan on store_sales_1_prt_39 store_sales_1_prt_39_1  (cost=0.00..1158198.04 rows=27975568 width=14)
                                                                                 ->  Result  (cost=0.00..1158199.04 rows=27975968 width=14)
                                                                                       One-Time Filter: PartSelected
                                                                                       ->  Append-only Columnar Scan on store_sales_1_prt_40 store_sales_1_prt_40_1  (cost=0.00..1158199.04 rows=27975968 width=14)
                                                                                 ->  Result  (cost=0.00..483138.00 rows=11669800 width=14)
                                                                                       One-Time Filter: PartSelected
                                                                                       ->  Append-only Columnar Scan on store_sales_1_prt_41 store_sales_1_prt_41_1  (cost=0.00..483138.00 rows=11669800 width=14)
                                                                                 ->  Result  (cost=0.00..336559.00 rows=8129100 width=14)
                                                                                       One-Time Filter: PartSelected
                                                                                       ->  Append-only Columnar Scan on store_sales_1_prt_42 store_sales_1_prt_42_1  (cost=0.00..336559.00 rows=8129100 width=14)
                                                                                 ->  Result  (cost=0.00..324602.00 rows=7840367 width=14)
                                                                                       One-Time Filter: PartSelected
                                                                                       ->  Append-only Columnar Scan on store_sales_1_prt_43 store_sales_1_prt_43_1  (cost=0.00..324602.00 rows=7840367 width=14)
                                                                                 ->  Result  (cost=0.00..336209.00 rows=8120567 width=14)
                                                                                       One-Time Filter: PartSelected
                                                                                       ->  Append-only Columnar Scan on store_sales_1_prt_44 store_sales_1_prt_44_1  (cost=0.00..336209.00 rows=8120567 width=14)
                                                                                 ->  Result  (cost=0.00..336313.00 rows=8123267 width=14)
                                                                                       One-Time Filter: PartSelected
                                                                                       ->  Append-only Columnar Scan on store_sales_1_prt_45 store_sales_1_prt_45_1  (cost=0.00..336313.00 rows=8123267 width=14)
                                                                                 ->  Result  (cost=0.00..336621.00 rows=8130734 width=14)
                                                                                       One-Time Filter: PartSelected
                                                                                       ->  Append-only Columnar Scan on store_sales_1_prt_46 store_sales_1_prt_46_1  (cost=0.00..336621.00 rows=8130734 width=14)
                                                                                 ->  Result  (cost=0.00..335906.00 rows=8113400 width=14)
                                                                                       One-Time Filter: PartSelected
                                                                                       ->  Append-only Columnar Scan on store_sales_1_prt_47 store_sales_1_prt_47_1  (cost=0.00..335906.00 rows=8113400 width=14)
                                                                                 ->  Result  (cost=0.00..428657.00 rows=10353800 width=14)
                                                                                       One-Time Filter: PartSelected
                                                                                       ->  Append-only Columnar Scan on store_sales_1_prt_48 store_sales_1_prt_48_1  (cost=0.00..428657.00 rows=10353800 width=14)
                                                                                 ->  Result  (cost=0.00..766560.00 rows=18515734 width=14)
                                                                                       One-Time Filter: PartSelected
                                                                                       ->  Append-only Columnar Scan on store_sales_1_prt_49 store_sales_1_prt_49_1  (cost=0.00..766560.00 rows=18515734 width=14)
                                                                                 ->  Result  (cost=0.00..766167.00 rows=18506234 width=14)
                                                                                       One-Time Filter: PartSelected
                                                                                       ->  Append-only Columnar Scan on store_sales_1_prt_50 store_sales_1_prt_50_1  (cost=0.00..766167.00 rows=18506234 width=14)
                                                                                 ->  Result  (cost=0.00..766196.00 rows=18506900 width=14)
                                                                                       One-Time Filter: PartSelected
                                                                                       ->  Append-only Columnar Scan on store_sales_1_prt_51 store_sales_1_prt_51_1  (cost=0.00..766196.00 rows=18506900 width=14)
                                                                                 ->  Result  (cost=0.00..1130938.00 rows=27317200 width=14)
                                                                                       One-Time Filter: PartSelected
                                                                                       ->  Append-only Columnar Scan on store_sales_1_prt_52 store_sales_1_prt_52_1  (cost=0.00..1130938.00 rows=27317200 width=14)
                                                                                 ->  Result  (cost=0.00..1160637.96 rows=28034566 width=14)
                                                                                       One-Time Filter: PartSelected
                                                                                       ->  Append-only Columnar Scan on store_sales_1_prt_53 store_sales_1_prt_53_1  (cost=0.00..1160637.96 rows=28034566 width=14)
                                                                                 ->  Result  (cost=0.00..555225.00 rows=13411000 width=14)
                                                                                       One-Time Filter: PartSelected
                                                                                       ->  Append-only Columnar Scan on store_sales_1_prt_54 store_sales_1_prt_54_1  (cost=0.00..555225.00 rows=13411000 width=14)
                                                                                 ->  Result  (cost=0.00..336782.00 rows=8134567 width=14)
                                                                                       One-Time Filter: PartSelected
                                                                                       ->  Append-only Columnar Scan on store_sales_1_prt_55 store_sales_1_prt_55_1  (cost=0.00..336782.00 rows=8134567 width=14)
                                                                                 ->  Result  (cost=0.00..324454.00 rows=7836734 width=14)
                                                                                       One-Time Filter: PartSelected
                                                                                       ->  Append-only Columnar Scan on store_sales_1_prt_56 store_sales_1_prt_56_1  (cost=0.00..324454.00 rows=7836734 width=14)
                                                                                 ->  Result  (cost=0.00..336546.00 rows=8128867 width=14)
                                                                                       One-Time Filter: PartSelected
                                                                                       ->  Append-only Columnar Scan on store_sales_1_prt_57 store_sales_1_prt_57_1  (cost=0.00..336546.00 rows=8128867 width=14)
                                                                                 ->  Result  (cost=0.00..336207.00 rows=8120667 width=14)
                                                                                       One-Time Filter: PartSelected
                                                                                       ->  Append-only Columnar Scan on store_sales_1_prt_58 store_sales_1_prt_58_1  (cost=0.00..336207.00 rows=8120667 width=14)
                                                                                 ->  Result  (cost=0.00..336578.00 rows=8129534 width=14)
                                                                                       One-Time Filter: PartSelected
                                                                                       ->  Append-only Columnar Scan on store_sales_1_prt_59 store_sales_1_prt_59_1  (cost=0.00..336578.00 rows=8129534 width=14)
                                                                                 ->  Result  (cost=0.00..336468.00 rows=8127067 width=14)
                                                                                       One-Time Filter: PartSelected
                                                                                       ->  Append-only Columnar Scan on store_sales_1_prt_60 store_sales_1_prt_60_1  (cost=0.00..336468.00 rows=8127067 width=14)
                                                                                 ->  Result  (cost=0.00..412992.00 rows=9975467 width=14)
                                                                                       One-Time Filter: PartSelected
                                                                                       ->  Append-only Columnar Scan on store_sales_1_prt_61 store_sales_1_prt_61_1  (cost=0.00..412992.00 rows=9975467 width=14)
                                                                                 ->  Result  (cost=0.00..765709.00 rows=18495234 width=14)
                                                                                       One-Time Filter: PartSelected
                                                                                       ->  Append-only Columnar Scan on store_sales_1_prt_62 store_sales_1_prt_62_1  (cost=0.00..765709.00 rows=18495234 width=14)
                                                                                 ->  Result  (cost=0.00..766176.00 rows=18506500 width=14)
                                                                                       One-Time Filter: PartSelected
                                                                                       ->  Append-only Columnar Scan on store_sales_1_prt_63 store_sales_1_prt_63_1  (cost=0.00..766176.00 rows=18506500 width=14)
                                                                                 ->  Result  (cost=0.00..766142.00 rows=18505834 width=14)
                                                                                       One-Time Filter: PartSelected
                                                                                       ->  Append-only Columnar Scan on store_sales_1_prt_64 store_sales_1_prt_64_1  (cost=0.00..766142.00 rows=18505834 width=14)
                                                                                 ->  Result  (cost=0.00..1117566.96 rows=26994166 width=14)
                                                                                       One-Time Filter: PartSelected
                                                                                       ->  Append-only Columnar Scan on store_sales_1_prt_65 store_sales_1_prt_65_1  (cost=0.00..1117566.96 rows=26994166 width=14)
                                                                                 ->  Result  (cost=0.00..1159645.96 rows=28010566 width=14)
                                                                                       One-Time Filter: PartSelected
                                                                                       ->  Append-only Columnar Scan on store_sales_1_prt_66 store_sales_1_prt_66_1  (cost=0.00..1159645.96 rows=28010566 width=14)
                                                                                 ->  Result  (cost=0.00..331321.00 rows=8002500 width=14)
                                                                                       One-Time Filter: PartSelected
                                                                                       ->  Append-only Columnar Scan on store_sales_1_prt_67 store_sales_1_prt_67_1  (cost=0.00..331321.00 rows=8002500 width=14)
                                                                                 ->  Result  (cost=0.00..1.00 rows=1 width=22)
                                                                                       One-Time Filter: PartSelected
                                                                                       ->  Append-only Columnar Scan on store_sales_1_prt_68 store_sales_1_prt_68_1  (cost=0.00..1.00 rows=1 width=22)
                                                                                 ->  Result  (cost=0.00..1.00 rows=1 width=22)
                                                                                       One-Time Filter: PartSelected
                                                                                       ->  Append-only Columnar Scan on store_sales_1_prt_69 store_sales_1_prt_69_1  (cost=0.00..1.00 rows=1 width=22)
                                                                                 ->  Result  (cost=0.00..1.00 rows=1 width=22)
                                                                                       One-Time Filter: PartSelected
                                                                                       ->  Append-only Columnar Scan on store_sales_1_prt_70 store_sales_1_prt_70_1  (cost=0.00..1.00 rows=1 width=22)
                                                                                 ->  Result  (cost=0.00..1.00 rows=1 width=22)
                                                                                       One-Time Filter: PartSelected
                                                                                       ->  Append-only Columnar Scan on store_sales_1_prt_71 store_sales_1_prt_71_1  (cost=0.00..1.00 rows=1 width=22)
                                                                                 ->  Result  (cost=0.00..1.00 rows=1 width=22)
                                                                                       One-Time Filter: PartSelected
                                                                                       ->  Append-only Columnar Scan on store_sales_1_prt_72 store_sales_1_prt_72_1  (cost=0.00..1.00 rows=1 width=22)
                                                                                 ->  Result  (cost=0.00..1.00 rows=1 width=22)
                                                                                       One-Time Filter: PartSelected
                                                                                       ->  Append-only Columnar Scan on store_sales_1_prt_73 store_sales_1_prt_73_1  (cost=0.00..1.00 rows=1 width=22)
                                                                                 ->  Result  (cost=0.00..1.00 rows=1 width=22)
                                                                                       One-Time Filter: PartSelected
                                                                                       ->  Append-only Columnar Scan on store_sales_1_prt_74 store_sales_1_prt_74_1  (cost=0.00..1.00 rows=1 width=22)
                                                                                 ->  Result  (cost=0.00..1.00 rows=1 width=22)
                                                                                       One-Time Filter: PartSelected
                                                                                       ->  Append-only Columnar Scan on store_sales_1_prt_75 store_sales_1_prt_75_1  (cost=0.00..1.00 rows=1 width=22)
                                                                                 ->  Result  (cost=0.00..1.00 rows=1 width=22)
                                                                                       One-Time Filter: PartSelected
                                                                                       ->  Append-only Columnar Scan on store_sales_1_prt_76 store_sales_1_prt_76_1  (cost=0.00..1.00 rows=1 width=22)
                                                                                 ->  Result  (cost=0.00..1.00 rows=1 width=22)
                                                                                       One-Time Filter: PartSelected
                                                                                       ->  Append-only Columnar Scan on store_sales_1_prt_77 store_sales_1_prt_77_1  (cost=0.00..1.00 rows=1 width=22)
                                                                                 ->  Result  (cost=0.00..1.00 rows=1 width=22)
                                                                                       One-Time Filter: PartSelected
                                                                                       ->  Append-only Columnar Scan on store_sales_1_prt_78 store_sales_1_prt_78_1  (cost=0.00..1.00 rows=1 width=22)
                                                                                 ->  Result  (cost=0.00..1.00 rows=1 width=22)
                                                                                       One-Time Filter: PartSelected
                                                                                       ->  Append-only Columnar Scan on store_sales_1_prt_79 store_sales_1_prt_79_1  (cost=0.00..1.00 rows=1 width=22)
                                                                                 ->  Result  (cost=0.00..1.00 rows=1 width=22)
                                                                                       One-Time Filter: PartSelected
                                                                                       ->  Append-only Columnar Scan on store_sales_1_prt_80 store_sales_1_prt_80_1  (cost=0.00..1.00 rows=1 width=22)
                                                                           ->  Hash  (cost=1459.03..1459.03 rows=183 width=12)
                                                                                 ->  Partition Selector for store_sales (dynamic scan id: 1)  (cost=0.00..1459.03 rows=183 width=12)
                                                                                       Filter: date_dim_3.d_date_sk
                                                                                       ->  Broadcast Motion 3:3  (slice11; segments: 3)  (cost=0.00..1459.03 rows=183 width=12)
                                                                                             ->  Seq Scan on date_dim date_dim_3  (cost=0.00..1451.73 rows=61 width=12)
                                                                                                   Filter: ((d_qoy = 1) AND (d_year = 2000))
                                                               ->  Hash  (cost=85890.90..85890.90 rows=2000530 width=18)
                                                                     ->  Seq Scan on customer_address customer_address_3  (cost=0.00..85890.90 rows=2000530 width=18)
         ->  Hash  (cost=91.28..91.28 rows=28 width=220)
               ->  Redistribute Motion 3:3  (slice20; segments: 3)  (cost=0.72..91.28 rows=28 width=220)
                     Hash Key: ss3.ca_county, 1, (2000)
                     ->  Hash Join  (cost=0.72..89.64 rows=28 width=220)
                           Hash Cond: ((ws3.ca_county)::text = (ss3.ca_county)::text)
                           ->  Subquery Scan on ws3  (cost=0.00..74.20 rows=1237 width=110)
                                 ->  HashAggregate  (cost=15907091.15..15907137.52 rows=1237 width=118)
                                       Group Key: customer_address_4.ca_county, date_dim_4.d_qoy, date_dim_4.d_year
                                       ->  Redistribute Motion 3:3  (slice16; segments: 3)  (cost=15906942.75..15907016.95 rows=1237 width=118)
                                             Hash Key: customer_address_4.ca_county, date_dim_4.d_qoy, date_dim_4.d_year
                                             ->  HashAggregate  (cost=15906942.75..15906942.75 rows=1237 width=118)
                                                   Group Key: customer_address_4.ca_county, date_dim_4.d_qoy, date_dim_4.d_year
                                                   ->  Hash Join  (cost=162376.73..15888859.22 rows=602785 width=28)
                                                         Hash Cond: (web_sales_1_prt_outliers_2.ws_bill_addr_sk = customer_address_4.ca_address_sk)
                                                         ->  Redistribute Motion 3:3  (slice15; segments: 3)  (cost=1465.96..15691775.37 rows=602865 width=18)
                                                               Hash Key: web_sales_1_prt_outliers_2.ws_bill_addr_sk
                                                               ->  Hash Join  (cost=1465.96..15655603.49 rows=602865 width=18)
                                                                     Hash Cond: (web_sales_1_prt_outliers_2.ws_sold_date_sk = date_dim_4.d_date_sk)
                                                                     ->  Append  (cost=0.00..11136051.31 rows=240000015 width=14)
                                                                           ->  Result  (cost=0.00..2391.21 rows=59974 width=14)
                                                                                 One-Time Filter: PartSelected
                                                                                 ->  Append-only Columnar Scan on web_sales_1_prt_outliers web_sales_1_prt_outliers_2  (cost=0.00..2391.21 rows=59974 width=14)
                                                                           ->  Result  (cost=0.00..94902.80 rows=2044794 width=14)
                                                                                 One-Time Filter: PartSelected
                                                                                 ->  Append-only Columnar Scan on web_sales_1_prt_2 web_sales_1_prt_2_2  (cost=0.00..94902.80 rows=2044794 width=14)
                                                                           ->  Result  (cost=0.00..98794.40 rows=2129180 width=14)
                                                                                 One-Time Filter: PartSelected
                                                                                 ->  Append-only Columnar Scan on web_sales_1_prt_3 web_sales_1_prt_3_2  (cost=0.00..98794.40 rows=2129180 width=14)
                                                                           ->  Result  (cost=0.00..95176.20 rows=2051340 width=14)
                                                                                 One-Time Filter: PartSelected
                                                                                 ->  Append-only Columnar Scan on web_sales_1_prt_4 web_sales_1_prt_4_2  (cost=0.00..95176.20 rows=2051340 width=14)
                                                                           ->  Result  (cost=0.00..98886.20 rows=2130874 width=14)
                                                                                 One-Time Filter: PartSelected
                                                                                 ->  Append-only Columnar Scan on web_sales_1_prt_5 web_sales_1_prt_5_2  (cost=0.00..98886.20 rows=2130874 width=14)
                                                                           ->  Result  (cost=0.00..98686.80 rows=2126394 width=14)
                                                                                 One-Time Filter: PartSelected
                                                                                 ->  Append-only Columnar Scan on web_sales_1_prt_6 web_sales_1_prt_6_2  (cost=0.00..98686.80 rows=2126394 width=14)
                                                                           ->  Result  (cost=0.00..98900.30 rows=2131144 width=14)
                                                                                 One-Time Filter: PartSelected
                                                                                 ->  Append-only Columnar Scan on web_sales_1_prt_7 web_sales_1_prt_7_2  (cost=0.00..98900.30 rows=2131144 width=14)
                                                                           ->  Result  (cost=0.00..98568.30 rows=2124144 width=14)
                                                                                 One-Time Filter: PartSelected
                                                                                 ->  Append-only Columnar Scan on web_sales_1_prt_8 web_sales_1_prt_8_2  (cost=0.00..98568.30 rows=2124144 width=14)
                                                                           ->  Result  (cost=0.00..143675.40 rows=3096280 width=14)
                                                                                 One-Time Filter: PartSelected
                                                                                 ->  Append-only Columnar Scan on web_sales_1_prt_9 web_sales_1_prt_9_2  (cost=0.00..143675.40 rows=3096280 width=14)
                                                                           ->  Result  (cost=0.00..224454.00 rows=4837567 width=14)
                                                                                 One-Time Filter: PartSelected
                                                                                 ->  Append-only Columnar Scan on web_sales_1_prt_10 web_sales_1_prt_10_2  (cost=0.00..224454.00 rows=4837567 width=14)
                                                                           ->  Result  (cost=0.00..224538.00 rows=4838600 width=14)
                                                                                 One-Time Filter: PartSelected
                                                                                 ->  Append-only Columnar Scan on web_sales_1_prt_11 web_sales_1_prt_11_2  (cost=0.00..224538.00 rows=4838600 width=14)
                                                                           ->  Result  (cost=0.00..232917.00 rows=5019700 width=14)
                                                                                 One-Time Filter: PartSelected
                                                                                 ->  Append-only Columnar Scan on web_sales_1_prt_12 web_sales_1_prt_12_2  (cost=0.00..232917.00 rows=5019700 width=14)
                                                                           ->  Result  (cost=0.00..340347.00 rows=7335234 width=14)
                                                                                 One-Time Filter: PartSelected
                                                                                 ->  Append-only Columnar Scan on web_sales_1_prt_13 web_sales_1_prt_13_2  (cost=0.00..340347.00 rows=7335234 width=14)
                                                                           ->  Result  (cost=0.00..339963.00 rows=7326700 width=14)
                                                                                 One-Time Filter: PartSelected
                                                                                 ->  Append-only Columnar Scan on web_sales_1_prt_14 web_sales_1_prt_14_2  (cost=0.00..339963.00 rows=7326700 width=14)
                                                                           ->  Result  (cost=0.00..128058.80 rows=2759894 width=14)
                                                                                 One-Time Filter: PartSelected
                                                                                 ->  Append-only Columnar Scan on web_sales_1_prt_15 web_sales_1_prt_15_2  (cost=0.00..128058.80 rows=2759894 width=14)
                                                                           ->  Result  (cost=0.00..98762.90 rows=2127930 width=14)
                                                                                 One-Time Filter: PartSelected
                                                                                 ->  Append-only Columnar Scan on web_sales_1_prt_16 web_sales_1_prt_16_2  (cost=0.00..98762.90 rows=2127930 width=14)
                                                                           ->  Result  (cost=0.00..95130.30 rows=2049977 width=14)
                                                                                 One-Time Filter: PartSelected
                                                                                 ->  Append-only Columnar Scan on web_sales_1_prt_17 web_sales_1_prt_17_2  (cost=0.00..95130.30 rows=2049977 width=14)
                                                                           ->  Result  (cost=0.00..98536.30 rows=2123477 width=14)
                                                                                 One-Time Filter: PartSelected
                                                                                 ->  Append-only Columnar Scan on web_sales_1_prt_18 web_sales_1_prt_18_2  (cost=0.00..98536.30 rows=2123477 width=14)
                                                                           ->  Result  (cost=0.00..98763.80 rows=2128160 width=14)
                                                                                 One-Time Filter: PartSelected
                                                                                 ->  Append-only Columnar Scan on web_sales_1_prt_19 web_sales_1_prt_19_2  (cost=0.00..98763.80 rows=2128160 width=14)
                                                                           ->  Result  (cost=0.00..98632.00 rows=2125534 width=14)
                                                                                 One-Time Filter: PartSelected
                                                                                 ->  Append-only Columnar Scan on web_sales_1_prt_20 web_sales_1_prt_20_2  (cost=0.00..98632.00 rows=2125534 width=14)
                                                                           ->  Result  (cost=0.00..98600.90 rows=2124597 width=14)
                                                                                 One-Time Filter: PartSelected
                                                                                 ->  Append-only Columnar Scan on web_sales_1_prt_21 web_sales_1_prt_21_2  (cost=0.00..98600.90 rows=2124597 width=14)
                                                                           ->  Result  (cost=0.00..139196.60 rows=2999954 width=14)
                                                                                 One-Time Filter: PartSelected
                                                                                 ->  Append-only Columnar Scan on web_sales_1_prt_22 web_sales_1_prt_22_2  (cost=0.00..139196.60 rows=2999954 width=14)
                                                                           ->  Result  (cost=0.00..224702.00 rows=4842300 width=14)
                                                                                 One-Time Filter: PartSelected
                                                                                 ->  Append-only Columnar Scan on web_sales_1_prt_23 web_sales_1_prt_23_2  (cost=0.00..224702.00 rows=4842300 width=14)
                                                                           ->  Result  (cost=0.00..224404.00 rows=4836067 width=14)
                                                                                 One-Time Filter: PartSelected
                                                                                 ->  Append-only Columnar Scan on web_sales_1_prt_24 web_sales_1_prt_24_2  (cost=0.00..224404.00 rows=4836067 width=14)
                                                                           ->  Result  (cost=0.00..228579.00 rows=4926567 width=14)
                                                                                 One-Time Filter: PartSelected
                                                                                 ->  Append-only Columnar Scan on web_sales_1_prt_25 web_sales_1_prt_25_2  (cost=0.00..228579.00 rows=4926567 width=14)
                                                                           ->  Result  (cost=0.00..340407.00 rows=7336234 width=14)
                                                                                 One-Time Filter: PartSelected
                                                                                 ->  Append-only Columnar Scan on web_sales_1_prt_26 web_sales_1_prt_26_2  (cost=0.00..340407.00 rows=7336234 width=14)
                                                                           ->  Result  (cost=0.00..339824.00 rows=7323934 width=14)
                                                                                 One-Time Filter: PartSelected
                                                                                 ->  Append-only Columnar Scan on web_sales_1_prt_27 web_sales_1_prt_27_2  (cost=0.00..339824.00 rows=7323934 width=14)
                                                                           ->  Result  (cost=0.00..136669.10 rows=2945270 width=14)
                                                                                 One-Time Filter: PartSelected
                                                                                 ->  Append-only Columnar Scan on web_sales_1_prt_28 web_sales_1_prt_28_2  (cost=0.00..136669.10 rows=2945270 width=14)
                                                                           ->  Result  (cost=0.00..98265.40 rows=2117680 width=14)
                                                                                 One-Time Filter: PartSelected
                                                                                 ->  Append-only Columnar Scan on web_sales_1_prt_29 web_sales_1_prt_29_2  (cost=0.00..98265.40 rows=2117680 width=14)
                                                                           ->  Result  (cost=0.00..98510.80 rows=2122894 width=14)
                                                                                 One-Time Filter: PartSelected
                                                                                 ->  Append-only Columnar Scan on web_sales_1_prt_30 web_sales_1_prt_30_2  (cost=0.00..98510.80 rows=2122894 width=14)
                                                                           ->  Result  (cost=0.00..98626.80 rows=2125460 width=14)
                                                                                 One-Time Filter: PartSelected
                                                                                 ->  Append-only Columnar Scan on web_sales_1_prt_31 web_sales_1_prt_31_2  (cost=0.00..98626.80 rows=2125460 width=14)
                                                                           ->  Result  (cost=0.00..98594.80 rows=2124860 width=14)
                                                                                 One-Time Filter: PartSelected
                                                                                 ->  Append-only Columnar Scan on web_sales_1_prt_32 web_sales_1_prt_32_2  (cost=0.00..98594.80 rows=2124860 width=14)
                                                                           ->  Result  (cost=0.00..98426.60 rows=2121220 width=14)
                                                                                 One-Time Filter: PartSelected
                                                                                 ->  Append-only Columnar Scan on web_sales_1_prt_33 web_sales_1_prt_33_2  (cost=0.00..98426.60 rows=2121220 width=14)
                                                                           ->  Result  (cost=0.00..98533.60 rows=2123320 width=14)
                                                                                 One-Time Filter: PartSelected
                                                                                 ->  Append-only Columnar Scan on web_sales_1_prt_34 web_sales_1_prt_34_2  (cost=0.00..98533.60 rows=2123320 width=14)
                                                                           ->  Result  (cost=0.00..134141.00 rows=2890900 width=14)
                                                                                 One-Time Filter: PartSelected
                                                                                 ->  Append-only Columnar Scan on web_sales_1_prt_35 web_sales_1_prt_35_2  (cost=0.00..134141.00 rows=2890900 width=14)
                                                                           ->  Result  (cost=0.00..224203.00 rows=4832167 width=14)
                                                                                 One-Time Filter: PartSelected
                                                                                 ->  Append-only Columnar Scan on web_sales_1_prt_36 web_sales_1_prt_36_2  (cost=0.00..224203.00 rows=4832167 width=14)
                                                                           ->  Result  (cost=0.00..224486.00 rows=4838100 width=14)
                                                                                 One-Time Filter: PartSelected
                                                                                 ->  Append-only Columnar Scan on web_sales_1_prt_37 web_sales_1_prt_37_2  (cost=0.00..224486.00 rows=4838100 width=14)
                                                                           ->  Result  (cost=0.00..224574.00 rows=4840000 width=14)
                                                                                 One-Time Filter: PartSelected
                                                                                 ->  Append-only Columnar Scan on web_sales_1_prt_38 web_sales_1_prt_38_2  (cost=0.00..224574.00 rows=4840000 width=14)
                                                                           ->  Result  (cost=0.00..339843.00 rows=7323734 width=14)
                                                                                 One-Time Filter: PartSelected
                                                                                 ->  Append-only Columnar Scan on web_sales_1_prt_39 web_sales_1_prt_39_2  (cost=0.00..339843.00 rows=7323734 width=14)
                                                                           ->  Result  (cost=0.00..339993.00 rows=7327400 width=14)
                                                                                 One-Time Filter: PartSelected
                                                                                 ->  Append-only Columnar Scan on web_sales_1_prt_40 web_sales_1_prt_40_2  (cost=0.00..339993.00 rows=7327400 width=14)
                                                                           ->  Result  (cost=0.00..141767.90 rows=3054930 width=14)
                                                                                 One-Time Filter: PartSelected
                                                                                 ->  Append-only Columnar Scan on web_sales_1_prt_41 web_sales_1_prt_41_2  (cost=0.00..141767.90 rows=3054930 width=14)
                                                                           ->  Result  (cost=0.00..98461.00 rows=2121867 width=14)
                                                                                 One-Time Filter: PartSelected
                                                                                 ->  Append-only Columnar Scan on web_sales_1_prt_42 web_sales_1_prt_42_2  (cost=0.00..98461.00 rows=2121867 width=14)
                                                                           ->  Result  (cost=0.00..95277.50 rows=2053050 width=14)
                                                                                 One-Time Filter: PartSelected
                                                                                 ->  Append-only Columnar Scan on web_sales_1_prt_43 web_sales_1_prt_43_2  (cost=0.00..95277.50 rows=2053050 width=14)
                                                                           ->  Result  (cost=0.00..98854.40 rows=2130480 width=14)
                                                                                 One-Time Filter: PartSelected
                                                                                 ->  Append-only Columnar Scan on web_sales_1_prt_44 web_sales_1_prt_44_2  (cost=0.00..98854.40 rows=2130480 width=14)
                                                                           ->  Result  (cost=0.00..98738.70 rows=2127790 width=14)
                                                                                 One-Time Filter: PartSelected
                                                                                 ->  Append-only Columnar Scan on web_sales_1_prt_45 web_sales_1_prt_45_2  (cost=0.00..98738.70 rows=2127790 width=14)
                                                                           ->  Result  (cost=0.00..98685.60 rows=2126654 width=14)
                                                                                 One-Time Filter: PartSelected
                                                                                 ->  Append-only Columnar Scan on web_sales_1_prt_46 web_sales_1_prt_46_2  (cost=0.00..98685.60 rows=2126654 width=14)
                                                                           ->  Result  (cost=0.00..98998.50 rows=2133217 width=14)
                                                                                 One-Time Filter: PartSelected
                                                                                 ->  Append-only Columnar Scan on web_sales_1_prt_47 web_sales_1_prt_47_2  (cost=0.00..98998.50 rows=2133217 width=14)
                                                                           ->  Result  (cost=0.00..125716.80 rows=2709260 width=14)
                                                                                 One-Time Filter: PartSelected
                                                                                 ->  Append-only Columnar Scan on web_sales_1_prt_48 web_sales_1_prt_48_2  (cost=0.00..125716.80 rows=2709260 width=14)
                                                                           ->  Result  (cost=0.00..224729.00 rows=4843367 width=14)
                                                                                 One-Time Filter: PartSelected
                                                                                 ->  Append-only Columnar Scan on web_sales_1_prt_49 web_sales_1_prt_49_2  (cost=0.00..224729.00 rows=4843367 width=14)
                                                                           ->  Result  (cost=0.00..224641.00 rows=4841034 width=14)
                                                                                 One-Time Filter: PartSelected
                                                                                 ->  Append-only Columnar Scan on web_sales_1_prt_50 web_sales_1_prt_50_2  (cost=0.00..224641.00 rows=4841034 width=14)
                                                                           ->  Result  (cost=0.00..224630.00 rows=4841267 width=14)
                                                                                 One-Time Filter: PartSelected
                                                                                 ->  Append-only Columnar Scan on web_sales_1_prt_51 web_sales_1_prt_51_2  (cost=0.00..224630.00 rows=4841267 width=14)
                                                                           ->  Result  (cost=0.00..332139.00 rows=7158600 width=14)
                                                                                 One-Time Filter: PartSelected
                                                                                 ->  Append-only Columnar Scan on web_sales_1_prt_52 web_sales_1_prt_52_2  (cost=0.00..332139.00 rows=7158600 width=14)
                                                                           ->  Result  (cost=0.00..340420.00 rows=7336634 width=14)
                                                                                 One-Time Filter: PartSelected
                                                                                 ->  Append-only Columnar Scan on web_sales_1_prt_53 web_sales_1_prt_53_2  (cost=0.00..340420.00 rows=7336634 width=14)
                                                                           ->  Result  (cost=0.00..162712.00 rows=3506534 width=14)
                                                                                 One-Time Filter: PartSelected
                                                                                 ->  Append-only Columnar Scan on web_sales_1_prt_54 web_sales_1_prt_54_2  (cost=0.00..162712.00 rows=3506534 width=14)
                                                                           ->  Result  (cost=0.00..98867.20 rows=2130440 width=14)
                                                                                 One-Time Filter: PartSelected
                                                                                 ->  Append-only Columnar Scan on web_sales_1_prt_55 web_sales_1_prt_55_2  (cost=0.00..98867.20 rows=2130440 width=14)
                                                                           ->  Result  (cost=0.00..95121.00 rows=2049967 width=14)
                                                                                 One-Time Filter: PartSelected
                                                                                 ->  Append-only Columnar Scan on web_sales_1_prt_56 web_sales_1_prt_56_2  (cost=0.00..95121.00 rows=2049967 width=14)
                                                                           ->  Result  (cost=0.00..98600.60 rows=2124820 width=14)
                                                                                 One-Time Filter: PartSelected
                                                                                 ->  Append-only Columnar Scan on web_sales_1_prt_57 web_sales_1_prt_57_2  (cost=0.00..98600.60 rows=2124820 width=14)
                                                                           ->  Result  (cost=0.00..98639.10 rows=2125604 width=14)
                                                                                 One-Time Filter: PartSelected
                                                                                 ->  Append-only Columnar Scan on web_sales_1_prt_58 web_sales_1_prt_58_2  (cost=0.00..98639.10 rows=2125604 width=14)
                                                                           ->  Result  (cost=0.00..98591.40 rows=2124880 width=14)
                                                                                 One-Time Filter: PartSelected
                                                                                 ->  Append-only Columnar Scan on web_sales_1_prt_59 web_sales_1_prt_59_2  (cost=0.00..98591.40 rows=2124880 width=14)
                                                                           ->  Result  (cost=0.00..98868.30 rows=2130610 width=14)
                                                                                 One-Time Filter: PartSelected
                                                                                 ->  Append-only Columnar Scan on web_sales_1_prt_60 web_sales_1_prt_60_2  (cost=0.00..98868.30 rows=2130610 width=14)
                                                                           ->  Result  (cost=0.00..121113.60 rows=2609954 width=14)
                                                                                 One-Time Filter: PartSelected
                                                                                 ->  Append-only Columnar Scan on web_sales_1_prt_61 web_sales_1_prt_61_2  (cost=0.00..121113.60 rows=2609954 width=14)
                                                                           ->  Result  (cost=0.00..224388.00 rows=4835634 width=14)
                                                                                 One-Time Filter: PartSelected
                                                                                 ->  Append-only Columnar Scan on web_sales_1_prt_62 web_sales_1_prt_62_2  (cost=0.00..224388.00 rows=4835634 width=14)
                                                                           ->  Result  (cost=0.00..224495.00 rows=4837834 width=14)
                                                                                 One-Time Filter: PartSelected
                                                                                 ->  Append-only Columnar Scan on web_sales_1_prt_63 web_sales_1_prt_63_2  (cost=0.00..224495.00 rows=4837834 width=14)
                                                                           ->  Result  (cost=0.00..224520.00 rows=4838767 width=14)
                                                                                 One-Time Filter: PartSelected
                                                                                 ->  Append-only Columnar Scan on web_sales_1_prt_64 web_sales_1_prt_64_2  (cost=0.00..224520.00 rows=4838767 width=14)
                                                                           ->  Result  (cost=0.00..328357.00 rows=7076767 width=14)
                                                                                 One-Time Filter: PartSelected
                                                                                 ->  Append-only Columnar Scan on web_sales_1_prt_65 web_sales_1_prt_65_2  (cost=0.00..328357.00 rows=7076767 width=14)
                                                                           ->  Result  (cost=0.00..340970.00 rows=7348567 width=14)
                                                                                 One-Time Filter: PartSelected
                                                                                 ->  Append-only Columnar Scan on web_sales_1_prt_66 web_sales_1_prt_66_2  (cost=0.00..340970.00 rows=7348567 width=14)
                                                                           ->  Result  (cost=0.00..97070.40 rows=2091947 width=14)
                                                                                 One-Time Filter: PartSelected
                                                                                 ->  Append-only Columnar Scan on web_sales_1_prt_67 web_sales_1_prt_67_2  (cost=0.00..97070.40 rows=2091947 width=14)
                                                                           ->  Result  (cost=0.00..1.00 rows=1 width=22)
                                                                                 One-Time Filter: PartSelected
                                                                                 ->  Append-only Columnar Scan on web_sales_1_prt_68 web_sales_1_prt_68_2  (cost=0.00..1.00 rows=1 width=22)
                                                                           ->  Result  (cost=0.00..1.00 rows=1 width=22)
                                                                                 One-Time Filter: PartSelected
                                                                                 ->  Append-only Columnar Scan on web_sales_1_prt_69 web_sales_1_prt_69_2  (cost=0.00..1.00 rows=1 width=22)
                                                                           ->  Result  (cost=0.00..1.00 rows=1 width=22)
                                                                                 One-Time Filter: PartSelected
                                                                                 ->  Append-only Columnar Scan on web_sales_1_prt_70 web_sales_1_prt_70_2  (cost=0.00..1.00 rows=1 width=22)
                                                                           ->  Result  (cost=0.00..1.00 rows=1 width=22)
                                                                                 One-Time Filter: PartSelected
                                                                                 ->  Append-only Columnar Scan on web_sales_1_prt_71 web_sales_1_prt_71_2  (cost=0.00..1.00 rows=1 width=22)
                                                                           ->  Result  (cost=0.00..1.00 rows=1 width=22)
                                                                                 One-Time Filter: PartSelected
                                                                                 ->  Append-only Columnar Scan on web_sales_1_prt_72 web_sales_1_prt_72_2  (cost=0.00..1.00 rows=1 width=22)
                                                                           ->  Result  (cost=0.00..1.00 rows=1 width=22)
                                                                                 One-Time Filter: PartSelected
                                                                                 ->  Append-only Columnar Scan on web_sales_1_prt_73 web_sales_1_prt_73_2  (cost=0.00..1.00 rows=1 width=22)
                                                                           ->  Result  (cost=0.00..1.00 rows=1 width=22)
                                                                                 One-Time Filter: PartSelected
                                                                                 ->  Append-only Columnar Scan on web_sales_1_prt_74 web_sales_1_prt_74_2  (cost=0.00..1.00 rows=1 width=22)
                                                                           ->  Result  (cost=0.00..1.00 rows=1 width=22)
                                                                                 One-Time Filter: PartSelected
                                                                                 ->  Append-only Columnar Scan on web_sales_1_prt_75 web_sales_1_prt_75_2  (cost=0.00..1.00 rows=1 width=22)
                                                                           ->  Result  (cost=0.00..1.00 rows=1 width=22)
                                                                                 One-Time Filter: PartSelected
                                                                                 ->  Append-only Columnar Scan on web_sales_1_prt_76 web_sales_1_prt_76_2  (cost=0.00..1.00 rows=1 width=22)
                                                                           ->  Result  (cost=0.00..1.00 rows=1 width=22)
                                                                                 One-Time Filter: PartSelected
                                                                                 ->  Append-only Columnar Scan on web_sales_1_prt_77 web_sales_1_prt_77_2  (cost=0.00..1.00 rows=1 width=22)
                                                                           ->  Result  (cost=0.00..1.00 rows=1 width=22)
                                                                                 One-Time Filter: PartSelected
                                                                                 ->  Append-only Columnar Scan on web_sales_1_prt_78 web_sales_1_prt_78_2  (cost=0.00..1.00 rows=1 width=22)
                                                                           ->  Result  (cost=0.00..1.00 rows=1 width=22)
                                                                                 One-Time Filter: PartSelected
                                                                                 ->  Append-only Columnar Scan on web_sales_1_prt_79 web_sales_1_prt_79_2  (cost=0.00..1.00 rows=1 width=22)
                                                                           ->  Result  (cost=0.00..1.00 rows=1 width=22)
                                                                                 One-Time Filter: PartSelected
                                                                                 ->  Append-only Columnar Scan on web_sales_1_prt_80 web_sales_1_prt_80_2  (cost=0.00..1.00 rows=1 width=22)
                                                                     ->  Hash  (cost=1459.07..1459.07 rows=184 width=12)
                                                                           ->  Partition Selector for web_sales (dynamic scan id: 1)  (cost=0.00..1459.07 rows=184 width=12)
                                                                                 Filter: date_dim_4.d_date_sk
                                                                                 ->  Broadcast Motion 3:3  (slice14; segments: 3)  (cost=0.00..1459.07 rows=184 width=12)
                                                                                       ->  Seq Scan on date_dim date_dim_4  (cost=0.00..1451.73 rows=62 width=12)
                                                                                             Filter: ((d_year = 2000) AND (d_qoy = 3))
                                                         ->  Hash  (cost=85890.90..85890.90 rows=2000530 width=18)
                                                               ->  Seq Scan on customer_address customer_address_4  (cost=0.00..85890.90 rows=2000530 width=18)
                           ->  Hash  (cost=0.44..0.44 rows=8 width=110)
                                 ->  Subquery Scan on ss3  (cost=0.00..0.44 rows=8 width=110)
                                       ->  HashAggregate  (cost=57686943.46..57686943.73 rows=8 width=118)
                                             Group Key: customer_address_5.ca_county, date_dim_5.d_qoy, date_dim_5.d_year
                                             ->  Redistribute Motion 3:3  (slice19; segments: 3)  (cost=57686942.58..57686943.02 rows=8 width=118)
                                                   Hash Key: customer_address_5.ca_county, date_dim_5.d_qoy, date_dim_5.d_year
                                                   ->  HashAggregate  (cost=57686942.58..57686942.58 rows=8 width=118)
                                                         Group Key: customer_address_5.ca_county, date_dim_5.d_qoy, date_dim_5.d_year
                                                         ->  Hash Join  (cost=162376.73..57686942.35 rows=8 width=28)
                                                               Hash Cond: (store_sales_1_prt_outliers_2.ss_addr_sk = customer_address_5.ca_address_sk)
                                                               ->  Redistribute Motion 3:3  (slice18; segments: 3)  (cost=1465.96..57526031.04 rows=11 width=18)
                                                                     Hash Key: store_sales_1_prt_outliers_2.ss_addr_sk
                                                                     ->  Hash Join  (cost=1465.96..57526030.41 rows=11 width=18)
                                                                           Hash Cond: (store_sales_1_prt_outliers_2.ss_sold_date_sk = date_dim_5.d_date_sk)
                                                                           ->  Append  (cost=0.00..39524635.96 rows=959996170 width=14)
                                                                                 ->  Result  (cost=0.00..1568615.00 rows=43200334 width=14)
                                                                                       One-Time Filter: PartSelected
                                                                                       ->  Append-only Columnar Scan on store_sales_1_prt_outliers store_sales_1_prt_outliers_2  (cost=0.00..1568615.00 rows=43200334 width=14)
                                                                                 ->  Result  (cost=0.00..324595.00 rows=7840134 width=14)
                                                                                       One-Time Filter: PartSelected
                                                                                       ->  Append-only Columnar Scan on store_sales_1_prt_2 store_sales_1_prt_2_2  (cost=0.00..324595.00 rows=7840134 width=14)
                                                                                 ->  Result  (cost=0.00..336211.00 rows=8120800 width=14)
                                                                                       One-Time Filter: PartSelected
                                                                                       ->  Append-only Columnar Scan on store_sales_1_prt_3 store_sales_1_prt_3_2  (cost=0.00..336211.00 rows=8120800 width=14)
                                                                                 ->  Result  (cost=0.00..324382.00 rows=7834967 width=14)
                                                                                       One-Time Filter: PartSelected
                                                                                       ->  Append-only Columnar Scan on store_sales_1_prt_4 store_sales_1_prt_4_2  (cost=0.00..324382.00 rows=7834967 width=14)
                                                                                 ->  Result  (cost=0.00..336381.00 rows=8124734 width=14)
                                                                                       One-Time Filter: PartSelected
                                                                                       ->  Append-only Columnar Scan on store_sales_1_prt_5 store_sales_1_prt_5_2  (cost=0.00..336381.00 rows=8124734 width=14)
                                                                                 ->  Result  (cost=0.00..336417.00 rows=8125800 width=14)
                                                                                       One-Time Filter: PartSelected
                                                                                       ->  Append-only Columnar Scan on store_sales_1_prt_6 store_sales_1_prt_6_2  (cost=0.00..336417.00 rows=8125800 width=14)
                                                                                 ->  Result  (cost=0.00..336453.00 rows=8126567 width=14)
                                                                                       One-Time Filter: PartSelected
                                                                                       ->  Append-only Columnar Scan on store_sales_1_prt_7 store_sales_1_prt_7_2  (cost=0.00..336453.00 rows=8126567 width=14)
                                                                                 ->  Result  (cost=0.00..336058.00 rows=8116967 width=14)
                                                                                       One-Time Filter: PartSelected
                                                                                       ->  Append-only Columnar Scan on store_sales_1_prt_8 store_sales_1_prt_8_2  (cost=0.00..336058.00 rows=8116967 width=14)
                                                                                 ->  Result  (cost=0.00..489738.00 rows=11829267 width=14)
                                                                                       One-Time Filter: PartSelected
                                                                                       ->  Append-only Columnar Scan on store_sales_1_prt_9 store_sales_1_prt_9_2  (cost=0.00..489738.00 rows=11829267 width=14)
                                                                                 ->  Result  (cost=0.00..765474.00 rows=18489534 width=14)
                                                                                       One-Time Filter: PartSelected
                                                                                       ->  Append-only Columnar Scan on store_sales_1_prt_10 store_sales_1_prt_10_2  (cost=0.00..765474.00 rows=18489534 width=14)
                                                                                 ->  Result  (cost=0.00..766278.00 rows=18508900 width=14)
                                                                                       One-Time Filter: PartSelected
                                                                                       ->  Append-only Columnar Scan on store_sales_1_prt_11 store_sales_1_prt_11_2  (cost=0.00..766278.00 rows=18508900 width=14)
                                                                                 ->  Result  (cost=0.00..793967.00 rows=19177700 width=14)
                                                                                       One-Time Filter: PartSelected
                                                                                       ->  Append-only Columnar Scan on store_sales_1_prt_12 store_sales_1_prt_12_2  (cost=0.00..793967.00 rows=19177700 width=14)
                                                                                 ->  Result  (cost=0.00..1159820.00 rows=28014600 width=14)
                                                                                       One-Time Filter: PartSelected
                                                                                       ->  Append-only Columnar Scan on store_sales_1_prt_13 store_sales_1_prt_13_2  (cost=0.00..1159820.00 rows=28014600 width=14)
                                                                                 ->  Result  (cost=0.00..1160753.00 rows=28037334 width=14)
                                                                                       One-Time Filter: PartSelected
                                                                                       ->  Append-only Columnar Scan on store_sales_1_prt_14 store_sales_1_prt_14_2  (cost=0.00..1160753.00 rows=28037334 width=14)
                                                                                 ->  Result  (cost=0.00..436710.00 rows=10548367 width=14)
                                                                                       One-Time Filter: PartSelected
                                                                                       ->  Append-only Columnar Scan on store_sales_1_prt_15 store_sales_1_prt_15_2  (cost=0.00..436710.00 rows=10548367 width=14)
                                                                                 ->  Result  (cost=0.00..336477.00 rows=8127134 width=14)
                                                                                       One-Time Filter: PartSelected
                                                                                       ->  Append-only Columnar Scan on store_sales_1_prt_16 store_sales_1_prt_16_2  (cost=0.00..336477.00 rows=8127134 width=14)
                                                                                 ->  Result  (cost=0.00..324706.00 rows=7842834 width=14)
                                                                                       One-Time Filter: PartSelected
                                                                                       ->  Append-only Columnar Scan on store_sales_1_prt_17 store_sales_1_prt_17_2  (cost=0.00..324706.00 rows=7842834 width=14)
                                                                                 ->  Result  (cost=0.00..336587.00 rows=8129867 width=14)
                                                                                       One-Time Filter: PartSelected
                                                                                       ->  Append-only Columnar Scan on store_sales_1_prt_18 store_sales_1_prt_18_2  (cost=0.00..336587.00 rows=8129867 width=14)
                                                                                 ->  Result  (cost=0.00..336153.00 rows=8119367 width=14)
                                                                                       One-Time Filter: PartSelected
                                                                                       ->  Append-only Columnar Scan on store_sales_1_prt_19 store_sales_1_prt_19_2  (cost=0.00..336153.00 rows=8119367 width=14)
                                                                                 ->  Result  (cost=0.00..336736.00 rows=8133367 width=14)
                                                                                       One-Time Filter: PartSelected
                                                                                       ->  Append-only Columnar Scan on store_sales_1_prt_20 store_sales_1_prt_20_2  (cost=0.00..336736.00 rows=8133367 width=14)
                                                                                 ->  Result  (cost=0.00..336190.00 rows=8120200 width=14)
                                                                                       One-Time Filter: PartSelected
                                                                                       ->  Append-only Columnar Scan on store_sales_1_prt_21 store_sales_1_prt_21_2  (cost=0.00..336190.00 rows=8120200 width=14)
                                                                                 ->  Result  (cost=0.00..474334.00 rows=11457100 width=14)
                                                                                       One-Time Filter: PartSelected
                                                                                       ->  Append-only Columnar Scan on store_sales_1_prt_22 store_sales_1_prt_22_2  (cost=0.00..474334.00 rows=11457100 width=14)
                                                                                 ->  Result  (cost=0.00..766084.00 rows=18504234 width=14)
                                                                                       One-Time Filter: PartSelected
                                                                                       ->  Append-only Columnar Scan on store_sales_1_prt_23 store_sales_1_prt_23_2  (cost=0.00..766084.00 rows=18504234 width=14)
                                                                                 ->  Result  (cost=0.00..765781.00 rows=18496900 width=14)
                                                                                       One-Time Filter: PartSelected
                                                                                       ->  Append-only Columnar Scan on store_sales_1_prt_24 store_sales_1_prt_24_2  (cost=0.00..765781.00 rows=18496900 width=14)
                                                                                 ->  Result  (cost=0.00..779443.00 rows=18826834 width=14)
                                                                                       One-Time Filter: PartSelected
                                                                                       ->  Append-only Columnar Scan on store_sales_1_prt_25 store_sales_1_prt_25_2  (cost=0.00..779443.00 rows=18826834 width=14)
                                                                                 ->  Result  (cost=0.00..1160832.00 rows=28039467 width=14)
                                                                                       One-Time Filter: PartSelected
                                                                                       ->  Append-only Columnar Scan on store_sales_1_prt_26 store_sales_1_prt_26_2  (cost=0.00..1160832.00 rows=28039467 width=14)
                                                                                 ->  Result  (cost=0.00..1160090.00 rows=28021400 width=14)
                                                                                       One-Time Filter: PartSelected
                                                                                       ->  Append-only Columnar Scan on store_sales_1_prt_27 store_sales_1_prt_27_2  (cost=0.00..1160090.00 rows=28021400 width=14)
                                                                                 ->  Result  (cost=0.00..465893.00 rows=11253134 width=14)
                                                                                       One-Time Filter: PartSelected
                                                                                       ->  Append-only Columnar Scan on store_sales_1_prt_28 store_sales_1_prt_28_2  (cost=0.00..465893.00 rows=11253134 width=14)
                                                                                 ->  Result  (cost=0.00..335914.00 rows=8113600 width=14)
                                                                                       One-Time Filter: PartSelected
                                                                                       ->  Append-only Columnar Scan on store_sales_1_prt_29 store_sales_1_prt_29_2  (cost=0.00..335914.00 rows=8113600 width=14)
                                                                                 ->  Result  (cost=0.00..336186.00 rows=8120167 width=14)
                                                                                       One-Time Filter: PartSelected
                                                                                       ->  Append-only Columnar Scan on store_sales_1_prt_30 store_sales_1_prt_30_2  (cost=0.00..336186.00 rows=8120167 width=14)
                                                                                 ->  Result  (cost=0.00..336014.00 rows=8115934 width=14)
                                                                                       One-Time Filter: PartSelected
                                                                                       ->  Append-only Columnar Scan on store_sales_1_prt_31 store_sales_1_prt_31_2  (cost=0.00..336014.00 rows=8115934 width=14)
                                                                                 ->  Result  (cost=0.00..335918.00 rows=8113667 width=14)
                                                                                       One-Time Filter: PartSelected
                                                                                       ->  Append-only Columnar Scan on store_sales_1_prt_32 store_sales_1_prt_32_2  (cost=0.00..335918.00 rows=8113667 width=14)
                                                                                 ->  Result  (cost=0.00..336069.00 rows=8117334 width=14)
                                                                                       One-Time Filter: PartSelected
                                                                                       ->  Append-only Columnar Scan on store_sales_1_prt_33 store_sales_1_prt_33_2  (cost=0.00..336069.00 rows=8117334 width=14)
                                                                                 ->  Result  (cost=0.00..335472.00 rows=8102900 width=14)
                                                                                       One-Time Filter: PartSelected
                                                                                       ->  Append-only Columnar Scan on store_sales_1_prt_34 store_sales_1_prt_34_2  (cost=0.00..335472.00 rows=8102900 width=14)
                                                                                 ->  Result  (cost=0.00..457985.00 rows=11062100 width=14)
                                                                                       One-Time Filter: PartSelected
                                                                                       ->  Append-only Columnar Scan on store_sales_1_prt_35 store_sales_1_prt_35_2  (cost=0.00..457985.00 rows=11062100 width=14)
                                                                                 ->  Result  (cost=0.00..764679.00 rows=18470400 width=14)
                                                                                       One-Time Filter: PartSelected
                                                                                       ->  Append-only Columnar Scan on store_sales_1_prt_36 store_sales_1_prt_36_2  (cost=0.00..764679.00 rows=18470400 width=14)
                                                                                 ->  Result  (cost=0.00..764030.00 rows=18454700 width=14)
                                                                                       One-Time Filter: PartSelected
                                                                                       ->  Append-only Columnar Scan on store_sales_1_prt_37 store_sales_1_prt_37_2  (cost=0.00..764030.00 rows=18454700 width=14)
                                                                                 ->  Result  (cost=0.00..764484.00 rows=18465634 width=14)
                                                                                       One-Time Filter: PartSelected
                                                                                       ->  Append-only Columnar Scan on store_sales_1_prt_38 store_sales_1_prt_38_2  (cost=0.00..764484.00 rows=18465634 width=14)
                                                                                 ->  Result  (cost=0.00..1158198.04 rows=27975568 width=14)
                                                                                       One-Time Filter: PartSelected
                                                                                       ->  Append-only Columnar Scan on store_sales_1_prt_39 store_sales_1_prt_39_2  (cost=0.00..1158198.04 rows=27975568 width=14)
                                                                                 ->  Result  (cost=0.00..1158199.04 rows=27975968 width=14)
                                                                                       One-Time Filter: PartSelected
                                                                                       ->  Append-only Columnar Scan on store_sales_1_prt_40 store_sales_1_prt_40_2  (cost=0.00..1158199.04 rows=27975968 width=14)
                                                                                 ->  Result  (cost=0.00..483138.00 rows=11669800 width=14)
                                                                                       One-Time Filter: PartSelected
                                                                                       ->  Append-only Columnar Scan on store_sales_1_prt_41 store_sales_1_prt_41_2  (cost=0.00..483138.00 rows=11669800 width=14)
                                                                                 ->  Result  (cost=0.00..336559.00 rows=8129100 width=14)
                                                                                       One-Time Filter: PartSelected
                                                                                       ->  Append-only Columnar Scan on store_sales_1_prt_42 store_sales_1_prt_42_2  (cost=0.00..336559.00 rows=8129100 width=14)
                                                                                 ->  Result  (cost=0.00..324602.00 rows=7840367 width=14)
                                                                                       One-Time Filter: PartSelected
                                                                                       ->  Append-only Columnar Scan on store_sales_1_prt_43 store_sales_1_prt_43_2  (cost=0.00..324602.00 rows=7840367 width=14)
                                                                                 ->  Result  (cost=0.00..336209.00 rows=8120567 width=14)
                                                                                       One-Time Filter: PartSelected
                                                                                       ->  Append-only Columnar Scan on store_sales_1_prt_44 store_sales_1_prt_44_2  (cost=0.00..336209.00 rows=8120567 width=14)
                                                                                 ->  Result  (cost=0.00..336313.00 rows=8123267 width=14)
                                                                                       One-Time Filter: PartSelected
                                                                                       ->  Append-only Columnar Scan on store_sales_1_prt_45 store_sales_1_prt_45_2  (cost=0.00..336313.00 rows=8123267 width=14)
                                                                                 ->  Result  (cost=0.00..336621.00 rows=8130734 width=14)
                                                                                       One-Time Filter: PartSelected
                                                                                       ->  Append-only Columnar Scan on store_sales_1_prt_46 store_sales_1_prt_46_2  (cost=0.00..336621.00 rows=8130734 width=14)
                                                                                 ->  Result  (cost=0.00..335906.00 rows=8113400 width=14)
                                                                                       One-Time Filter: PartSelected
                                                                                       ->  Append-only Columnar Scan on store_sales_1_prt_47 store_sales_1_prt_47_2  (cost=0.00..335906.00 rows=8113400 width=14)
                                                                                 ->  Result  (cost=0.00..428657.00 rows=10353800 width=14)
                                                                                       One-Time Filter: PartSelected
                                                                                       ->  Append-only Columnar Scan on store_sales_1_prt_48 store_sales_1_prt_48_2  (cost=0.00..428657.00 rows=10353800 width=14)
                                                                                 ->  Result  (cost=0.00..766560.00 rows=18515734 width=14)
                                                                                       One-Time Filter: PartSelected
                                                                                       ->  Append-only Columnar Scan on store_sales_1_prt_49 store_sales_1_prt_49_2  (cost=0.00..766560.00 rows=18515734 width=14)
                                                                                 ->  Result  (cost=0.00..766167.00 rows=18506234 width=14)
                                                                                       One-Time Filter: PartSelected
                                                                                       ->  Append-only Columnar Scan on store_sales_1_prt_50 store_sales_1_prt_50_2  (cost=0.00..766167.00 rows=18506234 width=14)
                                                                                 ->  Result  (cost=0.00..766196.00 rows=18506900 width=14)
                                                                                       One-Time Filter: PartSelected
                                                                                       ->  Append-only Columnar Scan on store_sales_1_prt_51 store_sales_1_prt_51_2  (cost=0.00..766196.00 rows=18506900 width=14)
                                                                                 ->  Result  (cost=0.00..1130938.00 rows=27317200 width=14)
                                                                                       One-Time Filter: PartSelected
                                                                                       ->  Append-only Columnar Scan on store_sales_1_prt_52 store_sales_1_prt_52_2  (cost=0.00..1130938.00 rows=27317200 width=14)
                                                                                 ->  Result  (cost=0.00..1160637.96 rows=28034566 width=14)
                                                                                       One-Time Filter: PartSelected
                                                                                       ->  Append-only Columnar Scan on store_sales_1_prt_53 store_sales_1_prt_53_2  (cost=0.00..1160637.96 rows=28034566 width=14)
                                                                                 ->  Result  (cost=0.00..555225.00 rows=13411000 width=14)
                                                                                       One-Time Filter: PartSelected
                                                                                       ->  Append-only Columnar Scan on store_sales_1_prt_54 store_sales_1_prt_54_2  (cost=0.00..555225.00 rows=13411000 width=14)
                                                                                 ->  Result  (cost=0.00..336782.00 rows=8134567 width=14)
                                                                                       One-Time Filter: PartSelected
                                                                                       ->  Append-only Columnar Scan on store_sales_1_prt_55 store_sales_1_prt_55_2  (cost=0.00..336782.00 rows=8134567 width=14)
                                                                                 ->  Result  (cost=0.00..324454.00 rows=7836734 width=14)
                                                                                       One-Time Filter: PartSelected
                                                                                       ->  Append-only Columnar Scan on store_sales_1_prt_56 store_sales_1_prt_56_2  (cost=0.00..324454.00 rows=7836734 width=14)
                                                                                 ->  Result  (cost=0.00..336546.00 rows=8128867 width=14)
                                                                                       One-Time Filter: PartSelected
                                                                                       ->  Append-only Columnar Scan on store_sales_1_prt_57 store_sales_1_prt_57_2  (cost=0.00..336546.00 rows=8128867 width=14)
                                                                                 ->  Result  (cost=0.00..336207.00 rows=8120667 width=14)
                                                                                       One-Time Filter: PartSelected
                                                                                       ->  Append-only Columnar Scan on store_sales_1_prt_58 store_sales_1_prt_58_2  (cost=0.00..336207.00 rows=8120667 width=14)
                                                                                 ->  Result  (cost=0.00..336578.00 rows=8129534 width=14)
                                                                                       One-Time Filter: PartSelected
                                                                                       ->  Append-only Columnar Scan on store_sales_1_prt_59 store_sales_1_prt_59_2  (cost=0.00..336578.00 rows=8129534 width=14)
                                                                                 ->  Result  (cost=0.00..336468.00 rows=8127067 width=14)
                                                                                       One-Time Filter: PartSelected
                                                                                       ->  Append-only Columnar Scan on store_sales_1_prt_60 store_sales_1_prt_60_2  (cost=0.00..336468.00 rows=8127067 width=14)
                                                                                 ->  Result  (cost=0.00..412992.00 rows=9975467 width=14)
                                                                                       One-Time Filter: PartSelected
                                                                                       ->  Append-only Columnar Scan on store_sales_1_prt_61 store_sales_1_prt_61_2  (cost=0.00..412992.00 rows=9975467 width=14)
                                                                                 ->  Result  (cost=0.00..765709.00 rows=18495234 width=14)
                                                                                       One-Time Filter: PartSelected
                                                                                       ->  Append-only Columnar Scan on store_sales_1_prt_62 store_sales_1_prt_62_2  (cost=0.00..765709.00 rows=18495234 width=14)
                                                                                 ->  Result  (cost=0.00..766176.00 rows=18506500 width=14)
                                                                                       One-Time Filter: PartSelected
                                                                                       ->  Append-only Columnar Scan on store_sales_1_prt_63 store_sales_1_prt_63_2  (cost=0.00..766176.00 rows=18506500 width=14)
                                                                                 ->  Result  (cost=0.00..766142.00 rows=18505834 width=14)
                                                                                       One-Time Filter: PartSelected
                                                                                       ->  Append-only Columnar Scan on store_sales_1_prt_64 store_sales_1_prt_64_2  (cost=0.00..766142.00 rows=18505834 width=14)
                                                                                 ->  Result  (cost=0.00..1117566.96 rows=26994166 width=14)
                                                                                       One-Time Filter: PartSelected
                                                                                       ->  Append-only Columnar Scan on store_sales_1_prt_65 store_sales_1_prt_65_2  (cost=0.00..1117566.96 rows=26994166 width=14)
                                                                                 ->  Result  (cost=0.00..1159645.96 rows=28010566 width=14)
                                                                                       One-Time Filter: PartSelected
                                                                                       ->  Append-only Columnar Scan on store_sales_1_prt_66 store_sales_1_prt_66_2  (cost=0.00..1159645.96 rows=28010566 width=14)
                                                                                 ->  Result  (cost=0.00..331321.00 rows=8002500 width=14)
                                                                                       One-Time Filter: PartSelected
                                                                                       ->  Append-only Columnar Scan on store_sales_1_prt_67 store_sales_1_prt_67_2  (cost=0.00..331321.00 rows=8002500 width=14)
                                                                                 ->  Result  (cost=0.00..1.00 rows=1 width=22)
                                                                                       One-Time Filter: PartSelected
                                                                                       ->  Append-only Columnar Scan on store_sales_1_prt_68 store_sales_1_prt_68_2  (cost=0.00..1.00 rows=1 width=22)
                                                                                 ->  Result  (cost=0.00..1.00 rows=1 width=22)
                                                                                       One-Time Filter: PartSelected
                                                                                       ->  Append-only Columnar Scan on store_sales_1_prt_69 store_sales_1_prt_69_2  (cost=0.00..1.00 rows=1 width=22)
                                                                                 ->  Result  (cost=0.00..1.00 rows=1 width=22)
                                                                                       One-Time Filter: PartSelected
                                                                                       ->  Append-only Columnar Scan on store_sales_1_prt_70 store_sales_1_prt_70_2  (cost=0.00..1.00 rows=1 width=22)
                                                                                 ->  Result  (cost=0.00..1.00 rows=1 width=22)
                                                                                       One-Time Filter: PartSelected
                                                                                       ->  Append-only Columnar Scan on store_sales_1_prt_71 store_sales_1_prt_71_2  (cost=0.00..1.00 rows=1 width=22)
                                                                                 ->  Result  (cost=0.00..1.00 rows=1 width=22)
                                                                                       One-Time Filter: PartSelected
                                                                                       ->  Append-only Columnar Scan on store_sales_1_prt_72 store_sales_1_prt_72_2  (cost=0.00..1.00 rows=1 width=22)
                                                                                 ->  Result  (cost=0.00..1.00 rows=1 width=22)
                                                                                       One-Time Filter: PartSelected
                                                                                       ->  Append-only Columnar Scan on store_sales_1_prt_73 store_sales_1_prt_73_2  (cost=0.00..1.00 rows=1 width=22)
                                                                                 ->  Result  (cost=0.00..1.00 rows=1 width=22)
                                                                                       One-Time Filter: PartSelected
                                                                                       ->  Append-only Columnar Scan on store_sales_1_prt_74 store_sales_1_prt_74_2  (cost=0.00..1.00 rows=1 width=22)
                                                                                 ->  Result  (cost=0.00..1.00 rows=1 width=22)
                                                                                       One-Time Filter: PartSelected
                                                                                       ->  Append-only Columnar Scan on store_sales_1_prt_75 store_sales_1_prt_75_2  (cost=0.00..1.00 rows=1 width=22)
                                                                                 ->  Result  (cost=0.00..1.00 rows=1 width=22)
                                                                                       One-Time Filter: PartSelected
                                                                                       ->  Append-only Columnar Scan on store_sales_1_prt_76 store_sales_1_prt_76_2  (cost=0.00..1.00 rows=1 width=22)
                                                                                 ->  Result  (cost=0.00..1.00 rows=1 width=22)
                                                                                       One-Time Filter: PartSelected
                                                                                       ->  Append-only Columnar Scan on store_sales_1_prt_77 store_sales_1_prt_77_2  (cost=0.00..1.00 rows=1 width=22)
                                                                                 ->  Result  (cost=0.00..1.00 rows=1 width=22)
                                                                                       One-Time Filter: PartSelected
                                                                                       ->  Append-only Columnar Scan on store_sales_1_prt_78 store_sales_1_prt_78_2  (cost=0.00..1.00 rows=1 width=22)
                                                                                 ->  Result  (cost=0.00..1.00 rows=1 width=22)
                                                                                       One-Time Filter: PartSelected
                                                                                       ->  Append-only Columnar Scan on store_sales_1_prt_79 store_sales_1_prt_79_2  (cost=0.00..1.00 rows=1 width=22)
                                                                                 ->  Result  (cost=0.00..1.00 rows=1 width=22)
                                                                                       One-Time Filter: PartSelected
                                                                                       ->  Append-only Columnar Scan on store_sales_1_prt_80 store_sales_1_prt_80_2  (cost=0.00..1.00 rows=1 width=22)
                                                                           ->  Hash  (cost=1459.07..1459.07 rows=184 width=12)
                                                                                 ->  Partition Selector for store_sales (dynamic scan id: 1)  (cost=0.00..1459.07 rows=184 width=12)
                                                                                       Filter: date_dim_5.d_date_sk
                                                                                       ->  Broadcast Motion 3:3  (slice17; segments: 3)  (cost=0.00..1459.07 rows=184 width=12)
                                                                                             ->  Seq Scan on date_dim date_dim_5  (cost=0.00..1451.73 rows=62 width=12)
                                                                                                   Filter: ((d_year = 2000) AND (d_qoy = 3))
                                                               ->  Hash  (cost=85890.90..85890.90 rows=2000530 width=18)
                                                                     ->  Seq Scan on customer_address customer_address_5  (cost=0.00..85890.90 rows=2000530 width=18)
 Planning time: 58.148 ms
 Optimizer: legacy query optimizer
(1596 rows)

-- end query 1 in stream 0 using template query31.tpl
