-- start query 1 in stream 0 using template query32.tpl
explain
select  sum(cs_ext_discount_amt)  as "excess discount amount" 
from 
   catalog_sales 
   ,item 
   ,date_dim
where
i_manufact_id = 269
and i_item_sk = cs_item_sk 
and d_date between '1998-03-18' and 
        (cast('1998-03-18' as date) + 90 )
and d_date_sk = cs_sold_date_sk 
and cs_ext_discount_amt  
     > ( 
         select 
            1.3 * avg(cs_ext_discount_amt) 
         from 
            catalog_sales 
           ,date_dim
         where 
              cs_item_sk = i_item_sk 
          and d_date between '1998-03-18' and
                             (cast('1998-03-18' as date) + 90 )
          and d_date_sk = cs_sold_date_sk 
      ) 
limit 100;
                                                                                                                 QUERY PLAN                                                                                                                  
---------------------------------------------------------------------------------------------------------------------------------------------------------------------------------------------------------------------------------------------
 Limit  (cost=60303567.97..60303567.98 rows=1 width=32)
   ->  Aggregate  (cost=60303567.97..60303567.98 rows=1 width=32)
         ->  Gather Motion 3:1  (slice5; segments: 3)  (cost=60303567.90..60303567.95 rows=1 width=32)
               ->  Aggregate  (cost=60303567.90..60303567.91 rows=1 width=32)
                     ->  Hash Join  (cost=31538380.81..60303567.23 rows=90 width=6)
                           Hash Cond: (catalog_sales_1_prt_outliers.cs_sold_date_sk = date_dim.d_date_sk)
                           ->  Hash Join  (cost=31536921.77..60300806.74 rows=69268 width=10)
                                 Hash Cond: (catalog_sales_1_prt_outliers.cs_item_sk = item.i_item_sk)
                                 Join Filter: (catalog_sales_1_prt_outliers.cs_ext_discount_amt > "Expr_SUBQUERY".csq_c1)
                                 ->  Append  (cost=0.00..22485412.30 rows=479993481 width=14)
                                       ->  Result  (cost=0.00..95971.30 rows=2401110 width=14)
                                             One-Time Filter: PartSelected
                                             ->  Append-only Columnar Scan on catalog_sales_1_prt_outliers  (cost=0.00..95971.30 rows=2401110 width=14)
                                       ->  Result  (cost=0.00..198531.00 rows=4234734 width=14)
                                             One-Time Filter: PartSelected
                                             ->  Append-only Columnar Scan on catalog_sales_1_prt_2  (cost=0.00..198531.00 rows=4234734 width=14)
                                       ->  Result  (cost=0.00..198470.00 rows=4233434 width=14)
                                             One-Time Filter: PartSelected
                                             ->  Append-only Columnar Scan on catalog_sales_1_prt_3  (cost=0.00..198470.00 rows=4233434 width=14)
                                       ->  Result  (cost=0.00..191463.00 rows=4083934 width=14)
                                             One-Time Filter: PartSelected
                                             ->  Append-only Columnar Scan on catalog_sales_1_prt_4  (cost=0.00..191463.00 rows=4083934 width=14)
                                       ->  Result  (cost=0.00..198330.00 rows=4230434 width=14)
                                             One-Time Filter: PartSelected
                                             ->  Append-only Columnar Scan on catalog_sales_1_prt_5  (cost=0.00..198330.00 rows=4230434 width=14)
                                       ->  Result  (cost=0.00..198496.00 rows=4233967 width=14)
                                             One-Time Filter: PartSelected
                                             ->  Append-only Columnar Scan on catalog_sales_1_prt_6  (cost=0.00..198496.00 rows=4233967 width=14)
                                       ->  Result  (cost=0.00..198494.00 rows=4233967 width=14)
                                             One-Time Filter: PartSelected
                                             ->  Append-only Columnar Scan on catalog_sales_1_prt_7  (cost=0.00..198494.00 rows=4233967 width=14)
                                       ->  Result  (cost=0.00..198576.00 rows=4235667 width=14)
                                             One-Time Filter: PartSelected
                                             ->  Append-only Columnar Scan on catalog_sales_1_prt_8  (cost=0.00..198576.00 rows=4235667 width=14)
                                       ->  Result  (cost=0.00..297942.00 rows=6355400 width=14)
                                             One-Time Filter: PartSelected
                                             ->  Append-only Columnar Scan on catalog_sales_1_prt_9  (cost=0.00..297942.00 rows=6355400 width=14)
                                       ->  Result  (cost=0.00..451674.00 rows=9634834 width=14)
                                             One-Time Filter: PartSelected
                                             ->  Append-only Columnar Scan on catalog_sales_1_prt_10  (cost=0.00..451674.00 rows=9634834 width=14)
                                       ->  Result  (cost=0.00..451572.00 rows=9632700 width=14)
                                             One-Time Filter: PartSelected
                                             ->  Append-only Columnar Scan on catalog_sales_1_prt_11  (cost=0.00..451572.00 rows=9632700 width=14)
                                       ->  Result  (cost=0.00..476631.00 rows=10167234 width=14)
                                             One-Time Filter: PartSelected
                                             ->  Append-only Columnar Scan on catalog_sales_1_prt_12  (cost=0.00..476631.00 rows=10167234 width=14)
                                       ->  Result  (cost=0.00..684375.00 rows=14598867 width=14)
                                             One-Time Filter: PartSelected
                                             ->  Append-only Columnar Scan on catalog_sales_1_prt_13  (cost=0.00..684375.00 rows=14598867 width=14)
                                       ->  Result  (cost=0.00..684389.00 rows=14599200 width=14)
                                             One-Time Filter: PartSelected
                                             ->  Append-only Columnar Scan on catalog_sales_1_prt_14  (cost=0.00..684389.00 rows=14599200 width=14)
                                       ->  Result  (cost=0.00..215804.00 rows=4603234 width=14)
                                             One-Time Filter: PartSelected
                                             ->  Append-only Columnar Scan on catalog_sales_1_prt_15  (cost=0.00..215804.00 rows=4603234 width=14)
                                       ->  Result  (cost=0.00..198278.00 rows=4229400 width=14)
                                             One-Time Filter: PartSelected
                                             ->  Append-only Columnar Scan on catalog_sales_1_prt_16  (cost=0.00..198278.00 rows=4229400 width=14)
                                       ->  Result  (cost=0.00..191360.00 rows=4081734 width=14)
                                             One-Time Filter: PartSelected
                                             ->  Append-only Columnar Scan on catalog_sales_1_prt_17  (cost=0.00..191360.00 rows=4081734 width=14)
                                       ->  Result  (cost=0.00..198408.00 rows=4232134 width=14)
                                             One-Time Filter: PartSelected
                                             ->  Append-only Columnar Scan on catalog_sales_1_prt_18  (cost=0.00..198408.00 rows=4232134 width=14)
                                       ->  Result  (cost=0.00..198462.00 rows=4233300 width=14)
                                             One-Time Filter: PartSelected
                                             ->  Append-only Columnar Scan on catalog_sales_1_prt_19  (cost=0.00..198462.00 rows=4233300 width=14)
                                       ->  Result  (cost=0.00..198463.00 rows=4233267 width=14)
                                             One-Time Filter: PartSelected
                                             ->  Append-only Columnar Scan on catalog_sales_1_prt_20  (cost=0.00..198463.00 rows=4233267 width=14)
                                       ->  Result  (cost=0.00..198544.00 rows=4235034 width=14)
                                             One-Time Filter: PartSelected
                                             ->  Append-only Columnar Scan on catalog_sales_1_prt_21  (cost=0.00..198544.00 rows=4235034 width=14)
                                       ->  Result  (cost=0.00..288857.00 rows=6161600 width=14)
                                             One-Time Filter: PartSelected
                                             ->  Append-only Columnar Scan on catalog_sales_1_prt_22  (cost=0.00..288857.00 rows=6161600 width=14)
                                       ->  Result  (cost=0.00..451775.00 rows=9637067 width=14)
                                             One-Time Filter: PartSelected
                                             ->  Append-only Columnar Scan on catalog_sales_1_prt_23  (cost=0.00..451775.00 rows=9637067 width=14)
                                       ->  Result  (cost=0.00..451807.00 rows=9637734 width=14)
                                             One-Time Filter: PartSelected
                                             ->  Append-only Columnar Scan on catalog_sales_1_prt_24  (cost=0.00..451807.00 rows=9637734 width=14)
                                       ->  Result  (cost=0.00..468431.00 rows=9992300 width=14)
                                             One-Time Filter: PartSelected
                                             ->  Append-only Columnar Scan on catalog_sales_1_prt_25  (cost=0.00..468431.00 rows=9992300 width=14)
                                       ->  Result  (cost=0.00..684511.00 rows=14601800 width=14)
                                             One-Time Filter: PartSelected
                                             ->  Append-only Columnar Scan on catalog_sales_1_prt_26  (cost=0.00..684511.00 rows=14601800 width=14)
                                       ->  Result  (cost=0.00..684485.00 rows=14601267 width=14)
                                             One-Time Filter: PartSelected
                                             ->  Append-only Columnar Scan on catalog_sales_1_prt_27  (cost=0.00..684485.00 rows=14601267 width=14)
                                       ->  Result  (cost=0.00..232955.00 rows=4969100 width=14)
                                             One-Time Filter: PartSelected
                                             ->  Append-only Columnar Scan on catalog_sales_1_prt_28  (cost=0.00..232955.00 rows=4969100 width=14)
                                       ->  Result  (cost=0.00..198182.00 rows=4227400 width=14)
                                             One-Time Filter: PartSelected
                                             ->  Append-only Columnar Scan on catalog_sales_1_prt_29  (cost=0.00..198182.00 rows=4227400 width=14)
                                       ->  Result  (cost=0.00..198180.00 rows=4227300 width=14)
                                             One-Time Filter: PartSelected
                                             ->  Append-only Columnar Scan on catalog_sales_1_prt_30  (cost=0.00..198180.00 rows=4227300 width=14)
                                       ->  Result  (cost=0.00..198236.00 rows=4228467 width=14)
                                             One-Time Filter: PartSelected
                                             ->  Append-only Columnar Scan on catalog_sales_1_prt_31  (cost=0.00..198236.00 rows=4228467 width=14)
                                       ->  Result  (cost=0.00..198161.00 rows=4226867 width=14)
                                             One-Time Filter: PartSelected
                                             ->  Append-only Columnar Scan on catalog_sales_1_prt_32  (cost=0.00..198161.00 rows=4226867 width=14)
                                       ->  Result  (cost=0.00..198143.00 rows=4226467 width=14)
                                             One-Time Filter: PartSelected
                                             ->  Append-only Columnar Scan on catalog_sales_1_prt_33  (cost=0.00..198143.00 rows=4226467 width=14)
                                       ->  Result  (cost=0.00..198217.00 rows=4228000 width=14)
                                             One-Time Filter: PartSelected
                                             ->  Append-only Columnar Scan on catalog_sales_1_prt_34  (cost=0.00..198217.00 rows=4228000 width=14)
                                       ->  Result  (cost=0.00..279401.00 rows=5959900 width=14)
                                             One-Time Filter: PartSelected
                                             ->  Append-only Columnar Scan on catalog_sales_1_prt_35  (cost=0.00..279401.00 rows=5959900 width=14)
                                       ->  Result  (cost=0.00..451102.00 rows=9622600 width=14)
                                             One-Time Filter: PartSelected
                                             ->  Append-only Columnar Scan on catalog_sales_1_prt_36  (cost=0.00..451102.00 rows=9622600 width=14)
                                       ->  Result  (cost=0.00..451004.00 rows=9620567 width=14)
                                             One-Time Filter: PartSelected
                                             ->  Append-only Columnar Scan on catalog_sales_1_prt_37  (cost=0.00..451004.00 rows=9620567 width=14)
                                       ->  Result  (cost=0.00..459207.00 rows=9795567 width=14)
                                             One-Time Filter: PartSelected
                                             ->  Append-only Columnar Scan on catalog_sales_1_prt_38  (cost=0.00..459207.00 rows=9795567 width=14)
                                       ->  Result  (cost=0.00..683201.00 rows=14573867 width=14)
                                             One-Time Filter: PartSelected
                                             ->  Append-only Columnar Scan on catalog_sales_1_prt_39  (cost=0.00..683201.00 rows=14573867 width=14)
                                       ->  Result  (cost=0.00..683288.00 rows=14575634 width=14)
                                             One-Time Filter: PartSelected
                                             ->  Append-only Columnar Scan on catalog_sales_1_prt_40  (cost=0.00..683288.00 rows=14575634 width=14)
                                       ->  Result  (cost=0.00..267716.00 rows=5710600 width=14)
                                             One-Time Filter: PartSelected
                                             ->  Append-only Columnar Scan on catalog_sales_1_prt_41  (cost=0.00..267716.00 rows=5710600 width=14)
                                       ->  Result  (cost=0.00..198348.00 rows=4230867 width=14)
                                             One-Time Filter: PartSelected
                                             ->  Append-only Columnar Scan on catalog_sales_1_prt_42  (cost=0.00..198348.00 rows=4230867 width=14)
                                       ->  Result  (cost=0.00..191374.00 rows=4082034 width=14)
                                             One-Time Filter: PartSelected
                                             ->  Append-only Columnar Scan on catalog_sales_1_prt_43  (cost=0.00..191374.00 rows=4082034 width=14)
                                       ->  Result  (cost=0.00..198449.00 rows=4233067 width=14)
                                             One-Time Filter: PartSelected
                                             ->  Append-only Columnar Scan on catalog_sales_1_prt_44  (cost=0.00..198449.00 rows=4233067 width=14)
                                       ->  Result  (cost=0.00..198436.00 rows=4232667 width=14)
                                             One-Time Filter: PartSelected
                                             ->  Append-only Columnar Scan on catalog_sales_1_prt_45  (cost=0.00..198436.00 rows=4232667 width=14)
                                       ->  Result  (cost=0.00..198484.00 rows=4233767 width=14)
                                             One-Time Filter: PartSelected
                                             ->  Append-only Columnar Scan on catalog_sales_1_prt_46  (cost=0.00..198484.00 rows=4233767 width=14)
                                       ->  Result  (cost=0.00..198486.00 rows=4233767 width=14)
                                             One-Time Filter: PartSelected
                                             ->  Append-only Columnar Scan on catalog_sales_1_prt_47  (cost=0.00..198486.00 rows=4233767 width=14)
                                       ->  Result  (cost=0.00..261759.00 rows=5583500 width=14)
                                             One-Time Filter: PartSelected
                                             ->  Append-only Columnar Scan on catalog_sales_1_prt_48  (cost=0.00..261759.00 rows=5583500 width=14)
                                       ->  Result  (cost=0.00..451867.00 rows=9638934 width=14)
                                             One-Time Filter: PartSelected
                                             ->  Append-only Columnar Scan on catalog_sales_1_prt_49  (cost=0.00..451867.00 rows=9638934 width=14)
                                       ->  Result  (cost=0.00..451711.00 rows=9635634 width=14)
                                             One-Time Filter: PartSelected
                                             ->  Append-only Columnar Scan on catalog_sales_1_prt_50  (cost=0.00..451711.00 rows=9635634 width=14)
                                       ->  Result  (cost=0.00..451715.00 rows=9635700 width=14)
                                             One-Time Filter: PartSelected
                                             ->  Append-only Columnar Scan on catalog_sales_1_prt_51  (cost=0.00..451715.00 rows=9635700 width=14)
                                       ->  Result  (cost=0.00..676048.00 rows=14421300 width=14)
                                             One-Time Filter: PartSelected
                                             ->  Append-only Columnar Scan on catalog_sales_1_prt_52  (cost=0.00..676048.00 rows=14421300 width=14)
                                       ->  Result  (cost=0.00..684330.00 rows=14597934 width=14)
                                             One-Time Filter: PartSelected
                                             ->  Append-only Columnar Scan on catalog_sales_1_prt_53  (cost=0.00..684330.00 rows=14597934 width=14)
                                       ->  Result  (cost=0.00..285353.00 rows=6086800 width=14)
                                             One-Time Filter: PartSelected
                                             ->  Append-only Columnar Scan on catalog_sales_1_prt_54  (cost=0.00..285353.00 rows=6086800 width=14)
                                       ->  Result  (cost=0.00..198500.00 rows=4234067 width=14)
                                             One-Time Filter: PartSelected
                                             ->  Append-only Columnar Scan on catalog_sales_1_prt_55  (cost=0.00..198500.00 rows=4234067 width=14)
                                       ->  Result  (cost=0.00..191327.00 rows=4081100 width=14)
                                             One-Time Filter: PartSelected
                                             ->  Append-only Columnar Scan on catalog_sales_1_prt_56  (cost=0.00..191327.00 rows=4081100 width=14)
                                       ->  Result  (cost=0.00..198470.00 rows=4233434 width=14)
                                             One-Time Filter: PartSelected
                                             ->  Append-only Columnar Scan on catalog_sales_1_prt_57  (cost=0.00..198470.00 rows=4233434 width=14)
                                       ->  Result  (cost=0.00..198434.00 rows=4232667 width=14)
                                             One-Time Filter: PartSelected
                                             ->  Append-only Columnar Scan on catalog_sales_1_prt_58  (cost=0.00..198434.00 rows=4232667 width=14)
                                       ->  Result  (cost=0.00..198457.00 rows=4233100 width=14)
                                             One-Time Filter: PartSelected
                                             ->  Append-only Columnar Scan on catalog_sales_1_prt_59  (cost=0.00..198457.00 rows=4233100 width=14)
                                       ->  Result  (cost=0.00..198420.00 rows=4232400 width=14)
                                             One-Time Filter: PartSelected
                                             ->  Append-only Columnar Scan on catalog_sales_1_prt_60  (cost=0.00..198420.00 rows=4232400 width=14)
                                       ->  Result  (cost=0.00..252732.00 rows=5390967 width=14)
                                             One-Time Filter: PartSelected
                                             ->  Append-only Columnar Scan on catalog_sales_1_prt_61  (cost=0.00..252732.00 rows=5390967 width=14)
                                       ->  Result  (cost=0.00..451735.00 rows=9636134 width=14)
                                             One-Time Filter: PartSelected
                                             ->  Append-only Columnar Scan on catalog_sales_1_prt_62  (cost=0.00..451735.00 rows=9636134 width=14)
                                       ->  Result  (cost=0.00..451761.00 rows=9636700 width=14)
                                             One-Time Filter: PartSelected
                                             ->  Append-only Columnar Scan on catalog_sales_1_prt_63  (cost=0.00..451761.00 rows=9636700 width=14)
                                       ->  Result  (cost=0.00..451680.00 rows=9634900 width=14)
                                             One-Time Filter: PartSelected
                                             ->  Append-only Columnar Scan on catalog_sales_1_prt_64  (cost=0.00..451680.00 rows=9634900 width=14)
                                       ->  Result  (cost=0.00..667727.00 rows=14243734 width=14)
                                             One-Time Filter: PartSelected
                                             ->  Append-only Columnar Scan on catalog_sales_1_prt_65  (cost=0.00..667727.00 rows=14243734 width=14)
                                       ->  Result  (cost=0.00..684173.00 rows=14594534 width=14)
                                             One-Time Filter: PartSelected
                                             ->  Append-only Columnar Scan on catalog_sales_1_prt_66  (cost=0.00..684173.00 rows=14594534 width=14)
                                       ->  Result  (cost=0.00..244531.00 rows=5216100 width=14)
                                             One-Time Filter: PartSelected
                                             ->  Append-only Columnar Scan on catalog_sales_1_prt_67  (cost=0.00..244531.00 rows=5216100 width=14)
                                       ->  Result  (cost=0.00..1.00 rows=1 width=22)
                                             One-Time Filter: PartSelected
                                             ->  Append-only Columnar Scan on catalog_sales_1_prt_68  (cost=0.00..1.00 rows=1 width=22)
                                       ->  Result  (cost=0.00..1.00 rows=1 width=22)
                                             One-Time Filter: PartSelected
                                             ->  Append-only Columnar Scan on catalog_sales_1_prt_69  (cost=0.00..1.00 rows=1 width=22)
                                       ->  Result  (cost=0.00..1.00 rows=1 width=22)
                                             One-Time Filter: PartSelected
                                             ->  Append-only Columnar Scan on catalog_sales_1_prt_70  (cost=0.00..1.00 rows=1 width=22)
                                       ->  Result  (cost=0.00..1.00 rows=1 width=22)
                                             One-Time Filter: PartSelected
                                             ->  Append-only Columnar Scan on catalog_sales_1_prt_71  (cost=0.00..1.00 rows=1 width=22)
                                       ->  Result  (cost=0.00..1.00 rows=1 width=22)
                                             One-Time Filter: PartSelected
                                             ->  Append-only Columnar Scan on catalog_sales_1_prt_72  (cost=0.00..1.00 rows=1 width=22)
                                       ->  Result  (cost=0.00..1.00 rows=1 width=22)
                                             One-Time Filter: PartSelected
                                             ->  Append-only Columnar Scan on catalog_sales_1_prt_73  (cost=0.00..1.00 rows=1 width=22)
                                       ->  Result  (cost=0.00..1.00 rows=1 width=22)
                                             One-Time Filter: PartSelected
                                             ->  Append-only Columnar Scan on catalog_sales_1_prt_74  (cost=0.00..1.00 rows=1 width=22)
                                       ->  Result  (cost=0.00..1.00 rows=1 width=22)
                                             One-Time Filter: PartSelected
                                             ->  Append-only Columnar Scan on catalog_sales_1_prt_75  (cost=0.00..1.00 rows=1 width=22)
                                       ->  Result  (cost=0.00..1.00 rows=1 width=22)
                                             One-Time Filter: PartSelected
                                             ->  Append-only Columnar Scan on catalog_sales_1_prt_76  (cost=0.00..1.00 rows=1 width=22)
                                       ->  Result  (cost=0.00..1.00 rows=1 width=22)
                                             One-Time Filter: PartSelected
                                             ->  Append-only Columnar Scan on catalog_sales_1_prt_77  (cost=0.00..1.00 rows=1 width=22)
                                       ->  Result  (cost=0.00..1.00 rows=1 width=22)
                                             One-Time Filter: PartSelected
                                             ->  Append-only Columnar Scan on catalog_sales_1_prt_78  (cost=0.00..1.00 rows=1 width=22)
                                       ->  Result  (cost=0.00..1.00 rows=1 width=22)
                                             One-Time Filter: PartSelected
                                             ->  Append-only Columnar Scan on catalog_sales_1_prt_79  (cost=0.00..1.00 rows=1 width=22)
                                       ->  Result  (cost=0.00..1.00 rows=1 width=22)
                                             One-Time Filter: PartSelected
                                             ->  Append-only Columnar Scan on catalog_sales_1_prt_80  (cost=0.00..1.00 rows=1 width=22)
                                 ->  Hash  (cost=31536916.92..31536916.92 rows=130 width=40)
                                       ->  Broadcast Motion 3:3  (slice3; segments: 3)  (cost=31525334.15..31536916.92 rows=130 width=40)
                                             ->  Hash Join  (cost=31525334.15..31536911.73 rows=44 width=40)
                                                   Hash Cond: (item.i_item_sk = "Expr_SUBQUERY".csq_c0)
                                                   ->  Seq Scan on item  (cost=0.00..6729.59 rows=88 width=4)
                                                         Filter: (i_manufact_id = 269)
                                                   ->  Hash  (cost=31523483.39..31523483.39 rows=49354 width=36)
                                                         ->  Subquery Scan on "Expr_SUBQUERY"  (cost=31519781.86..31523483.39 rows=49354 width=36)
                                                               ->  HashAggregate  (cost=31519781.86..31522002.78 rows=49354 width=36)
                                                                     Group Key: catalog_sales_1_prt_outliers_1.cs_item_sk
                                                                     ->  Redistribute Motion 3:3  (slice2; segments: 3)  (cost=31514599.73..31517560.95 rows=49354 width=36)
                                                                           Hash Key: catalog_sales_1_prt_outliers_1.cs_item_sk
                                                                           ->  HashAggregate  (cost=31514599.73..31514599.73 rows=49354 width=36)
                                                                                 Group Key: catalog_sales_1_prt_outliers_1.cs_item_sk
                                                                                 ->  Hash Join  (cost=1459.03..31505316.19 rows=618903 width=10)
                                                                                       Hash Cond: (catalog_sales_1_prt_outliers_1.cs_sold_date_sk = date_dim_1.d_date_sk)
                                                                                       ->  Append  (cost=0.00..22485412.30 rows=479993481 width=14)
                                                                                             ->  Result  (cost=0.00..95971.30 rows=2401110 width=14)
                                                                                                   One-Time Filter: PartSelected
                                                                                                   ->  Append-only Columnar Scan on catalog_sales_1_prt_outliers catalog_sales_1_prt_outliers_1  (cost=0.00..95971.30 rows=2401110 width=14)
                                                                                             ->  Result  (cost=0.00..198531.00 rows=4234734 width=14)
                                                                                                   One-Time Filter: PartSelected
                                                                                                   ->  Append-only Columnar Scan on catalog_sales_1_prt_2 catalog_sales_1_prt_2_1  (cost=0.00..198531.00 rows=4234734 width=14)
                                                                                             ->  Result  (cost=0.00..198470.00 rows=4233434 width=14)
                                                                                                   One-Time Filter: PartSelected
                                                                                                   ->  Append-only Columnar Scan on catalog_sales_1_prt_3 catalog_sales_1_prt_3_1  (cost=0.00..198470.00 rows=4233434 width=14)
                                                                                             ->  Result  (cost=0.00..191463.00 rows=4083934 width=14)
                                                                                                   One-Time Filter: PartSelected
                                                                                                   ->  Append-only Columnar Scan on catalog_sales_1_prt_4 catalog_sales_1_prt_4_1  (cost=0.00..191463.00 rows=4083934 width=14)
                                                                                             ->  Result  (cost=0.00..198330.00 rows=4230434 width=14)
                                                                                                   One-Time Filter: PartSelected
                                                                                                   ->  Append-only Columnar Scan on catalog_sales_1_prt_5 catalog_sales_1_prt_5_1  (cost=0.00..198330.00 rows=4230434 width=14)
                                                                                             ->  Result  (cost=0.00..198496.00 rows=4233967 width=14)
                                                                                                   One-Time Filter: PartSelected
                                                                                                   ->  Append-only Columnar Scan on catalog_sales_1_prt_6 catalog_sales_1_prt_6_1  (cost=0.00..198496.00 rows=4233967 width=14)
                                                                                             ->  Result  (cost=0.00..198494.00 rows=4233967 width=14)
                                                                                                   One-Time Filter: PartSelected
                                                                                                   ->  Append-only Columnar Scan on catalog_sales_1_prt_7 catalog_sales_1_prt_7_1  (cost=0.00..198494.00 rows=4233967 width=14)
                                                                                             ->  Result  (cost=0.00..198576.00 rows=4235667 width=14)
                                                                                                   One-Time Filter: PartSelected
                                                                                                   ->  Append-only Columnar Scan on catalog_sales_1_prt_8 catalog_sales_1_prt_8_1  (cost=0.00..198576.00 rows=4235667 width=14)
                                                                                             ->  Result  (cost=0.00..297942.00 rows=6355400 width=14)
                                                                                                   One-Time Filter: PartSelected
                                                                                                   ->  Append-only Columnar Scan on catalog_sales_1_prt_9 catalog_sales_1_prt_9_1  (cost=0.00..297942.00 rows=6355400 width=14)
                                                                                             ->  Result  (cost=0.00..451674.00 rows=9634834 width=14)
                                                                                                   One-Time Filter: PartSelected
                                                                                                   ->  Append-only Columnar Scan on catalog_sales_1_prt_10 catalog_sales_1_prt_10_1  (cost=0.00..451674.00 rows=9634834 width=14)
                                                                                             ->  Result  (cost=0.00..451572.00 rows=9632700 width=14)
                                                                                                   One-Time Filter: PartSelected
                                                                                                   ->  Append-only Columnar Scan on catalog_sales_1_prt_11 catalog_sales_1_prt_11_1  (cost=0.00..451572.00 rows=9632700 width=14)
                                                                                             ->  Result  (cost=0.00..476631.00 rows=10167234 width=14)
                                                                                                   One-Time Filter: PartSelected
                                                                                                   ->  Append-only Columnar Scan on catalog_sales_1_prt_12 catalog_sales_1_prt_12_1  (cost=0.00..476631.00 rows=10167234 width=14)
                                                                                             ->  Result  (cost=0.00..684375.00 rows=14598867 width=14)
                                                                                                   One-Time Filter: PartSelected
                                                                                                   ->  Append-only Columnar Scan on catalog_sales_1_prt_13 catalog_sales_1_prt_13_1  (cost=0.00..684375.00 rows=14598867 width=14)
                                                                                             ->  Result  (cost=0.00..684389.00 rows=14599200 width=14)
                                                                                                   One-Time Filter: PartSelected
                                                                                                   ->  Append-only Columnar Scan on catalog_sales_1_prt_14 catalog_sales_1_prt_14_1  (cost=0.00..684389.00 rows=14599200 width=14)
                                                                                             ->  Result  (cost=0.00..215804.00 rows=4603234 width=14)
                                                                                                   One-Time Filter: PartSelected
                                                                                                   ->  Append-only Columnar Scan on catalog_sales_1_prt_15 catalog_sales_1_prt_15_1  (cost=0.00..215804.00 rows=4603234 width=14)
                                                                                             ->  Result  (cost=0.00..198278.00 rows=4229400 width=14)
                                                                                                   One-Time Filter: PartSelected
                                                                                                   ->  Append-only Columnar Scan on catalog_sales_1_prt_16 catalog_sales_1_prt_16_1  (cost=0.00..198278.00 rows=4229400 width=14)
                                                                                             ->  Result  (cost=0.00..191360.00 rows=4081734 width=14)
                                                                                                   One-Time Filter: PartSelected
                                                                                                   ->  Append-only Columnar Scan on catalog_sales_1_prt_17 catalog_sales_1_prt_17_1  (cost=0.00..191360.00 rows=4081734 width=14)
                                                                                             ->  Result  (cost=0.00..198408.00 rows=4232134 width=14)
                                                                                                   One-Time Filter: PartSelected
                                                                                                   ->  Append-only Columnar Scan on catalog_sales_1_prt_18 catalog_sales_1_prt_18_1  (cost=0.00..198408.00 rows=4232134 width=14)
                                                                                             ->  Result  (cost=0.00..198462.00 rows=4233300 width=14)
                                                                                                   One-Time Filter: PartSelected
                                                                                                   ->  Append-only Columnar Scan on catalog_sales_1_prt_19 catalog_sales_1_prt_19_1  (cost=0.00..198462.00 rows=4233300 width=14)
                                                                                             ->  Result  (cost=0.00..198463.00 rows=4233267 width=14)
                                                                                                   One-Time Filter: PartSelected
                                                                                                   ->  Append-only Columnar Scan on catalog_sales_1_prt_20 catalog_sales_1_prt_20_1  (cost=0.00..198463.00 rows=4233267 width=14)
                                                                                             ->  Result  (cost=0.00..198544.00 rows=4235034 width=14)
                                                                                                   One-Time Filter: PartSelected
                                                                                                   ->  Append-only Columnar Scan on catalog_sales_1_prt_21 catalog_sales_1_prt_21_1  (cost=0.00..198544.00 rows=4235034 width=14)
                                                                                             ->  Result  (cost=0.00..288857.00 rows=6161600 width=14)
                                                                                                   One-Time Filter: PartSelected
                                                                                                   ->  Append-only Columnar Scan on catalog_sales_1_prt_22 catalog_sales_1_prt_22_1  (cost=0.00..288857.00 rows=6161600 width=14)
                                                                                             ->  Result  (cost=0.00..451775.00 rows=9637067 width=14)
                                                                                                   One-Time Filter: PartSelected
                                                                                                   ->  Append-only Columnar Scan on catalog_sales_1_prt_23 catalog_sales_1_prt_23_1  (cost=0.00..451775.00 rows=9637067 width=14)
                                                                                             ->  Result  (cost=0.00..451807.00 rows=9637734 width=14)
                                                                                                   One-Time Filter: PartSelected
                                                                                                   ->  Append-only Columnar Scan on catalog_sales_1_prt_24 catalog_sales_1_prt_24_1  (cost=0.00..451807.00 rows=9637734 width=14)
                                                                                             ->  Result  (cost=0.00..468431.00 rows=9992300 width=14)
                                                                                                   One-Time Filter: PartSelected
                                                                                                   ->  Append-only Columnar Scan on catalog_sales_1_prt_25 catalog_sales_1_prt_25_1  (cost=0.00..468431.00 rows=9992300 width=14)
                                                                                             ->  Result  (cost=0.00..684511.00 rows=14601800 width=14)
                                                                                                   One-Time Filter: PartSelected
                                                                                                   ->  Append-only Columnar Scan on catalog_sales_1_prt_26 catalog_sales_1_prt_26_1  (cost=0.00..684511.00 rows=14601800 width=14)
                                                                                             ->  Result  (cost=0.00..684485.00 rows=14601267 width=14)
                                                                                                   One-Time Filter: PartSelected
                                                                                                   ->  Append-only Columnar Scan on catalog_sales_1_prt_27 catalog_sales_1_prt_27_1  (cost=0.00..684485.00 rows=14601267 width=14)
                                                                                             ->  Result  (cost=0.00..232955.00 rows=4969100 width=14)
                                                                                                   One-Time Filter: PartSelected
                                                                                                   ->  Append-only Columnar Scan on catalog_sales_1_prt_28 catalog_sales_1_prt_28_1  (cost=0.00..232955.00 rows=4969100 width=14)
                                                                                             ->  Result  (cost=0.00..198182.00 rows=4227400 width=14)
                                                                                                   One-Time Filter: PartSelected
                                                                                                   ->  Append-only Columnar Scan on catalog_sales_1_prt_29 catalog_sales_1_prt_29_1  (cost=0.00..198182.00 rows=4227400 width=14)
                                                                                             ->  Result  (cost=0.00..198180.00 rows=4227300 width=14)
                                                                                                   One-Time Filter: PartSelected
                                                                                                   ->  Append-only Columnar Scan on catalog_sales_1_prt_30 catalog_sales_1_prt_30_1  (cost=0.00..198180.00 rows=4227300 width=14)
                                                                                             ->  Result  (cost=0.00..198236.00 rows=4228467 width=14)
                                                                                                   One-Time Filter: PartSelected
                                                                                                   ->  Append-only Columnar Scan on catalog_sales_1_prt_31 catalog_sales_1_prt_31_1  (cost=0.00..198236.00 rows=4228467 width=14)
                                                                                             ->  Result  (cost=0.00..198161.00 rows=4226867 width=14)
                                                                                                   One-Time Filter: PartSelected
                                                                                                   ->  Append-only Columnar Scan on catalog_sales_1_prt_32 catalog_sales_1_prt_32_1  (cost=0.00..198161.00 rows=4226867 width=14)
                                                                                             ->  Result  (cost=0.00..198143.00 rows=4226467 width=14)
                                                                                                   One-Time Filter: PartSelected
                                                                                                   ->  Append-only Columnar Scan on catalog_sales_1_prt_33 catalog_sales_1_prt_33_1  (cost=0.00..198143.00 rows=4226467 width=14)
                                                                                             ->  Result  (cost=0.00..198217.00 rows=4228000 width=14)
                                                                                                   One-Time Filter: PartSelected
                                                                                                   ->  Append-only Columnar Scan on catalog_sales_1_prt_34 catalog_sales_1_prt_34_1  (cost=0.00..198217.00 rows=4228000 width=14)
                                                                                             ->  Result  (cost=0.00..279401.00 rows=5959900 width=14)
                                                                                                   One-Time Filter: PartSelected
                                                                                                   ->  Append-only Columnar Scan on catalog_sales_1_prt_35 catalog_sales_1_prt_35_1  (cost=0.00..279401.00 rows=5959900 width=14)
                                                                                             ->  Result  (cost=0.00..451102.00 rows=9622600 width=14)
                                                                                                   One-Time Filter: PartSelected
                                                                                                   ->  Append-only Columnar Scan on catalog_sales_1_prt_36 catalog_sales_1_prt_36_1  (cost=0.00..451102.00 rows=9622600 width=14)
                                                                                             ->  Result  (cost=0.00..451004.00 rows=9620567 width=14)
                                                                                                   One-Time Filter: PartSelected
                                                                                                   ->  Append-only Columnar Scan on catalog_sales_1_prt_37 catalog_sales_1_prt_37_1  (cost=0.00..451004.00 rows=9620567 width=14)
                                                                                             ->  Result  (cost=0.00..459207.00 rows=9795567 width=14)
                                                                                                   One-Time Filter: PartSelected
                                                                                                   ->  Append-only Columnar Scan on catalog_sales_1_prt_38 catalog_sales_1_prt_38_1  (cost=0.00..459207.00 rows=9795567 width=14)
                                                                                             ->  Result  (cost=0.00..683201.00 rows=14573867 width=14)
                                                                                                   One-Time Filter: PartSelected
                                                                                                   ->  Append-only Columnar Scan on catalog_sales_1_prt_39 catalog_sales_1_prt_39_1  (cost=0.00..683201.00 rows=14573867 width=14)
                                                                                             ->  Result  (cost=0.00..683288.00 rows=14575634 width=14)
                                                                                                   One-Time Filter: PartSelected
                                                                                                   ->  Append-only Columnar Scan on catalog_sales_1_prt_40 catalog_sales_1_prt_40_1  (cost=0.00..683288.00 rows=14575634 width=14)
                                                                                             ->  Result  (cost=0.00..267716.00 rows=5710600 width=14)
                                                                                                   One-Time Filter: PartSelected
                                                                                                   ->  Append-only Columnar Scan on catalog_sales_1_prt_41 catalog_sales_1_prt_41_1  (cost=0.00..267716.00 rows=5710600 width=14)
                                                                                             ->  Result  (cost=0.00..198348.00 rows=4230867 width=14)
                                                                                                   One-Time Filter: PartSelected
                                                                                                   ->  Append-only Columnar Scan on catalog_sales_1_prt_42 catalog_sales_1_prt_42_1  (cost=0.00..198348.00 rows=4230867 width=14)
                                                                                             ->  Result  (cost=0.00..191374.00 rows=4082034 width=14)
                                                                                                   One-Time Filter: PartSelected
                                                                                                   ->  Append-only Columnar Scan on catalog_sales_1_prt_43 catalog_sales_1_prt_43_1  (cost=0.00..191374.00 rows=4082034 width=14)
                                                                                             ->  Result  (cost=0.00..198449.00 rows=4233067 width=14)
                                                                                                   One-Time Filter: PartSelected
                                                                                                   ->  Append-only Columnar Scan on catalog_sales_1_prt_44 catalog_sales_1_prt_44_1  (cost=0.00..198449.00 rows=4233067 width=14)
                                                                                             ->  Result  (cost=0.00..198436.00 rows=4232667 width=14)
                                                                                                   One-Time Filter: PartSelected
                                                                                                   ->  Append-only Columnar Scan on catalog_sales_1_prt_45 catalog_sales_1_prt_45_1  (cost=0.00..198436.00 rows=4232667 width=14)
                                                                                             ->  Result  (cost=0.00..198484.00 rows=4233767 width=14)
                                                                                                   One-Time Filter: PartSelected
                                                                                                   ->  Append-only Columnar Scan on catalog_sales_1_prt_46 catalog_sales_1_prt_46_1  (cost=0.00..198484.00 rows=4233767 width=14)
                                                                                             ->  Result  (cost=0.00..198486.00 rows=4233767 width=14)
                                                                                                   One-Time Filter: PartSelected
                                                                                                   ->  Append-only Columnar Scan on catalog_sales_1_prt_47 catalog_sales_1_prt_47_1  (cost=0.00..198486.00 rows=4233767 width=14)
                                                                                             ->  Result  (cost=0.00..261759.00 rows=5583500 width=14)
                                                                                                   One-Time Filter: PartSelected
                                                                                                   ->  Append-only Columnar Scan on catalog_sales_1_prt_48 catalog_sales_1_prt_48_1  (cost=0.00..261759.00 rows=5583500 width=14)
                                                                                             ->  Result  (cost=0.00..451867.00 rows=9638934 width=14)
                                                                                                   One-Time Filter: PartSelected
                                                                                                   ->  Append-only Columnar Scan on catalog_sales_1_prt_49 catalog_sales_1_prt_49_1  (cost=0.00..451867.00 rows=9638934 width=14)
                                                                                             ->  Result  (cost=0.00..451711.00 rows=9635634 width=14)
                                                                                                   One-Time Filter: PartSelected
                                                                                                   ->  Append-only Columnar Scan on catalog_sales_1_prt_50 catalog_sales_1_prt_50_1  (cost=0.00..451711.00 rows=9635634 width=14)
                                                                                             ->  Result  (cost=0.00..451715.00 rows=9635700 width=14)
                                                                                                   One-Time Filter: PartSelected
                                                                                                   ->  Append-only Columnar Scan on catalog_sales_1_prt_51 catalog_sales_1_prt_51_1  (cost=0.00..451715.00 rows=9635700 width=14)
                                                                                             ->  Result  (cost=0.00..676048.00 rows=14421300 width=14)
                                                                                                   One-Time Filter: PartSelected
                                                                                                   ->  Append-only Columnar Scan on catalog_sales_1_prt_52 catalog_sales_1_prt_52_1  (cost=0.00..676048.00 rows=14421300 width=14)
                                                                                             ->  Result  (cost=0.00..684330.00 rows=14597934 width=14)
                                                                                                   One-Time Filter: PartSelected
                                                                                                   ->  Append-only Columnar Scan on catalog_sales_1_prt_53 catalog_sales_1_prt_53_1  (cost=0.00..684330.00 rows=14597934 width=14)
                                                                                             ->  Result  (cost=0.00..285353.00 rows=6086800 width=14)
                                                                                                   One-Time Filter: PartSelected
                                                                                                   ->  Append-only Columnar Scan on catalog_sales_1_prt_54 catalog_sales_1_prt_54_1  (cost=0.00..285353.00 rows=6086800 width=14)
                                                                                             ->  Result  (cost=0.00..198500.00 rows=4234067 width=14)
                                                                                                   One-Time Filter: PartSelected
                                                                                                   ->  Append-only Columnar Scan on catalog_sales_1_prt_55 catalog_sales_1_prt_55_1  (cost=0.00..198500.00 rows=4234067 width=14)
                                                                                             ->  Result  (cost=0.00..191327.00 rows=4081100 width=14)
                                                                                                   One-Time Filter: PartSelected
                                                                                                   ->  Append-only Columnar Scan on catalog_sales_1_prt_56 catalog_sales_1_prt_56_1  (cost=0.00..191327.00 rows=4081100 width=14)
                                                                                             ->  Result  (cost=0.00..198470.00 rows=4233434 width=14)
                                                                                                   One-Time Filter: PartSelected
                                                                                                   ->  Append-only Columnar Scan on catalog_sales_1_prt_57 catalog_sales_1_prt_57_1  (cost=0.00..198470.00 rows=4233434 width=14)
                                                                                             ->  Result  (cost=0.00..198434.00 rows=4232667 width=14)
                                                                                                   One-Time Filter: PartSelected
                                                                                                   ->  Append-only Columnar Scan on catalog_sales_1_prt_58 catalog_sales_1_prt_58_1  (cost=0.00..198434.00 rows=4232667 width=14)
                                                                                             ->  Result  (cost=0.00..198457.00 rows=4233100 width=14)
                                                                                                   One-Time Filter: PartSelected
                                                                                                   ->  Append-only Columnar Scan on catalog_sales_1_prt_59 catalog_sales_1_prt_59_1  (cost=0.00..198457.00 rows=4233100 width=14)
                                                                                             ->  Result  (cost=0.00..198420.00 rows=4232400 width=14)
                                                                                                   One-Time Filter: PartSelected
                                                                                                   ->  Append-only Columnar Scan on catalog_sales_1_prt_60 catalog_sales_1_prt_60_1  (cost=0.00..198420.00 rows=4232400 width=14)
                                                                                             ->  Result  (cost=0.00..252732.00 rows=5390967 width=14)
                                                                                                   One-Time Filter: PartSelected
                                                                                                   ->  Append-only Columnar Scan on catalog_sales_1_prt_61 catalog_sales_1_prt_61_1  (cost=0.00..252732.00 rows=5390967 width=14)
                                                                                             ->  Result  (cost=0.00..451735.00 rows=9636134 width=14)
                                                                                                   One-Time Filter: PartSelected
                                                                                                   ->  Append-only Columnar Scan on catalog_sales_1_prt_62 catalog_sales_1_prt_62_1  (cost=0.00..451735.00 rows=9636134 width=14)
                                                                                             ->  Result  (cost=0.00..451761.00 rows=9636700 width=14)
                                                                                                   One-Time Filter: PartSelected
                                                                                                   ->  Append-only Columnar Scan on catalog_sales_1_prt_63 catalog_sales_1_prt_63_1  (cost=0.00..451761.00 rows=9636700 width=14)
                                                                                             ->  Result  (cost=0.00..451680.00 rows=9634900 width=14)
                                                                                                   One-Time Filter: PartSelected
                                                                                                   ->  Append-only Columnar Scan on catalog_sales_1_prt_64 catalog_sales_1_prt_64_1  (cost=0.00..451680.00 rows=9634900 width=14)
                                                                                             ->  Result  (cost=0.00..667727.00 rows=14243734 width=14)
                                                                                                   One-Time Filter: PartSelected
                                                                                                   ->  Append-only Columnar Scan on catalog_sales_1_prt_65 catalog_sales_1_prt_65_1  (cost=0.00..667727.00 rows=14243734 width=14)
                                                                                             ->  Result  (cost=0.00..684173.00 rows=14594534 width=14)
                                                                                                   One-Time Filter: PartSelected
                                                                                                   ->  Append-only Columnar Scan on catalog_sales_1_prt_66 catalog_sales_1_prt_66_1  (cost=0.00..684173.00 rows=14594534 width=14)
                                                                                             ->  Result  (cost=0.00..244531.00 rows=5216100 width=14)
                                                                                                   One-Time Filter: PartSelected
                                                                                                   ->  Append-only Columnar Scan on catalog_sales_1_prt_67 catalog_sales_1_prt_67_1  (cost=0.00..244531.00 rows=5216100 width=14)
                                                                                             ->  Result  (cost=0.00..1.00 rows=1 width=22)
                                                                                                   One-Time Filter: PartSelected
                                                                                                   ->  Append-only Columnar Scan on catalog_sales_1_prt_68 catalog_sales_1_prt_68_1  (cost=0.00..1.00 rows=1 width=22)
                                                                                             ->  Result  (cost=0.00..1.00 rows=1 width=22)
                                                                                                   One-Time Filter: PartSelected
                                                                                                   ->  Append-only Columnar Scan on catalog_sales_1_prt_69 catalog_sales_1_prt_69_1  (cost=0.00..1.00 rows=1 width=22)
                                                                                             ->  Result  (cost=0.00..1.00 rows=1 width=22)
                                                                                                   One-Time Filter: PartSelected
                                                                                                   ->  Append-only Columnar Scan on catalog_sales_1_prt_70 catalog_sales_1_prt_70_1  (cost=0.00..1.00 rows=1 width=22)
                                                                                             ->  Result  (cost=0.00..1.00 rows=1 width=22)
                                                                                                   One-Time Filter: PartSelected
                                                                                                   ->  Append-only Columnar Scan on catalog_sales_1_prt_71 catalog_sales_1_prt_71_1  (cost=0.00..1.00 rows=1 width=22)
                                                                                             ->  Result  (cost=0.00..1.00 rows=1 width=22)
                                                                                                   One-Time Filter: PartSelected
                                                                                                   ->  Append-only Columnar Scan on catalog_sales_1_prt_72 catalog_sales_1_prt_72_1  (cost=0.00..1.00 rows=1 width=22)
                                                                                             ->  Result  (cost=0.00..1.00 rows=1 width=22)
                                                                                                   One-Time Filter: PartSelected
                                                                                                   ->  Append-only Columnar Scan on catalog_sales_1_prt_73 catalog_sales_1_prt_73_1  (cost=0.00..1.00 rows=1 width=22)
                                                                                             ->  Result  (cost=0.00..1.00 rows=1 width=22)
                                                                                                   One-Time Filter: PartSelected
                                                                                                   ->  Append-only Columnar Scan on catalog_sales_1_prt_74 catalog_sales_1_prt_74_1  (cost=0.00..1.00 rows=1 width=22)
                                                                                             ->  Result  (cost=0.00..1.00 rows=1 width=22)
                                                                                                   One-Time Filter: PartSelected
                                                                                                   ->  Append-only Columnar Scan on catalog_sales_1_prt_75 catalog_sales_1_prt_75_1  (cost=0.00..1.00 rows=1 width=22)
                                                                                             ->  Result  (cost=0.00..1.00 rows=1 width=22)
                                                                                                   One-Time Filter: PartSelected
                                                                                                   ->  Append-only Columnar Scan on catalog_sales_1_prt_76 catalog_sales_1_prt_76_1  (cost=0.00..1.00 rows=1 width=22)
                                                                                             ->  Result  (cost=0.00..1.00 rows=1 width=22)
                                                                                                   One-Time Filter: PartSelected
                                                                                                   ->  Append-only Columnar Scan on catalog_sales_1_prt_77 catalog_sales_1_prt_77_1  (cost=0.00..1.00 rows=1 width=22)
                                                                                             ->  Result  (cost=0.00..1.00 rows=1 width=22)
                                                                                                   One-Time Filter: PartSelected
                                                                                                   ->  Append-only Columnar Scan on catalog_sales_1_prt_78 catalog_sales_1_prt_78_1  (cost=0.00..1.00 rows=1 width=22)
                                                                                             ->  Result  (cost=0.00..1.00 rows=1 width=22)
                                                                                                   One-Time Filter: PartSelected
                                                                                                   ->  Append-only Columnar Scan on catalog_sales_1_prt_79 catalog_sales_1_prt_79_1  (cost=0.00..1.00 rows=1 width=22)
                                                                                             ->  Result  (cost=0.00..1.00 rows=1 width=22)
                                                                                                   One-Time Filter: PartSelected
                                                                                                   ->  Append-only Columnar Scan on catalog_sales_1_prt_80 catalog_sales_1_prt_80_1  (cost=0.00..1.00 rows=1 width=22)
                                                                                       ->  Hash  (cost=1455.50..1455.50 rows=95 width=4)
                                                                                             ->  Partition Selector for catalog_sales (dynamic scan id: 1)  (cost=0.00..1455.50 rows=95 width=4)
                                                                                                   Filter: date_dim_1.d_date_sk
                                                                                                   ->  Broadcast Motion 3:3  (slice1; segments: 3)  (cost=0.00..1455.50 rows=95 width=4)
                                                                                                         ->  Seq Scan on date_dim date_dim_1  (cost=0.00..1451.73 rows=32 width=4)
                                                                                                               Filter: ((d_date >= '03-18-1998'::date) AND (d_date <= '06-16-1998'::date))
                           ->  Hash  (cost=1455.50..1455.50 rows=95 width=4)
                                 ->  Partition Selector for catalog_sales (dynamic scan id: 1)  (cost=0.00..1455.50 rows=95 width=4)
                                       Filter: date_dim.d_date_sk
                                       ->  Broadcast Motion 3:3  (slice4; segments: 3)  (cost=0.00..1455.50 rows=95 width=4)
                                             ->  Seq Scan on date_dim  (cost=0.00..1451.73 rows=32 width=4)
                                                   Filter: ((d_date >= '03-18-1998'::date) AND (d_date <= '06-16-1998'::date))
 Planning time: 30.289 ms
 Optimizer: legacy query optimizer
(521 rows)

-- end query 1 in stream 0 using template query32.tpl
