-- start query 1 in stream 0 using template query37.tpl
explain
select  i_item_id
       ,i_item_desc
       ,i_current_price
 from item, inventory, date_dim, catalog_sales
 where i_current_price between 22 and 22 + 30
 and inv_item_sk = i_item_sk
 and d_date_sk=inv_date_sk
 and d_date between cast('2001-06-02' as date) and (cast('2001-06-02' as date) +  60 )
 and i_manufact_id in (678,964,918,849)
 and inv_quantity_on_hand between 100 and 500
 and cs_item_sk = i_item_sk
 group by i_item_id,i_item_desc,i_current_price
 order by i_item_id
 limit 100;
                                                                                                            QUERY PLAN                                                                                                            
----------------------------------------------------------------------------------------------------------------------------------------------------------------------------------------------------------------------------------
 Limit  (cost=41759319.26..41759321.51 rows=100 width=482)
   ->  Gather Motion 3:1  (slice5; segments: 3)  (cost=41759319.26..41759321.51 rows=100 width=482)
         Merge Key: item.i_item_id
         ->  Limit  (cost=41759319.26..41759319.51 rows=34 width=482)
               ->  Sort  (cost=41759319.26..41759319.55 rows=38 width=482)
                     Sort Key: item.i_item_id
                     ->  HashAggregate  (cost=41759314.23..41759315.37 rows=38 width=482)
                           Group Key: item.i_item_id, item.i_item_desc, item.i_current_price
                           ->  Redistribute Motion 3:3  (slice4; segments: 3)  (cost=41759309.95..41759312.23 rows=38 width=482)
                                 Hash Key: item.i_item_id, item.i_item_desc, item.i_current_price
                                 ->  HashAggregate  (cost=41759309.95..41759309.95 rows=38 width=482)
                                       Group Key: item.i_item_id, item.i_item_desc, item.i_current_price
                                       ->  Hash Join  (cost=13846865.42..41747693.28 rows=516297 width=125)
                                             Hash Cond: (catalog_sales_1_prt_outliers.cs_item_sk = inventory_1_prt_outliers.inv_item_sk)
                                             ->  Append  (cost=0.00..22485412.30 rows=479993481 width=4)
                                                   ->  Append-only Columnar Scan on catalog_sales_1_prt_outliers  (cost=0.00..95971.30 rows=2401110 width=4)
                                                   ->  Append-only Columnar Scan on catalog_sales_1_prt_2  (cost=0.00..198531.00 rows=4234734 width=4)
                                                   ->  Append-only Columnar Scan on catalog_sales_1_prt_3  (cost=0.00..198470.00 rows=4233434 width=4)
                                                   ->  Append-only Columnar Scan on catalog_sales_1_prt_4  (cost=0.00..191463.00 rows=4083934 width=4)
                                                   ->  Append-only Columnar Scan on catalog_sales_1_prt_5  (cost=0.00..198330.00 rows=4230434 width=4)
                                                   ->  Append-only Columnar Scan on catalog_sales_1_prt_6  (cost=0.00..198496.00 rows=4233967 width=4)
                                                   ->  Append-only Columnar Scan on catalog_sales_1_prt_7  (cost=0.00..198494.00 rows=4233967 width=4)
                                                   ->  Append-only Columnar Scan on catalog_sales_1_prt_8  (cost=0.00..198576.00 rows=4235667 width=4)
                                                   ->  Append-only Columnar Scan on catalog_sales_1_prt_9  (cost=0.00..297942.00 rows=6355400 width=4)
                                                   ->  Append-only Columnar Scan on catalog_sales_1_prt_10  (cost=0.00..451674.00 rows=9634834 width=4)
                                                   ->  Append-only Columnar Scan on catalog_sales_1_prt_11  (cost=0.00..451572.00 rows=9632700 width=4)
                                                   ->  Append-only Columnar Scan on catalog_sales_1_prt_12  (cost=0.00..476631.00 rows=10167234 width=4)
                                                   ->  Append-only Columnar Scan on catalog_sales_1_prt_13  (cost=0.00..684375.00 rows=14598867 width=4)
                                                   ->  Append-only Columnar Scan on catalog_sales_1_prt_14  (cost=0.00..684389.00 rows=14599200 width=4)
                                                   ->  Append-only Columnar Scan on catalog_sales_1_prt_15  (cost=0.00..215804.00 rows=4603234 width=4)
                                                   ->  Append-only Columnar Scan on catalog_sales_1_prt_16  (cost=0.00..198278.00 rows=4229400 width=4)
                                                   ->  Append-only Columnar Scan on catalog_sales_1_prt_17  (cost=0.00..191360.00 rows=4081734 width=4)
                                                   ->  Append-only Columnar Scan on catalog_sales_1_prt_18  (cost=0.00..198408.00 rows=4232134 width=4)
                                                   ->  Append-only Columnar Scan on catalog_sales_1_prt_19  (cost=0.00..198462.00 rows=4233300 width=4)
                                                   ->  Append-only Columnar Scan on catalog_sales_1_prt_20  (cost=0.00..198463.00 rows=4233267 width=4)
                                                   ->  Append-only Columnar Scan on catalog_sales_1_prt_21  (cost=0.00..198544.00 rows=4235034 width=4)
                                                   ->  Append-only Columnar Scan on catalog_sales_1_prt_22  (cost=0.00..288857.00 rows=6161600 width=4)
                                                   ->  Append-only Columnar Scan on catalog_sales_1_prt_23  (cost=0.00..451775.00 rows=9637067 width=4)
                                                   ->  Append-only Columnar Scan on catalog_sales_1_prt_24  (cost=0.00..451807.00 rows=9637734 width=4)
                                                   ->  Append-only Columnar Scan on catalog_sales_1_prt_25  (cost=0.00..468431.00 rows=9992300 width=4)
                                                   ->  Append-only Columnar Scan on catalog_sales_1_prt_26  (cost=0.00..684511.00 rows=14601800 width=4)
                                                   ->  Append-only Columnar Scan on catalog_sales_1_prt_27  (cost=0.00..684485.00 rows=14601267 width=4)
                                                   ->  Append-only Columnar Scan on catalog_sales_1_prt_28  (cost=0.00..232955.00 rows=4969100 width=4)
                                                   ->  Append-only Columnar Scan on catalog_sales_1_prt_29  (cost=0.00..198182.00 rows=4227400 width=4)
                                                   ->  Append-only Columnar Scan on catalog_sales_1_prt_30  (cost=0.00..198180.00 rows=4227300 width=4)
                                                   ->  Append-only Columnar Scan on catalog_sales_1_prt_31  (cost=0.00..198236.00 rows=4228467 width=4)
                                                   ->  Append-only Columnar Scan on catalog_sales_1_prt_32  (cost=0.00..198161.00 rows=4226867 width=4)
                                                   ->  Append-only Columnar Scan on catalog_sales_1_prt_33  (cost=0.00..198143.00 rows=4226467 width=4)
                                                   ->  Append-only Columnar Scan on catalog_sales_1_prt_34  (cost=0.00..198217.00 rows=4228000 width=4)
                                                   ->  Append-only Columnar Scan on catalog_sales_1_prt_35  (cost=0.00..279401.00 rows=5959900 width=4)
                                                   ->  Append-only Columnar Scan on catalog_sales_1_prt_36  (cost=0.00..451102.00 rows=9622600 width=4)
                                                   ->  Append-only Columnar Scan on catalog_sales_1_prt_37  (cost=0.00..451004.00 rows=9620567 width=4)
                                                   ->  Append-only Columnar Scan on catalog_sales_1_prt_38  (cost=0.00..459207.00 rows=9795567 width=4)
                                                   ->  Append-only Columnar Scan on catalog_sales_1_prt_39  (cost=0.00..683201.00 rows=14573867 width=4)
                                                   ->  Append-only Columnar Scan on catalog_sales_1_prt_40  (cost=0.00..683288.00 rows=14575634 width=4)
                                                   ->  Append-only Columnar Scan on catalog_sales_1_prt_41  (cost=0.00..267716.00 rows=5710600 width=4)
                                                   ->  Append-only Columnar Scan on catalog_sales_1_prt_42  (cost=0.00..198348.00 rows=4230867 width=4)
                                                   ->  Append-only Columnar Scan on catalog_sales_1_prt_43  (cost=0.00..191374.00 rows=4082034 width=4)
                                                   ->  Append-only Columnar Scan on catalog_sales_1_prt_44  (cost=0.00..198449.00 rows=4233067 width=4)
                                                   ->  Append-only Columnar Scan on catalog_sales_1_prt_45  (cost=0.00..198436.00 rows=4232667 width=4)
                                                   ->  Append-only Columnar Scan on catalog_sales_1_prt_46  (cost=0.00..198484.00 rows=4233767 width=4)
                                                   ->  Append-only Columnar Scan on catalog_sales_1_prt_47  (cost=0.00..198486.00 rows=4233767 width=4)
                                                   ->  Append-only Columnar Scan on catalog_sales_1_prt_48  (cost=0.00..261759.00 rows=5583500 width=4)
                                                   ->  Append-only Columnar Scan on catalog_sales_1_prt_49  (cost=0.00..451867.00 rows=9638934 width=4)
                                                   ->  Append-only Columnar Scan on catalog_sales_1_prt_50  (cost=0.00..451711.00 rows=9635634 width=4)
                                                   ->  Append-only Columnar Scan on catalog_sales_1_prt_51  (cost=0.00..451715.00 rows=9635700 width=4)
                                                   ->  Append-only Columnar Scan on catalog_sales_1_prt_52  (cost=0.00..676048.00 rows=14421300 width=4)
                                                   ->  Append-only Columnar Scan on catalog_sales_1_prt_53  (cost=0.00..684330.00 rows=14597934 width=4)
                                                   ->  Append-only Columnar Scan on catalog_sales_1_prt_54  (cost=0.00..285353.00 rows=6086800 width=4)
                                                   ->  Append-only Columnar Scan on catalog_sales_1_prt_55  (cost=0.00..198500.00 rows=4234067 width=4)
                                                   ->  Append-only Columnar Scan on catalog_sales_1_prt_56  (cost=0.00..191327.00 rows=4081100 width=4)
                                                   ->  Append-only Columnar Scan on catalog_sales_1_prt_57  (cost=0.00..198470.00 rows=4233434 width=4)
                                                   ->  Append-only Columnar Scan on catalog_sales_1_prt_58  (cost=0.00..198434.00 rows=4232667 width=4)
                                                   ->  Append-only Columnar Scan on catalog_sales_1_prt_59  (cost=0.00..198457.00 rows=4233100 width=4)
                                                   ->  Append-only Columnar Scan on catalog_sales_1_prt_60  (cost=0.00..198420.00 rows=4232400 width=4)
                                                   ->  Append-only Columnar Scan on catalog_sales_1_prt_61  (cost=0.00..252732.00 rows=5390967 width=4)
                                                   ->  Append-only Columnar Scan on catalog_sales_1_prt_62  (cost=0.00..451735.00 rows=9636134 width=4)
                                                   ->  Append-only Columnar Scan on catalog_sales_1_prt_63  (cost=0.00..451761.00 rows=9636700 width=4)
                                                   ->  Append-only Columnar Scan on catalog_sales_1_prt_64  (cost=0.00..451680.00 rows=9634900 width=4)
                                                   ->  Append-only Columnar Scan on catalog_sales_1_prt_65  (cost=0.00..667727.00 rows=14243734 width=4)
                                                   ->  Append-only Columnar Scan on catalog_sales_1_prt_66  (cost=0.00..684173.00 rows=14594534 width=4)
                                                   ->  Append-only Columnar Scan on catalog_sales_1_prt_67  (cost=0.00..244531.00 rows=5216100 width=4)
                                                   ->  Append-only Columnar Scan on catalog_sales_1_prt_68  (cost=0.00..1.00 rows=1 width=4)
                                                   ->  Append-only Columnar Scan on catalog_sales_1_prt_69  (cost=0.00..1.00 rows=1 width=4)
                                                   ->  Append-only Columnar Scan on catalog_sales_1_prt_70  (cost=0.00..1.00 rows=1 width=4)
                                                   ->  Append-only Columnar Scan on catalog_sales_1_prt_71  (cost=0.00..1.00 rows=1 width=4)
                                                   ->  Append-only Columnar Scan on catalog_sales_1_prt_72  (cost=0.00..1.00 rows=1 width=4)
                                                   ->  Append-only Columnar Scan on catalog_sales_1_prt_73  (cost=0.00..1.00 rows=1 width=4)
                                                   ->  Append-only Columnar Scan on catalog_sales_1_prt_74  (cost=0.00..1.00 rows=1 width=4)
                                                   ->  Append-only Columnar Scan on catalog_sales_1_prt_75  (cost=0.00..1.00 rows=1 width=4)
                                                   ->  Append-only Columnar Scan on catalog_sales_1_prt_76  (cost=0.00..1.00 rows=1 width=4)
                                                   ->  Append-only Columnar Scan on catalog_sales_1_prt_77  (cost=0.00..1.00 rows=1 width=4)
                                                   ->  Append-only Columnar Scan on catalog_sales_1_prt_78  (cost=0.00..1.00 rows=1 width=4)
                                                   ->  Append-only Columnar Scan on catalog_sales_1_prt_79  (cost=0.00..1.00 rows=1 width=4)
                                                   ->  Append-only Columnar Scan on catalog_sales_1_prt_80  (cost=0.00..1.00 rows=1 width=4)
                                             ->  Hash  (cost=13846859.38..13846859.38 rows=162 width=133)
                                                   ->  Broadcast Motion 3:3  (slice3; segments: 3)  (cost=10445.35..13846859.38 rows=162 width=133)
                                                         ->  Hash Join  (cost=10445.35..13846852.94 rows=54 width=133)
                                                               Hash Cond: (inventory_1_prt_outliers.inv_date_sk = date_dim.d_date_sk)
                                                               ->  Hash Join  (cost=8988.84..13844201.87 rows=63624 width=137)
                                                                     Hash Cond: (inventory_1_prt_outliers.inv_item_sk = item.i_item_sk)
                                                                     ->  Append  (cost=0.00..11976170.00 rows=99047165 width=8)
                                                                           ->  Result  (cost=0.00..32.00 rows=1 width=8)
                                                                                 One-Time Filter: PartSelected
                                                                                 ->  Append-only Scan on inventory_1_prt_outliers  (cost=0.00..32.00 rows=1 width=8)
                                                                                       Filter: ((inv_quantity_on_hand >= 100) AND (inv_quantity_on_hand <= 500))
                                                                           ->  Result  (cost=0.00..183538.00 rows=1530219 width=8)
                                                                                 One-Time Filter: PartSelected
                                                                                 ->  Append-only Scan on inventory_1_prt_2  (cost=0.00..183538.00 rows=1530219 width=8)
                                                                                       Filter: ((inv_quantity_on_hand >= 100) AND (inv_quantity_on_hand <= 500))
                                                                           ->  Result  (cost=0.00..183535.00 rows=1519938 width=8)
                                                                                 One-Time Filter: PartSelected
                                                                                 ->  Append-only Scan on inventory_1_prt_3  (cost=0.00..183535.00 rows=1519938 width=8)
                                                                                       Filter: ((inv_quantity_on_hand >= 100) AND (inv_quantity_on_hand <= 500))
                                                                           ->  Result  (cost=0.00..183539.00 rows=1495317 width=8)
                                                                                 One-Time Filter: PartSelected
                                                                                 ->  Append-only Scan on inventory_1_prt_4  (cost=0.00..183539.00 rows=1495317 width=8)
                                                                                       Filter: ((inv_quantity_on_hand >= 100) AND (inv_quantity_on_hand <= 500))
                                                                           ->  Result  (cost=0.00..183535.00 rows=1513279 width=8)
                                                                                 One-Time Filter: PartSelected
                                                                                 ->  Append-only Scan on inventory_1_prt_5  (cost=0.00..183535.00 rows=1513279 width=8)
                                                                                       Filter: ((inv_quantity_on_hand >= 100) AND (inv_quantity_on_hand <= 500))
                                                                           ->  Result  (cost=0.00..183537.00 rows=1502803 width=8)
                                                                                 One-Time Filter: PartSelected
                                                                                 ->  Append-only Scan on inventory_1_prt_6  (cost=0.00..183537.00 rows=1502803 width=8)
                                                                                       Filter: ((inv_quantity_on_hand >= 100) AND (inv_quantity_on_hand <= 500))
                                                                           ->  Result  (cost=0.00..183537.00 rows=1518360 width=8)
                                                                                 One-Time Filter: PartSelected
                                                                                 ->  Append-only Scan on inventory_1_prt_7  (cost=0.00..183537.00 rows=1518360 width=8)
                                                                                       Filter: ((inv_quantity_on_hand >= 100) AND (inv_quantity_on_hand <= 500))
                                                                           ->  Result  (cost=0.00..183536.00 rows=1538860 width=8)
                                                                                 One-Time Filter: PartSelected
                                                                                 ->  Append-only Scan on inventory_1_prt_8  (cost=0.00..183536.00 rows=1538860 width=8)
                                                                                       Filter: ((inv_quantity_on_hand >= 100) AND (inv_quantity_on_hand <= 500))
                                                                           ->  Result  (cost=0.00..183537.00 rows=1517494 width=8)
                                                                                 One-Time Filter: PartSelected
                                                                                 ->  Append-only Scan on inventory_1_prt_9  (cost=0.00..183537.00 rows=1517494 width=8)
                                                                                       Filter: ((inv_quantity_on_hand >= 100) AND (inv_quantity_on_hand <= 500))
                                                                           ->  Result  (cost=0.00..183537.00 rows=1522024 width=8)
                                                                                 One-Time Filter: PartSelected
                                                                                 ->  Append-only Scan on inventory_1_prt_10  (cost=0.00..183537.00 rows=1522024 width=8)
                                                                                       Filter: ((inv_quantity_on_hand >= 100) AND (inv_quantity_on_hand <= 500))
                                                                           ->  Result  (cost=0.00..183535.00 rows=1514798 width=8)
                                                                                 One-Time Filter: PartSelected
                                                                                 ->  Append-only Scan on inventory_1_prt_11  (cost=0.00..183535.00 rows=1514798 width=8)
                                                                                       Filter: ((inv_quantity_on_hand >= 100) AND (inv_quantity_on_hand <= 500))
                                                                           ->  Result  (cost=0.00..183535.00 rows=1505776 width=8)
                                                                                 One-Time Filter: PartSelected
                                                                                 ->  Append-only Scan on inventory_1_prt_12  (cost=0.00..183535.00 rows=1505776 width=8)
                                                                                       Filter: ((inv_quantity_on_hand >= 100) AND (inv_quantity_on_hand <= 500))
                                                                           ->  Result  (cost=0.00..183532.00 rows=1522127 width=8)
                                                                                 One-Time Filter: PartSelected
                                                                                 ->  Append-only Scan on inventory_1_prt_13  (cost=0.00..183532.00 rows=1522127 width=8)
                                                                                       Filter: ((inv_quantity_on_hand >= 100) AND (inv_quantity_on_hand <= 500))
                                                                           ->  Result  (cost=0.00..183538.00 rows=1534974 width=8)
                                                                                 One-Time Filter: PartSelected
                                                                                 ->  Append-only Scan on inventory_1_prt_14  (cost=0.00..183538.00 rows=1534974 width=8)
                                                                                       Filter: ((inv_quantity_on_hand >= 100) AND (inv_quantity_on_hand <= 500))
                                                                           ->  Result  (cost=0.00..183536.00 rows=1541166 width=8)
                                                                                 One-Time Filter: PartSelected
                                                                                 ->  Append-only Scan on inventory_1_prt_15  (cost=0.00..183536.00 rows=1541166 width=8)
                                                                                       Filter: ((inv_quantity_on_hand >= 100) AND (inv_quantity_on_hand <= 500))
                                                                           ->  Result  (cost=0.00..183537.00 rows=1512581 width=8)
                                                                                 One-Time Filter: PartSelected
                                                                                 ->  Append-only Scan on inventory_1_prt_16  (cost=0.00..183537.00 rows=1512581 width=8)
                                                                                       Filter: ((inv_quantity_on_hand >= 100) AND (inv_quantity_on_hand <= 500))
                                                                           ->  Result  (cost=0.00..183537.00 rows=1508191 width=8)
                                                                                 One-Time Filter: PartSelected
                                                                                 ->  Append-only Scan on inventory_1_prt_17  (cost=0.00..183537.00 rows=1508191 width=8)
                                                                                       Filter: ((inv_quantity_on_hand >= 100) AND (inv_quantity_on_hand <= 500))
                                                                           ->  Result  (cost=0.00..183538.00 rows=1502885 width=8)
                                                                                 One-Time Filter: PartSelected
                                                                                 ->  Append-only Scan on inventory_1_prt_18  (cost=0.00..183538.00 rows=1502885 width=8)
                                                                                       Filter: ((inv_quantity_on_hand >= 100) AND (inv_quantity_on_hand <= 500))
                                                                           ->  Result  (cost=0.00..183537.00 rows=1529078 width=8)
                                                                                 One-Time Filter: PartSelected
                                                                                 ->  Append-only Scan on inventory_1_prt_19  (cost=0.00..183537.00 rows=1529078 width=8)
                                                                                       Filter: ((inv_quantity_on_hand >= 100) AND (inv_quantity_on_hand <= 500))
                                                                           ->  Result  (cost=0.00..183537.00 rows=1508960 width=8)
                                                                                 One-Time Filter: PartSelected
                                                                                 ->  Append-only Scan on inventory_1_prt_20  (cost=0.00..183537.00 rows=1508960 width=8)
                                                                                       Filter: ((inv_quantity_on_hand >= 100) AND (inv_quantity_on_hand <= 500))
                                                                           ->  Result  (cost=0.00..183535.00 rows=1526441 width=8)
                                                                                 One-Time Filter: PartSelected
                                                                                 ->  Append-only Scan on inventory_1_prt_21  (cost=0.00..183535.00 rows=1526441 width=8)
                                                                                       Filter: ((inv_quantity_on_hand >= 100) AND (inv_quantity_on_hand <= 500))
                                                                           ->  Result  (cost=0.00..183538.00 rows=1523004 width=8)
                                                                                 One-Time Filter: PartSelected
                                                                                 ->  Append-only Scan on inventory_1_prt_22  (cost=0.00..183538.00 rows=1523004 width=8)
                                                                                       Filter: ((inv_quantity_on_hand >= 100) AND (inv_quantity_on_hand <= 500))
                                                                           ->  Result  (cost=0.00..183538.00 rows=1515015 width=8)
                                                                                 One-Time Filter: PartSelected
                                                                                 ->  Append-only Scan on inventory_1_prt_23  (cost=0.00..183538.00 rows=1515015 width=8)
                                                                                       Filter: ((inv_quantity_on_hand >= 100) AND (inv_quantity_on_hand <= 500))
                                                                           ->  Result  (cost=0.00..183533.00 rows=1516654 width=8)
                                                                                 One-Time Filter: PartSelected
                                                                                 ->  Append-only Scan on inventory_1_prt_24  (cost=0.00..183533.00 rows=1516654 width=8)
                                                                                       Filter: ((inv_quantity_on_hand >= 100) AND (inv_quantity_on_hand <= 500))
                                                                           ->  Result  (cost=0.00..183537.00 rows=1511080 width=8)
                                                                                 One-Time Filter: PartSelected
                                                                                 ->  Append-only Scan on inventory_1_prt_25  (cost=0.00..183537.00 rows=1511080 width=8)
                                                                                       Filter: ((inv_quantity_on_hand >= 100) AND (inv_quantity_on_hand <= 500))
                                                                           ->  Result  (cost=0.00..183535.00 rows=1509960 width=8)
                                                                                 One-Time Filter: PartSelected
                                                                                 ->  Append-only Scan on inventory_1_prt_26  (cost=0.00..183535.00 rows=1509960 width=8)
                                                                                       Filter: ((inv_quantity_on_hand >= 100) AND (inv_quantity_on_hand <= 500))
                                                                           ->  Result  (cost=0.00..183537.00 rows=1511843 width=8)
                                                                                 One-Time Filter: PartSelected
                                                                                 ->  Append-only Scan on inventory_1_prt_27  (cost=0.00..183537.00 rows=1511843 width=8)
                                                                                       Filter: ((inv_quantity_on_hand >= 100) AND (inv_quantity_on_hand <= 500))
                                                                           ->  Result  (cost=0.00..183537.00 rows=1526685 width=8)
                                                                                 One-Time Filter: PartSelected
                                                                                 ->  Append-only Scan on inventory_1_prt_28  (cost=0.00..183537.00 rows=1526685 width=8)
                                                                                       Filter: ((inv_quantity_on_hand >= 100) AND (inv_quantity_on_hand <= 500))
                                                                           ->  Result  (cost=0.00..183537.00 rows=1501802 width=8)
                                                                                 One-Time Filter: PartSelected
                                                                                 ->  Append-only Scan on inventory_1_prt_29  (cost=0.00..183537.00 rows=1501802 width=8)
                                                                                       Filter: ((inv_quantity_on_hand >= 100) AND (inv_quantity_on_hand <= 500))
                                                                           ->  Result  (cost=0.00..183539.00 rows=1512317 width=8)
                                                                                 One-Time Filter: PartSelected
                                                                                 ->  Append-only Scan on inventory_1_prt_30  (cost=0.00..183539.00 rows=1512317 width=8)
                                                                                       Filter: ((inv_quantity_on_hand >= 100) AND (inv_quantity_on_hand <= 500))
                                                                           ->  Result  (cost=0.00..183535.00 rows=1517024 width=8)
                                                                                 One-Time Filter: PartSelected
                                                                                 ->  Append-only Scan on inventory_1_prt_31  (cost=0.00..183535.00 rows=1517024 width=8)
                                                                                       Filter: ((inv_quantity_on_hand >= 100) AND (inv_quantity_on_hand <= 500))
                                                                           ->  Result  (cost=0.00..183534.00 rows=1504234 width=8)
                                                                                 One-Time Filter: PartSelected
                                                                                 ->  Append-only Scan on inventory_1_prt_32  (cost=0.00..183534.00 rows=1504234 width=8)
                                                                                       Filter: ((inv_quantity_on_hand >= 100) AND (inv_quantity_on_hand <= 500))
                                                                           ->  Result  (cost=0.00..183537.00 rows=1492003 width=8)
                                                                                 One-Time Filter: PartSelected
                                                                                 ->  Append-only Scan on inventory_1_prt_33  (cost=0.00..183537.00 rows=1492003 width=8)
                                                                                       Filter: ((inv_quantity_on_hand >= 100) AND (inv_quantity_on_hand <= 500))
                                                                           ->  Result  (cost=0.00..183537.00 rows=1513235 width=8)
                                                                                 One-Time Filter: PartSelected
                                                                                 ->  Append-only Scan on inventory_1_prt_34  (cost=0.00..183537.00 rows=1513235 width=8)
                                                                                       Filter: ((inv_quantity_on_hand >= 100) AND (inv_quantity_on_hand <= 500))
                                                                           ->  Result  (cost=0.00..183536.00 rows=1490907 width=8)
                                                                                 One-Time Filter: PartSelected
                                                                                 ->  Append-only Scan on inventory_1_prt_35  (cost=0.00..183536.00 rows=1490907 width=8)
                                                                                       Filter: ((inv_quantity_on_hand >= 100) AND (inv_quantity_on_hand <= 500))
                                                                           ->  Result  (cost=0.00..183534.00 rows=1552836 width=8)
                                                                                 One-Time Filter: PartSelected
                                                                                 ->  Append-only Scan on inventory_1_prt_36  (cost=0.00..183534.00 rows=1552836 width=8)
                                                                                       Filter: ((inv_quantity_on_hand >= 100) AND (inv_quantity_on_hand <= 500))
                                                                           ->  Result  (cost=0.00..183537.00 rows=1532390 width=8)
                                                                                 One-Time Filter: PartSelected
                                                                                 ->  Append-only Scan on inventory_1_prt_37  (cost=0.00..183537.00 rows=1532390 width=8)
                                                                                       Filter: ((inv_quantity_on_hand >= 100) AND (inv_quantity_on_hand <= 500))
                                                                           ->  Result  (cost=0.00..183535.00 rows=1521645 width=8)
                                                                                 One-Time Filter: PartSelected
                                                                                 ->  Append-only Scan on inventory_1_prt_38  (cost=0.00..183535.00 rows=1521645 width=8)
                                                                                       Filter: ((inv_quantity_on_hand >= 100) AND (inv_quantity_on_hand <= 500))
                                                                           ->  Result  (cost=0.00..183540.00 rows=1532838 width=8)
                                                                                 One-Time Filter: PartSelected
                                                                                 ->  Append-only Scan on inventory_1_prt_39  (cost=0.00..183540.00 rows=1532838 width=8)
                                                                                       Filter: ((inv_quantity_on_hand >= 100) AND (inv_quantity_on_hand <= 500))
                                                                           ->  Result  (cost=0.00..183534.00 rows=1513945 width=8)
                                                                                 One-Time Filter: PartSelected
                                                                                 ->  Append-only Scan on inventory_1_prt_40  (cost=0.00..183534.00 rows=1513945 width=8)
                                                                                       Filter: ((inv_quantity_on_hand >= 100) AND (inv_quantity_on_hand <= 500))
                                                                           ->  Result  (cost=0.00..183535.00 rows=1533921 width=8)
                                                                                 One-Time Filter: PartSelected
                                                                                 ->  Append-only Scan on inventory_1_prt_41  (cost=0.00..183535.00 rows=1533921 width=8)
                                                                                       Filter: ((inv_quantity_on_hand >= 100) AND (inv_quantity_on_hand <= 500))
                                                                           ->  Result  (cost=0.00..183531.00 rows=1504451 width=8)
                                                                                 One-Time Filter: PartSelected
                                                                                 ->  Append-only Scan on inventory_1_prt_42  (cost=0.00..183531.00 rows=1504451 width=8)
                                                                                       Filter: ((inv_quantity_on_hand >= 100) AND (inv_quantity_on_hand <= 500))
                                                                           ->  Result  (cost=0.00..183530.00 rows=1503348 width=8)
                                                                                 One-Time Filter: PartSelected
                                                                                 ->  Append-only Scan on inventory_1_prt_43  (cost=0.00..183530.00 rows=1503348 width=8)
                                                                                       Filter: ((inv_quantity_on_hand >= 100) AND (inv_quantity_on_hand <= 500))
                                                                           ->  Result  (cost=0.00..183534.00 rows=1516134 width=8)
                                                                                 One-Time Filter: PartSelected
                                                                                 ->  Append-only Scan on inventory_1_prt_44  (cost=0.00..183534.00 rows=1516134 width=8)
                                                                                       Filter: ((inv_quantity_on_hand >= 100) AND (inv_quantity_on_hand <= 500))
                                                                           ->  Result  (cost=0.00..183529.00 rows=1528933 width=8)
                                                                                 One-Time Filter: PartSelected
                                                                                 ->  Append-only Scan on inventory_1_prt_45  (cost=0.00..183529.00 rows=1528933 width=8)
                                                                                       Filter: ((inv_quantity_on_hand >= 100) AND (inv_quantity_on_hand <= 500))
                                                                           ->  Result  (cost=0.00..183538.00 rows=1521169 width=8)
                                                                                 One-Time Filter: PartSelected
                                                                                 ->  Append-only Scan on inventory_1_prt_46  (cost=0.00..183538.00 rows=1521169 width=8)
                                                                                       Filter: ((inv_quantity_on_hand >= 100) AND (inv_quantity_on_hand <= 500))
                                                                           ->  Result  (cost=0.00..183534.00 rows=1501888 width=8)
                                                                                 One-Time Filter: PartSelected
                                                                                 ->  Append-only Scan on inventory_1_prt_47  (cost=0.00..183534.00 rows=1501888 width=8)
                                                                                       Filter: ((inv_quantity_on_hand >= 100) AND (inv_quantity_on_hand <= 500))
                                                                           ->  Result  (cost=0.00..183533.00 rows=1513575 width=8)
                                                                                 One-Time Filter: PartSelected
                                                                                 ->  Append-only Scan on inventory_1_prt_48  (cost=0.00..183533.00 rows=1513575 width=8)
                                                                                       Filter: ((inv_quantity_on_hand >= 100) AND (inv_quantity_on_hand <= 500))
                                                                           ->  Result  (cost=0.00..183531.00 rows=1527219 width=8)
                                                                                 One-Time Filter: PartSelected
                                                                                 ->  Append-only Scan on inventory_1_prt_49  (cost=0.00..183531.00 rows=1527219 width=8)
                                                                                       Filter: ((inv_quantity_on_hand >= 100) AND (inv_quantity_on_hand <= 500))
                                                                           ->  Result  (cost=0.00..183534.00 rows=1517588 width=8)
                                                                                 One-Time Filter: PartSelected
                                                                                 ->  Append-only Scan on inventory_1_prt_50  (cost=0.00..183534.00 rows=1517588 width=8)
                                                                                       Filter: ((inv_quantity_on_hand >= 100) AND (inv_quantity_on_hand <= 500))
                                                                           ->  Result  (cost=0.00..183529.00 rows=1531861 width=8)
                                                                                 One-Time Filter: PartSelected
                                                                                 ->  Append-only Scan on inventory_1_prt_51  (cost=0.00..183529.00 rows=1531861 width=8)
                                                                                       Filter: ((inv_quantity_on_hand >= 100) AND (inv_quantity_on_hand <= 500))
                                                                           ->  Result  (cost=0.00..183530.00 rows=1532344 width=8)
                                                                                 One-Time Filter: PartSelected
                                                                                 ->  Append-only Scan on inventory_1_prt_52  (cost=0.00..183530.00 rows=1532344 width=8)
                                                                                       Filter: ((inv_quantity_on_hand >= 100) AND (inv_quantity_on_hand <= 500))
                                                                           ->  Result  (cost=0.00..183533.00 rows=1561895 width=8)
                                                                                 One-Time Filter: PartSelected
                                                                                 ->  Append-only Scan on inventory_1_prt_53  (cost=0.00..183533.00 rows=1561895 width=8)
                                                                                       Filter: ((inv_quantity_on_hand >= 100) AND (inv_quantity_on_hand <= 500))
                                                                           ->  Result  (cost=0.00..183537.00 rows=1531367 width=8)
                                                                                 One-Time Filter: PartSelected
                                                                                 ->  Append-only Scan on inventory_1_prt_54  (cost=0.00..183537.00 rows=1531367 width=8)
                                                                                       Filter: ((inv_quantity_on_hand >= 100) AND (inv_quantity_on_hand <= 500))
                                                                           ->  Result  (cost=0.00..183539.00 rows=1506256 width=8)
                                                                                 One-Time Filter: PartSelected
                                                                                 ->  Append-only Scan on inventory_1_prt_55  (cost=0.00..183539.00 rows=1506256 width=8)
                                                                                       Filter: ((inv_quantity_on_hand >= 100) AND (inv_quantity_on_hand <= 500))
                                                                           ->  Result  (cost=0.00..183534.00 rows=1502278 width=8)
                                                                                 One-Time Filter: PartSelected
                                                                                 ->  Append-only Scan on inventory_1_prt_56  (cost=0.00..183534.00 rows=1502278 width=8)
                                                                                       Filter: ((inv_quantity_on_hand >= 100) AND (inv_quantity_on_hand <= 500))
                                                                           ->  Result  (cost=0.00..183535.00 rows=1515567 width=8)
                                                                                 One-Time Filter: PartSelected
                                                                                 ->  Append-only Scan on inventory_1_prt_57  (cost=0.00..183535.00 rows=1515567 width=8)
                                                                                       Filter: ((inv_quantity_on_hand >= 100) AND (inv_quantity_on_hand <= 500))
                                                                           ->  Result  (cost=0.00..183537.00 rows=1521027 width=8)
                                                                                 One-Time Filter: PartSelected
                                                                                 ->  Append-only Scan on inventory_1_prt_58  (cost=0.00..183537.00 rows=1521027 width=8)
                                                                                       Filter: ((inv_quantity_on_hand >= 100) AND (inv_quantity_on_hand <= 500))
                                                                           ->  Result  (cost=0.00..183534.00 rows=1503773 width=8)
                                                                                 One-Time Filter: PartSelected
                                                                                 ->  Append-only Scan on inventory_1_prt_59  (cost=0.00..183534.00 rows=1503773 width=8)
                                                                                       Filter: ((inv_quantity_on_hand >= 100) AND (inv_quantity_on_hand <= 500))
                                                                           ->  Result  (cost=0.00..183535.00 rows=1509458 width=8)
                                                                                 One-Time Filter: PartSelected
                                                                                 ->  Append-only Scan on inventory_1_prt_60  (cost=0.00..183535.00 rows=1509458 width=8)
                                                                                       Filter: ((inv_quantity_on_hand >= 100) AND (inv_quantity_on_hand <= 500))
                                                                           ->  Result  (cost=0.00..183539.00 rows=1522097 width=8)
                                                                                 One-Time Filter: PartSelected
                                                                                 ->  Append-only Scan on inventory_1_prt_61  (cost=0.00..183539.00 rows=1522097 width=8)
                                                                                       Filter: ((inv_quantity_on_hand >= 100) AND (inv_quantity_on_hand <= 500))
                                                                           ->  Result  (cost=0.00..183541.00 rows=1513805 width=8)
                                                                                 One-Time Filter: PartSelected
                                                                                 ->  Append-only Scan on inventory_1_prt_62  (cost=0.00..183541.00 rows=1513805 width=8)
                                                                                       Filter: ((inv_quantity_on_hand >= 100) AND (inv_quantity_on_hand <= 500))
                                                                           ->  Result  (cost=0.00..183540.00 rows=1515236 width=8)
                                                                                 One-Time Filter: PartSelected
                                                                                 ->  Append-only Scan on inventory_1_prt_63  (cost=0.00..183540.00 rows=1515236 width=8)
                                                                                       Filter: ((inv_quantity_on_hand >= 100) AND (inv_quantity_on_hand <= 500))
                                                                           ->  Result  (cost=0.00..183540.00 rows=1525315 width=8)
                                                                                 One-Time Filter: PartSelected
                                                                                 ->  Append-only Scan on inventory_1_prt_64  (cost=0.00..183540.00 rows=1525315 width=8)
                                                                                       Filter: ((inv_quantity_on_hand >= 100) AND (inv_quantity_on_hand <= 500))
                                                                           ->  Result  (cost=0.00..183537.00 rows=1521320 width=8)
                                                                                 One-Time Filter: PartSelected
                                                                                 ->  Append-only Scan on inventory_1_prt_65  (cost=0.00..183537.00 rows=1521320 width=8)
                                                                                       Filter: ((inv_quantity_on_hand >= 100) AND (inv_quantity_on_hand <= 500))
                                                                           ->  Result  (cost=0.00..183539.00 rows=1522228 width=8)
                                                                                 One-Time Filter: PartSelected
                                                                                 ->  Append-only Scan on inventory_1_prt_66  (cost=0.00..183539.00 rows=1522228 width=8)
                                                                                       Filter: ((inv_quantity_on_hand >= 100) AND (inv_quantity_on_hand <= 500))
                                                                           ->  Result  (cost=0.00..45896.00 rows=378452 width=8)
                                                                                 One-Time Filter: PartSelected
                                                                                 ->  Append-only Scan on inventory_1_prt_67  (cost=0.00..45896.00 rows=378452 width=8)
                                                                                       Filter: ((inv_quantity_on_hand >= 100) AND (inv_quantity_on_hand <= 500))
                                                                           ->  Result  (cost=0.00..32.00 rows=1 width=8)
                                                                                 One-Time Filter: PartSelected
                                                                                 ->  Append-only Scan on inventory_1_prt_68  (cost=0.00..32.00 rows=1 width=8)
                                                                                       Filter: ((inv_quantity_on_hand >= 100) AND (inv_quantity_on_hand <= 500))
                                                                           ->  Result  (cost=0.00..32.00 rows=1 width=8)
                                                                                 One-Time Filter: PartSelected
                                                                                 ->  Append-only Scan on inventory_1_prt_69  (cost=0.00..32.00 rows=1 width=8)
                                                                                       Filter: ((inv_quantity_on_hand >= 100) AND (inv_quantity_on_hand <= 500))
                                                                           ->  Result  (cost=0.00..32.00 rows=1 width=8)
                                                                                 One-Time Filter: PartSelected
                                                                                 ->  Append-only Scan on inventory_1_prt_70  (cost=0.00..32.00 rows=1 width=8)
                                                                                       Filter: ((inv_quantity_on_hand >= 100) AND (inv_quantity_on_hand <= 500))
                                                                           ->  Result  (cost=0.00..32.00 rows=1 width=8)
                                                                                 One-Time Filter: PartSelected
                                                                                 ->  Append-only Scan on inventory_1_prt_71  (cost=0.00..32.00 rows=1 width=8)
                                                                                       Filter: ((inv_quantity_on_hand >= 100) AND (inv_quantity_on_hand <= 500))
                                                                           ->  Result  (cost=0.00..32.00 rows=1 width=8)
                                                                                 One-Time Filter: PartSelected
                                                                                 ->  Append-only Scan on inventory_1_prt_72  (cost=0.00..32.00 rows=1 width=8)
                                                                                       Filter: ((inv_quantity_on_hand >= 100) AND (inv_quantity_on_hand <= 500))
                                                                           ->  Result  (cost=0.00..32.00 rows=1 width=8)
                                                                                 One-Time Filter: PartSelected
                                                                                 ->  Append-only Scan on inventory_1_prt_73  (cost=0.00..32.00 rows=1 width=8)
                                                                                       Filter: ((inv_quantity_on_hand >= 100) AND (inv_quantity_on_hand <= 500))
                                                                           ->  Result  (cost=0.00..32.00 rows=1 width=8)
                                                                                 One-Time Filter: PartSelected
                                                                                 ->  Append-only Scan on inventory_1_prt_74  (cost=0.00..32.00 rows=1 width=8)
                                                                                       Filter: ((inv_quantity_on_hand >= 100) AND (inv_quantity_on_hand <= 500))
                                                                           ->  Result  (cost=0.00..32.00 rows=1 width=8)
                                                                                 One-Time Filter: PartSelected
                                                                                 ->  Append-only Scan on inventory_1_prt_75  (cost=0.00..32.00 rows=1 width=8)
                                                                                       Filter: ((inv_quantity_on_hand >= 100) AND (inv_quantity_on_hand <= 500))
                                                                           ->  Result  (cost=0.00..32.00 rows=1 width=8)
                                                                                 One-Time Filter: PartSelected
                                                                                 ->  Append-only Scan on inventory_1_prt_76  (cost=0.00..32.00 rows=1 width=8)
                                                                                       Filter: ((inv_quantity_on_hand >= 100) AND (inv_quantity_on_hand <= 500))
                                                                           ->  Result  (cost=0.00..32.00 rows=1 width=8)
                                                                                 One-Time Filter: PartSelected
                                                                                 ->  Append-only Scan on inventory_1_prt_77  (cost=0.00..32.00 rows=1 width=8)
                                                                                       Filter: ((inv_quantity_on_hand >= 100) AND (inv_quantity_on_hand <= 500))
                                                                           ->  Result  (cost=0.00..32.00 rows=1 width=8)
                                                                                 One-Time Filter: PartSelected
                                                                                 ->  Append-only Scan on inventory_1_prt_78  (cost=0.00..32.00 rows=1 width=8)
                                                                                       Filter: ((inv_quantity_on_hand >= 100) AND (inv_quantity_on_hand <= 500))
                                                                           ->  Result  (cost=0.00..32.00 rows=1 width=8)
                                                                                 One-Time Filter: PartSelected
                                                                                 ->  Append-only Scan on inventory_1_prt_79  (cost=0.00..32.00 rows=1 width=8)
                                                                                       Filter: ((inv_quantity_on_hand >= 100) AND (inv_quantity_on_hand <= 500))
                                                                           ->  Result  (cost=0.00..32.00 rows=1 width=8)
                                                                                 One-Time Filter: PartSelected
                                                                                 ->  Append-only Scan on inventory_1_prt_80  (cost=0.00..32.00 rows=1 width=8)
                                                                                       Filter: ((inv_quantity_on_hand >= 100) AND (inv_quantity_on_hand <= 500))
                                                                     ->  Hash  (cost=8981.63..8981.63 rows=193 width=129)
                                                                           ->  Broadcast Motion 3:3  (slice1; segments: 3)  (cost=0.00..8981.63 rows=193 width=129)
                                                                                 ->  Seq Scan on item  (cost=0.00..8973.94 rows=65 width=129)
                                                                                       Filter: ((i_current_price >= 22::numeric) AND (i_current_price <= 52::numeric) AND (i_manufact_id = ANY ('{678,964,918,849}'::integer[])))
                                                               ->  Hash  (cost=1454.20..1454.20 rows=62 width=4)
                                                                     ->  Partition Selector for inventory (dynamic scan id: 1)  (cost=0.00..1454.20 rows=62 width=4)
                                                                           Filter: date_dim.d_date_sk
                                                                           ->  Broadcast Motion 3:3  (slice2; segments: 3)  (cost=0.00..1454.20 rows=62 width=4)
                                                                                 ->  Seq Scan on date_dim  (cost=0.00..1451.73 rows=21 width=4)
                                                                                       Filter: ((d_date >= '06-02-2001'::date) AND (d_date <= '08-01-2001'::date))
 Planning time: 28.936 ms
 Optimizer: legacy query optimizer
(434 rows)

-- end query 1 in stream 0 using template query37.tpl
