-- start query 1 in stream 0 using template query43.tpl
explain
select  s_store_name, s_store_id,
        sum(case when (d_day_name='Sunday') then ss_sales_price else null end) sun_sales,
        sum(case when (d_day_name='Monday') then ss_sales_price else null end) mon_sales,
        sum(case when (d_day_name='Tuesday') then ss_sales_price else  null end) tue_sales,
        sum(case when (d_day_name='Wednesday') then ss_sales_price else null end) wed_sales,
        sum(case when (d_day_name='Thursday') then ss_sales_price else null end) thu_sales,
        sum(case when (d_day_name='Friday') then ss_sales_price else null end) fri_sales,
        sum(case when (d_day_name='Saturday') then ss_sales_price else null end) sat_sales
 from date_dim, store_sales, store
 where d_date_sk = ss_sold_date_sk and
       s_store_sk = ss_store_sk and
       s_gmt_offset = -6 and
       d_year = 1998 
 group by s_store_name, s_store_id
 order by s_store_name, s_store_id,sun_sales,mon_sales,tue_sales,wed_sales,thu_sales,fri_sales,sat_sales
 limit 100;
                                                                                                                                                                                                                                                                                                                                                                                                                                                                                                                                                                                        QUERY PLAN                                                                                                                                                                                                                                                                                                                                                                                                                                                                                                                                                                                         
-------------------------------------------------------------------------------------------------------------------------------------------------------------------------------------------------------------------------------------------------------------------------------------------------------------------------------------------------------------------------------------------------------------------------------------------------------------------------------------------------------------------------------------------------------------------------------------------------------------------------------------------------------------------------------------------------------------------------------------------------------------------------------------------------------------------------------------------------------------------------------------------------------------------------------------------------------------------------------------------------------------------------------------------------------------------------------------------------------------------------------------------------------------------------------------------
 Limit  (cost=57525913.07..57525913.25 rows=8 width=392)
   ->  Gather Motion 3:1  (slice4; segments: 3)  (cost=57525913.07..57525913.25 rows=8 width=392)
         Merge Key: store.s_store_name, store.s_store_id, (pg_catalog.sum((sum(CASE WHEN ((date_dim.d_day_name)::text = 'Sunday'::text) THEN store_sales_1_prt_outliers.ss_sales_price ELSE NULL::numeric END)))), (pg_catalog.sum((sum(CASE WHEN ((date_dim.d_day_name)::text = 'Monday'::text) THEN store_sales_1_prt_outliers.ss_sales_price ELSE NULL::numeric END)))), (pg_catalog.sum((sum(CASE WHEN ((date_dim.d_day_name)::text = 'Tuesday'::text) THEN store_sales_1_prt_outliers.ss_sales_price ELSE NULL::numeric END)))), (pg_catalog.sum((sum(CASE WHEN ((date_dim.d_day_name)::text = 'Wednesday'::text) THEN store_sales_1_prt_outliers.ss_sales_price ELSE NULL::numeric END)))), (pg_catalog.sum((sum(CASE WHEN ((date_dim.d_day_name)::text = 'Thursday'::text) THEN store_sales_1_prt_outliers.ss_sales_price ELSE NULL::numeric END)))), (pg_catalog.sum((sum(CASE WHEN ((date_dim.d_day_name)::text = 'Friday'::text) THEN store_sales_1_prt_outliers.ss_sales_price ELSE NULL::numeric END)))), (pg_catalog.sum((sum(CASE WHEN ((date_dim.d_day_name)::text = 'Saturday'::text) THEN store_sales_1_prt_outliers.ss_sales_price ELSE NULL::numeric END))))
         ->  Limit  (cost=57525913.07..57525913.09 rows=3 width=392)
               ->  Sort  (cost=57525913.07..57525913.09 rows=3 width=392)
                     Sort Key: store.s_store_name, store.s_store_id, (pg_catalog.sum((sum(CASE WHEN ((date_dim.d_day_name)::text = 'Sunday'::text) THEN store_sales_1_prt_outliers.ss_sales_price ELSE NULL::numeric END)))), (pg_catalog.sum((sum(CASE WHEN ((date_dim.d_day_name)::text = 'Monday'::text) THEN store_sales_1_prt_outliers.ss_sales_price ELSE NULL::numeric END)))), (pg_catalog.sum((sum(CASE WHEN ((date_dim.d_day_name)::text = 'Tuesday'::text) THEN store_sales_1_prt_outliers.ss_sales_price ELSE NULL::numeric END)))), (pg_catalog.sum((sum(CASE WHEN ((date_dim.d_day_name)::text = 'Wednesday'::text) THEN store_sales_1_prt_outliers.ss_sales_price ELSE NULL::numeric END)))), (pg_catalog.sum((sum(CASE WHEN ((date_dim.d_day_name)::text = 'Thursday'::text) THEN store_sales_1_prt_outliers.ss_sales_price ELSE NULL::numeric END)))), (pg_catalog.sum((sum(CASE WHEN ((date_dim.d_day_name)::text = 'Friday'::text) THEN store_sales_1_prt_outliers.ss_sales_price ELSE NULL::numeric END)))), (pg_catalog.sum((sum(CASE WHEN ((date_dim.d_day_name)::text = 'Saturday'::text) THEN store_sales_1_prt_outliers.ss_sales_price ELSE NULL::numeric END))))
                     ->  HashAggregate  (cost=57525912.73..57525912.95 rows=3 width=392)
                           Group Key: store.s_store_name, store.s_store_id
                           ->  Redistribute Motion 3:3  (slice3; segments: 3)  (cost=57525912.17..57525912.33 rows=3 width=392)
                                 Hash Key: store.s_store_name, store.s_store_id
                                 ->  HashAggregate  (cost=57525912.17..57525912.17 rows=3 width=392)
                                       Group Key: store.s_store_name, store.s_store_id
                                       ->  Hash Join  (cost=1346.54..57525911.83 rows=3 width=35)
                                             Hash Cond: (store_sales_1_prt_outliers.ss_store_sk = store.s_store_sk)
                                             ->  Redistribute Motion 3:3  (slice2; segments: 3)  (cost=1297.42..57525862.50 rows=11 width=18)
                                                   Hash Key: store_sales_1_prt_outliers.ss_store_sk
                                                   ->  Hash Join  (cost=1297.42..57525861.87 rows=11 width=18)
                                                         Hash Cond: (store_sales_1_prt_outliers.ss_sold_date_sk = date_dim.d_date_sk)
                                                         ->  Append  (cost=0.00..39524635.96 rows=959996170 width=14)
                                                               ->  Result  (cost=0.00..1568615.00 rows=43200334 width=14)
                                                                     One-Time Filter: PartSelected
                                                                     ->  Append-only Columnar Scan on store_sales_1_prt_outliers  (cost=0.00..1568615.00 rows=43200334 width=14)
                                                               ->  Result  (cost=0.00..324595.00 rows=7840134 width=14)
                                                                     One-Time Filter: PartSelected
                                                                     ->  Append-only Columnar Scan on store_sales_1_prt_2  (cost=0.00..324595.00 rows=7840134 width=14)
                                                               ->  Result  (cost=0.00..336211.00 rows=8120800 width=14)
                                                                     One-Time Filter: PartSelected
                                                                     ->  Append-only Columnar Scan on store_sales_1_prt_3  (cost=0.00..336211.00 rows=8120800 width=14)
                                                               ->  Result  (cost=0.00..324382.00 rows=7834967 width=14)
                                                                     One-Time Filter: PartSelected
                                                                     ->  Append-only Columnar Scan on store_sales_1_prt_4  (cost=0.00..324382.00 rows=7834967 width=14)
                                                               ->  Result  (cost=0.00..336381.00 rows=8124734 width=14)
                                                                     One-Time Filter: PartSelected
                                                                     ->  Append-only Columnar Scan on store_sales_1_prt_5  (cost=0.00..336381.00 rows=8124734 width=14)
                                                               ->  Result  (cost=0.00..336417.00 rows=8125800 width=14)
                                                                     One-Time Filter: PartSelected
                                                                     ->  Append-only Columnar Scan on store_sales_1_prt_6  (cost=0.00..336417.00 rows=8125800 width=14)
                                                               ->  Result  (cost=0.00..336453.00 rows=8126567 width=14)
                                                                     One-Time Filter: PartSelected
                                                                     ->  Append-only Columnar Scan on store_sales_1_prt_7  (cost=0.00..336453.00 rows=8126567 width=14)
                                                               ->  Result  (cost=0.00..336058.00 rows=8116967 width=14)
                                                                     One-Time Filter: PartSelected
                                                                     ->  Append-only Columnar Scan on store_sales_1_prt_8  (cost=0.00..336058.00 rows=8116967 width=14)
                                                               ->  Result  (cost=0.00..489738.00 rows=11829267 width=14)
                                                                     One-Time Filter: PartSelected
                                                                     ->  Append-only Columnar Scan on store_sales_1_prt_9  (cost=0.00..489738.00 rows=11829267 width=14)
                                                               ->  Result  (cost=0.00..765474.00 rows=18489534 width=14)
                                                                     One-Time Filter: PartSelected
                                                                     ->  Append-only Columnar Scan on store_sales_1_prt_10  (cost=0.00..765474.00 rows=18489534 width=14)
                                                               ->  Result  (cost=0.00..766278.00 rows=18508900 width=14)
                                                                     One-Time Filter: PartSelected
                                                                     ->  Append-only Columnar Scan on store_sales_1_prt_11  (cost=0.00..766278.00 rows=18508900 width=14)
                                                               ->  Result  (cost=0.00..793967.00 rows=19177700 width=14)
                                                                     One-Time Filter: PartSelected
                                                                     ->  Append-only Columnar Scan on store_sales_1_prt_12  (cost=0.00..793967.00 rows=19177700 width=14)
                                                               ->  Result  (cost=0.00..1159820.00 rows=28014600 width=14)
                                                                     One-Time Filter: PartSelected
                                                                     ->  Append-only Columnar Scan on store_sales_1_prt_13  (cost=0.00..1159820.00 rows=28014600 width=14)
                                                               ->  Result  (cost=0.00..1160753.00 rows=28037334 width=14)
                                                                     One-Time Filter: PartSelected
                                                                     ->  Append-only Columnar Scan on store_sales_1_prt_14  (cost=0.00..1160753.00 rows=28037334 width=14)
                                                               ->  Result  (cost=0.00..436710.00 rows=10548367 width=14)
                                                                     One-Time Filter: PartSelected
                                                                     ->  Append-only Columnar Scan on store_sales_1_prt_15  (cost=0.00..436710.00 rows=10548367 width=14)
                                                               ->  Result  (cost=0.00..336477.00 rows=8127134 width=14)
                                                                     One-Time Filter: PartSelected
                                                                     ->  Append-only Columnar Scan on store_sales_1_prt_16  (cost=0.00..336477.00 rows=8127134 width=14)
                                                               ->  Result  (cost=0.00..324706.00 rows=7842834 width=14)
                                                                     One-Time Filter: PartSelected
                                                                     ->  Append-only Columnar Scan on store_sales_1_prt_17  (cost=0.00..324706.00 rows=7842834 width=14)
                                                               ->  Result  (cost=0.00..336587.00 rows=8129867 width=14)
                                                                     One-Time Filter: PartSelected
                                                                     ->  Append-only Columnar Scan on store_sales_1_prt_18  (cost=0.00..336587.00 rows=8129867 width=14)
                                                               ->  Result  (cost=0.00..336153.00 rows=8119367 width=14)
                                                                     One-Time Filter: PartSelected
                                                                     ->  Append-only Columnar Scan on store_sales_1_prt_19  (cost=0.00..336153.00 rows=8119367 width=14)
                                                               ->  Result  (cost=0.00..336736.00 rows=8133367 width=14)
                                                                     One-Time Filter: PartSelected
                                                                     ->  Append-only Columnar Scan on store_sales_1_prt_20  (cost=0.00..336736.00 rows=8133367 width=14)
                                                               ->  Result  (cost=0.00..336190.00 rows=8120200 width=14)
                                                                     One-Time Filter: PartSelected
                                                                     ->  Append-only Columnar Scan on store_sales_1_prt_21  (cost=0.00..336190.00 rows=8120200 width=14)
                                                               ->  Result  (cost=0.00..474334.00 rows=11457100 width=14)
                                                                     One-Time Filter: PartSelected
                                                                     ->  Append-only Columnar Scan on store_sales_1_prt_22  (cost=0.00..474334.00 rows=11457100 width=14)
                                                               ->  Result  (cost=0.00..766084.00 rows=18504234 width=14)
                                                                     One-Time Filter: PartSelected
                                                                     ->  Append-only Columnar Scan on store_sales_1_prt_23  (cost=0.00..766084.00 rows=18504234 width=14)
                                                               ->  Result  (cost=0.00..765781.00 rows=18496900 width=14)
                                                                     One-Time Filter: PartSelected
                                                                     ->  Append-only Columnar Scan on store_sales_1_prt_24  (cost=0.00..765781.00 rows=18496900 width=14)
                                                               ->  Result  (cost=0.00..779443.00 rows=18826834 width=14)
                                                                     One-Time Filter: PartSelected
                                                                     ->  Append-only Columnar Scan on store_sales_1_prt_25  (cost=0.00..779443.00 rows=18826834 width=14)
                                                               ->  Result  (cost=0.00..1160832.00 rows=28039467 width=14)
                                                                     One-Time Filter: PartSelected
                                                                     ->  Append-only Columnar Scan on store_sales_1_prt_26  (cost=0.00..1160832.00 rows=28039467 width=14)
                                                               ->  Result  (cost=0.00..1160090.00 rows=28021400 width=14)
                                                                     One-Time Filter: PartSelected
                                                                     ->  Append-only Columnar Scan on store_sales_1_prt_27  (cost=0.00..1160090.00 rows=28021400 width=14)
                                                               ->  Result  (cost=0.00..465893.00 rows=11253134 width=14)
                                                                     One-Time Filter: PartSelected
                                                                     ->  Append-only Columnar Scan on store_sales_1_prt_28  (cost=0.00..465893.00 rows=11253134 width=14)
                                                               ->  Result  (cost=0.00..335914.00 rows=8113600 width=14)
                                                                     One-Time Filter: PartSelected
                                                                     ->  Append-only Columnar Scan on store_sales_1_prt_29  (cost=0.00..335914.00 rows=8113600 width=14)
                                                               ->  Result  (cost=0.00..336186.00 rows=8120167 width=14)
                                                                     One-Time Filter: PartSelected
                                                                     ->  Append-only Columnar Scan on store_sales_1_prt_30  (cost=0.00..336186.00 rows=8120167 width=14)
                                                               ->  Result  (cost=0.00..336014.00 rows=8115934 width=14)
                                                                     One-Time Filter: PartSelected
                                                                     ->  Append-only Columnar Scan on store_sales_1_prt_31  (cost=0.00..336014.00 rows=8115934 width=14)
                                                               ->  Result  (cost=0.00..335918.00 rows=8113667 width=14)
                                                                     One-Time Filter: PartSelected
                                                                     ->  Append-only Columnar Scan on store_sales_1_prt_32  (cost=0.00..335918.00 rows=8113667 width=14)
                                                               ->  Result  (cost=0.00..336069.00 rows=8117334 width=14)
                                                                     One-Time Filter: PartSelected
                                                                     ->  Append-only Columnar Scan on store_sales_1_prt_33  (cost=0.00..336069.00 rows=8117334 width=14)
                                                               ->  Result  (cost=0.00..335472.00 rows=8102900 width=14)
                                                                     One-Time Filter: PartSelected
                                                                     ->  Append-only Columnar Scan on store_sales_1_prt_34  (cost=0.00..335472.00 rows=8102900 width=14)
                                                               ->  Result  (cost=0.00..457985.00 rows=11062100 width=14)
                                                                     One-Time Filter: PartSelected
                                                                     ->  Append-only Columnar Scan on store_sales_1_prt_35  (cost=0.00..457985.00 rows=11062100 width=14)
                                                               ->  Result  (cost=0.00..764679.00 rows=18470400 width=14)
                                                                     One-Time Filter: PartSelected
                                                                     ->  Append-only Columnar Scan on store_sales_1_prt_36  (cost=0.00..764679.00 rows=18470400 width=14)
                                                               ->  Result  (cost=0.00..764030.00 rows=18454700 width=14)
                                                                     One-Time Filter: PartSelected
                                                                     ->  Append-only Columnar Scan on store_sales_1_prt_37  (cost=0.00..764030.00 rows=18454700 width=14)
                                                               ->  Result  (cost=0.00..764484.00 rows=18465634 width=14)
                                                                     One-Time Filter: PartSelected
                                                                     ->  Append-only Columnar Scan on store_sales_1_prt_38  (cost=0.00..764484.00 rows=18465634 width=14)
                                                               ->  Result  (cost=0.00..1158198.04 rows=27975568 width=14)
                                                                     One-Time Filter: PartSelected
                                                                     ->  Append-only Columnar Scan on store_sales_1_prt_39  (cost=0.00..1158198.04 rows=27975568 width=14)
                                                               ->  Result  (cost=0.00..1158199.04 rows=27975968 width=14)
                                                                     One-Time Filter: PartSelected
                                                                     ->  Append-only Columnar Scan on store_sales_1_prt_40  (cost=0.00..1158199.04 rows=27975968 width=14)
                                                               ->  Result  (cost=0.00..483138.00 rows=11669800 width=14)
                                                                     One-Time Filter: PartSelected
                                                                     ->  Append-only Columnar Scan on store_sales_1_prt_41  (cost=0.00..483138.00 rows=11669800 width=14)
                                                               ->  Result  (cost=0.00..336559.00 rows=8129100 width=14)
                                                                     One-Time Filter: PartSelected
                                                                     ->  Append-only Columnar Scan on store_sales_1_prt_42  (cost=0.00..336559.00 rows=8129100 width=14)
                                                               ->  Result  (cost=0.00..324602.00 rows=7840367 width=14)
                                                                     One-Time Filter: PartSelected
                                                                     ->  Append-only Columnar Scan on store_sales_1_prt_43  (cost=0.00..324602.00 rows=7840367 width=14)
                                                               ->  Result  (cost=0.00..336209.00 rows=8120567 width=14)
                                                                     One-Time Filter: PartSelected
                                                                     ->  Append-only Columnar Scan on store_sales_1_prt_44  (cost=0.00..336209.00 rows=8120567 width=14)
                                                               ->  Result  (cost=0.00..336313.00 rows=8123267 width=14)
                                                                     One-Time Filter: PartSelected
                                                                     ->  Append-only Columnar Scan on store_sales_1_prt_45  (cost=0.00..336313.00 rows=8123267 width=14)
                                                               ->  Result  (cost=0.00..336621.00 rows=8130734 width=14)
                                                                     One-Time Filter: PartSelected
                                                                     ->  Append-only Columnar Scan on store_sales_1_prt_46  (cost=0.00..336621.00 rows=8130734 width=14)
                                                               ->  Result  (cost=0.00..335906.00 rows=8113400 width=14)
                                                                     One-Time Filter: PartSelected
                                                                     ->  Append-only Columnar Scan on store_sales_1_prt_47  (cost=0.00..335906.00 rows=8113400 width=14)
                                                               ->  Result  (cost=0.00..428657.00 rows=10353800 width=14)
                                                                     One-Time Filter: PartSelected
                                                                     ->  Append-only Columnar Scan on store_sales_1_prt_48  (cost=0.00..428657.00 rows=10353800 width=14)
                                                               ->  Result  (cost=0.00..766560.00 rows=18515734 width=14)
                                                                     One-Time Filter: PartSelected
                                                                     ->  Append-only Columnar Scan on store_sales_1_prt_49  (cost=0.00..766560.00 rows=18515734 width=14)
                                                               ->  Result  (cost=0.00..766167.00 rows=18506234 width=14)
                                                                     One-Time Filter: PartSelected
                                                                     ->  Append-only Columnar Scan on store_sales_1_prt_50  (cost=0.00..766167.00 rows=18506234 width=14)
                                                               ->  Result  (cost=0.00..766196.00 rows=18506900 width=14)
                                                                     One-Time Filter: PartSelected
                                                                     ->  Append-only Columnar Scan on store_sales_1_prt_51  (cost=0.00..766196.00 rows=18506900 width=14)
                                                               ->  Result  (cost=0.00..1130938.00 rows=27317200 width=14)
                                                                     One-Time Filter: PartSelected
                                                                     ->  Append-only Columnar Scan on store_sales_1_prt_52  (cost=0.00..1130938.00 rows=27317200 width=14)
                                                               ->  Result  (cost=0.00..1160637.96 rows=28034566 width=14)
                                                                     One-Time Filter: PartSelected
                                                                     ->  Append-only Columnar Scan on store_sales_1_prt_53  (cost=0.00..1160637.96 rows=28034566 width=14)
                                                               ->  Result  (cost=0.00..555225.00 rows=13411000 width=14)
                                                                     One-Time Filter: PartSelected
                                                                     ->  Append-only Columnar Scan on store_sales_1_prt_54  (cost=0.00..555225.00 rows=13411000 width=14)
                                                               ->  Result  (cost=0.00..336782.00 rows=8134567 width=14)
                                                                     One-Time Filter: PartSelected
                                                                     ->  Append-only Columnar Scan on store_sales_1_prt_55  (cost=0.00..336782.00 rows=8134567 width=14)
                                                               ->  Result  (cost=0.00..324454.00 rows=7836734 width=14)
                                                                     One-Time Filter: PartSelected
                                                                     ->  Append-only Columnar Scan on store_sales_1_prt_56  (cost=0.00..324454.00 rows=7836734 width=14)
                                                               ->  Result  (cost=0.00..336546.00 rows=8128867 width=14)
                                                                     One-Time Filter: PartSelected
                                                                     ->  Append-only Columnar Scan on store_sales_1_prt_57  (cost=0.00..336546.00 rows=8128867 width=14)
                                                               ->  Result  (cost=0.00..336207.00 rows=8120667 width=14)
                                                                     One-Time Filter: PartSelected
                                                                     ->  Append-only Columnar Scan on store_sales_1_prt_58  (cost=0.00..336207.00 rows=8120667 width=14)
                                                               ->  Result  (cost=0.00..336578.00 rows=8129534 width=14)
                                                                     One-Time Filter: PartSelected
                                                                     ->  Append-only Columnar Scan on store_sales_1_prt_59  (cost=0.00..336578.00 rows=8129534 width=14)
                                                               ->  Result  (cost=0.00..336468.00 rows=8127067 width=14)
                                                                     One-Time Filter: PartSelected
                                                                     ->  Append-only Columnar Scan on store_sales_1_prt_60  (cost=0.00..336468.00 rows=8127067 width=14)
                                                               ->  Result  (cost=0.00..412992.00 rows=9975467 width=14)
                                                                     One-Time Filter: PartSelected
                                                                     ->  Append-only Columnar Scan on store_sales_1_prt_61  (cost=0.00..412992.00 rows=9975467 width=14)
                                                               ->  Result  (cost=0.00..765709.00 rows=18495234 width=14)
                                                                     One-Time Filter: PartSelected
                                                                     ->  Append-only Columnar Scan on store_sales_1_prt_62  (cost=0.00..765709.00 rows=18495234 width=14)
                                                               ->  Result  (cost=0.00..766176.00 rows=18506500 width=14)
                                                                     One-Time Filter: PartSelected
                                                                     ->  Append-only Columnar Scan on store_sales_1_prt_63  (cost=0.00..766176.00 rows=18506500 width=14)
                                                               ->  Result  (cost=0.00..766142.00 rows=18505834 width=14)
                                                                     One-Time Filter: PartSelected
                                                                     ->  Append-only Columnar Scan on store_sales_1_prt_64  (cost=0.00..766142.00 rows=18505834 width=14)
                                                               ->  Result  (cost=0.00..1117566.96 rows=26994166 width=14)
                                                                     One-Time Filter: PartSelected
                                                                     ->  Append-only Columnar Scan on store_sales_1_prt_65  (cost=0.00..1117566.96 rows=26994166 width=14)
                                                               ->  Result  (cost=0.00..1159645.96 rows=28010566 width=14)
                                                                     One-Time Filter: PartSelected
                                                                     ->  Append-only Columnar Scan on store_sales_1_prt_66  (cost=0.00..1159645.96 rows=28010566 width=14)
                                                               ->  Result  (cost=0.00..331321.00 rows=8002500 width=14)
                                                                     One-Time Filter: PartSelected
                                                                     ->  Append-only Columnar Scan on store_sales_1_prt_67  (cost=0.00..331321.00 rows=8002500 width=14)
                                                               ->  Result  (cost=0.00..1.00 rows=1 width=22)
                                                                     One-Time Filter: PartSelected
                                                                     ->  Append-only Columnar Scan on store_sales_1_prt_68  (cost=0.00..1.00 rows=1 width=22)
                                                               ->  Result  (cost=0.00..1.00 rows=1 width=22)
                                                                     One-Time Filter: PartSelected
                                                                     ->  Append-only Columnar Scan on store_sales_1_prt_69  (cost=0.00..1.00 rows=1 width=22)
                                                               ->  Result  (cost=0.00..1.00 rows=1 width=22)
                                                                     One-Time Filter: PartSelected
                                                                     ->  Append-only Columnar Scan on store_sales_1_prt_70  (cost=0.00..1.00 rows=1 width=22)
                                                               ->  Result  (cost=0.00..1.00 rows=1 width=22)
                                                                     One-Time Filter: PartSelected
                                                                     ->  Append-only Columnar Scan on store_sales_1_prt_71  (cost=0.00..1.00 rows=1 width=22)
                                                               ->  Result  (cost=0.00..1.00 rows=1 width=22)
                                                                     One-Time Filter: PartSelected
                                                                     ->  Append-only Columnar Scan on store_sales_1_prt_72  (cost=0.00..1.00 rows=1 width=22)
                                                               ->  Result  (cost=0.00..1.00 rows=1 width=22)
                                                                     One-Time Filter: PartSelected
                                                                     ->  Append-only Columnar Scan on store_sales_1_prt_73  (cost=0.00..1.00 rows=1 width=22)
                                                               ->  Result  (cost=0.00..1.00 rows=1 width=22)
                                                                     One-Time Filter: PartSelected
                                                                     ->  Append-only Columnar Scan on store_sales_1_prt_74  (cost=0.00..1.00 rows=1 width=22)
                                                               ->  Result  (cost=0.00..1.00 rows=1 width=22)
                                                                     One-Time Filter: PartSelected
                                                                     ->  Append-only Columnar Scan on store_sales_1_prt_75  (cost=0.00..1.00 rows=1 width=22)
                                                               ->  Result  (cost=0.00..1.00 rows=1 width=22)
                                                                     One-Time Filter: PartSelected
                                                                     ->  Append-only Columnar Scan on store_sales_1_prt_76  (cost=0.00..1.00 rows=1 width=22)
                                                               ->  Result  (cost=0.00..1.00 rows=1 width=22)
                                                                     One-Time Filter: PartSelected
                                                                     ->  Append-only Columnar Scan on store_sales_1_prt_77  (cost=0.00..1.00 rows=1 width=22)
                                                               ->  Result  (cost=0.00..1.00 rows=1 width=22)
                                                                     One-Time Filter: PartSelected
                                                                     ->  Append-only Columnar Scan on store_sales_1_prt_78  (cost=0.00..1.00 rows=1 width=22)
                                                               ->  Result  (cost=0.00..1.00 rows=1 width=22)
                                                                     One-Time Filter: PartSelected
                                                                     ->  Append-only Columnar Scan on store_sales_1_prt_79  (cost=0.00..1.00 rows=1 width=22)
                                                               ->  Result  (cost=0.00..1.00 rows=1 width=22)
                                                                     One-Time Filter: PartSelected
                                                                     ->  Append-only Columnar Scan on store_sales_1_prt_80  (cost=0.00..1.00 rows=1 width=22)
                                                         ->  Hash  (cost=1283.72..1283.72 rows=366 width=12)
                                                               ->  Partition Selector for store_sales (dynamic scan id: 1)  (cost=0.00..1283.72 rows=366 width=12)
                                                                     Filter: date_dim.d_date_sk
                                                                     ->  Broadcast Motion 3:3  (slice1; segments: 3)  (cost=0.00..1283.72 rows=366 width=12)
                                                                           ->  Seq Scan on date_dim  (cost=0.00..1269.11 rows=122 width=12)
                                                                                 Filter: (d_year = 1998)
                                             ->  Hash  (cost=44.52..44.52 rows=123 width=25)
                                                   ->  Seq Scan on store  (cost=0.00..44.52 rows=123 width=25)
                                                         Filter: (s_gmt_offset = (-6)::numeric)
 Planning time: 17.044 ms
 Optimizer: legacy query optimizer
(270 rows)

-- end query 1 in stream 0 using template query43.tpl
