-- start query 1 in stream 0 using template query44.tpl
explain
select  asceding.rnk, i1.i_product_name best_performing, i2.i_product_name worst_performing
from(select *
     from (select item_sk,rank() over (order by rank_col asc) rnk
           from (select ss_item_sk item_sk,avg(ss_net_profit) rank_col 
                 from store_sales ss1
                 where ss_store_sk = 236
                 group by ss_item_sk
                 having avg(ss_net_profit) > 0.9*(select avg(ss_net_profit) rank_col
                                                  from store_sales
                                                  where ss_store_sk = 236
                                                    and ss_hdemo_sk is null
                                                  group by ss_store_sk))V1)V11
     where rnk  < 11) asceding,
    (select *
     from (select item_sk,rank() over (order by rank_col desc) rnk
           from (select ss_item_sk item_sk,avg(ss_net_profit) rank_col
                 from store_sales ss1
                 where ss_store_sk = 236
                 group by ss_item_sk
                 having avg(ss_net_profit) > 0.9*(select avg(ss_net_profit) rank_col
                                                  from store_sales
                                                  where ss_store_sk = 236
                                                    and ss_hdemo_sk is null
                                                  group by ss_store_sk))V2)V21
     where rnk  < 11) descending,
item i1,
item i2
where asceding.rnk = descending.rnk 
  and i1.i_item_sk=asceding.item_sk
  and i2.i_item_sk=descending.item_sk
order by asceding.rnk
limit 100;
                                                                                                                            QUERY PLAN                                                                                                                             
-------------------------------------------------------------------------------------------------------------------------------------------------------------------------------------------------------------------------------------------------------------------
 Limit  (cost=187497429.64..187497431.89 rows=100 width=54)
   ->  Gather Motion 3:1  (slice13; segments: 3)  (cost=187497429.64..187497431.89 rows=100 width=54)
         Merge Key: v11.rnk
         ->  Limit  (cost=187497429.64..187497429.89 rows=34 width=54)
               ->  Sort  (cost=187497429.64..187503603.79 rows=823220 width=54)
                     Sort Key: v11.rnk
                     ->  Hash Join  (cost=187062369.04..187403041.04 rows=823220 width=54)
                           Hash Cond: (v11.rnk = v21.rnk)
                           ->  Redistribute Motion 3:3  (slice6; segments: 3)  (cost=93527302.05..93534445.80 rows=16566 width=31)
                                 Hash Key: v11.rnk
                                 ->  Hash Join  (cost=93527302.05..93533451.89 rows=16566 width=31)
                                       Hash Cond: (v11.item_sk = i1.i_item_sk)
                                       ->  Redistribute Motion 1:3  (slice5; segments: 1)  (cost=93517579.99..93523046.51 rows=49696 width=12)
                                             Hash Key: v11.item_sk
                                             ->  Subquery Scan on v11  (cost=93517579.99..93522052.60 rows=49696 width=12)
                                                   Filter: (v11.rnk < 11)
                                                   ->  WindowAgg  (cost=93517579.99..93520189.01 rows=149087 width=36)
                                                         Order By: v1.rank_col
                                                         ->  Gather Motion 3:1  (slice4; segments: 3)  (cost=93517579.99..93517952.71 rows=149087 width=36)
                                                               Merge Key: v1.rank_col
                                                               ->  Sort  (cost=93517579.99..93517952.71 rows=49696 width=36)
                                                                     Sort Key: v1.rank_col
                                                                     ->  Subquery Scan on v1  (cost=93500296.49..93504769.10 rows=49696 width=36)
                                                                           ->  HashAggregate  (cost=93500296.49..93503278.23 rows=49696 width=36)
                                                                                 Group Key: ss1.ss_item_sk
                                                                                 Filter: (pg_catalog.avg((avg(ss1.ss_net_profit))) > (0.9 * $0))
                                                                                 InitPlan 1 (returns $0)  (slice14)
                                                                                   ->  Gather Motion 3:1  (slice3; segments: 3)  (cost=46729191.71..46729206.74 rows=501 width=36)
                                                                                         ->  GroupAggregate  (cost=46729191.71..46729206.74 rows=167 width=36)
                                                                                               Group Key: store_sales_1_prt_outliers.ss_store_sk
                                                                                               ->  Sort  (cost=46729191.71..46729192.96 rows=167 width=36)
                                                                                                     Sort Key: store_sales_1_prt_outliers.ss_store_sk
                                                                                                     ->  Redistribute Motion 3:3  (slice2; segments: 3)  (cost=0.00..46729169.24 rows=167 width=36)
                                                                                                           Hash Key: store_sales_1_prt_outliers.ss_store_sk
                                                                                                           ->  GroupAggregate  (cost=0.00..46729159.22 rows=167 width=36)
                                                                                                                 Group Key: store_sales_1_prt_outliers.ss_store_sk
                                                                                                                 ->  Append  (cost=0.00..46724607.20 rows=303051 width=10)
                                                                                                                       ->  Append-only Columnar Scan on store_sales_1_prt_outliers  (cost=0.00..1892617.50 rows=30386 width=10)
                                                                                                                             Filter: ((ss_hdemo_sk IS NULL) AND (ss_store_sk = 236))
                                                                                                                       ->  Append-only Columnar Scan on store_sales_1_prt_2  (cost=0.00..383396.00 rows=2264 width=10)
                                                                                                                             Filter: ((ss_hdemo_sk IS NULL) AND (ss_store_sk = 236))
                                                                                                                       ->  Append-only Columnar Scan on store_sales_1_prt_3  (cost=0.00..397117.00 rows=2438 width=10)
                                                                                                                             Filter: ((ss_hdemo_sk IS NULL) AND (ss_store_sk = 236))
                                                                                                                       ->  Append-only Columnar Scan on store_sales_1_prt_4  (cost=0.00..383144.25 rows=2338 width=10)
                                                                                                                             Filter: ((ss_hdemo_sk IS NULL) AND (ss_store_sk = 236))
                                                                                                                       ->  Append-only Columnar Scan on store_sales_1_prt_5  (cost=0.00..397316.50 rows=2443 width=10)
                                                                                                                             Filter: ((ss_hdemo_sk IS NULL) AND (ss_store_sk = 236))
                                                                                                                       ->  Append-only Columnar Scan on store_sales_1_prt_6  (cost=0.00..397360.50 rows=2489 width=10)
                                                                                                                             Filter: ((ss_hdemo_sk IS NULL) AND (ss_store_sk = 236))
                                                                                                                       ->  Append-only Columnar Scan on store_sales_1_prt_7  (cost=0.00..397402.25 rows=2435 width=10)
                                                                                                                             Filter: ((ss_hdemo_sk IS NULL) AND (ss_store_sk = 236))
                                                                                                                       ->  Append-only Columnar Scan on store_sales_1_prt_8  (cost=0.00..396935.25 rows=2429 width=10)
                                                                                                                             Filter: ((ss_hdemo_sk IS NULL) AND (ss_store_sk = 236))
                                                                                                                       ->  Append-only Columnar Scan on store_sales_1_prt_9  (cost=0.00..578457.50 rows=3556 width=10)
                                                                                                                             Filter: ((ss_hdemo_sk IS NULL) AND (ss_store_sk = 236))
                                                                                                                       ->  Append-only Columnar Scan on store_sales_1_prt_10  (cost=0.00..904145.50 rows=5482 width=10)
                                                                                                                             Filter: ((ss_hdemo_sk IS NULL) AND (ss_store_sk = 236))
                                                                                                                       ->  Append-only Columnar Scan on store_sales_1_prt_11  (cost=0.00..905094.75 rows=5465 width=10)
                                                                                                                             Filter: ((ss_hdemo_sk IS NULL) AND (ss_store_sk = 236))
                                                                                                                       ->  Append-only Columnar Scan on store_sales_1_prt_12  (cost=0.00..937799.75 rows=5783 width=10)
                                                                                                                             Filter: ((ss_hdemo_sk IS NULL) AND (ss_store_sk = 236))
                                                                                                                       ->  Append-only Columnar Scan on store_sales_1_prt_13  (cost=0.00..1369929.50 rows=8271 width=10)
                                                                                                                             Filter: ((ss_hdemo_sk IS NULL) AND (ss_store_sk = 236))
                                                                                                                       ->  Append-only Columnar Scan on store_sales_1_prt_14  (cost=0.00..1371033.00 rows=8400 width=10)
                                                                                                                             Filter: ((ss_hdemo_sk IS NULL) AND (ss_store_sk = 236))
                                                                                                                       ->  Append-only Columnar Scan on store_sales_1_prt_15  (cost=0.00..515822.75 rows=3018 width=10)
                                                                                                                             Filter: ((ss_hdemo_sk IS NULL) AND (ss_store_sk = 236))
                                                                                                                       ->  Append-only Columnar Scan on store_sales_1_prt_16  (cost=0.00..397430.50 rows=2427 width=10)
                                                                                                                             Filter: ((ss_hdemo_sk IS NULL) AND (ss_store_sk = 236))
                                                                                                                       ->  Append-only Columnar Scan on store_sales_1_prt_17  (cost=0.00..383527.25 rows=2314 width=10)
                                                                                                                             Filter: ((ss_hdemo_sk IS NULL) AND (ss_store_sk = 236))
                                                                                                                       ->  Append-only Columnar Scan on store_sales_1_prt_18  (cost=0.00..397561.00 rows=2458 width=10)
                                                                                                                             Filter: ((ss_hdemo_sk IS NULL) AND (ss_store_sk = 236))
                                                                                                                       ->  Append-only Columnar Scan on store_sales_1_prt_19  (cost=0.00..397048.25 rows=2382 width=10)
                                                                                                                             Filter: ((ss_hdemo_sk IS NULL) AND (ss_store_sk = 236))
                                                                                                                       ->  Append-only Columnar Scan on store_sales_1_prt_20  (cost=0.00..397736.25 rows=2367 width=10)
                                                                                                                             Filter: ((ss_hdemo_sk IS NULL) AND (ss_store_sk = 236))
                                                                                                                       ->  Append-only Columnar Scan on store_sales_1_prt_21  (cost=0.00..397091.50 rows=2454 width=10)
                                                                                                                             Filter: ((ss_hdemo_sk IS NULL) AND (ss_store_sk = 236))
                                                                                                                       ->  Append-only Columnar Scan on store_sales_1_prt_22  (cost=0.00..560262.25 rows=3404 width=10)
                                                                                                                             Filter: ((ss_hdemo_sk IS NULL) AND (ss_store_sk = 236))
                                                                                                                       ->  Append-only Columnar Scan on store_sales_1_prt_23  (cost=0.00..904865.75 rows=5491 width=10)
                                                                                                                             Filter: ((ss_hdemo_sk IS NULL) AND (ss_store_sk = 236))
                                                                                                                       ->  Append-only Columnar Scan on store_sales_1_prt_24  (cost=0.00..904507.75 rows=5478 width=10)
                                                                                                                             Filter: ((ss_hdemo_sk IS NULL) AND (ss_store_sk = 236))
                                                                                                                       ->  Append-only Columnar Scan on store_sales_1_prt_25  (cost=0.00..920644.25 rows=5706 width=10)
                                                                                                                             Filter: ((ss_hdemo_sk IS NULL) AND (ss_store_sk = 236))
                                                                                                                       ->  Append-only Columnar Scan on store_sales_1_prt_26  (cost=0.00..1371128.00 rows=8297 width=10)
                                                                                                                             Filter: ((ss_hdemo_sk IS NULL) AND (ss_store_sk = 236))
                                                                                                                       ->  Append-only Columnar Scan on store_sales_1_prt_27  (cost=0.00..1370250.50 rows=8430 width=10)
                                                                                                                             Filter: ((ss_hdemo_sk IS NULL) AND (ss_store_sk = 236))
                                                                                                                       ->  Append-only Columnar Scan on store_sales_1_prt_28  (cost=0.00..550291.50 rows=3430 width=10)
                                                                                                                             Filter: ((ss_hdemo_sk IS NULL) AND (ss_store_sk = 236))
                                                                                                                       ->  Append-only Columnar Scan on store_sales_1_prt_29  (cost=0.00..396766.00 rows=2350 width=10)
                                                                                                                             Filter: ((ss_hdemo_sk IS NULL) AND (ss_store_sk = 236))
                                                                                                                       ->  Append-only Columnar Scan on store_sales_1_prt_30  (cost=0.00..397087.25 rows=2415 width=10)
                                                                                                                             Filter: ((ss_hdemo_sk IS NULL) AND (ss_store_sk = 236))
                                                                                                                       ->  Append-only Columnar Scan on store_sales_1_prt_31  (cost=0.00..396883.50 rows=2458 width=10)
                                                                                                                             Filter: ((ss_hdemo_sk IS NULL) AND (ss_store_sk = 236))
                                                                                                                       ->  Append-only Columnar Scan on store_sales_1_prt_32  (cost=0.00..396770.50 rows=2452 width=10)
                                                                                                                             Filter: ((ss_hdemo_sk IS NULL) AND (ss_store_sk = 236))
                                                                                                                       ->  Append-only Columnar Scan on store_sales_1_prt_33  (cost=0.00..396949.00 rows=2381 width=10)
                                                                                                                             Filter: ((ss_hdemo_sk IS NULL) AND (ss_store_sk = 236))
                                                                                                                       ->  Append-only Columnar Scan on store_sales_1_prt_34  (cost=0.00..396243.75 rows=2440 width=10)
                                                                                                                             Filter: ((ss_hdemo_sk IS NULL) AND (ss_store_sk = 236))
                                                                                                                       ->  Append-only Columnar Scan on store_sales_1_prt_35  (cost=0.00..540950.75 rows=3345 width=10)
                                                                                                                             Filter: ((ss_hdemo_sk IS NULL) AND (ss_store_sk = 236))
                                                                                                                       ->  Append-only Columnar Scan on store_sales_1_prt_36  (cost=0.00..903207.00 rows=5403 width=10)
                                                                                                                             Filter: ((ss_hdemo_sk IS NULL) AND (ss_store_sk = 236))
                                                                                                                       ->  Append-only Columnar Scan on store_sales_1_prt_37  (cost=0.00..902440.25 rows=5251 width=10)
                                                                                                                             Filter: ((ss_hdemo_sk IS NULL) AND (ss_store_sk = 236))
                                                                                                                       ->  Append-only Columnar Scan on store_sales_1_prt_38  (cost=0.00..902976.25 rows=5539 width=10)
                                                                                                                             Filter: ((ss_hdemo_sk IS NULL) AND (ss_store_sk = 236))
                                                                                                                       ->  Append-only Columnar Scan on store_sales_1_prt_39  (cost=0.00..1368014.80 rows=8268 width=10)
                                                                                                                             Filter: ((ss_hdemo_sk IS NULL) AND (ss_store_sk = 236))
                                                                                                                       ->  Append-only Columnar Scan on store_sales_1_prt_40  (cost=0.00..1368018.80 rows=8519 width=10)
                                                                                                                             Filter: ((ss_hdemo_sk IS NULL) AND (ss_store_sk = 236))
                                                                                                                       ->  Append-only Columnar Scan on store_sales_1_prt_41  (cost=0.00..570661.50 rows=3484 width=10)
                                                                                                                             Filter: ((ss_hdemo_sk IS NULL) AND (ss_store_sk = 236))
                                                                                                                       ->  Append-only Columnar Scan on store_sales_1_prt_42  (cost=0.00..397527.25 rows=2391 width=10)
                                                                                                                             Filter: ((ss_hdemo_sk IS NULL) AND (ss_store_sk = 236))
                                                                                                                       ->  Append-only Columnar Scan on store_sales_1_prt_43  (cost=0.00..383404.75 rows=2336 width=10)
                                                                                                                             Filter: ((ss_hdemo_sk IS NULL) AND (ss_store_sk = 236))
                                                                                                                       ->  Append-only Columnar Scan on store_sales_1_prt_44  (cost=0.00..397113.25 rows=2276 width=10)
                                                                                                                             Filter: ((ss_hdemo_sk IS NULL) AND (ss_store_sk = 236))
                                                                                                                       ->  Append-only Columnar Scan on store_sales_1_prt_45  (cost=0.00..397237.50 rows=2422 width=10)
                                                                                                                             Filter: ((ss_hdemo_sk IS NULL) AND (ss_store_sk = 236))
                                                                                                                       ->  Append-only Columnar Scan on store_sales_1_prt_46  (cost=0.00..397601.50 rows=2462 width=10)
                                                                                                                             Filter: ((ss_hdemo_sk IS NULL) AND (ss_store_sk = 236))
                                                                                                                       ->  Append-only Columnar Scan on store_sales_1_prt_47  (cost=0.00..396756.50 rows=2414 width=10)
                                                                                                                             Filter: ((ss_hdemo_sk IS NULL) AND (ss_store_sk = 236))
                                                                                                                       ->  Append-only Columnar Scan on store_sales_1_prt_48  (cost=0.00..506310.50 rows=3130 width=10)
                                                                                                                             Filter: ((ss_hdemo_sk IS NULL) AND (ss_store_sk = 236))
                                                                                                                       ->  Append-only Columnar Scan on store_sales_1_prt_49  (cost=0.00..905428.00 rows=5441 width=10)
                                                                                                                             Filter: ((ss_hdemo_sk IS NULL) AND (ss_store_sk = 236))
                                                                                                                       ->  Append-only Columnar Scan on store_sales_1_prt_50  (cost=0.00..904963.75 rows=5509 width=10)
                                                                                                                             Filter: ((ss_hdemo_sk IS NULL) AND (ss_store_sk = 236))
                                                                                                                       ->  Append-only Columnar Scan on store_sales_1_prt_51  (cost=0.00..904997.75 rows=5793 width=10)
                                                                                                                             Filter: ((ss_hdemo_sk IS NULL) AND (ss_store_sk = 236))
                                                                                                                       ->  Append-only Columnar Scan on store_sales_1_prt_52  (cost=0.00..1335817.00 rows=8111 width=10)
                                                                                                                             Filter: ((ss_hdemo_sk IS NULL) AND (ss_store_sk = 236))
                                                                                                                       ->  Append-only Columnar Scan on store_sales_1_prt_53  (cost=0.00..1370897.20 rows=8256 width=10)
                                                                                                                             Filter: ((ss_hdemo_sk IS NULL) AND (ss_store_sk = 236))
                                                                                                                       ->  Append-only Columnar Scan on store_sales_1_prt_54  (cost=0.00..655807.50 rows=4116 width=10)
                                                                                                                             Filter: ((ss_hdemo_sk IS NULL) AND (ss_store_sk = 236))
                                                                                                                       ->  Append-only Columnar Scan on store_sales_1_prt_55  (cost=0.00..397791.25 rows=2353 width=10)
                                                                                                                             Filter: ((ss_hdemo_sk IS NULL) AND (ss_store_sk = 236))
                                                                                                                       ->  Append-only Columnar Scan on store_sales_1_prt_56  (cost=0.00..383229.50 rows=2315 width=10)
                                                                                                                             Filter: ((ss_hdemo_sk IS NULL) AND (ss_store_sk = 236))
                                                                                                                       ->  Append-only Columnar Scan on store_sales_1_prt_57  (cost=0.00..397512.50 rows=2420 width=10)
                                                                                                                             Filter: ((ss_hdemo_sk IS NULL) AND (ss_store_sk = 236))
                                                                                                                       ->  Append-only Columnar Scan on store_sales_1_prt_58  (cost=0.00..397112.00 rows=2479 width=10)
                                                                                                                             Filter: ((ss_hdemo_sk IS NULL) AND (ss_store_sk = 236))
                                                                                                                       ->  Append-only Columnar Scan on store_sales_1_prt_59  (cost=0.00..397549.50 rows=2451 width=10)
                                                                                                                             Filter: ((ss_hdemo_sk IS NULL) AND (ss_store_sk = 236))
                                                                                                                       ->  Append-only Columnar Scan on store_sales_1_prt_60  (cost=0.00..397421.00 rows=2404 width=10)
                                                                                                                             Filter: ((ss_hdemo_sk IS NULL) AND (ss_store_sk = 236))
                                                                                                                       ->  Append-only Columnar Scan on store_sales_1_prt_61  (cost=0.00..487808.00 rows=3024 width=10)
                                                                                                                             Filter: ((ss_hdemo_sk IS NULL) AND (ss_store_sk = 236))
                                                                                                                       ->  Append-only Columnar Scan on store_sales_1_prt_62  (cost=0.00..904423.25 rows=5283 width=10)
                                                                                                                             Filter: ((ss_hdemo_sk IS NULL) AND (ss_store_sk = 236))
                                                                                                                       ->  Append-only Columnar Scan on store_sales_1_prt_63  (cost=0.00..904974.75 rows=5464 width=10)
                                                                                                                             Filter: ((ss_hdemo_sk IS NULL) AND (ss_store_sk = 236))
                                                                                                                       ->  Append-only Columnar Scan on store_sales_1_prt_64  (cost=0.00..904935.75 rows=5579 width=10)
                                                                                                                             Filter: ((ss_hdemo_sk IS NULL) AND (ss_store_sk = 236))
                                                                                                                       ->  Append-only Columnar Scan on store_sales_1_prt_65  (cost=0.00..1320023.20 rows=7922 width=10)
                                                                                                                             Filter: ((ss_hdemo_sk IS NULL) AND (ss_store_sk = 236))
                                                                                                                       ->  Append-only Columnar Scan on store_sales_1_prt_66  (cost=0.00..1369725.20 rows=8241 width=10)
                                                                                                                             Filter: ((ss_hdemo_sk IS NULL) AND (ss_store_sk = 236))
                                                                                                                       ->  Append-only Columnar Scan on store_sales_1_prt_67  (cost=0.00..391339.75 rows=2349 width=10)
                                                                                                                             Filter: ((ss_hdemo_sk IS NULL) AND (ss_store_sk = 236))
                                                                                                                       ->  Append-only Columnar Scan on store_sales_1_prt_68  (cost=0.00..1.00 rows=1 width=18)
                                                                                                                             Filter: ((ss_hdemo_sk IS NULL) AND (ss_store_sk = 236))
                                                                                                                       ->  Append-only Columnar Scan on store_sales_1_prt_69  (cost=0.00..1.00 rows=1 width=18)
                                                                                                                             Filter: ((ss_hdemo_sk IS NULL) AND (ss_store_sk = 236))
                                                                                                                       ->  Append-only Columnar Scan on store_sales_1_prt_70  (cost=0.00..1.00 rows=1 width=18)
                                                                                                                             Filter: ((ss_hdemo_sk IS NULL) AND (ss_store_sk = 236))
                                                                                                                       ->  Append-only Columnar Scan on store_sales_1_prt_71  (cost=0.00..1.00 rows=1 width=18)
                                                                                                                             Filter: ((ss_hdemo_sk IS NULL) AND (ss_store_sk = 236))
                                                                                                                       ->  Append-only Columnar Scan on store_sales_1_prt_72  (cost=0.00..1.00 rows=1 width=18)
                                                                                                                             Filter: ((ss_hdemo_sk IS NULL) AND (ss_store_sk = 236))
                                                                                                                       ->  Append-only Columnar Scan on store_sales_1_prt_73  (cost=0.00..1.00 rows=1 width=18)
                                                                                                                             Filter: ((ss_hdemo_sk IS NULL) AND (ss_store_sk = 236))
                                                                                                                       ->  Append-only Columnar Scan on store_sales_1_prt_74  (cost=0.00..1.00 rows=1 width=18)
                                                                                                                             Filter: ((ss_hdemo_sk IS NULL) AND (ss_store_sk = 236))
                                                                                                                       ->  Append-only Columnar Scan on store_sales_1_prt_75  (cost=0.00..1.00 rows=1 width=18)
                                                                                                                             Filter: ((ss_hdemo_sk IS NULL) AND (ss_store_sk = 236))
                                                                                                                       ->  Append-only Columnar Scan on store_sales_1_prt_76  (cost=0.00..1.00 rows=1 width=18)
                                                                                                                             Filter: ((ss_hdemo_sk IS NULL) AND (ss_store_sk = 236))
                                                                                                                       ->  Append-only Columnar Scan on store_sales_1_prt_77  (cost=0.00..1.00 rows=1 width=18)
                                                                                                                             Filter: ((ss_hdemo_sk IS NULL) AND (ss_store_sk = 236))
                                                                                                                       ->  Append-only Columnar Scan on store_sales_1_prt_78  (cost=0.00..1.00 rows=1 width=18)
                                                                                                                             Filter: ((ss_hdemo_sk IS NULL) AND (ss_store_sk = 236))
                                                                                                                       ->  Append-only Columnar Scan on store_sales_1_prt_79  (cost=0.00..1.00 rows=1 width=18)
                                                                                                                             Filter: ((ss_hdemo_sk IS NULL) AND (ss_store_sk = 236))
                                                                                                                       ->  Append-only Columnar Scan on store_sales_1_prt_80  (cost=0.00..1.00 rows=1 width=18)
                                                                                                                             Filter: ((ss_hdemo_sk IS NULL) AND (ss_store_sk = 236))
                                                                                 ->  Redistribute Motion 3:3  (slice1; segments: 3)  (cost=46765498.98..46768480.72 rows=49696 width=36)
                                                                                       Hash Key: ss1.ss_item_sk
                                                                                       ->  HashAggregate  (cost=46765498.98..46765498.98 rows=49696 width=36)
                                                                                             Group Key: ss1.ss_item_sk
                                                                                             ->  Append  (cost=0.00..46724607.20 rows=1817413 width=10)
                                                                                                   ->  Append-only Columnar Scan on store_sales_1_prt_outliers ss1  (cost=0.00..1892617.50 rows=42942 width=10)
                                                                                                         Filter: (ss_store_sk = 236)
                                                                                                   ->  Append-only Columnar Scan on store_sales_1_prt_2 ss1_1  (cost=0.00..383396.00 rows=15155 width=10)
                                                                                                         Filter: (ss_store_sk = 236)
                                                                                                   ->  Append-only Columnar Scan on store_sales_1_prt_3 ss1_2  (cost=0.00..397117.00 rows=15702 width=10)
                                                                                                         Filter: (ss_store_sk = 236)
                                                                                                   ->  Append-only Columnar Scan on store_sales_1_prt_4 ss1_3  (cost=0.00..383144.25 rows=15140 width=10)
                                                                                                         Filter: (ss_store_sk = 236)
                                                                                                   ->  Append-only Columnar Scan on store_sales_1_prt_5 ss1_4  (cost=0.00..397316.50 rows=15791 width=10)
                                                                                                         Filter: (ss_store_sk = 236)
                                                                                                   ->  Append-only Columnar Scan on store_sales_1_prt_6 ss1_5  (cost=0.00..397360.50 rows=15731 width=10)
                                                                                                         Filter: (ss_store_sk = 236)
                                                                                                   ->  Append-only Columnar Scan on store_sales_1_prt_7 ss1_6  (cost=0.00..397402.25 rows=15706 width=10)
                                                                                                         Filter: (ss_store_sk = 236)
                                                                                                   ->  Append-only Columnar Scan on store_sales_1_prt_8 ss1_7  (cost=0.00..396935.25 rows=15663 width=10)
                                                                                                         Filter: (ss_store_sk = 236)
                                                                                                   ->  Append-only Columnar Scan on store_sales_1_prt_9 ss1_8  (cost=0.00..578457.50 rows=22983 width=10)
                                                                                                         Filter: (ss_store_sk = 236)
                                                                                                   ->  Append-only Columnar Scan on store_sales_1_prt_10 ss1_9  (cost=0.00..904145.50 rows=35713 width=10)
                                                                                                         Filter: (ss_store_sk = 236)
                                                                                                   ->  Append-only Columnar Scan on store_sales_1_prt_11 ss1_10  (cost=0.00..905094.75 rows=35903 width=10)
                                                                                                         Filter: (ss_store_sk = 236)
                                                                                                   ->  Append-only Columnar Scan on store_sales_1_prt_12 ss1_11  (cost=0.00..937799.75 rows=36966 width=10)
                                                                                                         Filter: (ss_store_sk = 236)
                                                                                                   ->  Append-only Columnar Scan on store_sales_1_prt_13 ss1_12  (cost=0.00..1369929.50 rows=54026 width=10)
                                                                                                         Filter: (ss_store_sk = 236)
                                                                                                   ->  Append-only Columnar Scan on store_sales_1_prt_14 ss1_13  (cost=0.00..1371033.00 rows=54146 width=10)
                                                                                                         Filter: (ss_store_sk = 236)
                                                                                                   ->  Append-only Columnar Scan on store_sales_1_prt_15 ss1_14  (cost=0.00..515822.75 rows=20357 width=10)
                                                                                                         Filter: (ss_store_sk = 236)
                                                                                                   ->  Append-only Columnar Scan on store_sales_1_prt_16 ss1_15  (cost=0.00..397430.50 rows=15759 width=10)
                                                                                                         Filter: (ss_store_sk = 236)
                                                                                                   ->  Append-only Columnar Scan on store_sales_1_prt_17 ss1_16  (cost=0.00..383527.25 rows=15122 width=10)
                                                                                                         Filter: (ss_store_sk = 236)
                                                                                                   ->  Append-only Columnar Scan on store_sales_1_prt_18 ss1_17  (cost=0.00..397561.00 rows=15721 width=10)
                                                                                                         Filter: (ss_store_sk = 236)
                                                                                                   ->  Append-only Columnar Scan on store_sales_1_prt_19 ss1_18  (cost=0.00..397048.25 rows=15701 width=10)
                                                                                                         Filter: (ss_store_sk = 236)
                                                                                                   ->  Append-only Columnar Scan on store_sales_1_prt_20 ss1_19  (cost=0.00..397736.25 rows=15774 width=10)
                                                                                                         Filter: (ss_store_sk = 236)
                                                                                                   ->  Append-only Columnar Scan on store_sales_1_prt_21 ss1_20  (cost=0.00..397091.50 rows=15795 width=10)
                                                                                                         Filter: (ss_store_sk = 236)
                                                                                                   ->  Append-only Columnar Scan on store_sales_1_prt_22 ss1_21  (cost=0.00..560262.25 rows=22203 width=10)
                                                                                                         Filter: (ss_store_sk = 236)
                                                                                                   ->  Append-only Columnar Scan on store_sales_1_prt_23 ss1_22  (cost=0.00..904865.75 rows=35793 width=10)
                                                                                                         Filter: (ss_store_sk = 236)
                                                                                                   ->  Append-only Columnar Scan on store_sales_1_prt_24 ss1_23  (cost=0.00..904507.75 rows=35935 width=10)
                                                                                                         Filter: (ss_store_sk = 236)
                                                                                                   ->  Append-only Columnar Scan on store_sales_1_prt_25 ss1_24  (cost=0.00..920644.25 rows=36602 width=10)
                                                                                                         Filter: (ss_store_sk = 236)
                                                                                                   ->  Append-only Columnar Scan on store_sales_1_prt_26 ss1_25  (cost=0.00..1371128.00 rows=54329 width=10)
                                                                                                         Filter: (ss_store_sk = 236)
                                                                                                   ->  Append-only Columnar Scan on store_sales_1_prt_27 ss1_26  (cost=0.00..1370250.50 rows=54041 width=10)
                                                                                                         Filter: (ss_store_sk = 236)
                                                                                                   ->  Append-only Columnar Scan on store_sales_1_prt_28 ss1_27  (cost=0.00..550291.50 rows=21746 width=10)
                                                                                                         Filter: (ss_store_sk = 236)
                                                                                                   ->  Append-only Columnar Scan on store_sales_1_prt_29 ss1_28  (cost=0.00..396766.00 rows=15708 width=10)
                                                                                                         Filter: (ss_store_sk = 236)
                                                                                                   ->  Append-only Columnar Scan on store_sales_1_prt_30 ss1_29  (cost=0.00..397087.25 rows=15718 width=10)
                                                                                                         Filter: (ss_store_sk = 236)
                                                                                                   ->  Append-only Columnar Scan on store_sales_1_prt_31 ss1_30  (cost=0.00..396883.50 rows=15669 width=10)
                                                                                                         Filter: (ss_store_sk = 236)
                                                                                                   ->  Append-only Columnar Scan on store_sales_1_prt_32 ss1_31  (cost=0.00..396770.50 rows=15675 width=10)
                                                                                                         Filter: (ss_store_sk = 236)
                                                                                                   ->  Append-only Columnar Scan on store_sales_1_prt_33 ss1_32  (cost=0.00..396949.00 rows=15726 width=10)
                                                                                                         Filter: (ss_store_sk = 236)
                                                                                                   ->  Append-only Columnar Scan on store_sales_1_prt_34 ss1_33  (cost=0.00..396243.75 rows=15731 width=10)
                                                                                                         Filter: (ss_store_sk = 236)
                                                                                                   ->  Append-only Columnar Scan on store_sales_1_prt_35 ss1_34  (cost=0.00..540950.75 rows=21381 width=10)
                                                                                                         Filter: (ss_store_sk = 236)
                                                                                                   ->  Append-only Columnar Scan on store_sales_1_prt_36 ss1_35  (cost=0.00..903207.00 rows=35694 width=10)
                                                                                                         Filter: (ss_store_sk = 236)
                                                                                                   ->  Append-only Columnar Scan on store_sales_1_prt_37 ss1_36  (cost=0.00..902440.25 rows=35750 width=10)
                                                                                                         Filter: (ss_store_sk = 236)
                                                                                                   ->  Append-only Columnar Scan on store_sales_1_prt_38 ss1_37  (cost=0.00..902976.25 rows=35726 width=10)
                                                                                                         Filter: (ss_store_sk = 236)
                                                                                                   ->  Append-only Columnar Scan on store_sales_1_prt_39 ss1_38  (cost=0.00..1368014.80 rows=54204 width=10)
                                                                                                         Filter: (ss_store_sk = 236)
                                                                                                   ->  Append-only Columnar Scan on store_sales_1_prt_40 ss1_39  (cost=0.00..1368018.80 rows=54190 width=10)
                                                                                                         Filter: (ss_store_sk = 236)
                                                                                                   ->  Append-only Columnar Scan on store_sales_1_prt_41 ss1_40  (cost=0.00..570661.50 rows=22611 width=10)
                                                                                                         Filter: (ss_store_sk = 236)
                                                                                                   ->  Append-only Columnar Scan on store_sales_1_prt_42 ss1_41  (cost=0.00..397527.25 rows=15761 width=10)
                                                                                                         Filter: (ss_store_sk = 236)
                                                                                                   ->  Append-only Columnar Scan on store_sales_1_prt_43 ss1_42  (cost=0.00..383404.75 rows=15171 width=10)
                                                                                                         Filter: (ss_store_sk = 236)
                                                                                                   ->  Append-only Columnar Scan on store_sales_1_prt_44 ss1_43  (cost=0.00..397113.25 rows=15726 width=10)
                                                                                                         Filter: (ss_store_sk = 236)
                                                                                                   ->  Append-only Columnar Scan on store_sales_1_prt_45 ss1_44  (cost=0.00..397237.50 rows=15772 width=10)
                                                                                                         Filter: (ss_store_sk = 236)
                                                                                                   ->  Append-only Columnar Scan on store_sales_1_prt_46 ss1_45  (cost=0.00..397601.50 rows=15725 width=10)
                                                                                                         Filter: (ss_store_sk = 236)
                                                                                                   ->  Append-only Columnar Scan on store_sales_1_prt_47 ss1_46  (cost=0.00..396756.50 rows=15715 width=10)
                                                                                                         Filter: (ss_store_sk = 236)
                                                                                                   ->  Append-only Columnar Scan on store_sales_1_prt_48 ss1_47  (cost=0.00..506310.50 rows=20090 width=10)
                                                                                                         Filter: (ss_store_sk = 236)
                                                                                                   ->  Append-only Columnar Scan on store_sales_1_prt_49 ss1_48  (cost=0.00..905428.00 rows=35846 width=10)
                                                                                                         Filter: (ss_store_sk = 236)
                                                                                                   ->  Append-only Columnar Scan on store_sales_1_prt_50 ss1_49  (cost=0.00..904963.75 rows=35799 width=10)
                                                                                                         Filter: (ss_store_sk = 236)
                                                                                                   ->  Append-only Columnar Scan on store_sales_1_prt_51 ss1_50  (cost=0.00..904997.75 rows=35879 width=10)
                                                                                                         Filter: (ss_store_sk = 236)
                                                                                                   ->  Append-only Columnar Scan on store_sales_1_prt_52 ss1_51  (cost=0.00..1335817.00 rows=52720 width=10)
                                                                                                         Filter: (ss_store_sk = 236)
                                                                                                   ->  Append-only Columnar Scan on store_sales_1_prt_53 ss1_52  (cost=0.00..1370897.20 rows=54248 width=10)
                                                                                                         Filter: (ss_store_sk = 236)
                                                                                                   ->  Append-only Columnar Scan on store_sales_1_prt_54 ss1_53  (cost=0.00..655807.50 rows=26010 width=10)
                                                                                                         Filter: (ss_store_sk = 236)
                                                                                                   ->  Append-only Columnar Scan on store_sales_1_prt_55 ss1_54  (cost=0.00..397791.25 rows=15786 width=10)
                                                                                                         Filter: (ss_store_sk = 236)
                                                                                                   ->  Append-only Columnar Scan on store_sales_1_prt_56 ss1_55  (cost=0.00..383229.50 rows=15176 width=10)
                                                                                                         Filter: (ss_store_sk = 236)
                                                                                                   ->  Append-only Columnar Scan on store_sales_1_prt_57 ss1_56  (cost=0.00..397512.50 rows=15753 width=10)
                                                                                                         Filter: (ss_store_sk = 236)
                                                                                                   ->  Append-only Columnar Scan on store_sales_1_prt_58 ss1_57  (cost=0.00..397112.00 rows=15677 width=10)
                                                                                                         Filter: (ss_store_sk = 236)
                                                                                                   ->  Append-only Columnar Scan on store_sales_1_prt_59 ss1_58  (cost=0.00..397549.50 rows=15707 width=10)
                                                                                                         Filter: (ss_store_sk = 236)
                                                                                                   ->  Append-only Columnar Scan on store_sales_1_prt_60 ss1_59  (cost=0.00..397421.00 rows=15761 width=10)
                                                                                                         Filter: (ss_store_sk = 236)
                                                                                                   ->  Append-only Columnar Scan on store_sales_1_prt_61 ss1_60  (cost=0.00..487808.00 rows=19359 width=10)
                                                                                                         Filter: (ss_store_sk = 236)
                                                                                                   ->  Append-only Columnar Scan on store_sales_1_prt_62 ss1_61  (cost=0.00..904423.25 rows=35916 width=10)
                                                                                                         Filter: (ss_store_sk = 236)
                                                                                                   ->  Append-only Columnar Scan on store_sales_1_prt_63 ss1_62  (cost=0.00..904974.75 rows=35827 width=10)
                                                                                                         Filter: (ss_store_sk = 236)
                                                                                                   ->  Append-only Columnar Scan on store_sales_1_prt_64 ss1_63  (cost=0.00..904935.75 rows=35839 width=10)
                                                                                                         Filter: (ss_store_sk = 236)
                                                                                                   ->  Append-only Columnar Scan on store_sales_1_prt_65 ss1_64  (cost=0.00..1320023.20 rows=52333 width=10)
                                                                                                         Filter: (ss_store_sk = 236)
                                                                                                   ->  Append-only Columnar Scan on store_sales_1_prt_66 ss1_65  (cost=0.00..1369725.20 rows=54183 width=10)
                                                                                                         Filter: (ss_store_sk = 236)
                                                                                                   ->  Append-only Columnar Scan on store_sales_1_prt_67 ss1_66  (cost=0.00..391339.75 rows=15435 width=10)
                                                                                                         Filter: (ss_store_sk = 236)
                                                                                                   ->  Append-only Columnar Scan on store_sales_1_prt_68 ss1_67  (cost=0.00..1.00 rows=1 width=18)
                                                                                                         Filter: (ss_store_sk = 236)
                                                                                                   ->  Append-only Columnar Scan on store_sales_1_prt_69 ss1_68  (cost=0.00..1.00 rows=1 width=18)
                                                                                                         Filter: (ss_store_sk = 236)
                                                                                                   ->  Append-only Columnar Scan on store_sales_1_prt_70 ss1_69  (cost=0.00..1.00 rows=1 width=18)
                                                                                                         Filter: (ss_store_sk = 236)
                                                                                                   ->  Append-only Columnar Scan on store_sales_1_prt_71 ss1_70  (cost=0.00..1.00 rows=1 width=18)
                                                                                                         Filter: (ss_store_sk = 236)
                                                                                                   ->  Append-only Columnar Scan on store_sales_1_prt_72 ss1_71  (cost=0.00..1.00 rows=1 width=18)
                                                                                                         Filter: (ss_store_sk = 236)
                                                                                                   ->  Append-only Columnar Scan on store_sales_1_prt_73 ss1_72  (cost=0.00..1.00 rows=1 width=18)
                                                                                                         Filter: (ss_store_sk = 236)
                                                                                                   ->  Append-only Columnar Scan on store_sales_1_prt_74 ss1_73  (cost=0.00..1.00 rows=1 width=18)
                                                                                                         Filter: (ss_store_sk = 236)
                                                                                                   ->  Append-only Columnar Scan on store_sales_1_prt_75 ss1_74  (cost=0.00..1.00 rows=1 width=18)
                                                                                                         Filter: (ss_store_sk = 236)
                                                                                                   ->  Append-only Columnar Scan on store_sales_1_prt_76 ss1_75  (cost=0.00..1.00 rows=1 width=18)
                                                                                                         Filter: (ss_store_sk = 236)
                                                                                                   ->  Append-only Columnar Scan on store_sales_1_prt_77 ss1_76  (cost=0.00..1.00 rows=1 width=18)
                                                                                                         Filter: (ss_store_sk = 236)
                                                                                                   ->  Append-only Columnar Scan on store_sales_1_prt_78 ss1_77  (cost=0.00..1.00 rows=1 width=18)
                                                                                                         Filter: (ss_store_sk = 236)
                                                                                                   ->  Append-only Columnar Scan on store_sales_1_prt_79 ss1_78  (cost=0.00..1.00 rows=1 width=18)
                                                                                                         Filter: (ss_store_sk = 236)
                                                                                                   ->  Append-only Columnar Scan on store_sales_1_prt_80 ss1_79  (cost=0.00..1.00 rows=1 width=18)
                                                                                                         Filter: (ss_store_sk = 236)
                                       ->  Hash  (cost=5981.47..5981.47 rows=99749 width=27)
                                             ->  Seq Scan on item i1  (cost=0.00..5981.47 rows=99749 width=27)
                           ->  Hash  (cost=93534445.80..93534445.80 rows=16566 width=31)
                                 ->  Redistribute Motion 3:3  (slice12; segments: 3)  (cost=93527302.05..93534445.80 rows=16566 width=31)
                                       Hash Key: v21.rnk
                                       ->  Hash Join  (cost=93527302.05..93533451.89 rows=16566 width=31)
                                             Hash Cond: (v21.item_sk = i2.i_item_sk)
                                             ->  Redistribute Motion 1:3  (slice11; segments: 1)  (cost=93517579.99..93523046.51 rows=49696 width=12)
                                                   Hash Key: v21.item_sk
                                                   ->  Subquery Scan on v21  (cost=93517579.99..93522052.60 rows=49696 width=12)
                                                         Filter: (v21.rnk < 11)
                                                         ->  WindowAgg  (cost=93517579.99..93520189.01 rows=149087 width=36)
                                                               Order By: v2.rank_col
                                                               ->  Gather Motion 3:1  (slice10; segments: 3)  (cost=93517579.99..93517952.71 rows=149087 width=36)
                                                                     Merge Key: v2.rank_col
                                                                     ->  Sort  (cost=93517579.99..93517952.71 rows=49696 width=36)
                                                                           Sort Key: v2.rank_col
                                                                           ->  Subquery Scan on v2  (cost=93500296.49..93504769.10 rows=49696 width=36)
                                                                                 ->  HashAggregate  (cost=93500296.49..93503278.23 rows=49696 width=36)
                                                                                       Group Key: ss1_80.ss_item_sk
                                                                                       Filter: (pg_catalog.avg((avg(ss1_80.ss_net_profit))) > (0.9 * $1))
                                                                                       InitPlan 2 (returns $1)  (slice15)
                                                                                         ->  Gather Motion 3:1  (slice9; segments: 3)  (cost=46729191.71..46729206.74 rows=501 width=36)
                                                                                               ->  GroupAggregate  (cost=46729191.71..46729206.74 rows=167 width=36)
                                                                                                     Group Key: store_sales_1_prt_outliers_1.ss_store_sk
                                                                                                     ->  Sort  (cost=46729191.71..46729192.96 rows=167 width=36)
                                                                                                           Sort Key: store_sales_1_prt_outliers_1.ss_store_sk
                                                                                                           ->  Redistribute Motion 3:3  (slice8; segments: 3)  (cost=0.00..46729169.24 rows=167 width=36)
                                                                                                                 Hash Key: store_sales_1_prt_outliers_1.ss_store_sk
                                                                                                                 ->  GroupAggregate  (cost=0.00..46729159.22 rows=167 width=36)
                                                                                                                       Group Key: store_sales_1_prt_outliers_1.ss_store_sk
                                                                                                                       ->  Append  (cost=0.00..46724607.20 rows=303051 width=10)
                                                                                                                             ->  Append-only Columnar Scan on store_sales_1_prt_outliers store_sales_1_prt_outliers_1  (cost=0.00..1892617.50 rows=30386 width=10)
                                                                                                                                   Filter: ((ss_hdemo_sk IS NULL) AND (ss_store_sk = 236))
                                                                                                                             ->  Append-only Columnar Scan on store_sales_1_prt_2 store_sales_1_prt_2_1  (cost=0.00..383396.00 rows=2264 width=10)
                                                                                                                                   Filter: ((ss_hdemo_sk IS NULL) AND (ss_store_sk = 236))
                                                                                                                             ->  Append-only Columnar Scan on store_sales_1_prt_3 store_sales_1_prt_3_1  (cost=0.00..397117.00 rows=2438 width=10)
                                                                                                                                   Filter: ((ss_hdemo_sk IS NULL) AND (ss_store_sk = 236))
                                                                                                                             ->  Append-only Columnar Scan on store_sales_1_prt_4 store_sales_1_prt_4_1  (cost=0.00..383144.25 rows=2338 width=10)
                                                                                                                                   Filter: ((ss_hdemo_sk IS NULL) AND (ss_store_sk = 236))
                                                                                                                             ->  Append-only Columnar Scan on store_sales_1_prt_5 store_sales_1_prt_5_1  (cost=0.00..397316.50 rows=2443 width=10)
                                                                                                                                   Filter: ((ss_hdemo_sk IS NULL) AND (ss_store_sk = 236))
                                                                                                                             ->  Append-only Columnar Scan on store_sales_1_prt_6 store_sales_1_prt_6_1  (cost=0.00..397360.50 rows=2489 width=10)
                                                                                                                                   Filter: ((ss_hdemo_sk IS NULL) AND (ss_store_sk = 236))
                                                                                                                             ->  Append-only Columnar Scan on store_sales_1_prt_7 store_sales_1_prt_7_1  (cost=0.00..397402.25 rows=2435 width=10)
                                                                                                                                   Filter: ((ss_hdemo_sk IS NULL) AND (ss_store_sk = 236))
                                                                                                                             ->  Append-only Columnar Scan on store_sales_1_prt_8 store_sales_1_prt_8_1  (cost=0.00..396935.25 rows=2429 width=10)
                                                                                                                                   Filter: ((ss_hdemo_sk IS NULL) AND (ss_store_sk = 236))
                                                                                                                             ->  Append-only Columnar Scan on store_sales_1_prt_9 store_sales_1_prt_9_1  (cost=0.00..578457.50 rows=3556 width=10)
                                                                                                                                   Filter: ((ss_hdemo_sk IS NULL) AND (ss_store_sk = 236))
                                                                                                                             ->  Append-only Columnar Scan on store_sales_1_prt_10 store_sales_1_prt_10_1  (cost=0.00..904145.50 rows=5482 width=10)
                                                                                                                                   Filter: ((ss_hdemo_sk IS NULL) AND (ss_store_sk = 236))
                                                                                                                             ->  Append-only Columnar Scan on store_sales_1_prt_11 store_sales_1_prt_11_1  (cost=0.00..905094.75 rows=5465 width=10)
                                                                                                                                   Filter: ((ss_hdemo_sk IS NULL) AND (ss_store_sk = 236))
                                                                                                                             ->  Append-only Columnar Scan on store_sales_1_prt_12 store_sales_1_prt_12_1  (cost=0.00..937799.75 rows=5783 width=10)
                                                                                                                                   Filter: ((ss_hdemo_sk IS NULL) AND (ss_store_sk = 236))
                                                                                                                             ->  Append-only Columnar Scan on store_sales_1_prt_13 store_sales_1_prt_13_1  (cost=0.00..1369929.50 rows=8271 width=10)
                                                                                                                                   Filter: ((ss_hdemo_sk IS NULL) AND (ss_store_sk = 236))
                                                                                                                             ->  Append-only Columnar Scan on store_sales_1_prt_14 store_sales_1_prt_14_1  (cost=0.00..1371033.00 rows=8400 width=10)
                                                                                                                                   Filter: ((ss_hdemo_sk IS NULL) AND (ss_store_sk = 236))
                                                                                                                             ->  Append-only Columnar Scan on store_sales_1_prt_15 store_sales_1_prt_15_1  (cost=0.00..515822.75 rows=3018 width=10)
                                                                                                                                   Filter: ((ss_hdemo_sk IS NULL) AND (ss_store_sk = 236))
                                                                                                                             ->  Append-only Columnar Scan on store_sales_1_prt_16 store_sales_1_prt_16_1  (cost=0.00..397430.50 rows=2427 width=10)
                                                                                                                                   Filter: ((ss_hdemo_sk IS NULL) AND (ss_store_sk = 236))
                                                                                                                             ->  Append-only Columnar Scan on store_sales_1_prt_17 store_sales_1_prt_17_1  (cost=0.00..383527.25 rows=2314 width=10)
                                                                                                                                   Filter: ((ss_hdemo_sk IS NULL) AND (ss_store_sk = 236))
                                                                                                                             ->  Append-only Columnar Scan on store_sales_1_prt_18 store_sales_1_prt_18_1  (cost=0.00..397561.00 rows=2458 width=10)
                                                                                                                                   Filter: ((ss_hdemo_sk IS NULL) AND (ss_store_sk = 236))
                                                                                                                             ->  Append-only Columnar Scan on store_sales_1_prt_19 store_sales_1_prt_19_1  (cost=0.00..397048.25 rows=2382 width=10)
                                                                                                                                   Filter: ((ss_hdemo_sk IS NULL) AND (ss_store_sk = 236))
                                                                                                                             ->  Append-only Columnar Scan on store_sales_1_prt_20 store_sales_1_prt_20_1  (cost=0.00..397736.25 rows=2367 width=10)
                                                                                                                                   Filter: ((ss_hdemo_sk IS NULL) AND (ss_store_sk = 236))
                                                                                                                             ->  Append-only Columnar Scan on store_sales_1_prt_21 store_sales_1_prt_21_1  (cost=0.00..397091.50 rows=2454 width=10)
                                                                                                                                   Filter: ((ss_hdemo_sk IS NULL) AND (ss_store_sk = 236))
                                                                                                                             ->  Append-only Columnar Scan on store_sales_1_prt_22 store_sales_1_prt_22_1  (cost=0.00..560262.25 rows=3404 width=10)
                                                                                                                                   Filter: ((ss_hdemo_sk IS NULL) AND (ss_store_sk = 236))
                                                                                                                             ->  Append-only Columnar Scan on store_sales_1_prt_23 store_sales_1_prt_23_1  (cost=0.00..904865.75 rows=5491 width=10)
                                                                                                                                   Filter: ((ss_hdemo_sk IS NULL) AND (ss_store_sk = 236))
                                                                                                                             ->  Append-only Columnar Scan on store_sales_1_prt_24 store_sales_1_prt_24_1  (cost=0.00..904507.75 rows=5478 width=10)
                                                                                                                                   Filter: ((ss_hdemo_sk IS NULL) AND (ss_store_sk = 236))
                                                                                                                             ->  Append-only Columnar Scan on store_sales_1_prt_25 store_sales_1_prt_25_1  (cost=0.00..920644.25 rows=5706 width=10)
                                                                                                                                   Filter: ((ss_hdemo_sk IS NULL) AND (ss_store_sk = 236))
                                                                                                                             ->  Append-only Columnar Scan on store_sales_1_prt_26 store_sales_1_prt_26_1  (cost=0.00..1371128.00 rows=8297 width=10)
                                                                                                                                   Filter: ((ss_hdemo_sk IS NULL) AND (ss_store_sk = 236))
                                                                                                                             ->  Append-only Columnar Scan on store_sales_1_prt_27 store_sales_1_prt_27_1  (cost=0.00..1370250.50 rows=8430 width=10)
                                                                                                                                   Filter: ((ss_hdemo_sk IS NULL) AND (ss_store_sk = 236))
                                                                                                                             ->  Append-only Columnar Scan on store_sales_1_prt_28 store_sales_1_prt_28_1  (cost=0.00..550291.50 rows=3430 width=10)
                                                                                                                                   Filter: ((ss_hdemo_sk IS NULL) AND (ss_store_sk = 236))
                                                                                                                             ->  Append-only Columnar Scan on store_sales_1_prt_29 store_sales_1_prt_29_1  (cost=0.00..396766.00 rows=2350 width=10)
                                                                                                                                   Filter: ((ss_hdemo_sk IS NULL) AND (ss_store_sk = 236))
                                                                                                                             ->  Append-only Columnar Scan on store_sales_1_prt_30 store_sales_1_prt_30_1  (cost=0.00..397087.25 rows=2415 width=10)
                                                                                                                                   Filter: ((ss_hdemo_sk IS NULL) AND (ss_store_sk = 236))
                                                                                                                             ->  Append-only Columnar Scan on store_sales_1_prt_31 store_sales_1_prt_31_1  (cost=0.00..396883.50 rows=2458 width=10)
                                                                                                                                   Filter: ((ss_hdemo_sk IS NULL) AND (ss_store_sk = 236))
                                                                                                                             ->  Append-only Columnar Scan on store_sales_1_prt_32 store_sales_1_prt_32_1  (cost=0.00..396770.50 rows=2452 width=10)
                                                                                                                                   Filter: ((ss_hdemo_sk IS NULL) AND (ss_store_sk = 236))
                                                                                                                             ->  Append-only Columnar Scan on store_sales_1_prt_33 store_sales_1_prt_33_1  (cost=0.00..396949.00 rows=2381 width=10)
                                                                                                                                   Filter: ((ss_hdemo_sk IS NULL) AND (ss_store_sk = 236))
                                                                                                                             ->  Append-only Columnar Scan on store_sales_1_prt_34 store_sales_1_prt_34_1  (cost=0.00..396243.75 rows=2440 width=10)
                                                                                                                                   Filter: ((ss_hdemo_sk IS NULL) AND (ss_store_sk = 236))
                                                                                                                             ->  Append-only Columnar Scan on store_sales_1_prt_35 store_sales_1_prt_35_1  (cost=0.00..540950.75 rows=3345 width=10)
                                                                                                                                   Filter: ((ss_hdemo_sk IS NULL) AND (ss_store_sk = 236))
                                                                                                                             ->  Append-only Columnar Scan on store_sales_1_prt_36 store_sales_1_prt_36_1  (cost=0.00..903207.00 rows=5403 width=10)
                                                                                                                                   Filter: ((ss_hdemo_sk IS NULL) AND (ss_store_sk = 236))
                                                                                                                             ->  Append-only Columnar Scan on store_sales_1_prt_37 store_sales_1_prt_37_1  (cost=0.00..902440.25 rows=5251 width=10)
                                                                                                                                   Filter: ((ss_hdemo_sk IS NULL) AND (ss_store_sk = 236))
                                                                                                                             ->  Append-only Columnar Scan on store_sales_1_prt_38 store_sales_1_prt_38_1  (cost=0.00..902976.25 rows=5539 width=10)
                                                                                                                                   Filter: ((ss_hdemo_sk IS NULL) AND (ss_store_sk = 236))
                                                                                                                             ->  Append-only Columnar Scan on store_sales_1_prt_39 store_sales_1_prt_39_1  (cost=0.00..1368014.80 rows=8268 width=10)
                                                                                                                                   Filter: ((ss_hdemo_sk IS NULL) AND (ss_store_sk = 236))
                                                                                                                             ->  Append-only Columnar Scan on store_sales_1_prt_40 store_sales_1_prt_40_1  (cost=0.00..1368018.80 rows=8519 width=10)
                                                                                                                                   Filter: ((ss_hdemo_sk IS NULL) AND (ss_store_sk = 236))
                                                                                                                             ->  Append-only Columnar Scan on store_sales_1_prt_41 store_sales_1_prt_41_1  (cost=0.00..570661.50 rows=3484 width=10)
                                                                                                                                   Filter: ((ss_hdemo_sk IS NULL) AND (ss_store_sk = 236))
                                                                                                                             ->  Append-only Columnar Scan on store_sales_1_prt_42 store_sales_1_prt_42_1  (cost=0.00..397527.25 rows=2391 width=10)
                                                                                                                                   Filter: ((ss_hdemo_sk IS NULL) AND (ss_store_sk = 236))
                                                                                                                             ->  Append-only Columnar Scan on store_sales_1_prt_43 store_sales_1_prt_43_1  (cost=0.00..383404.75 rows=2336 width=10)
                                                                                                                                   Filter: ((ss_hdemo_sk IS NULL) AND (ss_store_sk = 236))
                                                                                                                             ->  Append-only Columnar Scan on store_sales_1_prt_44 store_sales_1_prt_44_1  (cost=0.00..397113.25 rows=2276 width=10)
                                                                                                                                   Filter: ((ss_hdemo_sk IS NULL) AND (ss_store_sk = 236))
                                                                                                                             ->  Append-only Columnar Scan on store_sales_1_prt_45 store_sales_1_prt_45_1  (cost=0.00..397237.50 rows=2422 width=10)
                                                                                                                                   Filter: ((ss_hdemo_sk IS NULL) AND (ss_store_sk = 236))
                                                                                                                             ->  Append-only Columnar Scan on store_sales_1_prt_46 store_sales_1_prt_46_1  (cost=0.00..397601.50 rows=2462 width=10)
                                                                                                                                   Filter: ((ss_hdemo_sk IS NULL) AND (ss_store_sk = 236))
                                                                                                                             ->  Append-only Columnar Scan on store_sales_1_prt_47 store_sales_1_prt_47_1  (cost=0.00..396756.50 rows=2414 width=10)
                                                                                                                                   Filter: ((ss_hdemo_sk IS NULL) AND (ss_store_sk = 236))
                                                                                                                             ->  Append-only Columnar Scan on store_sales_1_prt_48 store_sales_1_prt_48_1  (cost=0.00..506310.50 rows=3130 width=10)
                                                                                                                                   Filter: ((ss_hdemo_sk IS NULL) AND (ss_store_sk = 236))
                                                                                                                             ->  Append-only Columnar Scan on store_sales_1_prt_49 store_sales_1_prt_49_1  (cost=0.00..905428.00 rows=5441 width=10)
                                                                                                                                   Filter: ((ss_hdemo_sk IS NULL) AND (ss_store_sk = 236))
                                                                                                                             ->  Append-only Columnar Scan on store_sales_1_prt_50 store_sales_1_prt_50_1  (cost=0.00..904963.75 rows=5509 width=10)
                                                                                                                                   Filter: ((ss_hdemo_sk IS NULL) AND (ss_store_sk = 236))
                                                                                                                             ->  Append-only Columnar Scan on store_sales_1_prt_51 store_sales_1_prt_51_1  (cost=0.00..904997.75 rows=5793 width=10)
                                                                                                                                   Filter: ((ss_hdemo_sk IS NULL) AND (ss_store_sk = 236))
                                                                                                                             ->  Append-only Columnar Scan on store_sales_1_prt_52 store_sales_1_prt_52_1  (cost=0.00..1335817.00 rows=8111 width=10)
                                                                                                                                   Filter: ((ss_hdemo_sk IS NULL) AND (ss_store_sk = 236))
                                                                                                                             ->  Append-only Columnar Scan on store_sales_1_prt_53 store_sales_1_prt_53_1  (cost=0.00..1370897.20 rows=8256 width=10)
                                                                                                                                   Filter: ((ss_hdemo_sk IS NULL) AND (ss_store_sk = 236))
                                                                                                                             ->  Append-only Columnar Scan on store_sales_1_prt_54 store_sales_1_prt_54_1  (cost=0.00..655807.50 rows=4116 width=10)
                                                                                                                                   Filter: ((ss_hdemo_sk IS NULL) AND (ss_store_sk = 236))
                                                                                                                             ->  Append-only Columnar Scan on store_sales_1_prt_55 store_sales_1_prt_55_1  (cost=0.00..397791.25 rows=2353 width=10)
                                                                                                                                   Filter: ((ss_hdemo_sk IS NULL) AND (ss_store_sk = 236))
                                                                                                                             ->  Append-only Columnar Scan on store_sales_1_prt_56 store_sales_1_prt_56_1  (cost=0.00..383229.50 rows=2315 width=10)
                                                                                                                                   Filter: ((ss_hdemo_sk IS NULL) AND (ss_store_sk = 236))
                                                                                                                             ->  Append-only Columnar Scan on store_sales_1_prt_57 store_sales_1_prt_57_1  (cost=0.00..397512.50 rows=2420 width=10)
                                                                                                                                   Filter: ((ss_hdemo_sk IS NULL) AND (ss_store_sk = 236))
                                                                                                                             ->  Append-only Columnar Scan on store_sales_1_prt_58 store_sales_1_prt_58_1  (cost=0.00..397112.00 rows=2479 width=10)
                                                                                                                                   Filter: ((ss_hdemo_sk IS NULL) AND (ss_store_sk = 236))
                                                                                                                             ->  Append-only Columnar Scan on store_sales_1_prt_59 store_sales_1_prt_59_1  (cost=0.00..397549.50 rows=2451 width=10)
                                                                                                                                   Filter: ((ss_hdemo_sk IS NULL) AND (ss_store_sk = 236))
                                                                                                                             ->  Append-only Columnar Scan on store_sales_1_prt_60 store_sales_1_prt_60_1  (cost=0.00..397421.00 rows=2404 width=10)
                                                                                                                                   Filter: ((ss_hdemo_sk IS NULL) AND (ss_store_sk = 236))
                                                                                                                             ->  Append-only Columnar Scan on store_sales_1_prt_61 store_sales_1_prt_61_1  (cost=0.00..487808.00 rows=3024 width=10)
                                                                                                                                   Filter: ((ss_hdemo_sk IS NULL) AND (ss_store_sk = 236))
                                                                                                                             ->  Append-only Columnar Scan on store_sales_1_prt_62 store_sales_1_prt_62_1  (cost=0.00..904423.25 rows=5283 width=10)
                                                                                                                                   Filter: ((ss_hdemo_sk IS NULL) AND (ss_store_sk = 236))
                                                                                                                             ->  Append-only Columnar Scan on store_sales_1_prt_63 store_sales_1_prt_63_1  (cost=0.00..904974.75 rows=5464 width=10)
                                                                                                                                   Filter: ((ss_hdemo_sk IS NULL) AND (ss_store_sk = 236))
                                                                                                                             ->  Append-only Columnar Scan on store_sales_1_prt_64 store_sales_1_prt_64_1  (cost=0.00..904935.75 rows=5579 width=10)
                                                                                                                                   Filter: ((ss_hdemo_sk IS NULL) AND (ss_store_sk = 236))
                                                                                                                             ->  Append-only Columnar Scan on store_sales_1_prt_65 store_sales_1_prt_65_1  (cost=0.00..1320023.20 rows=7922 width=10)
                                                                                                                                   Filter: ((ss_hdemo_sk IS NULL) AND (ss_store_sk = 236))
                                                                                                                             ->  Append-only Columnar Scan on store_sales_1_prt_66 store_sales_1_prt_66_1  (cost=0.00..1369725.20 rows=8241 width=10)
                                                                                                                                   Filter: ((ss_hdemo_sk IS NULL) AND (ss_store_sk = 236))
                                                                                                                             ->  Append-only Columnar Scan on store_sales_1_prt_67 store_sales_1_prt_67_1  (cost=0.00..391339.75 rows=2349 width=10)
                                                                                                                                   Filter: ((ss_hdemo_sk IS NULL) AND (ss_store_sk = 236))
                                                                                                                             ->  Append-only Columnar Scan on store_sales_1_prt_68 store_sales_1_prt_68_1  (cost=0.00..1.00 rows=1 width=18)
                                                                                                                                   Filter: ((ss_hdemo_sk IS NULL) AND (ss_store_sk = 236))
                                                                                                                             ->  Append-only Columnar Scan on store_sales_1_prt_69 store_sales_1_prt_69_1  (cost=0.00..1.00 rows=1 width=18)
                                                                                                                                   Filter: ((ss_hdemo_sk IS NULL) AND (ss_store_sk = 236))
                                                                                                                             ->  Append-only Columnar Scan on store_sales_1_prt_70 store_sales_1_prt_70_1  (cost=0.00..1.00 rows=1 width=18)
                                                                                                                                   Filter: ((ss_hdemo_sk IS NULL) AND (ss_store_sk = 236))
                                                                                                                             ->  Append-only Columnar Scan on store_sales_1_prt_71 store_sales_1_prt_71_1  (cost=0.00..1.00 rows=1 width=18)
                                                                                                                                   Filter: ((ss_hdemo_sk IS NULL) AND (ss_store_sk = 236))
                                                                                                                             ->  Append-only Columnar Scan on store_sales_1_prt_72 store_sales_1_prt_72_1  (cost=0.00..1.00 rows=1 width=18)
                                                                                                                                   Filter: ((ss_hdemo_sk IS NULL) AND (ss_store_sk = 236))
                                                                                                                             ->  Append-only Columnar Scan on store_sales_1_prt_73 store_sales_1_prt_73_1  (cost=0.00..1.00 rows=1 width=18)
                                                                                                                                   Filter: ((ss_hdemo_sk IS NULL) AND (ss_store_sk = 236))
                                                                                                                             ->  Append-only Columnar Scan on store_sales_1_prt_74 store_sales_1_prt_74_1  (cost=0.00..1.00 rows=1 width=18)
                                                                                                                                   Filter: ((ss_hdemo_sk IS NULL) AND (ss_store_sk = 236))
                                                                                                                             ->  Append-only Columnar Scan on store_sales_1_prt_75 store_sales_1_prt_75_1  (cost=0.00..1.00 rows=1 width=18)
                                                                                                                                   Filter: ((ss_hdemo_sk IS NULL) AND (ss_store_sk = 236))
                                                                                                                             ->  Append-only Columnar Scan on store_sales_1_prt_76 store_sales_1_prt_76_1  (cost=0.00..1.00 rows=1 width=18)
                                                                                                                                   Filter: ((ss_hdemo_sk IS NULL) AND (ss_store_sk = 236))
                                                                                                                             ->  Append-only Columnar Scan on store_sales_1_prt_77 store_sales_1_prt_77_1  (cost=0.00..1.00 rows=1 width=18)
                                                                                                                                   Filter: ((ss_hdemo_sk IS NULL) AND (ss_store_sk = 236))
                                                                                                                             ->  Append-only Columnar Scan on store_sales_1_prt_78 store_sales_1_prt_78_1  (cost=0.00..1.00 rows=1 width=18)
                                                                                                                                   Filter: ((ss_hdemo_sk IS NULL) AND (ss_store_sk = 236))
                                                                                                                             ->  Append-only Columnar Scan on store_sales_1_prt_79 store_sales_1_prt_79_1  (cost=0.00..1.00 rows=1 width=18)
                                                                                                                                   Filter: ((ss_hdemo_sk IS NULL) AND (ss_store_sk = 236))
                                                                                                                             ->  Append-only Columnar Scan on store_sales_1_prt_80 store_sales_1_prt_80_1  (cost=0.00..1.00 rows=1 width=18)
                                                                                                                                   Filter: ((ss_hdemo_sk IS NULL) AND (ss_store_sk = 236))
                                                                                       ->  Redistribute Motion 3:3  (slice7; segments: 3)  (cost=46765498.98..46768480.72 rows=49696 width=36)
                                                                                             Hash Key: ss1_80.ss_item_sk
                                                                                             ->  HashAggregate  (cost=46765498.98..46765498.98 rows=49696 width=36)
                                                                                                   Group Key: ss1_80.ss_item_sk
                                                                                                   ->  Append  (cost=0.00..46724607.20 rows=1817413 width=10)
                                                                                                         ->  Append-only Columnar Scan on store_sales_1_prt_outliers ss1_80  (cost=0.00..1892617.50 rows=42942 width=10)
                                                                                                               Filter: (ss_store_sk = 236)
                                                                                                         ->  Append-only Columnar Scan on store_sales_1_prt_2 ss1_81  (cost=0.00..383396.00 rows=15155 width=10)
                                                                                                               Filter: (ss_store_sk = 236)
                                                                                                         ->  Append-only Columnar Scan on store_sales_1_prt_3 ss1_82  (cost=0.00..397117.00 rows=15702 width=10)
                                                                                                               Filter: (ss_store_sk = 236)
                                                                                                         ->  Append-only Columnar Scan on store_sales_1_prt_4 ss1_83  (cost=0.00..383144.25 rows=15140 width=10)
                                                                                                               Filter: (ss_store_sk = 236)
                                                                                                         ->  Append-only Columnar Scan on store_sales_1_prt_5 ss1_84  (cost=0.00..397316.50 rows=15791 width=10)
                                                                                                               Filter: (ss_store_sk = 236)
                                                                                                         ->  Append-only Columnar Scan on store_sales_1_prt_6 ss1_85  (cost=0.00..397360.50 rows=15731 width=10)
                                                                                                               Filter: (ss_store_sk = 236)
                                                                                                         ->  Append-only Columnar Scan on store_sales_1_prt_7 ss1_86  (cost=0.00..397402.25 rows=15706 width=10)
                                                                                                               Filter: (ss_store_sk = 236)
                                                                                                         ->  Append-only Columnar Scan on store_sales_1_prt_8 ss1_87  (cost=0.00..396935.25 rows=15663 width=10)
                                                                                                               Filter: (ss_store_sk = 236)
                                                                                                         ->  Append-only Columnar Scan on store_sales_1_prt_9 ss1_88  (cost=0.00..578457.50 rows=22983 width=10)
                                                                                                               Filter: (ss_store_sk = 236)
                                                                                                         ->  Append-only Columnar Scan on store_sales_1_prt_10 ss1_89  (cost=0.00..904145.50 rows=35713 width=10)
                                                                                                               Filter: (ss_store_sk = 236)
                                                                                                         ->  Append-only Columnar Scan on store_sales_1_prt_11 ss1_90  (cost=0.00..905094.75 rows=35903 width=10)
                                                                                                               Filter: (ss_store_sk = 236)
                                                                                                         ->  Append-only Columnar Scan on store_sales_1_prt_12 ss1_91  (cost=0.00..937799.75 rows=36966 width=10)
                                                                                                               Filter: (ss_store_sk = 236)
                                                                                                         ->  Append-only Columnar Scan on store_sales_1_prt_13 ss1_92  (cost=0.00..1369929.50 rows=54026 width=10)
                                                                                                               Filter: (ss_store_sk = 236)
                                                                                                         ->  Append-only Columnar Scan on store_sales_1_prt_14 ss1_93  (cost=0.00..1371033.00 rows=54146 width=10)
                                                                                                               Filter: (ss_store_sk = 236)
                                                                                                         ->  Append-only Columnar Scan on store_sales_1_prt_15 ss1_94  (cost=0.00..515822.75 rows=20357 width=10)
                                                                                                               Filter: (ss_store_sk = 236)
                                                                                                         ->  Append-only Columnar Scan on store_sales_1_prt_16 ss1_95  (cost=0.00..397430.50 rows=15759 width=10)
                                                                                                               Filter: (ss_store_sk = 236)
                                                                                                         ->  Append-only Columnar Scan on store_sales_1_prt_17 ss1_96  (cost=0.00..383527.25 rows=15122 width=10)
                                                                                                               Filter: (ss_store_sk = 236)
                                                                                                         ->  Append-only Columnar Scan on store_sales_1_prt_18 ss1_97  (cost=0.00..397561.00 rows=15721 width=10)
                                                                                                               Filter: (ss_store_sk = 236)
                                                                                                         ->  Append-only Columnar Scan on store_sales_1_prt_19 ss1_98  (cost=0.00..397048.25 rows=15701 width=10)
                                                                                                               Filter: (ss_store_sk = 236)
                                                                                                         ->  Append-only Columnar Scan on store_sales_1_prt_20 ss1_99  (cost=0.00..397736.25 rows=15774 width=10)
                                                                                                               Filter: (ss_store_sk = 236)
                                                                                                         ->  Append-only Columnar Scan on store_sales_1_prt_21 ss1_100  (cost=0.00..397091.50 rows=15795 width=10)
                                                                                                               Filter: (ss_store_sk = 236)
                                                                                                         ->  Append-only Columnar Scan on store_sales_1_prt_22 ss1_101  (cost=0.00..560262.25 rows=22203 width=10)
                                                                                                               Filter: (ss_store_sk = 236)
                                                                                                         ->  Append-only Columnar Scan on store_sales_1_prt_23 ss1_102  (cost=0.00..904865.75 rows=35793 width=10)
                                                                                                               Filter: (ss_store_sk = 236)
                                                                                                         ->  Append-only Columnar Scan on store_sales_1_prt_24 ss1_103  (cost=0.00..904507.75 rows=35935 width=10)
                                                                                                               Filter: (ss_store_sk = 236)
                                                                                                         ->  Append-only Columnar Scan on store_sales_1_prt_25 ss1_104  (cost=0.00..920644.25 rows=36602 width=10)
                                                                                                               Filter: (ss_store_sk = 236)
                                                                                                         ->  Append-only Columnar Scan on store_sales_1_prt_26 ss1_105  (cost=0.00..1371128.00 rows=54329 width=10)
                                                                                                               Filter: (ss_store_sk = 236)
                                                                                                         ->  Append-only Columnar Scan on store_sales_1_prt_27 ss1_106  (cost=0.00..1370250.50 rows=54041 width=10)
                                                                                                               Filter: (ss_store_sk = 236)
                                                                                                         ->  Append-only Columnar Scan on store_sales_1_prt_28 ss1_107  (cost=0.00..550291.50 rows=21746 width=10)
                                                                                                               Filter: (ss_store_sk = 236)
                                                                                                         ->  Append-only Columnar Scan on store_sales_1_prt_29 ss1_108  (cost=0.00..396766.00 rows=15708 width=10)
                                                                                                               Filter: (ss_store_sk = 236)
                                                                                                         ->  Append-only Columnar Scan on store_sales_1_prt_30 ss1_109  (cost=0.00..397087.25 rows=15718 width=10)
                                                                                                               Filter: (ss_store_sk = 236)
                                                                                                         ->  Append-only Columnar Scan on store_sales_1_prt_31 ss1_110  (cost=0.00..396883.50 rows=15669 width=10)
                                                                                                               Filter: (ss_store_sk = 236)
                                                                                                         ->  Append-only Columnar Scan on store_sales_1_prt_32 ss1_111  (cost=0.00..396770.50 rows=15675 width=10)
                                                                                                               Filter: (ss_store_sk = 236)
                                                                                                         ->  Append-only Columnar Scan on store_sales_1_prt_33 ss1_112  (cost=0.00..396949.00 rows=15726 width=10)
                                                                                                               Filter: (ss_store_sk = 236)
                                                                                                         ->  Append-only Columnar Scan on store_sales_1_prt_34 ss1_113  (cost=0.00..396243.75 rows=15731 width=10)
                                                                                                               Filter: (ss_store_sk = 236)
                                                                                                         ->  Append-only Columnar Scan on store_sales_1_prt_35 ss1_114  (cost=0.00..540950.75 rows=21381 width=10)
                                                                                                               Filter: (ss_store_sk = 236)
                                                                                                         ->  Append-only Columnar Scan on store_sales_1_prt_36 ss1_115  (cost=0.00..903207.00 rows=35694 width=10)
                                                                                                               Filter: (ss_store_sk = 236)
                                                                                                         ->  Append-only Columnar Scan on store_sales_1_prt_37 ss1_116  (cost=0.00..902440.25 rows=35750 width=10)
                                                                                                               Filter: (ss_store_sk = 236)
                                                                                                         ->  Append-only Columnar Scan on store_sales_1_prt_38 ss1_117  (cost=0.00..902976.25 rows=35726 width=10)
                                                                                                               Filter: (ss_store_sk = 236)
                                                                                                         ->  Append-only Columnar Scan on store_sales_1_prt_39 ss1_118  (cost=0.00..1368014.80 rows=54204 width=10)
                                                                                                               Filter: (ss_store_sk = 236)
                                                                                                         ->  Append-only Columnar Scan on store_sales_1_prt_40 ss1_119  (cost=0.00..1368018.80 rows=54190 width=10)
                                                                                                               Filter: (ss_store_sk = 236)
                                                                                                         ->  Append-only Columnar Scan on store_sales_1_prt_41 ss1_120  (cost=0.00..570661.50 rows=22611 width=10)
                                                                                                               Filter: (ss_store_sk = 236)
                                                                                                         ->  Append-only Columnar Scan on store_sales_1_prt_42 ss1_121  (cost=0.00..397527.25 rows=15761 width=10)
                                                                                                               Filter: (ss_store_sk = 236)
                                                                                                         ->  Append-only Columnar Scan on store_sales_1_prt_43 ss1_122  (cost=0.00..383404.75 rows=15171 width=10)
                                                                                                               Filter: (ss_store_sk = 236)
                                                                                                         ->  Append-only Columnar Scan on store_sales_1_prt_44 ss1_123  (cost=0.00..397113.25 rows=15726 width=10)
                                                                                                               Filter: (ss_store_sk = 236)
                                                                                                         ->  Append-only Columnar Scan on store_sales_1_prt_45 ss1_124  (cost=0.00..397237.50 rows=15772 width=10)
                                                                                                               Filter: (ss_store_sk = 236)
                                                                                                         ->  Append-only Columnar Scan on store_sales_1_prt_46 ss1_125  (cost=0.00..397601.50 rows=15725 width=10)
                                                                                                               Filter: (ss_store_sk = 236)
                                                                                                         ->  Append-only Columnar Scan on store_sales_1_prt_47 ss1_126  (cost=0.00..396756.50 rows=15715 width=10)
                                                                                                               Filter: (ss_store_sk = 236)
                                                                                                         ->  Append-only Columnar Scan on store_sales_1_prt_48 ss1_127  (cost=0.00..506310.50 rows=20090 width=10)
                                                                                                               Filter: (ss_store_sk = 236)
                                                                                                         ->  Append-only Columnar Scan on store_sales_1_prt_49 ss1_128  (cost=0.00..905428.00 rows=35846 width=10)
                                                                                                               Filter: (ss_store_sk = 236)
                                                                                                         ->  Append-only Columnar Scan on store_sales_1_prt_50 ss1_129  (cost=0.00..904963.75 rows=35799 width=10)
                                                                                                               Filter: (ss_store_sk = 236)
                                                                                                         ->  Append-only Columnar Scan on store_sales_1_prt_51 ss1_130  (cost=0.00..904997.75 rows=35879 width=10)
                                                                                                               Filter: (ss_store_sk = 236)
                                                                                                         ->  Append-only Columnar Scan on store_sales_1_prt_52 ss1_131  (cost=0.00..1335817.00 rows=52720 width=10)
                                                                                                               Filter: (ss_store_sk = 236)
                                                                                                         ->  Append-only Columnar Scan on store_sales_1_prt_53 ss1_132  (cost=0.00..1370897.20 rows=54248 width=10)
                                                                                                               Filter: (ss_store_sk = 236)
                                                                                                         ->  Append-only Columnar Scan on store_sales_1_prt_54 ss1_133  (cost=0.00..655807.50 rows=26010 width=10)
                                                                                                               Filter: (ss_store_sk = 236)
                                                                                                         ->  Append-only Columnar Scan on store_sales_1_prt_55 ss1_134  (cost=0.00..397791.25 rows=15786 width=10)
                                                                                                               Filter: (ss_store_sk = 236)
                                                                                                         ->  Append-only Columnar Scan on store_sales_1_prt_56 ss1_135  (cost=0.00..383229.50 rows=15176 width=10)
                                                                                                               Filter: (ss_store_sk = 236)
                                                                                                         ->  Append-only Columnar Scan on store_sales_1_prt_57 ss1_136  (cost=0.00..397512.50 rows=15753 width=10)
                                                                                                               Filter: (ss_store_sk = 236)
                                                                                                         ->  Append-only Columnar Scan on store_sales_1_prt_58 ss1_137  (cost=0.00..397112.00 rows=15677 width=10)
                                                                                                               Filter: (ss_store_sk = 236)
                                                                                                         ->  Append-only Columnar Scan on store_sales_1_prt_59 ss1_138  (cost=0.00..397549.50 rows=15707 width=10)
                                                                                                               Filter: (ss_store_sk = 236)
                                                                                                         ->  Append-only Columnar Scan on store_sales_1_prt_60 ss1_139  (cost=0.00..397421.00 rows=15761 width=10)
                                                                                                               Filter: (ss_store_sk = 236)
                                                                                                         ->  Append-only Columnar Scan on store_sales_1_prt_61 ss1_140  (cost=0.00..487808.00 rows=19359 width=10)
                                                                                                               Filter: (ss_store_sk = 236)
                                                                                                         ->  Append-only Columnar Scan on store_sales_1_prt_62 ss1_141  (cost=0.00..904423.25 rows=35916 width=10)
                                                                                                               Filter: (ss_store_sk = 236)
                                                                                                         ->  Append-only Columnar Scan on store_sales_1_prt_63 ss1_142  (cost=0.00..904974.75 rows=35827 width=10)
                                                                                                               Filter: (ss_store_sk = 236)
                                                                                                         ->  Append-only Columnar Scan on store_sales_1_prt_64 ss1_143  (cost=0.00..904935.75 rows=35839 width=10)
                                                                                                               Filter: (ss_store_sk = 236)
                                                                                                         ->  Append-only Columnar Scan on store_sales_1_prt_65 ss1_144  (cost=0.00..1320023.20 rows=52333 width=10)
                                                                                                               Filter: (ss_store_sk = 236)
                                                                                                         ->  Append-only Columnar Scan on store_sales_1_prt_66 ss1_145  (cost=0.00..1369725.20 rows=54183 width=10)
                                                                                                               Filter: (ss_store_sk = 236)
                                                                                                         ->  Append-only Columnar Scan on store_sales_1_prt_67 ss1_146  (cost=0.00..391339.75 rows=15435 width=10)
                                                                                                               Filter: (ss_store_sk = 236)
                                                                                                         ->  Append-only Columnar Scan on store_sales_1_prt_68 ss1_147  (cost=0.00..1.00 rows=1 width=18)
                                                                                                               Filter: (ss_store_sk = 236)
                                                                                                         ->  Append-only Columnar Scan on store_sales_1_prt_69 ss1_148  (cost=0.00..1.00 rows=1 width=18)
                                                                                                               Filter: (ss_store_sk = 236)
                                                                                                         ->  Append-only Columnar Scan on store_sales_1_prt_70 ss1_149  (cost=0.00..1.00 rows=1 width=18)
                                                                                                               Filter: (ss_store_sk = 236)
                                                                                                         ->  Append-only Columnar Scan on store_sales_1_prt_71 ss1_150  (cost=0.00..1.00 rows=1 width=18)
                                                                                                               Filter: (ss_store_sk = 236)
                                                                                                         ->  Append-only Columnar Scan on store_sales_1_prt_72 ss1_151  (cost=0.00..1.00 rows=1 width=18)
                                                                                                               Filter: (ss_store_sk = 236)
                                                                                                         ->  Append-only Columnar Scan on store_sales_1_prt_73 ss1_152  (cost=0.00..1.00 rows=1 width=18)
                                                                                                               Filter: (ss_store_sk = 236)
                                                                                                         ->  Append-only Columnar Scan on store_sales_1_prt_74 ss1_153  (cost=0.00..1.00 rows=1 width=18)
                                                                                                               Filter: (ss_store_sk = 236)
                                                                                                         ->  Append-only Columnar Scan on store_sales_1_prt_75 ss1_154  (cost=0.00..1.00 rows=1 width=18)
                                                                                                               Filter: (ss_store_sk = 236)
                                                                                                         ->  Append-only Columnar Scan on store_sales_1_prt_76 ss1_155  (cost=0.00..1.00 rows=1 width=18)
                                                                                                               Filter: (ss_store_sk = 236)
                                                                                                         ->  Append-only Columnar Scan on store_sales_1_prt_77 ss1_156  (cost=0.00..1.00 rows=1 width=18)
                                                                                                               Filter: (ss_store_sk = 236)
                                                                                                         ->  Append-only Columnar Scan on store_sales_1_prt_78 ss1_157  (cost=0.00..1.00 rows=1 width=18)
                                                                                                               Filter: (ss_store_sk = 236)
                                                                                                         ->  Append-only Columnar Scan on store_sales_1_prt_79 ss1_158  (cost=0.00..1.00 rows=1 width=18)
                                                                                                               Filter: (ss_store_sk = 236)
                                                                                                         ->  Append-only Columnar Scan on store_sales_1_prt_80 ss1_159  (cost=0.00..1.00 rows=1 width=18)
                                                                                                               Filter: (ss_store_sk = 236)
                                             ->  Hash  (cost=5981.47..5981.47 rows=99749 width=27)
                                                   ->  Seq Scan on item i2  (cost=0.00..5981.47 rows=99749 width=27)
 Planning time: 36.621 ms
 Optimizer: legacy query optimizer
(723 rows)

-- end query 1 in stream 0 using template query44.tpl
