-- start query 1 in stream 0 using template query45.tpl
explain
select  ca_zip, ca_county, sum(ws_sales_price)
 from web_sales, customer, customer_address, date_dim, item
 where ws_bill_customer_sk = c_customer_sk
 	and c_current_addr_sk = ca_address_sk 
 	and ws_item_sk = i_item_sk 
 	and ( substr(ca_zip,1,5) in ('85669', '86197','88274','83405','86475', '85392', '85460', '80348', '81792')
 	      or 
 	      i_item_id in (select i_item_id
                             from item
                             where i_item_sk in (2, 3, 5, 7, 11, 13, 17, 19, 23, 29)
                             )
 	    )
 	and ws_sold_date_sk = d_date_sk
 	and d_qoy = 2 and d_year = 2000
 group by ca_zip, ca_county
 order by ca_zip, ca_county
 limit 100;
                                                                                                 QUERY PLAN                                                                                                 
------------------------------------------------------------------------------------------------------------------------------------------------------------------------------------------------------------
 Limit  (cost=16472718.64..16472720.89 rows=100 width=148)
   ->  Gather Motion 3:1  (slice7; segments: 3)  (cost=16472718.64..16472720.89 rows=100 width=148)
         Merge Key: customer_address.ca_zip, customer_address.ca_county
         ->  Limit  (cost=16472718.64..16472718.89 rows=34 width=148)
               ->  Sort  (cost=16472718.64..16474219.04 rows=200053 width=148)
                     Sort Key: customer_address.ca_zip, customer_address.ca_county
                     ->  HashAggregate  (cost=16435612.20..16449780.99 rows=200053 width=148)
                           Group Key: customer_address.ca_zip, customer_address.ca_county
                           ->  Redistribute Motion 3:3  (slice6; segments: 3)  (cost=16397036.58..16418442.61 rows=200053 width=148)
                                 Hash Key: customer_address.ca_zip, customer_address.ca_county
                                 ->  HashAggregate  (cost=16397036.58..16406439.43 rows=200053 width=148)
                                       Group Key: customer_address.ca_zip, customer_address.ca_county
                                       ->  Hash Join  (cost=530052.55..16390254.36 rows=301433 width=26)
                                             Hash Cond: (customer.c_current_addr_sk = customer_address.ca_address_sk)
                                             Join Filter: ((substr((customer_address.ca_zip)::text, 1, 5) = ANY ('{85669,86197,88274,83405,86475,85392,85460,80348,81792}'::text[])) OR (hashed SubPlan 1))
                                             ->  Redistribute Motion 3:3  (slice4; segments: 3)  (cost=359419.69..16163522.85 rows=597488 width=27)
                                                   Hash Key: customer.c_current_addr_sk
                                                   ->  Hash Join  (cost=359419.69..16127673.62 rows=597488 width=27)
                                                         Hash Cond: (web_sales_1_prt_outliers.ws_item_sk = item.i_item_sk)
                                                         ->  Hash Join  (cost=330246.58..16069373.01 rows=597488 width=14)
                                                               Hash Cond: (web_sales_1_prt_outliers.ws_bill_customer_sk = customer.c_customer_sk)
                                                               ->  Redistribute Motion 3:3  (slice2; segments: 3)  (cost=1465.83..15691296.65 rows=597548 width=14)
                                                                     Hash Key: web_sales_1_prt_outliers.ws_bill_customer_sk
                                                                     ->  Hash Join  (cost=1465.83..15655443.83 rows=597548 width=14)
                                                                           Hash Cond: (web_sales_1_prt_outliers.ws_sold_date_sk = date_dim.d_date_sk)
                                                                           ->  Append  (cost=0.00..11136051.31 rows=240000015 width=18)
                                                                                 ->  Result  (cost=0.00..2391.21 rows=59974 width=18)
                                                                                       One-Time Filter: PartSelected
                                                                                       ->  Append-only Columnar Scan on web_sales_1_prt_outliers  (cost=0.00..2391.21 rows=59974 width=18)
                                                                                 ->  Result  (cost=0.00..94902.80 rows=2044794 width=18)
                                                                                       One-Time Filter: PartSelected
                                                                                       ->  Append-only Columnar Scan on web_sales_1_prt_2  (cost=0.00..94902.80 rows=2044794 width=18)
                                                                                 ->  Result  (cost=0.00..98794.40 rows=2129180 width=18)
                                                                                       One-Time Filter: PartSelected
                                                                                       ->  Append-only Columnar Scan on web_sales_1_prt_3  (cost=0.00..98794.40 rows=2129180 width=18)
                                                                                 ->  Result  (cost=0.00..95176.20 rows=2051340 width=18)
                                                                                       One-Time Filter: PartSelected
                                                                                       ->  Append-only Columnar Scan on web_sales_1_prt_4  (cost=0.00..95176.20 rows=2051340 width=18)
                                                                                 ->  Result  (cost=0.00..98886.20 rows=2130874 width=18)
                                                                                       One-Time Filter: PartSelected
                                                                                       ->  Append-only Columnar Scan on web_sales_1_prt_5  (cost=0.00..98886.20 rows=2130874 width=18)
                                                                                 ->  Result  (cost=0.00..98686.80 rows=2126394 width=18)
                                                                                       One-Time Filter: PartSelected
                                                                                       ->  Append-only Columnar Scan on web_sales_1_prt_6  (cost=0.00..98686.80 rows=2126394 width=18)
                                                                                 ->  Result  (cost=0.00..98900.30 rows=2131144 width=18)
                                                                                       One-Time Filter: PartSelected
                                                                                       ->  Append-only Columnar Scan on web_sales_1_prt_7  (cost=0.00..98900.30 rows=2131144 width=18)
                                                                                 ->  Result  (cost=0.00..98568.30 rows=2124144 width=18)
                                                                                       One-Time Filter: PartSelected
                                                                                       ->  Append-only Columnar Scan on web_sales_1_prt_8  (cost=0.00..98568.30 rows=2124144 width=18)
                                                                                 ->  Result  (cost=0.00..143675.40 rows=3096280 width=18)
                                                                                       One-Time Filter: PartSelected
                                                                                       ->  Append-only Columnar Scan on web_sales_1_prt_9  (cost=0.00..143675.40 rows=3096280 width=18)
                                                                                 ->  Result  (cost=0.00..224454.00 rows=4837567 width=18)
                                                                                       One-Time Filter: PartSelected
                                                                                       ->  Append-only Columnar Scan on web_sales_1_prt_10  (cost=0.00..224454.00 rows=4837567 width=18)
                                                                                 ->  Result  (cost=0.00..224538.00 rows=4838600 width=18)
                                                                                       One-Time Filter: PartSelected
                                                                                       ->  Append-only Columnar Scan on web_sales_1_prt_11  (cost=0.00..224538.00 rows=4838600 width=18)
                                                                                 ->  Result  (cost=0.00..232917.00 rows=5019700 width=18)
                                                                                       One-Time Filter: PartSelected
                                                                                       ->  Append-only Columnar Scan on web_sales_1_prt_12  (cost=0.00..232917.00 rows=5019700 width=18)
                                                                                 ->  Result  (cost=0.00..340347.00 rows=7335234 width=18)
                                                                                       One-Time Filter: PartSelected
                                                                                       ->  Append-only Columnar Scan on web_sales_1_prt_13  (cost=0.00..340347.00 rows=7335234 width=18)
                                                                                 ->  Result  (cost=0.00..339963.00 rows=7326700 width=18)
                                                                                       One-Time Filter: PartSelected
                                                                                       ->  Append-only Columnar Scan on web_sales_1_prt_14  (cost=0.00..339963.00 rows=7326700 width=18)
                                                                                 ->  Result  (cost=0.00..128058.80 rows=2759894 width=18)
                                                                                       One-Time Filter: PartSelected
                                                                                       ->  Append-only Columnar Scan on web_sales_1_prt_15  (cost=0.00..128058.80 rows=2759894 width=18)
                                                                                 ->  Result  (cost=0.00..98762.90 rows=2127930 width=18)
                                                                                       One-Time Filter: PartSelected
                                                                                       ->  Append-only Columnar Scan on web_sales_1_prt_16  (cost=0.00..98762.90 rows=2127930 width=18)
                                                                                 ->  Result  (cost=0.00..95130.30 rows=2049977 width=18)
                                                                                       One-Time Filter: PartSelected
                                                                                       ->  Append-only Columnar Scan on web_sales_1_prt_17  (cost=0.00..95130.30 rows=2049977 width=18)
                                                                                 ->  Result  (cost=0.00..98536.30 rows=2123477 width=18)
                                                                                       One-Time Filter: PartSelected
                                                                                       ->  Append-only Columnar Scan on web_sales_1_prt_18  (cost=0.00..98536.30 rows=2123477 width=18)
                                                                                 ->  Result  (cost=0.00..98763.80 rows=2128160 width=18)
                                                                                       One-Time Filter: PartSelected
                                                                                       ->  Append-only Columnar Scan on web_sales_1_prt_19  (cost=0.00..98763.80 rows=2128160 width=18)
                                                                                 ->  Result  (cost=0.00..98632.00 rows=2125534 width=18)
                                                                                       One-Time Filter: PartSelected
                                                                                       ->  Append-only Columnar Scan on web_sales_1_prt_20  (cost=0.00..98632.00 rows=2125534 width=18)
                                                                                 ->  Result  (cost=0.00..98600.90 rows=2124597 width=18)
                                                                                       One-Time Filter: PartSelected
                                                                                       ->  Append-only Columnar Scan on web_sales_1_prt_21  (cost=0.00..98600.90 rows=2124597 width=18)
                                                                                 ->  Result  (cost=0.00..139196.60 rows=2999954 width=18)
                                                                                       One-Time Filter: PartSelected
                                                                                       ->  Append-only Columnar Scan on web_sales_1_prt_22  (cost=0.00..139196.60 rows=2999954 width=18)
                                                                                 ->  Result  (cost=0.00..224702.00 rows=4842300 width=18)
                                                                                       One-Time Filter: PartSelected
                                                                                       ->  Append-only Columnar Scan on web_sales_1_prt_23  (cost=0.00..224702.00 rows=4842300 width=18)
                                                                                 ->  Result  (cost=0.00..224404.00 rows=4836067 width=18)
                                                                                       One-Time Filter: PartSelected
                                                                                       ->  Append-only Columnar Scan on web_sales_1_prt_24  (cost=0.00..224404.00 rows=4836067 width=18)
                                                                                 ->  Result  (cost=0.00..228579.00 rows=4926567 width=18)
                                                                                       One-Time Filter: PartSelected
                                                                                       ->  Append-only Columnar Scan on web_sales_1_prt_25  (cost=0.00..228579.00 rows=4926567 width=18)
                                                                                 ->  Result  (cost=0.00..340407.00 rows=7336234 width=18)
                                                                                       One-Time Filter: PartSelected
                                                                                       ->  Append-only Columnar Scan on web_sales_1_prt_26  (cost=0.00..340407.00 rows=7336234 width=18)
                                                                                 ->  Result  (cost=0.00..339824.00 rows=7323934 width=18)
                                                                                       One-Time Filter: PartSelected
                                                                                       ->  Append-only Columnar Scan on web_sales_1_prt_27  (cost=0.00..339824.00 rows=7323934 width=18)
                                                                                 ->  Result  (cost=0.00..136669.10 rows=2945270 width=18)
                                                                                       One-Time Filter: PartSelected
                                                                                       ->  Append-only Columnar Scan on web_sales_1_prt_28  (cost=0.00..136669.10 rows=2945270 width=18)
                                                                                 ->  Result  (cost=0.00..98265.40 rows=2117680 width=18)
                                                                                       One-Time Filter: PartSelected
                                                                                       ->  Append-only Columnar Scan on web_sales_1_prt_29  (cost=0.00..98265.40 rows=2117680 width=18)
                                                                                 ->  Result  (cost=0.00..98510.80 rows=2122894 width=18)
                                                                                       One-Time Filter: PartSelected
                                                                                       ->  Append-only Columnar Scan on web_sales_1_prt_30  (cost=0.00..98510.80 rows=2122894 width=18)
                                                                                 ->  Result  (cost=0.00..98626.80 rows=2125460 width=18)
                                                                                       One-Time Filter: PartSelected
                                                                                       ->  Append-only Columnar Scan on web_sales_1_prt_31  (cost=0.00..98626.80 rows=2125460 width=18)
                                                                                 ->  Result  (cost=0.00..98594.80 rows=2124860 width=18)
                                                                                       One-Time Filter: PartSelected
                                                                                       ->  Append-only Columnar Scan on web_sales_1_prt_32  (cost=0.00..98594.80 rows=2124860 width=18)
                                                                                 ->  Result  (cost=0.00..98426.60 rows=2121220 width=18)
                                                                                       One-Time Filter: PartSelected
                                                                                       ->  Append-only Columnar Scan on web_sales_1_prt_33  (cost=0.00..98426.60 rows=2121220 width=18)
                                                                                 ->  Result  (cost=0.00..98533.60 rows=2123320 width=18)
                                                                                       One-Time Filter: PartSelected
                                                                                       ->  Append-only Columnar Scan on web_sales_1_prt_34  (cost=0.00..98533.60 rows=2123320 width=18)
                                                                                 ->  Result  (cost=0.00..134141.00 rows=2890900 width=18)
                                                                                       One-Time Filter: PartSelected
                                                                                       ->  Append-only Columnar Scan on web_sales_1_prt_35  (cost=0.00..134141.00 rows=2890900 width=18)
                                                                                 ->  Result  (cost=0.00..224203.00 rows=4832167 width=18)
                                                                                       One-Time Filter: PartSelected
                                                                                       ->  Append-only Columnar Scan on web_sales_1_prt_36  (cost=0.00..224203.00 rows=4832167 width=18)
                                                                                 ->  Result  (cost=0.00..224486.00 rows=4838100 width=18)
                                                                                       One-Time Filter: PartSelected
                                                                                       ->  Append-only Columnar Scan on web_sales_1_prt_37  (cost=0.00..224486.00 rows=4838100 width=18)
                                                                                 ->  Result  (cost=0.00..224574.00 rows=4840000 width=18)
                                                                                       One-Time Filter: PartSelected
                                                                                       ->  Append-only Columnar Scan on web_sales_1_prt_38  (cost=0.00..224574.00 rows=4840000 width=18)
                                                                                 ->  Result  (cost=0.00..339843.00 rows=7323734 width=18)
                                                                                       One-Time Filter: PartSelected
                                                                                       ->  Append-only Columnar Scan on web_sales_1_prt_39  (cost=0.00..339843.00 rows=7323734 width=18)
                                                                                 ->  Result  (cost=0.00..339993.00 rows=7327400 width=18)
                                                                                       One-Time Filter: PartSelected
                                                                                       ->  Append-only Columnar Scan on web_sales_1_prt_40  (cost=0.00..339993.00 rows=7327400 width=18)
                                                                                 ->  Result  (cost=0.00..141767.90 rows=3054930 width=18)
                                                                                       One-Time Filter: PartSelected
                                                                                       ->  Append-only Columnar Scan on web_sales_1_prt_41  (cost=0.00..141767.90 rows=3054930 width=18)
                                                                                 ->  Result  (cost=0.00..98461.00 rows=2121867 width=18)
                                                                                       One-Time Filter: PartSelected
                                                                                       ->  Append-only Columnar Scan on web_sales_1_prt_42  (cost=0.00..98461.00 rows=2121867 width=18)
                                                                                 ->  Result  (cost=0.00..95277.50 rows=2053050 width=18)
                                                                                       One-Time Filter: PartSelected
                                                                                       ->  Append-only Columnar Scan on web_sales_1_prt_43  (cost=0.00..95277.50 rows=2053050 width=18)
                                                                                 ->  Result  (cost=0.00..98854.40 rows=2130480 width=18)
                                                                                       One-Time Filter: PartSelected
                                                                                       ->  Append-only Columnar Scan on web_sales_1_prt_44  (cost=0.00..98854.40 rows=2130480 width=18)
                                                                                 ->  Result  (cost=0.00..98738.70 rows=2127790 width=18)
                                                                                       One-Time Filter: PartSelected
                                                                                       ->  Append-only Columnar Scan on web_sales_1_prt_45  (cost=0.00..98738.70 rows=2127790 width=18)
                                                                                 ->  Result  (cost=0.00..98685.60 rows=2126654 width=18)
                                                                                       One-Time Filter: PartSelected
                                                                                       ->  Append-only Columnar Scan on web_sales_1_prt_46  (cost=0.00..98685.60 rows=2126654 width=18)
                                                                                 ->  Result  (cost=0.00..98998.50 rows=2133217 width=18)
                                                                                       One-Time Filter: PartSelected
                                                                                       ->  Append-only Columnar Scan on web_sales_1_prt_47  (cost=0.00..98998.50 rows=2133217 width=18)
                                                                                 ->  Result  (cost=0.00..125716.80 rows=2709260 width=18)
                                                                                       One-Time Filter: PartSelected
                                                                                       ->  Append-only Columnar Scan on web_sales_1_prt_48  (cost=0.00..125716.80 rows=2709260 width=18)
                                                                                 ->  Result  (cost=0.00..224729.00 rows=4843367 width=18)
                                                                                       One-Time Filter: PartSelected
                                                                                       ->  Append-only Columnar Scan on web_sales_1_prt_49  (cost=0.00..224729.00 rows=4843367 width=18)
                                                                                 ->  Result  (cost=0.00..224641.00 rows=4841034 width=18)
                                                                                       One-Time Filter: PartSelected
                                                                                       ->  Append-only Columnar Scan on web_sales_1_prt_50  (cost=0.00..224641.00 rows=4841034 width=18)
                                                                                 ->  Result  (cost=0.00..224630.00 rows=4841267 width=18)
                                                                                       One-Time Filter: PartSelected
                                                                                       ->  Append-only Columnar Scan on web_sales_1_prt_51  (cost=0.00..224630.00 rows=4841267 width=18)
                                                                                 ->  Result  (cost=0.00..332139.00 rows=7158600 width=18)
                                                                                       One-Time Filter: PartSelected
                                                                                       ->  Append-only Columnar Scan on web_sales_1_prt_52  (cost=0.00..332139.00 rows=7158600 width=18)
                                                                                 ->  Result  (cost=0.00..340420.00 rows=7336634 width=18)
                                                                                       One-Time Filter: PartSelected
                                                                                       ->  Append-only Columnar Scan on web_sales_1_prt_53  (cost=0.00..340420.00 rows=7336634 width=18)
                                                                                 ->  Result  (cost=0.00..162712.00 rows=3506534 width=18)
                                                                                       One-Time Filter: PartSelected
                                                                                       ->  Append-only Columnar Scan on web_sales_1_prt_54  (cost=0.00..162712.00 rows=3506534 width=18)
                                                                                 ->  Result  (cost=0.00..98867.20 rows=2130440 width=18)
                                                                                       One-Time Filter: PartSelected
                                                                                       ->  Append-only Columnar Scan on web_sales_1_prt_55  (cost=0.00..98867.20 rows=2130440 width=18)
                                                                                 ->  Result  (cost=0.00..95121.00 rows=2049967 width=18)
                                                                                       One-Time Filter: PartSelected
                                                                                       ->  Append-only Columnar Scan on web_sales_1_prt_56  (cost=0.00..95121.00 rows=2049967 width=18)
                                                                                 ->  Result  (cost=0.00..98600.60 rows=2124820 width=18)
                                                                                       One-Time Filter: PartSelected
                                                                                       ->  Append-only Columnar Scan on web_sales_1_prt_57  (cost=0.00..98600.60 rows=2124820 width=18)
                                                                                 ->  Result  (cost=0.00..98639.10 rows=2125604 width=18)
                                                                                       One-Time Filter: PartSelected
                                                                                       ->  Append-only Columnar Scan on web_sales_1_prt_58  (cost=0.00..98639.10 rows=2125604 width=18)
                                                                                 ->  Result  (cost=0.00..98591.40 rows=2124880 width=18)
                                                                                       One-Time Filter: PartSelected
                                                                                       ->  Append-only Columnar Scan on web_sales_1_prt_59  (cost=0.00..98591.40 rows=2124880 width=18)
                                                                                 ->  Result  (cost=0.00..98868.30 rows=2130610 width=18)
                                                                                       One-Time Filter: PartSelected
                                                                                       ->  Append-only Columnar Scan on web_sales_1_prt_60  (cost=0.00..98868.30 rows=2130610 width=18)
                                                                                 ->  Result  (cost=0.00..121113.60 rows=2609954 width=18)
                                                                                       One-Time Filter: PartSelected
                                                                                       ->  Append-only Columnar Scan on web_sales_1_prt_61  (cost=0.00..121113.60 rows=2609954 width=18)
                                                                                 ->  Result  (cost=0.00..224388.00 rows=4835634 width=18)
                                                                                       One-Time Filter: PartSelected
                                                                                       ->  Append-only Columnar Scan on web_sales_1_prt_62  (cost=0.00..224388.00 rows=4835634 width=18)
                                                                                 ->  Result  (cost=0.00..224495.00 rows=4837834 width=18)
                                                                                       One-Time Filter: PartSelected
                                                                                       ->  Append-only Columnar Scan on web_sales_1_prt_63  (cost=0.00..224495.00 rows=4837834 width=18)
                                                                                 ->  Result  (cost=0.00..224520.00 rows=4838767 width=18)
                                                                                       One-Time Filter: PartSelected
                                                                                       ->  Append-only Columnar Scan on web_sales_1_prt_64  (cost=0.00..224520.00 rows=4838767 width=18)
                                                                                 ->  Result  (cost=0.00..328357.00 rows=7076767 width=18)
                                                                                       One-Time Filter: PartSelected
                                                                                       ->  Append-only Columnar Scan on web_sales_1_prt_65  (cost=0.00..328357.00 rows=7076767 width=18)
                                                                                 ->  Result  (cost=0.00..340970.00 rows=7348567 width=18)
                                                                                       One-Time Filter: PartSelected
                                                                                       ->  Append-only Columnar Scan on web_sales_1_prt_66  (cost=0.00..340970.00 rows=7348567 width=18)
                                                                                 ->  Result  (cost=0.00..97070.40 rows=2091947 width=18)
                                                                                       One-Time Filter: PartSelected
                                                                                       ->  Append-only Columnar Scan on web_sales_1_prt_67  (cost=0.00..97070.40 rows=2091947 width=18)
                                                                                 ->  Result  (cost=0.00..1.00 rows=1 width=26)
                                                                                       One-Time Filter: PartSelected
                                                                                       ->  Append-only Columnar Scan on web_sales_1_prt_68  (cost=0.00..1.00 rows=1 width=26)
                                                                                 ->  Result  (cost=0.00..1.00 rows=1 width=26)
                                                                                       One-Time Filter: PartSelected
                                                                                       ->  Append-only Columnar Scan on web_sales_1_prt_69  (cost=0.00..1.00 rows=1 width=26)
                                                                                 ->  Result  (cost=0.00..1.00 rows=1 width=26)
                                                                                       One-Time Filter: PartSelected
                                                                                       ->  Append-only Columnar Scan on web_sales_1_prt_70  (cost=0.00..1.00 rows=1 width=26)
                                                                                 ->  Result  (cost=0.00..1.00 rows=1 width=26)
                                                                                       One-Time Filter: PartSelected
                                                                                       ->  Append-only Columnar Scan on web_sales_1_prt_71  (cost=0.00..1.00 rows=1 width=26)
                                                                                 ->  Result  (cost=0.00..1.00 rows=1 width=26)
                                                                                       One-Time Filter: PartSelected
                                                                                       ->  Append-only Columnar Scan on web_sales_1_prt_72  (cost=0.00..1.00 rows=1 width=26)
                                                                                 ->  Result  (cost=0.00..1.00 rows=1 width=26)
                                                                                       One-Time Filter: PartSelected
                                                                                       ->  Append-only Columnar Scan on web_sales_1_prt_73  (cost=0.00..1.00 rows=1 width=26)
                                                                                 ->  Result  (cost=0.00..1.00 rows=1 width=26)
                                                                                       One-Time Filter: PartSelected
                                                                                       ->  Append-only Columnar Scan on web_sales_1_prt_74  (cost=0.00..1.00 rows=1 width=26)
                                                                                 ->  Result  (cost=0.00..1.00 rows=1 width=26)
                                                                                       One-Time Filter: PartSelected
                                                                                       ->  Append-only Columnar Scan on web_sales_1_prt_75  (cost=0.00..1.00 rows=1 width=26)
                                                                                 ->  Result  (cost=0.00..1.00 rows=1 width=26)
                                                                                       One-Time Filter: PartSelected
                                                                                       ->  Append-only Columnar Scan on web_sales_1_prt_76  (cost=0.00..1.00 rows=1 width=26)
                                                                                 ->  Result  (cost=0.00..1.00 rows=1 width=26)
                                                                                       One-Time Filter: PartSelected
                                                                                       ->  Append-only Columnar Scan on web_sales_1_prt_77  (cost=0.00..1.00 rows=1 width=26)
                                                                                 ->  Result  (cost=0.00..1.00 rows=1 width=26)
                                                                                       One-Time Filter: PartSelected
                                                                                       ->  Append-only Columnar Scan on web_sales_1_prt_78  (cost=0.00..1.00 rows=1 width=26)
                                                                                 ->  Result  (cost=0.00..1.00 rows=1 width=26)
                                                                                       One-Time Filter: PartSelected
                                                                                       ->  Append-only Columnar Scan on web_sales_1_prt_79  (cost=0.00..1.00 rows=1 width=26)
                                                                                 ->  Result  (cost=0.00..1.00 rows=1 width=26)
                                                                                       One-Time Filter: PartSelected
                                                                                       ->  Append-only Columnar Scan on web_sales_1_prt_80  (cost=0.00..1.00 rows=1 width=26)
                                                                           ->  Hash  (cost=1459.01..1459.01 rows=182 width=4)
                                                                                 ->  Partition Selector for web_sales (dynamic scan id: 1)  (cost=0.00..1459.01 rows=182 width=4)
                                                                                       Filter: date_dim.d_date_sk
                                                                                       ->  Broadcast Motion 3:3  (slice1; segments: 3)  (cost=0.00..1459.01 rows=182 width=4)
                                                                                             ->  Seq Scan on date_dim  (cost=0.00..1451.73 rows=61 width=4)
                                                                                                   Filter: ((d_qoy = 2) AND (d_year = 2000))
                                                               ->  Hash  (cost=178782.00..178782.00 rows=3999967 width=8)
                                                                     ->  Seq Scan on customer  (cost=0.00..178782.00 rows=3999967 width=8)
                                                         ->  Hash  (cost=17951.35..17951.35 rows=299247 width=21)
                                                               ->  Broadcast Motion 3:3  (slice3; segments: 3)  (cost=0.00..17951.35 rows=299247 width=21)
                                                                     ->  Seq Scan on item  (cost=0.00..5981.47 rows=99749 width=21)
                                             ->  Hash  (cost=85890.90..85890.90 rows=2000530 width=24)
                                                   ->  Seq Scan on customer_address  (cost=0.00..85890.90 rows=2000530 width=24)
                                             SubPlan 1  (slice6; segments: 3)
                                               ->  Materialize  (cost=0.00..9722.11 rows=4 width=17)
                                                     ->  Broadcast Motion 3:3  (slice5; segments: 3)  (cost=0.00..9722.06 rows=4 width=17)
                                                           ->  Seq Scan on item item_1  (cost=0.00..9722.06 rows=4 width=17)
                                                                 Filter: (i_item_sk = ANY ('{2,3,5,7,11,13,17,19,23,29}'::integer[]))
 Planning time: 22.585 ms
 Optimizer: legacy query optimizer
(286 rows)

-- end query 1 in stream 0 using template query45.tpl
