-- start query 1 in stream 0 using template query47.tpl
explain
with v1 as(
 select i_category, i_brand,
        s_store_name, s_company_name,
        d_year, d_moy,
        sum(ss_sales_price) sum_sales,
        avg(sum(ss_sales_price)) over
          (partition by i_category, i_brand,
                     s_store_name, s_company_name, d_year)
          avg_monthly_sales,
        rank() over
          (partition by i_category, i_brand,
                     s_store_name, s_company_name
           order by d_year, d_moy) rn
 from item, store_sales, date_dim, store
 where ss_item_sk = i_item_sk and
       ss_sold_date_sk = d_date_sk and
       ss_store_sk = s_store_sk and
       (
         d_year = 2000 or
         ( d_year = 2000-1 and d_moy =12) or
         ( d_year = 2000+1 and d_moy =1)
       )
 group by i_category, i_brand,
          s_store_name, s_company_name,
          d_year, d_moy),
 v2 as(
 select v1.i_category
        ,v1.d_year, v1.d_moy
        ,v1.avg_monthly_sales
        ,v1.sum_sales, v1_lag.sum_sales psum, v1_lead.sum_sales nsum
 from v1, v1 v1_lag, v1 v1_lead
 where v1.i_category = v1_lag.i_category and
       v1.i_category = v1_lead.i_category and
       v1.i_brand = v1_lag.i_brand and
       v1.i_brand = v1_lead.i_brand and
       v1.s_store_name = v1_lag.s_store_name and
       v1.s_store_name = v1_lead.s_store_name and
       v1.s_company_name = v1_lag.s_company_name and
       v1.s_company_name = v1_lead.s_company_name and
       v1.rn = v1_lag.rn + 1 and
       v1.rn = v1_lead.rn - 1)
  select  *
 from v2
 where  d_year = 2000 and    
        avg_monthly_sales > 0 and
        case when avg_monthly_sales > 0 then abs(sum_sales - avg_monthly_sales) / avg_monthly_sales else null end > 0.1
 order by sum_sales - avg_monthly_sales, 3
 limit 100;
                                                                                                                                                     QUERY PLAN                                                                                                                                                     
--------------------------------------------------------------------------------------------------------------------------------------------------------------------------------------------------------------------------------------------------------------------------------------------------------------------
 Limit  (cost=0.13..0.21 rows=4 width=254)
   ->  Gather Motion 3:1  (slice16; segments: 3)  (cost=0.13..0.21 rows=4 width=254)
         Merge Key: ((v2.sum_sales - v2.avg_monthly_sales)), v2.d_moy
         ->  Limit  (cost=0.13..0.14 rows=2 width=254)
               ->  Sort  (cost=0.13..0.14 rows=2 width=254)
                     Sort Key: ((v2.sum_sales - v2.avg_monthly_sales)), v2.d_moy
                     ->  Subquery Scan on v2  (cost=0.00..0.09 rows=2 width=254)
                           ->  Hash Join  (cost=1.22..1.98 rows=2 width=254)
                                 Hash Cond: (((v1.i_category)::text = (v1_lead.i_category)::text) AND ((v1.i_brand)::text = (v1_lead.i_brand)::text) AND ((v1.s_store_name)::text = (v1_lead.s_store_name)::text) AND ((v1.s_company_name)::text = (v1_lead.s_company_name)::text) AND (v1.rn = (v1_lead.rn - 1)))
                                 ->  Hash Join  (cost=0.59..1.22 rows=2 width=1064)
                                       Hash Cond: (((v1_lag.i_category)::text = (v1.i_category)::text) AND ((v1_lag.i_brand)::text = (v1.i_brand)::text) AND ((v1_lag.s_store_name)::text = (v1.s_store_name)::text) AND ((v1_lag.s_company_name)::text = (v1.s_company_name)::text) AND ((v1_lag.rn + 1) = v1.rn))
                                       ->  Subquery Scan on v1_lag  (cost=0.00..0.30 rows=5 width=512)
                                             ->  WindowAgg  (cost=57536388.67..57536389.49 rows=5 width=512)
                                                   Partition By: item.i_category, item.i_brand, store.s_store_name, store.s_company_name, date_dim.d_year
                                                   ->  WindowAgg  (cost=57536388.67..57536389.12 rows=5 width=512)
                                                         Partition By: item.i_category, item.i_brand, store.s_store_name, store.s_company_name
                                                         Order By: date_dim.d_year, date_dim.d_moy
                                                         ->  Sort  (cost=57536388.67..57536388.71 rows=5 width=512)
                                                               Sort Key: item.i_category, item.i_brand, store.s_store_name, store.s_company_name, date_dim.d_year, date_dim.d_moy
                                                               ->  Redistribute Motion 3:3  (slice5; segments: 3)  (cost=57536387.74..57536388.38 rows=5 width=512)
                                                                     Hash Key: item.i_category, item.i_brand, store.s_store_name, store.s_company_name
                                                                     ->  HashAggregate  (cost=57536387.74..57536387.93 rows=5 width=512)
                                                                           Group Key: item.i_category, item.i_brand, store.s_store_name, store.s_company_name, date_dim.d_year, date_dim.d_moy
                                                                           ->  Redistribute Motion 3:3  (slice4; segments: 3)  (cost=57536387.03..57536387.33 rows=5 width=512)
                                                                                 Hash Key: item.i_category, item.i_brand, store.s_store_name, store.s_company_name, date_dim.d_year, date_dim.d_moy
                                                                                 ->  HashAggregate  (cost=57536387.03..57536387.03 rows=5 width=512)
                                                                                       Group Key: item.i_category, item.i_brand, store.s_store_name, store.s_company_name, date_dim.d_year, date_dim.d_moy
                                                                                       ->  Hash Join  (cost=11820.87..57536386.75 rows=6 width=49)
                                                                                             Hash Cond: (store_sales_1_prt_outliers.ss_item_sk = item.i_item_sk)
                                                                                             ->  Redistribute Motion 3:3  (slice3; segments: 3)  (cost=2098.81..57526664.48 rows=6 width=30)
                                                                                                   Hash Key: store_sales_1_prt_outliers.ss_item_sk
                                                                                                   ->  Hash Join  (cost=2098.81..57526664.17 rows=6 width=30)
                                                                                                         Hash Cond: (store_sales_1_prt_outliers.ss_store_sk = store.s_store_sk)
                                                                                                         ->  Redistribute Motion 3:3  (slice2; segments: 3)  (cost=2044.26..57526609.35 rows=11 width=22)
                                                                                                               Hash Key: store_sales_1_prt_outliers.ss_store_sk
                                                                                                               ->  Hash Join  (cost=2044.26..57526608.72 rows=11 width=22)
                                                                                                                     Hash Cond: (store_sales_1_prt_outliers.ss_sold_date_sk = date_dim.d_date_sk)
                                                                                                                     ->  Append  (cost=0.00..39524635.96 rows=959996170 width=18)
                                                                                                                           ->  Result  (cost=0.00..1568615.00 rows=43200334 width=18)
                                                                                                                                 One-Time Filter: PartSelected
                                                                                                                                 ->  Append-only Columnar Scan on store_sales_1_prt_outliers  (cost=0.00..1568615.00 rows=43200334 width=18)
                                                                                                                           ->  Result  (cost=0.00..324595.00 rows=7840134 width=18)
                                                                                                                                 One-Time Filter: PartSelected
                                                                                                                                 ->  Append-only Columnar Scan on store_sales_1_prt_2  (cost=0.00..324595.00 rows=7840134 width=18)
                                                                                                                           ->  Result  (cost=0.00..336211.00 rows=8120800 width=18)
                                                                                                                                 One-Time Filter: PartSelected
                                                                                                                                 ->  Append-only Columnar Scan on store_sales_1_prt_3  (cost=0.00..336211.00 rows=8120800 width=18)
                                                                                                                           ->  Result  (cost=0.00..324382.00 rows=7834967 width=18)
                                                                                                                                 One-Time Filter: PartSelected
                                                                                                                                 ->  Append-only Columnar Scan on store_sales_1_prt_4  (cost=0.00..324382.00 rows=7834967 width=18)
                                                                                                                           ->  Result  (cost=0.00..336381.00 rows=8124734 width=18)
                                                                                                                                 One-Time Filter: PartSelected
                                                                                                                                 ->  Append-only Columnar Scan on store_sales_1_prt_5  (cost=0.00..336381.00 rows=8124734 width=18)
                                                                                                                           ->  Result  (cost=0.00..336417.00 rows=8125800 width=18)
                                                                                                                                 One-Time Filter: PartSelected
                                                                                                                                 ->  Append-only Columnar Scan on store_sales_1_prt_6  (cost=0.00..336417.00 rows=8125800 width=18)
                                                                                                                           ->  Result  (cost=0.00..336453.00 rows=8126567 width=18)
                                                                                                                                 One-Time Filter: PartSelected
                                                                                                                                 ->  Append-only Columnar Scan on store_sales_1_prt_7  (cost=0.00..336453.00 rows=8126567 width=18)
                                                                                                                           ->  Result  (cost=0.00..336058.00 rows=8116967 width=18)
                                                                                                                                 One-Time Filter: PartSelected
                                                                                                                                 ->  Append-only Columnar Scan on store_sales_1_prt_8  (cost=0.00..336058.00 rows=8116967 width=18)
                                                                                                                           ->  Result  (cost=0.00..489738.00 rows=11829267 width=18)
                                                                                                                                 One-Time Filter: PartSelected
                                                                                                                                 ->  Append-only Columnar Scan on store_sales_1_prt_9  (cost=0.00..489738.00 rows=11829267 width=18)
                                                                                                                           ->  Result  (cost=0.00..765474.00 rows=18489534 width=18)
                                                                                                                                 One-Time Filter: PartSelected
                                                                                                                                 ->  Append-only Columnar Scan on store_sales_1_prt_10  (cost=0.00..765474.00 rows=18489534 width=18)
                                                                                                                           ->  Result  (cost=0.00..766278.00 rows=18508900 width=18)
                                                                                                                                 One-Time Filter: PartSelected
                                                                                                                                 ->  Append-only Columnar Scan on store_sales_1_prt_11  (cost=0.00..766278.00 rows=18508900 width=18)
                                                                                                                           ->  Result  (cost=0.00..793967.00 rows=19177700 width=18)
                                                                                                                                 One-Time Filter: PartSelected
                                                                                                                                 ->  Append-only Columnar Scan on store_sales_1_prt_12  (cost=0.00..793967.00 rows=19177700 width=18)
                                                                                                                           ->  Result  (cost=0.00..1159820.00 rows=28014600 width=18)
                                                                                                                                 One-Time Filter: PartSelected
                                                                                                                                 ->  Append-only Columnar Scan on store_sales_1_prt_13  (cost=0.00..1159820.00 rows=28014600 width=18)
                                                                                                                           ->  Result  (cost=0.00..1160753.00 rows=28037334 width=18)
                                                                                                                                 One-Time Filter: PartSelected
                                                                                                                                 ->  Append-only Columnar Scan on store_sales_1_prt_14  (cost=0.00..1160753.00 rows=28037334 width=18)
                                                                                                                           ->  Result  (cost=0.00..436710.00 rows=10548367 width=18)
                                                                                                                                 One-Time Filter: PartSelected
                                                                                                                                 ->  Append-only Columnar Scan on store_sales_1_prt_15  (cost=0.00..436710.00 rows=10548367 width=18)
                                                                                                                           ->  Result  (cost=0.00..336477.00 rows=8127134 width=18)
                                                                                                                                 One-Time Filter: PartSelected
                                                                                                                                 ->  Append-only Columnar Scan on store_sales_1_prt_16  (cost=0.00..336477.00 rows=8127134 width=18)
                                                                                                                           ->  Result  (cost=0.00..324706.00 rows=7842834 width=18)
                                                                                                                                 One-Time Filter: PartSelected
                                                                                                                                 ->  Append-only Columnar Scan on store_sales_1_prt_17  (cost=0.00..324706.00 rows=7842834 width=18)
                                                                                                                           ->  Result  (cost=0.00..336587.00 rows=8129867 width=18)
                                                                                                                                 One-Time Filter: PartSelected
                                                                                                                                 ->  Append-only Columnar Scan on store_sales_1_prt_18  (cost=0.00..336587.00 rows=8129867 width=18)
                                                                                                                           ->  Result  (cost=0.00..336153.00 rows=8119367 width=18)
                                                                                                                                 One-Time Filter: PartSelected
                                                                                                                                 ->  Append-only Columnar Scan on store_sales_1_prt_19  (cost=0.00..336153.00 rows=8119367 width=18)
                                                                                                                           ->  Result  (cost=0.00..336736.00 rows=8133367 width=18)
                                                                                                                                 One-Time Filter: PartSelected
                                                                                                                                 ->  Append-only Columnar Scan on store_sales_1_prt_20  (cost=0.00..336736.00 rows=8133367 width=18)
                                                                                                                           ->  Result  (cost=0.00..336190.00 rows=8120200 width=18)
                                                                                                                                 One-Time Filter: PartSelected
                                                                                                                                 ->  Append-only Columnar Scan on store_sales_1_prt_21  (cost=0.00..336190.00 rows=8120200 width=18)
                                                                                                                           ->  Result  (cost=0.00..474334.00 rows=11457100 width=18)
                                                                                                                                 One-Time Filter: PartSelected
                                                                                                                                 ->  Append-only Columnar Scan on store_sales_1_prt_22  (cost=0.00..474334.00 rows=11457100 width=18)
                                                                                                                           ->  Result  (cost=0.00..766084.00 rows=18504234 width=18)
                                                                                                                                 One-Time Filter: PartSelected
                                                                                                                                 ->  Append-only Columnar Scan on store_sales_1_prt_23  (cost=0.00..766084.00 rows=18504234 width=18)
                                                                                                                           ->  Result  (cost=0.00..765781.00 rows=18496900 width=18)
                                                                                                                                 One-Time Filter: PartSelected
                                                                                                                                 ->  Append-only Columnar Scan on store_sales_1_prt_24  (cost=0.00..765781.00 rows=18496900 width=18)
                                                                                                                           ->  Result  (cost=0.00..779443.00 rows=18826834 width=18)
                                                                                                                                 One-Time Filter: PartSelected
                                                                                                                                 ->  Append-only Columnar Scan on store_sales_1_prt_25  (cost=0.00..779443.00 rows=18826834 width=18)
                                                                                                                           ->  Result  (cost=0.00..1160832.00 rows=28039467 width=18)
                                                                                                                                 One-Time Filter: PartSelected
                                                                                                                                 ->  Append-only Columnar Scan on store_sales_1_prt_26  (cost=0.00..1160832.00 rows=28039467 width=18)
                                                                                                                           ->  Result  (cost=0.00..1160090.00 rows=28021400 width=18)
                                                                                                                                 One-Time Filter: PartSelected
                                                                                                                                 ->  Append-only Columnar Scan on store_sales_1_prt_27  (cost=0.00..1160090.00 rows=28021400 width=18)
                                                                                                                           ->  Result  (cost=0.00..465893.00 rows=11253134 width=18)
                                                                                                                                 One-Time Filter: PartSelected
                                                                                                                                 ->  Append-only Columnar Scan on store_sales_1_prt_28  (cost=0.00..465893.00 rows=11253134 width=18)
                                                                                                                           ->  Result  (cost=0.00..335914.00 rows=8113600 width=18)
                                                                                                                                 One-Time Filter: PartSelected
                                                                                                                                 ->  Append-only Columnar Scan on store_sales_1_prt_29  (cost=0.00..335914.00 rows=8113600 width=18)
                                                                                                                           ->  Result  (cost=0.00..336186.00 rows=8120167 width=18)
                                                                                                                                 One-Time Filter: PartSelected
                                                                                                                                 ->  Append-only Columnar Scan on store_sales_1_prt_30  (cost=0.00..336186.00 rows=8120167 width=18)
                                                                                                                           ->  Result  (cost=0.00..336014.00 rows=8115934 width=18)
                                                                                                                                 One-Time Filter: PartSelected
                                                                                                                                 ->  Append-only Columnar Scan on store_sales_1_prt_31  (cost=0.00..336014.00 rows=8115934 width=18)
                                                                                                                           ->  Result  (cost=0.00..335918.00 rows=8113667 width=18)
                                                                                                                                 One-Time Filter: PartSelected
                                                                                                                                 ->  Append-only Columnar Scan on store_sales_1_prt_32  (cost=0.00..335918.00 rows=8113667 width=18)
                                                                                                                           ->  Result  (cost=0.00..336069.00 rows=8117334 width=18)
                                                                                                                                 One-Time Filter: PartSelected
                                                                                                                                 ->  Append-only Columnar Scan on store_sales_1_prt_33  (cost=0.00..336069.00 rows=8117334 width=18)
                                                                                                                           ->  Result  (cost=0.00..335472.00 rows=8102900 width=18)
                                                                                                                                 One-Time Filter: PartSelected
                                                                                                                                 ->  Append-only Columnar Scan on store_sales_1_prt_34  (cost=0.00..335472.00 rows=8102900 width=18)
                                                                                                                           ->  Result  (cost=0.00..457985.00 rows=11062100 width=18)
                                                                                                                                 One-Time Filter: PartSelected
                                                                                                                                 ->  Append-only Columnar Scan on store_sales_1_prt_35  (cost=0.00..457985.00 rows=11062100 width=18)
                                                                                                                           ->  Result  (cost=0.00..764679.00 rows=18470400 width=18)
                                                                                                                                 One-Time Filter: PartSelected
                                                                                                                                 ->  Append-only Columnar Scan on store_sales_1_prt_36  (cost=0.00..764679.00 rows=18470400 width=18)
                                                                                                                           ->  Result  (cost=0.00..764030.00 rows=18454700 width=18)
                                                                                                                                 One-Time Filter: PartSelected
                                                                                                                                 ->  Append-only Columnar Scan on store_sales_1_prt_37  (cost=0.00..764030.00 rows=18454700 width=18)
                                                                                                                           ->  Result  (cost=0.00..764484.00 rows=18465634 width=18)
                                                                                                                                 One-Time Filter: PartSelected
                                                                                                                                 ->  Append-only Columnar Scan on store_sales_1_prt_38  (cost=0.00..764484.00 rows=18465634 width=18)
                                                                                                                           ->  Result  (cost=0.00..1158198.04 rows=27975568 width=18)
                                                                                                                                 One-Time Filter: PartSelected
                                                                                                                                 ->  Append-only Columnar Scan on store_sales_1_prt_39  (cost=0.00..1158198.04 rows=27975568 width=18)
                                                                                                                           ->  Result  (cost=0.00..1158199.04 rows=27975968 width=18)
                                                                                                                                 One-Time Filter: PartSelected
                                                                                                                                 ->  Append-only Columnar Scan on store_sales_1_prt_40  (cost=0.00..1158199.04 rows=27975968 width=18)
                                                                                                                           ->  Result  (cost=0.00..483138.00 rows=11669800 width=18)
                                                                                                                                 One-Time Filter: PartSelected
                                                                                                                                 ->  Append-only Columnar Scan on store_sales_1_prt_41  (cost=0.00..483138.00 rows=11669800 width=18)
                                                                                                                           ->  Result  (cost=0.00..336559.00 rows=8129100 width=18)
                                                                                                                                 One-Time Filter: PartSelected
                                                                                                                                 ->  Append-only Columnar Scan on store_sales_1_prt_42  (cost=0.00..336559.00 rows=8129100 width=18)
                                                                                                                           ->  Result  (cost=0.00..324602.00 rows=7840367 width=18)
                                                                                                                                 One-Time Filter: PartSelected
                                                                                                                                 ->  Append-only Columnar Scan on store_sales_1_prt_43  (cost=0.00..324602.00 rows=7840367 width=18)
                                                                                                                           ->  Result  (cost=0.00..336209.00 rows=8120567 width=18)
                                                                                                                                 One-Time Filter: PartSelected
                                                                                                                                 ->  Append-only Columnar Scan on store_sales_1_prt_44  (cost=0.00..336209.00 rows=8120567 width=18)
                                                                                                                           ->  Result  (cost=0.00..336313.00 rows=8123267 width=18)
                                                                                                                                 One-Time Filter: PartSelected
                                                                                                                                 ->  Append-only Columnar Scan on store_sales_1_prt_45  (cost=0.00..336313.00 rows=8123267 width=18)
                                                                                                                           ->  Result  (cost=0.00..336621.00 rows=8130734 width=18)
                                                                                                                                 One-Time Filter: PartSelected
                                                                                                                                 ->  Append-only Columnar Scan on store_sales_1_prt_46  (cost=0.00..336621.00 rows=8130734 width=18)
                                                                                                                           ->  Result  (cost=0.00..335906.00 rows=8113400 width=18)
                                                                                                                                 One-Time Filter: PartSelected
                                                                                                                                 ->  Append-only Columnar Scan on store_sales_1_prt_47  (cost=0.00..335906.00 rows=8113400 width=18)
                                                                                                                           ->  Result  (cost=0.00..428657.00 rows=10353800 width=18)
                                                                                                                                 One-Time Filter: PartSelected
                                                                                                                                 ->  Append-only Columnar Scan on store_sales_1_prt_48  (cost=0.00..428657.00 rows=10353800 width=18)
                                                                                                                           ->  Result  (cost=0.00..766560.00 rows=18515734 width=18)
                                                                                                                                 One-Time Filter: PartSelected
                                                                                                                                 ->  Append-only Columnar Scan on store_sales_1_prt_49  (cost=0.00..766560.00 rows=18515734 width=18)
                                                                                                                           ->  Result  (cost=0.00..766167.00 rows=18506234 width=18)
                                                                                                                                 One-Time Filter: PartSelected
                                                                                                                                 ->  Append-only Columnar Scan on store_sales_1_prt_50  (cost=0.00..766167.00 rows=18506234 width=18)
                                                                                                                           ->  Result  (cost=0.00..766196.00 rows=18506900 width=18)
                                                                                                                                 One-Time Filter: PartSelected
                                                                                                                                 ->  Append-only Columnar Scan on store_sales_1_prt_51  (cost=0.00..766196.00 rows=18506900 width=18)
                                                                                                                           ->  Result  (cost=0.00..1130938.00 rows=27317200 width=18)
                                                                                                                                 One-Time Filter: PartSelected
                                                                                                                                 ->  Append-only Columnar Scan on store_sales_1_prt_52  (cost=0.00..1130938.00 rows=27317200 width=18)
                                                                                                                           ->  Result  (cost=0.00..1160637.96 rows=28034566 width=18)
                                                                                                                                 One-Time Filter: PartSelected
                                                                                                                                 ->  Append-only Columnar Scan on store_sales_1_prt_53  (cost=0.00..1160637.96 rows=28034566 width=18)
                                                                                                                           ->  Result  (cost=0.00..555225.00 rows=13411000 width=18)
                                                                                                                                 One-Time Filter: PartSelected
                                                                                                                                 ->  Append-only Columnar Scan on store_sales_1_prt_54  (cost=0.00..555225.00 rows=13411000 width=18)
                                                                                                                           ->  Result  (cost=0.00..336782.00 rows=8134567 width=18)
                                                                                                                                 One-Time Filter: PartSelected
                                                                                                                                 ->  Append-only Columnar Scan on store_sales_1_prt_55  (cost=0.00..336782.00 rows=8134567 width=18)
                                                                                                                           ->  Result  (cost=0.00..324454.00 rows=7836734 width=18)
                                                                                                                                 One-Time Filter: PartSelected
                                                                                                                                 ->  Append-only Columnar Scan on store_sales_1_prt_56  (cost=0.00..324454.00 rows=7836734 width=18)
                                                                                                                           ->  Result  (cost=0.00..336546.00 rows=8128867 width=18)
                                                                                                                                 One-Time Filter: PartSelected
                                                                                                                                 ->  Append-only Columnar Scan on store_sales_1_prt_57  (cost=0.00..336546.00 rows=8128867 width=18)
                                                                                                                           ->  Result  (cost=0.00..336207.00 rows=8120667 width=18)
                                                                                                                                 One-Time Filter: PartSelected
                                                                                                                                 ->  Append-only Columnar Scan on store_sales_1_prt_58  (cost=0.00..336207.00 rows=8120667 width=18)
                                                                                                                           ->  Result  (cost=0.00..336578.00 rows=8129534 width=18)
                                                                                                                                 One-Time Filter: PartSelected
                                                                                                                                 ->  Append-only Columnar Scan on store_sales_1_prt_59  (cost=0.00..336578.00 rows=8129534 width=18)
                                                                                                                           ->  Result  (cost=0.00..336468.00 rows=8127067 width=18)
                                                                                                                                 One-Time Filter: PartSelected
                                                                                                                                 ->  Append-only Columnar Scan on store_sales_1_prt_60  (cost=0.00..336468.00 rows=8127067 width=18)
                                                                                                                           ->  Result  (cost=0.00..412992.00 rows=9975467 width=18)
                                                                                                                                 One-Time Filter: PartSelected
                                                                                                                                 ->  Append-only Columnar Scan on store_sales_1_prt_61  (cost=0.00..412992.00 rows=9975467 width=18)
                                                                                                                           ->  Result  (cost=0.00..765709.00 rows=18495234 width=18)
                                                                                                                                 One-Time Filter: PartSelected
                                                                                                                                 ->  Append-only Columnar Scan on store_sales_1_prt_62  (cost=0.00..765709.00 rows=18495234 width=18)
                                                                                                                           ->  Result  (cost=0.00..766176.00 rows=18506500 width=18)
                                                                                                                                 One-Time Filter: PartSelected
                                                                                                                                 ->  Append-only Columnar Scan on store_sales_1_prt_63  (cost=0.00..766176.00 rows=18506500 width=18)
                                                                                                                           ->  Result  (cost=0.00..766142.00 rows=18505834 width=18)
                                                                                                                                 One-Time Filter: PartSelected
                                                                                                                                 ->  Append-only Columnar Scan on store_sales_1_prt_64  (cost=0.00..766142.00 rows=18505834 width=18)
                                                                                                                           ->  Result  (cost=0.00..1117566.96 rows=26994166 width=18)
                                                                                                                                 One-Time Filter: PartSelected
                                                                                                                                 ->  Append-only Columnar Scan on store_sales_1_prt_65  (cost=0.00..1117566.96 rows=26994166 width=18)
                                                                                                                           ->  Result  (cost=0.00..1159645.96 rows=28010566 width=18)
                                                                                                                                 One-Time Filter: PartSelected
                                                                                                                                 ->  Append-only Columnar Scan on store_sales_1_prt_66  (cost=0.00..1159645.96 rows=28010566 width=18)
                                                                                                                           ->  Result  (cost=0.00..331321.00 rows=8002500 width=18)
                                                                                                                                 One-Time Filter: PartSelected
                                                                                                                                 ->  Append-only Columnar Scan on store_sales_1_prt_67  (cost=0.00..331321.00 rows=8002500 width=18)
                                                                                                                           ->  Result  (cost=0.00..1.00 rows=1 width=26)
                                                                                                                                 One-Time Filter: PartSelected
                                                                                                                                 ->  Append-only Columnar Scan on store_sales_1_prt_68  (cost=0.00..1.00 rows=1 width=26)
                                                                                                                           ->  Result  (cost=0.00..1.00 rows=1 width=26)
                                                                                                                                 One-Time Filter: PartSelected
                                                                                                                                 ->  Append-only Columnar Scan on store_sales_1_prt_69  (cost=0.00..1.00 rows=1 width=26)
                                                                                                                           ->  Result  (cost=0.00..1.00 rows=1 width=26)
                                                                                                                                 One-Time Filter: PartSelected
                                                                                                                                 ->  Append-only Columnar Scan on store_sales_1_prt_70  (cost=0.00..1.00 rows=1 width=26)
                                                                                                                           ->  Result  (cost=0.00..1.00 rows=1 width=26)
                                                                                                                                 One-Time Filter: PartSelected
                                                                                                                                 ->  Append-only Columnar Scan on store_sales_1_prt_71  (cost=0.00..1.00 rows=1 width=26)
                                                                                                                           ->  Result  (cost=0.00..1.00 rows=1 width=26)
                                                                                                                                 One-Time Filter: PartSelected
                                                                                                                                 ->  Append-only Columnar Scan on store_sales_1_prt_72  (cost=0.00..1.00 rows=1 width=26)
                                                                                                                           ->  Result  (cost=0.00..1.00 rows=1 width=26)
                                                                                                                                 One-Time Filter: PartSelected
                                                                                                                                 ->  Append-only Columnar Scan on store_sales_1_prt_73  (cost=0.00..1.00 rows=1 width=26)
                                                                                                                           ->  Result  (cost=0.00..1.00 rows=1 width=26)
                                                                                                                                 One-Time Filter: PartSelected
                                                                                                                                 ->  Append-only Columnar Scan on store_sales_1_prt_74  (cost=0.00..1.00 rows=1 width=26)
                                                                                                                           ->  Result  (cost=0.00..1.00 rows=1 width=26)
                                                                                                                                 One-Time Filter: PartSelected
                                                                                                                                 ->  Append-only Columnar Scan on store_sales_1_prt_75  (cost=0.00..1.00 rows=1 width=26)
                                                                                                                           ->  Result  (cost=0.00..1.00 rows=1 width=26)
                                                                                                                                 One-Time Filter: PartSelected
                                                                                                                                 ->  Append-only Columnar Scan on store_sales_1_prt_76  (cost=0.00..1.00 rows=1 width=26)
                                                                                                                           ->  Result  (cost=0.00..1.00 rows=1 width=26)
                                                                                                                                 One-Time Filter: PartSelected
                                                                                                                                 ->  Append-only Columnar Scan on store_sales_1_prt_77  (cost=0.00..1.00 rows=1 width=26)
                                                                                                                           ->  Result  (cost=0.00..1.00 rows=1 width=26)
                                                                                                                                 One-Time Filter: PartSelected
                                                                                                                                 ->  Append-only Columnar Scan on store_sales_1_prt_78  (cost=0.00..1.00 rows=1 width=26)
                                                                                                                           ->  Result  (cost=0.00..1.00 rows=1 width=26)
                                                                                                                                 One-Time Filter: PartSelected
                                                                                                                                 ->  Append-only Columnar Scan on store_sales_1_prt_79  (cost=0.00..1.00 rows=1 width=26)
                                                                                                                           ->  Result  (cost=0.00..1.00 rows=1 width=26)
                                                                                                                                 One-Time Filter: PartSelected
                                                                                                                                 ->  Append-only Columnar Scan on store_sales_1_prt_80  (cost=0.00..1.00 rows=1 width=26)
                                                                                                                     ->  Hash  (cost=2022.65..2022.65 rows=577 width=12)
                                                                                                                           ->  Partition Selector for store_sales (dynamic scan id: 1)  (cost=0.00..2022.65 rows=577 width=12)
                                                                                                                                 Filter: date_dim.d_date_sk
                                                                                                                                 ->  Broadcast Motion 3:3  (slice1; segments: 3)  (cost=0.00..2022.65 rows=577 width=12)
                                                                                                                                       ->  Seq Scan on date_dim  (cost=0.00..1999.60 rows=193 width=12)
                                                                                                                                             Filter: ((d_year = 2000) OR ((d_year = 1999) AND (d_moy = 12)) OR ((d_year = 2001) AND (d_moy = 1)))
                                                                                                         ->  Hash  (cost=42.02..42.02 rows=334 width=16)
                                                                                                               ->  Seq Scan on store  (cost=0.00..42.02 rows=334 width=16)
                                                                                             ->  Hash  (cost=5981.47..5981.47 rows=99749 width=27)
                                                                                                   ->  Seq Scan on item  (cost=0.00..5981.47 rows=99749 width=27)
                                       ->  Hash  (cost=0.56..0.56 rows=1 width=552)
                                             ->  Subquery Scan on v1  (cost=0.00..0.56 rows=1 width=552)
                                                   Filter: ((v1.avg_monthly_sales > 0::numeric) AND (v1.d_year = 2000) AND (CASE WHEN (v1.avg_monthly_sales > 0::numeric) THEN (abs((v1.sum_sales - v1.avg_monthly_sales)) / v1.avg_monthly_sales) ELSE NULL::numeric END > 0.1))
                                                   ->  WindowAgg  (cost=57536388.67..57536389.49 rows=5 width=512)
                                                         Partition By: item_1.i_category, item_1.i_brand, store_1.s_store_name, store_1.s_company_name, date_dim_1.d_year
                                                         ->  WindowAgg  (cost=57536388.67..57536389.12 rows=5 width=512)
                                                               Partition By: item_1.i_category, item_1.i_brand, store_1.s_store_name, store_1.s_company_name
                                                               Order By: date_dim_1.d_year, date_dim_1.d_moy
                                                               ->  Sort  (cost=57536388.67..57536388.71 rows=5 width=512)
                                                                     Sort Key: item_1.i_category, item_1.i_brand, store_1.s_store_name, store_1.s_company_name, date_dim_1.d_year, date_dim_1.d_moy
                                                                     ->  Redistribute Motion 3:3  (slice10; segments: 3)  (cost=57536387.74..57536388.38 rows=5 width=512)
                                                                           Hash Key: item_1.i_category, item_1.i_brand, store_1.s_store_name, store_1.s_company_name
                                                                           ->  HashAggregate  (cost=57536387.74..57536387.93 rows=5 width=512)
                                                                                 Group Key: item_1.i_category, item_1.i_brand, store_1.s_store_name, store_1.s_company_name, date_dim_1.d_year, date_dim_1.d_moy
                                                                                 ->  Redistribute Motion 3:3  (slice9; segments: 3)  (cost=57536387.03..57536387.33 rows=5 width=512)
                                                                                       Hash Key: item_1.i_category, item_1.i_brand, store_1.s_store_name, store_1.s_company_name, date_dim_1.d_year, date_dim_1.d_moy
                                                                                       ->  HashAggregate  (cost=57536387.03..57536387.03 rows=5 width=512)
                                                                                             Group Key: item_1.i_category, item_1.i_brand, store_1.s_store_name, store_1.s_company_name, date_dim_1.d_year, date_dim_1.d_moy
                                                                                             ->  Hash Join  (cost=11820.87..57536386.75 rows=6 width=49)
                                                                                                   Hash Cond: (store_sales_1_prt_outliers_1.ss_item_sk = item_1.i_item_sk)
                                                                                                   ->  Redistribute Motion 3:3  (slice8; segments: 3)  (cost=2098.81..57526664.48 rows=6 width=30)
                                                                                                         Hash Key: store_sales_1_prt_outliers_1.ss_item_sk
                                                                                                         ->  Hash Join  (cost=2098.81..57526664.17 rows=6 width=30)
                                                                                                               Hash Cond: (store_sales_1_prt_outliers_1.ss_store_sk = store_1.s_store_sk)
                                                                                                               ->  Redistribute Motion 3:3  (slice7; segments: 3)  (cost=2044.26..57526609.35 rows=11 width=22)
                                                                                                                     Hash Key: store_sales_1_prt_outliers_1.ss_store_sk
                                                                                                                     ->  Hash Join  (cost=2044.26..57526608.72 rows=11 width=22)
                                                                                                                           Hash Cond: (store_sales_1_prt_outliers_1.ss_sold_date_sk = date_dim_1.d_date_sk)
                                                                                                                           ->  Append  (cost=0.00..39524635.96 rows=959996170 width=18)
                                                                                                                                 ->  Result  (cost=0.00..1568615.00 rows=43200334 width=18)
                                                                                                                                       One-Time Filter: PartSelected
                                                                                                                                       ->  Append-only Columnar Scan on store_sales_1_prt_outliers store_sales_1_prt_outliers_1  (cost=0.00..1568615.00 rows=43200334 width=18)
                                                                                                                                 ->  Result  (cost=0.00..324595.00 rows=7840134 width=18)
                                                                                                                                       One-Time Filter: PartSelected
                                                                                                                                       ->  Append-only Columnar Scan on store_sales_1_prt_2 store_sales_1_prt_2_1  (cost=0.00..324595.00 rows=7840134 width=18)
                                                                                                                                 ->  Result  (cost=0.00..336211.00 rows=8120800 width=18)
                                                                                                                                       One-Time Filter: PartSelected
                                                                                                                                       ->  Append-only Columnar Scan on store_sales_1_prt_3 store_sales_1_prt_3_1  (cost=0.00..336211.00 rows=8120800 width=18)
                                                                                                                                 ->  Result  (cost=0.00..324382.00 rows=7834967 width=18)
                                                                                                                                       One-Time Filter: PartSelected
                                                                                                                                       ->  Append-only Columnar Scan on store_sales_1_prt_4 store_sales_1_prt_4_1  (cost=0.00..324382.00 rows=7834967 width=18)
                                                                                                                                 ->  Result  (cost=0.00..336381.00 rows=8124734 width=18)
                                                                                                                                       One-Time Filter: PartSelected
                                                                                                                                       ->  Append-only Columnar Scan on store_sales_1_prt_5 store_sales_1_prt_5_1  (cost=0.00..336381.00 rows=8124734 width=18)
                                                                                                                                 ->  Result  (cost=0.00..336417.00 rows=8125800 width=18)
                                                                                                                                       One-Time Filter: PartSelected
                                                                                                                                       ->  Append-only Columnar Scan on store_sales_1_prt_6 store_sales_1_prt_6_1  (cost=0.00..336417.00 rows=8125800 width=18)
                                                                                                                                 ->  Result  (cost=0.00..336453.00 rows=8126567 width=18)
                                                                                                                                       One-Time Filter: PartSelected
                                                                                                                                       ->  Append-only Columnar Scan on store_sales_1_prt_7 store_sales_1_prt_7_1  (cost=0.00..336453.00 rows=8126567 width=18)
                                                                                                                                 ->  Result  (cost=0.00..336058.00 rows=8116967 width=18)
                                                                                                                                       One-Time Filter: PartSelected
                                                                                                                                       ->  Append-only Columnar Scan on store_sales_1_prt_8 store_sales_1_prt_8_1  (cost=0.00..336058.00 rows=8116967 width=18)
                                                                                                                                 ->  Result  (cost=0.00..489738.00 rows=11829267 width=18)
                                                                                                                                       One-Time Filter: PartSelected
                                                                                                                                       ->  Append-only Columnar Scan on store_sales_1_prt_9 store_sales_1_prt_9_1  (cost=0.00..489738.00 rows=11829267 width=18)
                                                                                                                                 ->  Result  (cost=0.00..765474.00 rows=18489534 width=18)
                                                                                                                                       One-Time Filter: PartSelected
                                                                                                                                       ->  Append-only Columnar Scan on store_sales_1_prt_10 store_sales_1_prt_10_1  (cost=0.00..765474.00 rows=18489534 width=18)
                                                                                                                                 ->  Result  (cost=0.00..766278.00 rows=18508900 width=18)
                                                                                                                                       One-Time Filter: PartSelected
                                                                                                                                       ->  Append-only Columnar Scan on store_sales_1_prt_11 store_sales_1_prt_11_1  (cost=0.00..766278.00 rows=18508900 width=18)
                                                                                                                                 ->  Result  (cost=0.00..793967.00 rows=19177700 width=18)
                                                                                                                                       One-Time Filter: PartSelected
                                                                                                                                       ->  Append-only Columnar Scan on store_sales_1_prt_12 store_sales_1_prt_12_1  (cost=0.00..793967.00 rows=19177700 width=18)
                                                                                                                                 ->  Result  (cost=0.00..1159820.00 rows=28014600 width=18)
                                                                                                                                       One-Time Filter: PartSelected
                                                                                                                                       ->  Append-only Columnar Scan on store_sales_1_prt_13 store_sales_1_prt_13_1  (cost=0.00..1159820.00 rows=28014600 width=18)
                                                                                                                                 ->  Result  (cost=0.00..1160753.00 rows=28037334 width=18)
                                                                                                                                       One-Time Filter: PartSelected
                                                                                                                                       ->  Append-only Columnar Scan on store_sales_1_prt_14 store_sales_1_prt_14_1  (cost=0.00..1160753.00 rows=28037334 width=18)
                                                                                                                                 ->  Result  (cost=0.00..436710.00 rows=10548367 width=18)
                                                                                                                                       One-Time Filter: PartSelected
                                                                                                                                       ->  Append-only Columnar Scan on store_sales_1_prt_15 store_sales_1_prt_15_1  (cost=0.00..436710.00 rows=10548367 width=18)
                                                                                                                                 ->  Result  (cost=0.00..336477.00 rows=8127134 width=18)
                                                                                                                                       One-Time Filter: PartSelected
                                                                                                                                       ->  Append-only Columnar Scan on store_sales_1_prt_16 store_sales_1_prt_16_1  (cost=0.00..336477.00 rows=8127134 width=18)
                                                                                                                                 ->  Result  (cost=0.00..324706.00 rows=7842834 width=18)
                                                                                                                                       One-Time Filter: PartSelected
                                                                                                                                       ->  Append-only Columnar Scan on store_sales_1_prt_17 store_sales_1_prt_17_1  (cost=0.00..324706.00 rows=7842834 width=18)
                                                                                                                                 ->  Result  (cost=0.00..336587.00 rows=8129867 width=18)
                                                                                                                                       One-Time Filter: PartSelected
                                                                                                                                       ->  Append-only Columnar Scan on store_sales_1_prt_18 store_sales_1_prt_18_1  (cost=0.00..336587.00 rows=8129867 width=18)
                                                                                                                                 ->  Result  (cost=0.00..336153.00 rows=8119367 width=18)
                                                                                                                                       One-Time Filter: PartSelected
                                                                                                                                       ->  Append-only Columnar Scan on store_sales_1_prt_19 store_sales_1_prt_19_1  (cost=0.00..336153.00 rows=8119367 width=18)
                                                                                                                                 ->  Result  (cost=0.00..336736.00 rows=8133367 width=18)
                                                                                                                                       One-Time Filter: PartSelected
                                                                                                                                       ->  Append-only Columnar Scan on store_sales_1_prt_20 store_sales_1_prt_20_1  (cost=0.00..336736.00 rows=8133367 width=18)
                                                                                                                                 ->  Result  (cost=0.00..336190.00 rows=8120200 width=18)
                                                                                                                                       One-Time Filter: PartSelected
                                                                                                                                       ->  Append-only Columnar Scan on store_sales_1_prt_21 store_sales_1_prt_21_1  (cost=0.00..336190.00 rows=8120200 width=18)
                                                                                                                                 ->  Result  (cost=0.00..474334.00 rows=11457100 width=18)
                                                                                                                                       One-Time Filter: PartSelected
                                                                                                                                       ->  Append-only Columnar Scan on store_sales_1_prt_22 store_sales_1_prt_22_1  (cost=0.00..474334.00 rows=11457100 width=18)
                                                                                                                                 ->  Result  (cost=0.00..766084.00 rows=18504234 width=18)
                                                                                                                                       One-Time Filter: PartSelected
                                                                                                                                       ->  Append-only Columnar Scan on store_sales_1_prt_23 store_sales_1_prt_23_1  (cost=0.00..766084.00 rows=18504234 width=18)
                                                                                                                                 ->  Result  (cost=0.00..765781.00 rows=18496900 width=18)
                                                                                                                                       One-Time Filter: PartSelected
                                                                                                                                       ->  Append-only Columnar Scan on store_sales_1_prt_24 store_sales_1_prt_24_1  (cost=0.00..765781.00 rows=18496900 width=18)
                                                                                                                                 ->  Result  (cost=0.00..779443.00 rows=18826834 width=18)
                                                                                                                                       One-Time Filter: PartSelected
                                                                                                                                       ->  Append-only Columnar Scan on store_sales_1_prt_25 store_sales_1_prt_25_1  (cost=0.00..779443.00 rows=18826834 width=18)
                                                                                                                                 ->  Result  (cost=0.00..1160832.00 rows=28039467 width=18)
                                                                                                                                       One-Time Filter: PartSelected
                                                                                                                                       ->  Append-only Columnar Scan on store_sales_1_prt_26 store_sales_1_prt_26_1  (cost=0.00..1160832.00 rows=28039467 width=18)
                                                                                                                                 ->  Result  (cost=0.00..1160090.00 rows=28021400 width=18)
                                                                                                                                       One-Time Filter: PartSelected
                                                                                                                                       ->  Append-only Columnar Scan on store_sales_1_prt_27 store_sales_1_prt_27_1  (cost=0.00..1160090.00 rows=28021400 width=18)
                                                                                                                                 ->  Result  (cost=0.00..465893.00 rows=11253134 width=18)
                                                                                                                                       One-Time Filter: PartSelected
                                                                                                                                       ->  Append-only Columnar Scan on store_sales_1_prt_28 store_sales_1_prt_28_1  (cost=0.00..465893.00 rows=11253134 width=18)
                                                                                                                                 ->  Result  (cost=0.00..335914.00 rows=8113600 width=18)
                                                                                                                                       One-Time Filter: PartSelected
                                                                                                                                       ->  Append-only Columnar Scan on store_sales_1_prt_29 store_sales_1_prt_29_1  (cost=0.00..335914.00 rows=8113600 width=18)
                                                                                                                                 ->  Result  (cost=0.00..336186.00 rows=8120167 width=18)
                                                                                                                                       One-Time Filter: PartSelected
                                                                                                                                       ->  Append-only Columnar Scan on store_sales_1_prt_30 store_sales_1_prt_30_1  (cost=0.00..336186.00 rows=8120167 width=18)
                                                                                                                                 ->  Result  (cost=0.00..336014.00 rows=8115934 width=18)
                                                                                                                                       One-Time Filter: PartSelected
                                                                                                                                       ->  Append-only Columnar Scan on store_sales_1_prt_31 store_sales_1_prt_31_1  (cost=0.00..336014.00 rows=8115934 width=18)
                                                                                                                                 ->  Result  (cost=0.00..335918.00 rows=8113667 width=18)
                                                                                                                                       One-Time Filter: PartSelected
                                                                                                                                       ->  Append-only Columnar Scan on store_sales_1_prt_32 store_sales_1_prt_32_1  (cost=0.00..335918.00 rows=8113667 width=18)
                                                                                                                                 ->  Result  (cost=0.00..336069.00 rows=8117334 width=18)
                                                                                                                                       One-Time Filter: PartSelected
                                                                                                                                       ->  Append-only Columnar Scan on store_sales_1_prt_33 store_sales_1_prt_33_1  (cost=0.00..336069.00 rows=8117334 width=18)
                                                                                                                                 ->  Result  (cost=0.00..335472.00 rows=8102900 width=18)
                                                                                                                                       One-Time Filter: PartSelected
                                                                                                                                       ->  Append-only Columnar Scan on store_sales_1_prt_34 store_sales_1_prt_34_1  (cost=0.00..335472.00 rows=8102900 width=18)
                                                                                                                                 ->  Result  (cost=0.00..457985.00 rows=11062100 width=18)
                                                                                                                                       One-Time Filter: PartSelected
                                                                                                                                       ->  Append-only Columnar Scan on store_sales_1_prt_35 store_sales_1_prt_35_1  (cost=0.00..457985.00 rows=11062100 width=18)
                                                                                                                                 ->  Result  (cost=0.00..764679.00 rows=18470400 width=18)
                                                                                                                                       One-Time Filter: PartSelected
                                                                                                                                       ->  Append-only Columnar Scan on store_sales_1_prt_36 store_sales_1_prt_36_1  (cost=0.00..764679.00 rows=18470400 width=18)
                                                                                                                                 ->  Result  (cost=0.00..764030.00 rows=18454700 width=18)
                                                                                                                                       One-Time Filter: PartSelected
                                                                                                                                       ->  Append-only Columnar Scan on store_sales_1_prt_37 store_sales_1_prt_37_1  (cost=0.00..764030.00 rows=18454700 width=18)
                                                                                                                                 ->  Result  (cost=0.00..764484.00 rows=18465634 width=18)
                                                                                                                                       One-Time Filter: PartSelected
                                                                                                                                       ->  Append-only Columnar Scan on store_sales_1_prt_38 store_sales_1_prt_38_1  (cost=0.00..764484.00 rows=18465634 width=18)
                                                                                                                                 ->  Result  (cost=0.00..1158198.04 rows=27975568 width=18)
                                                                                                                                       One-Time Filter: PartSelected
                                                                                                                                       ->  Append-only Columnar Scan on store_sales_1_prt_39 store_sales_1_prt_39_1  (cost=0.00..1158198.04 rows=27975568 width=18)
                                                                                                                                 ->  Result  (cost=0.00..1158199.04 rows=27975968 width=18)
                                                                                                                                       One-Time Filter: PartSelected
                                                                                                                                       ->  Append-only Columnar Scan on store_sales_1_prt_40 store_sales_1_prt_40_1  (cost=0.00..1158199.04 rows=27975968 width=18)
                                                                                                                                 ->  Result  (cost=0.00..483138.00 rows=11669800 width=18)
                                                                                                                                       One-Time Filter: PartSelected
                                                                                                                                       ->  Append-only Columnar Scan on store_sales_1_prt_41 store_sales_1_prt_41_1  (cost=0.00..483138.00 rows=11669800 width=18)
                                                                                                                                 ->  Result  (cost=0.00..336559.00 rows=8129100 width=18)
                                                                                                                                       One-Time Filter: PartSelected
                                                                                                                                       ->  Append-only Columnar Scan on store_sales_1_prt_42 store_sales_1_prt_42_1  (cost=0.00..336559.00 rows=8129100 width=18)
                                                                                                                                 ->  Result  (cost=0.00..324602.00 rows=7840367 width=18)
                                                                                                                                       One-Time Filter: PartSelected
                                                                                                                                       ->  Append-only Columnar Scan on store_sales_1_prt_43 store_sales_1_prt_43_1  (cost=0.00..324602.00 rows=7840367 width=18)
                                                                                                                                 ->  Result  (cost=0.00..336209.00 rows=8120567 width=18)
                                                                                                                                       One-Time Filter: PartSelected
                                                                                                                                       ->  Append-only Columnar Scan on store_sales_1_prt_44 store_sales_1_prt_44_1  (cost=0.00..336209.00 rows=8120567 width=18)
                                                                                                                                 ->  Result  (cost=0.00..336313.00 rows=8123267 width=18)
                                                                                                                                       One-Time Filter: PartSelected
                                                                                                                                       ->  Append-only Columnar Scan on store_sales_1_prt_45 store_sales_1_prt_45_1  (cost=0.00..336313.00 rows=8123267 width=18)
                                                                                                                                 ->  Result  (cost=0.00..336621.00 rows=8130734 width=18)
                                                                                                                                       One-Time Filter: PartSelected
                                                                                                                                       ->  Append-only Columnar Scan on store_sales_1_prt_46 store_sales_1_prt_46_1  (cost=0.00..336621.00 rows=8130734 width=18)
                                                                                                                                 ->  Result  (cost=0.00..335906.00 rows=8113400 width=18)
                                                                                                                                       One-Time Filter: PartSelected
                                                                                                                                       ->  Append-only Columnar Scan on store_sales_1_prt_47 store_sales_1_prt_47_1  (cost=0.00..335906.00 rows=8113400 width=18)
                                                                                                                                 ->  Result  (cost=0.00..428657.00 rows=10353800 width=18)
                                                                                                                                       One-Time Filter: PartSelected
                                                                                                                                       ->  Append-only Columnar Scan on store_sales_1_prt_48 store_sales_1_prt_48_1  (cost=0.00..428657.00 rows=10353800 width=18)
                                                                                                                                 ->  Result  (cost=0.00..766560.00 rows=18515734 width=18)
                                                                                                                                       One-Time Filter: PartSelected
                                                                                                                                       ->  Append-only Columnar Scan on store_sales_1_prt_49 store_sales_1_prt_49_1  (cost=0.00..766560.00 rows=18515734 width=18)
                                                                                                                                 ->  Result  (cost=0.00..766167.00 rows=18506234 width=18)
                                                                                                                                       One-Time Filter: PartSelected
                                                                                                                                       ->  Append-only Columnar Scan on store_sales_1_prt_50 store_sales_1_prt_50_1  (cost=0.00..766167.00 rows=18506234 width=18)
                                                                                                                                 ->  Result  (cost=0.00..766196.00 rows=18506900 width=18)
                                                                                                                                       One-Time Filter: PartSelected
                                                                                                                                       ->  Append-only Columnar Scan on store_sales_1_prt_51 store_sales_1_prt_51_1  (cost=0.00..766196.00 rows=18506900 width=18)
                                                                                                                                 ->  Result  (cost=0.00..1130938.00 rows=27317200 width=18)
                                                                                                                                       One-Time Filter: PartSelected
                                                                                                                                       ->  Append-only Columnar Scan on store_sales_1_prt_52 store_sales_1_prt_52_1  (cost=0.00..1130938.00 rows=27317200 width=18)
                                                                                                                                 ->  Result  (cost=0.00..1160637.96 rows=28034566 width=18)
                                                                                                                                       One-Time Filter: PartSelected
                                                                                                                                       ->  Append-only Columnar Scan on store_sales_1_prt_53 store_sales_1_prt_53_1  (cost=0.00..1160637.96 rows=28034566 width=18)
                                                                                                                                 ->  Result  (cost=0.00..555225.00 rows=13411000 width=18)
                                                                                                                                       One-Time Filter: PartSelected
                                                                                                                                       ->  Append-only Columnar Scan on store_sales_1_prt_54 store_sales_1_prt_54_1  (cost=0.00..555225.00 rows=13411000 width=18)
                                                                                                                                 ->  Result  (cost=0.00..336782.00 rows=8134567 width=18)
                                                                                                                                       One-Time Filter: PartSelected
                                                                                                                                       ->  Append-only Columnar Scan on store_sales_1_prt_55 store_sales_1_prt_55_1  (cost=0.00..336782.00 rows=8134567 width=18)
                                                                                                                                 ->  Result  (cost=0.00..324454.00 rows=7836734 width=18)
                                                                                                                                       One-Time Filter: PartSelected
                                                                                                                                       ->  Append-only Columnar Scan on store_sales_1_prt_56 store_sales_1_prt_56_1  (cost=0.00..324454.00 rows=7836734 width=18)
                                                                                                                                 ->  Result  (cost=0.00..336546.00 rows=8128867 width=18)
                                                                                                                                       One-Time Filter: PartSelected
                                                                                                                                       ->  Append-only Columnar Scan on store_sales_1_prt_57 store_sales_1_prt_57_1  (cost=0.00..336546.00 rows=8128867 width=18)
                                                                                                                                 ->  Result  (cost=0.00..336207.00 rows=8120667 width=18)
                                                                                                                                       One-Time Filter: PartSelected
                                                                                                                                       ->  Append-only Columnar Scan on store_sales_1_prt_58 store_sales_1_prt_58_1  (cost=0.00..336207.00 rows=8120667 width=18)
                                                                                                                                 ->  Result  (cost=0.00..336578.00 rows=8129534 width=18)
                                                                                                                                       One-Time Filter: PartSelected
                                                                                                                                       ->  Append-only Columnar Scan on store_sales_1_prt_59 store_sales_1_prt_59_1  (cost=0.00..336578.00 rows=8129534 width=18)
                                                                                                                                 ->  Result  (cost=0.00..336468.00 rows=8127067 width=18)
                                                                                                                                       One-Time Filter: PartSelected
                                                                                                                                       ->  Append-only Columnar Scan on store_sales_1_prt_60 store_sales_1_prt_60_1  (cost=0.00..336468.00 rows=8127067 width=18)
                                                                                                                                 ->  Result  (cost=0.00..412992.00 rows=9975467 width=18)
                                                                                                                                       One-Time Filter: PartSelected
                                                                                                                                       ->  Append-only Columnar Scan on store_sales_1_prt_61 store_sales_1_prt_61_1  (cost=0.00..412992.00 rows=9975467 width=18)
                                                                                                                                 ->  Result  (cost=0.00..765709.00 rows=18495234 width=18)
                                                                                                                                       One-Time Filter: PartSelected
                                                                                                                                       ->  Append-only Columnar Scan on store_sales_1_prt_62 store_sales_1_prt_62_1  (cost=0.00..765709.00 rows=18495234 width=18)
                                                                                                                                 ->  Result  (cost=0.00..766176.00 rows=18506500 width=18)
                                                                                                                                       One-Time Filter: PartSelected
                                                                                                                                       ->  Append-only Columnar Scan on store_sales_1_prt_63 store_sales_1_prt_63_1  (cost=0.00..766176.00 rows=18506500 width=18)
                                                                                                                                 ->  Result  (cost=0.00..766142.00 rows=18505834 width=18)
                                                                                                                                       One-Time Filter: PartSelected
                                                                                                                                       ->  Append-only Columnar Scan on store_sales_1_prt_64 store_sales_1_prt_64_1  (cost=0.00..766142.00 rows=18505834 width=18)
                                                                                                                                 ->  Result  (cost=0.00..1117566.96 rows=26994166 width=18)
                                                                                                                                       One-Time Filter: PartSelected
                                                                                                                                       ->  Append-only Columnar Scan on store_sales_1_prt_65 store_sales_1_prt_65_1  (cost=0.00..1117566.96 rows=26994166 width=18)
                                                                                                                                 ->  Result  (cost=0.00..1159645.96 rows=28010566 width=18)
                                                                                                                                       One-Time Filter: PartSelected
                                                                                                                                       ->  Append-only Columnar Scan on store_sales_1_prt_66 store_sales_1_prt_66_1  (cost=0.00..1159645.96 rows=28010566 width=18)
                                                                                                                                 ->  Result  (cost=0.00..331321.00 rows=8002500 width=18)
                                                                                                                                       One-Time Filter: PartSelected
                                                                                                                                       ->  Append-only Columnar Scan on store_sales_1_prt_67 store_sales_1_prt_67_1  (cost=0.00..331321.00 rows=8002500 width=18)
                                                                                                                                 ->  Result  (cost=0.00..1.00 rows=1 width=26)
                                                                                                                                       One-Time Filter: PartSelected
                                                                                                                                       ->  Append-only Columnar Scan on store_sales_1_prt_68 store_sales_1_prt_68_1  (cost=0.00..1.00 rows=1 width=26)
                                                                                                                                 ->  Result  (cost=0.00..1.00 rows=1 width=26)
                                                                                                                                       One-Time Filter: PartSelected
                                                                                                                                       ->  Append-only Columnar Scan on store_sales_1_prt_69 store_sales_1_prt_69_1  (cost=0.00..1.00 rows=1 width=26)
                                                                                                                                 ->  Result  (cost=0.00..1.00 rows=1 width=26)
                                                                                                                                       One-Time Filter: PartSelected
                                                                                                                                       ->  Append-only Columnar Scan on store_sales_1_prt_70 store_sales_1_prt_70_1  (cost=0.00..1.00 rows=1 width=26)
                                                                                                                                 ->  Result  (cost=0.00..1.00 rows=1 width=26)
                                                                                                                                       One-Time Filter: PartSelected
                                                                                                                                       ->  Append-only Columnar Scan on store_sales_1_prt_71 store_sales_1_prt_71_1  (cost=0.00..1.00 rows=1 width=26)
                                                                                                                                 ->  Result  (cost=0.00..1.00 rows=1 width=26)
                                                                                                                                       One-Time Filter: PartSelected
                                                                                                                                       ->  Append-only Columnar Scan on store_sales_1_prt_72 store_sales_1_prt_72_1  (cost=0.00..1.00 rows=1 width=26)
                                                                                                                                 ->  Result  (cost=0.00..1.00 rows=1 width=26)
                                                                                                                                       One-Time Filter: PartSelected
                                                                                                                                       ->  Append-only Columnar Scan on store_sales_1_prt_73 store_sales_1_prt_73_1  (cost=0.00..1.00 rows=1 width=26)
                                                                                                                                 ->  Result  (cost=0.00..1.00 rows=1 width=26)
                                                                                                                                       One-Time Filter: PartSelected
                                                                                                                                       ->  Append-only Columnar Scan on store_sales_1_prt_74 store_sales_1_prt_74_1  (cost=0.00..1.00 rows=1 width=26)
                                                                                                                                 ->  Result  (cost=0.00..1.00 rows=1 width=26)
                                                                                                                                       One-Time Filter: PartSelected
                                                                                                                                       ->  Append-only Columnar Scan on store_sales_1_prt_75 store_sales_1_prt_75_1  (cost=0.00..1.00 rows=1 width=26)
                                                                                                                                 ->  Result  (cost=0.00..1.00 rows=1 width=26)
                                                                                                                                       One-Time Filter: PartSelected
                                                                                                                                       ->  Append-only Columnar Scan on store_sales_1_prt_76 store_sales_1_prt_76_1  (cost=0.00..1.00 rows=1 width=26)
                                                                                                                                 ->  Result  (cost=0.00..1.00 rows=1 width=26)
                                                                                                                                       One-Time Filter: PartSelected
                                                                                                                                       ->  Append-only Columnar Scan on store_sales_1_prt_77 store_sales_1_prt_77_1  (cost=0.00..1.00 rows=1 width=26)
                                                                                                                                 ->  Result  (cost=0.00..1.00 rows=1 width=26)
                                                                                                                                       One-Time Filter: PartSelected
                                                                                                                                       ->  Append-only Columnar Scan on store_sales_1_prt_78 store_sales_1_prt_78_1  (cost=0.00..1.00 rows=1 width=26)
                                                                                                                                 ->  Result  (cost=0.00..1.00 rows=1 width=26)
                                                                                                                                       One-Time Filter: PartSelected
                                                                                                                                       ->  Append-only Columnar Scan on store_sales_1_prt_79 store_sales_1_prt_79_1  (cost=0.00..1.00 rows=1 width=26)
                                                                                                                                 ->  Result  (cost=0.00..1.00 rows=1 width=26)
                                                                                                                                       One-Time Filter: PartSelected
                                                                                                                                       ->  Append-only Columnar Scan on store_sales_1_prt_80 store_sales_1_prt_80_1  (cost=0.00..1.00 rows=1 width=26)
                                                                                                                           ->  Hash  (cost=2022.65..2022.65 rows=577 width=12)
                                                                                                                                 ->  Partition Selector for store_sales (dynamic scan id: 1)  (cost=0.00..2022.65 rows=577 width=12)
                                                                                                                                       Filter: date_dim_1.d_date_sk
                                                                                                                                       ->  Broadcast Motion 3:3  (slice6; segments: 3)  (cost=0.00..2022.65 rows=577 width=12)
                                                                                                                                             ->  Seq Scan on date_dim date_dim_1  (cost=0.00..1999.60 rows=193 width=12)
                                                                                                                                                   Filter: ((d_year = 2000) OR ((d_year = 1999) AND (d_moy = 12)) OR ((d_year = 2001) AND (d_moy = 1)))
                                                                                                               ->  Hash  (cost=42.02..42.02 rows=334 width=16)
                                                                                                                     ->  Seq Scan on store store_1  (cost=0.00..42.02 rows=334 width=16)
                                                                                                   ->  Hash  (cost=5981.47..5981.47 rows=99749 width=27)
                                                                                                         ->  Seq Scan on item item_1  (cost=0.00..5981.47 rows=99749 width=27)
                                 ->  Hash  (cost=0.30..0.30 rows=5 width=512)
                                       ->  Subquery Scan on v1_lead  (cost=0.00..0.30 rows=5 width=512)
                                             ->  WindowAgg  (cost=57536388.67..57536389.49 rows=5 width=512)
                                                   Partition By: item_2.i_category, item_2.i_brand, store_2.s_store_name, store_2.s_company_name, date_dim_2.d_year
                                                   ->  WindowAgg  (cost=57536388.67..57536389.12 rows=5 width=512)
                                                         Partition By: item_2.i_category, item_2.i_brand, store_2.s_store_name, store_2.s_company_name
                                                         Order By: date_dim_2.d_year, date_dim_2.d_moy
                                                         ->  Sort  (cost=57536388.67..57536388.71 rows=5 width=512)
                                                               Sort Key: item_2.i_category, item_2.i_brand, store_2.s_store_name, store_2.s_company_name, date_dim_2.d_year, date_dim_2.d_moy
                                                               ->  Redistribute Motion 3:3  (slice15; segments: 3)  (cost=57536387.74..57536388.38 rows=5 width=512)
                                                                     Hash Key: item_2.i_category, item_2.i_brand, store_2.s_store_name, store_2.s_company_name
                                                                     ->  HashAggregate  (cost=57536387.74..57536387.93 rows=5 width=512)
                                                                           Group Key: item_2.i_category, item_2.i_brand, store_2.s_store_name, store_2.s_company_name, date_dim_2.d_year, date_dim_2.d_moy
                                                                           ->  Redistribute Motion 3:3  (slice14; segments: 3)  (cost=57536387.03..57536387.33 rows=5 width=512)
                                                                                 Hash Key: item_2.i_category, item_2.i_brand, store_2.s_store_name, store_2.s_company_name, date_dim_2.d_year, date_dim_2.d_moy
                                                                                 ->  HashAggregate  (cost=57536387.03..57536387.03 rows=5 width=512)
                                                                                       Group Key: item_2.i_category, item_2.i_brand, store_2.s_store_name, store_2.s_company_name, date_dim_2.d_year, date_dim_2.d_moy
                                                                                       ->  Hash Join  (cost=11820.87..57536386.75 rows=6 width=49)
                                                                                             Hash Cond: (store_sales_1_prt_outliers_2.ss_item_sk = item_2.i_item_sk)
                                                                                             ->  Redistribute Motion 3:3  (slice13; segments: 3)  (cost=2098.81..57526664.48 rows=6 width=30)
                                                                                                   Hash Key: store_sales_1_prt_outliers_2.ss_item_sk
                                                                                                   ->  Hash Join  (cost=2098.81..57526664.17 rows=6 width=30)
                                                                                                         Hash Cond: (store_sales_1_prt_outliers_2.ss_store_sk = store_2.s_store_sk)
                                                                                                         ->  Redistribute Motion 3:3  (slice12; segments: 3)  (cost=2044.26..57526609.35 rows=11 width=22)
                                                                                                               Hash Key: store_sales_1_prt_outliers_2.ss_store_sk
                                                                                                               ->  Hash Join  (cost=2044.26..57526608.72 rows=11 width=22)
                                                                                                                     Hash Cond: (store_sales_1_prt_outliers_2.ss_sold_date_sk = date_dim_2.d_date_sk)
                                                                                                                     ->  Append  (cost=0.00..39524635.96 rows=959996170 width=18)
                                                                                                                           ->  Result  (cost=0.00..1568615.00 rows=43200334 width=18)
                                                                                                                                 One-Time Filter: PartSelected
                                                                                                                                 ->  Append-only Columnar Scan on store_sales_1_prt_outliers store_sales_1_prt_outliers_2  (cost=0.00..1568615.00 rows=43200334 width=18)
                                                                                                                           ->  Result  (cost=0.00..324595.00 rows=7840134 width=18)
                                                                                                                                 One-Time Filter: PartSelected
                                                                                                                                 ->  Append-only Columnar Scan on store_sales_1_prt_2 store_sales_1_prt_2_2  (cost=0.00..324595.00 rows=7840134 width=18)
                                                                                                                           ->  Result  (cost=0.00..336211.00 rows=8120800 width=18)
                                                                                                                                 One-Time Filter: PartSelected
                                                                                                                                 ->  Append-only Columnar Scan on store_sales_1_prt_3 store_sales_1_prt_3_2  (cost=0.00..336211.00 rows=8120800 width=18)
                                                                                                                           ->  Result  (cost=0.00..324382.00 rows=7834967 width=18)
                                                                                                                                 One-Time Filter: PartSelected
                                                                                                                                 ->  Append-only Columnar Scan on store_sales_1_prt_4 store_sales_1_prt_4_2  (cost=0.00..324382.00 rows=7834967 width=18)
                                                                                                                           ->  Result  (cost=0.00..336381.00 rows=8124734 width=18)
                                                                                                                                 One-Time Filter: PartSelected
                                                                                                                                 ->  Append-only Columnar Scan on store_sales_1_prt_5 store_sales_1_prt_5_2  (cost=0.00..336381.00 rows=8124734 width=18)
                                                                                                                           ->  Result  (cost=0.00..336417.00 rows=8125800 width=18)
                                                                                                                                 One-Time Filter: PartSelected
                                                                                                                                 ->  Append-only Columnar Scan on store_sales_1_prt_6 store_sales_1_prt_6_2  (cost=0.00..336417.00 rows=8125800 width=18)
                                                                                                                           ->  Result  (cost=0.00..336453.00 rows=8126567 width=18)
                                                                                                                                 One-Time Filter: PartSelected
                                                                                                                                 ->  Append-only Columnar Scan on store_sales_1_prt_7 store_sales_1_prt_7_2  (cost=0.00..336453.00 rows=8126567 width=18)
                                                                                                                           ->  Result  (cost=0.00..336058.00 rows=8116967 width=18)
                                                                                                                                 One-Time Filter: PartSelected
                                                                                                                                 ->  Append-only Columnar Scan on store_sales_1_prt_8 store_sales_1_prt_8_2  (cost=0.00..336058.00 rows=8116967 width=18)
                                                                                                                           ->  Result  (cost=0.00..489738.00 rows=11829267 width=18)
                                                                                                                                 One-Time Filter: PartSelected
                                                                                                                                 ->  Append-only Columnar Scan on store_sales_1_prt_9 store_sales_1_prt_9_2  (cost=0.00..489738.00 rows=11829267 width=18)
                                                                                                                           ->  Result  (cost=0.00..765474.00 rows=18489534 width=18)
                                                                                                                                 One-Time Filter: PartSelected
                                                                                                                                 ->  Append-only Columnar Scan on store_sales_1_prt_10 store_sales_1_prt_10_2  (cost=0.00..765474.00 rows=18489534 width=18)
                                                                                                                           ->  Result  (cost=0.00..766278.00 rows=18508900 width=18)
                                                                                                                                 One-Time Filter: PartSelected
                                                                                                                                 ->  Append-only Columnar Scan on store_sales_1_prt_11 store_sales_1_prt_11_2  (cost=0.00..766278.00 rows=18508900 width=18)
                                                                                                                           ->  Result  (cost=0.00..793967.00 rows=19177700 width=18)
                                                                                                                                 One-Time Filter: PartSelected
                                                                                                                                 ->  Append-only Columnar Scan on store_sales_1_prt_12 store_sales_1_prt_12_2  (cost=0.00..793967.00 rows=19177700 width=18)
                                                                                                                           ->  Result  (cost=0.00..1159820.00 rows=28014600 width=18)
                                                                                                                                 One-Time Filter: PartSelected
                                                                                                                                 ->  Append-only Columnar Scan on store_sales_1_prt_13 store_sales_1_prt_13_2  (cost=0.00..1159820.00 rows=28014600 width=18)
                                                                                                                           ->  Result  (cost=0.00..1160753.00 rows=28037334 width=18)
                                                                                                                                 One-Time Filter: PartSelected
                                                                                                                                 ->  Append-only Columnar Scan on store_sales_1_prt_14 store_sales_1_prt_14_2  (cost=0.00..1160753.00 rows=28037334 width=18)
                                                                                                                           ->  Result  (cost=0.00..436710.00 rows=10548367 width=18)
                                                                                                                                 One-Time Filter: PartSelected
                                                                                                                                 ->  Append-only Columnar Scan on store_sales_1_prt_15 store_sales_1_prt_15_2  (cost=0.00..436710.00 rows=10548367 width=18)
                                                                                                                           ->  Result  (cost=0.00..336477.00 rows=8127134 width=18)
                                                                                                                                 One-Time Filter: PartSelected
                                                                                                                                 ->  Append-only Columnar Scan on store_sales_1_prt_16 store_sales_1_prt_16_2  (cost=0.00..336477.00 rows=8127134 width=18)
                                                                                                                           ->  Result  (cost=0.00..324706.00 rows=7842834 width=18)
                                                                                                                                 One-Time Filter: PartSelected
                                                                                                                                 ->  Append-only Columnar Scan on store_sales_1_prt_17 store_sales_1_prt_17_2  (cost=0.00..324706.00 rows=7842834 width=18)
                                                                                                                           ->  Result  (cost=0.00..336587.00 rows=8129867 width=18)
                                                                                                                                 One-Time Filter: PartSelected
                                                                                                                                 ->  Append-only Columnar Scan on store_sales_1_prt_18 store_sales_1_prt_18_2  (cost=0.00..336587.00 rows=8129867 width=18)
                                                                                                                           ->  Result  (cost=0.00..336153.00 rows=8119367 width=18)
                                                                                                                                 One-Time Filter: PartSelected
                                                                                                                                 ->  Append-only Columnar Scan on store_sales_1_prt_19 store_sales_1_prt_19_2  (cost=0.00..336153.00 rows=8119367 width=18)
                                                                                                                           ->  Result  (cost=0.00..336736.00 rows=8133367 width=18)
                                                                                                                                 One-Time Filter: PartSelected
                                                                                                                                 ->  Append-only Columnar Scan on store_sales_1_prt_20 store_sales_1_prt_20_2  (cost=0.00..336736.00 rows=8133367 width=18)
                                                                                                                           ->  Result  (cost=0.00..336190.00 rows=8120200 width=18)
                                                                                                                                 One-Time Filter: PartSelected
                                                                                                                                 ->  Append-only Columnar Scan on store_sales_1_prt_21 store_sales_1_prt_21_2  (cost=0.00..336190.00 rows=8120200 width=18)
                                                                                                                           ->  Result  (cost=0.00..474334.00 rows=11457100 width=18)
                                                                                                                                 One-Time Filter: PartSelected
                                                                                                                                 ->  Append-only Columnar Scan on store_sales_1_prt_22 store_sales_1_prt_22_2  (cost=0.00..474334.00 rows=11457100 width=18)
                                                                                                                           ->  Result  (cost=0.00..766084.00 rows=18504234 width=18)
                                                                                                                                 One-Time Filter: PartSelected
                                                                                                                                 ->  Append-only Columnar Scan on store_sales_1_prt_23 store_sales_1_prt_23_2  (cost=0.00..766084.00 rows=18504234 width=18)
                                                                                                                           ->  Result  (cost=0.00..765781.00 rows=18496900 width=18)
                                                                                                                                 One-Time Filter: PartSelected
                                                                                                                                 ->  Append-only Columnar Scan on store_sales_1_prt_24 store_sales_1_prt_24_2  (cost=0.00..765781.00 rows=18496900 width=18)
                                                                                                                           ->  Result  (cost=0.00..779443.00 rows=18826834 width=18)
                                                                                                                                 One-Time Filter: PartSelected
                                                                                                                                 ->  Append-only Columnar Scan on store_sales_1_prt_25 store_sales_1_prt_25_2  (cost=0.00..779443.00 rows=18826834 width=18)
                                                                                                                           ->  Result  (cost=0.00..1160832.00 rows=28039467 width=18)
                                                                                                                                 One-Time Filter: PartSelected
                                                                                                                                 ->  Append-only Columnar Scan on store_sales_1_prt_26 store_sales_1_prt_26_2  (cost=0.00..1160832.00 rows=28039467 width=18)
                                                                                                                           ->  Result  (cost=0.00..1160090.00 rows=28021400 width=18)
                                                                                                                                 One-Time Filter: PartSelected
                                                                                                                                 ->  Append-only Columnar Scan on store_sales_1_prt_27 store_sales_1_prt_27_2  (cost=0.00..1160090.00 rows=28021400 width=18)
                                                                                                                           ->  Result  (cost=0.00..465893.00 rows=11253134 width=18)
                                                                                                                                 One-Time Filter: PartSelected
                                                                                                                                 ->  Append-only Columnar Scan on store_sales_1_prt_28 store_sales_1_prt_28_2  (cost=0.00..465893.00 rows=11253134 width=18)
                                                                                                                           ->  Result  (cost=0.00..335914.00 rows=8113600 width=18)
                                                                                                                                 One-Time Filter: PartSelected
                                                                                                                                 ->  Append-only Columnar Scan on store_sales_1_prt_29 store_sales_1_prt_29_2  (cost=0.00..335914.00 rows=8113600 width=18)
                                                                                                                           ->  Result  (cost=0.00..336186.00 rows=8120167 width=18)
                                                                                                                                 One-Time Filter: PartSelected
                                                                                                                                 ->  Append-only Columnar Scan on store_sales_1_prt_30 store_sales_1_prt_30_2  (cost=0.00..336186.00 rows=8120167 width=18)
                                                                                                                           ->  Result  (cost=0.00..336014.00 rows=8115934 width=18)
                                                                                                                                 One-Time Filter: PartSelected
                                                                                                                                 ->  Append-only Columnar Scan on store_sales_1_prt_31 store_sales_1_prt_31_2  (cost=0.00..336014.00 rows=8115934 width=18)
                                                                                                                           ->  Result  (cost=0.00..335918.00 rows=8113667 width=18)
                                                                                                                                 One-Time Filter: PartSelected
                                                                                                                                 ->  Append-only Columnar Scan on store_sales_1_prt_32 store_sales_1_prt_32_2  (cost=0.00..335918.00 rows=8113667 width=18)
                                                                                                                           ->  Result  (cost=0.00..336069.00 rows=8117334 width=18)
                                                                                                                                 One-Time Filter: PartSelected
                                                                                                                                 ->  Append-only Columnar Scan on store_sales_1_prt_33 store_sales_1_prt_33_2  (cost=0.00..336069.00 rows=8117334 width=18)
                                                                                                                           ->  Result  (cost=0.00..335472.00 rows=8102900 width=18)
                                                                                                                                 One-Time Filter: PartSelected
                                                                                                                                 ->  Append-only Columnar Scan on store_sales_1_prt_34 store_sales_1_prt_34_2  (cost=0.00..335472.00 rows=8102900 width=18)
                                                                                                                           ->  Result  (cost=0.00..457985.00 rows=11062100 width=18)
                                                                                                                                 One-Time Filter: PartSelected
                                                                                                                                 ->  Append-only Columnar Scan on store_sales_1_prt_35 store_sales_1_prt_35_2  (cost=0.00..457985.00 rows=11062100 width=18)
                                                                                                                           ->  Result  (cost=0.00..764679.00 rows=18470400 width=18)
                                                                                                                                 One-Time Filter: PartSelected
                                                                                                                                 ->  Append-only Columnar Scan on store_sales_1_prt_36 store_sales_1_prt_36_2  (cost=0.00..764679.00 rows=18470400 width=18)
                                                                                                                           ->  Result  (cost=0.00..764030.00 rows=18454700 width=18)
                                                                                                                                 One-Time Filter: PartSelected
                                                                                                                                 ->  Append-only Columnar Scan on store_sales_1_prt_37 store_sales_1_prt_37_2  (cost=0.00..764030.00 rows=18454700 width=18)
                                                                                                                           ->  Result  (cost=0.00..764484.00 rows=18465634 width=18)
                                                                                                                                 One-Time Filter: PartSelected
                                                                                                                                 ->  Append-only Columnar Scan on store_sales_1_prt_38 store_sales_1_prt_38_2  (cost=0.00..764484.00 rows=18465634 width=18)
                                                                                                                           ->  Result  (cost=0.00..1158198.04 rows=27975568 width=18)
                                                                                                                                 One-Time Filter: PartSelected
                                                                                                                                 ->  Append-only Columnar Scan on store_sales_1_prt_39 store_sales_1_prt_39_2  (cost=0.00..1158198.04 rows=27975568 width=18)
                                                                                                                           ->  Result  (cost=0.00..1158199.04 rows=27975968 width=18)
                                                                                                                                 One-Time Filter: PartSelected
                                                                                                                                 ->  Append-only Columnar Scan on store_sales_1_prt_40 store_sales_1_prt_40_2  (cost=0.00..1158199.04 rows=27975968 width=18)
                                                                                                                           ->  Result  (cost=0.00..483138.00 rows=11669800 width=18)
                                                                                                                                 One-Time Filter: PartSelected
                                                                                                                                 ->  Append-only Columnar Scan on store_sales_1_prt_41 store_sales_1_prt_41_2  (cost=0.00..483138.00 rows=11669800 width=18)
                                                                                                                           ->  Result  (cost=0.00..336559.00 rows=8129100 width=18)
                                                                                                                                 One-Time Filter: PartSelected
                                                                                                                                 ->  Append-only Columnar Scan on store_sales_1_prt_42 store_sales_1_prt_42_2  (cost=0.00..336559.00 rows=8129100 width=18)
                                                                                                                           ->  Result  (cost=0.00..324602.00 rows=7840367 width=18)
                                                                                                                                 One-Time Filter: PartSelected
                                                                                                                                 ->  Append-only Columnar Scan on store_sales_1_prt_43 store_sales_1_prt_43_2  (cost=0.00..324602.00 rows=7840367 width=18)
                                                                                                                           ->  Result  (cost=0.00..336209.00 rows=8120567 width=18)
                                                                                                                                 One-Time Filter: PartSelected
                                                                                                                                 ->  Append-only Columnar Scan on store_sales_1_prt_44 store_sales_1_prt_44_2  (cost=0.00..336209.00 rows=8120567 width=18)
                                                                                                                           ->  Result  (cost=0.00..336313.00 rows=8123267 width=18)
                                                                                                                                 One-Time Filter: PartSelected
                                                                                                                                 ->  Append-only Columnar Scan on store_sales_1_prt_45 store_sales_1_prt_45_2  (cost=0.00..336313.00 rows=8123267 width=18)
                                                                                                                           ->  Result  (cost=0.00..336621.00 rows=8130734 width=18)
                                                                                                                                 One-Time Filter: PartSelected
                                                                                                                                 ->  Append-only Columnar Scan on store_sales_1_prt_46 store_sales_1_prt_46_2  (cost=0.00..336621.00 rows=8130734 width=18)
                                                                                                                           ->  Result  (cost=0.00..335906.00 rows=8113400 width=18)
                                                                                                                                 One-Time Filter: PartSelected
                                                                                                                                 ->  Append-only Columnar Scan on store_sales_1_prt_47 store_sales_1_prt_47_2  (cost=0.00..335906.00 rows=8113400 width=18)
                                                                                                                           ->  Result  (cost=0.00..428657.00 rows=10353800 width=18)
                                                                                                                                 One-Time Filter: PartSelected
                                                                                                                                 ->  Append-only Columnar Scan on store_sales_1_prt_48 store_sales_1_prt_48_2  (cost=0.00..428657.00 rows=10353800 width=18)
                                                                                                                           ->  Result  (cost=0.00..766560.00 rows=18515734 width=18)
                                                                                                                                 One-Time Filter: PartSelected
                                                                                                                                 ->  Append-only Columnar Scan on store_sales_1_prt_49 store_sales_1_prt_49_2  (cost=0.00..766560.00 rows=18515734 width=18)
                                                                                                                           ->  Result  (cost=0.00..766167.00 rows=18506234 width=18)
                                                                                                                                 One-Time Filter: PartSelected
                                                                                                                                 ->  Append-only Columnar Scan on store_sales_1_prt_50 store_sales_1_prt_50_2  (cost=0.00..766167.00 rows=18506234 width=18)
                                                                                                                           ->  Result  (cost=0.00..766196.00 rows=18506900 width=18)
                                                                                                                                 One-Time Filter: PartSelected
                                                                                                                                 ->  Append-only Columnar Scan on store_sales_1_prt_51 store_sales_1_prt_51_2  (cost=0.00..766196.00 rows=18506900 width=18)
                                                                                                                           ->  Result  (cost=0.00..1130938.00 rows=27317200 width=18)
                                                                                                                                 One-Time Filter: PartSelected
                                                                                                                                 ->  Append-only Columnar Scan on store_sales_1_prt_52 store_sales_1_prt_52_2  (cost=0.00..1130938.00 rows=27317200 width=18)
                                                                                                                           ->  Result  (cost=0.00..1160637.96 rows=28034566 width=18)
                                                                                                                                 One-Time Filter: PartSelected
                                                                                                                                 ->  Append-only Columnar Scan on store_sales_1_prt_53 store_sales_1_prt_53_2  (cost=0.00..1160637.96 rows=28034566 width=18)
                                                                                                                           ->  Result  (cost=0.00..555225.00 rows=13411000 width=18)
                                                                                                                                 One-Time Filter: PartSelected
                                                                                                                                 ->  Append-only Columnar Scan on store_sales_1_prt_54 store_sales_1_prt_54_2  (cost=0.00..555225.00 rows=13411000 width=18)
                                                                                                                           ->  Result  (cost=0.00..336782.00 rows=8134567 width=18)
                                                                                                                                 One-Time Filter: PartSelected
                                                                                                                                 ->  Append-only Columnar Scan on store_sales_1_prt_55 store_sales_1_prt_55_2  (cost=0.00..336782.00 rows=8134567 width=18)
                                                                                                                           ->  Result  (cost=0.00..324454.00 rows=7836734 width=18)
                                                                                                                                 One-Time Filter: PartSelected
                                                                                                                                 ->  Append-only Columnar Scan on store_sales_1_prt_56 store_sales_1_prt_56_2  (cost=0.00..324454.00 rows=7836734 width=18)
                                                                                                                           ->  Result  (cost=0.00..336546.00 rows=8128867 width=18)
                                                                                                                                 One-Time Filter: PartSelected
                                                                                                                                 ->  Append-only Columnar Scan on store_sales_1_prt_57 store_sales_1_prt_57_2  (cost=0.00..336546.00 rows=8128867 width=18)
                                                                                                                           ->  Result  (cost=0.00..336207.00 rows=8120667 width=18)
                                                                                                                                 One-Time Filter: PartSelected
                                                                                                                                 ->  Append-only Columnar Scan on store_sales_1_prt_58 store_sales_1_prt_58_2  (cost=0.00..336207.00 rows=8120667 width=18)
                                                                                                                           ->  Result  (cost=0.00..336578.00 rows=8129534 width=18)
                                                                                                                                 One-Time Filter: PartSelected
                                                                                                                                 ->  Append-only Columnar Scan on store_sales_1_prt_59 store_sales_1_prt_59_2  (cost=0.00..336578.00 rows=8129534 width=18)
                                                                                                                           ->  Result  (cost=0.00..336468.00 rows=8127067 width=18)
                                                                                                                                 One-Time Filter: PartSelected
                                                                                                                                 ->  Append-only Columnar Scan on store_sales_1_prt_60 store_sales_1_prt_60_2  (cost=0.00..336468.00 rows=8127067 width=18)
                                                                                                                           ->  Result  (cost=0.00..412992.00 rows=9975467 width=18)
                                                                                                                                 One-Time Filter: PartSelected
                                                                                                                                 ->  Append-only Columnar Scan on store_sales_1_prt_61 store_sales_1_prt_61_2  (cost=0.00..412992.00 rows=9975467 width=18)
                                                                                                                           ->  Result  (cost=0.00..765709.00 rows=18495234 width=18)
                                                                                                                                 One-Time Filter: PartSelected
                                                                                                                                 ->  Append-only Columnar Scan on store_sales_1_prt_62 store_sales_1_prt_62_2  (cost=0.00..765709.00 rows=18495234 width=18)
                                                                                                                           ->  Result  (cost=0.00..766176.00 rows=18506500 width=18)
                                                                                                                                 One-Time Filter: PartSelected
                                                                                                                                 ->  Append-only Columnar Scan on store_sales_1_prt_63 store_sales_1_prt_63_2  (cost=0.00..766176.00 rows=18506500 width=18)
                                                                                                                           ->  Result  (cost=0.00..766142.00 rows=18505834 width=18)
                                                                                                                                 One-Time Filter: PartSelected
                                                                                                                                 ->  Append-only Columnar Scan on store_sales_1_prt_64 store_sales_1_prt_64_2  (cost=0.00..766142.00 rows=18505834 width=18)
                                                                                                                           ->  Result  (cost=0.00..1117566.96 rows=26994166 width=18)
                                                                                                                                 One-Time Filter: PartSelected
                                                                                                                                 ->  Append-only Columnar Scan on store_sales_1_prt_65 store_sales_1_prt_65_2  (cost=0.00..1117566.96 rows=26994166 width=18)
                                                                                                                           ->  Result  (cost=0.00..1159645.96 rows=28010566 width=18)
                                                                                                                                 One-Time Filter: PartSelected
                                                                                                                                 ->  Append-only Columnar Scan on store_sales_1_prt_66 store_sales_1_prt_66_2  (cost=0.00..1159645.96 rows=28010566 width=18)
                                                                                                                           ->  Result  (cost=0.00..331321.00 rows=8002500 width=18)
                                                                                                                                 One-Time Filter: PartSelected
                                                                                                                                 ->  Append-only Columnar Scan on store_sales_1_prt_67 store_sales_1_prt_67_2  (cost=0.00..331321.00 rows=8002500 width=18)
                                                                                                                           ->  Result  (cost=0.00..1.00 rows=1 width=26)
                                                                                                                                 One-Time Filter: PartSelected
                                                                                                                                 ->  Append-only Columnar Scan on store_sales_1_prt_68 store_sales_1_prt_68_2  (cost=0.00..1.00 rows=1 width=26)
                                                                                                                           ->  Result  (cost=0.00..1.00 rows=1 width=26)
                                                                                                                                 One-Time Filter: PartSelected
                                                                                                                                 ->  Append-only Columnar Scan on store_sales_1_prt_69 store_sales_1_prt_69_2  (cost=0.00..1.00 rows=1 width=26)
                                                                                                                           ->  Result  (cost=0.00..1.00 rows=1 width=26)
                                                                                                                                 One-Time Filter: PartSelected
                                                                                                                                 ->  Append-only Columnar Scan on store_sales_1_prt_70 store_sales_1_prt_70_2  (cost=0.00..1.00 rows=1 width=26)
                                                                                                                           ->  Result  (cost=0.00..1.00 rows=1 width=26)
                                                                                                                                 One-Time Filter: PartSelected
                                                                                                                                 ->  Append-only Columnar Scan on store_sales_1_prt_71 store_sales_1_prt_71_2  (cost=0.00..1.00 rows=1 width=26)
                                                                                                                           ->  Result  (cost=0.00..1.00 rows=1 width=26)
                                                                                                                                 One-Time Filter: PartSelected
                                                                                                                                 ->  Append-only Columnar Scan on store_sales_1_prt_72 store_sales_1_prt_72_2  (cost=0.00..1.00 rows=1 width=26)
                                                                                                                           ->  Result  (cost=0.00..1.00 rows=1 width=26)
                                                                                                                                 One-Time Filter: PartSelected
                                                                                                                                 ->  Append-only Columnar Scan on store_sales_1_prt_73 store_sales_1_prt_73_2  (cost=0.00..1.00 rows=1 width=26)
                                                                                                                           ->  Result  (cost=0.00..1.00 rows=1 width=26)
                                                                                                                                 One-Time Filter: PartSelected
                                                                                                                                 ->  Append-only Columnar Scan on store_sales_1_prt_74 store_sales_1_prt_74_2  (cost=0.00..1.00 rows=1 width=26)
                                                                                                                           ->  Result  (cost=0.00..1.00 rows=1 width=26)
                                                                                                                                 One-Time Filter: PartSelected
                                                                                                                                 ->  Append-only Columnar Scan on store_sales_1_prt_75 store_sales_1_prt_75_2  (cost=0.00..1.00 rows=1 width=26)
                                                                                                                           ->  Result  (cost=0.00..1.00 rows=1 width=26)
                                                                                                                                 One-Time Filter: PartSelected
                                                                                                                                 ->  Append-only Columnar Scan on store_sales_1_prt_76 store_sales_1_prt_76_2  (cost=0.00..1.00 rows=1 width=26)
                                                                                                                           ->  Result  (cost=0.00..1.00 rows=1 width=26)
                                                                                                                                 One-Time Filter: PartSelected
                                                                                                                                 ->  Append-only Columnar Scan on store_sales_1_prt_77 store_sales_1_prt_77_2  (cost=0.00..1.00 rows=1 width=26)
                                                                                                                           ->  Result  (cost=0.00..1.00 rows=1 width=26)
                                                                                                                                 One-Time Filter: PartSelected
                                                                                                                                 ->  Append-only Columnar Scan on store_sales_1_prt_78 store_sales_1_prt_78_2  (cost=0.00..1.00 rows=1 width=26)
                                                                                                                           ->  Result  (cost=0.00..1.00 rows=1 width=26)
                                                                                                                                 One-Time Filter: PartSelected
                                                                                                                                 ->  Append-only Columnar Scan on store_sales_1_prt_79 store_sales_1_prt_79_2  (cost=0.00..1.00 rows=1 width=26)
                                                                                                                           ->  Result  (cost=0.00..1.00 rows=1 width=26)
                                                                                                                                 One-Time Filter: PartSelected
                                                                                                                                 ->  Append-only Columnar Scan on store_sales_1_prt_80 store_sales_1_prt_80_2  (cost=0.00..1.00 rows=1 width=26)
                                                                                                                     ->  Hash  (cost=2022.65..2022.65 rows=577 width=12)
                                                                                                                           ->  Partition Selector for store_sales (dynamic scan id: 1)  (cost=0.00..2022.65 rows=577 width=12)
                                                                                                                                 Filter: date_dim_2.d_date_sk
                                                                                                                                 ->  Broadcast Motion 3:3  (slice11; segments: 3)  (cost=0.00..2022.65 rows=577 width=12)
                                                                                                                                       ->  Seq Scan on date_dim date_dim_2  (cost=0.00..1999.60 rows=193 width=12)
                                                                                                                                             Filter: ((d_year = 2000) OR ((d_year = 1999) AND (d_moy = 12)) OR ((d_year = 2001) AND (d_moy = 1)))
                                                                                                         ->  Hash  (cost=42.02..42.02 rows=334 width=16)
                                                                                                               ->  Seq Scan on store store_2  (cost=0.00..42.02 rows=334 width=16)
                                                                                             ->  Hash  (cost=5981.47..5981.47 rows=99749 width=27)
                                                                                                   ->  Seq Scan on item item_2  (cost=0.00..5981.47 rows=99749 width=27)
 Planning time: 33.502 ms
 Optimizer: legacy query optimizer
(847 rows)

-- end query 1 in stream 0 using template query47.tpl
