-- start query 1 in stream 0 using template query48.tpl
explain
select sum (ss_quantity)
 from store_sales, store, customer_demographics, customer_address, date_dim
 where s_store_sk = ss_store_sk
 and  ss_sold_date_sk = d_date_sk and d_year = 1998
 and  
 (
  (
   cd_demo_sk = ss_cdemo_sk
   and 
   cd_marital_status = 'M'
   and 
   cd_education_status = '4 yr Degree'
   and 
   ss_sales_price between 100.00 and 150.00  
   )
 or
  (
  cd_demo_sk = ss_cdemo_sk
   and 
   cd_marital_status = 'M'
   and 
   cd_education_status = '4 yr Degree'
   and 
   ss_sales_price between 50.00 and 100.00   
  )
 or 
 (
  cd_demo_sk = ss_cdemo_sk
  and 
   cd_marital_status = 'M'
   and 
   cd_education_status = '4 yr Degree'
   and 
   ss_sales_price between 150.00 and 200.00  
 )
 )
 and
 (
  (
  ss_addr_sk = ca_address_sk
  and
  ca_country = 'United States'
  and
  ca_state in ('KY', 'GA', 'NM')
  and ss_net_profit between 0 and 2000  
  )
 or
  (ss_addr_sk = ca_address_sk
  and
  ca_country = 'United States'
  and
  ca_state in ('MT', 'OR', 'IN')
  and ss_net_profit between 150 and 3000 
  )
 or
  (ss_addr_sk = ca_address_sk
  and
  ca_country = 'United States'
  and
  ca_state in ('WI', 'MO', 'WV')
  and ss_net_profit between 50 and 25000 
  )
 )
;
                                                                                                                                                                                                                                                                                                                     QUERY PLAN                                                                                                                                                                                                                                                                                                                     
----------------------------------------------------------------------------------------------------------------------------------------------------------------------------------------------------------------------------------------------------------------------------------------------------------------------------------------------------------------------------------------------------------------------------------------------------------------------------------------------------------------------------------------------------------------------------------------------------------------------------------------------------
 Aggregate  (cost=129565782.95..129565782.96 rows=1 width=8)
   ->  Gather Motion 3:1  (slice5; segments: 3)  (cost=129565782.89..129565782.94 rows=1 width=8)
         ->  Aggregate  (cost=129565782.89..129565782.90 rows=1 width=8)
               ->  Hash Join  (cost=228515.99..129565751.78 rows=4148 width=4)
                     Hash Cond: (store_sales_1_prt_outliers.ss_store_sk = store.s_store_sk)
                     ->  Hash Join  (cost=228396.31..129565428.08 rows=4246 width=8)
                           Hash Cond: (store_sales_1_prt_outliers.ss_addr_sk = customer_address.ca_address_sk)
                           Join Filter: ((((customer_address.ca_state)::text = ANY ('{KY,GA,NM}'::text[])) AND (store_sales_1_prt_outliers.ss_net_profit >= 0::numeric) AND (store_sales_1_prt_outliers.ss_net_profit <= 2000::numeric)) OR (((customer_address.ca_state)::text = ANY ('{MT,OR,IN}'::text[])) AND (store_sales_1_prt_outliers.ss_net_profit >= 150::numeric) AND (store_sales_1_prt_outliers.ss_net_profit <= 3000::numeric)) OR (((customer_address.ca_state)::text = ANY ('{WI,MO,WV}'::text[])) AND (store_sales_1_prt_outliers.ss_net_profit >= 50::numeric) AND (store_sales_1_prt_outliers.ss_net_profit <= 25000::numeric)))
                           ->  Redistribute Motion 3:3  (slice3; segments: 3)  (cost=44163.83..129379452.52 rows=56766 width=18)
                                 Hash Key: store_sales_1_prt_outliers.ss_addr_sk
                                 ->  Hash Join  (cost=44163.83..129376046.59 rows=56766 width=18)
                                       Hash Cond: (store_sales_1_prt_outliers.ss_cdemo_sk = customer_demographics.cd_demo_sk)
                                       ->  Hash Join  (cost=1297.42..129314666.31 rows=896582 width=22)
                                             Hash Cond: (store_sales_1_prt_outliers.ss_sold_date_sk = date_dim.d_date_sk)
                                             ->  Append  (cost=0.00..125924290.84 rows=179316300 width=26)
                                                   ->  Result  (cost=0.00..5456645.00 rows=3280707 width=26)
                                                         One-Time Filter: PartSelected
                                                         ->  Append-only Columnar Scan on store_sales_1_prt_outliers  (cost=0.00..5456645.00 rows=3280707 width=26)
                                                               Filter: ((((ss_sales_price >= 100.00) AND (ss_sales_price <= 150.00)) OR ((ss_sales_price >= 50.00) AND (ss_sales_price <= 100.00)) OR ((ss_sales_price >= 150.00) AND (ss_sales_price <= 200.00))) AND (((ss_net_profit >= 0::numeric) AND (ss_net_profit <= 2000::numeric)) OR ((ss_net_profit >= 150::numeric) AND (ss_net_profit <= 3000::numeric)) OR ((ss_net_profit >= 50::numeric) AND (ss_net_profit <= 25000::numeric))))
                                                   ->  Result  (cost=0.00..1030207.00 rows=1499640 width=26)
                                                         One-Time Filter: PartSelected
                                                         ->  Append-only Columnar Scan on store_sales_1_prt_2  (cost=0.00..1030207.00 rows=1499640 width=26)
                                                               Filter: ((((ss_sales_price >= 100.00) AND (ss_sales_price <= 150.00)) OR ((ss_sales_price >= 50.00) AND (ss_sales_price <= 100.00)) OR ((ss_sales_price >= 150.00) AND (ss_sales_price <= 200.00))) AND (((ss_net_profit >= 0::numeric) AND (ss_net_profit <= 2000::numeric)) OR ((ss_net_profit >= 150::numeric) AND (ss_net_profit <= 3000::numeric)) OR ((ss_net_profit >= 50::numeric) AND (ss_net_profit <= 25000::numeric))))
                                                   ->  Result  (cost=0.00..1067083.00 rows=1558724 width=26)
                                                         One-Time Filter: PartSelected
                                                         ->  Append-only Columnar Scan on store_sales_1_prt_3  (cost=0.00..1067083.00 rows=1558724 width=26)
                                                               Filter: ((((ss_sales_price >= 100.00) AND (ss_sales_price <= 150.00)) OR ((ss_sales_price >= 50.00) AND (ss_sales_price <= 100.00)) OR ((ss_sales_price >= 150.00) AND (ss_sales_price <= 200.00))) AND (((ss_net_profit >= 0::numeric) AND (ss_net_profit <= 2000::numeric)) OR ((ss_net_profit >= 150::numeric) AND (ss_net_profit <= 3000::numeric)) OR ((ss_net_profit >= 50::numeric) AND (ss_net_profit <= 25000::numeric))))
                                                   ->  Result  (cost=0.00..1029529.00 rows=1494395 width=26)
                                                         One-Time Filter: PartSelected
                                                         ->  Append-only Columnar Scan on store_sales_1_prt_4  (cost=0.00..1029529.00 rows=1494395 width=26)
                                                               Filter: ((((ss_sales_price >= 100.00) AND (ss_sales_price <= 150.00)) OR ((ss_sales_price >= 50.00) AND (ss_sales_price <= 100.00)) OR ((ss_sales_price >= 150.00) AND (ss_sales_price <= 200.00))) AND (((ss_net_profit >= 0::numeric) AND (ss_net_profit <= 2000::numeric)) OR ((ss_net_profit >= 150::numeric) AND (ss_net_profit <= 3000::numeric)) OR ((ss_net_profit >= 50::numeric) AND (ss_net_profit <= 25000::numeric))))
                                                   ->  Result  (cost=0.00..1067607.00 rows=1589647 width=26)
                                                         One-Time Filter: PartSelected
                                                         ->  Append-only Columnar Scan on store_sales_1_prt_5  (cost=0.00..1067607.00 rows=1589647 width=26)
                                                               Filter: ((((ss_sales_price >= 100.00) AND (ss_sales_price <= 150.00)) OR ((ss_sales_price >= 50.00) AND (ss_sales_price <= 100.00)) OR ((ss_sales_price >= 150.00) AND (ss_sales_price <= 200.00))) AND (((ss_net_profit >= 0::numeric) AND (ss_net_profit <= 2000::numeric)) OR ((ss_net_profit >= 150::numeric) AND (ss_net_profit <= 3000::numeric)) OR ((ss_net_profit >= 50::numeric) AND (ss_net_profit <= 25000::numeric))))
                                                   ->  Result  (cost=0.00..1067739.00 rows=1553101 width=26)
                                                         One-Time Filter: PartSelected
                                                         ->  Append-only Columnar Scan on store_sales_1_prt_6  (cost=0.00..1067739.00 rows=1553101 width=26)
                                                               Filter: ((((ss_sales_price >= 100.00) AND (ss_sales_price <= 150.00)) OR ((ss_sales_price >= 50.00) AND (ss_sales_price <= 100.00)) OR ((ss_sales_price >= 150.00) AND (ss_sales_price <= 200.00))) AND (((ss_net_profit >= 0::numeric) AND (ss_net_profit <= 2000::numeric)) OR ((ss_net_profit >= 150::numeric) AND (ss_net_profit <= 3000::numeric)) OR ((ss_net_profit >= 50::numeric) AND (ss_net_profit <= 25000::numeric))))
                                                   ->  Result  (cost=0.00..1067844.00 rows=1551061 width=26)
                                                         One-Time Filter: PartSelected
                                                         ->  Append-only Columnar Scan on store_sales_1_prt_7  (cost=0.00..1067844.00 rows=1551061 width=26)
                                                               Filter: ((((ss_sales_price >= 100.00) AND (ss_sales_price <= 150.00)) OR ((ss_sales_price >= 50.00) AND (ss_sales_price <= 100.00)) OR ((ss_sales_price >= 150.00) AND (ss_sales_price <= 200.00))) AND (((ss_net_profit >= 0::numeric) AND (ss_net_profit <= 2000::numeric)) OR ((ss_net_profit >= 150::numeric) AND (ss_net_profit <= 3000::numeric)) OR ((ss_net_profit >= 50::numeric) AND (ss_net_profit <= 25000::numeric))))
                                                   ->  Result  (cost=0.00..1066585.00 rows=1545106 width=26)
                                                         One-Time Filter: PartSelected
                                                         ->  Append-only Columnar Scan on store_sales_1_prt_8  (cost=0.00..1066585.00 rows=1545106 width=26)
                                                               Filter: ((((ss_sales_price >= 100.00) AND (ss_sales_price <= 150.00)) OR ((ss_sales_price >= 50.00) AND (ss_sales_price <= 100.00)) OR ((ss_sales_price >= 150.00) AND (ss_sales_price <= 200.00))) AND (((ss_net_profit >= 0::numeric) AND (ss_net_profit <= 2000::numeric)) OR ((ss_net_profit >= 150::numeric) AND (ss_net_profit <= 3000::numeric)) OR ((ss_net_profit >= 50::numeric) AND (ss_net_profit <= 25000::numeric))))
                                                   ->  Result  (cost=0.00..1554372.00 rows=2264986 width=26)
                                                         One-Time Filter: PartSelected
                                                         ->  Append-only Columnar Scan on store_sales_1_prt_9  (cost=0.00..1554372.00 rows=2264986 width=26)
                                                               Filter: ((((ss_sales_price >= 100.00) AND (ss_sales_price <= 150.00)) OR ((ss_sales_price >= 50.00) AND (ss_sales_price <= 100.00)) OR ((ss_sales_price >= 150.00) AND (ss_sales_price <= 200.00))) AND (((ss_net_profit >= 0::numeric) AND (ss_net_profit <= 2000::numeric)) OR ((ss_net_profit >= 150::numeric) AND (ss_net_profit <= 3000::numeric)) OR ((ss_net_profit >= 50::numeric) AND (ss_net_profit <= 25000::numeric))))
                                                   ->  Result  (cost=0.00..2429532.00 rows=3603000 width=26)
                                                         One-Time Filter: PartSelected
                                                         ->  Append-only Columnar Scan on store_sales_1_prt_10  (cost=0.00..2429532.00 rows=3603000 width=26)
                                                               Filter: ((((ss_sales_price >= 100.00) AND (ss_sales_price <= 150.00)) OR ((ss_sales_price >= 50.00) AND (ss_sales_price <= 100.00)) OR ((ss_sales_price >= 150.00) AND (ss_sales_price <= 200.00))) AND (((ss_net_profit >= 0::numeric) AND (ss_net_profit <= 2000::numeric)) OR ((ss_net_profit >= 150::numeric) AND (ss_net_profit <= 3000::numeric)) OR ((ss_net_profit >= 50::numeric) AND (ss_net_profit <= 25000::numeric))))
                                                   ->  Result  (cost=0.00..2432079.00 rows=3557325 width=26)
                                                         One-Time Filter: PartSelected
                                                         ->  Append-only Columnar Scan on store_sales_1_prt_11  (cost=0.00..2432079.00 rows=3557325 width=26)
                                                               Filter: ((((ss_sales_price >= 100.00) AND (ss_sales_price <= 150.00)) OR ((ss_sales_price >= 50.00) AND (ss_sales_price <= 100.00)) OR ((ss_sales_price >= 150.00) AND (ss_sales_price <= 200.00))) AND (((ss_net_profit >= 0::numeric) AND (ss_net_profit <= 2000::numeric)) OR ((ss_net_profit >= 150::numeric) AND (ss_net_profit <= 3000::numeric)) OR ((ss_net_profit >= 50::numeric) AND (ss_net_profit <= 25000::numeric))))
                                                   ->  Result  (cost=0.00..2519960.00 rows=3642762 width=26)
                                                         One-Time Filter: PartSelected
                                                         ->  Append-only Columnar Scan on store_sales_1_prt_12  (cost=0.00..2519960.00 rows=3642762 width=26)
                                                               Filter: ((((ss_sales_price >= 100.00) AND (ss_sales_price <= 150.00)) OR ((ss_sales_price >= 50.00) AND (ss_sales_price <= 100.00)) OR ((ss_sales_price >= 150.00) AND (ss_sales_price <= 200.00))) AND (((ss_net_profit >= 0::numeric) AND (ss_net_profit <= 2000::numeric)) OR ((ss_net_profit >= 150::numeric) AND (ss_net_profit <= 3000::numeric)) OR ((ss_net_profit >= 50::numeric) AND (ss_net_profit <= 25000::numeric))))
                                                   ->  Result  (cost=0.00..3681134.00 rows=5369262 width=26)
                                                         One-Time Filter: PartSelected
                                                         ->  Append-only Columnar Scan on store_sales_1_prt_13  (cost=0.00..3681134.00 rows=5369262 width=26)
                                                               Filter: ((((ss_sales_price >= 100.00) AND (ss_sales_price <= 150.00)) OR ((ss_sales_price >= 50.00) AND (ss_sales_price <= 100.00)) OR ((ss_sales_price >= 150.00) AND (ss_sales_price <= 200.00))) AND (((ss_net_profit >= 0::numeric) AND (ss_net_profit <= 2000::numeric)) OR ((ss_net_profit >= 150::numeric) AND (ss_net_profit <= 3000::numeric)) OR ((ss_net_profit >= 50::numeric) AND (ss_net_profit <= 25000::numeric))))
                                                   ->  Result  (cost=0.00..3684113.00 rows=5373076 width=26)
                                                         One-Time Filter: PartSelected
                                                         ->  Append-only Columnar Scan on store_sales_1_prt_14  (cost=0.00..3684113.00 rows=5373076 width=26)
                                                               Filter: ((((ss_sales_price >= 100.00) AND (ss_sales_price <= 150.00)) OR ((ss_sales_price >= 50.00) AND (ss_sales_price <= 100.00)) OR ((ss_sales_price >= 150.00) AND (ss_sales_price <= 200.00))) AND (((ss_net_profit >= 0::numeric) AND (ss_net_profit <= 2000::numeric)) OR ((ss_net_profit >= 150::numeric) AND (ss_net_profit <= 3000::numeric)) OR ((ss_net_profit >= 50::numeric) AND (ss_net_profit <= 25000::numeric))))
                                                   ->  Result  (cost=0.00..1386063.00 rows=2031005 width=26)
                                                         One-Time Filter: PartSelected
                                                         ->  Append-only Columnar Scan on store_sales_1_prt_15  (cost=0.00..1386063.00 rows=2031005 width=26)
                                                               Filter: ((((ss_sales_price >= 100.00) AND (ss_sales_price <= 150.00)) OR ((ss_sales_price >= 50.00) AND (ss_sales_price <= 100.00)) OR ((ss_sales_price >= 150.00) AND (ss_sales_price <= 200.00))) AND (((ss_net_profit >= 0::numeric) AND (ss_net_profit <= 2000::numeric)) OR ((ss_net_profit >= 150::numeric) AND (ss_net_profit <= 3000::numeric)) OR ((ss_net_profit >= 50::numeric) AND (ss_net_profit <= 25000::numeric))))
                                                   ->  Result  (cost=0.00..1067919.00 rows=1546833 width=26)
                                                         One-Time Filter: PartSelected
                                                         ->  Append-only Columnar Scan on store_sales_1_prt_16  (cost=0.00..1067919.00 rows=1546833 width=26)
                                                               Filter: ((((ss_sales_price >= 100.00) AND (ss_sales_price <= 150.00)) OR ((ss_sales_price >= 50.00) AND (ss_sales_price <= 100.00)) OR ((ss_sales_price >= 150.00) AND (ss_sales_price <= 200.00))) AND (((ss_net_profit >= 0::numeric) AND (ss_net_profit <= 2000::numeric)) OR ((ss_net_profit >= 150::numeric) AND (ss_net_profit <= 3000::numeric)) OR ((ss_net_profit >= 50::numeric) AND (ss_net_profit <= 25000::numeric))))
                                                   ->  Result  (cost=0.00..1030561.00 rows=1480733 width=26)
                                                         One-Time Filter: PartSelected
                                                         ->  Append-only Columnar Scan on store_sales_1_prt_17  (cost=0.00..1030561.00 rows=1480733 width=26)
                                                               Filter: ((((ss_sales_price >= 100.00) AND (ss_sales_price <= 150.00)) OR ((ss_sales_price >= 50.00) AND (ss_sales_price <= 100.00)) OR ((ss_sales_price >= 150.00) AND (ss_sales_price <= 200.00))) AND (((ss_net_profit >= 0::numeric) AND (ss_net_profit <= 2000::numeric)) OR ((ss_net_profit >= 150::numeric) AND (ss_net_profit <= 3000::numeric)) OR ((ss_net_profit >= 50::numeric) AND (ss_net_profit <= 25000::numeric))))
                                                   ->  Result  (cost=0.00..1068275.00 rows=1562966 width=26)
                                                         One-Time Filter: PartSelected
                                                         ->  Append-only Columnar Scan on store_sales_1_prt_18  (cost=0.00..1068275.00 rows=1562966 width=26)
                                                               Filter: ((((ss_sales_price >= 100.00) AND (ss_sales_price <= 150.00)) OR ((ss_sales_price >= 50.00) AND (ss_sales_price <= 100.00)) OR ((ss_sales_price >= 150.00) AND (ss_sales_price <= 200.00))) AND (((ss_net_profit >= 0::numeric) AND (ss_net_profit <= 2000::numeric)) OR ((ss_net_profit >= 150::numeric) AND (ss_net_profit <= 3000::numeric)) OR ((ss_net_profit >= 50::numeric) AND (ss_net_profit <= 25000::numeric))))
                                                   ->  Result  (cost=0.00..1066896.00 rows=1565338 width=26)
                                                         One-Time Filter: PartSelected
                                                         ->  Append-only Columnar Scan on store_sales_1_prt_19  (cost=0.00..1066896.00 rows=1565338 width=26)
                                                               Filter: ((((ss_sales_price >= 100.00) AND (ss_sales_price <= 150.00)) OR ((ss_sales_price >= 50.00) AND (ss_sales_price <= 100.00)) OR ((ss_sales_price >= 150.00) AND (ss_sales_price <= 200.00))) AND (((ss_net_profit >= 0::numeric) AND (ss_net_profit <= 2000::numeric)) OR ((ss_net_profit >= 150::numeric) AND (ss_net_profit <= 3000::numeric)) OR ((ss_net_profit >= 50::numeric) AND (ss_net_profit <= 25000::numeric))))
                                                   ->  Result  (cost=0.00..1068739.00 rows=1530324 width=26)
                                                         One-Time Filter: PartSelected
                                                         ->  Append-only Columnar Scan on store_sales_1_prt_20  (cost=0.00..1068739.00 rows=1530324 width=26)
                                                               Filter: ((((ss_sales_price >= 100.00) AND (ss_sales_price <= 150.00)) OR ((ss_sales_price >= 50.00) AND (ss_sales_price <= 100.00)) OR ((ss_sales_price >= 150.00) AND (ss_sales_price <= 200.00))) AND (((ss_net_profit >= 0::numeric) AND (ss_net_profit <= 2000::numeric)) OR ((ss_net_profit >= 150::numeric) AND (ss_net_profit <= 3000::numeric)) OR ((ss_net_profit >= 50::numeric) AND (ss_net_profit <= 25000::numeric))))
                                                   ->  Result  (cost=0.00..1067008.00 rows=1569446 width=26)
                                                         One-Time Filter: PartSelected
                                                         ->  Append-only Columnar Scan on store_sales_1_prt_21  (cost=0.00..1067008.00 rows=1569446 width=26)
                                                               Filter: ((((ss_sales_price >= 100.00) AND (ss_sales_price <= 150.00)) OR ((ss_sales_price >= 50.00) AND (ss_sales_price <= 100.00)) OR ((ss_sales_price >= 150.00) AND (ss_sales_price <= 200.00))) AND (((ss_net_profit >= 0::numeric) AND (ss_net_profit <= 2000::numeric)) OR ((ss_net_profit >= 150::numeric) AND (ss_net_profit <= 3000::numeric)) OR ((ss_net_profit >= 50::numeric) AND (ss_net_profit <= 25000::numeric))))
                                                   ->  Result  (cost=0.00..1505473.00 rows=2205360 width=26)
                                                         One-Time Filter: PartSelected
                                                         ->  Append-only Columnar Scan on store_sales_1_prt_22  (cost=0.00..1505473.00 rows=2205360 width=26)
                                                               Filter: ((((ss_sales_price >= 100.00) AND (ss_sales_price <= 150.00)) OR ((ss_sales_price >= 50.00) AND (ss_sales_price <= 100.00)) OR ((ss_sales_price >= 150.00) AND (ss_sales_price <= 200.00))) AND (((ss_net_profit >= 0::numeric) AND (ss_net_profit <= 2000::numeric)) OR ((ss_net_profit >= 150::numeric) AND (ss_net_profit <= 3000::numeric)) OR ((ss_net_profit >= 50::numeric) AND (ss_net_profit <= 25000::numeric))))
                                                   ->  Result  (cost=0.00..2431465.00 rows=3554281 width=26)
                                                         One-Time Filter: PartSelected
                                                         ->  Append-only Columnar Scan on store_sales_1_prt_23  (cost=0.00..2431465.00 rows=3554281 width=26)
                                                               Filter: ((((ss_sales_price >= 100.00) AND (ss_sales_price <= 150.00)) OR ((ss_sales_price >= 50.00) AND (ss_sales_price <= 100.00)) OR ((ss_sales_price >= 150.00) AND (ss_sales_price <= 200.00))) AND (((ss_net_profit >= 0::numeric) AND (ss_net_profit <= 2000::numeric)) OR ((ss_net_profit >= 150::numeric) AND (ss_net_profit <= 3000::numeric)) OR ((ss_net_profit >= 50::numeric) AND (ss_net_profit <= 25000::numeric))))
                                                   ->  Result  (cost=0.00..2430502.00 rows=3500416 width=26)
                                                         One-Time Filter: PartSelected
                                                         ->  Append-only Columnar Scan on store_sales_1_prt_24  (cost=0.00..2430502.00 rows=3500416 width=26)
                                                               Filter: ((((ss_sales_price >= 100.00) AND (ss_sales_price <= 150.00)) OR ((ss_sales_price >= 50.00) AND (ss_sales_price <= 100.00)) OR ((ss_sales_price >= 150.00) AND (ss_sales_price <= 200.00))) AND (((ss_net_profit >= 0::numeric) AND (ss_net_profit <= 2000::numeric)) OR ((ss_net_profit >= 150::numeric) AND (ss_net_profit <= 3000::numeric)) OR ((ss_net_profit >= 50::numeric) AND (ss_net_profit <= 25000::numeric))))
                                                   ->  Result  (cost=0.00..2473858.00 rows=3553990 width=26)
                                                         One-Time Filter: PartSelected
                                                         ->  Append-only Columnar Scan on store_sales_1_prt_25  (cost=0.00..2473858.00 rows=3553990 width=26)
                                                               Filter: ((((ss_sales_price >= 100.00) AND (ss_sales_price <= 150.00)) OR ((ss_sales_price >= 50.00) AND (ss_sales_price <= 100.00)) OR ((ss_sales_price >= 150.00) AND (ss_sales_price <= 200.00))) AND (((ss_net_profit >= 0::numeric) AND (ss_net_profit <= 2000::numeric)) OR ((ss_net_profit >= 150::numeric) AND (ss_net_profit <= 3000::numeric)) OR ((ss_net_profit >= 50::numeric) AND (ss_net_profit <= 25000::numeric))))
                                                   ->  Result  (cost=0.00..3684384.00 rows=5229734 width=26)
                                                         One-Time Filter: PartSelected
                                                         ->  Append-only Columnar Scan on store_sales_1_prt_26  (cost=0.00..3684384.00 rows=5229734 width=26)
                                                               Filter: ((((ss_sales_price >= 100.00) AND (ss_sales_price <= 150.00)) OR ((ss_sales_price >= 50.00) AND (ss_sales_price <= 100.00)) OR ((ss_sales_price >= 150.00) AND (ss_sales_price <= 200.00))) AND (((ss_net_profit >= 0::numeric) AND (ss_net_profit <= 2000::numeric)) OR ((ss_net_profit >= 150::numeric) AND (ss_net_profit <= 3000::numeric)) OR ((ss_net_profit >= 50::numeric) AND (ss_net_profit <= 25000::numeric))))
                                                   ->  Result  (cost=0.00..3682016.00 rows=5408991 width=26)
                                                         One-Time Filter: PartSelected
                                                         ->  Append-only Columnar Scan on store_sales_1_prt_27  (cost=0.00..3682016.00 rows=5408991 width=26)
                                                               Filter: ((((ss_sales_price >= 100.00) AND (ss_sales_price <= 150.00)) OR ((ss_sales_price >= 50.00) AND (ss_sales_price <= 100.00)) OR ((ss_sales_price >= 150.00) AND (ss_sales_price <= 200.00))) AND (((ss_net_profit >= 0::numeric) AND (ss_net_profit <= 2000::numeric)) OR ((ss_net_profit >= 150::numeric) AND (ss_net_profit <= 3000::numeric)) OR ((ss_net_profit >= 50::numeric) AND (ss_net_profit <= 25000::numeric))))
                                                   ->  Result  (cost=0.00..1478675.00 rows=2134309 width=26)
                                                         One-Time Filter: PartSelected
                                                         ->  Append-only Columnar Scan on store_sales_1_prt_28  (cost=0.00..1478675.00 rows=2134309 width=26)
                                                               Filter: ((((ss_sales_price >= 100.00) AND (ss_sales_price <= 150.00)) OR ((ss_sales_price >= 50.00) AND (ss_sales_price <= 100.00)) OR ((ss_sales_price >= 150.00) AND (ss_sales_price <= 200.00))) AND (((ss_net_profit >= 0::numeric) AND (ss_net_profit <= 2000::numeric)) OR ((ss_net_profit >= 150::numeric) AND (ss_net_profit <= 3000::numeric)) OR ((ss_net_profit >= 50::numeric) AND (ss_net_profit <= 25000::numeric))))
                                                   ->  Result  (cost=0.00..1066138.00 rows=1529957 width=26)
                                                         One-Time Filter: PartSelected
                                                         ->  Append-only Columnar Scan on store_sales_1_prt_29  (cost=0.00..1066138.00 rows=1529957 width=26)
                                                               Filter: ((((ss_sales_price >= 100.00) AND (ss_sales_price <= 150.00)) OR ((ss_sales_price >= 50.00) AND (ss_sales_price <= 100.00)) OR ((ss_sales_price >= 150.00) AND (ss_sales_price <= 200.00))) AND (((ss_net_profit >= 0::numeric) AND (ss_net_profit <= 2000::numeric)) OR ((ss_net_profit >= 150::numeric) AND (ss_net_profit <= 3000::numeric)) OR ((ss_net_profit >= 50::numeric) AND (ss_net_profit <= 25000::numeric))))
                                                   ->  Result  (cost=0.00..1067001.00 rows=1546467 width=26)
                                                         One-Time Filter: PartSelected
                                                         ->  Append-only Columnar Scan on store_sales_1_prt_30  (cost=0.00..1067001.00 rows=1546467 width=26)
                                                               Filter: ((((ss_sales_price >= 100.00) AND (ss_sales_price <= 150.00)) OR ((ss_sales_price >= 50.00) AND (ss_sales_price <= 100.00)) OR ((ss_sales_price >= 150.00) AND (ss_sales_price <= 200.00))) AND (((ss_net_profit >= 0::numeric) AND (ss_net_profit <= 2000::numeric)) OR ((ss_net_profit >= 150::numeric) AND (ss_net_profit <= 3000::numeric)) OR ((ss_net_profit >= 50::numeric) AND (ss_net_profit <= 25000::numeric))))
                                                   ->  Result  (cost=0.00..1066448.00 rows=1572367 width=26)
                                                         One-Time Filter: PartSelected
                                                         ->  Append-only Columnar Scan on store_sales_1_prt_31  (cost=0.00..1066448.00 rows=1572367 width=26)
                                                               Filter: ((((ss_sales_price >= 100.00) AND (ss_sales_price <= 150.00)) OR ((ss_sales_price >= 50.00) AND (ss_sales_price <= 100.00)) OR ((ss_sales_price >= 150.00) AND (ss_sales_price <= 200.00))) AND (((ss_net_profit >= 0::numeric) AND (ss_net_profit <= 2000::numeric)) OR ((ss_net_profit >= 150::numeric) AND (ss_net_profit <= 3000::numeric)) OR ((ss_net_profit >= 50::numeric) AND (ss_net_profit <= 25000::numeric))))
                                                   ->  Result  (cost=0.00..1066148.00 rows=1564856 width=26)
                                                         One-Time Filter: PartSelected
                                                         ->  Append-only Columnar Scan on store_sales_1_prt_32  (cost=0.00..1066148.00 rows=1564856 width=26)
                                                               Filter: ((((ss_sales_price >= 100.00) AND (ss_sales_price <= 150.00)) OR ((ss_sales_price >= 50.00) AND (ss_sales_price <= 100.00)) OR ((ss_sales_price >= 150.00) AND (ss_sales_price <= 200.00))) AND (((ss_net_profit >= 0::numeric) AND (ss_net_profit <= 2000::numeric)) OR ((ss_net_profit >= 150::numeric) AND (ss_net_profit <= 3000::numeric)) OR ((ss_net_profit >= 50::numeric) AND (ss_net_profit <= 25000::numeric))))
                                                   ->  Result  (cost=0.00..1066629.00 rows=1528054 width=26)
                                                         One-Time Filter: PartSelected
                                                         ->  Append-only Columnar Scan on store_sales_1_prt_33  (cost=0.00..1066629.00 rows=1528054 width=26)
                                                               Filter: ((((ss_sales_price >= 100.00) AND (ss_sales_price <= 150.00)) OR ((ss_sales_price >= 50.00) AND (ss_sales_price <= 100.00)) OR ((ss_sales_price >= 150.00) AND (ss_sales_price <= 200.00))) AND (((ss_net_profit >= 0::numeric) AND (ss_net_profit <= 2000::numeric)) OR ((ss_net_profit >= 150::numeric) AND (ss_net_profit <= 3000::numeric)) OR ((ss_net_profit >= 50::numeric) AND (ss_net_profit <= 25000::numeric))))
                                                   ->  Result  (cost=0.00..1064733.00 rows=1537182 width=26)
                                                         One-Time Filter: PartSelected
                                                         ->  Append-only Columnar Scan on store_sales_1_prt_34  (cost=0.00..1064733.00 rows=1537182 width=26)
                                                               Filter: ((((ss_sales_price >= 100.00) AND (ss_sales_price <= 150.00)) OR ((ss_sales_price >= 50.00) AND (ss_sales_price <= 100.00)) OR ((ss_sales_price >= 150.00) AND (ss_sales_price <= 200.00))) AND (((ss_net_profit >= 0::numeric) AND (ss_net_profit <= 2000::numeric)) OR ((ss_net_profit >= 150::numeric) AND (ss_net_profit <= 3000::numeric)) OR ((ss_net_profit >= 50::numeric) AND (ss_net_profit <= 25000::numeric))))
                                                   ->  Result  (cost=0.00..1453574.00 rows=2119977 width=26)
                                                         One-Time Filter: PartSelected
                                                         ->  Append-only Columnar Scan on store_sales_1_prt_35  (cost=0.00..1453574.00 rows=2119977 width=26)
                                                               Filter: ((((ss_sales_price >= 100.00) AND (ss_sales_price <= 150.00)) OR ((ss_sales_price >= 50.00) AND (ss_sales_price <= 100.00)) OR ((ss_sales_price >= 150.00) AND (ss_sales_price <= 200.00))) AND (((ss_net_profit >= 0::numeric) AND (ss_net_profit <= 2000::numeric)) OR ((ss_net_profit >= 150::numeric) AND (ss_net_profit <= 3000::numeric)) OR ((ss_net_profit >= 50::numeric) AND (ss_net_profit <= 25000::numeric))))
                                                   ->  Result  (cost=0.00..2427015.00 rows=3514260 width=26)
                                                         One-Time Filter: PartSelected
                                                         ->  Append-only Columnar Scan on store_sales_1_prt_36  (cost=0.00..2427015.00 rows=3514260 width=26)
                                                               Filter: ((((ss_sales_price >= 100.00) AND (ss_sales_price <= 150.00)) OR ((ss_sales_price >= 50.00) AND (ss_sales_price <= 100.00)) OR ((ss_sales_price >= 150.00) AND (ss_sales_price <= 200.00))) AND (((ss_net_profit >= 0::numeric) AND (ss_net_profit <= 2000::numeric)) OR ((ss_net_profit >= 150::numeric) AND (ss_net_profit <= 3000::numeric)) OR ((ss_net_profit >= 50::numeric) AND (ss_net_profit <= 25000::numeric))))
                                                   ->  Result  (cost=0.00..2424953.00 rows=3558125 width=26)
                                                         One-Time Filter: PartSelected
                                                         ->  Append-only Columnar Scan on store_sales_1_prt_37  (cost=0.00..2424953.00 rows=3558125 width=26)
                                                               Filter: ((((ss_sales_price >= 100.00) AND (ss_sales_price <= 150.00)) OR ((ss_sales_price >= 50.00) AND (ss_sales_price <= 100.00)) OR ((ss_sales_price >= 150.00) AND (ss_sales_price <= 200.00))) AND (((ss_net_profit >= 0::numeric) AND (ss_net_profit <= 2000::numeric)) OR ((ss_net_profit >= 150::numeric) AND (ss_net_profit <= 3000::numeric)) OR ((ss_net_profit >= 50::numeric) AND (ss_net_profit <= 25000::numeric))))
                                                   ->  Result  (cost=0.00..2426391.00 rows=3486587 width=26)
                                                         One-Time Filter: PartSelected
                                                         ->  Append-only Columnar Scan on store_sales_1_prt_38  (cost=0.00..2426391.00 rows=3486587 width=26)
                                                               Filter: ((((ss_sales_price >= 100.00) AND (ss_sales_price <= 150.00)) OR ((ss_sales_price >= 50.00) AND (ss_sales_price <= 100.00)) OR ((ss_sales_price >= 150.00) AND (ss_sales_price <= 200.00))) AND (((ss_net_profit >= 0::numeric) AND (ss_net_profit <= 2000::numeric)) OR ((ss_net_profit >= 150::numeric) AND (ss_net_profit <= 3000::numeric)) OR ((ss_net_profit >= 50::numeric) AND (ss_net_profit <= 25000::numeric))))
                                                   ->  Result  (cost=0.00..3675999.16 rows=5320995 width=26)
                                                         One-Time Filter: PartSelected
                                                         ->  Append-only Columnar Scan on store_sales_1_prt_39  (cost=0.00..3675999.16 rows=5320995 width=26)
                                                               Filter: ((((ss_sales_price >= 100.00) AND (ss_sales_price <= 150.00)) OR ((ss_sales_price >= 50.00) AND (ss_sales_price <= 100.00)) OR ((ss_sales_price >= 150.00) AND (ss_sales_price <= 200.00))) AND (((ss_net_profit >= 0::numeric) AND (ss_net_profit <= 2000::numeric)) OR ((ss_net_profit >= 150::numeric) AND (ss_net_profit <= 3000::numeric)) OR ((ss_net_profit >= 50::numeric) AND (ss_net_profit <= 25000::numeric))))
                                                   ->  Result  (cost=0.00..3676036.16 rows=5330552 width=26)
                                                         One-Time Filter: PartSelected
                                                         ->  Append-only Columnar Scan on store_sales_1_prt_40  (cost=0.00..3676036.16 rows=5330552 width=26)
                                                               Filter: ((((ss_sales_price >= 100.00) AND (ss_sales_price <= 150.00)) OR ((ss_sales_price >= 50.00) AND (ss_sales_price <= 100.00)) OR ((ss_sales_price >= 150.00) AND (ss_sales_price <= 200.00))) AND (((ss_net_profit >= 0::numeric) AND (ss_net_profit <= 2000::numeric)) OR ((ss_net_profit >= 150::numeric) AND (ss_net_profit <= 3000::numeric)) OR ((ss_net_profit >= 50::numeric) AND (ss_net_profit <= 25000::numeric))))
                                                   ->  Result  (cost=0.00..1533420.00 rows=2262053 width=26)
                                                         One-Time Filter: PartSelected
                                                         ->  Append-only Columnar Scan on store_sales_1_prt_41  (cost=0.00..1533420.00 rows=2262053 width=26)
                                                               Filter: ((((ss_sales_price >= 100.00) AND (ss_sales_price <= 150.00)) OR ((ss_sales_price >= 50.00) AND (ss_sales_price <= 100.00)) OR ((ss_sales_price >= 150.00) AND (ss_sales_price <= 200.00))) AND (((ss_net_profit >= 0::numeric) AND (ss_net_profit <= 2000::numeric)) OR ((ss_net_profit >= 150::numeric) AND (ss_net_profit <= 3000::numeric)) OR ((ss_net_profit >= 50::numeric) AND (ss_net_profit <= 25000::numeric))))
                                                   ->  Result  (cost=0.00..1068178.00 rows=1544712 width=26)
                                                         One-Time Filter: PartSelected
                                                         ->  Append-only Columnar Scan on store_sales_1_prt_42  (cost=0.00..1068178.00 rows=1544712 width=26)
                                                               Filter: ((((ss_sales_price >= 100.00) AND (ss_sales_price <= 150.00)) OR ((ss_sales_price >= 50.00) AND (ss_sales_price <= 100.00)) OR ((ss_sales_price >= 150.00) AND (ss_sales_price <= 200.00))) AND (((ss_net_profit >= 0::numeric) AND (ss_net_profit <= 2000::numeric)) OR ((ss_net_profit >= 150::numeric) AND (ss_net_profit <= 3000::numeric)) OR ((ss_net_profit >= 50::numeric) AND (ss_net_profit <= 25000::numeric))))
                                                   ->  Result  (cost=0.00..1030235.00 rows=1535551 width=26)
                                                         One-Time Filter: PartSelected
                                                         ->  Append-only Columnar Scan on store_sales_1_prt_43  (cost=0.00..1030235.00 rows=1535551 width=26)
                                                               Filter: ((((ss_sales_price >= 100.00) AND (ss_sales_price <= 150.00)) OR ((ss_sales_price >= 50.00) AND (ss_sales_price <= 100.00)) OR ((ss_sales_price >= 150.00) AND (ss_sales_price <= 200.00))) AND (((ss_net_profit >= 0::numeric) AND (ss_net_profit <= 2000::numeric)) OR ((ss_net_profit >= 150::numeric) AND (ss_net_profit <= 3000::numeric)) OR ((ss_net_profit >= 50::numeric) AND (ss_net_profit <= 25000::numeric))))
                                                   ->  Result  (cost=0.00..1067060.00 rows=1567576 width=26)
                                                         One-Time Filter: PartSelected
                                                         ->  Append-only Columnar Scan on store_sales_1_prt_44  (cost=0.00..1067060.00 rows=1567576 width=26)
                                                               Filter: ((((ss_sales_price >= 100.00) AND (ss_sales_price <= 150.00)) OR ((ss_sales_price >= 50.00) AND (ss_sales_price <= 100.00)) OR ((ss_sales_price >= 150.00) AND (ss_sales_price <= 200.00))) AND (((ss_net_profit >= 0::numeric) AND (ss_net_profit <= 2000::numeric)) OR ((ss_net_profit >= 150::numeric) AND (ss_net_profit <= 3000::numeric)) OR ((ss_net_profit >= 50::numeric) AND (ss_net_profit <= 25000::numeric))))
                                                   ->  Result  (cost=0.00..1067407.00 rows=1562641 width=26)
                                                         One-Time Filter: PartSelected
                                                         ->  Append-only Columnar Scan on store_sales_1_prt_45  (cost=0.00..1067407.00 rows=1562641 width=26)
                                                               Filter: ((((ss_sales_price >= 100.00) AND (ss_sales_price <= 150.00)) OR ((ss_sales_price >= 50.00) AND (ss_sales_price <= 100.00)) OR ((ss_sales_price >= 150.00) AND (ss_sales_price <= 200.00))) AND (((ss_net_profit >= 0::numeric) AND (ss_net_profit <= 2000::numeric)) OR ((ss_net_profit >= 150::numeric) AND (ss_net_profit <= 3000::numeric)) OR ((ss_net_profit >= 50::numeric) AND (ss_net_profit <= 25000::numeric))))
                                                   ->  Result  (cost=0.00..1068387.00 rows=1573613 width=26)
                                                         One-Time Filter: PartSelected
                                                         ->  Append-only Columnar Scan on store_sales_1_prt_46  (cost=0.00..1068387.00 rows=1573613 width=26)
                                                               Filter: ((((ss_sales_price >= 100.00) AND (ss_sales_price <= 150.00)) OR ((ss_sales_price >= 50.00) AND (ss_sales_price <= 100.00)) OR ((ss_sales_price >= 150.00) AND (ss_sales_price <= 200.00))) AND (((ss_net_profit >= 0::numeric) AND (ss_net_profit <= 2000::numeric)) OR ((ss_net_profit >= 150::numeric) AND (ss_net_profit <= 3000::numeric)) OR ((ss_net_profit >= 50::numeric) AND (ss_net_profit <= 25000::numeric))))
                                                   ->  Result  (cost=0.00..1066112.00 rows=1575048 width=26)
                                                         One-Time Filter: PartSelected
                                                         ->  Append-only Columnar Scan on store_sales_1_prt_47  (cost=0.00..1066112.00 rows=1575048 width=26)
                                                               Filter: ((((ss_sales_price >= 100.00) AND (ss_sales_price <= 150.00)) OR ((ss_sales_price >= 50.00) AND (ss_sales_price <= 100.00)) OR ((ss_sales_price >= 150.00) AND (ss_sales_price <= 200.00))) AND (((ss_net_profit >= 0::numeric) AND (ss_net_profit <= 2000::numeric)) OR ((ss_net_profit >= 150::numeric) AND (ss_net_profit <= 3000::numeric)) OR ((ss_net_profit >= 50::numeric) AND (ss_net_profit <= 25000::numeric))))
                                                   ->  Result  (cost=0.00..1360499.00 rows=1996074 width=26)
                                                         One-Time Filter: PartSelected
                                                         ->  Append-only Columnar Scan on store_sales_1_prt_48  (cost=0.00..1360499.00 rows=1996074 width=26)
                                                               Filter: ((((ss_sales_price >= 100.00) AND (ss_sales_price <= 150.00)) OR ((ss_sales_price >= 50.00) AND (ss_sales_price <= 100.00)) OR ((ss_sales_price >= 150.00) AND (ss_sales_price <= 200.00))) AND (((ss_net_profit >= 0::numeric) AND (ss_net_profit <= 2000::numeric)) OR ((ss_net_profit >= 150::numeric) AND (ss_net_profit <= 3000::numeric)) OR ((ss_net_profit >= 50::numeric) AND (ss_net_profit <= 25000::numeric))))
                                                   ->  Result  (cost=0.00..2432976.00 rows=3604113 width=26)
                                                         One-Time Filter: PartSelected
                                                         ->  Append-only Columnar Scan on store_sales_1_prt_49  (cost=0.00..2432976.00 rows=3604113 width=26)
                                                               Filter: ((((ss_sales_price >= 100.00) AND (ss_sales_price <= 150.00)) OR ((ss_sales_price >= 50.00) AND (ss_sales_price <= 100.00)) OR ((ss_sales_price >= 150.00) AND (ss_sales_price <= 200.00))) AND (((ss_net_profit >= 0::numeric) AND (ss_net_profit <= 2000::numeric)) OR ((ss_net_profit >= 150::numeric) AND (ss_net_profit <= 3000::numeric)) OR ((ss_net_profit >= 50::numeric) AND (ss_net_profit <= 25000::numeric))))
                                                   ->  Result  (cost=0.00..2431728.00 rows=3618392 width=26)
                                                         One-Time Filter: PartSelected
                                                         ->  Append-only Columnar Scan on store_sales_1_prt_50  (cost=0.00..2431728.00 rows=3618392 width=26)
                                                               Filter: ((((ss_sales_price >= 100.00) AND (ss_sales_price <= 150.00)) OR ((ss_sales_price >= 50.00) AND (ss_sales_price <= 100.00)) OR ((ss_sales_price >= 150.00) AND (ss_sales_price <= 200.00))) AND (((ss_net_profit >= 0::numeric) AND (ss_net_profit <= 2000::numeric)) OR ((ss_net_profit >= 150::numeric) AND (ss_net_profit <= 3000::numeric)) OR ((ss_net_profit >= 50::numeric) AND (ss_net_profit <= 25000::numeric))))
                                                   ->  Result  (cost=0.00..2431817.00 rows=3526040 width=26)
                                                         One-Time Filter: PartSelected
                                                         ->  Append-only Columnar Scan on store_sales_1_prt_51  (cost=0.00..2431817.00 rows=3526040 width=26)
                                                               Filter: ((((ss_sales_price >= 100.00) AND (ss_sales_price <= 150.00)) OR ((ss_sales_price >= 50.00) AND (ss_sales_price <= 100.00)) OR ((ss_sales_price >= 150.00) AND (ss_sales_price <= 200.00))) AND (((ss_net_profit >= 0::numeric) AND (ss_net_profit <= 2000::numeric)) OR ((ss_net_profit >= 150::numeric) AND (ss_net_profit <= 3000::numeric)) OR ((ss_net_profit >= 50::numeric) AND (ss_net_profit <= 25000::numeric))))
                                                   ->  Result  (cost=0.00..3589486.00 rows=5301789 width=26)
                                                         One-Time Filter: PartSelected
                                                         ->  Append-only Columnar Scan on store_sales_1_prt_52  (cost=0.00..3589486.00 rows=5301789 width=26)
                                                               Filter: ((((ss_sales_price >= 100.00) AND (ss_sales_price <= 150.00)) OR ((ss_sales_price >= 50.00) AND (ss_sales_price <= 100.00)) OR ((ss_sales_price >= 150.00) AND (ss_sales_price <= 200.00))) AND (((ss_net_profit >= 0::numeric) AND (ss_net_profit <= 2000::numeric)) OR ((ss_net_profit >= 150::numeric) AND (ss_net_profit <= 3000::numeric)) OR ((ss_net_profit >= 50::numeric) AND (ss_net_profit <= 25000::numeric))))
                                                   ->  Result  (cost=0.00..3683748.84 rows=5451966 width=26)
                                                         One-Time Filter: PartSelected
                                                         ->  Append-only Columnar Scan on store_sales_1_prt_53  (cost=0.00..3683748.84 rows=5451966 width=26)
                                                               Filter: ((((ss_sales_price >= 100.00) AND (ss_sales_price <= 150.00)) OR ((ss_sales_price >= 50.00) AND (ss_sales_price <= 100.00)) OR ((ss_sales_price >= 150.00) AND (ss_sales_price <= 200.00))) AND (((ss_net_profit >= 0::numeric) AND (ss_net_profit <= 2000::numeric)) OR ((ss_net_profit >= 150::numeric) AND (ss_net_profit <= 3000::numeric)) OR ((ss_net_profit >= 50::numeric) AND (ss_net_profit <= 25000::numeric))))
                                                   ->  Result  (cost=0.00..1762215.00 rows=2526767 width=26)
                                                         One-Time Filter: PartSelected
                                                         ->  Append-only Columnar Scan on store_sales_1_prt_54  (cost=0.00..1762215.00 rows=2526767 width=26)
                                                               Filter: ((((ss_sales_price >= 100.00) AND (ss_sales_price <= 150.00)) OR ((ss_sales_price >= 50.00) AND (ss_sales_price <= 100.00)) OR ((ss_sales_price >= 150.00) AND (ss_sales_price <= 200.00))) AND (((ss_net_profit >= 0::numeric) AND (ss_net_profit <= 2000::numeric)) OR ((ss_net_profit >= 150::numeric) AND (ss_net_profit <= 3000::numeric)) OR ((ss_net_profit >= 50::numeric) AND (ss_net_profit <= 25000::numeric))))
                                                   ->  Result  (cost=0.00..1068893.00 rows=1544707 width=26)
                                                         One-Time Filter: PartSelected
                                                         ->  Append-only Columnar Scan on store_sales_1_prt_55  (cost=0.00..1068893.00 rows=1544707 width=26)
                                                               Filter: ((((ss_sales_price >= 100.00) AND (ss_sales_price <= 150.00)) OR ((ss_sales_price >= 50.00) AND (ss_sales_price <= 100.00)) OR ((ss_sales_price >= 150.00) AND (ss_sales_price <= 200.00))) AND (((ss_net_profit >= 0::numeric) AND (ss_net_profit <= 2000::numeric)) OR ((ss_net_profit >= 150::numeric) AND (ss_net_profit <= 3000::numeric)) OR ((ss_net_profit >= 50::numeric) AND (ss_net_profit <= 25000::numeric))))
                                                   ->  Result  (cost=0.00..1029760.00 rows=1522014 width=26)
                                                         One-Time Filter: PartSelected
                                                         ->  Append-only Columnar Scan on store_sales_1_prt_56  (cost=0.00..1029760.00 rows=1522014 width=26)
                                                               Filter: ((((ss_sales_price >= 100.00) AND (ss_sales_price <= 150.00)) OR ((ss_sales_price >= 50.00) AND (ss_sales_price <= 100.00)) OR ((ss_sales_price >= 150.00) AND (ss_sales_price <= 200.00))) AND (((ss_net_profit >= 0::numeric) AND (ss_net_profit <= 2000::numeric)) OR ((ss_net_profit >= 150::numeric) AND (ss_net_profit <= 3000::numeric)) OR ((ss_net_profit >= 50::numeric) AND (ss_net_profit <= 25000::numeric))))
                                                   ->  Result  (cost=0.00..1068144.00 rows=1584656 width=26)
                                                         One-Time Filter: PartSelected
                                                         ->  Append-only Columnar Scan on store_sales_1_prt_57  (cost=0.00..1068144.00 rows=1584656 width=26)
                                                               Filter: ((((ss_sales_price >= 100.00) AND (ss_sales_price <= 150.00)) OR ((ss_sales_price >= 50.00) AND (ss_sales_price <= 100.00)) OR ((ss_sales_price >= 150.00) AND (ss_sales_price <= 200.00))) AND (((ss_net_profit >= 0::numeric) AND (ss_net_profit <= 2000::numeric)) OR ((ss_net_profit >= 150::numeric) AND (ss_net_profit <= 3000::numeric)) OR ((ss_net_profit >= 50::numeric) AND (ss_net_profit <= 25000::numeric))))
                                                   ->  Result  (cost=0.00..1067067.00 rows=1549481 width=26)
                                                         One-Time Filter: PartSelected
                                                         ->  Append-only Columnar Scan on store_sales_1_prt_58  (cost=0.00..1067067.00 rows=1549481 width=26)
                                                               Filter: ((((ss_sales_price >= 100.00) AND (ss_sales_price <= 150.00)) OR ((ss_sales_price >= 50.00) AND (ss_sales_price <= 100.00)) OR ((ss_sales_price >= 150.00) AND (ss_sales_price <= 200.00))) AND (((ss_net_profit >= 0::numeric) AND (ss_net_profit <= 2000::numeric)) OR ((ss_net_profit >= 150::numeric) AND (ss_net_profit <= 3000::numeric)) OR ((ss_net_profit >= 50::numeric) AND (ss_net_profit <= 25000::numeric))))
                                                   ->  Result  (cost=0.00..1068236.00 rows=1555603 width=26)
                                                         One-Time Filter: PartSelected
                                                         ->  Append-only Columnar Scan on store_sales_1_prt_59  (cost=0.00..1068236.00 rows=1555603 width=26)
                                                               Filter: ((((ss_sales_price >= 100.00) AND (ss_sales_price <= 150.00)) OR ((ss_sales_price >= 50.00) AND (ss_sales_price <= 100.00)) OR ((ss_sales_price >= 150.00) AND (ss_sales_price <= 200.00))) AND (((ss_net_profit >= 0::numeric) AND (ss_net_profit <= 2000::numeric)) OR ((ss_net_profit >= 150::numeric) AND (ss_net_profit <= 3000::numeric)) OR ((ss_net_profit >= 50::numeric) AND (ss_net_profit <= 25000::numeric))))
                                                   ->  Result  (cost=0.00..1067904.00 rows=1568978 width=26)
                                                         One-Time Filter: PartSelected
                                                         ->  Append-only Columnar Scan on store_sales_1_prt_60  (cost=0.00..1067904.00 rows=1568978 width=26)
                                                               Filter: ((((ss_sales_price >= 100.00) AND (ss_sales_price <= 150.00)) OR ((ss_sales_price >= 50.00) AND (ss_sales_price <= 100.00)) OR ((ss_sales_price >= 150.00) AND (ss_sales_price <= 200.00))) AND (((ss_net_profit >= 0::numeric) AND (ss_net_profit <= 2000::numeric)) OR ((ss_net_profit >= 150::numeric) AND (ss_net_profit <= 3000::numeric)) OR ((ss_net_profit >= 50::numeric) AND (ss_net_profit <= 25000::numeric))))
                                                   ->  Result  (cost=0.00..1310784.00 rows=1901619 width=26)
                                                         One-Time Filter: PartSelected
                                                         ->  Append-only Columnar Scan on store_sales_1_prt_61  (cost=0.00..1310784.00 rows=1901619 width=26)
                                                               Filter: ((((ss_sales_price >= 100.00) AND (ss_sales_price <= 150.00)) OR ((ss_sales_price >= 50.00) AND (ss_sales_price <= 100.00)) OR ((ss_sales_price >= 150.00) AND (ss_sales_price <= 200.00))) AND (((ss_net_profit >= 0::numeric) AND (ss_net_profit <= 2000::numeric)) OR ((ss_net_profit >= 150::numeric) AND (ss_net_profit <= 3000::numeric)) OR ((ss_net_profit >= 50::numeric) AND (ss_net_profit <= 25000::numeric))))
                                                   ->  Result  (cost=0.00..2430280.00 rows=3559442 width=26)
                                                         One-Time Filter: PartSelected
                                                         ->  Append-only Columnar Scan on store_sales_1_prt_62  (cost=0.00..2430280.00 rows=3559442 width=26)
                                                               Filter: ((((ss_sales_price >= 100.00) AND (ss_sales_price <= 150.00)) OR ((ss_sales_price >= 50.00) AND (ss_sales_price <= 100.00)) OR ((ss_sales_price >= 150.00) AND (ss_sales_price <= 200.00))) AND (((ss_net_profit >= 0::numeric) AND (ss_net_profit <= 2000::numeric)) OR ((ss_net_profit >= 150::numeric) AND (ss_net_profit <= 3000::numeric)) OR ((ss_net_profit >= 50::numeric) AND (ss_net_profit <= 25000::numeric))))
                                                   ->  Result  (cost=0.00..2431761.00 rows=3604509 width=26)
                                                         One-Time Filter: PartSelected
                                                         ->  Append-only Columnar Scan on store_sales_1_prt_63  (cost=0.00..2431761.00 rows=3604509 width=26)
                                                               Filter: ((((ss_sales_price >= 100.00) AND (ss_sales_price <= 150.00)) OR ((ss_sales_price >= 50.00) AND (ss_sales_price <= 100.00)) OR ((ss_sales_price >= 150.00) AND (ss_sales_price <= 200.00))) AND (((ss_net_profit >= 0::numeric) AND (ss_net_profit <= 2000::numeric)) OR ((ss_net_profit >= 150::numeric) AND (ss_net_profit <= 3000::numeric)) OR ((ss_net_profit >= 50::numeric) AND (ss_net_profit <= 25000::numeric))))
                                                   ->  Result  (cost=0.00..2431667.00 rows=3588355 width=26)
                                                         One-Time Filter: PartSelected
                                                         ->  Append-only Columnar Scan on store_sales_1_prt_64  (cost=0.00..2431667.00 rows=3588355 width=26)
                                                               Filter: ((((ss_sales_price >= 100.00) AND (ss_sales_price <= 150.00)) OR ((ss_sales_price >= 50.00) AND (ss_sales_price <= 100.00)) OR ((ss_sales_price >= 150.00) AND (ss_sales_price <= 200.00))) AND (((ss_net_profit >= 0::numeric) AND (ss_net_profit <= 2000::numeric)) OR ((ss_net_profit >= 150::numeric) AND (ss_net_profit <= 3000::numeric)) OR ((ss_net_profit >= 50::numeric) AND (ss_net_profit <= 25000::numeric))))
                                                   ->  Result  (cost=0.00..3547041.84 rows=5239917 width=26)
                                                         One-Time Filter: PartSelected
                                                         ->  Append-only Columnar Scan on store_sales_1_prt_65  (cost=0.00..3547041.84 rows=5239917 width=26)
                                                               Filter: ((((ss_sales_price >= 100.00) AND (ss_sales_price <= 150.00)) OR ((ss_sales_price >= 50.00) AND (ss_sales_price <= 100.00)) OR ((ss_sales_price >= 150.00) AND (ss_sales_price <= 200.00))) AND (((ss_net_profit >= 0::numeric) AND (ss_net_profit <= 2000::numeric)) OR ((ss_net_profit >= 150::numeric) AND (ss_net_profit <= 3000::numeric)) OR ((ss_net_profit >= 50::numeric) AND (ss_net_profit <= 25000::numeric))))
                                                   ->  Result  (cost=0.00..3680596.84 rows=5565577 width=26)
                                                         One-Time Filter: PartSelected
                                                         ->  Append-only Columnar Scan on store_sales_1_prt_66  (cost=0.00..3680596.84 rows=5565577 width=26)
                                                               Filter: ((((ss_sales_price >= 100.00) AND (ss_sales_price <= 150.00)) OR ((ss_sales_price >= 50.00) AND (ss_sales_price <= 100.00)) OR ((ss_sales_price >= 150.00) AND (ss_sales_price <= 200.00))) AND (((ss_net_profit >= 0::numeric) AND (ss_net_profit <= 2000::numeric)) OR ((ss_net_profit >= 150::numeric) AND (ss_net_profit <= 3000::numeric)) OR ((ss_net_profit >= 50::numeric) AND (ss_net_profit <= 25000::numeric))))
                                                   ->  Result  (cost=0.00..1051546.00 rows=1519240 width=26)
                                                         One-Time Filter: PartSelected
                                                         ->  Append-only Columnar Scan on store_sales_1_prt_67  (cost=0.00..1051546.00 rows=1519240 width=26)
                                                               Filter: ((((ss_sales_price >= 100.00) AND (ss_sales_price <= 150.00)) OR ((ss_sales_price >= 50.00) AND (ss_sales_price <= 100.00)) OR ((ss_sales_price >= 150.00) AND (ss_sales_price <= 200.00))) AND (((ss_net_profit >= 0::numeric) AND (ss_net_profit <= 2000::numeric)) OR ((ss_net_profit >= 150::numeric) AND (ss_net_profit <= 3000::numeric)) OR ((ss_net_profit >= 50::numeric) AND (ss_net_profit <= 25000::numeric))))
                                                   ->  Result  (cost=0.00..1.00 rows=1 width=34)
                                                         One-Time Filter: PartSelected
                                                         ->  Append-only Columnar Scan on store_sales_1_prt_68  (cost=0.00..1.00 rows=1 width=34)
                                                               Filter: ((((ss_sales_price >= 100.00) AND (ss_sales_price <= 150.00)) OR ((ss_sales_price >= 50.00) AND (ss_sales_price <= 100.00)) OR ((ss_sales_price >= 150.00) AND (ss_sales_price <= 200.00))) AND (((ss_net_profit >= 0::numeric) AND (ss_net_profit <= 2000::numeric)) OR ((ss_net_profit >= 150::numeric) AND (ss_net_profit <= 3000::numeric)) OR ((ss_net_profit >= 50::numeric) AND (ss_net_profit <= 25000::numeric))))
                                                   ->  Result  (cost=0.00..1.00 rows=1 width=34)
                                                         One-Time Filter: PartSelected
                                                         ->  Append-only Columnar Scan on store_sales_1_prt_69  (cost=0.00..1.00 rows=1 width=34)
                                                               Filter: ((((ss_sales_price >= 100.00) AND (ss_sales_price <= 150.00)) OR ((ss_sales_price >= 50.00) AND (ss_sales_price <= 100.00)) OR ((ss_sales_price >= 150.00) AND (ss_sales_price <= 200.00))) AND (((ss_net_profit >= 0::numeric) AND (ss_net_profit <= 2000::numeric)) OR ((ss_net_profit >= 150::numeric) AND (ss_net_profit <= 3000::numeric)) OR ((ss_net_profit >= 50::numeric) AND (ss_net_profit <= 25000::numeric))))
                                                   ->  Result  (cost=0.00..1.00 rows=1 width=34)
                                                         One-Time Filter: PartSelected
                                                         ->  Append-only Columnar Scan on store_sales_1_prt_70  (cost=0.00..1.00 rows=1 width=34)
                                                               Filter: ((((ss_sales_price >= 100.00) AND (ss_sales_price <= 150.00)) OR ((ss_sales_price >= 50.00) AND (ss_sales_price <= 100.00)) OR ((ss_sales_price >= 150.00) AND (ss_sales_price <= 200.00))) AND (((ss_net_profit >= 0::numeric) AND (ss_net_profit <= 2000::numeric)) OR ((ss_net_profit >= 150::numeric) AND (ss_net_profit <= 3000::numeric)) OR ((ss_net_profit >= 50::numeric) AND (ss_net_profit <= 25000::numeric))))
                                                   ->  Result  (cost=0.00..1.00 rows=1 width=34)
                                                         One-Time Filter: PartSelected
                                                         ->  Append-only Columnar Scan on store_sales_1_prt_71  (cost=0.00..1.00 rows=1 width=34)
                                                               Filter: ((((ss_sales_price >= 100.00) AND (ss_sales_price <= 150.00)) OR ((ss_sales_price >= 50.00) AND (ss_sales_price <= 100.00)) OR ((ss_sales_price >= 150.00) AND (ss_sales_price <= 200.00))) AND (((ss_net_profit >= 0::numeric) AND (ss_net_profit <= 2000::numeric)) OR ((ss_net_profit >= 150::numeric) AND (ss_net_profit <= 3000::numeric)) OR ((ss_net_profit >= 50::numeric) AND (ss_net_profit <= 25000::numeric))))
                                                   ->  Result  (cost=0.00..1.00 rows=1 width=34)
                                                         One-Time Filter: PartSelected
                                                         ->  Append-only Columnar Scan on store_sales_1_prt_72  (cost=0.00..1.00 rows=1 width=34)
                                                               Filter: ((((ss_sales_price >= 100.00) AND (ss_sales_price <= 150.00)) OR ((ss_sales_price >= 50.00) AND (ss_sales_price <= 100.00)) OR ((ss_sales_price >= 150.00) AND (ss_sales_price <= 200.00))) AND (((ss_net_profit >= 0::numeric) AND (ss_net_profit <= 2000::numeric)) OR ((ss_net_profit >= 150::numeric) AND (ss_net_profit <= 3000::numeric)) OR ((ss_net_profit >= 50::numeric) AND (ss_net_profit <= 25000::numeric))))
                                                   ->  Result  (cost=0.00..1.00 rows=1 width=34)
                                                         One-Time Filter: PartSelected
                                                         ->  Append-only Columnar Scan on store_sales_1_prt_73  (cost=0.00..1.00 rows=1 width=34)
                                                               Filter: ((((ss_sales_price >= 100.00) AND (ss_sales_price <= 150.00)) OR ((ss_sales_price >= 50.00) AND (ss_sales_price <= 100.00)) OR ((ss_sales_price >= 150.00) AND (ss_sales_price <= 200.00))) AND (((ss_net_profit >= 0::numeric) AND (ss_net_profit <= 2000::numeric)) OR ((ss_net_profit >= 150::numeric) AND (ss_net_profit <= 3000::numeric)) OR ((ss_net_profit >= 50::numeric) AND (ss_net_profit <= 25000::numeric))))
                                                   ->  Result  (cost=0.00..1.00 rows=1 width=34)
                                                         One-Time Filter: PartSelected
                                                         ->  Append-only Columnar Scan on store_sales_1_prt_74  (cost=0.00..1.00 rows=1 width=34)
                                                               Filter: ((((ss_sales_price >= 100.00) AND (ss_sales_price <= 150.00)) OR ((ss_sales_price >= 50.00) AND (ss_sales_price <= 100.00)) OR ((ss_sales_price >= 150.00) AND (ss_sales_price <= 200.00))) AND (((ss_net_profit >= 0::numeric) AND (ss_net_profit <= 2000::numeric)) OR ((ss_net_profit >= 150::numeric) AND (ss_net_profit <= 3000::numeric)) OR ((ss_net_profit >= 50::numeric) AND (ss_net_profit <= 25000::numeric))))
                                                   ->  Result  (cost=0.00..1.00 rows=1 width=34)
                                                         One-Time Filter: PartSelected
                                                         ->  Append-only Columnar Scan on store_sales_1_prt_75  (cost=0.00..1.00 rows=1 width=34)
                                                               Filter: ((((ss_sales_price >= 100.00) AND (ss_sales_price <= 150.00)) OR ((ss_sales_price >= 50.00) AND (ss_sales_price <= 100.00)) OR ((ss_sales_price >= 150.00) AND (ss_sales_price <= 200.00))) AND (((ss_net_profit >= 0::numeric) AND (ss_net_profit <= 2000::numeric)) OR ((ss_net_profit >= 150::numeric) AND (ss_net_profit <= 3000::numeric)) OR ((ss_net_profit >= 50::numeric) AND (ss_net_profit <= 25000::numeric))))
                                                   ->  Result  (cost=0.00..1.00 rows=1 width=34)
                                                         One-Time Filter: PartSelected
                                                         ->  Append-only Columnar Scan on store_sales_1_prt_76  (cost=0.00..1.00 rows=1 width=34)
                                                               Filter: ((((ss_sales_price >= 100.00) AND (ss_sales_price <= 150.00)) OR ((ss_sales_price >= 50.00) AND (ss_sales_price <= 100.00)) OR ((ss_sales_price >= 150.00) AND (ss_sales_price <= 200.00))) AND (((ss_net_profit >= 0::numeric) AND (ss_net_profit <= 2000::numeric)) OR ((ss_net_profit >= 150::numeric) AND (ss_net_profit <= 3000::numeric)) OR ((ss_net_profit >= 50::numeric) AND (ss_net_profit <= 25000::numeric))))
                                                   ->  Result  (cost=0.00..1.00 rows=1 width=34)
                                                         One-Time Filter: PartSelected
                                                         ->  Append-only Columnar Scan on store_sales_1_prt_77  (cost=0.00..1.00 rows=1 width=34)
                                                               Filter: ((((ss_sales_price >= 100.00) AND (ss_sales_price <= 150.00)) OR ((ss_sales_price >= 50.00) AND (ss_sales_price <= 100.00)) OR ((ss_sales_price >= 150.00) AND (ss_sales_price <= 200.00))) AND (((ss_net_profit >= 0::numeric) AND (ss_net_profit <= 2000::numeric)) OR ((ss_net_profit >= 150::numeric) AND (ss_net_profit <= 3000::numeric)) OR ((ss_net_profit >= 50::numeric) AND (ss_net_profit <= 25000::numeric))))
                                                   ->  Result  (cost=0.00..1.00 rows=1 width=34)
                                                         One-Time Filter: PartSelected
                                                         ->  Append-only Columnar Scan on store_sales_1_prt_78  (cost=0.00..1.00 rows=1 width=34)
                                                               Filter: ((((ss_sales_price >= 100.00) AND (ss_sales_price <= 150.00)) OR ((ss_sales_price >= 50.00) AND (ss_sales_price <= 100.00)) OR ((ss_sales_price >= 150.00) AND (ss_sales_price <= 200.00))) AND (((ss_net_profit >= 0::numeric) AND (ss_net_profit <= 2000::numeric)) OR ((ss_net_profit >= 150::numeric) AND (ss_net_profit <= 3000::numeric)) OR ((ss_net_profit >= 50::numeric) AND (ss_net_profit <= 25000::numeric))))
                                                   ->  Result  (cost=0.00..1.00 rows=1 width=34)
                                                         One-Time Filter: PartSelected
                                                         ->  Append-only Columnar Scan on store_sales_1_prt_79  (cost=0.00..1.00 rows=1 width=34)
                                                               Filter: ((((ss_sales_price >= 100.00) AND (ss_sales_price <= 150.00)) OR ((ss_sales_price >= 50.00) AND (ss_sales_price <= 100.00)) OR ((ss_sales_price >= 150.00) AND (ss_sales_price <= 200.00))) AND (((ss_net_profit >= 0::numeric) AND (ss_net_profit <= 2000::numeric)) OR ((ss_net_profit >= 150::numeric) AND (ss_net_profit <= 3000::numeric)) OR ((ss_net_profit >= 50::numeric) AND (ss_net_profit <= 25000::numeric))))
                                                   ->  Result  (cost=0.00..1.00 rows=1 width=34)
                                                         One-Time Filter: PartSelected
                                                         ->  Append-only Columnar Scan on store_sales_1_prt_80  (cost=0.00..1.00 rows=1 width=34)
                                                               Filter: ((((ss_sales_price >= 100.00) AND (ss_sales_price <= 150.00)) OR ((ss_sales_price >= 50.00) AND (ss_sales_price <= 100.00)) OR ((ss_sales_price >= 150.00) AND (ss_sales_price <= 200.00))) AND (((ss_net_profit >= 0::numeric) AND (ss_net_profit <= 2000::numeric)) OR ((ss_net_profit >= 150::numeric) AND (ss_net_profit <= 3000::numeric)) OR ((ss_net_profit >= 50::numeric) AND (ss_net_profit <= 25000::numeric))))
                                             ->  Hash  (cost=1283.72..1283.72 rows=366 width=4)
                                                   ->  Partition Selector for store_sales (dynamic scan id: 1)  (cost=0.00..1283.72 rows=366 width=4)
                                                         Filter: date_dim.d_date_sk
                                                         ->  Broadcast Motion 3:3  (slice1; segments: 3)  (cost=0.00..1283.72 rows=366 width=4)
                                                               ->  Seq Scan on date_dim  (cost=0.00..1269.11 rows=122 width=4)
                                                                     Filter: (d_year = 1998)
                                       ->  Hash  (cost=38201.07..38201.07 rows=124410 width=4)
                                             ->  Broadcast Motion 3:3  (slice2; segments: 3)  (cost=0.00..38201.07 rows=124410 width=4)
                                                   ->  Seq Scan on customer_demographics  (cost=0.00..33224.70 rows=41470 width=4)
                                                         Filter: ((cd_marital_status = 'M'::bpchar) AND ((cd_education_status)::text = '4 yr Degree'::text))
                           ->  Hash  (cost=168412.76..168412.76 rows=421860 width=7)
                                 ->  Seq Scan on customer_address  (cost=0.00..168412.76 rows=421860 width=7)
                                       Filter: (((ca_country)::text = 'United States'::text) AND (((ca_state)::text = ANY ('{KY,GA,NM}'::text[])) OR ((ca_state)::text = ANY ('{MT,OR,IN}'::text[])) OR ((ca_state)::text = ANY ('{WI,MO,WV}'::text[]))))
                     ->  Hash  (cost=82.10..82.10 rows=1002 width=4)
                           ->  Broadcast Motion 3:3  (slice4; segments: 3)  (cost=0.00..82.10 rows=1002 width=4)
                                 ->  Seq Scan on store  (cost=0.00..42.02 rows=334 width=4)
 Planning time: 41.647 ms
 Optimizer: legacy query optimizer
(353 rows)

-- end query 1 in stream 0 using template query48.tpl
