-- start query 1 in stream 0 using template query49.tpl
explain
select  
 'web' as channel
 ,web.item
 ,web.return_ratio
 ,web.return_rank
 ,web.currency_rank
 from (
 	select 
 	 item
 	,return_ratio
 	,currency_ratio
 	,rank() over (order by return_ratio) as return_rank
 	,rank() over (order by currency_ratio) as currency_rank
 	from
 	(	select ws.ws_item_sk as item
 		,(cast(sum(coalesce(wr.wr_return_quantity,0)) as dec(15,4))/
 		cast(sum(coalesce(ws.ws_quantity,0)) as dec(15,4) )) as return_ratio
 		,(cast(sum(coalesce(wr.wr_return_amt,0)) as dec(15,4))/
 		cast(sum(coalesce(ws.ws_net_paid,0)) as dec(15,4) )) as currency_ratio
 		from 
 		 web_sales ws left outer join web_returns wr 
 			on (ws.ws_order_number = wr.wr_order_number and 
 			ws.ws_item_sk = wr.wr_item_sk)
                 ,date_dim
 		where 
 			wr.wr_return_amt > 10000 
 			and ws.ws_net_profit > 1
                         and ws.ws_net_paid > 0
                         and ws.ws_quantity > 0
                         and ws_sold_date_sk = d_date_sk
                         and d_year = 2000
                         and d_moy = 12
 		group by ws.ws_item_sk
 	) in_web
 ) web
 where 
 (
 web.return_rank <= 10
 or
 web.currency_rank <= 10
 )
 union
 select 
 'catalog' as channel
 ,catalog.item
 ,catalog.return_ratio
 ,catalog.return_rank
 ,catalog.currency_rank
 from (
 	select 
 	 item
 	,return_ratio
 	,currency_ratio
 	,rank() over (order by return_ratio) as return_rank
 	,rank() over (order by currency_ratio) as currency_rank
 	from
 	(	select 
 		cs.cs_item_sk as item
 		,(cast(sum(coalesce(cr.cr_return_quantity,0)) as dec(15,4))/
 		cast(sum(coalesce(cs.cs_quantity,0)) as dec(15,4) )) as return_ratio
 		,(cast(sum(coalesce(cr.cr_return_amount,0)) as dec(15,4))/
 		cast(sum(coalesce(cs.cs_net_paid,0)) as dec(15,4) )) as currency_ratio
 		from 
 		catalog_sales cs left outer join catalog_returns cr
 			on (cs.cs_order_number = cr.cr_order_number and 
 			cs.cs_item_sk = cr.cr_item_sk)
                ,date_dim
 		where 
 			cr.cr_return_amount > 10000 
 			and cs.cs_net_profit > 1
                         and cs.cs_net_paid > 0
                         and cs.cs_quantity > 0
                         and cs_sold_date_sk = d_date_sk
                         and d_year = 2000
                         and d_moy = 12
                 group by cs.cs_item_sk
 	) in_cat
 ) catalog
 where 
 (
 catalog.return_rank <= 10
 or
 catalog.currency_rank <=10
 )
 union
 select 
 'store' as channel
 ,store.item
 ,store.return_ratio
 ,store.return_rank
 ,store.currency_rank
 from (
 	select 
 	 item
 	,return_ratio
 	,currency_ratio
 	,rank() over (order by return_ratio) as return_rank
 	,rank() over (order by currency_ratio) as currency_rank
 	from
 	(	select sts.ss_item_sk as item
 		,(cast(sum(coalesce(sr.sr_return_quantity,0)) as dec(15,4))/cast(sum(coalesce(sts.ss_quantity,0)) as dec(15,4) )) as return_ratio
 		,(cast(sum(coalesce(sr.sr_return_amt,0)) as dec(15,4))/cast(sum(coalesce(sts.ss_net_paid,0)) as dec(15,4) )) as currency_ratio
 		from 
 		store_sales sts left outer join store_returns sr
 			on (sts.ss_ticket_number = sr.sr_ticket_number and sts.ss_item_sk = sr.sr_item_sk)
                ,date_dim
 		where 
 			sr.sr_return_amt > 10000 
 			and sts.ss_net_profit > 1
                         and sts.ss_net_paid > 0 
                         and sts.ss_quantity > 0
                         and ss_sold_date_sk = d_date_sk
                         and d_year = 2000
                         and d_moy = 12
 		group by sts.ss_item_sk
 	) in_store
 ) store
 where  (
 store.return_rank <= 10
 or 
 store.currency_rank <= 10
 )
 order by 1,4,5
 limit 100;
                                                                                                       QUERY PLAN                                                                                                       
------------------------------------------------------------------------------------------------------------------------------------------------------------------------------------------------------------------------
 Limit  (cost=129183190.09..129183190.13 rows=15 width=84)
   ->  Sort  (cost=129183190.09..129183190.13 rows=15 width=84)
         Sort Key: "outer".channel, web.return_rank, web.currency_rank
         ->  HashAggregate  (cost=129183189.65..129183189.80 rows=15 width=84)
               Group Key: "outer".channel, web.item, web.return_ratio, web.return_rank, web.currency_rank
               ->  Append  (cost=19511872.03..129183189.46 rows=15 width=52)
                     ->  Subquery Scan on web  (cost=19511872.03..19511872.29 rows=5 width=52)
                           Filter: ((web.return_rank <= 10) OR (web.currency_rank <= 10))
                           ->  WindowAgg  (cost=19511872.03..19511872.17 rows=8 width=68)
                                 Order By: in_web.return_ratio
                                 ->  Sort  (cost=19511872.03..19511872.05 rows=8 width=68)
                                       Sort Key: in_web.return_ratio
                                       ->  WindowAgg  (cost=19511871.77..19511871.91 rows=8 width=68)
                                             Order By: in_web.currency_ratio
                                             ->  Gather Motion 3:1  (slice4; segments: 3)  (cost=19511871.77..19511871.79 rows=8 width=68)
                                                   Merge Key: in_web.currency_ratio
                                                   ->  Sort  (cost=19511871.77..19511871.79 rows=3 width=68)
                                                         Sort Key: in_web.currency_ratio
                                                         ->  Subquery Scan on in_web  (cost=19511871.29..19511871.65 rows=3 width=68)
                                                               ->  HashAggregate  (cost=19511871.29..19511871.57 rows=3 width=68)
                                                                     Group Key: ws.ws_item_sk
                                                                     ->  Redistribute Motion 3:3  (slice3; segments: 3)  (cost=19511870.95..19511871.11 rows=3 width=84)
                                                                           Hash Key: ws.ws_item_sk
                                                                           ->  HashAggregate  (cost=19511870.95..19511870.95 rows=3 width=84)
                                                                                 Group Key: ws.ws_item_sk
                                                                                 ->  Hash Join  (cost=1174526.12..19511870.85 rows=3 width=24)
                                                                                       Hash Cond: ((ws.ws_order_number = wr.wr_order_number) AND (ws.ws_item_sk = wr.wr_item_sk))
                                                                                       ->  Redistribute Motion 3:3  (slice2; segments: 3)  (cost=1460.00..18292315.82 rows=135671 width=18)
                                                                                             Hash Key: ws.ws_order_number, ws.ws_item_sk
                                                                                             ->  Hash Join  (cost=1460.00..18284175.60 rows=135671 width=18)
                                                                                                   Hash Cond: (ws.ws_sold_date_sk = date_dim.d_date_sk)
                                                                                                   ->  Append  (cost=0.00..16536051.54 rows=92938344 width=22)
                                                                                                         ->  Result  (cost=0.00..3740.62 rows=13061 width=22)
                                                                                                               One-Time Filter: PartSelected
                                                                                                               ->  Append-only Columnar Scan on web_sales_1_prt_outliers ws  (cost=0.00..3740.62 rows=13061 width=22)
                                                                                                                     Filter: ((ws_net_profit > 1::numeric) AND (ws_net_paid > 0::numeric) AND (ws_quantity > 0))
                                                                                                         ->  Result  (cost=0.00..140910.65 rows=784132 width=22)
                                                                                                               One-Time Filter: PartSelected
                                                                                                               ->  Append-only Columnar Scan on web_sales_1_prt_2 ws_1  (cost=0.00..140910.65 rows=784132 width=22)
                                                                                                                     Filter: ((ws_net_profit > 1::numeric) AND (ws_net_paid > 0::numeric) AND (ws_quantity > 0))
                                                                                                         ->  Result  (cost=0.00..146700.95 rows=830591 width=22)
                                                                                                               One-Time Filter: PartSelected
                                                                                                               ->  Append-only Columnar Scan on web_sales_1_prt_3 ws_2  (cost=0.00..146700.95 rows=830591 width=22)
                                                                                                                     Filter: ((ws_net_profit > 1::numeric) AND (ws_net_paid > 0::numeric) AND (ws_quantity > 0))
                                                                                                         ->  Result  (cost=0.00..141331.35 rows=792847 width=22)
                                                                                                               One-Time Filter: PartSelected
                                                                                                               ->  Append-only Columnar Scan on web_sales_1_prt_4 ws_3  (cost=0.00..141331.35 rows=792847 width=22)
                                                                                                                     Filter: ((ws_net_profit > 1::numeric) AND (ws_net_paid > 0::numeric) AND (ws_quantity > 0))
                                                                                                         ->  Result  (cost=0.00..146830.85 rows=816562 width=22)
                                                                                                               One-Time Filter: PartSelected
                                                                                                               ->  Append-only Columnar Scan on web_sales_1_prt_5 ws_4  (cost=0.00..146830.85 rows=816562 width=22)
                                                                                                                     Filter: ((ws_net_profit > 1::numeric) AND (ws_net_paid > 0::numeric) AND (ws_quantity > 0))
                                                                                                         ->  Result  (cost=0.00..146530.65 rows=823349 width=22)
                                                                                                               One-Time Filter: PartSelected
                                                                                                               ->  Append-only Columnar Scan on web_sales_1_prt_6 ws_5  (cost=0.00..146530.65 rows=823349 width=22)
                                                                                                                     Filter: ((ws_net_profit > 1::numeric) AND (ws_net_paid > 0::numeric) AND (ws_quantity > 0))
                                                                                                         ->  Result  (cost=0.00..146851.03 rows=832521 width=22)
                                                                                                               One-Time Filter: PartSelected
                                                                                                               ->  Append-only Columnar Scan on web_sales_1_prt_7 ws_6  (cost=0.00..146851.03 rows=832521 width=22)
                                                                                                                     Filter: ((ws_net_profit > 1::numeric) AND (ws_net_paid > 0::numeric) AND (ws_quantity > 0))
                                                                                                         ->  Result  (cost=0.00..146361.53 rows=823171 width=22)
                                                                                                               One-Time Filter: PartSelected
                                                                                                               ->  Append-only Columnar Scan on web_sales_1_prt_8 ws_7  (cost=0.00..146361.53 rows=823171 width=22)
                                                                                                                     Filter: ((ws_net_profit > 1::numeric) AND (ws_net_paid > 0::numeric) AND (ws_quantity > 0))
                                                                                                         ->  Result  (cost=0.00..213341.70 rows=1186030 width=22)
                                                                                                               One-Time Filter: PartSelected
                                                                                                               ->  Append-only Columnar Scan on web_sales_1_prt_9 ws_8  (cost=0.00..213341.70 rows=1186030 width=22)
                                                                                                                     Filter: ((ws_net_profit > 1::numeric) AND (ws_net_paid > 0::numeric) AND (ws_quantity > 0))
                                                                                                         ->  Result  (cost=0.00..333299.25 rows=1879455 width=22)
                                                                                                               One-Time Filter: PartSelected
                                                                                                               ->  Append-only Columnar Scan on web_sales_1_prt_10 ws_9  (cost=0.00..333299.25 rows=1879455 width=22)
                                                                                                                     Filter: ((ws_net_profit > 1::numeric) AND (ws_net_paid > 0::numeric) AND (ws_quantity > 0))
                                                                                                         ->  Result  (cost=0.00..333406.50 rows=1882930 width=22)
                                                                                                               One-Time Filter: PartSelected
                                                                                                               ->  Append-only Columnar Scan on web_sales_1_prt_11 ws_10  (cost=0.00..333406.50 rows=1882930 width=22)
                                                                                                                     Filter: ((ws_net_profit > 1::numeric) AND (ws_net_paid > 0::numeric) AND (ws_quantity > 0))
                                                                                                         ->  Result  (cost=0.00..345860.25 rows=1932508 width=22)
                                                                                                               One-Time Filter: PartSelected
                                                                                                               ->  Append-only Columnar Scan on web_sales_1_prt_12 ws_11  (cost=0.00..345860.25 rows=1932508 width=22)
                                                                                                                     Filter: ((ws_net_profit > 1::numeric) AND (ws_net_paid > 0::numeric) AND (ws_quantity > 0))
                                                                                                         ->  Result  (cost=0.00..505389.75 rows=2854350 width=22)
                                                                                                               One-Time Filter: PartSelected
                                                                                                               ->  Append-only Columnar Scan on web_sales_1_prt_13 ws_12  (cost=0.00..505389.75 rows=2854350 width=22)
                                                                                                                     Filter: ((ws_net_profit > 1::numeric) AND (ws_net_paid > 0::numeric) AND (ws_quantity > 0))
                                                                                                         ->  Result  (cost=0.00..504813.75 rows=2786154 width=22)
                                                                                                               One-Time Filter: PartSelected
                                                                                                               ->  Append-only Columnar Scan on web_sales_1_prt_14 ws_13  (cost=0.00..504813.75 rows=2786154 width=22)
                                                                                                                     Filter: ((ws_net_profit > 1::numeric) AND (ws_net_paid > 0::numeric) AND (ws_quantity > 0))
                                                                                                         ->  Result  (cost=0.00..190156.40 rows=1070333 width=22)
                                                                                                               One-Time Filter: PartSelected
                                                                                                               ->  Append-only Columnar Scan on web_sales_1_prt_15 ws_14  (cost=0.00..190156.40 rows=1070333 width=22)
                                                                                                                     Filter: ((ws_net_profit > 1::numeric) AND (ws_net_paid > 0::numeric) AND (ws_quantity > 0))
                                                                                                         ->  Result  (cost=0.00..146641.33 rows=824704 width=22)
                                                                                                               One-Time Filter: PartSelected
                                                                                                               ->  Append-only Columnar Scan on web_sales_1_prt_16 ws_15  (cost=0.00..146641.33 rows=824704 width=22)
                                                                                                                     Filter: ((ws_net_profit > 1::numeric) AND (ws_net_paid > 0::numeric) AND (ws_quantity > 0))
                                                                                                         ->  Result  (cost=0.00..141254.78 rows=784629 width=22)
                                                                                                               One-Time Filter: PartSelected
                                                                                                               ->  Append-only Columnar Scan on web_sales_1_prt_17 ws_16  (cost=0.00..141254.78 rows=784629 width=22)
                                                                                                                     Filter: ((ws_net_profit > 1::numeric) AND (ws_net_paid > 0::numeric) AND (ws_quantity > 0))
                                                                                                         ->  Result  (cost=0.00..146314.53 rows=834696 width=22)
                                                                                                               One-Time Filter: PartSelected
                                                                                                               ->  Append-only Columnar Scan on web_sales_1_prt_18 ws_17  (cost=0.00..146314.53 rows=834696 width=22)
                                                                                                                     Filter: ((ws_net_profit > 1::numeric) AND (ws_net_paid > 0::numeric) AND (ws_quantity > 0))
                                                                                                         ->  Result  (cost=0.00..146647.40 rows=824928 width=22)
                                                                                                               One-Time Filter: PartSelected
                                                                                                               ->  Append-only Columnar Scan on web_sales_1_prt_19 ws_18  (cost=0.00..146647.40 rows=824928 width=22)
                                                                                                                     Filter: ((ws_net_profit > 1::numeric) AND (ws_net_paid > 0::numeric) AND (ws_quantity > 0))
                                                                                                         ->  Result  (cost=0.00..146456.50 rows=832914 width=22)
                                                                                                               One-Time Filter: PartSelected
                                                                                                               ->  Append-only Columnar Scan on web_sales_1_prt_20 ws_19  (cost=0.00..146456.50 rows=832914 width=22)
                                                                                                                     Filter: ((ws_net_profit > 1::numeric) AND (ws_net_paid > 0::numeric) AND (ws_quantity > 0))
                                                                                                         ->  Result  (cost=0.00..146404.33 rows=823572 width=22)
                                                                                                               One-Time Filter: PartSelected
                                                                                                               ->  Append-only Columnar Scan on web_sales_1_prt_21 ws_20  (cost=0.00..146404.33 rows=823572 width=22)
                                                                                                                     Filter: ((ws_net_profit > 1::numeric) AND (ws_net_paid > 0::numeric) AND (ws_quantity > 0))
                                                                                                         ->  Result  (cost=0.00..206695.55 rows=1170659 width=22)
                                                                                                               One-Time Filter: PartSelected
                                                                                                               ->  Append-only Columnar Scan on web_sales_1_prt_22 ws_21  (cost=0.00..206695.55 rows=1170659 width=22)
                                                                                                                     Filter: ((ws_net_profit > 1::numeric) AND (ws_net_paid > 0::numeric) AND (ws_quantity > 0))
                                                                                                         ->  Result  (cost=0.00..333653.75 rows=1898020 width=22)
                                                                                                               One-Time Filter: PartSelected
                                                                                                               ->  Append-only Columnar Scan on web_sales_1_prt_23 ws_22  (cost=0.00..333653.75 rows=1898020 width=22)
                                                                                                                     Filter: ((ws_net_profit > 1::numeric) AND (ws_net_paid > 0::numeric) AND (ws_quantity > 0))
                                                                                                         ->  Result  (cost=0.00..333215.50 rows=1853169 width=22)
                                                                                                               One-Time Filter: PartSelected
                                                                                                               ->  Append-only Columnar Scan on web_sales_1_prt_24 ws_23  (cost=0.00..333215.50 rows=1853169 width=22)
                                                                                                                     Filter: ((ws_net_profit > 1::numeric) AND (ws_net_paid > 0::numeric) AND (ws_quantity > 0))
                                                                                                         ->  Result  (cost=0.00..339426.75 rows=1907356 width=22)
                                                                                                               One-Time Filter: PartSelected
                                                                                                               ->  Append-only Columnar Scan on web_sales_1_prt_25 ws_24  (cost=0.00..339426.75 rows=1907356 width=22)
                                                                                                                     Filter: ((ws_net_profit > 1::numeric) AND (ws_net_paid > 0::numeric) AND (ws_quantity > 0))
                                                                                                         ->  Result  (cost=0.00..505472.25 rows=2815551 width=22)
                                                                                                               One-Time Filter: PartSelected
                                                                                                               ->  Append-only Columnar Scan on web_sales_1_prt_26 ws_25  (cost=0.00..505472.25 rows=2815551 width=22)
                                                                                                                     Filter: ((ws_net_profit > 1::numeric) AND (ws_net_paid > 0::numeric) AND (ws_quantity > 0))
                                                                                                         ->  Result  (cost=0.00..504612.50 rows=2852576 width=22)
                                                                                                               One-Time Filter: PartSelected
                                                                                                               ->  Append-only Columnar Scan on web_sales_1_prt_27 ws_26  (cost=0.00..504612.50 rows=2852576 width=22)
                                                                                                                     Filter: ((ws_net_profit > 1::numeric) AND (ws_net_paid > 0::numeric) AND (ws_quantity > 0))
                                                                                                         ->  Result  (cost=0.00..202937.68 rows=1145318 width=22)
                                                                                                               One-Time Filter: PartSelected
                                                                                                               ->  Append-only Columnar Scan on web_sales_1_prt_28 ws_27  (cost=0.00..202937.68 rows=1145318 width=22)
                                                                                                                     Filter: ((ws_net_profit > 1::numeric) AND (ws_net_paid > 0::numeric) AND (ws_quantity > 0))
                                                                                                         ->  Result  (cost=0.00..145913.20 rows=810122 width=22)
                                                                                                               One-Time Filter: PartSelected
                                                                                                               ->  Append-only Columnar Scan on web_sales_1_prt_29 ws_28  (cost=0.00..145913.20 rows=810122 width=22)
                                                                                                                     Filter: ((ws_net_profit > 1::numeric) AND (ws_net_paid > 0::numeric) AND (ws_quantity > 0))
                                                                                                         ->  Result  (cost=0.00..146275.90 rows=824340 width=22)
                                                                                                               One-Time Filter: PartSelected
                                                                                                               ->  Append-only Columnar Scan on web_sales_1_prt_30 ws_29  (cost=0.00..146275.90 rows=824340 width=22)
                                                                                                                     Filter: ((ws_net_profit > 1::numeric) AND (ws_net_paid > 0::numeric) AND (ws_quantity > 0))
                                                                                                         ->  Result  (cost=0.00..146449.65 rows=823509 width=22)
                                                                                                               One-Time Filter: PartSelected
                                                                                                               ->  Append-only Columnar Scan on web_sales_1_prt_31 ws_30  (cost=0.00..146449.65 rows=823509 width=22)
                                                                                                                     Filter: ((ws_net_profit > 1::numeric) AND (ws_net_paid > 0::numeric) AND (ws_quantity > 0))
                                                                                                         ->  Result  (cost=0.00..146404.15 rows=822691 width=22)
                                                                                                               One-Time Filter: PartSelected
                                                                                                               ->  Append-only Columnar Scan on web_sales_1_prt_32 ws_31  (cost=0.00..146404.15 rows=822691 width=22)
                                                                                                                     Filter: ((ws_net_profit > 1::numeric) AND (ws_net_paid > 0::numeric) AND (ws_quantity > 0))
                                                                                                         ->  Result  (cost=0.00..146154.05 rows=817255 width=22)
                                                                                                               One-Time Filter: PartSelected
                                                                                                               ->  Append-only Columnar Scan on web_sales_1_prt_33 ws_32  (cost=0.00..146154.05 rows=817255 width=22)
                                                                                                                     Filter: ((ws_net_profit > 1::numeric) AND (ws_net_paid > 0::numeric) AND (ws_quantity > 0))
                                                                                                         ->  Result  (cost=0.00..146308.30 rows=818230 width=22)
                                                                                                               One-Time Filter: PartSelected
                                                                                                               ->  Append-only Columnar Scan on web_sales_1_prt_34 ws_33  (cost=0.00..146308.30 rows=818230 width=22)
                                                                                                                     Filter: ((ws_net_profit > 1::numeric) AND (ws_net_paid > 0::numeric) AND (ws_quantity > 0))
                                                                                                         ->  Result  (cost=0.00..199186.25 rows=1096550 width=22)
                                                                                                               One-Time Filter: PartSelected
                                                                                                               ->  Append-only Columnar Scan on web_sales_1_prt_35 ws_34  (cost=0.00..199186.25 rows=1096550 width=22)
                                                                                                                     Filter: ((ws_net_profit > 1::numeric) AND (ws_net_paid > 0::numeric) AND (ws_quantity > 0))
                                                                                                         ->  Result  (cost=0.00..332926.75 rows=1857075 width=22)
                                                                                                               One-Time Filter: PartSelected
                                                                                                               ->  Append-only Columnar Scan on web_sales_1_prt_36 ws_35  (cost=0.00..332926.75 rows=1857075 width=22)
                                                                                                                     Filter: ((ws_net_profit > 1::numeric) AND (ws_net_paid > 0::numeric) AND (ws_quantity > 0))
                                                                                                         ->  Result  (cost=0.00..333343.25 rows=1899145 width=22)
                                                                                                               One-Time Filter: PartSelected
                                                                                                               ->  Append-only Columnar Scan on web_sales_1_prt_37 ws_36  (cost=0.00..333343.25 rows=1899145 width=22)
                                                                                                                     Filter: ((ws_net_profit > 1::numeric) AND (ws_net_paid > 0::numeric) AND (ws_quantity > 0))
                                                                                                         ->  Result  (cost=0.00..333474.00 rows=1853314 width=22)
                                                                                                               One-Time Filter: PartSelected
                                                                                                               ->  Append-only Columnar Scan on web_sales_1_prt_38 ws_37  (cost=0.00..333474.00 rows=1853314 width=22)
                                                                                                                     Filter: ((ws_net_profit > 1::numeric) AND (ws_net_paid > 0::numeric) AND (ws_quantity > 0))
                                                                                                         ->  Result  (cost=0.00..504627.00 rows=2855613 width=22)
                                                                                                               One-Time Filter: PartSelected
                                                                                                               ->  Append-only Columnar Scan on web_sales_1_prt_39 ws_38  (cost=0.00..504627.00 rows=2855613 width=22)
                                                                                                                     Filter: ((ws_net_profit > 1::numeric) AND (ws_net_paid > 0::numeric) AND (ws_quantity > 0))
                                                                                                         ->  Result  (cost=0.00..504859.50 rows=2851247 width=22)
                                                                                                               One-Time Filter: PartSelected
                                                                                                               ->  Append-only Columnar Scan on web_sales_1_prt_40 ws_39  (cost=0.00..504859.50 rows=2851247 width=22)
                                                                                                                     Filter: ((ws_net_profit > 1::numeric) AND (ws_net_paid > 0::numeric) AND (ws_quantity > 0))
                                                                                                         ->  Result  (cost=0.00..210503.83 rows=1181789 width=22)
                                                                                                               One-Time Filter: PartSelected
                                                                                                               ->  Append-only Columnar Scan on web_sales_1_prt_41 ws_40  (cost=0.00..210503.83 rows=1181789 width=22)
                                                                                                                     Filter: ((ws_net_profit > 1::numeric) AND (ws_net_paid > 0::numeric) AND (ws_quantity > 0))
                                                                                                         ->  Result  (cost=0.00..146203.00 rows=818195 width=22)
                                                                                                               One-Time Filter: PartSelected
                                                                                                               ->  Append-only Columnar Scan on web_sales_1_prt_42 ws_41  (cost=0.00..146203.00 rows=818195 width=22)
                                                                                                                     Filter: ((ws_net_profit > 1::numeric) AND (ws_net_paid > 0::numeric) AND (ws_quantity > 0))
                                                                                                         ->  Result  (cost=0.00..141471.12 rows=792009 width=22)
                                                                                                               One-Time Filter: PartSelected
                                                                                                               ->  Append-only Columnar Scan on web_sales_1_prt_43 ws_42  (cost=0.00..141471.12 rows=792009 width=22)
                                                                                                                     Filter: ((ws_net_profit > 1::numeric) AND (ws_net_paid > 0::numeric) AND (ws_quantity > 0))
                                                                                                         ->  Result  (cost=0.00..146790.20 rows=820649 width=22)
                                                                                                               One-Time Filter: PartSelected
                                                                                                               ->  Append-only Columnar Scan on web_sales_1_prt_44 ws_43  (cost=0.00..146790.20 rows=820649 width=22)
                                                                                                                     Filter: ((ws_net_profit > 1::numeric) AND (ws_net_paid > 0::numeric) AND (ws_quantity > 0))
                                                                                                         ->  Result  (cost=0.00..146613.98 rows=826959 width=22)
                                                                                                               One-Time Filter: PartSelected
                                                                                                               ->  Append-only Columnar Scan on web_sales_1_prt_45 ws_44  (cost=0.00..146613.98 rows=826959 width=22)
                                                                                                                     Filter: ((ws_net_profit > 1::numeric) AND (ws_net_paid > 0::numeric) AND (ws_quantity > 0))
                                                                                                         ->  Result  (cost=0.00..146535.30 rows=822718 width=22)
                                                                                                               One-Time Filter: PartSelected
                                                                                                               ->  Append-only Columnar Scan on web_sales_1_prt_46 ws_45  (cost=0.00..146535.30 rows=822718 width=22)
                                                                                                                     Filter: ((ws_net_profit > 1::numeric) AND (ws_net_paid > 0::numeric) AND (ws_quantity > 0))
                                                                                                         ->  Result  (cost=0.00..146995.88 rows=822263 width=22)
                                                                                                               One-Time Filter: PartSelected
                                                                                                               ->  Append-only Columnar Scan on web_sales_1_prt_47 ws_46  (cost=0.00..146995.88 rows=822263 width=22)
                                                                                                                     Filter: ((ws_net_profit > 1::numeric) AND (ws_net_paid > 0::numeric) AND (ws_quantity > 0))
                                                                                                         ->  Result  (cost=0.00..186675.15 rows=1043974 width=22)
                                                                                                               One-Time Filter: PartSelected
                                                                                                               ->  Append-only Columnar Scan on web_sales_1_prt_48 ws_47  (cost=0.00..186675.15 rows=1043974 width=22)
                                                                                                                     Filter: ((ws_net_profit > 1::numeric) AND (ws_net_paid > 0::numeric) AND (ws_quantity > 0))
                                                                                                         ->  Result  (cost=0.00..333704.75 rows=1857343 width=22)
                                                                                                               One-Time Filter: PartSelected
                                                                                                               ->  Append-only Columnar Scan on web_sales_1_prt_49 ws_48  (cost=0.00..333704.75 rows=1857343 width=22)
                                                                                                                     Filter: ((ws_net_profit > 1::numeric) AND (ws_net_paid > 0::numeric) AND (ws_quantity > 0))
                                                                                                         ->  Result  (cost=0.00..333564.25 rows=1892905 width=22)
                                                                                                               One-Time Filter: PartSelected
                                                                                                               ->  Append-only Columnar Scan on web_sales_1_prt_50 ws_49  (cost=0.00..333564.25 rows=1892905 width=22)
                                                                                                                     Filter: ((ws_net_profit > 1::numeric) AND (ws_net_paid > 0::numeric) AND (ws_quantity > 0))
                                                                                                         ->  Result  (cost=0.00..333558.50 rows=1889647 width=22)
                                                                                                               One-Time Filter: PartSelected
                                                                                                               ->  Append-only Columnar Scan on web_sales_1_prt_51 ws_50  (cost=0.00..333558.50 rows=1889647 width=22)
                                                                                                                     Filter: ((ws_net_profit > 1::numeric) AND (ws_net_paid > 0::numeric) AND (ws_quantity > 0))
                                                                                                         ->  Result  (cost=0.00..493207.50 rows=2790296 width=22)
                                                                                                               One-Time Filter: PartSelected
                                                                                                               ->  Append-only Columnar Scan on web_sales_1_prt_52 ws_51  (cost=0.00..493207.50 rows=2790296 width=22)
                                                                                                                     Filter: ((ws_net_profit > 1::numeric) AND (ws_net_paid > 0::numeric) AND (ws_quantity > 0))
                                                                                                         ->  Result  (cost=0.00..505494.25 rows=2852920 width=22)
                                                                                                               One-Time Filter: PartSelected
                                                                                                               ->  Append-only Columnar Scan on web_sales_1_prt_53 ws_52  (cost=0.00..505494.25 rows=2852920 width=22)
                                                                                                                     Filter: ((ws_net_profit > 1::numeric) AND (ws_net_paid > 0::numeric) AND (ws_quantity > 0))
                                                                                                         ->  Result  (cost=0.00..241609.00 rows=1343487 width=22)
                                                                                                               One-Time Filter: PartSelected
                                                                                                               ->  Append-only Columnar Scan on web_sales_1_prt_54 ws_53  (cost=0.00..241609.00 rows=1343487 width=22)
                                                                                                                     Filter: ((ws_net_profit > 1::numeric) AND (ws_net_paid > 0::numeric) AND (ws_quantity > 0))
                                                                                                         ->  Result  (cost=0.00..146802.10 rows=829831 width=22)
                                                                                                               One-Time Filter: PartSelected
                                                                                                               ->  Append-only Columnar Scan on web_sales_1_prt_55 ws_54  (cost=0.00..146802.10 rows=829831 width=22)
                                                                                                                     Filter: ((ws_net_profit > 1::numeric) AND (ws_net_paid > 0::numeric) AND (ws_quantity > 0))
                                                                                                         ->  Result  (cost=0.00..141245.25 rows=800522 width=22)
                                                                                                               One-Time Filter: PartSelected
                                                                                                               ->  Append-only Columnar Scan on web_sales_1_prt_56 ws_55  (cost=0.00..141245.25 rows=800522 width=22)
                                                                                                                     Filter: ((ws_net_profit > 1::numeric) AND (ws_net_paid > 0::numeric) AND (ws_quantity > 0))
                                                                                                         ->  Result  (cost=0.00..146409.05 rows=824538 width=22)
                                                                                                               One-Time Filter: PartSelected
                                                                                                               ->  Append-only Columnar Scan on web_sales_1_prt_57 ws_56  (cost=0.00..146409.05 rows=824538 width=22)
                                                                                                                     Filter: ((ws_net_profit > 1::numeric) AND (ws_net_paid > 0::numeric) AND (ws_quantity > 0))
                                                                                                         ->  Result  (cost=0.00..146465.18 rows=820981 width=22)
                                                                                                               One-Time Filter: PartSelected
                                                                                                               ->  Append-only Columnar Scan on web_sales_1_prt_58 ws_57  (cost=0.00..146465.18 rows=820981 width=22)
                                                                                                                     Filter: ((ws_net_profit > 1::numeric) AND (ws_net_paid > 0::numeric) AND (ws_quantity > 0))
                                                                                                         ->  Result  (cost=0.00..146401.20 rows=827250 width=22)
                                                                                                               One-Time Filter: PartSelected
                                                                                                               ->  Append-only Columnar Scan on web_sales_1_prt_59 ws_58  (cost=0.00..146401.20 rows=827250 width=22)
                                                                                                                     Filter: ((ws_net_profit > 1::numeric) AND (ws_net_paid > 0::numeric) AND (ws_quantity > 0))
                                                                                                         ->  Result  (cost=0.00..146807.03 rows=815185 width=22)
                                                                                                               One-Time Filter: PartSelected
                                                                                                               ->  Append-only Columnar Scan on web_sales_1_prt_60 ws_59  (cost=0.00..146807.03 rows=815185 width=22)
                                                                                                                     Filter: ((ws_net_profit > 1::numeric) AND (ws_net_paid > 0::numeric) AND (ws_quantity > 0))
                                                                                                         ->  Result  (cost=0.00..179837.55 rows=1015029 width=22)
                                                                                                               One-Time Filter: PartSelected
                                                                                                               ->  Append-only Columnar Scan on web_sales_1_prt_61 ws_60  (cost=0.00..179837.55 rows=1015029 width=22)
                                                                                                                     Filter: ((ws_net_profit > 1::numeric) AND (ws_net_paid > 0::numeric) AND (ws_quantity > 0))
                                                                                                         ->  Result  (cost=0.00..333189.75 rows=1879365 width=22)
                                                                                                               One-Time Filter: PartSelected
                                                                                                               ->  Append-only Columnar Scan on web_sales_1_prt_62 ws_61  (cost=0.00..333189.75 rows=1879365 width=22)
                                                                                                                     Filter: ((ws_net_profit > 1::numeric) AND (ws_net_paid > 0::numeric) AND (ws_quantity > 0))
                                                                                                         ->  Result  (cost=0.00..333346.25 rows=1844146 width=22)
                                                                                                               One-Time Filter: PartSelected
                                                                                                               ->  Append-only Columnar Scan on web_sales_1_prt_63 ws_62  (cost=0.00..333346.25 rows=1844146 width=22)
                                                                                                                     Filter: ((ws_net_profit > 1::numeric) AND (ws_net_paid > 0::numeric) AND (ws_quantity > 0))
                                                                                                         ->  Result  (cost=0.00..333392.25 rows=1885676 width=22)
                                                                                                               One-Time Filter: PartSelected
                                                                                                               ->  Append-only Columnar Scan on web_sales_1_prt_64 ws_63  (cost=0.00..333392.25 rows=1885676 width=22)
                                                                                                                     Filter: ((ws_net_profit > 1::numeric) AND (ws_net_paid > 0::numeric) AND (ws_quantity > 0))
                                                                                                         ->  Result  (cost=0.00..487584.25 rows=2762523 width=22)
                                                                                                               One-Time Filter: PartSelected
                                                                                                               ->  Append-only Columnar Scan on web_sales_1_prt_65 ws_64  (cost=0.00..487584.25 rows=2762523 width=22)
                                                                                                                     Filter: ((ws_net_profit > 1::numeric) AND (ws_net_paid > 0::numeric) AND (ws_quantity > 0))
                                                                                                         ->  Result  (cost=0.00..506312.75 rows=2871619 width=22)
                                                                                                               One-Time Filter: PartSelected
                                                                                                               ->  Append-only Columnar Scan on web_sales_1_prt_66 ws_65  (cost=0.00..506312.75 rows=2871619 width=22)
                                                                                                                     Filter: ((ws_net_profit > 1::numeric) AND (ws_net_paid > 0::numeric) AND (ws_quantity > 0))
                                                                                                         ->  Result  (cost=0.00..144139.20 rows=801380 width=22)
                                                                                                               One-Time Filter: PartSelected
                                                                                                               ->  Append-only Columnar Scan on web_sales_1_prt_67 ws_66  (cost=0.00..144139.20 rows=801380 width=22)
                                                                                                                     Filter: ((ws_net_profit > 1::numeric) AND (ws_net_paid > 0::numeric) AND (ws_quantity > 0))
                                                                                                         ->  Result  (cost=0.00..1.00 rows=1 width=30)
                                                                                                               One-Time Filter: PartSelected
                                                                                                               ->  Append-only Columnar Scan on web_sales_1_prt_68 ws_67  (cost=0.00..1.00 rows=1 width=30)
                                                                                                                     Filter: ((ws_net_profit > 1::numeric) AND (ws_net_paid > 0::numeric) AND (ws_quantity > 0))
                                                                                                         ->  Result  (cost=0.00..1.00 rows=1 width=30)
                                                                                                               One-Time Filter: PartSelected
                                                                                                               ->  Append-only Columnar Scan on web_sales_1_prt_69 ws_68  (cost=0.00..1.00 rows=1 width=30)
                                                                                                                     Filter: ((ws_net_profit > 1::numeric) AND (ws_net_paid > 0::numeric) AND (ws_quantity > 0))
                                                                                                         ->  Result  (cost=0.00..1.00 rows=1 width=30)
                                                                                                               One-Time Filter: PartSelected
                                                                                                               ->  Append-only Columnar Scan on web_sales_1_prt_70 ws_69  (cost=0.00..1.00 rows=1 width=30)
                                                                                                                     Filter: ((ws_net_profit > 1::numeric) AND (ws_net_paid > 0::numeric) AND (ws_quantity > 0))
                                                                                                         ->  Result  (cost=0.00..1.00 rows=1 width=30)
                                                                                                               One-Time Filter: PartSelected
                                                                                                               ->  Append-only Columnar Scan on web_sales_1_prt_71 ws_70  (cost=0.00..1.00 rows=1 width=30)
                                                                                                                     Filter: ((ws_net_profit > 1::numeric) AND (ws_net_paid > 0::numeric) AND (ws_quantity > 0))
                                                                                                         ->  Result  (cost=0.00..1.00 rows=1 width=30)
                                                                                                               One-Time Filter: PartSelected
                                                                                                               ->  Append-only Columnar Scan on web_sales_1_prt_72 ws_71  (cost=0.00..1.00 rows=1 width=30)
                                                                                                                     Filter: ((ws_net_profit > 1::numeric) AND (ws_net_paid > 0::numeric) AND (ws_quantity > 0))
                                                                                                         ->  Result  (cost=0.00..1.00 rows=1 width=30)
                                                                                                               One-Time Filter: PartSelected
                                                                                                               ->  Append-only Columnar Scan on web_sales_1_prt_73 ws_72  (cost=0.00..1.00 rows=1 width=30)
                                                                                                                     Filter: ((ws_net_profit > 1::numeric) AND (ws_net_paid > 0::numeric) AND (ws_quantity > 0))
                                                                                                         ->  Result  (cost=0.00..1.00 rows=1 width=30)
                                                                                                               One-Time Filter: PartSelected
                                                                                                               ->  Append-only Columnar Scan on web_sales_1_prt_74 ws_73  (cost=0.00..1.00 rows=1 width=30)
                                                                                                                     Filter: ((ws_net_profit > 1::numeric) AND (ws_net_paid > 0::numeric) AND (ws_quantity > 0))
                                                                                                         ->  Result  (cost=0.00..1.00 rows=1 width=30)
                                                                                                               One-Time Filter: PartSelected
                                                                                                               ->  Append-only Columnar Scan on web_sales_1_prt_75 ws_74  (cost=0.00..1.00 rows=1 width=30)
                                                                                                                     Filter: ((ws_net_profit > 1::numeric) AND (ws_net_paid > 0::numeric) AND (ws_quantity > 0))
                                                                                                         ->  Result  (cost=0.00..1.00 rows=1 width=30)
                                                                                                               One-Time Filter: PartSelected
                                                                                                               ->  Append-only Columnar Scan on web_sales_1_prt_76 ws_75  (cost=0.00..1.00 rows=1 width=30)
                                                                                                                     Filter: ((ws_net_profit > 1::numeric) AND (ws_net_paid > 0::numeric) AND (ws_quantity > 0))
                                                                                                         ->  Result  (cost=0.00..1.00 rows=1 width=30)
                                                                                                               One-Time Filter: PartSelected
                                                                                                               ->  Append-only Columnar Scan on web_sales_1_prt_77 ws_76  (cost=0.00..1.00 rows=1 width=30)
                                                                                                                     Filter: ((ws_net_profit > 1::numeric) AND (ws_net_paid > 0::numeric) AND (ws_quantity > 0))
                                                                                                         ->  Result  (cost=0.00..1.00 rows=1 width=30)
                                                                                                               One-Time Filter: PartSelected
                                                                                                               ->  Append-only Columnar Scan on web_sales_1_prt_78 ws_77  (cost=0.00..1.00 rows=1 width=30)
                                                                                                                     Filter: ((ws_net_profit > 1::numeric) AND (ws_net_paid > 0::numeric) AND (ws_quantity > 0))
                                                                                                         ->  Result  (cost=0.00..1.00 rows=1 width=30)
                                                                                                               One-Time Filter: PartSelected
                                                                                                               ->  Append-only Columnar Scan on web_sales_1_prt_79 ws_78  (cost=0.00..1.00 rows=1 width=30)
                                                                                                                     Filter: ((ws_net_profit > 1::numeric) AND (ws_net_paid > 0::numeric) AND (ws_quantity > 0))
                                                                                                         ->  Result  (cost=0.00..1.00 rows=1 width=30)
                                                                                                               One-Time Filter: PartSelected
                                                                                                               ->  Append-only Columnar Scan on web_sales_1_prt_80 ws_79  (cost=0.00..1.00 rows=1 width=30)
                                                                                                                     Filter: ((ws_net_profit > 1::numeric) AND (ws_net_paid > 0::numeric) AND (ws_quantity > 0))
                                                                                                   ->  Hash  (cost=1456.00..1456.00 rows=107 width=4)
                                                                                                         ->  Partition Selector for web_sales (dynamic scan id: 1)  (cost=0.00..1456.00 rows=107 width=4)
                                                                                                               Filter: date_dim.d_date_sk
                                                                                                               ->  Broadcast Motion 3:3  (slice1; segments: 3)  (cost=0.00..1456.00 rows=107 width=4)
                                                                                                                     ->  Seq Scan on date_dim  (cost=0.00..1451.73 rows=36 width=4)
                                                                                                                           Filter: ((d_year = 2000) AND (d_moy = 12))
                                                                                       ->  Hash  (cost=1163236.31..1163236.31 rows=218441 width=18)
                                                                                             ->  Append  (cost=0.00..1163236.31 rows=218441 width=18)
                                                                                                   ->  Append-only Columnar Scan on web_returns_1_prt_outliers wr  (cost=0.00..46991.75 rows=5047 width=18)
                                                                                                         Filter: (wr_return_amt > 10000::numeric)
                                                                                                   ->  Append-only Columnar Scan on web_returns_1_prt_2 wr_1  (cost=0.00..56.84 rows=6 width=18)
                                                                                                         Filter: (wr_return_amt > 10000::numeric)
                                                                                                   ->  Append-only Columnar Scan on web_returns_1_prt_3 wr_2  (cost=0.00..284.99 rows=51 width=18)
                                                                                                         Filter: (wr_return_amt > 10000::numeric)
                                                                                                   ->  Append-only Columnar Scan on web_returns_1_prt_4 wr_3  (cost=0.00..792.77 rows=147 width=18)
                                                                                                         Filter: (wr_return_amt > 10000::numeric)
                                                                                                   ->  Append-only Columnar Scan on web_returns_1_prt_5 wr_4  (cost=0.00..1577.95 rows=297 width=18)
                                                                                                         Filter: (wr_return_amt > 10000::numeric)
                                                                                                   ->  Append-only Columnar Scan on web_returns_1_prt_6 wr_5  (cost=0.00..2591.12 rows=489 width=18)
                                                                                                         Filter: (wr_return_amt > 10000::numeric)
                                                                                                   ->  Append-only Columnar Scan on web_returns_1_prt_7 wr_6  (cost=0.00..3740.43 rows=718 width=18)
                                                                                                         Filter: (wr_return_amt > 10000::numeric)
                                                                                                   ->  Append-only Columnar Scan on web_returns_1_prt_8 wr_7  (cost=0.00..4903.05 rows=950 width=18)
                                                                                                         Filter: (wr_return_amt > 10000::numeric)
                                                                                                   ->  Append-only Columnar Scan on web_returns_1_prt_9 wr_8  (cost=0.00..6054.45 rows=1140 width=18)
                                                                                                         Filter: (wr_return_amt > 10000::numeric)
                                                                                                   ->  Append-only Columnar Scan on web_returns_1_prt_10 wr_9  (cost=0.00..7333.81 rows=1394 width=18)
                                                                                                         Filter: (wr_return_amt > 10000::numeric)
                                                                                                   ->  Append-only Columnar Scan on web_returns_1_prt_11 wr_10  (cost=0.00..8825.92 rows=1687 width=18)
                                                                                                         Filter: (wr_return_amt > 10000::numeric)
                                                                                                   ->  Append-only Columnar Scan on web_returns_1_prt_12 wr_11  (cost=0.00..10385.98 rows=1997 width=18)
                                                                                                         Filter: (wr_return_amt > 10000::numeric)
                                                                                                   ->  Append-only Columnar Scan on web_returns_1_prt_13 wr_12  (cost=0.00..12111.86 rows=2348 width=18)
                                                                                                         Filter: (wr_return_amt > 10000::numeric)
                                                                                                   ->  Append-only Columnar Scan on web_returns_1_prt_14 wr_13  (cost=0.00..14140.18 rows=2677 width=18)
                                                                                                         Filter: (wr_return_amt > 10000::numeric)
                                                                                                   ->  Append-only Columnar Scan on web_returns_1_prt_15 wr_14  (cost=0.00..16202.24 rows=3064 width=18)
                                                                                                         Filter: (wr_return_amt > 10000::numeric)
                                                                                                   ->  Append-only Columnar Scan on web_returns_1_prt_16 wr_15  (cost=0.00..18113.38 rows=3412 width=18)
                                                                                                         Filter: (wr_return_amt > 10000::numeric)
                                                                                                   ->  Append-only Columnar Scan on web_returns_1_prt_17 wr_16  (cost=0.00..19639.50 rows=3755 width=18)
                                                                                                         Filter: (wr_return_amt > 10000::numeric)
                                                                                                   ->  Append-only Columnar Scan on web_returns_1_prt_18 wr_17  (cost=0.00..20627.50 rows=3918 width=18)
                                                                                                         Filter: (wr_return_amt > 10000::numeric)
                                                                                                   ->  Append-only Columnar Scan on web_returns_1_prt_19 wr_18  (cost=0.00..20627.88 rows=3911 width=18)
                                                                                                         Filter: (wr_return_amt > 10000::numeric)
                                                                                                   ->  Append-only Columnar Scan on web_returns_1_prt_20 wr_19  (cost=0.00..20054.00 rows=3913 width=18)
                                                                                                         Filter: (wr_return_amt > 10000::numeric)
                                                                                                   ->  Append-only Columnar Scan on web_returns_1_prt_21 wr_20  (cost=0.00..19069.75 rows=3647 width=18)
                                                                                                         Filter: (wr_return_amt > 10000::numeric)
                                                                                                   ->  Append-only Columnar Scan on web_returns_1_prt_22 wr_21  (cost=0.00..17622.12 rows=3356 width=18)
                                                                                                         Filter: (wr_return_amt > 10000::numeric)
                                                                                                   ->  Append-only Columnar Scan on web_returns_1_prt_23 wr_22  (cost=0.00..15813.99 rows=3018 width=18)
                                                                                                         Filter: (wr_return_amt > 10000::numeric)
                                                                                                   ->  Append-only Columnar Scan on web_returns_1_prt_24 wr_23  (cost=0.00..14239.76 rows=2774 width=18)
                                                                                                         Filter: (wr_return_amt > 10000::numeric)
                                                                                                   ->  Append-only Columnar Scan on web_returns_1_prt_25 wr_24  (cost=0.00..13271.61 rows=2559 width=18)
                                                                                                         Filter: (wr_return_amt > 10000::numeric)
                                                                                                   ->  Append-only Columnar Scan on web_returns_1_prt_26 wr_25  (cost=0.00..13132.15 rows=2505 width=18)
                                                                                                         Filter: (wr_return_amt > 10000::numeric)
                                                                                                   ->  Append-only Columnar Scan on web_returns_1_prt_27 wr_26  (cost=0.00..14220.38 rows=2756 width=18)
                                                                                                         Filter: (wr_return_amt > 10000::numeric)
                                                                                                   ->  Append-only Columnar Scan on web_returns_1_prt_28 wr_27  (cost=0.00..16142.68 rows=3055 width=18)
                                                                                                         Filter: (wr_return_amt > 10000::numeric)
                                                                                                   ->  Append-only Columnar Scan on web_returns_1_prt_29 wr_28  (cost=0.00..18097.88 rows=3340 width=18)
                                                                                                         Filter: (wr_return_amt > 10000::numeric)
                                                                                                   ->  Append-only Columnar Scan on web_returns_1_prt_30 wr_29  (cost=0.00..19634.88 rows=3789 width=18)
                                                                                                         Filter: (wr_return_amt > 10000::numeric)
                                                                                                   ->  Append-only Columnar Scan on web_returns_1_prt_31 wr_30  (cost=0.00..20590.00 rows=3965 width=18)
                                                                                                         Filter: (wr_return_amt > 10000::numeric)
                                                                                                   ->  Append-only Columnar Scan on web_returns_1_prt_32 wr_31  (cost=0.00..20641.75 rows=3919 width=18)
                                                                                                         Filter: (wr_return_amt > 10000::numeric)
                                                                                                   ->  Append-only Columnar Scan on web_returns_1_prt_33 wr_32  (cost=0.00..20068.62 rows=3904 width=18)
                                                                                                         Filter: (wr_return_amt > 10000::numeric)
                                                                                                   ->  Append-only Columnar Scan on web_returns_1_prt_34 wr_33  (cost=0.00..19167.50 rows=3541 width=18)
                                                                                                         Filter: (wr_return_amt > 10000::numeric)
                                                                                                   ->  Append-only Columnar Scan on web_returns_1_prt_35 wr_34  (cost=0.00..17726.62 rows=3302 width=18)
                                                                                                         Filter: (wr_return_amt > 10000::numeric)
                                                                                                   ->  Append-only Columnar Scan on web_returns_1_prt_36 wr_35  (cost=0.00..15917.44 rows=3048 width=18)
                                                                                                         Filter: (wr_return_amt > 10000::numeric)
                                                                                                   ->  Append-only Columnar Scan on web_returns_1_prt_37 wr_36  (cost=0.00..14266.08 rows=2724 width=18)
                                                                                                         Filter: (wr_return_amt > 10000::numeric)
                                                                                                   ->  Append-only Columnar Scan on web_returns_1_prt_38 wr_37  (cost=0.00..13329.71 rows=2531 width=18)
                                                                                                         Filter: (wr_return_amt > 10000::numeric)
                                                                                                   ->  Append-only Columnar Scan on web_returns_1_prt_39 wr_38  (cost=0.00..13115.24 rows=2453 width=18)
                                                                                                         Filter: (wr_return_amt > 10000::numeric)
                                                                                                   ->  Append-only Columnar Scan on web_returns_1_prt_40 wr_39  (cost=0.00..14136.91 rows=2758 width=18)
                                                                                                         Filter: (wr_return_amt > 10000::numeric)
                                                                                                   ->  Append-only Columnar Scan on web_returns_1_prt_41 wr_40  (cost=0.00..16062.94 rows=3095 width=18)
                                                                                                         Filter: (wr_return_amt > 10000::numeric)
                                                                                                   ->  Append-only Columnar Scan on web_returns_1_prt_42 wr_41  (cost=0.00..17964.62 rows=3458 width=18)
                                                                                                         Filter: (wr_return_amt > 10000::numeric)
                                                                                                   ->  Append-only Columnar Scan on web_returns_1_prt_43 wr_42  (cost=0.00..19524.00 rows=3650 width=18)
                                                                                                         Filter: (wr_return_amt > 10000::numeric)
                                                                                                   ->  Append-only Columnar Scan on web_returns_1_prt_44 wr_43  (cost=0.00..20465.62 rows=3862 width=18)
                                                                                                         Filter: (wr_return_amt > 10000::numeric)
                                                                                                   ->  Append-only Columnar Scan on web_returns_1_prt_45 wr_44  (cost=0.00..20611.75 rows=3947 width=18)
                                                                                                         Filter: (wr_return_amt > 10000::numeric)
                                                                                                   ->  Append-only Columnar Scan on web_returns_1_prt_46 wr_45  (cost=0.00..20047.25 rows=3839 width=18)
                                                                                                         Filter: (wr_return_amt > 10000::numeric)
                                                                                                   ->  Append-only Columnar Scan on web_returns_1_prt_47 wr_46  (cost=0.00..19124.62 rows=3655 width=18)
                                                                                                         Filter: (wr_return_amt > 10000::numeric)
                                                                                                   ->  Append-only Columnar Scan on web_returns_1_prt_48 wr_47  (cost=0.00..17700.50 rows=3405 width=18)
                                                                                                         Filter: (wr_return_amt > 10000::numeric)
                                                                                                   ->  Append-only Columnar Scan on web_returns_1_prt_49 wr_48  (cost=0.00..15899.99 rows=3016 width=18)
                                                                                                         Filter: (wr_return_amt > 10000::numeric)
                                                                                                   ->  Append-only Columnar Scan on web_returns_1_prt_50 wr_49  (cost=0.00..14276.54 rows=2736 width=18)
                                                                                                         Filter: (wr_return_amt > 10000::numeric)
                                                                                                   ->  Append-only Columnar Scan on web_returns_1_prt_51 wr_50  (cost=0.00..13237.70 rows=2513 width=18)
                                                                                                         Filter: (wr_return_amt > 10000::numeric)
                                                                                                   ->  Append-only Columnar Scan on web_returns_1_prt_52 wr_51  (cost=0.00..13067.41 rows=2491 width=18)
                                                                                                         Filter: (wr_return_amt > 10000::numeric)
                                                                                                   ->  Append-only Columnar Scan on web_returns_1_prt_53 wr_52  (cost=0.00..14008.70 rows=2697 width=18)
                                                                                                         Filter: (wr_return_amt > 10000::numeric)
                                                                                                   ->  Append-only Columnar Scan on web_returns_1_prt_54 wr_53  (cost=0.00..15948.34 rows=3032 width=18)
                                                                                                         Filter: (wr_return_amt > 10000::numeric)
                                                                                                   ->  Append-only Columnar Scan on web_returns_1_prt_55 wr_54  (cost=0.00..17871.88 rows=3473 width=18)
                                                                                                         Filter: (wr_return_amt > 10000::numeric)
                                                                                                   ->  Append-only Columnar Scan on web_returns_1_prt_56 wr_55  (cost=0.00..19448.00 rows=3713 width=18)
                                                                                                         Filter: (wr_return_amt > 10000::numeric)
                                                                                                   ->  Append-only Columnar Scan on web_returns_1_prt_57 wr_56  (cost=0.00..20488.38 rows=3864 width=18)
                                                                                                         Filter: (wr_return_amt > 10000::numeric)
                                                                                                   ->  Append-only Columnar Scan on web_returns_1_prt_58 wr_57  (cost=0.00..20717.88 rows=3897 width=18)
                                                                                                         Filter: (wr_return_amt > 10000::numeric)
                                                                                                   ->  Append-only Columnar Scan on web_returns_1_prt_59 wr_58  (cost=0.00..20131.00 rows=3918 width=18)
                                                                                                         Filter: (wr_return_amt > 10000::numeric)
                                                                                                   ->  Append-only Columnar Scan on web_returns_1_prt_60 wr_59  (cost=0.00..19261.25 rows=3708 width=18)
                                                                                                         Filter: (wr_return_amt > 10000::numeric)
                                                                                                   ->  Append-only Columnar Scan on web_returns_1_prt_61 wr_60  (cost=0.00..17874.75 rows=3384 width=18)
                                                                                                         Filter: (wr_return_amt > 10000::numeric)
                                                                                                   ->  Append-only Columnar Scan on web_returns_1_prt_62 wr_61  (cost=0.00..16096.31 rows=3089 width=18)
                                                                                                         Filter: (wr_return_amt > 10000::numeric)
                                                                                                   ->  Append-only Columnar Scan on web_returns_1_prt_63 wr_62  (cost=0.00..14432.30 rows=2768 width=18)
                                                                                                         Filter: (wr_return_amt > 10000::numeric)
                                                                                                   ->  Append-only Columnar Scan on web_returns_1_prt_64 wr_63  (cost=0.00..13381.98 rows=2510 width=18)
                                                                                                         Filter: (wr_return_amt > 10000::numeric)
                                                                                                   ->  Append-only Columnar Scan on web_returns_1_prt_65 wr_64  (cost=0.00..13084.60 rows=2535 width=18)
                                                                                                         Filter: (wr_return_amt > 10000::numeric)
                                                                                                   ->  Append-only Columnar Scan on web_returns_1_prt_66 wr_65  (cost=0.00..13950.59 rows=2614 width=18)
                                                                                                         Filter: (wr_return_amt > 10000::numeric)
                                                                                                   ->  Append-only Columnar Scan on web_returns_1_prt_67 wr_66  (cost=0.00..15836.54 rows=2977 width=18)
                                                                                                         Filter: (wr_return_amt > 10000::numeric)
                                                                                                   ->  Append-only Columnar Scan on web_returns_1_prt_68 wr_67  (cost=0.00..17581.50 rows=3346 width=18)
                                                                                                         Filter: (wr_return_amt > 10000::numeric)
                                                                                                   ->  Append-only Columnar Scan on web_returns_1_prt_69 wr_68  (cost=0.00..18749.25 rows=3629 width=18)
                                                                                                         Filter: (wr_return_amt > 10000::numeric)
                                                                                                   ->  Append-only Columnar Scan on web_returns_1_prt_70 wr_69  (cost=0.00..19064.12 rows=4115 width=18)
                                                                                                         Filter: (wr_return_amt > 10000::numeric)
                                                                                                   ->  Append-only Columnar Scan on web_returns_1_prt_71 wr_70  (cost=0.00..18352.75 rows=3532 width=18)
                                                                                                         Filter: (wr_return_amt > 10000::numeric)
                                                                                                   ->  Append-only Columnar Scan on web_returns_1_prt_72 wr_71  (cost=0.00..16703.00 rows=3162 width=18)
                                                                                                         Filter: (wr_return_amt > 10000::numeric)
                                                                                                   ->  Append-only Columnar Scan on web_returns_1_prt_73 wr_72  (cost=0.00..14665.76 rows=2825 width=18)
                                                                                                         Filter: (wr_return_amt > 10000::numeric)
                                                                                                   ->  Append-only Columnar Scan on web_returns_1_prt_74 wr_73  (cost=0.00..12178.60 rows=2343 width=18)
                                                                                                         Filter: (wr_return_amt > 10000::numeric)
                                                                                                   ->  Append-only Columnar Scan on web_returns_1_prt_75 wr_74  (cost=0.00..9156.17 rows=1738 width=18)
                                                                                                         Filter: (wr_return_amt > 10000::numeric)
                                                                                                   ->  Append-only Columnar Scan on web_returns_1_prt_76 wr_75  (cost=0.00..6000.74 rows=1135 width=18)
                                                                                                         Filter: (wr_return_amt > 10000::numeric)
                                                                                                   ->  Append-only Columnar Scan on web_returns_1_prt_77 wr_76  (cost=0.00..3352.94 rows=634 width=18)
                                                                                                         Filter: (wr_return_amt > 10000::numeric)
                                                                                                   ->  Append-only Columnar Scan on web_returns_1_prt_78 wr_77  (cost=0.00..1365.50 rows=260 width=18)
                                                                                                         Filter: (wr_return_amt > 10000::numeric)
                                                                                                   ->  Append-only Columnar Scan on web_returns_1_prt_79 wr_78  (cost=0.00..261.04 rows=49 width=18)
                                                                                                         Filter: (wr_return_amt > 10000::numeric)
                                                                                                   ->  Append-only Columnar Scan on web_returns_1_prt_80 wr_79  (cost=0.00..28.86 rows=1 width=18)
                                                                                                         Filter: (wr_return_amt > 10000::numeric)
                     ->  Subquery Scan on catalog  (cost=39377272.65..39377272.94 rows=5 width=52)
                           Filter: ((catalog.return_rank <= 10) OR (catalog.currency_rank <= 10))
                           ->  WindowAgg  (cost=39377272.65..39377272.81 rows=9 width=68)
                                 Order By: in_cat.return_ratio
                                 ->  Sort  (cost=39377272.65..39377272.67 rows=9 width=68)
                                       Sort Key: in_cat.return_ratio
                                       ->  WindowAgg  (cost=39377272.35..39377272.51 rows=9 width=68)
                                             Order By: in_cat.currency_ratio
                                             ->  Gather Motion 3:1  (slice7; segments: 3)  (cost=39377272.35..39377272.37 rows=9 width=68)
                                                   Merge Key: in_cat.currency_ratio
                                                   ->  Sort  (cost=39377272.35..39377272.37 rows=3 width=68)
                                                         Sort Key: in_cat.currency_ratio
                                                         ->  Subquery Scan on in_cat  (cost=39377271.80..39377272.21 rows=3 width=68)
                                                               ->  HashAggregate  (cost=39377271.80..39377272.12 rows=3 width=68)
                                                                     Group Key: cs.cs_item_sk
                                                                     ->  Redistribute Motion 3:3  (slice6; segments: 3)  (cost=39377271.42..39377271.60 rows=3 width=84)
                                                                           Hash Key: cs.cs_item_sk
                                                                           ->  HashAggregate  (cost=39377271.42..39377271.42 rows=3 width=84)
                                                                                 Group Key: cs.cs_item_sk
                                                                                 ->  Hash Join  (cost=2430266.19..39377271.30 rows=4 width=24)
                                                                                       Hash Cond: ((cs.cs_order_number = cr.cr_order_number) AND (cs.cs_item_sk = cr.cr_item_sk))
                                                                                       ->  Hash Join  (cost=1460.00..36761665.07 rows=269913 width=22)
                                                                                             Hash Cond: (cs.cs_sold_date_sk = date_dim_1.d_date_sk)
                                                                                             ->  Append  (cost=0.00..33285265.52 rows=184898250 width=26)
                                                                                                   ->  Result  (cost=0.00..149996.28 rows=525415 width=26)
                                                                                                         One-Time Filter: PartSelected
                                                                                                         ->  Append-only Columnar Scan on catalog_sales_1_prt_outliers cs  (cost=0.00..149996.28 rows=525415 width=26)
                                                                                                               Filter: ((cs_net_profit > 1::numeric) AND (cs_net_paid > 0::numeric) AND (cs_quantity > 0))
                                                                                                   ->  Result  (cost=0.00..293812.50 rows=1635842 width=26)
                                                                                                         One-Time Filter: PartSelected
                                                                                                         ->  Append-only Columnar Scan on catalog_sales_1_prt_2 cs_1  (cost=0.00..293812.50 rows=1635842 width=26)
                                                                                                               Filter: ((cs_net_profit > 1::numeric) AND (cs_net_paid > 0::numeric) AND (cs_quantity > 0))
                                                                                                   ->  Result  (cost=0.00..293722.25 rows=1633573 width=26)
                                                                                                         One-Time Filter: PartSelected
                                                                                                         ->  Append-only Columnar Scan on catalog_sales_1_prt_3 cs_2  (cost=0.00..293722.25 rows=1633573 width=26)
                                                                                                               Filter: ((cs_net_profit > 1::numeric) AND (cs_net_paid > 0::numeric) AND (cs_quantity > 0))
                                                                                                   ->  Result  (cost=0.00..283351.50 rows=1557229 width=26)
                                                                                                         One-Time Filter: PartSelected
                                                                                                         ->  Append-only Columnar Scan on catalog_sales_1_prt_4 cs_3  (cost=0.00..283351.50 rows=1557229 width=26)
                                                                                                               Filter: ((cs_net_profit > 1::numeric) AND (cs_net_paid > 0::numeric) AND (cs_quantity > 0))
                                                                                                   ->  Result  (cost=0.00..293514.75 rows=1649421 width=26)
                                                                                                         One-Time Filter: PartSelected
                                                                                                         ->  Append-only Columnar Scan on catalog_sales_1_prt_5 cs_4  (cost=0.00..293514.75 rows=1649421 width=26)
                                                                                                               Filter: ((cs_net_profit > 1::numeric) AND (cs_net_paid > 0::numeric) AND (cs_quantity > 0))
                                                                                                   ->  Result  (cost=0.00..293760.25 rows=1648461 width=26)
                                                                                                         One-Time Filter: PartSelected
                                                                                                         ->  Append-only Columnar Scan on catalog_sales_1_prt_6 cs_5  (cost=0.00..293760.25 rows=1648461 width=26)
                                                                                                               Filter: ((cs_net_profit > 1::numeric) AND (cs_net_paid > 0::numeric) AND (cs_quantity > 0))
                                                                                                   ->  Result  (cost=0.00..293758.25 rows=1621625 width=26)
                                                                                                         One-Time Filter: PartSelected
                                                                                                         ->  Append-only Columnar Scan on catalog_sales_1_prt_7 cs_6  (cost=0.00..293758.25 rows=1621625 width=26)
                                                                                                               Filter: ((cs_net_profit > 1::numeric) AND (cs_net_paid > 0::numeric) AND (cs_quantity > 0))
                                                                                                   ->  Result  (cost=0.00..293878.50 rows=1621567 width=26)
                                                                                                         One-Time Filter: PartSelected
                                                                                                         ->  Append-only Columnar Scan on catalog_sales_1_prt_8 cs_7  (cost=0.00..293878.50 rows=1621567 width=26)
                                                                                                               Filter: ((cs_net_profit > 1::numeric) AND (cs_net_paid > 0::numeric) AND (cs_quantity > 0))
                                                                                                   ->  Result  (cost=0.00..440938.50 rows=2447533 width=26)
                                                                                                         One-Time Filter: PartSelected
                                                                                                         ->  Append-only Columnar Scan on catalog_sales_1_prt_9 cs_8  (cost=0.00..440938.50 rows=2447533 width=26)
                                                                                                               Filter: ((cs_net_profit > 1::numeric) AND (cs_net_paid > 0::numeric) AND (cs_quantity > 0))
                                                                                                   ->  Result  (cost=0.00..668457.75 rows=3752271 width=26)
                                                                                                         One-Time Filter: PartSelected
                                                                                                         ->  Append-only Columnar Scan on catalog_sales_1_prt_10 cs_9  (cost=0.00..668457.75 rows=3752271 width=26)
                                                                                                               Filter: ((cs_net_profit > 1::numeric) AND (cs_net_paid > 0::numeric) AND (cs_quantity > 0))
                                                                                                   ->  Result  (cost=0.00..668307.75 rows=3717401 width=26)
                                                                                                         One-Time Filter: PartSelected
                                                                                                         ->  Append-only Columnar Scan on catalog_sales_1_prt_11 cs_10  (cost=0.00..668307.75 rows=3717401 width=26)
                                                                                                               Filter: ((cs_net_profit > 1::numeric) AND (cs_net_paid > 0::numeric) AND (cs_quantity > 0))
                                                                                                   ->  Result  (cost=0.00..705393.75 rows=3919656 width=26)
                                                                                                         One-Time Filter: PartSelected
                                                                                                         ->  Append-only Columnar Scan on catalog_sales_1_prt_12 cs_11  (cost=0.00..705393.75 rows=3919656 width=26)
                                                                                                               Filter: ((cs_net_profit > 1::numeric) AND (cs_net_paid > 0::numeric) AND (cs_quantity > 0))
                                                                                                   ->  Result  (cost=0.00..1012849.50 rows=5656215 width=26)
                                                                                                         One-Time Filter: PartSelected
                                                                                                         ->  Append-only Columnar Scan on catalog_sales_1_prt_13 cs_12  (cost=0.00..1012849.50 rows=5656215 width=26)
                                                                                                               Filter: ((cs_net_profit > 1::numeric) AND (cs_net_paid > 0::numeric) AND (cs_quantity > 0))
                                                                                                   ->  Result  (cost=0.00..1012871.00 rows=5652346 width=26)
                                                                                                         One-Time Filter: PartSelected
                                                                                                         ->  Append-only Columnar Scan on catalog_sales_1_prt_14 cs_13  (cost=0.00..1012871.00 rows=5652346 width=26)
                                                                                                               Filter: ((cs_net_profit > 1::numeric) AND (cs_net_paid > 0::numeric) AND (cs_quantity > 0))
                                                                                                   ->  Result  (cost=0.00..319376.75 rows=1766400 width=26)
                                                                                                         One-Time Filter: PartSelected
                                                                                                         ->  Append-only Columnar Scan on catalog_sales_1_prt_15 cs_14  (cost=0.00..319376.75 rows=1766400 width=26)
                                                                                                               Filter: ((cs_net_profit > 1::numeric) AND (cs_net_paid > 0::numeric) AND (cs_quantity > 0))
                                                                                                   ->  Result  (cost=0.00..293439.50 rows=1622969 width=26)
                                                                                                         One-Time Filter: PartSelected
                                                                                                         ->  Append-only Columnar Scan on catalog_sales_1_prt_16 cs_15  (cost=0.00..293439.50 rows=1622969 width=26)
                                                                                                               Filter: ((cs_net_profit > 1::numeric) AND (cs_net_paid > 0::numeric) AND (cs_quantity > 0))
                                                                                                   ->  Result  (cost=0.00..283199.00 rows=1575177 width=26)
                                                                                                         One-Time Filter: PartSelected
                                                                                                         ->  Append-only Columnar Scan on catalog_sales_1_prt_17 cs_16  (cost=0.00..283199.00 rows=1575177 width=26)
                                                                                                               Filter: ((cs_net_profit > 1::numeric) AND (cs_net_paid > 0::numeric) AND (cs_quantity > 0))
                                                                                                   ->  Result  (cost=0.00..293631.00 rows=1629018 width=26)
                                                                                                         One-Time Filter: PartSelected
                                                                                                         ->  Append-only Columnar Scan on catalog_sales_1_prt_18 cs_17  (cost=0.00..293631.00 rows=1629018 width=26)
                                                                                                               Filter: ((cs_net_profit > 1::numeric) AND (cs_net_paid > 0::numeric) AND (cs_quantity > 0))
                                                                                                   ->  Result  (cost=0.00..293711.25 rows=1624887 width=26)
                                                                                                         One-Time Filter: PartSelected
                                                                                                         ->  Append-only Columnar Scan on catalog_sales_1_prt_19 cs_18  (cost=0.00..293711.25 rows=1624887 width=26)
                                                                                                               Filter: ((cs_net_profit > 1::numeric) AND (cs_net_paid > 0::numeric) AND (cs_quantity > 0))
                                                                                                   ->  Result  (cost=0.00..293711.50 rows=1632870 width=26)
                                                                                                         One-Time Filter: PartSelected
                                                                                                         ->  Append-only Columnar Scan on catalog_sales_1_prt_20 cs_19  (cost=0.00..293711.50 rows=1632870 width=26)
                                                                                                               Filter: ((cs_net_profit > 1::numeric) AND (cs_net_paid > 0::numeric) AND (cs_quantity > 0))
                                                                                                   ->  Result  (cost=0.00..293832.25 rows=1633829 width=26)
                                                                                                         One-Time Filter: PartSelected
                                                                                                         ->  Append-only Columnar Scan on catalog_sales_1_prt_21 cs_20  (cost=0.00..293832.25 rows=1633829 width=26)
                                                                                                               Filter: ((cs_net_profit > 1::numeric) AND (cs_net_paid > 0::numeric) AND (cs_quantity > 0))
                                                                                                   ->  Result  (cost=0.00..427493.00 rows=2369896 width=26)
                                                                                                         One-Time Filter: PartSelected
                                                                                                         ->  Append-only Columnar Scan on catalog_sales_1_prt_22 cs_21  (cost=0.00..427493.00 rows=2369896 width=26)
                                                                                                               Filter: ((cs_net_profit > 1::numeric) AND (cs_net_paid > 0::numeric) AND (cs_quantity > 0))
                                                                                                   ->  Result  (cost=0.00..668609.00 rows=3696969 width=26)
                                                                                                         One-Time Filter: PartSelected
                                                                                                         ->  Append-only Columnar Scan on catalog_sales_1_prt_23 cs_22  (cost=0.00..668609.00 rows=3696969 width=26)
                                                                                                               Filter: ((cs_net_profit > 1::numeric) AND (cs_net_paid > 0::numeric) AND (cs_quantity > 0))
                                                                                                   ->  Result  (cost=0.00..668656.00 rows=3703126 width=26)
                                                                                                         One-Time Filter: PartSelected
                                                                                                         ->  Append-only Columnar Scan on catalog_sales_1_prt_24 cs_23  (cost=0.00..668656.00 rows=3703126 width=26)
                                                                                                               Filter: ((cs_net_profit > 1::numeric) AND (cs_net_paid > 0::numeric) AND (cs_quantity > 0))
                                                                                                   ->  Result  (cost=0.00..693257.75 rows=3922585 width=26)
                                                                                                         One-Time Filter: PartSelected
                                                                                                         ->  Append-only Columnar Scan on catalog_sales_1_prt_25 cs_24  (cost=0.00..693257.75 rows=3922585 width=26)
                                                                                                               Filter: ((cs_net_profit > 1::numeric) AND (cs_net_paid > 0::numeric) AND (cs_quantity > 0))
                                                                                                   ->  Result  (cost=0.00..1013051.50 rows=5677331 width=26)
                                                                                                         One-Time Filter: PartSelected
                                                                                                         ->  Append-only Columnar Scan on catalog_sales_1_prt_26 cs_25  (cost=0.00..1013051.50 rows=5677331 width=26)
                                                                                                               Filter: ((cs_net_profit > 1::numeric) AND (cs_net_paid > 0::numeric) AND (cs_quantity > 0))
                                                                                                   ->  Result  (cost=0.00..1013013.50 rows=5643616 width=26)
                                                                                                         One-Time Filter: PartSelected
                                                                                                         ->  Append-only Columnar Scan on catalog_sales_1_prt_27 cs_26  (cost=0.00..1013013.50 rows=5643616 width=26)
                                                                                                               Filter: ((cs_net_profit > 1::numeric) AND (cs_net_paid > 0::numeric) AND (cs_quantity > 0))
                                                                                                   ->  Result  (cost=0.00..344759.75 rows=1946052 width=26)
                                                                                                         One-Time Filter: PartSelected
                                                                                                         ->  Append-only Columnar Scan on catalog_sales_1_prt_28 cs_27  (cost=0.00..344759.75 rows=1946052 width=26)
                                                                                                               Filter: ((cs_net_profit > 1::numeric) AND (cs_net_paid > 0::numeric) AND (cs_quantity > 0))
                                                                                                   ->  Result  (cost=0.00..293298.50 rows=1620881 width=26)
                                                                                                         One-Time Filter: PartSelected
                                                                                                         ->  Append-only Columnar Scan on catalog_sales_1_prt_29 cs_28  (cost=0.00..293298.50 rows=1620881 width=26)
                                                                                                               Filter: ((cs_net_profit > 1::numeric) AND (cs_net_paid > 0::numeric) AND (cs_quantity > 0))
                                                                                                   ->  Result  (cost=0.00..293294.25 rows=1644464 width=26)
                                                                                                         One-Time Filter: PartSelected
                                                                                                         ->  Append-only Columnar Scan on catalog_sales_1_prt_30 cs_29  (cost=0.00..293294.25 rows=1644464 width=26)
                                                                                                               Filter: ((cs_net_profit > 1::numeric) AND (cs_net_paid > 0::numeric) AND (cs_quantity > 0))
                                                                                                   ->  Result  (cost=0.00..293376.50 rows=1634666 width=26)
                                                                                                         One-Time Filter: PartSelected
                                                                                                         ->  Append-only Columnar Scan on catalog_sales_1_prt_31 cs_30  (cost=0.00..293376.50 rows=1634666 width=26)
                                                                                                               Filter: ((cs_net_profit > 1::numeric) AND (cs_net_paid > 0::numeric) AND (cs_quantity > 0))
                                                                                                   ->  Result  (cost=0.00..293265.50 rows=1649124 width=26)
                                                                                                         One-Time Filter: PartSelected
                                                                                                         ->  Append-only Columnar Scan on catalog_sales_1_prt_32 cs_31  (cost=0.00..293265.50 rows=1649124 width=26)
                                                                                                               Filter: ((cs_net_profit > 1::numeric) AND (cs_net_paid > 0::numeric) AND (cs_quantity > 0))
                                                                                                   ->  Result  (cost=0.00..293238.50 rows=1639785 width=26)
                                                                                                         One-Time Filter: PartSelected
                                                                                                         ->  Append-only Columnar Scan on catalog_sales_1_prt_33 cs_32  (cost=0.00..293238.50 rows=1639785 width=26)
                                                                                                               Filter: ((cs_net_profit > 1::numeric) AND (cs_net_paid > 0::numeric) AND (cs_quantity > 0))
                                                                                                   ->  Result  (cost=0.00..293347.00 rows=1637574 width=26)
                                                                                                         One-Time Filter: PartSelected
                                                                                                         ->  Append-only Columnar Scan on catalog_sales_1_prt_34 cs_33  (cost=0.00..293347.00 rows=1637574 width=26)
                                                                                                               Filter: ((cs_net_profit > 1::numeric) AND (cs_net_paid > 0::numeric) AND (cs_quantity > 0))
                                                                                                   ->  Result  (cost=0.00..413498.75 rows=2276787 width=26)
                                                                                                         One-Time Filter: PartSelected
                                                                                                         ->  Append-only Columnar Scan on catalog_sales_1_prt_35 cs_34  (cost=0.00..413498.75 rows=2276787 width=26)
                                                                                                               Filter: ((cs_net_profit > 1::numeric) AND (cs_net_paid > 0::numeric) AND (cs_quantity > 0))
                                                                                                   ->  Result  (cost=0.00..667610.50 rows=3670962 width=26)
                                                                                                         One-Time Filter: PartSelected
                                                                                                         ->  Append-only Columnar Scan on catalog_sales_1_prt_36 cs_35  (cost=0.00..667610.50 rows=3670962 width=26)
                                                                                                               Filter: ((cs_net_profit > 1::numeric) AND (cs_net_paid > 0::numeric) AND (cs_quantity > 0))
                                                                                                   ->  Result  (cost=0.00..667466.75 rows=3692567 width=26)
                                                                                                         One-Time Filter: PartSelected
                                                                                                         ->  Append-only Columnar Scan on catalog_sales_1_prt_37 cs_36  (cost=0.00..667466.75 rows=3692567 width=26)
                                                                                                               Filter: ((cs_net_profit > 1::numeric) AND (cs_net_paid > 0::numeric) AND (cs_quantity > 0))
                                                                                                   ->  Result  (cost=0.00..679607.25 rows=3769288 width=26)
                                                                                                         One-Time Filter: PartSelected
                                                                                                         ->  Append-only Columnar Scan on catalog_sales_1_prt_38 cs_37  (cost=0.00..679607.25 rows=3769288 width=26)
                                                                                                               Filter: ((cs_net_profit > 1::numeric) AND (cs_net_paid > 0::numeric) AND (cs_quantity > 0))
                                                                                                   ->  Result  (cost=0.00..1011113.00 rows=5634452 width=26)
                                                                                                         One-Time Filter: PartSelected
                                                                                                         ->  Append-only Columnar Scan on catalog_sales_1_prt_39 cs_38  (cost=0.00..1011113.00 rows=5634452 width=26)
                                                                                                               Filter: ((cs_net_profit > 1::numeric) AND (cs_net_paid > 0::numeric) AND (cs_quantity > 0))
                                                                                                   ->  Result  (cost=0.00..1011239.75 rows=5615502 width=26)
                                                                                                         One-Time Filter: PartSelected
                                                                                                         ->  Append-only Columnar Scan on catalog_sales_1_prt_40 cs_39  (cost=0.00..1011239.75 rows=5615502 width=26)
                                                                                                               Filter: ((cs_net_profit > 1::numeric) AND (cs_net_paid > 0::numeric) AND (cs_quantity > 0))
                                                                                                   ->  Result  (cost=0.00..396204.50 rows=2192740 width=26)
                                                                                                         One-Time Filter: PartSelected
                                                                                                         ->  Append-only Columnar Scan on catalog_sales_1_prt_41 cs_40  (cost=0.00..396204.50 rows=2192740 width=26)
                                                                                                               Filter: ((cs_net_profit > 1::numeric) AND (cs_net_paid > 0::numeric) AND (cs_quantity > 0))
                                                                                                   ->  Result  (cost=0.00..293542.50 rows=1624377 width=26)
                                                                                                         One-Time Filter: PartSelected
                                                                                                         ->  Append-only Columnar Scan on catalog_sales_1_prt_42 cs_41  (cost=0.00..293542.50 rows=1624377 width=26)
                                                                                                               Filter: ((cs_net_profit > 1::numeric) AND (cs_net_paid > 0::numeric) AND (cs_quantity > 0))
                                                                                                   ->  Result  (cost=0.00..283219.75 rows=1563454 width=26)
                                                                                                         One-Time Filter: PartSelected
                                                                                                         ->  Append-only Columnar Scan on catalog_sales_1_prt_43 cs_42  (cost=0.00..283219.75 rows=1563454 width=26)
                                                                                                               Filter: ((cs_net_profit > 1::numeric) AND (cs_net_paid > 0::numeric) AND (cs_quantity > 0))
                                                                                                   ->  Result  (cost=0.00..293693.00 rows=1639234 width=26)
                                                                                                         One-Time Filter: PartSelected
                                                                                                         ->  Append-only Columnar Scan on catalog_sales_1_prt_44 cs_43  (cost=0.00..293693.00 rows=1639234 width=26)
                                                                                                               Filter: ((cs_net_profit > 1::numeric) AND (cs_net_paid > 0::numeric) AND (cs_quantity > 0))
                                                                                                   ->  Result  (cost=0.00..293671.00 rows=1629581 width=26)
                                                                                                         One-Time Filter: PartSelected
                                                                                                         ->  Append-only Columnar Scan on catalog_sales_1_prt_45 cs_44  (cost=0.00..293671.00 rows=1629581 width=26)
                                                                                                               Filter: ((cs_net_profit > 1::numeric) AND (cs_net_paid > 0::numeric) AND (cs_quantity > 0))
                                                                                                   ->  Result  (cost=0.00..293743.75 rows=1649272 width=26)
                                                                                                         One-Time Filter: PartSelected
                                                                                                         ->  Append-only Columnar Scan on catalog_sales_1_prt_46 cs_45  (cost=0.00..293743.75 rows=1649272 width=26)
                                                                                                               Filter: ((cs_net_profit > 1::numeric) AND (cs_net_paid > 0::numeric) AND (cs_quantity > 0))
                                                                                                   ->  Result  (cost=0.00..293745.75 rows=1629879 width=26)
                                                                                                         One-Time Filter: PartSelected
                                                                                                         ->  Append-only Columnar Scan on catalog_sales_1_prt_47 cs_46  (cost=0.00..293745.75 rows=1629879 width=26)
                                                                                                               Filter: ((cs_net_profit > 1::numeric) AND (cs_net_paid > 0::numeric) AND (cs_quantity > 0))
                                                                                                   ->  Result  (cost=0.00..387387.75 rows=2167893 width=26)
                                                                                                         One-Time Filter: PartSelected
                                                                                                         ->  Append-only Columnar Scan on catalog_sales_1_prt_48 cs_47  (cost=0.00..387387.75 rows=2167893 width=26)
                                                                                                               Filter: ((cs_net_profit > 1::numeric) AND (cs_net_paid > 0::numeric) AND (cs_quantity > 0))
                                                                                                   ->  Result  (cost=0.00..668743.00 rows=3743489 width=26)
                                                                                                         One-Time Filter: PartSelected
                                                                                                         ->  Append-only Columnar Scan on catalog_sales_1_prt_49 cs_48  (cost=0.00..668743.00 rows=3743489 width=26)
                                                                                                               Filter: ((cs_net_profit > 1::numeric) AND (cs_net_paid > 0::numeric) AND (cs_quantity > 0))
                                                                                                   ->  Result  (cost=0.00..668512.75 rows=3726198 width=26)
                                                                                                         One-Time Filter: PartSelected
                                                                                                         ->  Append-only Columnar Scan on catalog_sales_1_prt_50 cs_49  (cost=0.00..668512.75 rows=3726198 width=26)
                                                                                                               Filter: ((cs_net_profit > 1::numeric) AND (cs_net_paid > 0::numeric) AND (cs_quantity > 0))
                                                                                                   ->  Result  (cost=0.00..668518.25 rows=3679483 width=26)
                                                                                                         One-Time Filter: PartSelected
                                                                                                         ->  Append-only Columnar Scan on catalog_sales_1_prt_51 cs_50  (cost=0.00..668518.25 rows=3679483 width=26)
                                                                                                               Filter: ((cs_net_profit > 1::numeric) AND (cs_net_paid > 0::numeric) AND (cs_quantity > 0))
                                                                                                   ->  Result  (cost=0.00..1000527.25 rows=5569975 width=26)
                                                                                                         One-Time Filter: PartSelected
                                                                                                         ->  Append-only Columnar Scan on catalog_sales_1_prt_52 cs_51  (cost=0.00..1000527.25 rows=5569975 width=26)
                                                                                                               Filter: ((cs_net_profit > 1::numeric) AND (cs_net_paid > 0::numeric) AND (cs_quantity > 0))
                                                                                                   ->  Result  (cost=0.00..1012783.50 rows=5669625 width=26)
                                                                                                         One-Time Filter: PartSelected
                                                                                                         ->  Append-only Columnar Scan on catalog_sales_1_prt_53 cs_52  (cost=0.00..1012783.50 rows=5669625 width=26)
                                                                                                               Filter: ((cs_net_profit > 1::numeric) AND (cs_net_paid > 0::numeric) AND (cs_quantity > 0))
                                                                                                   ->  Result  (cost=0.00..422306.00 rows=2341440 width=26)
                                                                                                         One-Time Filter: PartSelected
                                                                                                         ->  Append-only Columnar Scan on catalog_sales_1_prt_54 cs_53  (cost=0.00..422306.00 rows=2341440 width=26)
                                                                                                               Filter: ((cs_net_profit > 1::numeric) AND (cs_net_paid > 0::numeric) AND (cs_quantity > 0))
                                                                                                   ->  Result  (cost=0.00..293766.50 rows=1656253 width=26)
                                                                                                         One-Time Filter: PartSelected
                                                                                                         ->  Append-only Columnar Scan on catalog_sales_1_prt_55 cs_54  (cost=0.00..293766.50 rows=1656253 width=26)
                                                                                                               Filter: ((cs_net_profit > 1::numeric) AND (cs_net_paid > 0::numeric) AND (cs_quantity > 0))
                                                                                                   ->  Result  (cost=0.00..283151.75 rows=1565459 width=26)
                                                                                                         One-Time Filter: PartSelected
                                                                                                         ->  Append-only Columnar Scan on catalog_sales_1_prt_56 cs_55  (cost=0.00..283151.75 rows=1565459 width=26)
                                                                                                               Filter: ((cs_net_profit > 1::numeric) AND (cs_net_paid > 0::numeric) AND (cs_quantity > 0))
                                                                                                   ->  Result  (cost=0.00..293722.25 rows=1637692 width=26)
                                                                                                         One-Time Filter: PartSelected
                                                                                                         ->  Append-only Columnar Scan on catalog_sales_1_prt_57 cs_56  (cost=0.00..293722.25 rows=1637692 width=26)
                                                                                                               Filter: ((cs_net_profit > 1::numeric) AND (cs_net_paid > 0::numeric) AND (cs_quantity > 0))
                                                                                                   ->  Result  (cost=0.00..293669.00 rows=1640542 width=26)
                                                                                                         One-Time Filter: PartSelected
                                                                                                         ->  Append-only Columnar Scan on catalog_sales_1_prt_58 cs_57  (cost=0.00..293669.00 rows=1640542 width=26)
                                                                                                               Filter: ((cs_net_profit > 1::numeric) AND (cs_net_paid > 0::numeric) AND (cs_quantity > 0))
                                                                                                   ->  Result  (cost=0.00..293701.75 rows=1629720 width=26)
                                                                                                         One-Time Filter: PartSelected
                                                                                                         ->  Append-only Columnar Scan on catalog_sales_1_prt_59 cs_58  (cost=0.00..293701.75 rows=1629720 width=26)
                                                                                                               Filter: ((cs_net_profit > 1::numeric) AND (cs_net_paid > 0::numeric) AND (cs_quantity > 0))
                                                                                                   ->  Result  (cost=0.00..293649.00 rows=1653610 width=26)
                                                                                                         One-Time Filter: PartSelected
                                                                                                         ->  Append-only Columnar Scan on catalog_sales_1_prt_60 cs_59  (cost=0.00..293649.00 rows=1653610 width=26)
                                                                                                               Filter: ((cs_net_profit > 1::numeric) AND (cs_net_paid > 0::numeric) AND (cs_quantity > 0))
                                                                                                   ->  Result  (cost=0.00..374028.75 rows=2068141 width=26)
                                                                                                         One-Time Filter: PartSelected
                                                                                                         ->  Append-only Columnar Scan on catalog_sales_1_prt_61 cs_60  (cost=0.00..374028.75 rows=2068141 width=26)
                                                                                                               Filter: ((cs_net_profit > 1::numeric) AND (cs_net_paid > 0::numeric) AND (cs_quantity > 0))
                                                                                                   ->  Result  (cost=0.00..668548.00 rows=3699960 width=26)
                                                                                                         One-Time Filter: PartSelected
                                                                                                         ->  Append-only Columnar Scan on catalog_sales_1_prt_62 cs_61  (cost=0.00..668548.00 rows=3699960 width=26)
                                                                                                               Filter: ((cs_net_profit > 1::numeric) AND (cs_net_paid > 0::numeric) AND (cs_quantity > 0))
                                                                                                   ->  Result  (cost=0.00..668586.75 rows=3688559 width=26)
                                                                                                         One-Time Filter: PartSelected
                                                                                                         ->  Append-only Columnar Scan on catalog_sales_1_prt_63 cs_62  (cost=0.00..668586.75 rows=3688559 width=26)
                                                                                                               Filter: ((cs_net_profit > 1::numeric) AND (cs_net_paid > 0::numeric) AND (cs_quantity > 0))
                                                                                                   ->  Result  (cost=0.00..668465.25 rows=3719622 width=26)
                                                                                                         One-Time Filter: PartSelected
                                                                                                         ->  Append-only Columnar Scan on catalog_sales_1_prt_64 cs_63  (cost=0.00..668465.25 rows=3719622 width=26)
                                                                                                               Filter: ((cs_net_profit > 1::numeric) AND (cs_net_paid > 0::numeric) AND (cs_quantity > 0))
                                                                                                   ->  Result  (cost=0.00..988211.00 rows=5485420 width=26)
                                                                                                         One-Time Filter: PartSelected
                                                                                                         ->  Append-only Columnar Scan on catalog_sales_1_prt_65 cs_64  (cost=0.00..988211.00 rows=5485420 width=26)
                                                                                                               Filter: ((cs_net_profit > 1::numeric) AND (cs_net_paid > 0::numeric) AND (cs_quantity > 0))
                                                                                                   ->  Result  (cost=0.00..1012550.00 rows=5657051 width=26)
                                                                                                         One-Time Filter: PartSelected
                                                                                                         ->  Append-only Columnar Scan on catalog_sales_1_prt_66 cs_65  (cost=0.00..1012550.00 rows=5657051 width=26)
                                                                                                               Filter: ((cs_net_profit > 1::numeric) AND (cs_net_paid > 0::numeric) AND (cs_quantity > 0))
                                                                                                   ->  Result  (cost=0.00..361893.25 rows=2000278 width=26)
                                                                                                         One-Time Filter: PartSelected
                                                                                                         ->  Append-only Columnar Scan on catalog_sales_1_prt_67 cs_66  (cost=0.00..361893.25 rows=2000278 width=26)
                                                                                                               Filter: ((cs_net_profit > 1::numeric) AND (cs_net_paid > 0::numeric) AND (cs_quantity > 0))
                                                                                                   ->  Result  (cost=0.00..1.00 rows=1 width=34)
                                                                                                         One-Time Filter: PartSelected
                                                                                                         ->  Append-only Columnar Scan on catalog_sales_1_prt_68 cs_67  (cost=0.00..1.00 rows=1 width=34)
                                                                                                               Filter: ((cs_net_profit > 1::numeric) AND (cs_net_paid > 0::numeric) AND (cs_quantity > 0))
                                                                                                   ->  Result  (cost=0.00..1.00 rows=1 width=34)
                                                                                                         One-Time Filter: PartSelected
                                                                                                         ->  Append-only Columnar Scan on catalog_sales_1_prt_69 cs_68  (cost=0.00..1.00 rows=1 width=34)
                                                                                                               Filter: ((cs_net_profit > 1::numeric) AND (cs_net_paid > 0::numeric) AND (cs_quantity > 0))
                                                                                                   ->  Result  (cost=0.00..1.00 rows=1 width=34)
                                                                                                         One-Time Filter: PartSelected
                                                                                                         ->  Append-only Columnar Scan on catalog_sales_1_prt_70 cs_69  (cost=0.00..1.00 rows=1 width=34)
                                                                                                               Filter: ((cs_net_profit > 1::numeric) AND (cs_net_paid > 0::numeric) AND (cs_quantity > 0))
                                                                                                   ->  Result  (cost=0.00..1.00 rows=1 width=34)
                                                                                                         One-Time Filter: PartSelected
                                                                                                         ->  Append-only Columnar Scan on catalog_sales_1_prt_71 cs_70  (cost=0.00..1.00 rows=1 width=34)
                                                                                                               Filter: ((cs_net_profit > 1::numeric) AND (cs_net_paid > 0::numeric) AND (cs_quantity > 0))
                                                                                                   ->  Result  (cost=0.00..1.00 rows=1 width=34)
                                                                                                         One-Time Filter: PartSelected
                                                                                                         ->  Append-only Columnar Scan on catalog_sales_1_prt_72 cs_71  (cost=0.00..1.00 rows=1 width=34)
                                                                                                               Filter: ((cs_net_profit > 1::numeric) AND (cs_net_paid > 0::numeric) AND (cs_quantity > 0))
                                                                                                   ->  Result  (cost=0.00..1.00 rows=1 width=34)
                                                                                                         One-Time Filter: PartSelected
                                                                                                         ->  Append-only Columnar Scan on catalog_sales_1_prt_73 cs_72  (cost=0.00..1.00 rows=1 width=34)
                                                                                                               Filter: ((cs_net_profit > 1::numeric) AND (cs_net_paid > 0::numeric) AND (cs_quantity > 0))
                                                                                                   ->  Result  (cost=0.00..1.00 rows=1 width=34)
                                                                                                         One-Time Filter: PartSelected
                                                                                                         ->  Append-only Columnar Scan on catalog_sales_1_prt_74 cs_73  (cost=0.00..1.00 rows=1 width=34)
                                                                                                               Filter: ((cs_net_profit > 1::numeric) AND (cs_net_paid > 0::numeric) AND (cs_quantity > 0))
                                                                                                   ->  Result  (cost=0.00..1.00 rows=1 width=34)
                                                                                                         One-Time Filter: PartSelected
                                                                                                         ->  Append-only Columnar Scan on catalog_sales_1_prt_75 cs_74  (cost=0.00..1.00 rows=1 width=34)
                                                                                                               Filter: ((cs_net_profit > 1::numeric) AND (cs_net_paid > 0::numeric) AND (cs_quantity > 0))
                                                                                                   ->  Result  (cost=0.00..1.00 rows=1 width=34)
                                                                                                         One-Time Filter: PartSelected
                                                                                                         ->  Append-only Columnar Scan on catalog_sales_1_prt_76 cs_75  (cost=0.00..1.00 rows=1 width=34)
                                                                                                               Filter: ((cs_net_profit > 1::numeric) AND (cs_net_paid > 0::numeric) AND (cs_quantity > 0))
                                                                                                   ->  Result  (cost=0.00..1.00 rows=1 width=34)
                                                                                                         One-Time Filter: PartSelected
                                                                                                         ->  Append-only Columnar Scan on catalog_sales_1_prt_77 cs_76  (cost=0.00..1.00 rows=1 width=34)
                                                                                                               Filter: ((cs_net_profit > 1::numeric) AND (cs_net_paid > 0::numeric) AND (cs_quantity > 0))
                                                                                                   ->  Result  (cost=0.00..1.00 rows=1 width=34)
                                                                                                         One-Time Filter: PartSelected
                                                                                                         ->  Append-only Columnar Scan on catalog_sales_1_prt_78 cs_77  (cost=0.00..1.00 rows=1 width=34)
                                                                                                               Filter: ((cs_net_profit > 1::numeric) AND (cs_net_paid > 0::numeric) AND (cs_quantity > 0))
                                                                                                   ->  Result  (cost=0.00..1.00 rows=1 width=34)
                                                                                                         One-Time Filter: PartSelected
                                                                                                         ->  Append-only Columnar Scan on catalog_sales_1_prt_79 cs_78  (cost=0.00..1.00 rows=1 width=34)
                                                                                                               Filter: ((cs_net_profit > 1::numeric) AND (cs_net_paid > 0::numeric) AND (cs_quantity > 0))
                                                                                                   ->  Result  (cost=0.00..1.00 rows=1 width=34)
                                                                                                         One-Time Filter: PartSelected
                                                                                                         ->  Append-only Columnar Scan on catalog_sales_1_prt_80 cs_79  (cost=0.00..1.00 rows=1 width=34)
                                                                                                               Filter: ((cs_net_profit > 1::numeric) AND (cs_net_paid > 0::numeric) AND (cs_quantity > 0))
                                                                                             ->  Hash  (cost=1456.00..1456.00 rows=107 width=4)
                                                                                                   ->  Partition Selector for catalog_sales (dynamic scan id: 1)  (cost=0.00..1456.00 rows=107 width=4)
                                                                                                         Filter: date_dim_1.d_date_sk
                                                                                                         ->  Broadcast Motion 3:3  (slice5; segments: 3)  (cost=0.00..1456.00 rows=107 width=4)
                                                                                                               ->  Seq Scan on date_dim date_dim_1  (cost=0.00..1451.73 rows=36 width=4)
                                                                                                                     Filter: ((d_year = 2000) AND (d_moy = 12))
                                                                                       ->  Hash  (cost=2408699.06..2408699.06 rows=446826 width=22)
                                                                                             ->  Append  (cost=0.00..2408699.06 rows=446826 width=22)
                                                                                                   ->  Append-only Columnar Scan on catalog_returns_1_prt_outliers cr  (cost=0.00..1.00 rows=1 width=30)
                                                                                                         Filter: (cr_return_amount > 10000::numeric)
                                                                                                   ->  Append-only Columnar Scan on catalog_returns_1_prt_2 cr_1  (cost=0.00..104.42 rows=19 width=22)
                                                                                                         Filter: (cr_return_amount > 10000::numeric)
                                                                                                   ->  Append-only Columnar Scan on catalog_returns_1_prt_3 cr_2  (cost=0.00..984.68 rows=178 width=22)
                                                                                                         Filter: (cr_return_amount > 10000::numeric)
                                                                                                   ->  Append-only Columnar Scan on catalog_returns_1_prt_4 cr_3  (cost=0.00..2919.39 rows=537 width=22)
                                                                                                         Filter: (cr_return_amount > 10000::numeric)
                                                                                                   ->  Append-only Columnar Scan on catalog_returns_1_prt_5 cr_4  (cost=0.00..5830.48 rows=1095 width=22)
                                                                                                         Filter: (cr_return_amount > 10000::numeric)
                                                                                                   ->  Append-only Columnar Scan on catalog_returns_1_prt_6 cr_5  (cost=0.00..9147.10 rows=1698 width=22)
                                                                                                         Filter: (cr_return_amount > 10000::numeric)
                                                                                                   ->  Append-only Columnar Scan on catalog_returns_1_prt_7 cr_6  (cost=0.00..12487.10 rows=2299 width=22)
                                                                                                         Filter: (cr_return_amount > 10000::numeric)
                                                                                                   ->  Append-only Columnar Scan on catalog_returns_1_prt_8 cr_7  (cost=0.00..15845.66 rows=2969 width=22)
                                                                                                         Filter: (cr_return_amount > 10000::numeric)
                                                                                                   ->  Append-only Columnar Scan on catalog_returns_1_prt_9 cr_8  (cost=0.00..18688.00 rows=3531 width=22)
                                                                                                         Filter: (cr_return_amount > 10000::numeric)
                                                                                                   ->  Append-only Columnar Scan on catalog_returns_1_prt_10 cr_9  (cost=0.00..20868.12 rows=3772 width=22)
                                                                                                         Filter: (cr_return_amount > 10000::numeric)
                                                                                                   ->  Append-only Columnar Scan on catalog_returns_1_prt_11 cr_10  (cost=0.00..23272.38 rows=4264 width=22)
                                                                                                         Filter: (cr_return_amount > 10000::numeric)
                                                                                                   ->  Append-only Columnar Scan on catalog_returns_1_prt_12 cr_11  (cost=0.00..26379.12 rows=4978 width=22)
                                                                                                         Filter: (cr_return_amount > 10000::numeric)
                                                                                                   ->  Append-only Columnar Scan on catalog_returns_1_prt_13 cr_12  (cost=0.00..30663.38 rows=5676 width=22)
                                                                                                         Filter: (cr_return_amount > 10000::numeric)
                                                                                                   ->  Append-only Columnar Scan on catalog_returns_1_prt_14 cr_13  (cost=0.00..36135.38 rows=6771 width=22)
                                                                                                         Filter: (cr_return_amount > 10000::numeric)
                                                                                                   ->  Append-only Columnar Scan on catalog_returns_1_prt_15 cr_14  (cost=0.00..42689.25 rows=7878 width=22)
                                                                                                         Filter: (cr_return_amount > 10000::numeric)
                                                                                                   ->  Append-only Columnar Scan on catalog_returns_1_prt_16 cr_15  (cost=0.00..48254.38 rows=8828 width=22)
                                                                                                         Filter: (cr_return_amount > 10000::numeric)
                                                                                                   ->  Append-only Columnar Scan on catalog_returns_1_prt_17 cr_16  (cost=0.00..50674.12 rows=9393 width=22)
                                                                                                         Filter: (cr_return_amount > 10000::numeric)
                                                                                                   ->  Append-only Columnar Scan on catalog_returns_1_prt_18 cr_17  (cost=0.00..49239.12 rows=9147 width=22)
                                                                                                         Filter: (cr_return_amount > 10000::numeric)
                                                                                                   ->  Append-only Columnar Scan on catalog_returns_1_prt_19 cr_18  (cost=0.00..45263.50 rows=8200 width=22)
                                                                                                         Filter: (cr_return_amount > 10000::numeric)
                                                                                                   ->  Append-only Columnar Scan on catalog_returns_1_prt_20 cr_19  (cost=0.00..40180.00 rows=7471 width=22)
                                                                                                         Filter: (cr_return_amount > 10000::numeric)
                                                                                                   ->  Append-only Columnar Scan on catalog_returns_1_prt_21 cr_20  (cost=0.00..33938.25 rows=6440 width=22)
                                                                                                         Filter: (cr_return_amount > 10000::numeric)
                                                                                                   ->  Append-only Columnar Scan on catalog_returns_1_prt_22 cr_21  (cost=0.00..27662.00 rows=5123 width=22)
                                                                                                         Filter: (cr_return_amount > 10000::numeric)
                                                                                                   ->  Append-only Columnar Scan on catalog_returns_1_prt_23 cr_22  (cost=0.00..23652.75 rows=4297 width=22)
                                                                                                         Filter: (cr_return_amount > 10000::numeric)
                                                                                                   ->  Append-only Columnar Scan on catalog_returns_1_prt_24 cr_23  (cost=0.00..23366.38 rows=4440 width=22)
                                                                                                         Filter: (cr_return_amount > 10000::numeric)
                                                                                                   ->  Append-only Columnar Scan on catalog_returns_1_prt_25 cr_24  (cost=0.00..26213.88 rows=4838 width=22)
                                                                                                         Filter: (cr_return_amount > 10000::numeric)
                                                                                                   ->  Append-only Columnar Scan on catalog_returns_1_prt_26 cr_25  (cost=0.00..30470.75 rows=5568 width=22)
                                                                                                         Filter: (cr_return_amount > 10000::numeric)
                                                                                                   ->  Append-only Columnar Scan on catalog_returns_1_prt_27 cr_26  (cost=0.00..35886.38 rows=6704 width=22)
                                                                                                         Filter: (cr_return_amount > 10000::numeric)
                                                                                                   ->  Append-only Columnar Scan on catalog_returns_1_prt_28 cr_27  (cost=0.00..42389.50 rows=7695 width=22)
                                                                                                         Filter: (cr_return_amount > 10000::numeric)
                                                                                                   ->  Append-only Columnar Scan on catalog_returns_1_prt_29 cr_28  (cost=0.00..48154.62 rows=9056 width=22)
                                                                                                         Filter: (cr_return_amount > 10000::numeric)
                                                                                                   ->  Append-only Columnar Scan on catalog_returns_1_prt_30 cr_29  (cost=0.00..50732.50 rows=9486 width=22)
                                                                                                         Filter: (cr_return_amount > 10000::numeric)
                                                                                                   ->  Append-only Columnar Scan on catalog_returns_1_prt_31 cr_30  (cost=0.00..49393.25 rows=8911 width=22)
                                                                                                         Filter: (cr_return_amount > 10000::numeric)
                                                                                                   ->  Append-only Columnar Scan on catalog_returns_1_prt_32 cr_31  (cost=0.00..45527.62 rows=8328 width=22)
                                                                                                         Filter: (cr_return_amount > 10000::numeric)
                                                                                                   ->  Append-only Columnar Scan on catalog_returns_1_prt_33 cr_32  (cost=0.00..40476.25 rows=7619 width=22)
                                                                                                         Filter: (cr_return_amount > 10000::numeric)
                                                                                                   ->  Append-only Columnar Scan on catalog_returns_1_prt_34 cr_33  (cost=0.00..34304.62 rows=7093 width=22)
                                                                                                         Filter: (cr_return_amount > 10000::numeric)
                                                                                                   ->  Append-only Columnar Scan on catalog_returns_1_prt_35 cr_34  (cost=0.00..27967.75 rows=5059 width=22)
                                                                                                         Filter: (cr_return_amount > 10000::numeric)
                                                                                                   ->  Append-only Columnar Scan on catalog_returns_1_prt_36 cr_35  (cost=0.00..23791.50 rows=4326 width=22)
                                                                                                         Filter: (cr_return_amount > 10000::numeric)
                                                                                                   ->  Append-only Columnar Scan on catalog_returns_1_prt_37 cr_36  (cost=0.00..23404.00 rows=4282 width=22)
                                                                                                         Filter: (cr_return_amount > 10000::numeric)
                                                                                                   ->  Append-only Columnar Scan on catalog_returns_1_prt_38 cr_37  (cost=0.00..26082.88 rows=4878 width=22)
                                                                                                         Filter: (cr_return_amount > 10000::numeric)
                                                                                                   ->  Append-only Columnar Scan on catalog_returns_1_prt_39 cr_38  (cost=0.00..30263.25 rows=5563 width=22)
                                                                                                         Filter: (cr_return_amount > 10000::numeric)
                                                                                                   ->  Append-only Columnar Scan on catalog_returns_1_prt_40 cr_39  (cost=0.00..35673.25 rows=6566 width=22)
                                                                                                         Filter: (cr_return_amount > 10000::numeric)
                                                                                                   ->  Append-only Columnar Scan on catalog_returns_1_prt_41 cr_40  (cost=0.00..42172.88 rows=7755 width=22)
                                                                                                         Filter: (cr_return_amount > 10000::numeric)
                                                                                                   ->  Append-only Columnar Scan on catalog_returns_1_prt_42 cr_41  (cost=0.00..48039.00 rows=8893 width=22)
                                                                                                         Filter: (cr_return_amount > 10000::numeric)
                                                                                                   ->  Append-only Columnar Scan on catalog_returns_1_prt_43 cr_42  (cost=0.00..50780.25 rows=9463 width=22)
                                                                                                         Filter: (cr_return_amount > 10000::numeric)
                                                                                                   ->  Append-only Columnar Scan on catalog_returns_1_prt_44 cr_43  (cost=0.00..49627.50 rows=9429 width=22)
                                                                                                         Filter: (cr_return_amount > 10000::numeric)
                                                                                                   ->  Append-only Columnar Scan on catalog_returns_1_prt_45 cr_44  (cost=0.00..45898.12 rows=8442 width=22)
                                                                                                         Filter: (cr_return_amount > 10000::numeric)
                                                                                                   ->  Append-only Columnar Scan on catalog_returns_1_prt_46 cr_45  (cost=0.00..40896.25 rows=7491 width=22)
                                                                                                         Filter: (cr_return_amount > 10000::numeric)
                                                                                                   ->  Append-only Columnar Scan on catalog_returns_1_prt_47 cr_46  (cost=0.00..34659.75 rows=6393 width=22)
                                                                                                         Filter: (cr_return_amount > 10000::numeric)
                                                                                                   ->  Append-only Columnar Scan on catalog_returns_1_prt_48 cr_47  (cost=0.00..28305.12 rows=5264 width=22)
                                                                                                         Filter: (cr_return_amount > 10000::numeric)
                                                                                                   ->  Append-only Columnar Scan on catalog_returns_1_prt_49 cr_48  (cost=0.00..23876.00 rows=4416 width=22)
                                                                                                         Filter: (cr_return_amount > 10000::numeric)
                                                                                                   ->  Append-only Columnar Scan on catalog_returns_1_prt_50 cr_49  (cost=0.00..23234.00 rows=4356 width=22)
                                                                                                         Filter: (cr_return_amount > 10000::numeric)
                                                                                                   ->  Append-only Columnar Scan on catalog_returns_1_prt_51 cr_50  (cost=0.00..25796.50 rows=4737 width=22)
                                                                                                         Filter: (cr_return_amount > 10000::numeric)
                                                                                                   ->  Append-only Columnar Scan on catalog_returns_1_prt_52 cr_51  (cost=0.00..30009.25 rows=5557 width=22)
                                                                                                         Filter: (cr_return_amount > 10000::numeric)
                                                                                                   ->  Append-only Columnar Scan on catalog_returns_1_prt_53 cr_52  (cost=0.00..35258.00 rows=6537 width=22)
                                                                                                         Filter: (cr_return_amount > 10000::numeric)
                                                                                                   ->  Append-only Columnar Scan on catalog_returns_1_prt_54 cr_53  (cost=0.00..41706.00 rows=7821 width=22)
                                                                                                         Filter: (cr_return_amount > 10000::numeric)
                                                                                                   ->  Append-only Columnar Scan on catalog_returns_1_prt_55 cr_54  (cost=0.00..47642.75 rows=8790 width=22)
                                                                                                         Filter: (cr_return_amount > 10000::numeric)
                                                                                                   ->  Append-only Columnar Scan on catalog_returns_1_prt_56 cr_55  (cost=0.00..50602.12 rows=9270 width=22)
                                                                                                         Filter: (cr_return_amount > 10000::numeric)
                                                                                                   ->  Append-only Columnar Scan on catalog_returns_1_prt_57 cr_56  (cost=0.00..49615.75 rows=8962 width=22)
                                                                                                         Filter: (cr_return_amount > 10000::numeric)
                                                                                                   ->  Append-only Columnar Scan on catalog_returns_1_prt_58 cr_57  (cost=0.00..46009.12 rows=8487 width=22)
                                                                                                         Filter: (cr_return_amount > 10000::numeric)
                                                                                                   ->  Append-only Columnar Scan on catalog_returns_1_prt_59 cr_58  (cost=0.00..41029.88 rows=7582 width=22)
                                                                                                         Filter: (cr_return_amount > 10000::numeric)
                                                                                                   ->  Append-only Columnar Scan on catalog_returns_1_prt_60 cr_59  (cost=0.00..34878.50 rows=6482 width=22)
                                                                                                         Filter: (cr_return_amount > 10000::numeric)
                                                                                                   ->  Append-only Columnar Scan on catalog_returns_1_prt_61 cr_60  (cost=0.00..28462.25 rows=5229 width=22)
                                                                                                         Filter: (cr_return_amount > 10000::numeric)
                                                                                                   ->  Append-only Columnar Scan on catalog_returns_1_prt_62 cr_61  (cost=0.00..23969.62 rows=4419 width=22)
                                                                                                         Filter: (cr_return_amount > 10000::numeric)
                                                                                                   ->  Append-only Columnar Scan on catalog_returns_1_prt_63 cr_62  (cost=0.00..23208.75 rows=4304 width=22)
                                                                                                         Filter: (cr_return_amount > 10000::numeric)
                                                                                                   ->  Append-only Columnar Scan on catalog_returns_1_prt_64 cr_63  (cost=0.00..25709.25 rows=4779 width=22)
                                                                                                         Filter: (cr_return_amount > 10000::numeric)
                                                                                                   ->  Append-only Columnar Scan on catalog_returns_1_prt_65 cr_64  (cost=0.00..29804.62 rows=5605 width=22)
                                                                                                         Filter: (cr_return_amount > 10000::numeric)
                                                                                                   ->  Append-only Columnar Scan on catalog_returns_1_prt_66 cr_65  (cost=0.00..35080.25 rows=6513 width=22)
                                                                                                         Filter: (cr_return_amount > 10000::numeric)
                                                                                                   ->  Append-only Columnar Scan on catalog_returns_1_prt_67 cr_66  (cost=0.00..41469.38 rows=7739 width=22)
                                                                                                         Filter: (cr_return_amount > 10000::numeric)
                                                                                                   ->  Append-only Columnar Scan on catalog_returns_1_prt_68 cr_67  (cost=0.00..47247.75 rows=8904 width=22)
                                                                                                         Filter: (cr_return_amount > 10000::numeric)
                                                                                                   ->  Append-only Columnar Scan on catalog_returns_1_prt_69 cr_68  (cost=0.00..49134.38 rows=9160 width=22)
                                                                                                         Filter: (cr_return_amount > 10000::numeric)
                                                                                                   ->  Append-only Columnar Scan on catalog_returns_1_prt_70 cr_69  (cost=0.00..46075.00 rows=8576 width=22)
                                                                                                         Filter: (cr_return_amount > 10000::numeric)
                                                                                                   ->  Append-only Columnar Scan on catalog_returns_1_prt_71 cr_70  (cost=0.00..39395.00 rows=7492 width=22)
                                                                                                         Filter: (cr_return_amount > 10000::numeric)
                                                                                                   ->  Append-only Columnar Scan on catalog_returns_1_prt_72 cr_71  (cost=0.00..31136.25 rows=5859 width=22)
                                                                                                         Filter: (cr_return_amount > 10000::numeric)
                                                                                                   ->  Append-only Columnar Scan on catalog_returns_1_prt_73 cr_72  (cost=0.00..21642.25 rows=4005 width=22)
                                                                                                         Filter: (cr_return_amount > 10000::numeric)
                                                                                                   ->  Append-only Columnar Scan on catalog_returns_1_prt_74 cr_73  (cost=0.00..11945.68 rows=2187 width=22)
                                                                                                         Filter: (cr_return_amount > 10000::numeric)
                                                                                                   ->  Append-only Columnar Scan on catalog_returns_1_prt_75 cr_74  (cost=0.00..4573.84 rows=842 width=22)
                                                                                                         Filter: (cr_return_amount > 10000::numeric)
                                                                                                   ->  Append-only Columnar Scan on catalog_returns_1_prt_76 cr_75  (cost=0.00..787.11 rows=144 width=22)
                                                                                                         Filter: (cr_return_amount > 10000::numeric)
                                                                                                   ->  Append-only Columnar Scan on catalog_returns_1_prt_77 cr_76  (cost=0.00..39.99 rows=3 width=22)
                                                                                                         Filter: (cr_return_amount > 10000::numeric)
                                                                                                   ->  Append-only Columnar Scan on catalog_returns_1_prt_78 cr_77  (cost=0.00..1.00 rows=1 width=30)
                                                                                                         Filter: (cr_return_amount > 10000::numeric)
                                                                                                   ->  Append-only Columnar Scan on catalog_returns_1_prt_79 cr_78  (cost=0.00..1.00 rows=1 width=30)
                                                                                                         Filter: (cr_return_amount > 10000::numeric)
                                                                                                   ->  Append-only Columnar Scan on catalog_returns_1_prt_80 cr_79  (cost=0.00..1.00 rows=1 width=30)
                                                                                                         Filter: (cr_return_amount > 10000::numeric)
                     ->  Subquery Scan on store  (cost=70294043.76..70294044.08 rows=6 width=52)
                           Filter: ((store.return_rank <= 10) OR (store.currency_rank <= 10))
                           ->  WindowAgg  (cost=70294043.76..70294043.93 rows=10 width=68)
                                 Order By: in_store.return_ratio
                                 ->  Sort  (cost=70294043.76..70294043.78 rows=10 width=68)
                                       Sort Key: in_store.return_ratio
                                       ->  WindowAgg  (cost=70294043.42..70294043.59 rows=10 width=68)
                                             Order By: in_store.currency_ratio
                                             ->  Gather Motion 3:1  (slice10; segments: 3)  (cost=70294043.42..70294043.44 rows=10 width=68)
                                                   Merge Key: in_store.currency_ratio
                                                   ->  Sort  (cost=70294043.42..70294043.44 rows=4 width=68)
                                                         Sort Key: in_store.currency_ratio
                                                         ->  Subquery Scan on in_store  (cost=70294042.80..70294043.25 rows=4 width=68)
                                                               ->  HashAggregate  (cost=70294042.80..70294043.15 rows=4 width=68)
                                                                     Group Key: sts.ss_item_sk
                                                                     ->  Redistribute Motion 3:3  (slice9; segments: 3)  (cost=70294042.38..70294042.58 rows=4 width=84)
                                                                           Hash Key: sts.ss_item_sk
                                                                           ->  HashAggregate  (cost=70294042.38..70294042.38 rows=4 width=84)
                                                                                 Group Key: sts.ss_item_sk
                                                                                 ->  Hash Join  (cost=4580165.09..70294042.25 rows=4 width=24)
                                                                                       Hash Cond: ((sts.ss_ticket_number = sr.sr_ticket_number) AND (sts.ss_item_sk = sr.sr_item_sk))
                                                                                       ->  Hash Join  (cost=1460.00..65423281.56 rows=333787 width=22)
                                                                                             Hash Cond: (sts.ss_sold_date_sk = date_dim_2.d_date_sk)
                                                                                             ->  Append  (cost=0.00..61124549.68 rows=228653777 width=26)
                                                                                                   ->  Result  (cost=0.00..2540622.50 rows=3130102 width=26)
                                                                                                         One-Time Filter: PartSelected
                                                                                                         ->  Append-only Columnar Scan on store_sales_1_prt_outliers sts  (cost=0.00..2540622.50 rows=3130102 width=26)
                                                                                                               Filter: ((ss_net_profit > 1::numeric) AND (ss_net_paid > 0::numeric) AND (ss_quantity > 0))
                                                                                                   ->  Result  (cost=0.00..500998.00 rows=1915797 width=26)
                                                                                                         One-Time Filter: PartSelected
                                                                                                         ->  Append-only Columnar Scan on store_sales_1_prt_2 sts_1  (cost=0.00..500998.00 rows=1915797 width=26)
                                                                                                               Filter: ((ss_net_profit > 1::numeric) AND (ss_net_paid > 0::numeric) AND (ss_quantity > 0))
                                                                                                   ->  Result  (cost=0.00..518929.00 rows=2014901 width=26)
                                                                                                         One-Time Filter: PartSelected
                                                                                                         ->  Append-only Columnar Scan on store_sales_1_prt_3 sts_2  (cost=0.00..518929.00 rows=2014901 width=26)
                                                                                                               Filter: ((ss_net_profit > 1::numeric) AND (ss_net_paid > 0::numeric) AND (ss_quantity > 0))
                                                                                                   ->  Result  (cost=0.00..500668.75 rows=1910587 width=26)
                                                                                                         One-Time Filter: PartSelected
                                                                                                         ->  Append-only Columnar Scan on store_sales_1_prt_4 sts_3  (cost=0.00..500668.75 rows=1910587 width=26)
                                                                                                               Filter: ((ss_net_profit > 1::numeric) AND (ss_net_paid > 0::numeric) AND (ss_quantity > 0))
                                                                                                   ->  Result  (cost=0.00..519187.50 rows=1998648 width=26)
                                                                                                         One-Time Filter: PartSelected
                                                                                                         ->  Append-only Columnar Scan on store_sales_1_prt_5 sts_4  (cost=0.00..519187.50 rows=1998648 width=26)
                                                                                                               Filter: ((ss_net_profit > 1::numeric) AND (ss_net_paid > 0::numeric) AND (ss_quantity > 0))
                                                                                                   ->  Result  (cost=0.00..519247.50 rows=2018861 width=26)
                                                                                                         One-Time Filter: PartSelected
                                                                                                         ->  Append-only Columnar Scan on store_sales_1_prt_6 sts_5  (cost=0.00..519247.50 rows=2018861 width=26)
                                                                                                               Filter: ((ss_net_profit > 1::numeric) AND (ss_net_paid > 0::numeric) AND (ss_quantity > 0))
                                                                                                   ->  Result  (cost=0.00..519300.75 rows=2002228 width=26)
                                                                                                         One-Time Filter: PartSelected
                                                                                                         ->  Append-only Columnar Scan on store_sales_1_prt_7 sts_6  (cost=0.00..519300.75 rows=2002228 width=26)
                                                                                                               Filter: ((ss_net_profit > 1::numeric) AND (ss_net_paid > 0::numeric) AND (ss_quantity > 0))
                                                                                                   ->  Result  (cost=0.00..518689.75 rows=1990773 width=26)
                                                                                                         One-Time Filter: PartSelected
                                                                                                         ->  Append-only Columnar Scan on store_sales_1_prt_8 sts_7  (cost=0.00..518689.75 rows=1990773 width=26)
                                                                                                               Filter: ((ss_net_profit > 1::numeric) AND (ss_net_paid > 0::numeric) AND (ss_quantity > 0))
                                                                                                   ->  Result  (cost=0.00..755896.50 rows=2891792 width=26)
                                                                                                         One-Time Filter: PartSelected
                                                                                                         ->  Append-only Columnar Scan on store_sales_1_prt_9 sts_8  (cost=0.00..755896.50 rows=2891792 width=26)
                                                                                                               Filter: ((ss_net_profit > 1::numeric) AND (ss_net_paid > 0::numeric) AND (ss_quantity > 0))
                                                                                                   ->  Result  (cost=0.00..1181488.50 rows=4535115 width=26)
                                                                                                         One-Time Filter: PartSelected
                                                                                                         ->  Append-only Columnar Scan on store_sales_1_prt_10 sts_9  (cost=0.00..1181488.50 rows=4535115 width=26)
                                                                                                               Filter: ((ss_net_profit > 1::numeric) AND (ss_net_paid > 0::numeric) AND (ss_quantity > 0))
                                                                                                   ->  Result  (cost=0.00..1182728.25 rows=4567938 width=26)
                                                                                                         One-Time Filter: PartSelected
                                                                                                         ->  Append-only Columnar Scan on store_sales_1_prt_11 sts_10  (cost=0.00..1182728.25 rows=4567938 width=26)
                                                                                                               Filter: ((ss_net_profit > 1::numeric) AND (ss_net_paid > 0::numeric) AND (ss_quantity > 0))
                                                                                                   ->  Result  (cost=0.00..1225465.25 rows=4720319 width=26)
                                                                                                         One-Time Filter: PartSelected
                                                                                                         ->  Append-only Columnar Scan on store_sales_1_prt_12 sts_11  (cost=0.00..1225465.25 rows=4720319 width=26)
                                                                                                               Filter: ((ss_net_profit > 1::numeric) AND (ss_net_paid > 0::numeric) AND (ss_quantity > 0))
                                                                                                   ->  Result  (cost=0.00..1790148.50 rows=6821431 width=26)
                                                                                                         One-Time Filter: PartSelected
                                                                                                         ->  Append-only Columnar Scan on store_sales_1_prt_13 sts_12  (cost=0.00..1790148.50 rows=6821431 width=26)
                                                                                                               Filter: ((ss_net_profit > 1::numeric) AND (ss_net_paid > 0::numeric) AND (ss_quantity > 0))
                                                                                                   ->  Result  (cost=0.00..1791593.00 rows=6930762 width=26)
                                                                                                         One-Time Filter: PartSelected
                                                                                                         ->  Append-only Columnar Scan on store_sales_1_prt_14 sts_13  (cost=0.00..1791593.00 rows=6930762 width=26)
                                                                                                               Filter: ((ss_net_profit > 1::numeric) AND (ss_net_paid > 0::numeric) AND (ss_quantity > 0))
                                                                                                   ->  Result  (cost=0.00..674048.25 rows=2579689 width=26)
                                                                                                         One-Time Filter: PartSelected
                                                                                                         ->  Append-only Columnar Scan on store_sales_1_prt_15 sts_14  (cost=0.00..674048.25 rows=2579689 width=26)
                                                                                                               Filter: ((ss_net_profit > 1::numeric) AND (ss_net_paid > 0::numeric) AND (ss_quantity > 0))
                                                                                                   ->  Result  (cost=0.00..519337.50 rows=1984215 width=26)
                                                                                                         One-Time Filter: PartSelected
                                                                                                         ->  Append-only Columnar Scan on store_sales_1_prt_16 sts_15  (cost=0.00..519337.50 rows=1984215 width=26)
                                                                                                               Filter: ((ss_net_profit > 1::numeric) AND (ss_net_paid > 0::numeric) AND (ss_quantity > 0))
                                                                                                   ->  Result  (cost=0.00..501169.75 rows=1910106 width=26)
                                                                                                         One-Time Filter: PartSelected
                                                                                                         ->  Append-only Columnar Scan on store_sales_1_prt_17 sts_16  (cost=0.00..501169.75 rows=1910106 width=26)
                                                                                                               Filter: ((ss_net_profit > 1::numeric) AND (ss_net_paid > 0::numeric) AND (ss_quantity > 0))
                                                                                                   ->  Result  (cost=0.00..519509.00 rows=1992932 width=26)
                                                                                                         One-Time Filter: PartSelected
                                                                                                         ->  Append-only Columnar Scan on store_sales_1_prt_18 sts_17  (cost=0.00..519509.00 rows=1992932 width=26)
                                                                                                               Filter: ((ss_net_profit > 1::numeric) AND (ss_net_paid > 0::numeric) AND (ss_quantity > 0))
                                                                                                   ->  Result  (cost=0.00..518838.75 rows=1992861 width=26)
                                                                                                         One-Time Filter: PartSelected
                                                                                                         ->  Append-only Columnar Scan on store_sales_1_prt_19 sts_18  (cost=0.00..518838.75 rows=1992861 width=26)
                                                                                                               Filter: ((ss_net_profit > 1::numeric) AND (ss_net_paid > 0::numeric) AND (ss_quantity > 0))
                                                                                                   ->  Result  (cost=0.00..519736.75 rows=1986103 width=26)
                                                                                                         One-Time Filter: PartSelected
                                                                                                         ->  Append-only Columnar Scan on store_sales_1_prt_20 sts_19  (cost=0.00..519736.75 rows=1986103 width=26)
                                                                                                               Filter: ((ss_net_profit > 1::numeric) AND (ss_net_paid > 0::numeric) AND (ss_quantity > 0))
                                                                                                   ->  Result  (cost=0.00..518894.50 rows=1992726 width=26)
                                                                                                         One-Time Filter: PartSelected
                                                                                                         ->  Append-only Columnar Scan on store_sales_1_prt_21 sts_20  (cost=0.00..518894.50 rows=1992726 width=26)
                                                                                                               Filter: ((ss_net_profit > 1::numeric) AND (ss_net_paid > 0::numeric) AND (ss_quantity > 0))
                                                                                                   ->  Result  (cost=0.00..732118.75 rows=2821385 width=26)
                                                                                                         One-Time Filter: PartSelected
                                                                                                         ->  Append-only Columnar Scan on store_sales_1_prt_22 sts_21  (cost=0.00..732118.75 rows=2821385 width=26)
                                                                                                               Filter: ((ss_net_profit > 1::numeric) AND (ss_net_paid > 0::numeric) AND (ss_quantity > 0))
                                                                                                   ->  Result  (cost=0.00..1182429.25 rows=4560032 width=26)
                                                                                                         One-Time Filter: PartSelected
                                                                                                         ->  Append-only Columnar Scan on store_sales_1_prt_23 sts_22  (cost=0.00..1182429.25 rows=4560032 width=26)
                                                                                                               Filter: ((ss_net_profit > 1::numeric) AND (ss_net_paid > 0::numeric) AND (ss_quantity > 0))
                                                                                                   ->  Result  (cost=0.00..1181961.25 rows=4533068 width=26)
                                                                                                         One-Time Filter: PartSelected
                                                                                                         ->  Append-only Columnar Scan on store_sales_1_prt_24 sts_23  (cost=0.00..1181961.25 rows=4533068 width=26)
                                                                                                               Filter: ((ss_net_profit > 1::numeric) AND (ss_net_paid > 0::numeric) AND (ss_quantity > 0))
                                                                                                   ->  Result  (cost=0.00..1203046.75 rows=4607066 width=26)
                                                                                                         One-Time Filter: PartSelected
                                                                                                         ->  Append-only Columnar Scan on store_sales_1_prt_25 sts_24  (cost=0.00..1203046.75 rows=4607066 width=26)
                                                                                                               Filter: ((ss_net_profit > 1::numeric) AND (ss_net_paid > 0::numeric) AND (ss_quantity > 0))
                                                                                                   ->  Result  (cost=0.00..1791720.00 rows=6802910 width=26)
                                                                                                         One-Time Filter: PartSelected
                                                                                                         ->  Append-only Columnar Scan on store_sales_1_prt_26 sts_25  (cost=0.00..1791720.00 rows=6802910 width=26)
                                                                                                               Filter: ((ss_net_profit > 1::numeric) AND (ss_net_paid > 0::numeric) AND (ss_quantity > 0))
                                                                                                   ->  Result  (cost=0.00..1790571.50 rows=6970790 width=26)
                                                                                                         One-Time Filter: PartSelected
                                                                                                         ->  Append-only Columnar Scan on store_sales_1_prt_27 sts_26  (cost=0.00..1790571.50 rows=6970790 width=26)
                                                                                                               Filter: ((ss_net_profit > 1::numeric) AND (ss_net_paid > 0::numeric) AND (ss_quantity > 0))
                                                                                                   ->  Result  (cost=0.00..719088.50 rows=2748715 width=26)
                                                                                                         One-Time Filter: PartSelected
                                                                                                         ->  Append-only Columnar Scan on store_sales_1_prt_28 sts_27  (cost=0.00..719088.50 rows=2748715 width=26)
                                                                                                               Filter: ((ss_net_profit > 1::numeric) AND (ss_net_paid > 0::numeric) AND (ss_quantity > 0))
                                                                                                   ->  Result  (cost=0.00..518470.00 rows=1981969 width=26)
                                                                                                         One-Time Filter: PartSelected
                                                                                                         ->  Append-only Columnar Scan on store_sales_1_prt_29 sts_28  (cost=0.00..518470.00 rows=1981969 width=26)
                                                                                                               Filter: ((ss_net_profit > 1::numeric) AND (ss_net_paid > 0::numeric) AND (ss_quantity > 0))
                                                                                                   ->  Result  (cost=0.00..518889.75 rows=1999253 width=26)
                                                                                                         One-Time Filter: PartSelected
                                                                                                         ->  Append-only Columnar Scan on store_sales_1_prt_30 sts_29  (cost=0.00..518889.75 rows=1999253 width=26)
                                                                                                               Filter: ((ss_net_profit > 1::numeric) AND (ss_net_paid > 0::numeric) AND (ss_quantity > 0))
                                                                                                   ->  Result  (cost=0.00..518622.50 rows=2009185 width=26)
                                                                                                         One-Time Filter: PartSelected
                                                                                                         ->  Append-only Columnar Scan on store_sales_1_prt_31 sts_30  (cost=0.00..518622.50 rows=2009185 width=26)
                                                                                                               Filter: ((ss_net_profit > 1::numeric) AND (ss_net_paid > 0::numeric) AND (ss_quantity > 0))
                                                                                                   ->  Result  (cost=0.00..518475.50 rows=2010052 width=26)
                                                                                                         One-Time Filter: PartSelected
                                                                                                         ->  Append-only Columnar Scan on store_sales_1_prt_32 sts_31  (cost=0.00..518475.50 rows=2010052 width=26)
                                                                                                               Filter: ((ss_net_profit > 1::numeric) AND (ss_net_paid > 0::numeric) AND (ss_quantity > 0))
                                                                                                   ->  Result  (cost=0.00..518709.00 rows=2000388 width=26)
                                                                                                         One-Time Filter: PartSelected
                                                                                                         ->  Append-only Columnar Scan on store_sales_1_prt_33 sts_32  (cost=0.00..518709.00 rows=2000388 width=26)
                                                                                                               Filter: ((ss_net_profit > 1::numeric) AND (ss_net_paid > 0::numeric) AND (ss_quantity > 0))
                                                                                                   ->  Result  (cost=0.00..517787.25 rows=1974929 width=26)
                                                                                                         One-Time Filter: PartSelected
                                                                                                         ->  Append-only Columnar Scan on store_sales_1_prt_34 sts_33  (cost=0.00..517787.25 rows=1974929 width=26)
                                                                                                               Filter: ((ss_net_profit > 1::numeric) AND (ss_net_paid > 0::numeric) AND (ss_quantity > 0))
                                                                                                   ->  Result  (cost=0.00..706882.25 rows=2699402 width=26)
                                                                                                         One-Time Filter: PartSelected
                                                                                                         ->  Append-only Columnar Scan on store_sales_1_prt_35 sts_34  (cost=0.00..706882.25 rows=2699402 width=26)
                                                                                                               Filter: ((ss_net_profit > 1::numeric) AND (ss_net_paid > 0::numeric) AND (ss_quantity > 0))
                                                                                                   ->  Result  (cost=0.00..1180263.00 rows=4514307 width=26)
                                                                                                         One-Time Filter: PartSelected
                                                                                                         ->  Append-only Columnar Scan on store_sales_1_prt_36 sts_35  (cost=0.00..1180263.00 rows=4514307 width=26)
                                                                                                               Filter: ((ss_net_profit > 1::numeric) AND (ss_net_paid > 0::numeric) AND (ss_quantity > 0))
                                                                                                   ->  Result  (cost=0.00..1179260.75 rows=4521387 width=26)
                                                                                                         One-Time Filter: PartSelected
                                                                                                         ->  Append-only Columnar Scan on store_sales_1_prt_37 sts_36  (cost=0.00..1179260.75 rows=4521387 width=26)
                                                                                                               Filter: ((ss_net_profit > 1::numeric) AND (ss_net_paid > 0::numeric) AND (ss_quantity > 0))
                                                                                                   ->  Result  (cost=0.00..1179960.75 rows=4497496 width=26)
                                                                                                         One-Time Filter: PartSelected
                                                                                                         ->  Append-only Columnar Scan on store_sales_1_prt_38 sts_37  (cost=0.00..1179960.75 rows=4497496 width=26)
                                                                                                               Filter: ((ss_net_profit > 1::numeric) AND (ss_net_paid > 0::numeric) AND (ss_quantity > 0))
                                                                                                   ->  Result  (cost=0.00..1787648.32 rows=6923632 width=26)
                                                                                                         One-Time Filter: PartSelected
                                                                                                         ->  Append-only Columnar Scan on store_sales_1_prt_39 sts_38  (cost=0.00..1787648.32 rows=6923632 width=26)
                                                                                                               Filter: ((ss_net_profit > 1::numeric) AND (ss_net_paid > 0::numeric) AND (ss_quantity > 0))
                                                                                                   ->  Result  (cost=0.00..1787658.32 rows=6798658 width=26)
                                                                                                         One-Time Filter: PartSelected
                                                                                                         ->  Append-only Columnar Scan on store_sales_1_prt_40 sts_39  (cost=0.00..1787658.32 rows=6798658 width=26)
                                                                                                               Filter: ((ss_net_profit > 1::numeric) AND (ss_net_paid > 0::numeric) AND (ss_quantity > 0))
                                                                                                   ->  Result  (cost=0.00..745708.50 rows=2868918 width=26)
                                                                                                         One-Time Filter: PartSelected
                                                                                                         ->  Append-only Columnar Scan on store_sales_1_prt_41 sts_40  (cost=0.00..745708.50 rows=2868918 width=26)
                                                                                                               Filter: ((ss_net_profit > 1::numeric) AND (ss_net_paid > 0::numeric) AND (ss_quantity > 0))
                                                                                                   ->  Result  (cost=0.00..519463.75 rows=1982071 width=26)
                                                                                                         One-Time Filter: PartSelected
                                                                                                         ->  Append-only Columnar Scan on store_sales_1_prt_42 sts_41  (cost=0.00..519463.75 rows=1982071 width=26)
                                                                                                               Filter: ((ss_net_profit > 1::numeric) AND (ss_net_paid > 0::numeric) AND (ss_quantity > 0))
                                                                                                   ->  Result  (cost=0.00..501010.25 rows=1934658 width=26)
                                                                                                         One-Time Filter: PartSelected
                                                                                                         ->  Append-only Columnar Scan on store_sales_1_prt_43 sts_42  (cost=0.00..501010.25 rows=1934658 width=26)
                                                                                                               Filter: ((ss_net_profit > 1::numeric) AND (ss_net_paid > 0::numeric) AND (ss_quantity > 0))
                                                                                                   ->  Result  (cost=0.00..518921.75 rows=1970707 width=26)
                                                                                                         One-Time Filter: PartSelected
                                                                                                         ->  Append-only Columnar Scan on store_sales_1_prt_44 sts_43  (cost=0.00..518921.75 rows=1970707 width=26)
                                                                                                               Filter: ((ss_net_profit > 1::numeric) AND (ss_net_paid > 0::numeric) AND (ss_quantity > 0))
                                                                                                   ->  Result  (cost=0.00..519086.50 rows=2014532 width=26)
                                                                                                         One-Time Filter: PartSelected
                                                                                                         ->  Append-only Columnar Scan on store_sales_1_prt_45 sts_44  (cost=0.00..519086.50 rows=2014532 width=26)
                                                                                                               Filter: ((ss_net_profit > 1::numeric) AND (ss_net_paid > 0::numeric) AND (ss_quantity > 0))
                                                                                                   ->  Result  (cost=0.00..519562.50 rows=2020928 width=26)
                                                                                                         One-Time Filter: PartSelected
                                                                                                         ->  Append-only Columnar Scan on store_sales_1_prt_46 sts_45  (cost=0.00..519562.50 rows=2020928 width=26)
                                                                                                               Filter: ((ss_net_profit > 1::numeric) AND (ss_net_paid > 0::numeric) AND (ss_quantity > 0))
                                                                                                   ->  Result  (cost=0.00..518457.50 rows=2005267 width=26)
                                                                                                         One-Time Filter: PartSelected
                                                                                                         ->  Append-only Columnar Scan on store_sales_1_prt_47 sts_46  (cost=0.00..518457.50 rows=2005267 width=26)
                                                                                                               Filter: ((ss_net_profit > 1::numeric) AND (ss_net_paid > 0::numeric) AND (ss_quantity > 0))
                                                                                                   ->  Result  (cost=0.00..661617.50 rows=2547389 width=26)
                                                                                                         One-Time Filter: PartSelected
                                                                                                         ->  Append-only Columnar Scan on store_sales_1_prt_48 sts_47  (cost=0.00..661617.50 rows=2547389 width=26)
                                                                                                               Filter: ((ss_net_profit > 1::numeric) AND (ss_net_paid > 0::numeric) AND (ss_quantity > 0))
                                                                                                   ->  Result  (cost=0.00..1183164.00 rows=4570007 width=26)
                                                                                                         One-Time Filter: PartSelected
                                                                                                         ->  Append-only Columnar Scan on store_sales_1_prt_49 sts_48  (cost=0.00..1183164.00 rows=4570007 width=26)
                                                                                                               Filter: ((ss_net_profit > 1::numeric) AND (ss_net_paid > 0::numeric) AND (ss_quantity > 0))
                                                                                                   ->  Result  (cost=0.00..1182557.25 rows=4580129 width=26)
                                                                                                         One-Time Filter: PartSelected
                                                                                                         ->  Append-only Columnar Scan on store_sales_1_prt_50 sts_49  (cost=0.00..1182557.25 rows=4580129 width=26)
                                                                                                               Filter: ((ss_net_profit > 1::numeric) AND (ss_net_paid > 0::numeric) AND (ss_quantity > 0))
                                                                                                   ->  Result  (cost=0.00..1182601.25 rows=4480976 width=26)
                                                                                                         One-Time Filter: PartSelected
                                                                                                         ->  Append-only Columnar Scan on store_sales_1_prt_51 sts_50  (cost=0.00..1182601.25 rows=4480976 width=26)
                                                                                                               Filter: ((ss_net_profit > 1::numeric) AND (ss_net_paid > 0::numeric) AND (ss_quantity > 0))
                                                                                                   ->  Result  (cost=0.00..1745575.00 rows=6723838 width=26)
                                                                                                         One-Time Filter: PartSelected
                                                                                                         ->  Append-only Columnar Scan on store_sales_1_prt_52 sts_51  (cost=0.00..1745575.00 rows=6723838 width=26)
                                                                                                               Filter: ((ss_net_profit > 1::numeric) AND (ss_net_paid > 0::numeric) AND (ss_quantity > 0))
                                                                                                   ->  Result  (cost=0.00..1791415.68 rows=7023650 width=26)
                                                                                                         One-Time Filter: PartSelected
                                                                                                         ->  Append-only Columnar Scan on store_sales_1_prt_53 sts_52  (cost=0.00..1791415.68 rows=7023650 width=26)
                                                                                                               Filter: ((ss_net_profit > 1::numeric) AND (ss_net_paid > 0::numeric) AND (ss_quantity > 0))
                                                                                                   ->  Result  (cost=0.00..856972.50 rows=3222109 width=26)
                                                                                                         One-Time Filter: PartSelected
                                                                                                         ->  Append-only Columnar Scan on store_sales_1_prt_54 sts_53  (cost=0.00..856972.50 rows=3222109 width=26)
                                                                                                               Filter: ((ss_net_profit > 1::numeric) AND (ss_net_paid > 0::numeric) AND (ss_quantity > 0))
                                                                                                   ->  Result  (cost=0.00..519809.75 rows=2002925 width=26)
                                                                                                         One-Time Filter: PartSelected
                                                                                                         ->  Append-only Columnar Scan on store_sales_1_prt_55 sts_54  (cost=0.00..519809.75 rows=2002925 width=26)
                                                                                                               Filter: ((ss_net_profit > 1::numeric) AND (ss_net_paid > 0::numeric) AND (ss_quantity > 0))
                                                                                                   ->  Result  (cost=0.00..500780.50 rows=1949930 width=26)
                                                                                                         One-Time Filter: PartSelected
                                                                                                         ->  Append-only Columnar Scan on store_sales_1_prt_56 sts_55  (cost=0.00..500780.50 rows=1949930 width=26)
                                                                                                               Filter: ((ss_net_profit > 1::numeric) AND (ss_net_paid > 0::numeric) AND (ss_quantity > 0))
                                                                                                   ->  Result  (cost=0.00..519445.50 rows=2031089 width=26)
                                                                                                         One-Time Filter: PartSelected
                                                                                                         ->  Append-only Columnar Scan on store_sales_1_prt_57 sts_56  (cost=0.00..519445.50 rows=2031089 width=26)
                                                                                                               Filter: ((ss_net_profit > 1::numeric) AND (ss_net_paid > 0::numeric) AND (ss_quantity > 0))
                                                                                                   ->  Result  (cost=0.00..518922.00 rows=1989707 width=26)
                                                                                                         One-Time Filter: PartSelected
                                                                                                         ->  Append-only Columnar Scan on store_sales_1_prt_58 sts_57  (cost=0.00..518922.00 rows=1989707 width=26)
                                                                                                               Filter: ((ss_net_profit > 1::numeric) AND (ss_net_paid > 0::numeric) AND (ss_quantity > 0))
                                                                                                   ->  Result  (cost=0.00..519492.50 rows=1995366 width=26)
                                                                                                         One-Time Filter: PartSelected
                                                                                                         ->  Append-only Columnar Scan on store_sales_1_prt_59 sts_58  (cost=0.00..519492.50 rows=1995366 width=26)
                                                                                                               Filter: ((ss_net_profit > 1::numeric) AND (ss_net_paid > 0::numeric) AND (ss_quantity > 0))
                                                                                                   ->  Result  (cost=0.00..519327.00 rows=2001053 width=26)
                                                                                                         One-Time Filter: PartSelected
                                                                                                         ->  Append-only Columnar Scan on store_sales_1_prt_60 sts_59  (cost=0.00..519327.00 rows=2001053 width=26)
                                                                                                               Filter: ((ss_net_profit > 1::numeric) AND (ss_net_paid > 0::numeric) AND (ss_quantity > 0))
                                                                                                   ->  Result  (cost=0.00..637440.00 rows=2443272 width=26)
                                                                                                         One-Time Filter: PartSelected
                                                                                                         ->  Append-only Columnar Scan on store_sales_1_prt_61 sts_60  (cost=0.00..637440.00 rows=2443272 width=26)
                                                                                                               Filter: ((ss_net_profit > 1::numeric) AND (ss_net_paid > 0::numeric) AND (ss_quantity > 0))
                                                                                                   ->  Result  (cost=0.00..1181851.75 rows=4587022 width=26)
                                                                                                         One-Time Filter: PartSelected
                                                                                                         ->  Append-only Columnar Scan on store_sales_1_prt_62 sts_61  (cost=0.00..1181851.75 rows=4587022 width=26)
                                                                                                               Filter: ((ss_net_profit > 1::numeric) AND (ss_net_paid > 0::numeric) AND (ss_quantity > 0))
                                                                                                   ->  Result  (cost=0.00..1182572.25 rows=4552801 width=26)
                                                                                                         One-Time Filter: PartSelected
                                                                                                         ->  Append-only Columnar Scan on store_sales_1_prt_63 sts_62  (cost=0.00..1182572.25 rows=4552801 width=26)
                                                                                                               Filter: ((ss_net_profit > 1::numeric) AND (ss_net_paid > 0::numeric) AND (ss_quantity > 0))
                                                                                                   ->  Result  (cost=0.00..1182523.25 rows=4607174 width=26)
                                                                                                         One-Time Filter: PartSelected
                                                                                                         ->  Append-only Columnar Scan on store_sales_1_prt_64 sts_63  (cost=0.00..1182523.25 rows=4607174 width=26)
                                                                                                               Filter: ((ss_net_profit > 1::numeric) AND (ss_net_paid > 0::numeric) AND (ss_quantity > 0))
                                                                                                   ->  Result  (cost=0.00..1724935.68 rows=6685034 width=26)
                                                                                                         One-Time Filter: PartSelected
                                                                                                         ->  Append-only Columnar Scan on store_sales_1_prt_65 sts_64  (cost=0.00..1724935.68 rows=6685034 width=26)
                                                                                                               Filter: ((ss_net_profit > 1::numeric) AND (ss_net_paid > 0::numeric) AND (ss_quantity > 0))
                                                                                                   ->  Result  (cost=0.00..1789883.68 rows=7055676 width=26)
                                                                                                         One-Time Filter: PartSelected
                                                                                                         ->  Append-only Columnar Scan on store_sales_1_prt_66 sts_65  (cost=0.00..1789883.68 rows=7055676 width=26)
                                                                                                               Filter: ((ss_net_profit > 1::numeric) AND (ss_net_paid > 0::numeric) AND (ss_quantity > 0))
                                                                                                   ->  Result  (cost=0.00..511377.25 rows=1945070 width=26)
                                                                                                         One-Time Filter: PartSelected
                                                                                                         ->  Append-only Columnar Scan on store_sales_1_prt_67 sts_66  (cost=0.00..511377.25 rows=1945070 width=26)
                                                                                                               Filter: ((ss_net_profit > 1::numeric) AND (ss_net_paid > 0::numeric) AND (ss_quantity > 0))
                                                                                                   ->  Result  (cost=0.00..1.00 rows=1 width=34)
                                                                                                         One-Time Filter: PartSelected
                                                                                                         ->  Append-only Columnar Scan on store_sales_1_prt_68 sts_67  (cost=0.00..1.00 rows=1 width=34)
                                                                                                               Filter: ((ss_net_profit > 1::numeric) AND (ss_net_paid > 0::numeric) AND (ss_quantity > 0))
                                                                                                   ->  Result  (cost=0.00..1.00 rows=1 width=34)
                                                                                                         One-Time Filter: PartSelected
                                                                                                         ->  Append-only Columnar Scan on store_sales_1_prt_69 sts_68  (cost=0.00..1.00 rows=1 width=34)
                                                                                                               Filter: ((ss_net_profit > 1::numeric) AND (ss_net_paid > 0::numeric) AND (ss_quantity > 0))
                                                                                                   ->  Result  (cost=0.00..1.00 rows=1 width=34)
                                                                                                         One-Time Filter: PartSelected
                                                                                                         ->  Append-only Columnar Scan on store_sales_1_prt_70 sts_69  (cost=0.00..1.00 rows=1 width=34)
                                                                                                               Filter: ((ss_net_profit > 1::numeric) AND (ss_net_paid > 0::numeric) AND (ss_quantity > 0))
                                                                                                   ->  Result  (cost=0.00..1.00 rows=1 width=34)
                                                                                                         One-Time Filter: PartSelected
                                                                                                         ->  Append-only Columnar Scan on store_sales_1_prt_71 sts_70  (cost=0.00..1.00 rows=1 width=34)
                                                                                                               Filter: ((ss_net_profit > 1::numeric) AND (ss_net_paid > 0::numeric) AND (ss_quantity > 0))
                                                                                                   ->  Result  (cost=0.00..1.00 rows=1 width=34)
                                                                                                         One-Time Filter: PartSelected
                                                                                                         ->  Append-only Columnar Scan on store_sales_1_prt_72 sts_71  (cost=0.00..1.00 rows=1 width=34)
                                                                                                               Filter: ((ss_net_profit > 1::numeric) AND (ss_net_paid > 0::numeric) AND (ss_quantity > 0))
                                                                                                   ->  Result  (cost=0.00..1.00 rows=1 width=34)
                                                                                                         One-Time Filter: PartSelected
                                                                                                         ->  Append-only Columnar Scan on store_sales_1_prt_73 sts_72  (cost=0.00..1.00 rows=1 width=34)
                                                                                                               Filter: ((ss_net_profit > 1::numeric) AND (ss_net_paid > 0::numeric) AND (ss_quantity > 0))
                                                                                                   ->  Result  (cost=0.00..1.00 rows=1 width=34)
                                                                                                         One-Time Filter: PartSelected
                                                                                                         ->  Append-only Columnar Scan on store_sales_1_prt_74 sts_73  (cost=0.00..1.00 rows=1 width=34)
                                                                                                               Filter: ((ss_net_profit > 1::numeric) AND (ss_net_paid > 0::numeric) AND (ss_quantity > 0))
                                                                                                   ->  Result  (cost=0.00..1.00 rows=1 width=34)
                                                                                                         One-Time Filter: PartSelected
                                                                                                         ->  Append-only Columnar Scan on store_sales_1_prt_75 sts_74  (cost=0.00..1.00 rows=1 width=34)
                                                                                                               Filter: ((ss_net_profit > 1::numeric) AND (ss_net_paid > 0::numeric) AND (ss_quantity > 0))
                                                                                                   ->  Result  (cost=0.00..1.00 rows=1 width=34)
                                                                                                         One-Time Filter: PartSelected
                                                                                                         ->  Append-only Columnar Scan on store_sales_1_prt_76 sts_75  (cost=0.00..1.00 rows=1 width=34)
                                                                                                               Filter: ((ss_net_profit > 1::numeric) AND (ss_net_paid > 0::numeric) AND (ss_quantity > 0))
                                                                                                   ->  Result  (cost=0.00..1.00 rows=1 width=34)
                                                                                                         One-Time Filter: PartSelected
                                                                                                         ->  Append-only Columnar Scan on store_sales_1_prt_77 sts_76  (cost=0.00..1.00 rows=1 width=34)
                                                                                                               Filter: ((ss_net_profit > 1::numeric) AND (ss_net_paid > 0::numeric) AND (ss_quantity > 0))
                                                                                                   ->  Result  (cost=0.00..1.00 rows=1 width=34)
                                                                                                         One-Time Filter: PartSelected
                                                                                                         ->  Append-only Columnar Scan on store_sales_1_prt_78 sts_77  (cost=0.00..1.00 rows=1 width=34)
                                                                                                               Filter: ((ss_net_profit > 1::numeric) AND (ss_net_paid > 0::numeric) AND (ss_quantity > 0))
                                                                                                   ->  Result  (cost=0.00..1.00 rows=1 width=34)
                                                                                                         One-Time Filter: PartSelected
                                                                                                         ->  Append-only Columnar Scan on store_sales_1_prt_79 sts_78  (cost=0.00..1.00 rows=1 width=34)
                                                                                                               Filter: ((ss_net_profit > 1::numeric) AND (ss_net_paid > 0::numeric) AND (ss_quantity > 0))
                                                                                                   ->  Result  (cost=0.00..1.00 rows=1 width=34)
                                                                                                         One-Time Filter: PartSelected
                                                                                                         ->  Append-only Columnar Scan on store_sales_1_prt_80 sts_79  (cost=0.00..1.00 rows=1 width=34)
                                                                                                               Filter: ((ss_net_profit > 1::numeric) AND (ss_net_paid > 0::numeric) AND (ss_quantity > 0))
                                                                                             ->  Hash  (cost=1456.00..1456.00 rows=107 width=4)
                                                                                                   ->  Partition Selector for store_sales (dynamic scan id: 1)  (cost=0.00..1456.00 rows=107 width=4)
                                                                                                         Filter: date_dim_2.d_date_sk
                                                                                                         ->  Broadcast Motion 3:3  (slice8; segments: 3)  (cost=0.00..1456.00 rows=107 width=4)
                                                                                                               ->  Seq Scan on date_dim date_dim_2  (cost=0.00..1451.73 rows=36 width=4)
                                                                                                                     Filter: ((d_year = 2000) AND (d_moy = 12))
                                                                                       ->  Hash  (cost=4552905.76..4552905.76 rows=573319 width=22)
                                                                                             ->  Append  (cost=0.00..4552905.76 rows=573319 width=22)
                                                                                                   ->  Append-only Columnar Scan on store_returns_1_prt_outliers sr  (cost=0.00..144788.00 rows=8989 width=22)
                                                                                                         Filter: (sr_return_amt > 10000::numeric)
                                                                                                   ->  Append-only Columnar Scan on store_returns_1_prt_2 sr_1  (cost=0.00..2196.29 rows=309 width=22)
                                                                                                         Filter: (sr_return_amt > 10000::numeric)
                                                                                                   ->  Append-only Columnar Scan on store_returns_1_prt_3 sr_2  (cost=0.00..8295.92 rows=1090 width=22)
                                                                                                         Filter: (sr_return_amt > 10000::numeric)
                                                                                                   ->  Append-only Columnar Scan on store_returns_1_prt_4 sr_3  (cost=0.00..14330.00 rows=1763 width=22)
                                                                                                         Filter: (sr_return_amt > 10000::numeric)
                                                                                                   ->  Append-only Columnar Scan on store_returns_1_prt_5 sr_4  (cost=0.00..20424.38 rows=2767 width=22)
                                                                                                         Filter: (sr_return_amt > 10000::numeric)
                                                                                                   ->  Append-only Columnar Scan on store_returns_1_prt_6 sr_5  (cost=0.00..26611.38 rows=3816 width=22)
                                                                                                         Filter: (sr_return_amt > 10000::numeric)
                                                                                                   ->  Append-only Columnar Scan on store_returns_1_prt_7 sr_6  (cost=0.00..32760.25 rows=3837 width=22)
                                                                                                         Filter: (sr_return_amt > 10000::numeric)
                                                                                                   ->  Append-only Columnar Scan on store_returns_1_prt_8 sr_7  (cost=0.00..38112.62 rows=4877 width=22)
                                                                                                         Filter: (sr_return_amt > 10000::numeric)
                                                                                                   ->  Append-only Columnar Scan on store_returns_1_prt_9 sr_8  (cost=0.00..39054.75 rows=4410 width=22)
                                                                                                         Filter: (sr_return_amt > 10000::numeric)
                                                                                                   ->  Append-only Columnar Scan on store_returns_1_prt_10 sr_9  (cost=0.00..44728.88 rows=5756 width=22)
                                                                                                         Filter: (sr_return_amt > 10000::numeric)
                                                                                                   ->  Append-only Columnar Scan on store_returns_1_prt_11 sr_10  (cost=0.00..52726.62 rows=7187 width=22)
                                                                                                         Filter: (sr_return_amt > 10000::numeric)
                                                                                                   ->  Append-only Columnar Scan on store_returns_1_prt_12 sr_11  (cost=0.00..60569.00 rows=7385 width=22)
                                                                                                         Filter: (sr_return_amt > 10000::numeric)
                                                                                                   ->  Append-only Columnar Scan on store_returns_1_prt_13 sr_12  (cost=0.00..71729.38 rows=9868 width=22)
                                                                                                         Filter: (sr_return_amt > 10000::numeric)
                                                                                                   ->  Append-only Columnar Scan on store_returns_1_prt_14 sr_13  (cost=0.00..86881.25 rows=11598 width=22)
                                                                                                         Filter: (sr_return_amt > 10000::numeric)
                                                                                                   ->  Append-only Columnar Scan on store_returns_1_prt_15 sr_14  (cost=0.00..97705.25 rows=12438 width=22)
                                                                                                         Filter: (sr_return_amt > 10000::numeric)
                                                                                                   ->  Append-only Columnar Scan on store_returns_1_prt_16 sr_15  (cost=0.00..94932.00 rows=11069 width=22)
                                                                                                         Filter: (sr_return_amt > 10000::numeric)
                                                                                                   ->  Append-only Columnar Scan on store_returns_1_prt_17 sr_16  (cost=0.00..86882.00 rows=10391 width=22)
                                                                                                         Filter: (sr_return_amt > 10000::numeric)
                                                                                                   ->  Append-only Columnar Scan on store_returns_1_prt_18 sr_17  (cost=0.00..78914.75 rows=10027 width=22)
                                                                                                         Filter: (sr_return_amt > 10000::numeric)
                                                                                                   ->  Append-only Columnar Scan on store_returns_1_prt_19 sr_18  (cost=0.00..69711.62 rows=9368 width=22)
                                                                                                         Filter: (sr_return_amt > 10000::numeric)
                                                                                                   ->  Append-only Columnar Scan on store_returns_1_prt_20 sr_19  (cost=0.00..55019.62 rows=7306 width=22)
                                                                                                         Filter: (sr_return_amt > 10000::numeric)
                                                                                                   ->  Append-only Columnar Scan on store_returns_1_prt_21 sr_20  (cost=0.00..41301.75 rows=5631 width=22)
                                                                                                         Filter: (sr_return_amt > 10000::numeric)
                                                                                                   ->  Append-only Columnar Scan on store_returns_1_prt_22 sr_21  (cost=0.00..39048.00 rows=4907 width=22)
                                                                                                         Filter: (sr_return_amt > 10000::numeric)
                                                                                                   ->  Append-only Columnar Scan on store_returns_1_prt_23 sr_22  (cost=0.00..44427.00 rows=5877 width=22)
                                                                                                         Filter: (sr_return_amt > 10000::numeric)
                                                                                                   ->  Append-only Columnar Scan on store_returns_1_prt_24 sr_23  (cost=0.00..52464.75 rows=6143 width=22)
                                                                                                         Filter: (sr_return_amt > 10000::numeric)
                                                                                                   ->  Append-only Columnar Scan on store_returns_1_prt_25 sr_24  (cost=0.00..60348.75 rows=7978 width=22)
                                                                                                         Filter: (sr_return_amt > 10000::numeric)
                                                                                                   ->  Append-only Columnar Scan on store_returns_1_prt_26 sr_25  (cost=0.00..71210.12 rows=9275 width=22)
                                                                                                         Filter: (sr_return_amt > 10000::numeric)
                                                                                                   ->  Append-only Columnar Scan on store_returns_1_prt_27 sr_26  (cost=0.00..86332.25 rows=11209 width=22)
                                                                                                         Filter: (sr_return_amt > 10000::numeric)
                                                                                                   ->  Append-only Columnar Scan on store_returns_1_prt_28 sr_27  (cost=0.00..97539.88 rows=12019 width=22)
                                                                                                         Filter: (sr_return_amt > 10000::numeric)
                                                                                                   ->  Append-only Columnar Scan on store_returns_1_prt_29 sr_28  (cost=0.00..95197.25 rows=10783 width=22)
                                                                                                         Filter: (sr_return_amt > 10000::numeric)
                                                                                                   ->  Append-only Columnar Scan on store_returns_1_prt_30 sr_29  (cost=0.00..87289.12 rows=9277 width=22)
                                                                                                         Filter: (sr_return_amt > 10000::numeric)
                                                                                                   ->  Append-only Columnar Scan on store_returns_1_prt_31 sr_30  (cost=0.00..79429.50 rows=10758 width=22)
                                                                                                         Filter: (sr_return_amt > 10000::numeric)
                                                                                                   ->  Append-only Columnar Scan on store_returns_1_prt_32 sr_31  (cost=0.00..70264.62 rows=9041 width=22)
                                                                                                         Filter: (sr_return_amt > 10000::numeric)
                                                                                                   ->  Append-only Columnar Scan on store_returns_1_prt_33 sr_32  (cost=0.00..55717.75 rows=7919 width=22)
                                                                                                         Filter: (sr_return_amt > 10000::numeric)
                                                                                                   ->  Append-only Columnar Scan on store_returns_1_prt_34 sr_33  (cost=0.00..41761.88 rows=5269 width=22)
                                                                                                         Filter: (sr_return_amt > 10000::numeric)
                                                                                                   ->  Append-only Columnar Scan on store_returns_1_prt_35 sr_34  (cost=0.00..39111.62 rows=4969 width=22)
                                                                                                         Filter: (sr_return_amt > 10000::numeric)
                                                                                                   ->  Append-only Columnar Scan on store_returns_1_prt_36 sr_35  (cost=0.00..44210.25 rows=5348 width=22)
                                                                                                         Filter: (sr_return_amt > 10000::numeric)
                                                                                                   ->  Append-only Columnar Scan on store_returns_1_prt_37 sr_36  (cost=0.00..52088.75 rows=7222 width=22)
                                                                                                         Filter: (sr_return_amt > 10000::numeric)
                                                                                                   ->  Append-only Columnar Scan on store_returns_1_prt_38 sr_37  (cost=0.00..59908.25 rows=6404 width=22)
                                                                                                         Filter: (sr_return_amt > 10000::numeric)
                                                                                                   ->  Append-only Columnar Scan on store_returns_1_prt_39 sr_38  (cost=0.00..70617.50 rows=7740 width=22)
                                                                                                         Filter: (sr_return_amt > 10000::numeric)
                                                                                                   ->  Append-only Columnar Scan on store_returns_1_prt_40 sr_39  (cost=0.00..85651.62 rows=10922 width=22)
                                                                                                         Filter: (sr_return_amt > 10000::numeric)
                                                                                                   ->  Append-only Columnar Scan on store_returns_1_prt_41 sr_40  (cost=0.00..97166.50 rows=13125 width=22)
                                                                                                         Filter: (sr_return_amt > 10000::numeric)
                                                                                                   ->  Append-only Columnar Scan on store_returns_1_prt_42 sr_41  (cost=0.00..94982.62 rows=13358 width=22)
                                                                                                         Filter: (sr_return_amt > 10000::numeric)
                                                                                                   ->  Append-only Columnar Scan on store_returns_1_prt_43 sr_42  (cost=0.00..87139.50 rows=10301 width=22)
                                                                                                         Filter: (sr_return_amt > 10000::numeric)
                                                                                                   ->  Append-only Columnar Scan on store_returns_1_prt_44 sr_43  (cost=0.00..79163.12 rows=8780 width=22)
                                                                                                         Filter: (sr_return_amt > 10000::numeric)
                                                                                                   ->  Append-only Columnar Scan on store_returns_1_prt_45 sr_44  (cost=0.00..70211.75 rows=9496 width=22)
                                                                                                         Filter: (sr_return_amt > 10000::numeric)
                                                                                                   ->  Append-only Columnar Scan on store_returns_1_prt_46 sr_45  (cost=0.00..55808.00 rows=6902 width=22)
                                                                                                         Filter: (sr_return_amt > 10000::numeric)
                                                                                                   ->  Append-only Columnar Scan on store_returns_1_prt_47 sr_46  (cost=0.00..41842.12 rows=5221 width=22)
                                                                                                         Filter: (sr_return_amt > 10000::numeric)
                                                                                                   ->  Append-only Columnar Scan on store_returns_1_prt_48 sr_47  (cost=0.00..38885.00 rows=5472 width=22)
                                                                                                         Filter: (sr_return_amt > 10000::numeric)
                                                                                                   ->  Append-only Columnar Scan on store_returns_1_prt_49 sr_48  (cost=0.00..43575.00 rows=5782 width=22)
                                                                                                         Filter: (sr_return_amt > 10000::numeric)
                                                                                                   ->  Append-only Columnar Scan on store_returns_1_prt_50 sr_49  (cost=0.00..51635.50 rows=6721 width=22)
                                                                                                         Filter: (sr_return_amt > 10000::numeric)
                                                                                                   ->  Append-only Columnar Scan on store_returns_1_prt_51 sr_50  (cost=0.00..59526.00 rows=6815 width=22)
                                                                                                         Filter: (sr_return_amt > 10000::numeric)
                                                                                                   ->  Append-only Columnar Scan on store_returns_1_prt_52 sr_51  (cost=0.00..69792.12 rows=8985 width=22)
                                                                                                         Filter: (sr_return_amt > 10000::numeric)
                                                                                                   ->  Append-only Columnar Scan on store_returns_1_prt_53 sr_52  (cost=0.00..84766.88 rows=11876 width=22)
                                                                                                         Filter: (sr_return_amt > 10000::numeric)
                                                                                                   ->  Append-only Columnar Scan on store_returns_1_prt_54 sr_53  (cost=0.00..97024.50 rows=14132 width=22)
                                                                                                         Filter: (sr_return_amt > 10000::numeric)
                                                                                                   ->  Append-only Columnar Scan on store_returns_1_prt_55 sr_54  (cost=0.00..95889.62 rows=12180 width=22)
                                                                                                         Filter: (sr_return_amt > 10000::numeric)
                                                                                                   ->  Append-only Columnar Scan on store_returns_1_prt_56 sr_55  (cost=0.00..88119.25 rows=12956 width=22)
                                                                                                         Filter: (sr_return_amt > 10000::numeric)
                                                                                                   ->  Append-only Columnar Scan on store_returns_1_prt_57 sr_56  (cost=0.00..80059.38 rows=10716 width=22)
                                                                                                         Filter: (sr_return_amt > 10000::numeric)
                                                                                                   ->  Append-only Columnar Scan on store_returns_1_prt_58 sr_57  (cost=0.00..71328.50 rows=8876 width=22)
                                                                                                         Filter: (sr_return_amt > 10000::numeric)
                                                                                                   ->  Append-only Columnar Scan on store_returns_1_prt_59 sr_58  (cost=0.00..57205.12 rows=7433 width=22)
                                                                                                         Filter: (sr_return_amt > 10000::numeric)
                                                                                                   ->  Append-only Columnar Scan on store_returns_1_prt_60 sr_59  (cost=0.00..42723.25 rows=4989 width=22)
                                                                                                         Filter: (sr_return_amt > 10000::numeric)
                                                                                                   ->  Append-only Columnar Scan on store_returns_1_prt_61 sr_60  (cost=0.00..38882.88 rows=5268 width=22)
                                                                                                         Filter: (sr_return_amt > 10000::numeric)
                                                                                                   ->  Append-only Columnar Scan on store_returns_1_prt_62 sr_61  (cost=0.00..43271.50 rows=4842 width=22)
                                                                                                         Filter: (sr_return_amt > 10000::numeric)
                                                                                                   ->  Append-only Columnar Scan on store_returns_1_prt_63 sr_62  (cost=0.00..51368.25 rows=6856 width=22)
                                                                                                         Filter: (sr_return_amt > 10000::numeric)
                                                                                                   ->  Append-only Columnar Scan on store_returns_1_prt_64 sr_63  (cost=0.00..59221.00 rows=7063 width=22)
                                                                                                         Filter: (sr_return_amt > 10000::numeric)
                                                                                                   ->  Append-only Columnar Scan on store_returns_1_prt_65 sr_64  (cost=0.00..69264.25 rows=9083 width=22)
                                                                                                         Filter: (sr_return_amt > 10000::numeric)
                                                                                                   ->  Append-only Columnar Scan on store_returns_1_prt_66 sr_65  (cost=0.00..84063.88 rows=11454 width=22)
                                                                                                         Filter: (sr_return_amt > 10000::numeric)
                                                                                                   ->  Append-only Columnar Scan on store_returns_1_prt_67 sr_66  (cost=0.00..95565.12 rows=11256 width=22)
                                                                                                         Filter: (sr_return_amt > 10000::numeric)
                                                                                                   ->  Append-only Columnar Scan on store_returns_1_prt_68 sr_67  (cost=0.00..89072.00 rows=11539 width=22)
                                                                                                         Filter: (sr_return_amt > 10000::numeric)
                                                                                                   ->  Append-only Columnar Scan on store_returns_1_prt_69 sr_68  (cost=0.00..75319.25 rows=10375 width=22)
                                                                                                         Filter: (sr_return_amt > 10000::numeric)
                                                                                                   ->  Append-only Columnar Scan on store_returns_1_prt_70 sr_69  (cost=0.00..61222.75 rows=7929 width=22)
                                                                                                         Filter: (sr_return_amt > 10000::numeric)
                                                                                                   ->  Append-only Columnar Scan on store_returns_1_prt_71 sr_70  (cost=0.00..46507.75 rows=6287 width=22)
                                                                                                         Filter: (sr_return_amt > 10000::numeric)
                                                                                                   ->  Append-only Columnar Scan on store_returns_1_prt_72 sr_71  (cost=0.00..26272.75 rows=3547 width=22)
                                                                                                         Filter: (sr_return_amt > 10000::numeric)
                                                                                                   ->  Append-only Columnar Scan on store_returns_1_prt_73 sr_72  (cost=0.00..5729.05 rows=797 width=22)
                                                                                                         Filter: (sr_return_amt > 10000::numeric)
                                                                                                   ->  Append-only Columnar Scan on store_returns_1_prt_74 sr_73  (cost=0.00..1.00 rows=1 width=30)
                                                                                                         Filter: (sr_return_amt > 10000::numeric)
                                                                                                   ->  Append-only Columnar Scan on store_returns_1_prt_75 sr_74  (cost=0.00..1.00 rows=1 width=30)
                                                                                                         Filter: (sr_return_amt > 10000::numeric)
                                                                                                   ->  Append-only Columnar Scan on store_returns_1_prt_76 sr_75  (cost=0.00..1.00 rows=1 width=30)
                                                                                                         Filter: (sr_return_amt > 10000::numeric)
                                                                                                   ->  Append-only Columnar Scan on store_returns_1_prt_77 sr_76  (cost=0.00..1.00 rows=1 width=30)
                                                                                                         Filter: (sr_return_amt > 10000::numeric)
                                                                                                   ->  Append-only Columnar Scan on store_returns_1_prt_78 sr_77  (cost=0.00..1.00 rows=1 width=30)
                                                                                                         Filter: (sr_return_amt > 10000::numeric)
                                                                                                   ->  Append-only Columnar Scan on store_returns_1_prt_79 sr_78  (cost=0.00..1.00 rows=1 width=30)
                                                                                                         Filter: (sr_return_amt > 10000::numeric)
                                                                                                   ->  Append-only Columnar Scan on store_returns_1_prt_80 sr_79  (cost=0.00..1.00 rows=1 width=30)
                                                                                                         Filter: (sr_return_amt > 10000::numeric)
 Planning time: 154.085 ms
 Optimizer: legacy query optimizer
(1546 rows)

-- end query 1 in stream 0 using template query49.tpl
