-- start query 1 in stream 0 using template query57.tpl
explain
with v1 as(
 select i_category, i_brand,
        cc_name,
        d_year, d_moy,
        sum(cs_sales_price) sum_sales,
        avg(sum(cs_sales_price)) over
          (partition by i_category, i_brand,
                     cc_name, d_year)
          avg_monthly_sales,
        rank() over
          (partition by i_category, i_brand,
                     cc_name
           order by d_year, d_moy) rn
 from item, catalog_sales, date_dim, call_center
 where cs_item_sk = i_item_sk and
       cs_sold_date_sk = d_date_sk and
       cc_call_center_sk= cs_call_center_sk and
       (
         d_year = 2000 or
         ( d_year = 2000-1 and d_moy =12) or
         ( d_year = 2000+1 and d_moy =1)
       )
 group by i_category, i_brand,
          cc_name , d_year, d_moy),
 v2 as(
 select v1.i_category, v1.i_brand
        ,v1.d_year, v1.d_moy
        ,v1.avg_monthly_sales
        ,v1.sum_sales, v1_lag.sum_sales psum, v1_lead.sum_sales nsum
 from v1, v1 v1_lag, v1 v1_lead
 where v1.i_category = v1_lag.i_category and
       v1.i_category = v1_lead.i_category and
       v1.i_brand = v1_lag.i_brand and
       v1.i_brand = v1_lead.i_brand and
       v1. cc_name = v1_lag. cc_name and
       v1. cc_name = v1_lead. cc_name and
       v1.rn = v1_lag.rn + 1 and
       v1.rn = v1_lead.rn - 1)
  select  *
 from v2
 where  d_year = 2000 and
        avg_monthly_sales > 0 and
        case when avg_monthly_sales > 0 then abs(sum_sales - avg_monthly_sales) / avg_monthly_sales else null end > 0.1
 order by sum_sales - avg_monthly_sales, 3
 limit 100;
                                                                                                                                       QUERY PLAN                                                                                                                                       
----------------------------------------------------------------------------------------------------------------------------------------------------------------------------------------------------------------------------------------------------------------------------------------
 Limit  (cost=0.96..1.44 rows=22 width=372)
   ->  Gather Motion 3:1  (slice16; segments: 3)  (cost=0.96..1.44 rows=22 width=372)
         Merge Key: ((v2.sum_sales - v2.avg_monthly_sales))
         ->  Limit  (cost=0.96..1.01 rows=8 width=372)
               ->  Sort  (cost=0.96..1.01 rows=8 width=372)
                     Sort Key: ((v2.sum_sales - v2.avg_monthly_sales))
                     ->  Subquery Scan on v2  (cost=0.00..0.48 rows=8 width=372)
                           ->  Hash Join  (cost=2196137.95..2318985.52 rows=8 width=372)
                                 Hash Cond: (((v1_lead.i_category)::text = (v1.i_category)::text) AND ((v1_lead.i_brand)::text = (v1.i_brand)::text) AND ((v1_lead.cc_name)::text = (v1.cc_name)::text) AND ((v1_lead.rn - 1) = v1.rn))
                                 ->  Subquery Scan on v1_lead  (cost=0.00..56617.54 rows=943626 width=394)
                                       ->  WindowAgg  (cost=34799805.58..34941349.43 rows=943626 width=394)
                                             Partition By: item.i_category, item.i_brand, call_center.cc_name, date_dim.d_year
                                             ->  WindowAgg  (cost=34799805.58..34877654.70 rows=943626 width=394)
                                                   Partition By: item.i_category, item.i_brand, call_center.cc_name
                                                   Order By: date_dim.d_year, date_dim.d_moy
                                                   ->  Sort  (cost=34799805.58..34806882.77 rows=943626 width=394)
                                                         Sort Key: item.i_category, item.i_brand, call_center.cc_name, date_dim.d_year, date_dim.d_moy
                                                         ->  Redistribute Motion 3:3  (slice5; segments: 3)  (cost=32436929.63..32609940.73 rows=943626 width=394)
                                                               Hash Key: item.i_category, item.i_brand, call_center.cc_name
                                                               ->  HashAggregate  (cost=32436929.63..32525014.42 rows=943626 width=394)
                                                                     Group Key: item.i_category, item.i_brand, call_center.cc_name, date_dim.d_year, date_dim.d_moy
                                                                     ->  Redistribute Motion 3:3  (slice4; segments: 3)  (cost=32168356.12..32313458.89 rows=943626 width=394)
                                                                           Hash Key: item.i_category, item.i_brand, call_center.cc_name, date_dim.d_year, date_dim.d_moy
                                                                           ->  HashAggregate  (cost=32168356.12..32256841.35 rows=943626 width=394)
                                                                                 Group Key: item.i_category, item.i_brand, call_center.cc_name, date_dim.d_year, date_dim.d_moy
                                                                                 ->  Hash Join  (cost=31242.05..31998454.73 rows=3775587 width=51)
                                                                                       Hash Cond: (catalog_sales_1_prt_outliers.cs_item_sk = item.i_item_sk)
                                                                                       ->  Hash Join  (cost=2068.94..31785221.77 rows=3775587 width=32)
                                                                                             Hash Cond: (catalog_sales_1_prt_outliers.cs_call_center_sk = call_center.cc_call_center_sk)
                                                                                             ->  Hash Join  (cost=2044.26..31600931.36 rows=3786568 width=22)
                                                                                                   Hash Cond: (catalog_sales_1_prt_outliers.cs_sold_date_sk = date_dim.d_date_sk)
                                                                                                   ->  Append  (cost=0.00..22485412.30 rows=479993481 width=18)
                                                                                                         ->  Result  (cost=0.00..95971.30 rows=2401110 width=18)
                                                                                                               One-Time Filter: PartSelected
                                                                                                               ->  Append-only Columnar Scan on catalog_sales_1_prt_outliers  (cost=0.00..95971.30 rows=2401110 width=18)
                                                                                                         ->  Result  (cost=0.00..198531.00 rows=4234734 width=18)
                                                                                                               One-Time Filter: PartSelected
                                                                                                               ->  Append-only Columnar Scan on catalog_sales_1_prt_2  (cost=0.00..198531.00 rows=4234734 width=18)
                                                                                                         ->  Result  (cost=0.00..198470.00 rows=4233434 width=18)
                                                                                                               One-Time Filter: PartSelected
                                                                                                               ->  Append-only Columnar Scan on catalog_sales_1_prt_3  (cost=0.00..198470.00 rows=4233434 width=18)
                                                                                                         ->  Result  (cost=0.00..191463.00 rows=4083934 width=18)
                                                                                                               One-Time Filter: PartSelected
                                                                                                               ->  Append-only Columnar Scan on catalog_sales_1_prt_4  (cost=0.00..191463.00 rows=4083934 width=18)
                                                                                                         ->  Result  (cost=0.00..198330.00 rows=4230434 width=18)
                                                                                                               One-Time Filter: PartSelected
                                                                                                               ->  Append-only Columnar Scan on catalog_sales_1_prt_5  (cost=0.00..198330.00 rows=4230434 width=18)
                                                                                                         ->  Result  (cost=0.00..198496.00 rows=4233967 width=18)
                                                                                                               One-Time Filter: PartSelected
                                                                                                               ->  Append-only Columnar Scan on catalog_sales_1_prt_6  (cost=0.00..198496.00 rows=4233967 width=18)
                                                                                                         ->  Result  (cost=0.00..198494.00 rows=4233967 width=18)
                                                                                                               One-Time Filter: PartSelected
                                                                                                               ->  Append-only Columnar Scan on catalog_sales_1_prt_7  (cost=0.00..198494.00 rows=4233967 width=18)
                                                                                                         ->  Result  (cost=0.00..198576.00 rows=4235667 width=18)
                                                                                                               One-Time Filter: PartSelected
                                                                                                               ->  Append-only Columnar Scan on catalog_sales_1_prt_8  (cost=0.00..198576.00 rows=4235667 width=18)
                                                                                                         ->  Result  (cost=0.00..297942.00 rows=6355400 width=18)
                                                                                                               One-Time Filter: PartSelected
                                                                                                               ->  Append-only Columnar Scan on catalog_sales_1_prt_9  (cost=0.00..297942.00 rows=6355400 width=18)
                                                                                                         ->  Result  (cost=0.00..451674.00 rows=9634834 width=18)
                                                                                                               One-Time Filter: PartSelected
                                                                                                               ->  Append-only Columnar Scan on catalog_sales_1_prt_10  (cost=0.00..451674.00 rows=9634834 width=18)
                                                                                                         ->  Result  (cost=0.00..451572.00 rows=9632700 width=18)
                                                                                                               One-Time Filter: PartSelected
                                                                                                               ->  Append-only Columnar Scan on catalog_sales_1_prt_11  (cost=0.00..451572.00 rows=9632700 width=18)
                                                                                                         ->  Result  (cost=0.00..476631.00 rows=10167234 width=18)
                                                                                                               One-Time Filter: PartSelected
                                                                                                               ->  Append-only Columnar Scan on catalog_sales_1_prt_12  (cost=0.00..476631.00 rows=10167234 width=18)
                                                                                                         ->  Result  (cost=0.00..684375.00 rows=14598867 width=18)
                                                                                                               One-Time Filter: PartSelected
                                                                                                               ->  Append-only Columnar Scan on catalog_sales_1_prt_13  (cost=0.00..684375.00 rows=14598867 width=18)
                                                                                                         ->  Result  (cost=0.00..684389.00 rows=14599200 width=18)
                                                                                                               One-Time Filter: PartSelected
                                                                                                               ->  Append-only Columnar Scan on catalog_sales_1_prt_14  (cost=0.00..684389.00 rows=14599200 width=18)
                                                                                                         ->  Result  (cost=0.00..215804.00 rows=4603234 width=18)
                                                                                                               One-Time Filter: PartSelected
                                                                                                               ->  Append-only Columnar Scan on catalog_sales_1_prt_15  (cost=0.00..215804.00 rows=4603234 width=18)
                                                                                                         ->  Result  (cost=0.00..198278.00 rows=4229400 width=18)
                                                                                                               One-Time Filter: PartSelected
                                                                                                               ->  Append-only Columnar Scan on catalog_sales_1_prt_16  (cost=0.00..198278.00 rows=4229400 width=18)
                                                                                                         ->  Result  (cost=0.00..191360.00 rows=4081734 width=18)
                                                                                                               One-Time Filter: PartSelected
                                                                                                               ->  Append-only Columnar Scan on catalog_sales_1_prt_17  (cost=0.00..191360.00 rows=4081734 width=18)
                                                                                                         ->  Result  (cost=0.00..198408.00 rows=4232134 width=18)
                                                                                                               One-Time Filter: PartSelected
                                                                                                               ->  Append-only Columnar Scan on catalog_sales_1_prt_18  (cost=0.00..198408.00 rows=4232134 width=18)
                                                                                                         ->  Result  (cost=0.00..198462.00 rows=4233300 width=18)
                                                                                                               One-Time Filter: PartSelected
                                                                                                               ->  Append-only Columnar Scan on catalog_sales_1_prt_19  (cost=0.00..198462.00 rows=4233300 width=18)
                                                                                                         ->  Result  (cost=0.00..198463.00 rows=4233267 width=18)
                                                                                                               One-Time Filter: PartSelected
                                                                                                               ->  Append-only Columnar Scan on catalog_sales_1_prt_20  (cost=0.00..198463.00 rows=4233267 width=18)
                                                                                                         ->  Result  (cost=0.00..198544.00 rows=4235034 width=18)
                                                                                                               One-Time Filter: PartSelected
                                                                                                               ->  Append-only Columnar Scan on catalog_sales_1_prt_21  (cost=0.00..198544.00 rows=4235034 width=18)
                                                                                                         ->  Result  (cost=0.00..288857.00 rows=6161600 width=18)
                                                                                                               One-Time Filter: PartSelected
                                                                                                               ->  Append-only Columnar Scan on catalog_sales_1_prt_22  (cost=0.00..288857.00 rows=6161600 width=18)
                                                                                                         ->  Result  (cost=0.00..451775.00 rows=9637067 width=18)
                                                                                                               One-Time Filter: PartSelected
                                                                                                               ->  Append-only Columnar Scan on catalog_sales_1_prt_23  (cost=0.00..451775.00 rows=9637067 width=18)
                                                                                                         ->  Result  (cost=0.00..451807.00 rows=9637734 width=18)
                                                                                                               One-Time Filter: PartSelected
                                                                                                               ->  Append-only Columnar Scan on catalog_sales_1_prt_24  (cost=0.00..451807.00 rows=9637734 width=18)
                                                                                                         ->  Result  (cost=0.00..468431.00 rows=9992300 width=18)
                                                                                                               One-Time Filter: PartSelected
                                                                                                               ->  Append-only Columnar Scan on catalog_sales_1_prt_25  (cost=0.00..468431.00 rows=9992300 width=18)
                                                                                                         ->  Result  (cost=0.00..684511.00 rows=14601800 width=18)
                                                                                                               One-Time Filter: PartSelected
                                                                                                               ->  Append-only Columnar Scan on catalog_sales_1_prt_26  (cost=0.00..684511.00 rows=14601800 width=18)
                                                                                                         ->  Result  (cost=0.00..684485.00 rows=14601267 width=18)
                                                                                                               One-Time Filter: PartSelected
                                                                                                               ->  Append-only Columnar Scan on catalog_sales_1_prt_27  (cost=0.00..684485.00 rows=14601267 width=18)
                                                                                                         ->  Result  (cost=0.00..232955.00 rows=4969100 width=18)
                                                                                                               One-Time Filter: PartSelected
                                                                                                               ->  Append-only Columnar Scan on catalog_sales_1_prt_28  (cost=0.00..232955.00 rows=4969100 width=18)
                                                                                                         ->  Result  (cost=0.00..198182.00 rows=4227400 width=18)
                                                                                                               One-Time Filter: PartSelected
                                                                                                               ->  Append-only Columnar Scan on catalog_sales_1_prt_29  (cost=0.00..198182.00 rows=4227400 width=18)
                                                                                                         ->  Result  (cost=0.00..198180.00 rows=4227300 width=18)
                                                                                                               One-Time Filter: PartSelected
                                                                                                               ->  Append-only Columnar Scan on catalog_sales_1_prt_30  (cost=0.00..198180.00 rows=4227300 width=18)
                                                                                                         ->  Result  (cost=0.00..198236.00 rows=4228467 width=18)
                                                                                                               One-Time Filter: PartSelected
                                                                                                               ->  Append-only Columnar Scan on catalog_sales_1_prt_31  (cost=0.00..198236.00 rows=4228467 width=18)
                                                                                                         ->  Result  (cost=0.00..198161.00 rows=4226867 width=18)
                                                                                                               One-Time Filter: PartSelected
                                                                                                               ->  Append-only Columnar Scan on catalog_sales_1_prt_32  (cost=0.00..198161.00 rows=4226867 width=18)
                                                                                                         ->  Result  (cost=0.00..198143.00 rows=4226467 width=18)
                                                                                                               One-Time Filter: PartSelected
                                                                                                               ->  Append-only Columnar Scan on catalog_sales_1_prt_33  (cost=0.00..198143.00 rows=4226467 width=18)
                                                                                                         ->  Result  (cost=0.00..198217.00 rows=4228000 width=18)
                                                                                                               One-Time Filter: PartSelected
                                                                                                               ->  Append-only Columnar Scan on catalog_sales_1_prt_34  (cost=0.00..198217.00 rows=4228000 width=18)
                                                                                                         ->  Result  (cost=0.00..279401.00 rows=5959900 width=18)
                                                                                                               One-Time Filter: PartSelected
                                                                                                               ->  Append-only Columnar Scan on catalog_sales_1_prt_35  (cost=0.00..279401.00 rows=5959900 width=18)
                                                                                                         ->  Result  (cost=0.00..451102.00 rows=9622600 width=18)
                                                                                                               One-Time Filter: PartSelected
                                                                                                               ->  Append-only Columnar Scan on catalog_sales_1_prt_36  (cost=0.00..451102.00 rows=9622600 width=18)
                                                                                                         ->  Result  (cost=0.00..451004.00 rows=9620567 width=18)
                                                                                                               One-Time Filter: PartSelected
                                                                                                               ->  Append-only Columnar Scan on catalog_sales_1_prt_37  (cost=0.00..451004.00 rows=9620567 width=18)
                                                                                                         ->  Result  (cost=0.00..459207.00 rows=9795567 width=18)
                                                                                                               One-Time Filter: PartSelected
                                                                                                               ->  Append-only Columnar Scan on catalog_sales_1_prt_38  (cost=0.00..459207.00 rows=9795567 width=18)
                                                                                                         ->  Result  (cost=0.00..683201.00 rows=14573867 width=18)
                                                                                                               One-Time Filter: PartSelected
                                                                                                               ->  Append-only Columnar Scan on catalog_sales_1_prt_39  (cost=0.00..683201.00 rows=14573867 width=18)
                                                                                                         ->  Result  (cost=0.00..683288.00 rows=14575634 width=18)
                                                                                                               One-Time Filter: PartSelected
                                                                                                               ->  Append-only Columnar Scan on catalog_sales_1_prt_40  (cost=0.00..683288.00 rows=14575634 width=18)
                                                                                                         ->  Result  (cost=0.00..267716.00 rows=5710600 width=18)
                                                                                                               One-Time Filter: PartSelected
                                                                                                               ->  Append-only Columnar Scan on catalog_sales_1_prt_41  (cost=0.00..267716.00 rows=5710600 width=18)
                                                                                                         ->  Result  (cost=0.00..198348.00 rows=4230867 width=18)
                                                                                                               One-Time Filter: PartSelected
                                                                                                               ->  Append-only Columnar Scan on catalog_sales_1_prt_42  (cost=0.00..198348.00 rows=4230867 width=18)
                                                                                                         ->  Result  (cost=0.00..191374.00 rows=4082034 width=18)
                                                                                                               One-Time Filter: PartSelected
                                                                                                               ->  Append-only Columnar Scan on catalog_sales_1_prt_43  (cost=0.00..191374.00 rows=4082034 width=18)
                                                                                                         ->  Result  (cost=0.00..198449.00 rows=4233067 width=18)
                                                                                                               One-Time Filter: PartSelected
                                                                                                               ->  Append-only Columnar Scan on catalog_sales_1_prt_44  (cost=0.00..198449.00 rows=4233067 width=18)
                                                                                                         ->  Result  (cost=0.00..198436.00 rows=4232667 width=18)
                                                                                                               One-Time Filter: PartSelected
                                                                                                               ->  Append-only Columnar Scan on catalog_sales_1_prt_45  (cost=0.00..198436.00 rows=4232667 width=18)
                                                                                                         ->  Result  (cost=0.00..198484.00 rows=4233767 width=18)
                                                                                                               One-Time Filter: PartSelected
                                                                                                               ->  Append-only Columnar Scan on catalog_sales_1_prt_46  (cost=0.00..198484.00 rows=4233767 width=18)
                                                                                                         ->  Result  (cost=0.00..198486.00 rows=4233767 width=18)
                                                                                                               One-Time Filter: PartSelected
                                                                                                               ->  Append-only Columnar Scan on catalog_sales_1_prt_47  (cost=0.00..198486.00 rows=4233767 width=18)
                                                                                                         ->  Result  (cost=0.00..261759.00 rows=5583500 width=18)
                                                                                                               One-Time Filter: PartSelected
                                                                                                               ->  Append-only Columnar Scan on catalog_sales_1_prt_48  (cost=0.00..261759.00 rows=5583500 width=18)
                                                                                                         ->  Result  (cost=0.00..451867.00 rows=9638934 width=18)
                                                                                                               One-Time Filter: PartSelected
                                                                                                               ->  Append-only Columnar Scan on catalog_sales_1_prt_49  (cost=0.00..451867.00 rows=9638934 width=18)
                                                                                                         ->  Result  (cost=0.00..451711.00 rows=9635634 width=18)
                                                                                                               One-Time Filter: PartSelected
                                                                                                               ->  Append-only Columnar Scan on catalog_sales_1_prt_50  (cost=0.00..451711.00 rows=9635634 width=18)
                                                                                                         ->  Result  (cost=0.00..451715.00 rows=9635700 width=18)
                                                                                                               One-Time Filter: PartSelected
                                                                                                               ->  Append-only Columnar Scan on catalog_sales_1_prt_51  (cost=0.00..451715.00 rows=9635700 width=18)
                                                                                                         ->  Result  (cost=0.00..676048.00 rows=14421300 width=18)
                                                                                                               One-Time Filter: PartSelected
                                                                                                               ->  Append-only Columnar Scan on catalog_sales_1_prt_52  (cost=0.00..676048.00 rows=14421300 width=18)
                                                                                                         ->  Result  (cost=0.00..684330.00 rows=14597934 width=18)
                                                                                                               One-Time Filter: PartSelected
                                                                                                               ->  Append-only Columnar Scan on catalog_sales_1_prt_53  (cost=0.00..684330.00 rows=14597934 width=18)
                                                                                                         ->  Result  (cost=0.00..285353.00 rows=6086800 width=18)
                                                                                                               One-Time Filter: PartSelected
                                                                                                               ->  Append-only Columnar Scan on catalog_sales_1_prt_54  (cost=0.00..285353.00 rows=6086800 width=18)
                                                                                                         ->  Result  (cost=0.00..198500.00 rows=4234067 width=18)
                                                                                                               One-Time Filter: PartSelected
                                                                                                               ->  Append-only Columnar Scan on catalog_sales_1_prt_55  (cost=0.00..198500.00 rows=4234067 width=18)
                                                                                                         ->  Result  (cost=0.00..191327.00 rows=4081100 width=18)
                                                                                                               One-Time Filter: PartSelected
                                                                                                               ->  Append-only Columnar Scan on catalog_sales_1_prt_56  (cost=0.00..191327.00 rows=4081100 width=18)
                                                                                                         ->  Result  (cost=0.00..198470.00 rows=4233434 width=18)
                                                                                                               One-Time Filter: PartSelected
                                                                                                               ->  Append-only Columnar Scan on catalog_sales_1_prt_57  (cost=0.00..198470.00 rows=4233434 width=18)
                                                                                                         ->  Result  (cost=0.00..198434.00 rows=4232667 width=18)
                                                                                                               One-Time Filter: PartSelected
                                                                                                               ->  Append-only Columnar Scan on catalog_sales_1_prt_58  (cost=0.00..198434.00 rows=4232667 width=18)
                                                                                                         ->  Result  (cost=0.00..198457.00 rows=4233100 width=18)
                                                                                                               One-Time Filter: PartSelected
                                                                                                               ->  Append-only Columnar Scan on catalog_sales_1_prt_59  (cost=0.00..198457.00 rows=4233100 width=18)
                                                                                                         ->  Result  (cost=0.00..198420.00 rows=4232400 width=18)
                                                                                                               One-Time Filter: PartSelected
                                                                                                               ->  Append-only Columnar Scan on catalog_sales_1_prt_60  (cost=0.00..198420.00 rows=4232400 width=18)
                                                                                                         ->  Result  (cost=0.00..252732.00 rows=5390967 width=18)
                                                                                                               One-Time Filter: PartSelected
                                                                                                               ->  Append-only Columnar Scan on catalog_sales_1_prt_61  (cost=0.00..252732.00 rows=5390967 width=18)
                                                                                                         ->  Result  (cost=0.00..451735.00 rows=9636134 width=18)
                                                                                                               One-Time Filter: PartSelected
                                                                                                               ->  Append-only Columnar Scan on catalog_sales_1_prt_62  (cost=0.00..451735.00 rows=9636134 width=18)
                                                                                                         ->  Result  (cost=0.00..451761.00 rows=9636700 width=18)
                                                                                                               One-Time Filter: PartSelected
                                                                                                               ->  Append-only Columnar Scan on catalog_sales_1_prt_63  (cost=0.00..451761.00 rows=9636700 width=18)
                                                                                                         ->  Result  (cost=0.00..451680.00 rows=9634900 width=18)
                                                                                                               One-Time Filter: PartSelected
                                                                                                               ->  Append-only Columnar Scan on catalog_sales_1_prt_64  (cost=0.00..451680.00 rows=9634900 width=18)
                                                                                                         ->  Result  (cost=0.00..667727.00 rows=14243734 width=18)
                                                                                                               One-Time Filter: PartSelected
                                                                                                               ->  Append-only Columnar Scan on catalog_sales_1_prt_65  (cost=0.00..667727.00 rows=14243734 width=18)
                                                                                                         ->  Result  (cost=0.00..684173.00 rows=14594534 width=18)
                                                                                                               One-Time Filter: PartSelected
                                                                                                               ->  Append-only Columnar Scan on catalog_sales_1_prt_66  (cost=0.00..684173.00 rows=14594534 width=18)
                                                                                                         ->  Result  (cost=0.00..244531.00 rows=5216100 width=18)
                                                                                                               One-Time Filter: PartSelected
                                                                                                               ->  Append-only Columnar Scan on catalog_sales_1_prt_67  (cost=0.00..244531.00 rows=5216100 width=18)
                                                                                                         ->  Result  (cost=0.00..1.00 rows=1 width=26)
                                                                                                               One-Time Filter: PartSelected
                                                                                                               ->  Append-only Columnar Scan on catalog_sales_1_prt_68  (cost=0.00..1.00 rows=1 width=26)
                                                                                                         ->  Result  (cost=0.00..1.00 rows=1 width=26)
                                                                                                               One-Time Filter: PartSelected
                                                                                                               ->  Append-only Columnar Scan on catalog_sales_1_prt_69  (cost=0.00..1.00 rows=1 width=26)
                                                                                                         ->  Result  (cost=0.00..1.00 rows=1 width=26)
                                                                                                               One-Time Filter: PartSelected
                                                                                                               ->  Append-only Columnar Scan on catalog_sales_1_prt_70  (cost=0.00..1.00 rows=1 width=26)
                                                                                                         ->  Result  (cost=0.00..1.00 rows=1 width=26)
                                                                                                               One-Time Filter: PartSelected
                                                                                                               ->  Append-only Columnar Scan on catalog_sales_1_prt_71  (cost=0.00..1.00 rows=1 width=26)
                                                                                                         ->  Result  (cost=0.00..1.00 rows=1 width=26)
                                                                                                               One-Time Filter: PartSelected
                                                                                                               ->  Append-only Columnar Scan on catalog_sales_1_prt_72  (cost=0.00..1.00 rows=1 width=26)
                                                                                                         ->  Result  (cost=0.00..1.00 rows=1 width=26)
                                                                                                               One-Time Filter: PartSelected
                                                                                                               ->  Append-only Columnar Scan on catalog_sales_1_prt_73  (cost=0.00..1.00 rows=1 width=26)
                                                                                                         ->  Result  (cost=0.00..1.00 rows=1 width=26)
                                                                                                               One-Time Filter: PartSelected
                                                                                                               ->  Append-only Columnar Scan on catalog_sales_1_prt_74  (cost=0.00..1.00 rows=1 width=26)
                                                                                                         ->  Result  (cost=0.00..1.00 rows=1 width=26)
                                                                                                               One-Time Filter: PartSelected
                                                                                                               ->  Append-only Columnar Scan on catalog_sales_1_prt_75  (cost=0.00..1.00 rows=1 width=26)
                                                                                                         ->  Result  (cost=0.00..1.00 rows=1 width=26)
                                                                                                               One-Time Filter: PartSelected
                                                                                                               ->  Append-only Columnar Scan on catalog_sales_1_prt_76  (cost=0.00..1.00 rows=1 width=26)
                                                                                                         ->  Result  (cost=0.00..1.00 rows=1 width=26)
                                                                                                               One-Time Filter: PartSelected
                                                                                                               ->  Append-only Columnar Scan on catalog_sales_1_prt_77  (cost=0.00..1.00 rows=1 width=26)
                                                                                                         ->  Result  (cost=0.00..1.00 rows=1 width=26)
                                                                                                               One-Time Filter: PartSelected
                                                                                                               ->  Append-only Columnar Scan on catalog_sales_1_prt_78  (cost=0.00..1.00 rows=1 width=26)
                                                                                                         ->  Result  (cost=0.00..1.00 rows=1 width=26)
                                                                                                               One-Time Filter: PartSelected
                                                                                                               ->  Append-only Columnar Scan on catalog_sales_1_prt_79  (cost=0.00..1.00 rows=1 width=26)
                                                                                                         ->  Result  (cost=0.00..1.00 rows=1 width=26)
                                                                                                               One-Time Filter: PartSelected
                                                                                                               ->  Append-only Columnar Scan on catalog_sales_1_prt_80  (cost=0.00..1.00 rows=1 width=26)
                                                                                                   ->  Hash  (cost=2022.65..2022.65 rows=577 width=12)
                                                                                                         ->  Partition Selector for catalog_sales (dynamic scan id: 1)  (cost=0.00..2022.65 rows=577 width=12)
                                                                                                               Filter: date_dim.d_date_sk
                                                                                                               ->  Broadcast Motion 3:3  (slice1; segments: 3)  (cost=0.00..2022.65 rows=577 width=12)
                                                                                                                     ->  Seq Scan on date_dim  (cost=0.00..1999.60 rows=193 width=12)
                                                                                                                           Filter: ((d_year = 2000) OR ((d_year = 1999) AND (d_moy = 12)) OR ((d_year = 2001) AND (d_moy = 1)))
                                                                                             ->  Hash  (cost=23.10..23.10 rows=42 width=18)
                                                                                                   ->  Broadcast Motion 3:3  (slice2; segments: 3)  (cost=0.00..23.10 rows=42 width=18)
                                                                                                         ->  Seq Scan on call_center  (cost=0.00..21.42 rows=14 width=18)
                                                                                       ->  Hash  (cost=17951.35..17951.35 rows=299247 width=27)
                                                                                             ->  Broadcast Motion 3:3  (slice3; segments: 3)  (cost=0.00..17951.35 rows=299247 width=27)
                                                                                                   ->  Seq Scan on item  (cost=0.00..5981.47 rows=99749 width=27)
                                 ->  Hash  (cost=2196137.52..2196137.52 rows=8 width=828)
                                       ->  Hash Join  (cost=106180.55..2196137.52 rows=8 width=828)
                                             Hash Cond: (((v1_lag.i_category)::text = (v1.i_category)::text) AND ((v1_lag.i_brand)::text = (v1.i_brand)::text) AND ((v1_lag.cc_name)::text = (v1.cc_name)::text) AND ((v1_lag.rn + 1) = v1.rn))
                                             ->  Subquery Scan on v1_lag  (cost=0.00..56617.54 rows=943626 width=394)
                                                   ->  WindowAgg  (cost=34799805.58..34941349.43 rows=943626 width=394)
                                                         Partition By: item_1.i_category, item_1.i_brand, call_center_1.cc_name, date_dim_1.d_year
                                                         ->  WindowAgg  (cost=34799805.58..34877654.70 rows=943626 width=394)
                                                               Partition By: item_1.i_category, item_1.i_brand, call_center_1.cc_name
                                                               Order By: date_dim_1.d_year, date_dim_1.d_moy
                                                               ->  Sort  (cost=34799805.58..34806882.77 rows=943626 width=394)
                                                                     Sort Key: item_1.i_category, item_1.i_brand, call_center_1.cc_name, date_dim_1.d_year, date_dim_1.d_moy
                                                                     ->  Redistribute Motion 3:3  (slice10; segments: 3)  (cost=32436929.63..32609940.73 rows=943626 width=394)
                                                                           Hash Key: item_1.i_category, item_1.i_brand, call_center_1.cc_name
                                                                           ->  HashAggregate  (cost=32436929.63..32525014.42 rows=943626 width=394)
                                                                                 Group Key: item_1.i_category, item_1.i_brand, call_center_1.cc_name, date_dim_1.d_year, date_dim_1.d_moy
                                                                                 ->  Redistribute Motion 3:3  (slice9; segments: 3)  (cost=32168356.12..32313458.89 rows=943626 width=394)
                                                                                       Hash Key: item_1.i_category, item_1.i_brand, call_center_1.cc_name, date_dim_1.d_year, date_dim_1.d_moy
                                                                                       ->  HashAggregate  (cost=32168356.12..32256841.35 rows=943626 width=394)
                                                                                             Group Key: item_1.i_category, item_1.i_brand, call_center_1.cc_name, date_dim_1.d_year, date_dim_1.d_moy
                                                                                             ->  Hash Join  (cost=31242.05..31998454.73 rows=3775587 width=51)
                                                                                                   Hash Cond: (catalog_sales_1_prt_outliers_1.cs_item_sk = item_1.i_item_sk)
                                                                                                   ->  Hash Join  (cost=2068.94..31785221.77 rows=3775587 width=32)
                                                                                                         Hash Cond: (catalog_sales_1_prt_outliers_1.cs_call_center_sk = call_center_1.cc_call_center_sk)
                                                                                                         ->  Hash Join  (cost=2044.26..31600931.36 rows=3786568 width=22)
                                                                                                               Hash Cond: (catalog_sales_1_prt_outliers_1.cs_sold_date_sk = date_dim_1.d_date_sk)
                                                                                                               ->  Append  (cost=0.00..22485412.30 rows=479993481 width=18)
                                                                                                                     ->  Result  (cost=0.00..95971.30 rows=2401110 width=18)
                                                                                                                           One-Time Filter: PartSelected
                                                                                                                           ->  Append-only Columnar Scan on catalog_sales_1_prt_outliers catalog_sales_1_prt_outliers_1  (cost=0.00..95971.30 rows=2401110 width=18)
                                                                                                                     ->  Result  (cost=0.00..198531.00 rows=4234734 width=18)
                                                                                                                           One-Time Filter: PartSelected
                                                                                                                           ->  Append-only Columnar Scan on catalog_sales_1_prt_2 catalog_sales_1_prt_2_1  (cost=0.00..198531.00 rows=4234734 width=18)
                                                                                                                     ->  Result  (cost=0.00..198470.00 rows=4233434 width=18)
                                                                                                                           One-Time Filter: PartSelected
                                                                                                                           ->  Append-only Columnar Scan on catalog_sales_1_prt_3 catalog_sales_1_prt_3_1  (cost=0.00..198470.00 rows=4233434 width=18)
                                                                                                                     ->  Result  (cost=0.00..191463.00 rows=4083934 width=18)
                                                                                                                           One-Time Filter: PartSelected
                                                                                                                           ->  Append-only Columnar Scan on catalog_sales_1_prt_4 catalog_sales_1_prt_4_1  (cost=0.00..191463.00 rows=4083934 width=18)
                                                                                                                     ->  Result  (cost=0.00..198330.00 rows=4230434 width=18)
                                                                                                                           One-Time Filter: PartSelected
                                                                                                                           ->  Append-only Columnar Scan on catalog_sales_1_prt_5 catalog_sales_1_prt_5_1  (cost=0.00..198330.00 rows=4230434 width=18)
                                                                                                                     ->  Result  (cost=0.00..198496.00 rows=4233967 width=18)
                                                                                                                           One-Time Filter: PartSelected
                                                                                                                           ->  Append-only Columnar Scan on catalog_sales_1_prt_6 catalog_sales_1_prt_6_1  (cost=0.00..198496.00 rows=4233967 width=18)
                                                                                                                     ->  Result  (cost=0.00..198494.00 rows=4233967 width=18)
                                                                                                                           One-Time Filter: PartSelected
                                                                                                                           ->  Append-only Columnar Scan on catalog_sales_1_prt_7 catalog_sales_1_prt_7_1  (cost=0.00..198494.00 rows=4233967 width=18)
                                                                                                                     ->  Result  (cost=0.00..198576.00 rows=4235667 width=18)
                                                                                                                           One-Time Filter: PartSelected
                                                                                                                           ->  Append-only Columnar Scan on catalog_sales_1_prt_8 catalog_sales_1_prt_8_1  (cost=0.00..198576.00 rows=4235667 width=18)
                                                                                                                     ->  Result  (cost=0.00..297942.00 rows=6355400 width=18)
                                                                                                                           One-Time Filter: PartSelected
                                                                                                                           ->  Append-only Columnar Scan on catalog_sales_1_prt_9 catalog_sales_1_prt_9_1  (cost=0.00..297942.00 rows=6355400 width=18)
                                                                                                                     ->  Result  (cost=0.00..451674.00 rows=9634834 width=18)
                                                                                                                           One-Time Filter: PartSelected
                                                                                                                           ->  Append-only Columnar Scan on catalog_sales_1_prt_10 catalog_sales_1_prt_10_1  (cost=0.00..451674.00 rows=9634834 width=18)
                                                                                                                     ->  Result  (cost=0.00..451572.00 rows=9632700 width=18)
                                                                                                                           One-Time Filter: PartSelected
                                                                                                                           ->  Append-only Columnar Scan on catalog_sales_1_prt_11 catalog_sales_1_prt_11_1  (cost=0.00..451572.00 rows=9632700 width=18)
                                                                                                                     ->  Result  (cost=0.00..476631.00 rows=10167234 width=18)
                                                                                                                           One-Time Filter: PartSelected
                                                                                                                           ->  Append-only Columnar Scan on catalog_sales_1_prt_12 catalog_sales_1_prt_12_1  (cost=0.00..476631.00 rows=10167234 width=18)
                                                                                                                     ->  Result  (cost=0.00..684375.00 rows=14598867 width=18)
                                                                                                                           One-Time Filter: PartSelected
                                                                                                                           ->  Append-only Columnar Scan on catalog_sales_1_prt_13 catalog_sales_1_prt_13_1  (cost=0.00..684375.00 rows=14598867 width=18)
                                                                                                                     ->  Result  (cost=0.00..684389.00 rows=14599200 width=18)
                                                                                                                           One-Time Filter: PartSelected
                                                                                                                           ->  Append-only Columnar Scan on catalog_sales_1_prt_14 catalog_sales_1_prt_14_1  (cost=0.00..684389.00 rows=14599200 width=18)
                                                                                                                     ->  Result  (cost=0.00..215804.00 rows=4603234 width=18)
                                                                                                                           One-Time Filter: PartSelected
                                                                                                                           ->  Append-only Columnar Scan on catalog_sales_1_prt_15 catalog_sales_1_prt_15_1  (cost=0.00..215804.00 rows=4603234 width=18)
                                                                                                                     ->  Result  (cost=0.00..198278.00 rows=4229400 width=18)
                                                                                                                           One-Time Filter: PartSelected
                                                                                                                           ->  Append-only Columnar Scan on catalog_sales_1_prt_16 catalog_sales_1_prt_16_1  (cost=0.00..198278.00 rows=4229400 width=18)
                                                                                                                     ->  Result  (cost=0.00..191360.00 rows=4081734 width=18)
                                                                                                                           One-Time Filter: PartSelected
                                                                                                                           ->  Append-only Columnar Scan on catalog_sales_1_prt_17 catalog_sales_1_prt_17_1  (cost=0.00..191360.00 rows=4081734 width=18)
                                                                                                                     ->  Result  (cost=0.00..198408.00 rows=4232134 width=18)
                                                                                                                           One-Time Filter: PartSelected
                                                                                                                           ->  Append-only Columnar Scan on catalog_sales_1_prt_18 catalog_sales_1_prt_18_1  (cost=0.00..198408.00 rows=4232134 width=18)
                                                                                                                     ->  Result  (cost=0.00..198462.00 rows=4233300 width=18)
                                                                                                                           One-Time Filter: PartSelected
                                                                                                                           ->  Append-only Columnar Scan on catalog_sales_1_prt_19 catalog_sales_1_prt_19_1  (cost=0.00..198462.00 rows=4233300 width=18)
                                                                                                                     ->  Result  (cost=0.00..198463.00 rows=4233267 width=18)
                                                                                                                           One-Time Filter: PartSelected
                                                                                                                           ->  Append-only Columnar Scan on catalog_sales_1_prt_20 catalog_sales_1_prt_20_1  (cost=0.00..198463.00 rows=4233267 width=18)
                                                                                                                     ->  Result  (cost=0.00..198544.00 rows=4235034 width=18)
                                                                                                                           One-Time Filter: PartSelected
                                                                                                                           ->  Append-only Columnar Scan on catalog_sales_1_prt_21 catalog_sales_1_prt_21_1  (cost=0.00..198544.00 rows=4235034 width=18)
                                                                                                                     ->  Result  (cost=0.00..288857.00 rows=6161600 width=18)
                                                                                                                           One-Time Filter: PartSelected
                                                                                                                           ->  Append-only Columnar Scan on catalog_sales_1_prt_22 catalog_sales_1_prt_22_1  (cost=0.00..288857.00 rows=6161600 width=18)
                                                                                                                     ->  Result  (cost=0.00..451775.00 rows=9637067 width=18)
                                                                                                                           One-Time Filter: PartSelected
                                                                                                                           ->  Append-only Columnar Scan on catalog_sales_1_prt_23 catalog_sales_1_prt_23_1  (cost=0.00..451775.00 rows=9637067 width=18)
                                                                                                                     ->  Result  (cost=0.00..451807.00 rows=9637734 width=18)
                                                                                                                           One-Time Filter: PartSelected
                                                                                                                           ->  Append-only Columnar Scan on catalog_sales_1_prt_24 catalog_sales_1_prt_24_1  (cost=0.00..451807.00 rows=9637734 width=18)
                                                                                                                     ->  Result  (cost=0.00..468431.00 rows=9992300 width=18)
                                                                                                                           One-Time Filter: PartSelected
                                                                                                                           ->  Append-only Columnar Scan on catalog_sales_1_prt_25 catalog_sales_1_prt_25_1  (cost=0.00..468431.00 rows=9992300 width=18)
                                                                                                                     ->  Result  (cost=0.00..684511.00 rows=14601800 width=18)
                                                                                                                           One-Time Filter: PartSelected
                                                                                                                           ->  Append-only Columnar Scan on catalog_sales_1_prt_26 catalog_sales_1_prt_26_1  (cost=0.00..684511.00 rows=14601800 width=18)
                                                                                                                     ->  Result  (cost=0.00..684485.00 rows=14601267 width=18)
                                                                                                                           One-Time Filter: PartSelected
                                                                                                                           ->  Append-only Columnar Scan on catalog_sales_1_prt_27 catalog_sales_1_prt_27_1  (cost=0.00..684485.00 rows=14601267 width=18)
                                                                                                                     ->  Result  (cost=0.00..232955.00 rows=4969100 width=18)
                                                                                                                           One-Time Filter: PartSelected
                                                                                                                           ->  Append-only Columnar Scan on catalog_sales_1_prt_28 catalog_sales_1_prt_28_1  (cost=0.00..232955.00 rows=4969100 width=18)
                                                                                                                     ->  Result  (cost=0.00..198182.00 rows=4227400 width=18)
                                                                                                                           One-Time Filter: PartSelected
                                                                                                                           ->  Append-only Columnar Scan on catalog_sales_1_prt_29 catalog_sales_1_prt_29_1  (cost=0.00..198182.00 rows=4227400 width=18)
                                                                                                                     ->  Result  (cost=0.00..198180.00 rows=4227300 width=18)
                                                                                                                           One-Time Filter: PartSelected
                                                                                                                           ->  Append-only Columnar Scan on catalog_sales_1_prt_30 catalog_sales_1_prt_30_1  (cost=0.00..198180.00 rows=4227300 width=18)
                                                                                                                     ->  Result  (cost=0.00..198236.00 rows=4228467 width=18)
                                                                                                                           One-Time Filter: PartSelected
                                                                                                                           ->  Append-only Columnar Scan on catalog_sales_1_prt_31 catalog_sales_1_prt_31_1  (cost=0.00..198236.00 rows=4228467 width=18)
                                                                                                                     ->  Result  (cost=0.00..198161.00 rows=4226867 width=18)
                                                                                                                           One-Time Filter: PartSelected
                                                                                                                           ->  Append-only Columnar Scan on catalog_sales_1_prt_32 catalog_sales_1_prt_32_1  (cost=0.00..198161.00 rows=4226867 width=18)
                                                                                                                     ->  Result  (cost=0.00..198143.00 rows=4226467 width=18)
                                                                                                                           One-Time Filter: PartSelected
                                                                                                                           ->  Append-only Columnar Scan on catalog_sales_1_prt_33 catalog_sales_1_prt_33_1  (cost=0.00..198143.00 rows=4226467 width=18)
                                                                                                                     ->  Result  (cost=0.00..198217.00 rows=4228000 width=18)
                                                                                                                           One-Time Filter: PartSelected
                                                                                                                           ->  Append-only Columnar Scan on catalog_sales_1_prt_34 catalog_sales_1_prt_34_1  (cost=0.00..198217.00 rows=4228000 width=18)
                                                                                                                     ->  Result  (cost=0.00..279401.00 rows=5959900 width=18)
                                                                                                                           One-Time Filter: PartSelected
                                                                                                                           ->  Append-only Columnar Scan on catalog_sales_1_prt_35 catalog_sales_1_prt_35_1  (cost=0.00..279401.00 rows=5959900 width=18)
                                                                                                                     ->  Result  (cost=0.00..451102.00 rows=9622600 width=18)
                                                                                                                           One-Time Filter: PartSelected
                                                                                                                           ->  Append-only Columnar Scan on catalog_sales_1_prt_36 catalog_sales_1_prt_36_1  (cost=0.00..451102.00 rows=9622600 width=18)
                                                                                                                     ->  Result  (cost=0.00..451004.00 rows=9620567 width=18)
                                                                                                                           One-Time Filter: PartSelected
                                                                                                                           ->  Append-only Columnar Scan on catalog_sales_1_prt_37 catalog_sales_1_prt_37_1  (cost=0.00..451004.00 rows=9620567 width=18)
                                                                                                                     ->  Result  (cost=0.00..459207.00 rows=9795567 width=18)
                                                                                                                           One-Time Filter: PartSelected
                                                                                                                           ->  Append-only Columnar Scan on catalog_sales_1_prt_38 catalog_sales_1_prt_38_1  (cost=0.00..459207.00 rows=9795567 width=18)
                                                                                                                     ->  Result  (cost=0.00..683201.00 rows=14573867 width=18)
                                                                                                                           One-Time Filter: PartSelected
                                                                                                                           ->  Append-only Columnar Scan on catalog_sales_1_prt_39 catalog_sales_1_prt_39_1  (cost=0.00..683201.00 rows=14573867 width=18)
                                                                                                                     ->  Result  (cost=0.00..683288.00 rows=14575634 width=18)
                                                                                                                           One-Time Filter: PartSelected
                                                                                                                           ->  Append-only Columnar Scan on catalog_sales_1_prt_40 catalog_sales_1_prt_40_1  (cost=0.00..683288.00 rows=14575634 width=18)
                                                                                                                     ->  Result  (cost=0.00..267716.00 rows=5710600 width=18)
                                                                                                                           One-Time Filter: PartSelected
                                                                                                                           ->  Append-only Columnar Scan on catalog_sales_1_prt_41 catalog_sales_1_prt_41_1  (cost=0.00..267716.00 rows=5710600 width=18)
                                                                                                                     ->  Result  (cost=0.00..198348.00 rows=4230867 width=18)
                                                                                                                           One-Time Filter: PartSelected
                                                                                                                           ->  Append-only Columnar Scan on catalog_sales_1_prt_42 catalog_sales_1_prt_42_1  (cost=0.00..198348.00 rows=4230867 width=18)
                                                                                                                     ->  Result  (cost=0.00..191374.00 rows=4082034 width=18)
                                                                                                                           One-Time Filter: PartSelected
                                                                                                                           ->  Append-only Columnar Scan on catalog_sales_1_prt_43 catalog_sales_1_prt_43_1  (cost=0.00..191374.00 rows=4082034 width=18)
                                                                                                                     ->  Result  (cost=0.00..198449.00 rows=4233067 width=18)
                                                                                                                           One-Time Filter: PartSelected
                                                                                                                           ->  Append-only Columnar Scan on catalog_sales_1_prt_44 catalog_sales_1_prt_44_1  (cost=0.00..198449.00 rows=4233067 width=18)
                                                                                                                     ->  Result  (cost=0.00..198436.00 rows=4232667 width=18)
                                                                                                                           One-Time Filter: PartSelected
                                                                                                                           ->  Append-only Columnar Scan on catalog_sales_1_prt_45 catalog_sales_1_prt_45_1  (cost=0.00..198436.00 rows=4232667 width=18)
                                                                                                                     ->  Result  (cost=0.00..198484.00 rows=4233767 width=18)
                                                                                                                           One-Time Filter: PartSelected
                                                                                                                           ->  Append-only Columnar Scan on catalog_sales_1_prt_46 catalog_sales_1_prt_46_1  (cost=0.00..198484.00 rows=4233767 width=18)
                                                                                                                     ->  Result  (cost=0.00..198486.00 rows=4233767 width=18)
                                                                                                                           One-Time Filter: PartSelected
                                                                                                                           ->  Append-only Columnar Scan on catalog_sales_1_prt_47 catalog_sales_1_prt_47_1  (cost=0.00..198486.00 rows=4233767 width=18)
                                                                                                                     ->  Result  (cost=0.00..261759.00 rows=5583500 width=18)
                                                                                                                           One-Time Filter: PartSelected
                                                                                                                           ->  Append-only Columnar Scan on catalog_sales_1_prt_48 catalog_sales_1_prt_48_1  (cost=0.00..261759.00 rows=5583500 width=18)
                                                                                                                     ->  Result  (cost=0.00..451867.00 rows=9638934 width=18)
                                                                                                                           One-Time Filter: PartSelected
                                                                                                                           ->  Append-only Columnar Scan on catalog_sales_1_prt_49 catalog_sales_1_prt_49_1  (cost=0.00..451867.00 rows=9638934 width=18)
                                                                                                                     ->  Result  (cost=0.00..451711.00 rows=9635634 width=18)
                                                                                                                           One-Time Filter: PartSelected
                                                                                                                           ->  Append-only Columnar Scan on catalog_sales_1_prt_50 catalog_sales_1_prt_50_1  (cost=0.00..451711.00 rows=9635634 width=18)
                                                                                                                     ->  Result  (cost=0.00..451715.00 rows=9635700 width=18)
                                                                                                                           One-Time Filter: PartSelected
                                                                                                                           ->  Append-only Columnar Scan on catalog_sales_1_prt_51 catalog_sales_1_prt_51_1  (cost=0.00..451715.00 rows=9635700 width=18)
                                                                                                                     ->  Result  (cost=0.00..676048.00 rows=14421300 width=18)
                                                                                                                           One-Time Filter: PartSelected
                                                                                                                           ->  Append-only Columnar Scan on catalog_sales_1_prt_52 catalog_sales_1_prt_52_1  (cost=0.00..676048.00 rows=14421300 width=18)
                                                                                                                     ->  Result  (cost=0.00..684330.00 rows=14597934 width=18)
                                                                                                                           One-Time Filter: PartSelected
                                                                                                                           ->  Append-only Columnar Scan on catalog_sales_1_prt_53 catalog_sales_1_prt_53_1  (cost=0.00..684330.00 rows=14597934 width=18)
                                                                                                                     ->  Result  (cost=0.00..285353.00 rows=6086800 width=18)
                                                                                                                           One-Time Filter: PartSelected
                                                                                                                           ->  Append-only Columnar Scan on catalog_sales_1_prt_54 catalog_sales_1_prt_54_1  (cost=0.00..285353.00 rows=6086800 width=18)
                                                                                                                     ->  Result  (cost=0.00..198500.00 rows=4234067 width=18)
                                                                                                                           One-Time Filter: PartSelected
                                                                                                                           ->  Append-only Columnar Scan on catalog_sales_1_prt_55 catalog_sales_1_prt_55_1  (cost=0.00..198500.00 rows=4234067 width=18)
                                                                                                                     ->  Result  (cost=0.00..191327.00 rows=4081100 width=18)
                                                                                                                           One-Time Filter: PartSelected
                                                                                                                           ->  Append-only Columnar Scan on catalog_sales_1_prt_56 catalog_sales_1_prt_56_1  (cost=0.00..191327.00 rows=4081100 width=18)
                                                                                                                     ->  Result  (cost=0.00..198470.00 rows=4233434 width=18)
                                                                                                                           One-Time Filter: PartSelected
                                                                                                                           ->  Append-only Columnar Scan on catalog_sales_1_prt_57 catalog_sales_1_prt_57_1  (cost=0.00..198470.00 rows=4233434 width=18)
                                                                                                                     ->  Result  (cost=0.00..198434.00 rows=4232667 width=18)
                                                                                                                           One-Time Filter: PartSelected
                                                                                                                           ->  Append-only Columnar Scan on catalog_sales_1_prt_58 catalog_sales_1_prt_58_1  (cost=0.00..198434.00 rows=4232667 width=18)
                                                                                                                     ->  Result  (cost=0.00..198457.00 rows=4233100 width=18)
                                                                                                                           One-Time Filter: PartSelected
                                                                                                                           ->  Append-only Columnar Scan on catalog_sales_1_prt_59 catalog_sales_1_prt_59_1  (cost=0.00..198457.00 rows=4233100 width=18)
                                                                                                                     ->  Result  (cost=0.00..198420.00 rows=4232400 width=18)
                                                                                                                           One-Time Filter: PartSelected
                                                                                                                           ->  Append-only Columnar Scan on catalog_sales_1_prt_60 catalog_sales_1_prt_60_1  (cost=0.00..198420.00 rows=4232400 width=18)
                                                                                                                     ->  Result  (cost=0.00..252732.00 rows=5390967 width=18)
                                                                                                                           One-Time Filter: PartSelected
                                                                                                                           ->  Append-only Columnar Scan on catalog_sales_1_prt_61 catalog_sales_1_prt_61_1  (cost=0.00..252732.00 rows=5390967 width=18)
                                                                                                                     ->  Result  (cost=0.00..451735.00 rows=9636134 width=18)
                                                                                                                           One-Time Filter: PartSelected
                                                                                                                           ->  Append-only Columnar Scan on catalog_sales_1_prt_62 catalog_sales_1_prt_62_1  (cost=0.00..451735.00 rows=9636134 width=18)
                                                                                                                     ->  Result  (cost=0.00..451761.00 rows=9636700 width=18)
                                                                                                                           One-Time Filter: PartSelected
                                                                                                                           ->  Append-only Columnar Scan on catalog_sales_1_prt_63 catalog_sales_1_prt_63_1  (cost=0.00..451761.00 rows=9636700 width=18)
                                                                                                                     ->  Result  (cost=0.00..451680.00 rows=9634900 width=18)
                                                                                                                           One-Time Filter: PartSelected
                                                                                                                           ->  Append-only Columnar Scan on catalog_sales_1_prt_64 catalog_sales_1_prt_64_1  (cost=0.00..451680.00 rows=9634900 width=18)
                                                                                                                     ->  Result  (cost=0.00..667727.00 rows=14243734 width=18)
                                                                                                                           One-Time Filter: PartSelected
                                                                                                                           ->  Append-only Columnar Scan on catalog_sales_1_prt_65 catalog_sales_1_prt_65_1  (cost=0.00..667727.00 rows=14243734 width=18)
                                                                                                                     ->  Result  (cost=0.00..684173.00 rows=14594534 width=18)
                                                                                                                           One-Time Filter: PartSelected
                                                                                                                           ->  Append-only Columnar Scan on catalog_sales_1_prt_66 catalog_sales_1_prt_66_1  (cost=0.00..684173.00 rows=14594534 width=18)
                                                                                                                     ->  Result  (cost=0.00..244531.00 rows=5216100 width=18)
                                                                                                                           One-Time Filter: PartSelected
                                                                                                                           ->  Append-only Columnar Scan on catalog_sales_1_prt_67 catalog_sales_1_prt_67_1  (cost=0.00..244531.00 rows=5216100 width=18)
                                                                                                                     ->  Result  (cost=0.00..1.00 rows=1 width=26)
                                                                                                                           One-Time Filter: PartSelected
                                                                                                                           ->  Append-only Columnar Scan on catalog_sales_1_prt_68 catalog_sales_1_prt_68_1  (cost=0.00..1.00 rows=1 width=26)
                                                                                                                     ->  Result  (cost=0.00..1.00 rows=1 width=26)
                                                                                                                           One-Time Filter: PartSelected
                                                                                                                           ->  Append-only Columnar Scan on catalog_sales_1_prt_69 catalog_sales_1_prt_69_1  (cost=0.00..1.00 rows=1 width=26)
                                                                                                                     ->  Result  (cost=0.00..1.00 rows=1 width=26)
                                                                                                                           One-Time Filter: PartSelected
                                                                                                                           ->  Append-only Columnar Scan on catalog_sales_1_prt_70 catalog_sales_1_prt_70_1  (cost=0.00..1.00 rows=1 width=26)
                                                                                                                     ->  Result  (cost=0.00..1.00 rows=1 width=26)
                                                                                                                           One-Time Filter: PartSelected
                                                                                                                           ->  Append-only Columnar Scan on catalog_sales_1_prt_71 catalog_sales_1_prt_71_1  (cost=0.00..1.00 rows=1 width=26)
                                                                                                                     ->  Result  (cost=0.00..1.00 rows=1 width=26)
                                                                                                                           One-Time Filter: PartSelected
                                                                                                                           ->  Append-only Columnar Scan on catalog_sales_1_prt_72 catalog_sales_1_prt_72_1  (cost=0.00..1.00 rows=1 width=26)
                                                                                                                     ->  Result  (cost=0.00..1.00 rows=1 width=26)
                                                                                                                           One-Time Filter: PartSelected
                                                                                                                           ->  Append-only Columnar Scan on catalog_sales_1_prt_73 catalog_sales_1_prt_73_1  (cost=0.00..1.00 rows=1 width=26)
                                                                                                                     ->  Result  (cost=0.00..1.00 rows=1 width=26)
                                                                                                                           One-Time Filter: PartSelected
                                                                                                                           ->  Append-only Columnar Scan on catalog_sales_1_prt_74 catalog_sales_1_prt_74_1  (cost=0.00..1.00 rows=1 width=26)
                                                                                                                     ->  Result  (cost=0.00..1.00 rows=1 width=26)
                                                                                                                           One-Time Filter: PartSelected
                                                                                                                           ->  Append-only Columnar Scan on catalog_sales_1_prt_75 catalog_sales_1_prt_75_1  (cost=0.00..1.00 rows=1 width=26)
                                                                                                                     ->  Result  (cost=0.00..1.00 rows=1 width=26)
                                                                                                                           One-Time Filter: PartSelected
                                                                                                                           ->  Append-only Columnar Scan on catalog_sales_1_prt_76 catalog_sales_1_prt_76_1  (cost=0.00..1.00 rows=1 width=26)
                                                                                                                     ->  Result  (cost=0.00..1.00 rows=1 width=26)
                                                                                                                           One-Time Filter: PartSelected
                                                                                                                           ->  Append-only Columnar Scan on catalog_sales_1_prt_77 catalog_sales_1_prt_77_1  (cost=0.00..1.00 rows=1 width=26)
                                                                                                                     ->  Result  (cost=0.00..1.00 rows=1 width=26)
                                                                                                                           One-Time Filter: PartSelected
                                                                                                                           ->  Append-only Columnar Scan on catalog_sales_1_prt_78 catalog_sales_1_prt_78_1  (cost=0.00..1.00 rows=1 width=26)
                                                                                                                     ->  Result  (cost=0.00..1.00 rows=1 width=26)
                                                                                                                           One-Time Filter: PartSelected
                                                                                                                           ->  Append-only Columnar Scan on catalog_sales_1_prt_79 catalog_sales_1_prt_79_1  (cost=0.00..1.00 rows=1 width=26)
                                                                                                                     ->  Result  (cost=0.00..1.00 rows=1 width=26)
                                                                                                                           One-Time Filter: PartSelected
                                                                                                                           ->  Append-only Columnar Scan on catalog_sales_1_prt_80 catalog_sales_1_prt_80_1  (cost=0.00..1.00 rows=1 width=26)
                                                                                                               ->  Hash  (cost=2022.65..2022.65 rows=577 width=12)
                                                                                                                     ->  Partition Selector for catalog_sales (dynamic scan id: 1)  (cost=0.00..2022.65 rows=577 width=12)
                                                                                                                           Filter: date_dim_1.d_date_sk
                                                                                                                           ->  Broadcast Motion 3:3  (slice6; segments: 3)  (cost=0.00..2022.65 rows=577 width=12)
                                                                                                                                 ->  Seq Scan on date_dim date_dim_1  (cost=0.00..1999.60 rows=193 width=12)
                                                                                                                                       Filter: ((d_year = 2000) OR ((d_year = 1999) AND (d_moy = 12)) OR ((d_year = 2001) AND (d_moy = 1)))
                                                                                                         ->  Hash  (cost=23.10..23.10 rows=42 width=18)
                                                                                                               ->  Broadcast Motion 3:3  (slice7; segments: 3)  (cost=0.00..23.10 rows=42 width=18)
                                                                                                                     ->  Seq Scan on call_center call_center_1  (cost=0.00..21.42 rows=14 width=18)
                                                                                                   ->  Hash  (cost=17951.35..17951.35 rows=299247 width=27)
                                                                                                         ->  Broadcast Motion 3:3  (slice8; segments: 3)  (cost=0.00..17951.35 rows=299247 width=27)
                                                                                                               ->  Seq Scan on item item_1  (cost=0.00..5981.47 rows=99749 width=27)
                                             ->  Hash  (cost=106157.89..106157.89 rows=378 width=434)
                                                   ->  Subquery Scan on v1  (cost=0.00..106157.89 rows=378 width=434)
                                                         Filter: ((v1.avg_monthly_sales > 0::numeric) AND (v1.d_year = 2000) AND (CASE WHEN (v1.avg_monthly_sales > 0::numeric) THEN (abs((v1.sum_sales - v1.avg_monthly_sales)) / v1.avg_monthly_sales) ELSE NULL::numeric END > 0.1))
                                                         ->  WindowAgg  (cost=34799805.58..34941349.43 rows=943626 width=394)
                                                               Partition By: item_2.i_category, item_2.i_brand, call_center_2.cc_name, date_dim_2.d_year
                                                               ->  WindowAgg  (cost=34799805.58..34877654.70 rows=943626 width=394)
                                                                     Partition By: item_2.i_category, item_2.i_brand, call_center_2.cc_name
                                                                     Order By: date_dim_2.d_year, date_dim_2.d_moy
                                                                     ->  Sort  (cost=34799805.58..34806882.77 rows=943626 width=394)
                                                                           Sort Key: item_2.i_category, item_2.i_brand, call_center_2.cc_name, date_dim_2.d_year, date_dim_2.d_moy
                                                                           ->  Redistribute Motion 3:3  (slice15; segments: 3)  (cost=32436929.63..32609940.73 rows=943626 width=394)
                                                                                 Hash Key: item_2.i_category, item_2.i_brand, call_center_2.cc_name
                                                                                 ->  HashAggregate  (cost=32436929.63..32525014.42 rows=943626 width=394)
                                                                                       Group Key: item_2.i_category, item_2.i_brand, call_center_2.cc_name, date_dim_2.d_year, date_dim_2.d_moy
                                                                                       ->  Redistribute Motion 3:3  (slice14; segments: 3)  (cost=32168356.12..32313458.89 rows=943626 width=394)
                                                                                             Hash Key: item_2.i_category, item_2.i_brand, call_center_2.cc_name, date_dim_2.d_year, date_dim_2.d_moy
                                                                                             ->  HashAggregate  (cost=32168356.12..32256841.35 rows=943626 width=394)
                                                                                                   Group Key: item_2.i_category, item_2.i_brand, call_center_2.cc_name, date_dim_2.d_year, date_dim_2.d_moy
                                                                                                   ->  Hash Join  (cost=31242.05..31998454.73 rows=3775587 width=51)
                                                                                                         Hash Cond: (catalog_sales_1_prt_outliers_2.cs_item_sk = item_2.i_item_sk)
                                                                                                         ->  Hash Join  (cost=2068.94..31785221.77 rows=3775587 width=32)
                                                                                                               Hash Cond: (catalog_sales_1_prt_outliers_2.cs_call_center_sk = call_center_2.cc_call_center_sk)
                                                                                                               ->  Hash Join  (cost=2044.26..31600931.36 rows=3786568 width=22)
                                                                                                                     Hash Cond: (catalog_sales_1_prt_outliers_2.cs_sold_date_sk = date_dim_2.d_date_sk)
                                                                                                                     ->  Append  (cost=0.00..22485412.30 rows=479993481 width=18)
                                                                                                                           ->  Result  (cost=0.00..95971.30 rows=2401110 width=18)
                                                                                                                                 One-Time Filter: PartSelected
                                                                                                                                 ->  Append-only Columnar Scan on catalog_sales_1_prt_outliers catalog_sales_1_prt_outliers_2  (cost=0.00..95971.30 rows=2401110 width=18)
                                                                                                                           ->  Result  (cost=0.00..198531.00 rows=4234734 width=18)
                                                                                                                                 One-Time Filter: PartSelected
                                                                                                                                 ->  Append-only Columnar Scan on catalog_sales_1_prt_2 catalog_sales_1_prt_2_2  (cost=0.00..198531.00 rows=4234734 width=18)
                                                                                                                           ->  Result  (cost=0.00..198470.00 rows=4233434 width=18)
                                                                                                                                 One-Time Filter: PartSelected
                                                                                                                                 ->  Append-only Columnar Scan on catalog_sales_1_prt_3 catalog_sales_1_prt_3_2  (cost=0.00..198470.00 rows=4233434 width=18)
                                                                                                                           ->  Result  (cost=0.00..191463.00 rows=4083934 width=18)
                                                                                                                                 One-Time Filter: PartSelected
                                                                                                                                 ->  Append-only Columnar Scan on catalog_sales_1_prt_4 catalog_sales_1_prt_4_2  (cost=0.00..191463.00 rows=4083934 width=18)
                                                                                                                           ->  Result  (cost=0.00..198330.00 rows=4230434 width=18)
                                                                                                                                 One-Time Filter: PartSelected
                                                                                                                                 ->  Append-only Columnar Scan on catalog_sales_1_prt_5 catalog_sales_1_prt_5_2  (cost=0.00..198330.00 rows=4230434 width=18)
                                                                                                                           ->  Result  (cost=0.00..198496.00 rows=4233967 width=18)
                                                                                                                                 One-Time Filter: PartSelected
                                                                                                                                 ->  Append-only Columnar Scan on catalog_sales_1_prt_6 catalog_sales_1_prt_6_2  (cost=0.00..198496.00 rows=4233967 width=18)
                                                                                                                           ->  Result  (cost=0.00..198494.00 rows=4233967 width=18)
                                                                                                                                 One-Time Filter: PartSelected
                                                                                                                                 ->  Append-only Columnar Scan on catalog_sales_1_prt_7 catalog_sales_1_prt_7_2  (cost=0.00..198494.00 rows=4233967 width=18)
                                                                                                                           ->  Result  (cost=0.00..198576.00 rows=4235667 width=18)
                                                                                                                                 One-Time Filter: PartSelected
                                                                                                                                 ->  Append-only Columnar Scan on catalog_sales_1_prt_8 catalog_sales_1_prt_8_2  (cost=0.00..198576.00 rows=4235667 width=18)
                                                                                                                           ->  Result  (cost=0.00..297942.00 rows=6355400 width=18)
                                                                                                                                 One-Time Filter: PartSelected
                                                                                                                                 ->  Append-only Columnar Scan on catalog_sales_1_prt_9 catalog_sales_1_prt_9_2  (cost=0.00..297942.00 rows=6355400 width=18)
                                                                                                                           ->  Result  (cost=0.00..451674.00 rows=9634834 width=18)
                                                                                                                                 One-Time Filter: PartSelected
                                                                                                                                 ->  Append-only Columnar Scan on catalog_sales_1_prt_10 catalog_sales_1_prt_10_2  (cost=0.00..451674.00 rows=9634834 width=18)
                                                                                                                           ->  Result  (cost=0.00..451572.00 rows=9632700 width=18)
                                                                                                                                 One-Time Filter: PartSelected
                                                                                                                                 ->  Append-only Columnar Scan on catalog_sales_1_prt_11 catalog_sales_1_prt_11_2  (cost=0.00..451572.00 rows=9632700 width=18)
                                                                                                                           ->  Result  (cost=0.00..476631.00 rows=10167234 width=18)
                                                                                                                                 One-Time Filter: PartSelected
                                                                                                                                 ->  Append-only Columnar Scan on catalog_sales_1_prt_12 catalog_sales_1_prt_12_2  (cost=0.00..476631.00 rows=10167234 width=18)
                                                                                                                           ->  Result  (cost=0.00..684375.00 rows=14598867 width=18)
                                                                                                                                 One-Time Filter: PartSelected
                                                                                                                                 ->  Append-only Columnar Scan on catalog_sales_1_prt_13 catalog_sales_1_prt_13_2  (cost=0.00..684375.00 rows=14598867 width=18)
                                                                                                                           ->  Result  (cost=0.00..684389.00 rows=14599200 width=18)
                                                                                                                                 One-Time Filter: PartSelected
                                                                                                                                 ->  Append-only Columnar Scan on catalog_sales_1_prt_14 catalog_sales_1_prt_14_2  (cost=0.00..684389.00 rows=14599200 width=18)
                                                                                                                           ->  Result  (cost=0.00..215804.00 rows=4603234 width=18)
                                                                                                                                 One-Time Filter: PartSelected
                                                                                                                                 ->  Append-only Columnar Scan on catalog_sales_1_prt_15 catalog_sales_1_prt_15_2  (cost=0.00..215804.00 rows=4603234 width=18)
                                                                                                                           ->  Result  (cost=0.00..198278.00 rows=4229400 width=18)
                                                                                                                                 One-Time Filter: PartSelected
                                                                                                                                 ->  Append-only Columnar Scan on catalog_sales_1_prt_16 catalog_sales_1_prt_16_2  (cost=0.00..198278.00 rows=4229400 width=18)
                                                                                                                           ->  Result  (cost=0.00..191360.00 rows=4081734 width=18)
                                                                                                                                 One-Time Filter: PartSelected
                                                                                                                                 ->  Append-only Columnar Scan on catalog_sales_1_prt_17 catalog_sales_1_prt_17_2  (cost=0.00..191360.00 rows=4081734 width=18)
                                                                                                                           ->  Result  (cost=0.00..198408.00 rows=4232134 width=18)
                                                                                                                                 One-Time Filter: PartSelected
                                                                                                                                 ->  Append-only Columnar Scan on catalog_sales_1_prt_18 catalog_sales_1_prt_18_2  (cost=0.00..198408.00 rows=4232134 width=18)
                                                                                                                           ->  Result  (cost=0.00..198462.00 rows=4233300 width=18)
                                                                                                                                 One-Time Filter: PartSelected
                                                                                                                                 ->  Append-only Columnar Scan on catalog_sales_1_prt_19 catalog_sales_1_prt_19_2  (cost=0.00..198462.00 rows=4233300 width=18)
                                                                                                                           ->  Result  (cost=0.00..198463.00 rows=4233267 width=18)
                                                                                                                                 One-Time Filter: PartSelected
                                                                                                                                 ->  Append-only Columnar Scan on catalog_sales_1_prt_20 catalog_sales_1_prt_20_2  (cost=0.00..198463.00 rows=4233267 width=18)
                                                                                                                           ->  Result  (cost=0.00..198544.00 rows=4235034 width=18)
                                                                                                                                 One-Time Filter: PartSelected
                                                                                                                                 ->  Append-only Columnar Scan on catalog_sales_1_prt_21 catalog_sales_1_prt_21_2  (cost=0.00..198544.00 rows=4235034 width=18)
                                                                                                                           ->  Result  (cost=0.00..288857.00 rows=6161600 width=18)
                                                                                                                                 One-Time Filter: PartSelected
                                                                                                                                 ->  Append-only Columnar Scan on catalog_sales_1_prt_22 catalog_sales_1_prt_22_2  (cost=0.00..288857.00 rows=6161600 width=18)
                                                                                                                           ->  Result  (cost=0.00..451775.00 rows=9637067 width=18)
                                                                                                                                 One-Time Filter: PartSelected
                                                                                                                                 ->  Append-only Columnar Scan on catalog_sales_1_prt_23 catalog_sales_1_prt_23_2  (cost=0.00..451775.00 rows=9637067 width=18)
                                                                                                                           ->  Result  (cost=0.00..451807.00 rows=9637734 width=18)
                                                                                                                                 One-Time Filter: PartSelected
                                                                                                                                 ->  Append-only Columnar Scan on catalog_sales_1_prt_24 catalog_sales_1_prt_24_2  (cost=0.00..451807.00 rows=9637734 width=18)
                                                                                                                           ->  Result  (cost=0.00..468431.00 rows=9992300 width=18)
                                                                                                                                 One-Time Filter: PartSelected
                                                                                                                                 ->  Append-only Columnar Scan on catalog_sales_1_prt_25 catalog_sales_1_prt_25_2  (cost=0.00..468431.00 rows=9992300 width=18)
                                                                                                                           ->  Result  (cost=0.00..684511.00 rows=14601800 width=18)
                                                                                                                                 One-Time Filter: PartSelected
                                                                                                                                 ->  Append-only Columnar Scan on catalog_sales_1_prt_26 catalog_sales_1_prt_26_2  (cost=0.00..684511.00 rows=14601800 width=18)
                                                                                                                           ->  Result  (cost=0.00..684485.00 rows=14601267 width=18)
                                                                                                                                 One-Time Filter: PartSelected
                                                                                                                                 ->  Append-only Columnar Scan on catalog_sales_1_prt_27 catalog_sales_1_prt_27_2  (cost=0.00..684485.00 rows=14601267 width=18)
                                                                                                                           ->  Result  (cost=0.00..232955.00 rows=4969100 width=18)
                                                                                                                                 One-Time Filter: PartSelected
                                                                                                                                 ->  Append-only Columnar Scan on catalog_sales_1_prt_28 catalog_sales_1_prt_28_2  (cost=0.00..232955.00 rows=4969100 width=18)
                                                                                                                           ->  Result  (cost=0.00..198182.00 rows=4227400 width=18)
                                                                                                                                 One-Time Filter: PartSelected
                                                                                                                                 ->  Append-only Columnar Scan on catalog_sales_1_prt_29 catalog_sales_1_prt_29_2  (cost=0.00..198182.00 rows=4227400 width=18)
                                                                                                                           ->  Result  (cost=0.00..198180.00 rows=4227300 width=18)
                                                                                                                                 One-Time Filter: PartSelected
                                                                                                                                 ->  Append-only Columnar Scan on catalog_sales_1_prt_30 catalog_sales_1_prt_30_2  (cost=0.00..198180.00 rows=4227300 width=18)
                                                                                                                           ->  Result  (cost=0.00..198236.00 rows=4228467 width=18)
                                                                                                                                 One-Time Filter: PartSelected
                                                                                                                                 ->  Append-only Columnar Scan on catalog_sales_1_prt_31 catalog_sales_1_prt_31_2  (cost=0.00..198236.00 rows=4228467 width=18)
                                                                                                                           ->  Result  (cost=0.00..198161.00 rows=4226867 width=18)
                                                                                                                                 One-Time Filter: PartSelected
                                                                                                                                 ->  Append-only Columnar Scan on catalog_sales_1_prt_32 catalog_sales_1_prt_32_2  (cost=0.00..198161.00 rows=4226867 width=18)
                                                                                                                           ->  Result  (cost=0.00..198143.00 rows=4226467 width=18)
                                                                                                                                 One-Time Filter: PartSelected
                                                                                                                                 ->  Append-only Columnar Scan on catalog_sales_1_prt_33 catalog_sales_1_prt_33_2  (cost=0.00..198143.00 rows=4226467 width=18)
                                                                                                                           ->  Result  (cost=0.00..198217.00 rows=4228000 width=18)
                                                                                                                                 One-Time Filter: PartSelected
                                                                                                                                 ->  Append-only Columnar Scan on catalog_sales_1_prt_34 catalog_sales_1_prt_34_2  (cost=0.00..198217.00 rows=4228000 width=18)
                                                                                                                           ->  Result  (cost=0.00..279401.00 rows=5959900 width=18)
                                                                                                                                 One-Time Filter: PartSelected
                                                                                                                                 ->  Append-only Columnar Scan on catalog_sales_1_prt_35 catalog_sales_1_prt_35_2  (cost=0.00..279401.00 rows=5959900 width=18)
                                                                                                                           ->  Result  (cost=0.00..451102.00 rows=9622600 width=18)
                                                                                                                                 One-Time Filter: PartSelected
                                                                                                                                 ->  Append-only Columnar Scan on catalog_sales_1_prt_36 catalog_sales_1_prt_36_2  (cost=0.00..451102.00 rows=9622600 width=18)
                                                                                                                           ->  Result  (cost=0.00..451004.00 rows=9620567 width=18)
                                                                                                                                 One-Time Filter: PartSelected
                                                                                                                                 ->  Append-only Columnar Scan on catalog_sales_1_prt_37 catalog_sales_1_prt_37_2  (cost=0.00..451004.00 rows=9620567 width=18)
                                                                                                                           ->  Result  (cost=0.00..459207.00 rows=9795567 width=18)
                                                                                                                                 One-Time Filter: PartSelected
                                                                                                                                 ->  Append-only Columnar Scan on catalog_sales_1_prt_38 catalog_sales_1_prt_38_2  (cost=0.00..459207.00 rows=9795567 width=18)
                                                                                                                           ->  Result  (cost=0.00..683201.00 rows=14573867 width=18)
                                                                                                                                 One-Time Filter: PartSelected
                                                                                                                                 ->  Append-only Columnar Scan on catalog_sales_1_prt_39 catalog_sales_1_prt_39_2  (cost=0.00..683201.00 rows=14573867 width=18)
                                                                                                                           ->  Result  (cost=0.00..683288.00 rows=14575634 width=18)
                                                                                                                                 One-Time Filter: PartSelected
                                                                                                                                 ->  Append-only Columnar Scan on catalog_sales_1_prt_40 catalog_sales_1_prt_40_2  (cost=0.00..683288.00 rows=14575634 width=18)
                                                                                                                           ->  Result  (cost=0.00..267716.00 rows=5710600 width=18)
                                                                                                                                 One-Time Filter: PartSelected
                                                                                                                                 ->  Append-only Columnar Scan on catalog_sales_1_prt_41 catalog_sales_1_prt_41_2  (cost=0.00..267716.00 rows=5710600 width=18)
                                                                                                                           ->  Result  (cost=0.00..198348.00 rows=4230867 width=18)
                                                                                                                                 One-Time Filter: PartSelected
                                                                                                                                 ->  Append-only Columnar Scan on catalog_sales_1_prt_42 catalog_sales_1_prt_42_2  (cost=0.00..198348.00 rows=4230867 width=18)
                                                                                                                           ->  Result  (cost=0.00..191374.00 rows=4082034 width=18)
                                                                                                                                 One-Time Filter: PartSelected
                                                                                                                                 ->  Append-only Columnar Scan on catalog_sales_1_prt_43 catalog_sales_1_prt_43_2  (cost=0.00..191374.00 rows=4082034 width=18)
                                                                                                                           ->  Result  (cost=0.00..198449.00 rows=4233067 width=18)
                                                                                                                                 One-Time Filter: PartSelected
                                                                                                                                 ->  Append-only Columnar Scan on catalog_sales_1_prt_44 catalog_sales_1_prt_44_2  (cost=0.00..198449.00 rows=4233067 width=18)
                                                                                                                           ->  Result  (cost=0.00..198436.00 rows=4232667 width=18)
                                                                                                                                 One-Time Filter: PartSelected
                                                                                                                                 ->  Append-only Columnar Scan on catalog_sales_1_prt_45 catalog_sales_1_prt_45_2  (cost=0.00..198436.00 rows=4232667 width=18)
                                                                                                                           ->  Result  (cost=0.00..198484.00 rows=4233767 width=18)
                                                                                                                                 One-Time Filter: PartSelected
                                                                                                                                 ->  Append-only Columnar Scan on catalog_sales_1_prt_46 catalog_sales_1_prt_46_2  (cost=0.00..198484.00 rows=4233767 width=18)
                                                                                                                           ->  Result  (cost=0.00..198486.00 rows=4233767 width=18)
                                                                                                                                 One-Time Filter: PartSelected
                                                                                                                                 ->  Append-only Columnar Scan on catalog_sales_1_prt_47 catalog_sales_1_prt_47_2  (cost=0.00..198486.00 rows=4233767 width=18)
                                                                                                                           ->  Result  (cost=0.00..261759.00 rows=5583500 width=18)
                                                                                                                                 One-Time Filter: PartSelected
                                                                                                                                 ->  Append-only Columnar Scan on catalog_sales_1_prt_48 catalog_sales_1_prt_48_2  (cost=0.00..261759.00 rows=5583500 width=18)
                                                                                                                           ->  Result  (cost=0.00..451867.00 rows=9638934 width=18)
                                                                                                                                 One-Time Filter: PartSelected
                                                                                                                                 ->  Append-only Columnar Scan on catalog_sales_1_prt_49 catalog_sales_1_prt_49_2  (cost=0.00..451867.00 rows=9638934 width=18)
                                                                                                                           ->  Result  (cost=0.00..451711.00 rows=9635634 width=18)
                                                                                                                                 One-Time Filter: PartSelected
                                                                                                                                 ->  Append-only Columnar Scan on catalog_sales_1_prt_50 catalog_sales_1_prt_50_2  (cost=0.00..451711.00 rows=9635634 width=18)
                                                                                                                           ->  Result  (cost=0.00..451715.00 rows=9635700 width=18)
                                                                                                                                 One-Time Filter: PartSelected
                                                                                                                                 ->  Append-only Columnar Scan on catalog_sales_1_prt_51 catalog_sales_1_prt_51_2  (cost=0.00..451715.00 rows=9635700 width=18)
                                                                                                                           ->  Result  (cost=0.00..676048.00 rows=14421300 width=18)
                                                                                                                                 One-Time Filter: PartSelected
                                                                                                                                 ->  Append-only Columnar Scan on catalog_sales_1_prt_52 catalog_sales_1_prt_52_2  (cost=0.00..676048.00 rows=14421300 width=18)
                                                                                                                           ->  Result  (cost=0.00..684330.00 rows=14597934 width=18)
                                                                                                                                 One-Time Filter: PartSelected
                                                                                                                                 ->  Append-only Columnar Scan on catalog_sales_1_prt_53 catalog_sales_1_prt_53_2  (cost=0.00..684330.00 rows=14597934 width=18)
                                                                                                                           ->  Result  (cost=0.00..285353.00 rows=6086800 width=18)
                                                                                                                                 One-Time Filter: PartSelected
                                                                                                                                 ->  Append-only Columnar Scan on catalog_sales_1_prt_54 catalog_sales_1_prt_54_2  (cost=0.00..285353.00 rows=6086800 width=18)
                                                                                                                           ->  Result  (cost=0.00..198500.00 rows=4234067 width=18)
                                                                                                                                 One-Time Filter: PartSelected
                                                                                                                                 ->  Append-only Columnar Scan on catalog_sales_1_prt_55 catalog_sales_1_prt_55_2  (cost=0.00..198500.00 rows=4234067 width=18)
                                                                                                                           ->  Result  (cost=0.00..191327.00 rows=4081100 width=18)
                                                                                                                                 One-Time Filter: PartSelected
                                                                                                                                 ->  Append-only Columnar Scan on catalog_sales_1_prt_56 catalog_sales_1_prt_56_2  (cost=0.00..191327.00 rows=4081100 width=18)
                                                                                                                           ->  Result  (cost=0.00..198470.00 rows=4233434 width=18)
                                                                                                                                 One-Time Filter: PartSelected
                                                                                                                                 ->  Append-only Columnar Scan on catalog_sales_1_prt_57 catalog_sales_1_prt_57_2  (cost=0.00..198470.00 rows=4233434 width=18)
                                                                                                                           ->  Result  (cost=0.00..198434.00 rows=4232667 width=18)
                                                                                                                                 One-Time Filter: PartSelected
                                                                                                                                 ->  Append-only Columnar Scan on catalog_sales_1_prt_58 catalog_sales_1_prt_58_2  (cost=0.00..198434.00 rows=4232667 width=18)
                                                                                                                           ->  Result  (cost=0.00..198457.00 rows=4233100 width=18)
                                                                                                                                 One-Time Filter: PartSelected
                                                                                                                                 ->  Append-only Columnar Scan on catalog_sales_1_prt_59 catalog_sales_1_prt_59_2  (cost=0.00..198457.00 rows=4233100 width=18)
                                                                                                                           ->  Result  (cost=0.00..198420.00 rows=4232400 width=18)
                                                                                                                                 One-Time Filter: PartSelected
                                                                                                                                 ->  Append-only Columnar Scan on catalog_sales_1_prt_60 catalog_sales_1_prt_60_2  (cost=0.00..198420.00 rows=4232400 width=18)
                                                                                                                           ->  Result  (cost=0.00..252732.00 rows=5390967 width=18)
                                                                                                                                 One-Time Filter: PartSelected
                                                                                                                                 ->  Append-only Columnar Scan on catalog_sales_1_prt_61 catalog_sales_1_prt_61_2  (cost=0.00..252732.00 rows=5390967 width=18)
                                                                                                                           ->  Result  (cost=0.00..451735.00 rows=9636134 width=18)
                                                                                                                                 One-Time Filter: PartSelected
                                                                                                                                 ->  Append-only Columnar Scan on catalog_sales_1_prt_62 catalog_sales_1_prt_62_2  (cost=0.00..451735.00 rows=9636134 width=18)
                                                                                                                           ->  Result  (cost=0.00..451761.00 rows=9636700 width=18)
                                                                                                                                 One-Time Filter: PartSelected
                                                                                                                                 ->  Append-only Columnar Scan on catalog_sales_1_prt_63 catalog_sales_1_prt_63_2  (cost=0.00..451761.00 rows=9636700 width=18)
                                                                                                                           ->  Result  (cost=0.00..451680.00 rows=9634900 width=18)
                                                                                                                                 One-Time Filter: PartSelected
                                                                                                                                 ->  Append-only Columnar Scan on catalog_sales_1_prt_64 catalog_sales_1_prt_64_2  (cost=0.00..451680.00 rows=9634900 width=18)
                                                                                                                           ->  Result  (cost=0.00..667727.00 rows=14243734 width=18)
                                                                                                                                 One-Time Filter: PartSelected
                                                                                                                                 ->  Append-only Columnar Scan on catalog_sales_1_prt_65 catalog_sales_1_prt_65_2  (cost=0.00..667727.00 rows=14243734 width=18)
                                                                                                                           ->  Result  (cost=0.00..684173.00 rows=14594534 width=18)
                                                                                                                                 One-Time Filter: PartSelected
                                                                                                                                 ->  Append-only Columnar Scan on catalog_sales_1_prt_66 catalog_sales_1_prt_66_2  (cost=0.00..684173.00 rows=14594534 width=18)
                                                                                                                           ->  Result  (cost=0.00..244531.00 rows=5216100 width=18)
                                                                                                                                 One-Time Filter: PartSelected
                                                                                                                                 ->  Append-only Columnar Scan on catalog_sales_1_prt_67 catalog_sales_1_prt_67_2  (cost=0.00..244531.00 rows=5216100 width=18)
                                                                                                                           ->  Result  (cost=0.00..1.00 rows=1 width=26)
                                                                                                                                 One-Time Filter: PartSelected
                                                                                                                                 ->  Append-only Columnar Scan on catalog_sales_1_prt_68 catalog_sales_1_prt_68_2  (cost=0.00..1.00 rows=1 width=26)
                                                                                                                           ->  Result  (cost=0.00..1.00 rows=1 width=26)
                                                                                                                                 One-Time Filter: PartSelected
                                                                                                                                 ->  Append-only Columnar Scan on catalog_sales_1_prt_69 catalog_sales_1_prt_69_2  (cost=0.00..1.00 rows=1 width=26)
                                                                                                                           ->  Result  (cost=0.00..1.00 rows=1 width=26)
                                                                                                                                 One-Time Filter: PartSelected
                                                                                                                                 ->  Append-only Columnar Scan on catalog_sales_1_prt_70 catalog_sales_1_prt_70_2  (cost=0.00..1.00 rows=1 width=26)
                                                                                                                           ->  Result  (cost=0.00..1.00 rows=1 width=26)
                                                                                                                                 One-Time Filter: PartSelected
                                                                                                                                 ->  Append-only Columnar Scan on catalog_sales_1_prt_71 catalog_sales_1_prt_71_2  (cost=0.00..1.00 rows=1 width=26)
                                                                                                                           ->  Result  (cost=0.00..1.00 rows=1 width=26)
                                                                                                                                 One-Time Filter: PartSelected
                                                                                                                                 ->  Append-only Columnar Scan on catalog_sales_1_prt_72 catalog_sales_1_prt_72_2  (cost=0.00..1.00 rows=1 width=26)
                                                                                                                           ->  Result  (cost=0.00..1.00 rows=1 width=26)
                                                                                                                                 One-Time Filter: PartSelected
                                                                                                                                 ->  Append-only Columnar Scan on catalog_sales_1_prt_73 catalog_sales_1_prt_73_2  (cost=0.00..1.00 rows=1 width=26)
                                                                                                                           ->  Result  (cost=0.00..1.00 rows=1 width=26)
                                                                                                                                 One-Time Filter: PartSelected
                                                                                                                                 ->  Append-only Columnar Scan on catalog_sales_1_prt_74 catalog_sales_1_prt_74_2  (cost=0.00..1.00 rows=1 width=26)
                                                                                                                           ->  Result  (cost=0.00..1.00 rows=1 width=26)
                                                                                                                                 One-Time Filter: PartSelected
                                                                                                                                 ->  Append-only Columnar Scan on catalog_sales_1_prt_75 catalog_sales_1_prt_75_2  (cost=0.00..1.00 rows=1 width=26)
                                                                                                                           ->  Result  (cost=0.00..1.00 rows=1 width=26)
                                                                                                                                 One-Time Filter: PartSelected
                                                                                                                                 ->  Append-only Columnar Scan on catalog_sales_1_prt_76 catalog_sales_1_prt_76_2  (cost=0.00..1.00 rows=1 width=26)
                                                                                                                           ->  Result  (cost=0.00..1.00 rows=1 width=26)
                                                                                                                                 One-Time Filter: PartSelected
                                                                                                                                 ->  Append-only Columnar Scan on catalog_sales_1_prt_77 catalog_sales_1_prt_77_2  (cost=0.00..1.00 rows=1 width=26)
                                                                                                                           ->  Result  (cost=0.00..1.00 rows=1 width=26)
                                                                                                                                 One-Time Filter: PartSelected
                                                                                                                                 ->  Append-only Columnar Scan on catalog_sales_1_prt_78 catalog_sales_1_prt_78_2  (cost=0.00..1.00 rows=1 width=26)
                                                                                                                           ->  Result  (cost=0.00..1.00 rows=1 width=26)
                                                                                                                                 One-Time Filter: PartSelected
                                                                                                                                 ->  Append-only Columnar Scan on catalog_sales_1_prt_79 catalog_sales_1_prt_79_2  (cost=0.00..1.00 rows=1 width=26)
                                                                                                                           ->  Result  (cost=0.00..1.00 rows=1 width=26)
                                                                                                                                 One-Time Filter: PartSelected
                                                                                                                                 ->  Append-only Columnar Scan on catalog_sales_1_prt_80 catalog_sales_1_prt_80_2  (cost=0.00..1.00 rows=1 width=26)
                                                                                                                     ->  Hash  (cost=2022.65..2022.65 rows=577 width=12)
                                                                                                                           ->  Partition Selector for catalog_sales (dynamic scan id: 1)  (cost=0.00..2022.65 rows=577 width=12)
                                                                                                                                 Filter: date_dim_2.d_date_sk
                                                                                                                                 ->  Broadcast Motion 3:3  (slice11; segments: 3)  (cost=0.00..2022.65 rows=577 width=12)
                                                                                                                                       ->  Seq Scan on date_dim date_dim_2  (cost=0.00..1999.60 rows=193 width=12)
                                                                                                                                             Filter: ((d_year = 2000) OR ((d_year = 1999) AND (d_moy = 12)) OR ((d_year = 2001) AND (d_moy = 1)))
                                                                                                               ->  Hash  (cost=23.10..23.10 rows=42 width=18)
                                                                                                                     ->  Broadcast Motion 3:3  (slice12; segments: 3)  (cost=0.00..23.10 rows=42 width=18)
                                                                                                                           ->  Seq Scan on call_center call_center_2  (cost=0.00..21.42 rows=14 width=18)
                                                                                                         ->  Hash  (cost=17951.35..17951.35 rows=299247 width=27)
                                                                                                               ->  Broadcast Motion 3:3  (slice13; segments: 3)  (cost=0.00..17951.35 rows=299247 width=27)
                                                                                                                     ->  Seq Scan on item item_2  (cost=0.00..5981.47 rows=99749 width=27)
 Planning time: 34.905 ms
 Optimizer: legacy query optimizer
(841 rows)

-- end query 1 in stream 0 using template query57.tpl
