-- start query 1 in stream 0 using template query58.tpl
explain
with ss_items as
 (select i_item_id item_id
        ,sum(ss_ext_sales_price) ss_item_rev 
 from store_sales
     ,item
     ,date_dim
 where ss_item_sk = i_item_sk
   and d_date in (select d_date
                  from date_dim
                  where d_week_seq = (select d_week_seq 
                                      from date_dim
                                      where d_date = '1998-02-19'))
   and ss_sold_date_sk   = d_date_sk
 group by i_item_id),
 cs_items as
 (select i_item_id item_id
        ,sum(cs_ext_sales_price) cs_item_rev
  from catalog_sales
      ,item
      ,date_dim
 where cs_item_sk = i_item_sk
  and  d_date in (select d_date
                  from date_dim
                  where d_week_seq = (select d_week_seq 
                                      from date_dim
                                      where d_date = '1998-02-19'))
  and  cs_sold_date_sk = d_date_sk
 group by i_item_id),
 ws_items as
 (select i_item_id item_id
        ,sum(ws_ext_sales_price) ws_item_rev
  from web_sales
      ,item
      ,date_dim
 where ws_item_sk = i_item_sk
  and  d_date in (select d_date
                  from date_dim
                  where d_week_seq =(select d_week_seq 
                                     from date_dim
                                     where d_date = '1998-02-19'))
  and ws_sold_date_sk   = d_date_sk
 group by i_item_id)
  select  ss_items.item_id
       ,ss_item_rev
       ,ss_item_rev/(ss_item_rev+cs_item_rev+ws_item_rev)/3 * 100 ss_dev
       ,cs_item_rev
       ,cs_item_rev/(ss_item_rev+cs_item_rev+ws_item_rev)/3 * 100 cs_dev
       ,ws_item_rev
       ,ws_item_rev/(ss_item_rev+cs_item_rev+ws_item_rev)/3 * 100 ws_dev
       ,(ss_item_rev+cs_item_rev+ws_item_rev)/3 average
 from ss_items,cs_items,ws_items
 where ss_items.item_id=cs_items.item_id
   and ss_items.item_id=ws_items.item_id 
   and ss_item_rev between 0.9 * cs_item_rev and 1.1 * cs_item_rev
   and ss_item_rev between 0.9 * ws_item_rev and 1.1 * ws_item_rev
   and cs_item_rev between 0.9 * ss_item_rev and 1.1 * ss_item_rev
   and cs_item_rev between 0.9 * ws_item_rev and 1.1 * ws_item_rev
   and ws_item_rev between 0.9 * ss_item_rev and 1.1 * ss_item_rev
   and ws_item_rev between 0.9 * cs_item_rev and 1.1 * cs_item_rev
 order by item_id
         ,ss_item_rev
 limit 100;
                                                                                                                                                                                                                                                                                                                                                              QUERY PLAN                                                                                                                                                                                                                                                                                                                                                              
--------------------------------------------------------------------------------------------------------------------------------------------------------------------------------------------------------------------------------------------------------------------------------------------------------------------------------------------------------------------------------------------------------------------------------------------------------------------------------------------------------------------------------------------------------------------------------------------------------------------------------------------------------------------------------------------------------------------------------------
 Limit  (cost=5019.64..5020.00 rows=17 width=146)
   ->  Gather Motion 3:1  (slice16; segments: 3)  (cost=5019.64..5020.00 rows=17 width=146)
         Merge Key: item_2.i_item_id, (pg_catalog.sum((sum(store_sales_1_prt_outliers.ss_ext_sales_price))))
         ->  Limit  (cost=5019.64..5019.68 rows=6 width=146)
               ->  Sort  (cost=5019.64..5019.68 rows=6 width=146)
                     Sort Key: item_2.i_item_id, (pg_catalog.sum((sum(store_sales_1_prt_outliers.ss_ext_sales_price))))
                     ->  Hash Join  (cost=3048.46..5019.31 rows=6 width=146)
                           Hash Cond: ((ws_items.item_id)::text = (item_2.i_item_id)::text)
                           Join Filter: (((pg_catalog.sum((sum(store_sales_1_prt_outliers.ss_ext_sales_price)))) >= (0.9 * ws_items.ws_item_rev)) AND ((pg_catalog.sum((sum(store_sales_1_prt_outliers.ss_ext_sales_price)))) <= (1.1 * ws_items.ws_item_rev)) AND (ws_items.ws_item_rev >= (0.9 * (pg_catalog.sum((sum(store_sales_1_prt_outliers.ss_ext_sales_price)))))) AND (ws_items.ws_item_rev <= (1.1 * (pg_catalog.sum((sum(store_sales_1_prt_outliers.ss_ext_sales_price)))))) AND (cs_items.cs_item_rev >= (0.9 * ws_items.ws_item_rev)) AND (cs_items.cs_item_rev <= (1.1 * ws_items.ws_item_rev)) AND (ws_items.ws_item_rev >= (0.9 * cs_items.cs_item_rev)) AND (ws_items.ws_item_rev <= (1.1 * cs_items.cs_item_rev)))
                           ->  Subquery Scan on ws_items  (cost=0.00..1383.40 rows=23057 width=82)
                                 ->  HashAggregate  (cost=13855385.02..13856249.64 rows=23057 width=82)
                                       Group Key: item.i_item_id
                                       InitPlan 3 (returns $2)  (slice17)
                                         ->  Gather Motion 3:1  (slice5; segments: 3)  (cost=0.00..1269.11 rows=1 width=4)
                                               ->  Seq Scan on date_dim date_dim_8  (cost=0.00..1269.11 rows=1 width=4)
                                                     Filter: (d_date = '02-19-1998'::date)
                                       ->  Redistribute Motion 3:3  (slice4; segments: 3)  (cost=13851694.95..13853078.35 rows=23057 width=82)
                                             Hash Key: item.i_item_id
                                             ->  HashAggregate  (cost=13851694.95..13851694.95 rows=23057 width=82)
                                                   Group Key: item.i_item_id
                                                   ->  Hash Join  (cost=12271.40..13851349.10 rows=23057 width=23)
                                                         Hash Cond: (web_sales_1_prt_outliers.ws_item_sk = item.i_item_sk)
                                                         ->  Redistribute Motion 3:3  (slice3; segments: 3)  (cost=2549.34..13840675.94 rows=23057 width=10)
                                                               Hash Key: web_sales_1_prt_outliers.ws_item_sk
                                                               ->  Hash Join  (cost=2549.34..13839292.52 rows=23057 width=10)
                                                                     Hash Cond: (web_sales_1_prt_outliers.ws_sold_date_sk = date_dim.d_date_sk)
                                                                     ->  Append  (cost=0.00..11136051.31 rows=240000015 width=14)
                                                                           ->  Result  (cost=0.00..2391.21 rows=59974 width=14)
                                                                                 One-Time Filter: PartSelected
                                                                                 ->  Append-only Columnar Scan on web_sales_1_prt_outliers  (cost=0.00..2391.21 rows=59974 width=14)
                                                                           ->  Result  (cost=0.00..94902.80 rows=2044794 width=14)
                                                                                 One-Time Filter: PartSelected
                                                                                 ->  Append-only Columnar Scan on web_sales_1_prt_2  (cost=0.00..94902.80 rows=2044794 width=14)
                                                                           ->  Result  (cost=0.00..98794.40 rows=2129180 width=14)
                                                                                 One-Time Filter: PartSelected
                                                                                 ->  Append-only Columnar Scan on web_sales_1_prt_3  (cost=0.00..98794.40 rows=2129180 width=14)
                                                                           ->  Result  (cost=0.00..95176.20 rows=2051340 width=14)
                                                                                 One-Time Filter: PartSelected
                                                                                 ->  Append-only Columnar Scan on web_sales_1_prt_4  (cost=0.00..95176.20 rows=2051340 width=14)
                                                                           ->  Result  (cost=0.00..98886.20 rows=2130874 width=14)
                                                                                 One-Time Filter: PartSelected
                                                                                 ->  Append-only Columnar Scan on web_sales_1_prt_5  (cost=0.00..98886.20 rows=2130874 width=14)
                                                                           ->  Result  (cost=0.00..98686.80 rows=2126394 width=14)
                                                                                 One-Time Filter: PartSelected
                                                                                 ->  Append-only Columnar Scan on web_sales_1_prt_6  (cost=0.00..98686.80 rows=2126394 width=14)
                                                                           ->  Result  (cost=0.00..98900.30 rows=2131144 width=14)
                                                                                 One-Time Filter: PartSelected
                                                                                 ->  Append-only Columnar Scan on web_sales_1_prt_7  (cost=0.00..98900.30 rows=2131144 width=14)
                                                                           ->  Result  (cost=0.00..98568.30 rows=2124144 width=14)
                                                                                 One-Time Filter: PartSelected
                                                                                 ->  Append-only Columnar Scan on web_sales_1_prt_8  (cost=0.00..98568.30 rows=2124144 width=14)
                                                                           ->  Result  (cost=0.00..143675.40 rows=3096280 width=14)
                                                                                 One-Time Filter: PartSelected
                                                                                 ->  Append-only Columnar Scan on web_sales_1_prt_9  (cost=0.00..143675.40 rows=3096280 width=14)
                                                                           ->  Result  (cost=0.00..224454.00 rows=4837567 width=14)
                                                                                 One-Time Filter: PartSelected
                                                                                 ->  Append-only Columnar Scan on web_sales_1_prt_10  (cost=0.00..224454.00 rows=4837567 width=14)
                                                                           ->  Result  (cost=0.00..224538.00 rows=4838600 width=14)
                                                                                 One-Time Filter: PartSelected
                                                                                 ->  Append-only Columnar Scan on web_sales_1_prt_11  (cost=0.00..224538.00 rows=4838600 width=14)
                                                                           ->  Result  (cost=0.00..232917.00 rows=5019700 width=14)
                                                                                 One-Time Filter: PartSelected
                                                                                 ->  Append-only Columnar Scan on web_sales_1_prt_12  (cost=0.00..232917.00 rows=5019700 width=14)
                                                                           ->  Result  (cost=0.00..340347.00 rows=7335234 width=14)
                                                                                 One-Time Filter: PartSelected
                                                                                 ->  Append-only Columnar Scan on web_sales_1_prt_13  (cost=0.00..340347.00 rows=7335234 width=14)
                                                                           ->  Result  (cost=0.00..339963.00 rows=7326700 width=14)
                                                                                 One-Time Filter: PartSelected
                                                                                 ->  Append-only Columnar Scan on web_sales_1_prt_14  (cost=0.00..339963.00 rows=7326700 width=14)
                                                                           ->  Result  (cost=0.00..128058.80 rows=2759894 width=14)
                                                                                 One-Time Filter: PartSelected
                                                                                 ->  Append-only Columnar Scan on web_sales_1_prt_15  (cost=0.00..128058.80 rows=2759894 width=14)
                                                                           ->  Result  (cost=0.00..98762.90 rows=2127930 width=14)
                                                                                 One-Time Filter: PartSelected
                                                                                 ->  Append-only Columnar Scan on web_sales_1_prt_16  (cost=0.00..98762.90 rows=2127930 width=14)
                                                                           ->  Result  (cost=0.00..95130.30 rows=2049977 width=14)
                                                                                 One-Time Filter: PartSelected
                                                                                 ->  Append-only Columnar Scan on web_sales_1_prt_17  (cost=0.00..95130.30 rows=2049977 width=14)
                                                                           ->  Result  (cost=0.00..98536.30 rows=2123477 width=14)
                                                                                 One-Time Filter: PartSelected
                                                                                 ->  Append-only Columnar Scan on web_sales_1_prt_18  (cost=0.00..98536.30 rows=2123477 width=14)
                                                                           ->  Result  (cost=0.00..98763.80 rows=2128160 width=14)
                                                                                 One-Time Filter: PartSelected
                                                                                 ->  Append-only Columnar Scan on web_sales_1_prt_19  (cost=0.00..98763.80 rows=2128160 width=14)
                                                                           ->  Result  (cost=0.00..98632.00 rows=2125534 width=14)
                                                                                 One-Time Filter: PartSelected
                                                                                 ->  Append-only Columnar Scan on web_sales_1_prt_20  (cost=0.00..98632.00 rows=2125534 width=14)
                                                                           ->  Result  (cost=0.00..98600.90 rows=2124597 width=14)
                                                                                 One-Time Filter: PartSelected
                                                                                 ->  Append-only Columnar Scan on web_sales_1_prt_21  (cost=0.00..98600.90 rows=2124597 width=14)
                                                                           ->  Result  (cost=0.00..139196.60 rows=2999954 width=14)
                                                                                 One-Time Filter: PartSelected
                                                                                 ->  Append-only Columnar Scan on web_sales_1_prt_22  (cost=0.00..139196.60 rows=2999954 width=14)
                                                                           ->  Result  (cost=0.00..224702.00 rows=4842300 width=14)
                                                                                 One-Time Filter: PartSelected
                                                                                 ->  Append-only Columnar Scan on web_sales_1_prt_23  (cost=0.00..224702.00 rows=4842300 width=14)
                                                                           ->  Result  (cost=0.00..224404.00 rows=4836067 width=14)
                                                                                 One-Time Filter: PartSelected
                                                                                 ->  Append-only Columnar Scan on web_sales_1_prt_24  (cost=0.00..224404.00 rows=4836067 width=14)
                                                                           ->  Result  (cost=0.00..228579.00 rows=4926567 width=14)
                                                                                 One-Time Filter: PartSelected
                                                                                 ->  Append-only Columnar Scan on web_sales_1_prt_25  (cost=0.00..228579.00 rows=4926567 width=14)
                                                                           ->  Result  (cost=0.00..340407.00 rows=7336234 width=14)
                                                                                 One-Time Filter: PartSelected
                                                                                 ->  Append-only Columnar Scan on web_sales_1_prt_26  (cost=0.00..340407.00 rows=7336234 width=14)
                                                                           ->  Result  (cost=0.00..339824.00 rows=7323934 width=14)
                                                                                 One-Time Filter: PartSelected
                                                                                 ->  Append-only Columnar Scan on web_sales_1_prt_27  (cost=0.00..339824.00 rows=7323934 width=14)
                                                                           ->  Result  (cost=0.00..136669.10 rows=2945270 width=14)
                                                                                 One-Time Filter: PartSelected
                                                                                 ->  Append-only Columnar Scan on web_sales_1_prt_28  (cost=0.00..136669.10 rows=2945270 width=14)
                                                                           ->  Result  (cost=0.00..98265.40 rows=2117680 width=14)
                                                                                 One-Time Filter: PartSelected
                                                                                 ->  Append-only Columnar Scan on web_sales_1_prt_29  (cost=0.00..98265.40 rows=2117680 width=14)
                                                                           ->  Result  (cost=0.00..98510.80 rows=2122894 width=14)
                                                                                 One-Time Filter: PartSelected
                                                                                 ->  Append-only Columnar Scan on web_sales_1_prt_30  (cost=0.00..98510.80 rows=2122894 width=14)
                                                                           ->  Result  (cost=0.00..98626.80 rows=2125460 width=14)
                                                                                 One-Time Filter: PartSelected
                                                                                 ->  Append-only Columnar Scan on web_sales_1_prt_31  (cost=0.00..98626.80 rows=2125460 width=14)
                                                                           ->  Result  (cost=0.00..98594.80 rows=2124860 width=14)
                                                                                 One-Time Filter: PartSelected
                                                                                 ->  Append-only Columnar Scan on web_sales_1_prt_32  (cost=0.00..98594.80 rows=2124860 width=14)
                                                                           ->  Result  (cost=0.00..98426.60 rows=2121220 width=14)
                                                                                 One-Time Filter: PartSelected
                                                                                 ->  Append-only Columnar Scan on web_sales_1_prt_33  (cost=0.00..98426.60 rows=2121220 width=14)
                                                                           ->  Result  (cost=0.00..98533.60 rows=2123320 width=14)
                                                                                 One-Time Filter: PartSelected
                                                                                 ->  Append-only Columnar Scan on web_sales_1_prt_34  (cost=0.00..98533.60 rows=2123320 width=14)
                                                                           ->  Result  (cost=0.00..134141.00 rows=2890900 width=14)
                                                                                 One-Time Filter: PartSelected
                                                                                 ->  Append-only Columnar Scan on web_sales_1_prt_35  (cost=0.00..134141.00 rows=2890900 width=14)
                                                                           ->  Result  (cost=0.00..224203.00 rows=4832167 width=14)
                                                                                 One-Time Filter: PartSelected
                                                                                 ->  Append-only Columnar Scan on web_sales_1_prt_36  (cost=0.00..224203.00 rows=4832167 width=14)
                                                                           ->  Result  (cost=0.00..224486.00 rows=4838100 width=14)
                                                                                 One-Time Filter: PartSelected
                                                                                 ->  Append-only Columnar Scan on web_sales_1_prt_37  (cost=0.00..224486.00 rows=4838100 width=14)
                                                                           ->  Result  (cost=0.00..224574.00 rows=4840000 width=14)
                                                                                 One-Time Filter: PartSelected
                                                                                 ->  Append-only Columnar Scan on web_sales_1_prt_38  (cost=0.00..224574.00 rows=4840000 width=14)
                                                                           ->  Result  (cost=0.00..339843.00 rows=7323734 width=14)
                                                                                 One-Time Filter: PartSelected
                                                                                 ->  Append-only Columnar Scan on web_sales_1_prt_39  (cost=0.00..339843.00 rows=7323734 width=14)
                                                                           ->  Result  (cost=0.00..339993.00 rows=7327400 width=14)
                                                                                 One-Time Filter: PartSelected
                                                                                 ->  Append-only Columnar Scan on web_sales_1_prt_40  (cost=0.00..339993.00 rows=7327400 width=14)
                                                                           ->  Result  (cost=0.00..141767.90 rows=3054930 width=14)
                                                                                 One-Time Filter: PartSelected
                                                                                 ->  Append-only Columnar Scan on web_sales_1_prt_41  (cost=0.00..141767.90 rows=3054930 width=14)
                                                                           ->  Result  (cost=0.00..98461.00 rows=2121867 width=14)
                                                                                 One-Time Filter: PartSelected
                                                                                 ->  Append-only Columnar Scan on web_sales_1_prt_42  (cost=0.00..98461.00 rows=2121867 width=14)
                                                                           ->  Result  (cost=0.00..95277.50 rows=2053050 width=14)
                                                                                 One-Time Filter: PartSelected
                                                                                 ->  Append-only Columnar Scan on web_sales_1_prt_43  (cost=0.00..95277.50 rows=2053050 width=14)
                                                                           ->  Result  (cost=0.00..98854.40 rows=2130480 width=14)
                                                                                 One-Time Filter: PartSelected
                                                                                 ->  Append-only Columnar Scan on web_sales_1_prt_44  (cost=0.00..98854.40 rows=2130480 width=14)
                                                                           ->  Result  (cost=0.00..98738.70 rows=2127790 width=14)
                                                                                 One-Time Filter: PartSelected
                                                                                 ->  Append-only Columnar Scan on web_sales_1_prt_45  (cost=0.00..98738.70 rows=2127790 width=14)
                                                                           ->  Result  (cost=0.00..98685.60 rows=2126654 width=14)
                                                                                 One-Time Filter: PartSelected
                                                                                 ->  Append-only Columnar Scan on web_sales_1_prt_46  (cost=0.00..98685.60 rows=2126654 width=14)
                                                                           ->  Result  (cost=0.00..98998.50 rows=2133217 width=14)
                                                                                 One-Time Filter: PartSelected
                                                                                 ->  Append-only Columnar Scan on web_sales_1_prt_47  (cost=0.00..98998.50 rows=2133217 width=14)
                                                                           ->  Result  (cost=0.00..125716.80 rows=2709260 width=14)
                                                                                 One-Time Filter: PartSelected
                                                                                 ->  Append-only Columnar Scan on web_sales_1_prt_48  (cost=0.00..125716.80 rows=2709260 width=14)
                                                                           ->  Result  (cost=0.00..224729.00 rows=4843367 width=14)
                                                                                 One-Time Filter: PartSelected
                                                                                 ->  Append-only Columnar Scan on web_sales_1_prt_49  (cost=0.00..224729.00 rows=4843367 width=14)
                                                                           ->  Result  (cost=0.00..224641.00 rows=4841034 width=14)
                                                                                 One-Time Filter: PartSelected
                                                                                 ->  Append-only Columnar Scan on web_sales_1_prt_50  (cost=0.00..224641.00 rows=4841034 width=14)
                                                                           ->  Result  (cost=0.00..224630.00 rows=4841267 width=14)
                                                                                 One-Time Filter: PartSelected
                                                                                 ->  Append-only Columnar Scan on web_sales_1_prt_51  (cost=0.00..224630.00 rows=4841267 width=14)
                                                                           ->  Result  (cost=0.00..332139.00 rows=7158600 width=14)
                                                                                 One-Time Filter: PartSelected
                                                                                 ->  Append-only Columnar Scan on web_sales_1_prt_52  (cost=0.00..332139.00 rows=7158600 width=14)
                                                                           ->  Result  (cost=0.00..340420.00 rows=7336634 width=14)
                                                                                 One-Time Filter: PartSelected
                                                                                 ->  Append-only Columnar Scan on web_sales_1_prt_53  (cost=0.00..340420.00 rows=7336634 width=14)
                                                                           ->  Result  (cost=0.00..162712.00 rows=3506534 width=14)
                                                                                 One-Time Filter: PartSelected
                                                                                 ->  Append-only Columnar Scan on web_sales_1_prt_54  (cost=0.00..162712.00 rows=3506534 width=14)
                                                                           ->  Result  (cost=0.00..98867.20 rows=2130440 width=14)
                                                                                 One-Time Filter: PartSelected
                                                                                 ->  Append-only Columnar Scan on web_sales_1_prt_55  (cost=0.00..98867.20 rows=2130440 width=14)
                                                                           ->  Result  (cost=0.00..95121.00 rows=2049967 width=14)
                                                                                 One-Time Filter: PartSelected
                                                                                 ->  Append-only Columnar Scan on web_sales_1_prt_56  (cost=0.00..95121.00 rows=2049967 width=14)
                                                                           ->  Result  (cost=0.00..98600.60 rows=2124820 width=14)
                                                                                 One-Time Filter: PartSelected
                                                                                 ->  Append-only Columnar Scan on web_sales_1_prt_57  (cost=0.00..98600.60 rows=2124820 width=14)
                                                                           ->  Result  (cost=0.00..98639.10 rows=2125604 width=14)
                                                                                 One-Time Filter: PartSelected
                                                                                 ->  Append-only Columnar Scan on web_sales_1_prt_58  (cost=0.00..98639.10 rows=2125604 width=14)
                                                                           ->  Result  (cost=0.00..98591.40 rows=2124880 width=14)
                                                                                 One-Time Filter: PartSelected
                                                                                 ->  Append-only Columnar Scan on web_sales_1_prt_59  (cost=0.00..98591.40 rows=2124880 width=14)
                                                                           ->  Result  (cost=0.00..98868.30 rows=2130610 width=14)
                                                                                 One-Time Filter: PartSelected
                                                                                 ->  Append-only Columnar Scan on web_sales_1_prt_60  (cost=0.00..98868.30 rows=2130610 width=14)
                                                                           ->  Result  (cost=0.00..121113.60 rows=2609954 width=14)
                                                                                 One-Time Filter: PartSelected
                                                                                 ->  Append-only Columnar Scan on web_sales_1_prt_61  (cost=0.00..121113.60 rows=2609954 width=14)
                                                                           ->  Result  (cost=0.00..224388.00 rows=4835634 width=14)
                                                                                 One-Time Filter: PartSelected
                                                                                 ->  Append-only Columnar Scan on web_sales_1_prt_62  (cost=0.00..224388.00 rows=4835634 width=14)
                                                                           ->  Result  (cost=0.00..224495.00 rows=4837834 width=14)
                                                                                 One-Time Filter: PartSelected
                                                                                 ->  Append-only Columnar Scan on web_sales_1_prt_63  (cost=0.00..224495.00 rows=4837834 width=14)
                                                                           ->  Result  (cost=0.00..224520.00 rows=4838767 width=14)
                                                                                 One-Time Filter: PartSelected
                                                                                 ->  Append-only Columnar Scan on web_sales_1_prt_64  (cost=0.00..224520.00 rows=4838767 width=14)
                                                                           ->  Result  (cost=0.00..328357.00 rows=7076767 width=14)
                                                                                 One-Time Filter: PartSelected
                                                                                 ->  Append-only Columnar Scan on web_sales_1_prt_65  (cost=0.00..328357.00 rows=7076767 width=14)
                                                                           ->  Result  (cost=0.00..340970.00 rows=7348567 width=14)
                                                                                 One-Time Filter: PartSelected
                                                                                 ->  Append-only Columnar Scan on web_sales_1_prt_66  (cost=0.00..340970.00 rows=7348567 width=14)
                                                                           ->  Result  (cost=0.00..97070.40 rows=2091947 width=14)
                                                                                 One-Time Filter: PartSelected
                                                                                 ->  Append-only Columnar Scan on web_sales_1_prt_67  (cost=0.00..97070.40 rows=2091947 width=14)
                                                                           ->  Result  (cost=0.00..1.00 rows=1 width=22)
                                                                                 One-Time Filter: PartSelected
                                                                                 ->  Append-only Columnar Scan on web_sales_1_prt_68  (cost=0.00..1.00 rows=1 width=22)
                                                                           ->  Result  (cost=0.00..1.00 rows=1 width=22)
                                                                                 One-Time Filter: PartSelected
                                                                                 ->  Append-only Columnar Scan on web_sales_1_prt_69  (cost=0.00..1.00 rows=1 width=22)
                                                                           ->  Result  (cost=0.00..1.00 rows=1 width=22)
                                                                                 One-Time Filter: PartSelected
                                                                                 ->  Append-only Columnar Scan on web_sales_1_prt_70  (cost=0.00..1.00 rows=1 width=22)
                                                                           ->  Result  (cost=0.00..1.00 rows=1 width=22)
                                                                                 One-Time Filter: PartSelected
                                                                                 ->  Append-only Columnar Scan on web_sales_1_prt_71  (cost=0.00..1.00 rows=1 width=22)
                                                                           ->  Result  (cost=0.00..1.00 rows=1 width=22)
                                                                                 One-Time Filter: PartSelected
                                                                                 ->  Append-only Columnar Scan on web_sales_1_prt_72  (cost=0.00..1.00 rows=1 width=22)
                                                                           ->  Result  (cost=0.00..1.00 rows=1 width=22)
                                                                                 One-Time Filter: PartSelected
                                                                                 ->  Append-only Columnar Scan on web_sales_1_prt_73  (cost=0.00..1.00 rows=1 width=22)
                                                                           ->  Result  (cost=0.00..1.00 rows=1 width=22)
                                                                                 One-Time Filter: PartSelected
                                                                                 ->  Append-only Columnar Scan on web_sales_1_prt_74  (cost=0.00..1.00 rows=1 width=22)
                                                                           ->  Result  (cost=0.00..1.00 rows=1 width=22)
                                                                                 One-Time Filter: PartSelected
                                                                                 ->  Append-only Columnar Scan on web_sales_1_prt_75  (cost=0.00..1.00 rows=1 width=22)
                                                                           ->  Result  (cost=0.00..1.00 rows=1 width=22)
                                                                                 One-Time Filter: PartSelected
                                                                                 ->  Append-only Columnar Scan on web_sales_1_prt_76  (cost=0.00..1.00 rows=1 width=22)
                                                                           ->  Result  (cost=0.00..1.00 rows=1 width=22)
                                                                                 One-Time Filter: PartSelected
                                                                                 ->  Append-only Columnar Scan on web_sales_1_prt_77  (cost=0.00..1.00 rows=1 width=22)
                                                                           ->  Result  (cost=0.00..1.00 rows=1 width=22)
                                                                                 One-Time Filter: PartSelected
                                                                                 ->  Append-only Columnar Scan on web_sales_1_prt_78  (cost=0.00..1.00 rows=1 width=22)
                                                                           ->  Result  (cost=0.00..1.00 rows=1 width=22)
                                                                                 One-Time Filter: PartSelected
                                                                                 ->  Append-only Columnar Scan on web_sales_1_prt_79  (cost=0.00..1.00 rows=1 width=22)
                                                                           ->  Result  (cost=0.00..1.00 rows=1 width=22)
                                                                                 One-Time Filter: PartSelected
                                                                                 ->  Append-only Columnar Scan on web_sales_1_prt_80  (cost=0.00..1.00 rows=1 width=22)
                                                                     ->  Hash  (cost=2548.73..2548.73 rows=17 width=4)
                                                                           ->  Partition Selector for web_sales (dynamic scan id: 1)  (cost=1269.66..2548.73 rows=17 width=4)
                                                                                 Filter: date_dim.d_date_sk
                                                                                 ->  Broadcast Motion 3:3  (slice2; segments: 3)  (cost=1269.66..2548.73 rows=17 width=4)
                                                                                       ->  Hash Semi Join  (cost=1269.66..2548.09 rows=6 width=4)
                                                                                             Hash Cond: (date_dim.d_date = date_dim_1.d_date)
                                                                                             ->  Seq Scan on date_dim  (cost=0.00..1086.49 rows=24350 width=8)
                                                                                             ->  Hash  (cost=1269.39..1269.39 rows=8 width=4)
                                                                                                   ->  Broadcast Motion 3:3  (slice1; segments: 3)  (cost=0.00..1269.39 rows=8 width=4)
                                                                                                         ->  Seq Scan on date_dim date_dim_1  (cost=0.00..1269.11 rows=3 width=4)
                                                                                                               Filter: (d_week_seq = $2)
                                                         ->  Hash  (cost=5981.47..5981.47 rows=99749 width=21)
                                                               ->  Seq Scan on item  (cost=0.00..5981.47 rows=99749 width=21)
                           ->  Hash  (cost=3048.25..3048.25 rows=6 width=164)
                                 ->  Hash Join  (cost=0.13..3048.25 rows=6 width=164)
                                       Hash Cond: ((cs_items.item_id)::text = (item_2.i_item_id)::text)
                                       Join Filter: (((pg_catalog.sum((sum(store_sales_1_prt_outliers.ss_ext_sales_price)))) >= (0.9 * cs_items.cs_item_rev)) AND ((pg_catalog.sum((sum(store_sales_1_prt_outliers.ss_ext_sales_price)))) <= (1.1 * cs_items.cs_item_rev)) AND (cs_items.cs_item_rev >= (0.9 * (pg_catalog.sum((sum(store_sales_1_prt_outliers.ss_ext_sales_price)))))) AND (cs_items.cs_item_rev <= (1.1 * (pg_catalog.sum((sum(store_sales_1_prt_outliers.ss_ext_sales_price)))))))
                                       ->  Subquery Scan on cs_items  (cost=0.00..2558.08 rows=42635 width=82)
                                             ->  HashAggregate  (cost=27910100.18..27911698.98 rows=42635 width=82)
                                                   Group Key: item_1.i_item_id
                                                   InitPlan 2 (returns $1)  (slice18)
                                                     ->  Gather Motion 3:1  (slice10; segments: 3)  (cost=0.00..1269.11 rows=1 width=4)
                                                           ->  Seq Scan on date_dim date_dim_7  (cost=0.00..1269.11 rows=1 width=4)
                                                                 Filter: (d_date = '02-19-1998'::date)
                                                   ->  Redistribute Motion 3:3  (slice9; segments: 3)  (cost=27904354.43..27906912.51 rows=42635 width=82)
                                                         Hash Key: item_1.i_item_id
                                                         ->  HashAggregate  (cost=27904354.43..27904354.43 rows=42635 width=82)
                                                               Group Key: item_1.i_item_id
                                                               ->  Hash Join  (cost=12271.40..27903662.73 rows=46114 width=23)
                                                                     Hash Cond: (catalog_sales_1_prt_outliers.cs_item_sk = item_1.i_item_sk)
                                                                     ->  Redistribute Motion 3:3  (slice8; segments: 3)  (cost=2549.34..27892038.50 rows=46114 width=10)
                                                                           Hash Key: catalog_sales_1_prt_outliers.cs_item_sk
                                                                           ->  Hash Join  (cost=2549.34..27889271.70 rows=46114 width=10)
                                                                                 Hash Cond: (catalog_sales_1_prt_outliers.cs_sold_date_sk = date_dim_2.d_date_sk)
                                                                                 ->  Append  (cost=0.00..22485412.30 rows=479993481 width=14)
                                                                                       ->  Result  (cost=0.00..95971.30 rows=2401110 width=14)
                                                                                             One-Time Filter: PartSelected
                                                                                             ->  Append-only Columnar Scan on catalog_sales_1_prt_outliers  (cost=0.00..95971.30 rows=2401110 width=14)
                                                                                       ->  Result  (cost=0.00..198531.00 rows=4234734 width=14)
                                                                                             One-Time Filter: PartSelected
                                                                                             ->  Append-only Columnar Scan on catalog_sales_1_prt_2  (cost=0.00..198531.00 rows=4234734 width=14)
                                                                                       ->  Result  (cost=0.00..198470.00 rows=4233434 width=14)
                                                                                             One-Time Filter: PartSelected
                                                                                             ->  Append-only Columnar Scan on catalog_sales_1_prt_3  (cost=0.00..198470.00 rows=4233434 width=14)
                                                                                       ->  Result  (cost=0.00..191463.00 rows=4083934 width=14)
                                                                                             One-Time Filter: PartSelected
                                                                                             ->  Append-only Columnar Scan on catalog_sales_1_prt_4  (cost=0.00..191463.00 rows=4083934 width=14)
                                                                                       ->  Result  (cost=0.00..198330.00 rows=4230434 width=14)
                                                                                             One-Time Filter: PartSelected
                                                                                             ->  Append-only Columnar Scan on catalog_sales_1_prt_5  (cost=0.00..198330.00 rows=4230434 width=14)
                                                                                       ->  Result  (cost=0.00..198496.00 rows=4233967 width=14)
                                                                                             One-Time Filter: PartSelected
                                                                                             ->  Append-only Columnar Scan on catalog_sales_1_prt_6  (cost=0.00..198496.00 rows=4233967 width=14)
                                                                                       ->  Result  (cost=0.00..198494.00 rows=4233967 width=14)
                                                                                             One-Time Filter: PartSelected
                                                                                             ->  Append-only Columnar Scan on catalog_sales_1_prt_7  (cost=0.00..198494.00 rows=4233967 width=14)
                                                                                       ->  Result  (cost=0.00..198576.00 rows=4235667 width=14)
                                                                                             One-Time Filter: PartSelected
                                                                                             ->  Append-only Columnar Scan on catalog_sales_1_prt_8  (cost=0.00..198576.00 rows=4235667 width=14)
                                                                                       ->  Result  (cost=0.00..297942.00 rows=6355400 width=14)
                                                                                             One-Time Filter: PartSelected
                                                                                             ->  Append-only Columnar Scan on catalog_sales_1_prt_9  (cost=0.00..297942.00 rows=6355400 width=14)
                                                                                       ->  Result  (cost=0.00..451674.00 rows=9634834 width=14)
                                                                                             One-Time Filter: PartSelected
                                                                                             ->  Append-only Columnar Scan on catalog_sales_1_prt_10  (cost=0.00..451674.00 rows=9634834 width=14)
                                                                                       ->  Result  (cost=0.00..451572.00 rows=9632700 width=14)
                                                                                             One-Time Filter: PartSelected
                                                                                             ->  Append-only Columnar Scan on catalog_sales_1_prt_11  (cost=0.00..451572.00 rows=9632700 width=14)
                                                                                       ->  Result  (cost=0.00..476631.00 rows=10167234 width=14)
                                                                                             One-Time Filter: PartSelected
                                                                                             ->  Append-only Columnar Scan on catalog_sales_1_prt_12  (cost=0.00..476631.00 rows=10167234 width=14)
                                                                                       ->  Result  (cost=0.00..684375.00 rows=14598867 width=14)
                                                                                             One-Time Filter: PartSelected
                                                                                             ->  Append-only Columnar Scan on catalog_sales_1_prt_13  (cost=0.00..684375.00 rows=14598867 width=14)
                                                                                       ->  Result  (cost=0.00..684389.00 rows=14599200 width=14)
                                                                                             One-Time Filter: PartSelected
                                                                                             ->  Append-only Columnar Scan on catalog_sales_1_prt_14  (cost=0.00..684389.00 rows=14599200 width=14)
                                                                                       ->  Result  (cost=0.00..215804.00 rows=4603234 width=14)
                                                                                             One-Time Filter: PartSelected
                                                                                             ->  Append-only Columnar Scan on catalog_sales_1_prt_15  (cost=0.00..215804.00 rows=4603234 width=14)
                                                                                       ->  Result  (cost=0.00..198278.00 rows=4229400 width=14)
                                                                                             One-Time Filter: PartSelected
                                                                                             ->  Append-only Columnar Scan on catalog_sales_1_prt_16  (cost=0.00..198278.00 rows=4229400 width=14)
                                                                                       ->  Result  (cost=0.00..191360.00 rows=4081734 width=14)
                                                                                             One-Time Filter: PartSelected
                                                                                             ->  Append-only Columnar Scan on catalog_sales_1_prt_17  (cost=0.00..191360.00 rows=4081734 width=14)
                                                                                       ->  Result  (cost=0.00..198408.00 rows=4232134 width=14)
                                                                                             One-Time Filter: PartSelected
                                                                                             ->  Append-only Columnar Scan on catalog_sales_1_prt_18  (cost=0.00..198408.00 rows=4232134 width=14)
                                                                                       ->  Result  (cost=0.00..198462.00 rows=4233300 width=14)
                                                                                             One-Time Filter: PartSelected
                                                                                             ->  Append-only Columnar Scan on catalog_sales_1_prt_19  (cost=0.00..198462.00 rows=4233300 width=14)
                                                                                       ->  Result  (cost=0.00..198463.00 rows=4233267 width=14)
                                                                                             One-Time Filter: PartSelected
                                                                                             ->  Append-only Columnar Scan on catalog_sales_1_prt_20  (cost=0.00..198463.00 rows=4233267 width=14)
                                                                                       ->  Result  (cost=0.00..198544.00 rows=4235034 width=14)
                                                                                             One-Time Filter: PartSelected
                                                                                             ->  Append-only Columnar Scan on catalog_sales_1_prt_21  (cost=0.00..198544.00 rows=4235034 width=14)
                                                                                       ->  Result  (cost=0.00..288857.00 rows=6161600 width=14)
                                                                                             One-Time Filter: PartSelected
                                                                                             ->  Append-only Columnar Scan on catalog_sales_1_prt_22  (cost=0.00..288857.00 rows=6161600 width=14)
                                                                                       ->  Result  (cost=0.00..451775.00 rows=9637067 width=14)
                                                                                             One-Time Filter: PartSelected
                                                                                             ->  Append-only Columnar Scan on catalog_sales_1_prt_23  (cost=0.00..451775.00 rows=9637067 width=14)
                                                                                       ->  Result  (cost=0.00..451807.00 rows=9637734 width=14)
                                                                                             One-Time Filter: PartSelected
                                                                                             ->  Append-only Columnar Scan on catalog_sales_1_prt_24  (cost=0.00..451807.00 rows=9637734 width=14)
                                                                                       ->  Result  (cost=0.00..468431.00 rows=9992300 width=14)
                                                                                             One-Time Filter: PartSelected
                                                                                             ->  Append-only Columnar Scan on catalog_sales_1_prt_25  (cost=0.00..468431.00 rows=9992300 width=14)
                                                                                       ->  Result  (cost=0.00..684511.00 rows=14601800 width=14)
                                                                                             One-Time Filter: PartSelected
                                                                                             ->  Append-only Columnar Scan on catalog_sales_1_prt_26  (cost=0.00..684511.00 rows=14601800 width=14)
                                                                                       ->  Result  (cost=0.00..684485.00 rows=14601267 width=14)
                                                                                             One-Time Filter: PartSelected
                                                                                             ->  Append-only Columnar Scan on catalog_sales_1_prt_27  (cost=0.00..684485.00 rows=14601267 width=14)
                                                                                       ->  Result  (cost=0.00..232955.00 rows=4969100 width=14)
                                                                                             One-Time Filter: PartSelected
                                                                                             ->  Append-only Columnar Scan on catalog_sales_1_prt_28  (cost=0.00..232955.00 rows=4969100 width=14)
                                                                                       ->  Result  (cost=0.00..198182.00 rows=4227400 width=14)
                                                                                             One-Time Filter: PartSelected
                                                                                             ->  Append-only Columnar Scan on catalog_sales_1_prt_29  (cost=0.00..198182.00 rows=4227400 width=14)
                                                                                       ->  Result  (cost=0.00..198180.00 rows=4227300 width=14)
                                                                                             One-Time Filter: PartSelected
                                                                                             ->  Append-only Columnar Scan on catalog_sales_1_prt_30  (cost=0.00..198180.00 rows=4227300 width=14)
                                                                                       ->  Result  (cost=0.00..198236.00 rows=4228467 width=14)
                                                                                             One-Time Filter: PartSelected
                                                                                             ->  Append-only Columnar Scan on catalog_sales_1_prt_31  (cost=0.00..198236.00 rows=4228467 width=14)
                                                                                       ->  Result  (cost=0.00..198161.00 rows=4226867 width=14)
                                                                                             One-Time Filter: PartSelected
                                                                                             ->  Append-only Columnar Scan on catalog_sales_1_prt_32  (cost=0.00..198161.00 rows=4226867 width=14)
                                                                                       ->  Result  (cost=0.00..198143.00 rows=4226467 width=14)
                                                                                             One-Time Filter: PartSelected
                                                                                             ->  Append-only Columnar Scan on catalog_sales_1_prt_33  (cost=0.00..198143.00 rows=4226467 width=14)
                                                                                       ->  Result  (cost=0.00..198217.00 rows=4228000 width=14)
                                                                                             One-Time Filter: PartSelected
                                                                                             ->  Append-only Columnar Scan on catalog_sales_1_prt_34  (cost=0.00..198217.00 rows=4228000 width=14)
                                                                                       ->  Result  (cost=0.00..279401.00 rows=5959900 width=14)
                                                                                             One-Time Filter: PartSelected
                                                                                             ->  Append-only Columnar Scan on catalog_sales_1_prt_35  (cost=0.00..279401.00 rows=5959900 width=14)
                                                                                       ->  Result  (cost=0.00..451102.00 rows=9622600 width=14)
                                                                                             One-Time Filter: PartSelected
                                                                                             ->  Append-only Columnar Scan on catalog_sales_1_prt_36  (cost=0.00..451102.00 rows=9622600 width=14)
                                                                                       ->  Result  (cost=0.00..451004.00 rows=9620567 width=14)
                                                                                             One-Time Filter: PartSelected
                                                                                             ->  Append-only Columnar Scan on catalog_sales_1_prt_37  (cost=0.00..451004.00 rows=9620567 width=14)
                                                                                       ->  Result  (cost=0.00..459207.00 rows=9795567 width=14)
                                                                                             One-Time Filter: PartSelected
                                                                                             ->  Append-only Columnar Scan on catalog_sales_1_prt_38  (cost=0.00..459207.00 rows=9795567 width=14)
                                                                                       ->  Result  (cost=0.00..683201.00 rows=14573867 width=14)
                                                                                             One-Time Filter: PartSelected
                                                                                             ->  Append-only Columnar Scan on catalog_sales_1_prt_39  (cost=0.00..683201.00 rows=14573867 width=14)
                                                                                       ->  Result  (cost=0.00..683288.00 rows=14575634 width=14)
                                                                                             One-Time Filter: PartSelected
                                                                                             ->  Append-only Columnar Scan on catalog_sales_1_prt_40  (cost=0.00..683288.00 rows=14575634 width=14)
                                                                                       ->  Result  (cost=0.00..267716.00 rows=5710600 width=14)
                                                                                             One-Time Filter: PartSelected
                                                                                             ->  Append-only Columnar Scan on catalog_sales_1_prt_41  (cost=0.00..267716.00 rows=5710600 width=14)
                                                                                       ->  Result  (cost=0.00..198348.00 rows=4230867 width=14)
                                                                                             One-Time Filter: PartSelected
                                                                                             ->  Append-only Columnar Scan on catalog_sales_1_prt_42  (cost=0.00..198348.00 rows=4230867 width=14)
                                                                                       ->  Result  (cost=0.00..191374.00 rows=4082034 width=14)
                                                                                             One-Time Filter: PartSelected
                                                                                             ->  Append-only Columnar Scan on catalog_sales_1_prt_43  (cost=0.00..191374.00 rows=4082034 width=14)
                                                                                       ->  Result  (cost=0.00..198449.00 rows=4233067 width=14)
                                                                                             One-Time Filter: PartSelected
                                                                                             ->  Append-only Columnar Scan on catalog_sales_1_prt_44  (cost=0.00..198449.00 rows=4233067 width=14)
                                                                                       ->  Result  (cost=0.00..198436.00 rows=4232667 width=14)
                                                                                             One-Time Filter: PartSelected
                                                                                             ->  Append-only Columnar Scan on catalog_sales_1_prt_45  (cost=0.00..198436.00 rows=4232667 width=14)
                                                                                       ->  Result  (cost=0.00..198484.00 rows=4233767 width=14)
                                                                                             One-Time Filter: PartSelected
                                                                                             ->  Append-only Columnar Scan on catalog_sales_1_prt_46  (cost=0.00..198484.00 rows=4233767 width=14)
                                                                                       ->  Result  (cost=0.00..198486.00 rows=4233767 width=14)
                                                                                             One-Time Filter: PartSelected
                                                                                             ->  Append-only Columnar Scan on catalog_sales_1_prt_47  (cost=0.00..198486.00 rows=4233767 width=14)
                                                                                       ->  Result  (cost=0.00..261759.00 rows=5583500 width=14)
                                                                                             One-Time Filter: PartSelected
                                                                                             ->  Append-only Columnar Scan on catalog_sales_1_prt_48  (cost=0.00..261759.00 rows=5583500 width=14)
                                                                                       ->  Result  (cost=0.00..451867.00 rows=9638934 width=14)
                                                                                             One-Time Filter: PartSelected
                                                                                             ->  Append-only Columnar Scan on catalog_sales_1_prt_49  (cost=0.00..451867.00 rows=9638934 width=14)
                                                                                       ->  Result  (cost=0.00..451711.00 rows=9635634 width=14)
                                                                                             One-Time Filter: PartSelected
                                                                                             ->  Append-only Columnar Scan on catalog_sales_1_prt_50  (cost=0.00..451711.00 rows=9635634 width=14)
                                                                                       ->  Result  (cost=0.00..451715.00 rows=9635700 width=14)
                                                                                             One-Time Filter: PartSelected
                                                                                             ->  Append-only Columnar Scan on catalog_sales_1_prt_51  (cost=0.00..451715.00 rows=9635700 width=14)
                                                                                       ->  Result  (cost=0.00..676048.00 rows=14421300 width=14)
                                                                                             One-Time Filter: PartSelected
                                                                                             ->  Append-only Columnar Scan on catalog_sales_1_prt_52  (cost=0.00..676048.00 rows=14421300 width=14)
                                                                                       ->  Result  (cost=0.00..684330.00 rows=14597934 width=14)
                                                                                             One-Time Filter: PartSelected
                                                                                             ->  Append-only Columnar Scan on catalog_sales_1_prt_53  (cost=0.00..684330.00 rows=14597934 width=14)
                                                                                       ->  Result  (cost=0.00..285353.00 rows=6086800 width=14)
                                                                                             One-Time Filter: PartSelected
                                                                                             ->  Append-only Columnar Scan on catalog_sales_1_prt_54  (cost=0.00..285353.00 rows=6086800 width=14)
                                                                                       ->  Result  (cost=0.00..198500.00 rows=4234067 width=14)
                                                                                             One-Time Filter: PartSelected
                                                                                             ->  Append-only Columnar Scan on catalog_sales_1_prt_55  (cost=0.00..198500.00 rows=4234067 width=14)
                                                                                       ->  Result  (cost=0.00..191327.00 rows=4081100 width=14)
                                                                                             One-Time Filter: PartSelected
                                                                                             ->  Append-only Columnar Scan on catalog_sales_1_prt_56  (cost=0.00..191327.00 rows=4081100 width=14)
                                                                                       ->  Result  (cost=0.00..198470.00 rows=4233434 width=14)
                                                                                             One-Time Filter: PartSelected
                                                                                             ->  Append-only Columnar Scan on catalog_sales_1_prt_57  (cost=0.00..198470.00 rows=4233434 width=14)
                                                                                       ->  Result  (cost=0.00..198434.00 rows=4232667 width=14)
                                                                                             One-Time Filter: PartSelected
                                                                                             ->  Append-only Columnar Scan on catalog_sales_1_prt_58  (cost=0.00..198434.00 rows=4232667 width=14)
                                                                                       ->  Result  (cost=0.00..198457.00 rows=4233100 width=14)
                                                                                             One-Time Filter: PartSelected
                                                                                             ->  Append-only Columnar Scan on catalog_sales_1_prt_59  (cost=0.00..198457.00 rows=4233100 width=14)
                                                                                       ->  Result  (cost=0.00..198420.00 rows=4232400 width=14)
                                                                                             One-Time Filter: PartSelected
                                                                                             ->  Append-only Columnar Scan on catalog_sales_1_prt_60  (cost=0.00..198420.00 rows=4232400 width=14)
                                                                                       ->  Result  (cost=0.00..252732.00 rows=5390967 width=14)
                                                                                             One-Time Filter: PartSelected
                                                                                             ->  Append-only Columnar Scan on catalog_sales_1_prt_61  (cost=0.00..252732.00 rows=5390967 width=14)
                                                                                       ->  Result  (cost=0.00..451735.00 rows=9636134 width=14)
                                                                                             One-Time Filter: PartSelected
                                                                                             ->  Append-only Columnar Scan on catalog_sales_1_prt_62  (cost=0.00..451735.00 rows=9636134 width=14)
                                                                                       ->  Result  (cost=0.00..451761.00 rows=9636700 width=14)
                                                                                             One-Time Filter: PartSelected
                                                                                             ->  Append-only Columnar Scan on catalog_sales_1_prt_63  (cost=0.00..451761.00 rows=9636700 width=14)
                                                                                       ->  Result  (cost=0.00..451680.00 rows=9634900 width=14)
                                                                                             One-Time Filter: PartSelected
                                                                                             ->  Append-only Columnar Scan on catalog_sales_1_prt_64  (cost=0.00..451680.00 rows=9634900 width=14)
                                                                                       ->  Result  (cost=0.00..667727.00 rows=14243734 width=14)
                                                                                             One-Time Filter: PartSelected
                                                                                             ->  Append-only Columnar Scan on catalog_sales_1_prt_65  (cost=0.00..667727.00 rows=14243734 width=14)
                                                                                       ->  Result  (cost=0.00..684173.00 rows=14594534 width=14)
                                                                                             One-Time Filter: PartSelected
                                                                                             ->  Append-only Columnar Scan on catalog_sales_1_prt_66  (cost=0.00..684173.00 rows=14594534 width=14)
                                                                                       ->  Result  (cost=0.00..244531.00 rows=5216100 width=14)
                                                                                             One-Time Filter: PartSelected
                                                                                             ->  Append-only Columnar Scan on catalog_sales_1_prt_67  (cost=0.00..244531.00 rows=5216100 width=14)
                                                                                       ->  Result  (cost=0.00..1.00 rows=1 width=22)
                                                                                             One-Time Filter: PartSelected
                                                                                             ->  Append-only Columnar Scan on catalog_sales_1_prt_68  (cost=0.00..1.00 rows=1 width=22)
                                                                                       ->  Result  (cost=0.00..1.00 rows=1 width=22)
                                                                                             One-Time Filter: PartSelected
                                                                                             ->  Append-only Columnar Scan on catalog_sales_1_prt_69  (cost=0.00..1.00 rows=1 width=22)
                                                                                       ->  Result  (cost=0.00..1.00 rows=1 width=22)
                                                                                             One-Time Filter: PartSelected
                                                                                             ->  Append-only Columnar Scan on catalog_sales_1_prt_70  (cost=0.00..1.00 rows=1 width=22)
                                                                                       ->  Result  (cost=0.00..1.00 rows=1 width=22)
                                                                                             One-Time Filter: PartSelected
                                                                                             ->  Append-only Columnar Scan on catalog_sales_1_prt_71  (cost=0.00..1.00 rows=1 width=22)
                                                                                       ->  Result  (cost=0.00..1.00 rows=1 width=22)
                                                                                             One-Time Filter: PartSelected
                                                                                             ->  Append-only Columnar Scan on catalog_sales_1_prt_72  (cost=0.00..1.00 rows=1 width=22)
                                                                                       ->  Result  (cost=0.00..1.00 rows=1 width=22)
                                                                                             One-Time Filter: PartSelected
                                                                                             ->  Append-only Columnar Scan on catalog_sales_1_prt_73  (cost=0.00..1.00 rows=1 width=22)
                                                                                       ->  Result  (cost=0.00..1.00 rows=1 width=22)
                                                                                             One-Time Filter: PartSelected
                                                                                             ->  Append-only Columnar Scan on catalog_sales_1_prt_74  (cost=0.00..1.00 rows=1 width=22)
                                                                                       ->  Result  (cost=0.00..1.00 rows=1 width=22)
                                                                                             One-Time Filter: PartSelected
                                                                                             ->  Append-only Columnar Scan on catalog_sales_1_prt_75  (cost=0.00..1.00 rows=1 width=22)
                                                                                       ->  Result  (cost=0.00..1.00 rows=1 width=22)
                                                                                             One-Time Filter: PartSelected
                                                                                             ->  Append-only Columnar Scan on catalog_sales_1_prt_76  (cost=0.00..1.00 rows=1 width=22)
                                                                                       ->  Result  (cost=0.00..1.00 rows=1 width=22)
                                                                                             One-Time Filter: PartSelected
                                                                                             ->  Append-only Columnar Scan on catalog_sales_1_prt_77  (cost=0.00..1.00 rows=1 width=22)
                                                                                       ->  Result  (cost=0.00..1.00 rows=1 width=22)
                                                                                             One-Time Filter: PartSelected
                                                                                             ->  Append-only Columnar Scan on catalog_sales_1_prt_78  (cost=0.00..1.00 rows=1 width=22)
                                                                                       ->  Result  (cost=0.00..1.00 rows=1 width=22)
                                                                                             One-Time Filter: PartSelected
                                                                                             ->  Append-only Columnar Scan on catalog_sales_1_prt_79  (cost=0.00..1.00 rows=1 width=22)
                                                                                       ->  Result  (cost=0.00..1.00 rows=1 width=22)
                                                                                             One-Time Filter: PartSelected
                                                                                             ->  Append-only Columnar Scan on catalog_sales_1_prt_80  (cost=0.00..1.00 rows=1 width=22)
                                                                                 ->  Hash  (cost=2548.73..2548.73 rows=17 width=4)
                                                                                       ->  Partition Selector for catalog_sales (dynamic scan id: 1)  (cost=1269.66..2548.73 rows=17 width=4)
                                                                                             Filter: date_dim_2.d_date_sk
                                                                                             ->  Broadcast Motion 3:3  (slice7; segments: 3)  (cost=1269.66..2548.73 rows=17 width=4)
                                                                                                   ->  Hash Semi Join  (cost=1269.66..2548.09 rows=6 width=4)
                                                                                                         Hash Cond: (date_dim_2.d_date = date_dim_3.d_date)
                                                                                                         ->  Seq Scan on date_dim date_dim_2  (cost=0.00..1086.49 rows=24350 width=8)
                                                                                                         ->  Hash  (cost=1269.39..1269.39 rows=8 width=4)
                                                                                                               ->  Broadcast Motion 3:3  (slice6; segments: 3)  (cost=0.00..1269.39 rows=8 width=4)
                                                                                                                     ->  Seq Scan on date_dim date_dim_3  (cost=0.00..1269.11 rows=3 width=4)
                                                                                                                           Filter: (d_week_seq = $1)
                                                                     ->  Hash  (cost=5981.47..5981.47 rows=99749 width=21)
                                                                           ->  Seq Scan on item item_1  (cost=0.00..5981.47 rows=99749 width=21)
                                       ->  Hash  (cost=0.08..0.08 rows=2 width=82)
                                             ->  HashAggregate  (cost=50338133.76..50338133.81 rows=2 width=82)
                                                   Group Key: item_2.i_item_id
                                                   InitPlan 1 (returns $0)  (slice19)
                                                     ->  Gather Motion 3:1  (slice15; segments: 3)  (cost=0.00..1269.11 rows=1 width=4)
                                                           ->  Seq Scan on date_dim date_dim_6  (cost=0.00..1269.11 rows=1 width=4)
                                                                 Filter: (d_date = '02-19-1998'::date)
                                                   ->  Redistribute Motion 3:3  (slice14; segments: 3)  (cost=50336864.51..50336864.59 rows=2 width=82)
                                                         Hash Key: item_2.i_item_id
                                                         ->  HashAggregate  (cost=50336864.51..50336864.51 rows=2 width=82)
                                                               Group Key: item_2.i_item_id
                                                               ->  Hash Join  (cost=12271.40..50336864.48 rows=2 width=23)
                                                                     Hash Cond: (store_sales_1_prt_outliers.ss_item_sk = item_2.i_item_sk)
                                                                     ->  Redistribute Motion 3:3  (slice13; segments: 3)  (cost=2549.34..50327142.36 rows=2 width=10)
                                                                           Hash Key: store_sales_1_prt_outliers.ss_item_sk
                                                                           ->  Hash Join  (cost=2549.34..50327142.26 rows=2 width=10)
                                                                                 Hash Cond: (store_sales_1_prt_outliers.ss_sold_date_sk = date_dim_4.d_date_sk)
                                                                                 ->  Append  (cost=0.00..39524635.96 rows=959996170 width=14)
                                                                                       ->  Result  (cost=0.00..1568615.00 rows=43200334 width=14)
                                                                                             One-Time Filter: PartSelected
                                                                                             ->  Append-only Columnar Scan on store_sales_1_prt_outliers  (cost=0.00..1568615.00 rows=43200334 width=14)
                                                                                       ->  Result  (cost=0.00..324595.00 rows=7840134 width=14)
                                                                                             One-Time Filter: PartSelected
                                                                                             ->  Append-only Columnar Scan on store_sales_1_prt_2  (cost=0.00..324595.00 rows=7840134 width=14)
                                                                                       ->  Result  (cost=0.00..336211.00 rows=8120800 width=14)
                                                                                             One-Time Filter: PartSelected
                                                                                             ->  Append-only Columnar Scan on store_sales_1_prt_3  (cost=0.00..336211.00 rows=8120800 width=14)
                                                                                       ->  Result  (cost=0.00..324382.00 rows=7834967 width=14)
                                                                                             One-Time Filter: PartSelected
                                                                                             ->  Append-only Columnar Scan on store_sales_1_prt_4  (cost=0.00..324382.00 rows=7834967 width=14)
                                                                                       ->  Result  (cost=0.00..336381.00 rows=8124734 width=14)
                                                                                             One-Time Filter: PartSelected
                                                                                             ->  Append-only Columnar Scan on store_sales_1_prt_5  (cost=0.00..336381.00 rows=8124734 width=14)
                                                                                       ->  Result  (cost=0.00..336417.00 rows=8125800 width=14)
                                                                                             One-Time Filter: PartSelected
                                                                                             ->  Append-only Columnar Scan on store_sales_1_prt_6  (cost=0.00..336417.00 rows=8125800 width=14)
                                                                                       ->  Result  (cost=0.00..336453.00 rows=8126567 width=14)
                                                                                             One-Time Filter: PartSelected
                                                                                             ->  Append-only Columnar Scan on store_sales_1_prt_7  (cost=0.00..336453.00 rows=8126567 width=14)
                                                                                       ->  Result  (cost=0.00..336058.00 rows=8116967 width=14)
                                                                                             One-Time Filter: PartSelected
                                                                                             ->  Append-only Columnar Scan on store_sales_1_prt_8  (cost=0.00..336058.00 rows=8116967 width=14)
                                                                                       ->  Result  (cost=0.00..489738.00 rows=11829267 width=14)
                                                                                             One-Time Filter: PartSelected
                                                                                             ->  Append-only Columnar Scan on store_sales_1_prt_9  (cost=0.00..489738.00 rows=11829267 width=14)
                                                                                       ->  Result  (cost=0.00..765474.00 rows=18489534 width=14)
                                                                                             One-Time Filter: PartSelected
                                                                                             ->  Append-only Columnar Scan on store_sales_1_prt_10  (cost=0.00..765474.00 rows=18489534 width=14)
                                                                                       ->  Result  (cost=0.00..766278.00 rows=18508900 width=14)
                                                                                             One-Time Filter: PartSelected
                                                                                             ->  Append-only Columnar Scan on store_sales_1_prt_11  (cost=0.00..766278.00 rows=18508900 width=14)
                                                                                       ->  Result  (cost=0.00..793967.00 rows=19177700 width=14)
                                                                                             One-Time Filter: PartSelected
                                                                                             ->  Append-only Columnar Scan on store_sales_1_prt_12  (cost=0.00..793967.00 rows=19177700 width=14)
                                                                                       ->  Result  (cost=0.00..1159820.00 rows=28014600 width=14)
                                                                                             One-Time Filter: PartSelected
                                                                                             ->  Append-only Columnar Scan on store_sales_1_prt_13  (cost=0.00..1159820.00 rows=28014600 width=14)
                                                                                       ->  Result  (cost=0.00..1160753.00 rows=28037334 width=14)
                                                                                             One-Time Filter: PartSelected
                                                                                             ->  Append-only Columnar Scan on store_sales_1_prt_14  (cost=0.00..1160753.00 rows=28037334 width=14)
                                                                                       ->  Result  (cost=0.00..436710.00 rows=10548367 width=14)
                                                                                             One-Time Filter: PartSelected
                                                                                             ->  Append-only Columnar Scan on store_sales_1_prt_15  (cost=0.00..436710.00 rows=10548367 width=14)
                                                                                       ->  Result  (cost=0.00..336477.00 rows=8127134 width=14)
                                                                                             One-Time Filter: PartSelected
                                                                                             ->  Append-only Columnar Scan on store_sales_1_prt_16  (cost=0.00..336477.00 rows=8127134 width=14)
                                                                                       ->  Result  (cost=0.00..324706.00 rows=7842834 width=14)
                                                                                             One-Time Filter: PartSelected
                                                                                             ->  Append-only Columnar Scan on store_sales_1_prt_17  (cost=0.00..324706.00 rows=7842834 width=14)
                                                                                       ->  Result  (cost=0.00..336587.00 rows=8129867 width=14)
                                                                                             One-Time Filter: PartSelected
                                                                                             ->  Append-only Columnar Scan on store_sales_1_prt_18  (cost=0.00..336587.00 rows=8129867 width=14)
                                                                                       ->  Result  (cost=0.00..336153.00 rows=8119367 width=14)
                                                                                             One-Time Filter: PartSelected
                                                                                             ->  Append-only Columnar Scan on store_sales_1_prt_19  (cost=0.00..336153.00 rows=8119367 width=14)
                                                                                       ->  Result  (cost=0.00..336736.00 rows=8133367 width=14)
                                                                                             One-Time Filter: PartSelected
                                                                                             ->  Append-only Columnar Scan on store_sales_1_prt_20  (cost=0.00..336736.00 rows=8133367 width=14)
                                                                                       ->  Result  (cost=0.00..336190.00 rows=8120200 width=14)
                                                                                             One-Time Filter: PartSelected
                                                                                             ->  Append-only Columnar Scan on store_sales_1_prt_21  (cost=0.00..336190.00 rows=8120200 width=14)
                                                                                       ->  Result  (cost=0.00..474334.00 rows=11457100 width=14)
                                                                                             One-Time Filter: PartSelected
                                                                                             ->  Append-only Columnar Scan on store_sales_1_prt_22  (cost=0.00..474334.00 rows=11457100 width=14)
                                                                                       ->  Result  (cost=0.00..766084.00 rows=18504234 width=14)
                                                                                             One-Time Filter: PartSelected
                                                                                             ->  Append-only Columnar Scan on store_sales_1_prt_23  (cost=0.00..766084.00 rows=18504234 width=14)
                                                                                       ->  Result  (cost=0.00..765781.00 rows=18496900 width=14)
                                                                                             One-Time Filter: PartSelected
                                                                                             ->  Append-only Columnar Scan on store_sales_1_prt_24  (cost=0.00..765781.00 rows=18496900 width=14)
                                                                                       ->  Result  (cost=0.00..779443.00 rows=18826834 width=14)
                                                                                             One-Time Filter: PartSelected
                                                                                             ->  Append-only Columnar Scan on store_sales_1_prt_25  (cost=0.00..779443.00 rows=18826834 width=14)
                                                                                       ->  Result  (cost=0.00..1160832.00 rows=28039467 width=14)
                                                                                             One-Time Filter: PartSelected
                                                                                             ->  Append-only Columnar Scan on store_sales_1_prt_26  (cost=0.00..1160832.00 rows=28039467 width=14)
                                                                                       ->  Result  (cost=0.00..1160090.00 rows=28021400 width=14)
                                                                                             One-Time Filter: PartSelected
                                                                                             ->  Append-only Columnar Scan on store_sales_1_prt_27  (cost=0.00..1160090.00 rows=28021400 width=14)
                                                                                       ->  Result  (cost=0.00..465893.00 rows=11253134 width=14)
                                                                                             One-Time Filter: PartSelected
                                                                                             ->  Append-only Columnar Scan on store_sales_1_prt_28  (cost=0.00..465893.00 rows=11253134 width=14)
                                                                                       ->  Result  (cost=0.00..335914.00 rows=8113600 width=14)
                                                                                             One-Time Filter: PartSelected
                                                                                             ->  Append-only Columnar Scan on store_sales_1_prt_29  (cost=0.00..335914.00 rows=8113600 width=14)
                                                                                       ->  Result  (cost=0.00..336186.00 rows=8120167 width=14)
                                                                                             One-Time Filter: PartSelected
                                                                                             ->  Append-only Columnar Scan on store_sales_1_prt_30  (cost=0.00..336186.00 rows=8120167 width=14)
                                                                                       ->  Result  (cost=0.00..336014.00 rows=8115934 width=14)
                                                                                             One-Time Filter: PartSelected
                                                                                             ->  Append-only Columnar Scan on store_sales_1_prt_31  (cost=0.00..336014.00 rows=8115934 width=14)
                                                                                       ->  Result  (cost=0.00..335918.00 rows=8113667 width=14)
                                                                                             One-Time Filter: PartSelected
                                                                                             ->  Append-only Columnar Scan on store_sales_1_prt_32  (cost=0.00..335918.00 rows=8113667 width=14)
                                                                                       ->  Result  (cost=0.00..336069.00 rows=8117334 width=14)
                                                                                             One-Time Filter: PartSelected
                                                                                             ->  Append-only Columnar Scan on store_sales_1_prt_33  (cost=0.00..336069.00 rows=8117334 width=14)
                                                                                       ->  Result  (cost=0.00..335472.00 rows=8102900 width=14)
                                                                                             One-Time Filter: PartSelected
                                                                                             ->  Append-only Columnar Scan on store_sales_1_prt_34  (cost=0.00..335472.00 rows=8102900 width=14)
                                                                                       ->  Result  (cost=0.00..457985.00 rows=11062100 width=14)
                                                                                             One-Time Filter: PartSelected
                                                                                             ->  Append-only Columnar Scan on store_sales_1_prt_35  (cost=0.00..457985.00 rows=11062100 width=14)
                                                                                       ->  Result  (cost=0.00..764679.00 rows=18470400 width=14)
                                                                                             One-Time Filter: PartSelected
                                                                                             ->  Append-only Columnar Scan on store_sales_1_prt_36  (cost=0.00..764679.00 rows=18470400 width=14)
                                                                                       ->  Result  (cost=0.00..764030.00 rows=18454700 width=14)
                                                                                             One-Time Filter: PartSelected
                                                                                             ->  Append-only Columnar Scan on store_sales_1_prt_37  (cost=0.00..764030.00 rows=18454700 width=14)
                                                                                       ->  Result  (cost=0.00..764484.00 rows=18465634 width=14)
                                                                                             One-Time Filter: PartSelected
                                                                                             ->  Append-only Columnar Scan on store_sales_1_prt_38  (cost=0.00..764484.00 rows=18465634 width=14)
                                                                                       ->  Result  (cost=0.00..1158198.04 rows=27975568 width=14)
                                                                                             One-Time Filter: PartSelected
                                                                                             ->  Append-only Columnar Scan on store_sales_1_prt_39  (cost=0.00..1158198.04 rows=27975568 width=14)
                                                                                       ->  Result  (cost=0.00..1158199.04 rows=27975968 width=14)
                                                                                             One-Time Filter: PartSelected
                                                                                             ->  Append-only Columnar Scan on store_sales_1_prt_40  (cost=0.00..1158199.04 rows=27975968 width=14)
                                                                                       ->  Result  (cost=0.00..483138.00 rows=11669800 width=14)
                                                                                             One-Time Filter: PartSelected
                                                                                             ->  Append-only Columnar Scan on store_sales_1_prt_41  (cost=0.00..483138.00 rows=11669800 width=14)
                                                                                       ->  Result  (cost=0.00..336559.00 rows=8129100 width=14)
                                                                                             One-Time Filter: PartSelected
                                                                                             ->  Append-only Columnar Scan on store_sales_1_prt_42  (cost=0.00..336559.00 rows=8129100 width=14)
                                                                                       ->  Result  (cost=0.00..324602.00 rows=7840367 width=14)
                                                                                             One-Time Filter: PartSelected
                                                                                             ->  Append-only Columnar Scan on store_sales_1_prt_43  (cost=0.00..324602.00 rows=7840367 width=14)
                                                                                       ->  Result  (cost=0.00..336209.00 rows=8120567 width=14)
                                                                                             One-Time Filter: PartSelected
                                                                                             ->  Append-only Columnar Scan on store_sales_1_prt_44  (cost=0.00..336209.00 rows=8120567 width=14)
                                                                                       ->  Result  (cost=0.00..336313.00 rows=8123267 width=14)
                                                                                             One-Time Filter: PartSelected
                                                                                             ->  Append-only Columnar Scan on store_sales_1_prt_45  (cost=0.00..336313.00 rows=8123267 width=14)
                                                                                       ->  Result  (cost=0.00..336621.00 rows=8130734 width=14)
                                                                                             One-Time Filter: PartSelected
                                                                                             ->  Append-only Columnar Scan on store_sales_1_prt_46  (cost=0.00..336621.00 rows=8130734 width=14)
                                                                                       ->  Result  (cost=0.00..335906.00 rows=8113400 width=14)
                                                                                             One-Time Filter: PartSelected
                                                                                             ->  Append-only Columnar Scan on store_sales_1_prt_47  (cost=0.00..335906.00 rows=8113400 width=14)
                                                                                       ->  Result  (cost=0.00..428657.00 rows=10353800 width=14)
                                                                                             One-Time Filter: PartSelected
                                                                                             ->  Append-only Columnar Scan on store_sales_1_prt_48  (cost=0.00..428657.00 rows=10353800 width=14)
                                                                                       ->  Result  (cost=0.00..766560.00 rows=18515734 width=14)
                                                                                             One-Time Filter: PartSelected
                                                                                             ->  Append-only Columnar Scan on store_sales_1_prt_49  (cost=0.00..766560.00 rows=18515734 width=14)
                                                                                       ->  Result  (cost=0.00..766167.00 rows=18506234 width=14)
                                                                                             One-Time Filter: PartSelected
                                                                                             ->  Append-only Columnar Scan on store_sales_1_prt_50  (cost=0.00..766167.00 rows=18506234 width=14)
                                                                                       ->  Result  (cost=0.00..766196.00 rows=18506900 width=14)
                                                                                             One-Time Filter: PartSelected
                                                                                             ->  Append-only Columnar Scan on store_sales_1_prt_51  (cost=0.00..766196.00 rows=18506900 width=14)
                                                                                       ->  Result  (cost=0.00..1130938.00 rows=27317200 width=14)
                                                                                             One-Time Filter: PartSelected
                                                                                             ->  Append-only Columnar Scan on store_sales_1_prt_52  (cost=0.00..1130938.00 rows=27317200 width=14)
                                                                                       ->  Result  (cost=0.00..1160637.96 rows=28034566 width=14)
                                                                                             One-Time Filter: PartSelected
                                                                                             ->  Append-only Columnar Scan on store_sales_1_prt_53  (cost=0.00..1160637.96 rows=28034566 width=14)
                                                                                       ->  Result  (cost=0.00..555225.00 rows=13411000 width=14)
                                                                                             One-Time Filter: PartSelected
                                                                                             ->  Append-only Columnar Scan on store_sales_1_prt_54  (cost=0.00..555225.00 rows=13411000 width=14)
                                                                                       ->  Result  (cost=0.00..336782.00 rows=8134567 width=14)
                                                                                             One-Time Filter: PartSelected
                                                                                             ->  Append-only Columnar Scan on store_sales_1_prt_55  (cost=0.00..336782.00 rows=8134567 width=14)
                                                                                       ->  Result  (cost=0.00..324454.00 rows=7836734 width=14)
                                                                                             One-Time Filter: PartSelected
                                                                                             ->  Append-only Columnar Scan on store_sales_1_prt_56  (cost=0.00..324454.00 rows=7836734 width=14)
                                                                                       ->  Result  (cost=0.00..336546.00 rows=8128867 width=14)
                                                                                             One-Time Filter: PartSelected
                                                                                             ->  Append-only Columnar Scan on store_sales_1_prt_57  (cost=0.00..336546.00 rows=8128867 width=14)
                                                                                       ->  Result  (cost=0.00..336207.00 rows=8120667 width=14)
                                                                                             One-Time Filter: PartSelected
                                                                                             ->  Append-only Columnar Scan on store_sales_1_prt_58  (cost=0.00..336207.00 rows=8120667 width=14)
                                                                                       ->  Result  (cost=0.00..336578.00 rows=8129534 width=14)
                                                                                             One-Time Filter: PartSelected
                                                                                             ->  Append-only Columnar Scan on store_sales_1_prt_59  (cost=0.00..336578.00 rows=8129534 width=14)
                                                                                       ->  Result  (cost=0.00..336468.00 rows=8127067 width=14)
                                                                                             One-Time Filter: PartSelected
                                                                                             ->  Append-only Columnar Scan on store_sales_1_prt_60  (cost=0.00..336468.00 rows=8127067 width=14)
                                                                                       ->  Result  (cost=0.00..412992.00 rows=9975467 width=14)
                                                                                             One-Time Filter: PartSelected
                                                                                             ->  Append-only Columnar Scan on store_sales_1_prt_61  (cost=0.00..412992.00 rows=9975467 width=14)
                                                                                       ->  Result  (cost=0.00..765709.00 rows=18495234 width=14)
                                                                                             One-Time Filter: PartSelected
                                                                                             ->  Append-only Columnar Scan on store_sales_1_prt_62  (cost=0.00..765709.00 rows=18495234 width=14)
                                                                                       ->  Result  (cost=0.00..766176.00 rows=18506500 width=14)
                                                                                             One-Time Filter: PartSelected
                                                                                             ->  Append-only Columnar Scan on store_sales_1_prt_63  (cost=0.00..766176.00 rows=18506500 width=14)
                                                                                       ->  Result  (cost=0.00..766142.00 rows=18505834 width=14)
                                                                                             One-Time Filter: PartSelected
                                                                                             ->  Append-only Columnar Scan on store_sales_1_prt_64  (cost=0.00..766142.00 rows=18505834 width=14)
                                                                                       ->  Result  (cost=0.00..1117566.96 rows=26994166 width=14)
                                                                                             One-Time Filter: PartSelected
                                                                                             ->  Append-only Columnar Scan on store_sales_1_prt_65  (cost=0.00..1117566.96 rows=26994166 width=14)
                                                                                       ->  Result  (cost=0.00..1159645.96 rows=28010566 width=14)
                                                                                             One-Time Filter: PartSelected
                                                                                             ->  Append-only Columnar Scan on store_sales_1_prt_66  (cost=0.00..1159645.96 rows=28010566 width=14)
                                                                                       ->  Result  (cost=0.00..331321.00 rows=8002500 width=14)
                                                                                             One-Time Filter: PartSelected
                                                                                             ->  Append-only Columnar Scan on store_sales_1_prt_67  (cost=0.00..331321.00 rows=8002500 width=14)
                                                                                       ->  Result  (cost=0.00..1.00 rows=1 width=22)
                                                                                             One-Time Filter: PartSelected
                                                                                             ->  Append-only Columnar Scan on store_sales_1_prt_68  (cost=0.00..1.00 rows=1 width=22)
                                                                                       ->  Result  (cost=0.00..1.00 rows=1 width=22)
                                                                                             One-Time Filter: PartSelected
                                                                                             ->  Append-only Columnar Scan on store_sales_1_prt_69  (cost=0.00..1.00 rows=1 width=22)
                                                                                       ->  Result  (cost=0.00..1.00 rows=1 width=22)
                                                                                             One-Time Filter: PartSelected
                                                                                             ->  Append-only Columnar Scan on store_sales_1_prt_70  (cost=0.00..1.00 rows=1 width=22)
                                                                                       ->  Result  (cost=0.00..1.00 rows=1 width=22)
                                                                                             One-Time Filter: PartSelected
                                                                                             ->  Append-only Columnar Scan on store_sales_1_prt_71  (cost=0.00..1.00 rows=1 width=22)
                                                                                       ->  Result  (cost=0.00..1.00 rows=1 width=22)
                                                                                             One-Time Filter: PartSelected
                                                                                             ->  Append-only Columnar Scan on store_sales_1_prt_72  (cost=0.00..1.00 rows=1 width=22)
                                                                                       ->  Result  (cost=0.00..1.00 rows=1 width=22)
                                                                                             One-Time Filter: PartSelected
                                                                                             ->  Append-only Columnar Scan on store_sales_1_prt_73  (cost=0.00..1.00 rows=1 width=22)
                                                                                       ->  Result  (cost=0.00..1.00 rows=1 width=22)
                                                                                             One-Time Filter: PartSelected
                                                                                             ->  Append-only Columnar Scan on store_sales_1_prt_74  (cost=0.00..1.00 rows=1 width=22)
                                                                                       ->  Result  (cost=0.00..1.00 rows=1 width=22)
                                                                                             One-Time Filter: PartSelected
                                                                                             ->  Append-only Columnar Scan on store_sales_1_prt_75  (cost=0.00..1.00 rows=1 width=22)
                                                                                       ->  Result  (cost=0.00..1.00 rows=1 width=22)
                                                                                             One-Time Filter: PartSelected
                                                                                             ->  Append-only Columnar Scan on store_sales_1_prt_76  (cost=0.00..1.00 rows=1 width=22)
                                                                                       ->  Result  (cost=0.00..1.00 rows=1 width=22)
                                                                                             One-Time Filter: PartSelected
                                                                                             ->  Append-only Columnar Scan on store_sales_1_prt_77  (cost=0.00..1.00 rows=1 width=22)
                                                                                       ->  Result  (cost=0.00..1.00 rows=1 width=22)
                                                                                             One-Time Filter: PartSelected
                                                                                             ->  Append-only Columnar Scan on store_sales_1_prt_78  (cost=0.00..1.00 rows=1 width=22)
                                                                                       ->  Result  (cost=0.00..1.00 rows=1 width=22)
                                                                                             One-Time Filter: PartSelected
                                                                                             ->  Append-only Columnar Scan on store_sales_1_prt_79  (cost=0.00..1.00 rows=1 width=22)
                                                                                       ->  Result  (cost=0.00..1.00 rows=1 width=22)
                                                                                             One-Time Filter: PartSelected
                                                                                             ->  Append-only Columnar Scan on store_sales_1_prt_80  (cost=0.00..1.00 rows=1 width=22)
                                                                                 ->  Hash  (cost=2548.73..2548.73 rows=17 width=4)
                                                                                       ->  Partition Selector for store_sales (dynamic scan id: 1)  (cost=1269.66..2548.73 rows=17 width=4)
                                                                                             Filter: date_dim_4.d_date_sk
                                                                                             ->  Broadcast Motion 3:3  (slice12; segments: 3)  (cost=1269.66..2548.73 rows=17 width=4)
                                                                                                   ->  Hash Semi Join  (cost=1269.66..2548.09 rows=6 width=4)
                                                                                                         Hash Cond: (date_dim_4.d_date = date_dim_5.d_date)
                                                                                                         ->  Seq Scan on date_dim date_dim_4  (cost=0.00..1086.49 rows=24350 width=8)
                                                                                                         ->  Hash  (cost=1269.39..1269.39 rows=8 width=4)
                                                                                                               ->  Broadcast Motion 3:3  (slice11; segments: 3)  (cost=0.00..1269.39 rows=8 width=4)
                                                                                                                     ->  Seq Scan on date_dim date_dim_5  (cost=0.00..1269.11 rows=3 width=4)
                                                                                                                           Filter: (d_week_seq = $0)
                                                                     ->  Hash  (cost=5981.47..5981.47 rows=99749 width=21)
                                                                           ->  Seq Scan on item item_2  (cost=0.00..5981.47 rows=99749 width=21)
 Planning time: 50.616 ms
 Optimizer: legacy query optimizer
(828 rows)

-- end query 1 in stream 0 using template query58.tpl
