-- start query 1 in stream 0 using template query61.tpl
explain
select  promotions,total,cast(promotions as decimal(15,4))/cast(total as decimal(15,4))*100
from
  (select sum(ss_ext_sales_price) promotions
   from  store_sales
        ,store
        ,promotion
        ,date_dim
        ,customer
        ,customer_address 
        ,item
   where ss_sold_date_sk = d_date_sk
   and   ss_store_sk = s_store_sk
   and   ss_promo_sk = p_promo_sk
   and   ss_customer_sk= c_customer_sk
   and   ca_address_sk = c_current_addr_sk
   and   ss_item_sk = i_item_sk 
   and   ca_gmt_offset = -7
   and   i_category = 'Electronics'
   and   (p_channel_dmail = 'Y' or p_channel_email = 'Y' or p_channel_tv = 'Y')
   and   s_gmt_offset = -7
   and   d_year = 1999
   and   d_moy  = 11) promotional_sales,
  (select sum(ss_ext_sales_price) total
   from  store_sales
        ,store
        ,date_dim
        ,customer
        ,customer_address
        ,item
   where ss_sold_date_sk = d_date_sk
   and   ss_store_sk = s_store_sk
   and   ss_customer_sk= c_customer_sk
   and   ca_address_sk = c_current_addr_sk
   and   ss_item_sk = i_item_sk
   and   ca_gmt_offset = -7
   and   i_category = 'Electronics'
   and   s_gmt_offset = -7
   and   d_year = 1999
   and   d_moy  = 11) all_sales
order by promotions, total
limit 100;
                                                                                                              QUERY PLAN                                                                                                              
--------------------------------------------------------------------------------------------------------------------------------------------------------------------------------------------------------------------------------------
 Limit  (cost=10115933345.63..10115933345.64 rows=4 width=64)
   ->  Sort  (cost=10115933345.63..10115933345.64 rows=4 width=64)
         Sort Key: (pg_catalog.sum((sum(store_sales_1_prt_outliers.ss_ext_sales_price)))), (pg_catalog.sum((sum(store_sales_1_prt_outliers_1.ss_ext_sales_price))))
         ->  Nested Loop  (cost=10115933345.52..10115933345.60 rows=4 width=64)
               ->  Aggregate  (cost=57966706.94..57966706.95 rows=1 width=32)
                     ->  Gather Motion 3:1  (slice7; segments: 3)  (cost=57966706.88..57966706.93 rows=1 width=32)
                           ->  Aggregate  (cost=57966706.88..57966706.89 rows=1 width=32)
                                 ->  Hash Join  (cost=442139.97..57966706.84 rows=5 width=6)
                                       Hash Cond: (store_sales_1_prt_outliers.ss_promo_sk = promotion.p_promo_sk)
                                       ->  Redistribute Motion 3:3  (slice6; segments: 3)  (cost=442072.11..57966638.77 rows=5 width=10)
                                             Hash Key: store_sales_1_prt_outliers.ss_promo_sk
                                             ->  Hash Join  (cost=442072.11..57966638.47 rows=5 width=10)
                                                   Hash Cond: (store_sales_1_prt_outliers.ss_store_sk = store.s_store_sk)
                                                   ->  Redistribute Motion 3:3  (slice5; segments: 3)  (cost=442026.68..57966592.84 rows=5 width=14)
                                                         Hash Key: store_sales_1_prt_outliers.ss_store_sk
                                                         ->  Hash Join  (cost=442026.68..57966592.54 rows=5 width=14)
                                                               Hash Cond: (store_sales_1_prt_outliers.ss_customer_sk = customer.c_customer_sk)
                                                               ->  Redistribute Motion 3:3  (slice3; segments: 3)  (cost=8569.73..57533135.37 rows=5 width=18)
                                                                     Hash Key: store_sales_1_prt_outliers.ss_customer_sk
                                                                     ->  Hash Join  (cost=8569.73..57533135.08 rows=5 width=18)
                                                                           Hash Cond: (store_sales_1_prt_outliers.ss_item_sk = item.i_item_sk)
                                                                           ->  Redistribute Motion 3:3  (slice2; segments: 3)  (cost=1459.91..57526024.99 rows=11 width=22)
                                                                                 Hash Key: store_sales_1_prt_outliers.ss_item_sk
                                                                                 ->  Hash Join  (cost=1459.91..57526024.36 rows=11 width=22)
                                                                                       Hash Cond: (store_sales_1_prt_outliers.ss_sold_date_sk = date_dim.d_date_sk)
                                                                                       ->  Append  (cost=0.00..39524635.96 rows=959996170 width=26)
                                                                                             ->  Result  (cost=0.00..1568615.00 rows=43200334 width=26)
                                                                                                   One-Time Filter: PartSelected
                                                                                                   ->  Append-only Columnar Scan on store_sales_1_prt_outliers  (cost=0.00..1568615.00 rows=43200334 width=26)
                                                                                             ->  Result  (cost=0.00..324595.00 rows=7840134 width=26)
                                                                                                   One-Time Filter: PartSelected
                                                                                                   ->  Append-only Columnar Scan on store_sales_1_prt_2  (cost=0.00..324595.00 rows=7840134 width=26)
                                                                                             ->  Result  (cost=0.00..336211.00 rows=8120800 width=26)
                                                                                                   One-Time Filter: PartSelected
                                                                                                   ->  Append-only Columnar Scan on store_sales_1_prt_3  (cost=0.00..336211.00 rows=8120800 width=26)
                                                                                             ->  Result  (cost=0.00..324382.00 rows=7834967 width=26)
                                                                                                   One-Time Filter: PartSelected
                                                                                                   ->  Append-only Columnar Scan on store_sales_1_prt_4  (cost=0.00..324382.00 rows=7834967 width=26)
                                                                                             ->  Result  (cost=0.00..336381.00 rows=8124734 width=26)
                                                                                                   One-Time Filter: PartSelected
                                                                                                   ->  Append-only Columnar Scan on store_sales_1_prt_5  (cost=0.00..336381.00 rows=8124734 width=26)
                                                                                             ->  Result  (cost=0.00..336417.00 rows=8125800 width=26)
                                                                                                   One-Time Filter: PartSelected
                                                                                                   ->  Append-only Columnar Scan on store_sales_1_prt_6  (cost=0.00..336417.00 rows=8125800 width=26)
                                                                                             ->  Result  (cost=0.00..336453.00 rows=8126567 width=26)
                                                                                                   One-Time Filter: PartSelected
                                                                                                   ->  Append-only Columnar Scan on store_sales_1_prt_7  (cost=0.00..336453.00 rows=8126567 width=26)
                                                                                             ->  Result  (cost=0.00..336058.00 rows=8116967 width=26)
                                                                                                   One-Time Filter: PartSelected
                                                                                                   ->  Append-only Columnar Scan on store_sales_1_prt_8  (cost=0.00..336058.00 rows=8116967 width=26)
                                                                                             ->  Result  (cost=0.00..489738.00 rows=11829267 width=26)
                                                                                                   One-Time Filter: PartSelected
                                                                                                   ->  Append-only Columnar Scan on store_sales_1_prt_9  (cost=0.00..489738.00 rows=11829267 width=26)
                                                                                             ->  Result  (cost=0.00..765474.00 rows=18489534 width=26)
                                                                                                   One-Time Filter: PartSelected
                                                                                                   ->  Append-only Columnar Scan on store_sales_1_prt_10  (cost=0.00..765474.00 rows=18489534 width=26)
                                                                                             ->  Result  (cost=0.00..766278.00 rows=18508900 width=26)
                                                                                                   One-Time Filter: PartSelected
                                                                                                   ->  Append-only Columnar Scan on store_sales_1_prt_11  (cost=0.00..766278.00 rows=18508900 width=26)
                                                                                             ->  Result  (cost=0.00..793967.00 rows=19177700 width=26)
                                                                                                   One-Time Filter: PartSelected
                                                                                                   ->  Append-only Columnar Scan on store_sales_1_prt_12  (cost=0.00..793967.00 rows=19177700 width=26)
                                                                                             ->  Result  (cost=0.00..1159820.00 rows=28014600 width=26)
                                                                                                   One-Time Filter: PartSelected
                                                                                                   ->  Append-only Columnar Scan on store_sales_1_prt_13  (cost=0.00..1159820.00 rows=28014600 width=26)
                                                                                             ->  Result  (cost=0.00..1160753.00 rows=28037334 width=26)
                                                                                                   One-Time Filter: PartSelected
                                                                                                   ->  Append-only Columnar Scan on store_sales_1_prt_14  (cost=0.00..1160753.00 rows=28037334 width=26)
                                                                                             ->  Result  (cost=0.00..436710.00 rows=10548367 width=26)
                                                                                                   One-Time Filter: PartSelected
                                                                                                   ->  Append-only Columnar Scan on store_sales_1_prt_15  (cost=0.00..436710.00 rows=10548367 width=26)
                                                                                             ->  Result  (cost=0.00..336477.00 rows=8127134 width=26)
                                                                                                   One-Time Filter: PartSelected
                                                                                                   ->  Append-only Columnar Scan on store_sales_1_prt_16  (cost=0.00..336477.00 rows=8127134 width=26)
                                                                                             ->  Result  (cost=0.00..324706.00 rows=7842834 width=26)
                                                                                                   One-Time Filter: PartSelected
                                                                                                   ->  Append-only Columnar Scan on store_sales_1_prt_17  (cost=0.00..324706.00 rows=7842834 width=26)
                                                                                             ->  Result  (cost=0.00..336587.00 rows=8129867 width=26)
                                                                                                   One-Time Filter: PartSelected
                                                                                                   ->  Append-only Columnar Scan on store_sales_1_prt_18  (cost=0.00..336587.00 rows=8129867 width=26)
                                                                                             ->  Result  (cost=0.00..336153.00 rows=8119367 width=26)
                                                                                                   One-Time Filter: PartSelected
                                                                                                   ->  Append-only Columnar Scan on store_sales_1_prt_19  (cost=0.00..336153.00 rows=8119367 width=26)
                                                                                             ->  Result  (cost=0.00..336736.00 rows=8133367 width=26)
                                                                                                   One-Time Filter: PartSelected
                                                                                                   ->  Append-only Columnar Scan on store_sales_1_prt_20  (cost=0.00..336736.00 rows=8133367 width=26)
                                                                                             ->  Result  (cost=0.00..336190.00 rows=8120200 width=26)
                                                                                                   One-Time Filter: PartSelected
                                                                                                   ->  Append-only Columnar Scan on store_sales_1_prt_21  (cost=0.00..336190.00 rows=8120200 width=26)
                                                                                             ->  Result  (cost=0.00..474334.00 rows=11457100 width=26)
                                                                                                   One-Time Filter: PartSelected
                                                                                                   ->  Append-only Columnar Scan on store_sales_1_prt_22  (cost=0.00..474334.00 rows=11457100 width=26)
                                                                                             ->  Result  (cost=0.00..766084.00 rows=18504234 width=26)
                                                                                                   One-Time Filter: PartSelected
                                                                                                   ->  Append-only Columnar Scan on store_sales_1_prt_23  (cost=0.00..766084.00 rows=18504234 width=26)
                                                                                             ->  Result  (cost=0.00..765781.00 rows=18496900 width=26)
                                                                                                   One-Time Filter: PartSelected
                                                                                                   ->  Append-only Columnar Scan on store_sales_1_prt_24  (cost=0.00..765781.00 rows=18496900 width=26)
                                                                                             ->  Result  (cost=0.00..779443.00 rows=18826834 width=26)
                                                                                                   One-Time Filter: PartSelected
                                                                                                   ->  Append-only Columnar Scan on store_sales_1_prt_25  (cost=0.00..779443.00 rows=18826834 width=26)
                                                                                             ->  Result  (cost=0.00..1160832.00 rows=28039467 width=26)
                                                                                                   One-Time Filter: PartSelected
                                                                                                   ->  Append-only Columnar Scan on store_sales_1_prt_26  (cost=0.00..1160832.00 rows=28039467 width=26)
                                                                                             ->  Result  (cost=0.00..1160090.00 rows=28021400 width=26)
                                                                                                   One-Time Filter: PartSelected
                                                                                                   ->  Append-only Columnar Scan on store_sales_1_prt_27  (cost=0.00..1160090.00 rows=28021400 width=26)
                                                                                             ->  Result  (cost=0.00..465893.00 rows=11253134 width=26)
                                                                                                   One-Time Filter: PartSelected
                                                                                                   ->  Append-only Columnar Scan on store_sales_1_prt_28  (cost=0.00..465893.00 rows=11253134 width=26)
                                                                                             ->  Result  (cost=0.00..335914.00 rows=8113600 width=26)
                                                                                                   One-Time Filter: PartSelected
                                                                                                   ->  Append-only Columnar Scan on store_sales_1_prt_29  (cost=0.00..335914.00 rows=8113600 width=26)
                                                                                             ->  Result  (cost=0.00..336186.00 rows=8120167 width=26)
                                                                                                   One-Time Filter: PartSelected
                                                                                                   ->  Append-only Columnar Scan on store_sales_1_prt_30  (cost=0.00..336186.00 rows=8120167 width=26)
                                                                                             ->  Result  (cost=0.00..336014.00 rows=8115934 width=26)
                                                                                                   One-Time Filter: PartSelected
                                                                                                   ->  Append-only Columnar Scan on store_sales_1_prt_31  (cost=0.00..336014.00 rows=8115934 width=26)
                                                                                             ->  Result  (cost=0.00..335918.00 rows=8113667 width=26)
                                                                                                   One-Time Filter: PartSelected
                                                                                                   ->  Append-only Columnar Scan on store_sales_1_prt_32  (cost=0.00..335918.00 rows=8113667 width=26)
                                                                                             ->  Result  (cost=0.00..336069.00 rows=8117334 width=26)
                                                                                                   One-Time Filter: PartSelected
                                                                                                   ->  Append-only Columnar Scan on store_sales_1_prt_33  (cost=0.00..336069.00 rows=8117334 width=26)
                                                                                             ->  Result  (cost=0.00..335472.00 rows=8102900 width=26)
                                                                                                   One-Time Filter: PartSelected
                                                                                                   ->  Append-only Columnar Scan on store_sales_1_prt_34  (cost=0.00..335472.00 rows=8102900 width=26)
                                                                                             ->  Result  (cost=0.00..457985.00 rows=11062100 width=26)
                                                                                                   One-Time Filter: PartSelected
                                                                                                   ->  Append-only Columnar Scan on store_sales_1_prt_35  (cost=0.00..457985.00 rows=11062100 width=26)
                                                                                             ->  Result  (cost=0.00..764679.00 rows=18470400 width=26)
                                                                                                   One-Time Filter: PartSelected
                                                                                                   ->  Append-only Columnar Scan on store_sales_1_prt_36  (cost=0.00..764679.00 rows=18470400 width=26)
                                                                                             ->  Result  (cost=0.00..764030.00 rows=18454700 width=26)
                                                                                                   One-Time Filter: PartSelected
                                                                                                   ->  Append-only Columnar Scan on store_sales_1_prt_37  (cost=0.00..764030.00 rows=18454700 width=26)
                                                                                             ->  Result  (cost=0.00..764484.00 rows=18465634 width=26)
                                                                                                   One-Time Filter: PartSelected
                                                                                                   ->  Append-only Columnar Scan on store_sales_1_prt_38  (cost=0.00..764484.00 rows=18465634 width=26)
                                                                                             ->  Result  (cost=0.00..1158198.04 rows=27975568 width=26)
                                                                                                   One-Time Filter: PartSelected
                                                                                                   ->  Append-only Columnar Scan on store_sales_1_prt_39  (cost=0.00..1158198.04 rows=27975568 width=26)
                                                                                             ->  Result  (cost=0.00..1158199.04 rows=27975968 width=26)
                                                                                                   One-Time Filter: PartSelected
                                                                                                   ->  Append-only Columnar Scan on store_sales_1_prt_40  (cost=0.00..1158199.04 rows=27975968 width=26)
                                                                                             ->  Result  (cost=0.00..483138.00 rows=11669800 width=26)
                                                                                                   One-Time Filter: PartSelected
                                                                                                   ->  Append-only Columnar Scan on store_sales_1_prt_41  (cost=0.00..483138.00 rows=11669800 width=26)
                                                                                             ->  Result  (cost=0.00..336559.00 rows=8129100 width=26)
                                                                                                   One-Time Filter: PartSelected
                                                                                                   ->  Append-only Columnar Scan on store_sales_1_prt_42  (cost=0.00..336559.00 rows=8129100 width=26)
                                                                                             ->  Result  (cost=0.00..324602.00 rows=7840367 width=26)
                                                                                                   One-Time Filter: PartSelected
                                                                                                   ->  Append-only Columnar Scan on store_sales_1_prt_43  (cost=0.00..324602.00 rows=7840367 width=26)
                                                                                             ->  Result  (cost=0.00..336209.00 rows=8120567 width=26)
                                                                                                   One-Time Filter: PartSelected
                                                                                                   ->  Append-only Columnar Scan on store_sales_1_prt_44  (cost=0.00..336209.00 rows=8120567 width=26)
                                                                                             ->  Result  (cost=0.00..336313.00 rows=8123267 width=26)
                                                                                                   One-Time Filter: PartSelected
                                                                                                   ->  Append-only Columnar Scan on store_sales_1_prt_45  (cost=0.00..336313.00 rows=8123267 width=26)
                                                                                             ->  Result  (cost=0.00..336621.00 rows=8130734 width=26)
                                                                                                   One-Time Filter: PartSelected
                                                                                                   ->  Append-only Columnar Scan on store_sales_1_prt_46  (cost=0.00..336621.00 rows=8130734 width=26)
                                                                                             ->  Result  (cost=0.00..335906.00 rows=8113400 width=26)
                                                                                                   One-Time Filter: PartSelected
                                                                                                   ->  Append-only Columnar Scan on store_sales_1_prt_47  (cost=0.00..335906.00 rows=8113400 width=26)
                                                                                             ->  Result  (cost=0.00..428657.00 rows=10353800 width=26)
                                                                                                   One-Time Filter: PartSelected
                                                                                                   ->  Append-only Columnar Scan on store_sales_1_prt_48  (cost=0.00..428657.00 rows=10353800 width=26)
                                                                                             ->  Result  (cost=0.00..766560.00 rows=18515734 width=26)
                                                                                                   One-Time Filter: PartSelected
                                                                                                   ->  Append-only Columnar Scan on store_sales_1_prt_49  (cost=0.00..766560.00 rows=18515734 width=26)
                                                                                             ->  Result  (cost=0.00..766167.00 rows=18506234 width=26)
                                                                                                   One-Time Filter: PartSelected
                                                                                                   ->  Append-only Columnar Scan on store_sales_1_prt_50  (cost=0.00..766167.00 rows=18506234 width=26)
                                                                                             ->  Result  (cost=0.00..766196.00 rows=18506900 width=26)
                                                                                                   One-Time Filter: PartSelected
                                                                                                   ->  Append-only Columnar Scan on store_sales_1_prt_51  (cost=0.00..766196.00 rows=18506900 width=26)
                                                                                             ->  Result  (cost=0.00..1130938.00 rows=27317200 width=26)
                                                                                                   One-Time Filter: PartSelected
                                                                                                   ->  Append-only Columnar Scan on store_sales_1_prt_52  (cost=0.00..1130938.00 rows=27317200 width=26)
                                                                                             ->  Result  (cost=0.00..1160637.96 rows=28034566 width=26)
                                                                                                   One-Time Filter: PartSelected
                                                                                                   ->  Append-only Columnar Scan on store_sales_1_prt_53  (cost=0.00..1160637.96 rows=28034566 width=26)
                                                                                             ->  Result  (cost=0.00..555225.00 rows=13411000 width=26)
                                                                                                   One-Time Filter: PartSelected
                                                                                                   ->  Append-only Columnar Scan on store_sales_1_prt_54  (cost=0.00..555225.00 rows=13411000 width=26)
                                                                                             ->  Result  (cost=0.00..336782.00 rows=8134567 width=26)
                                                                                                   One-Time Filter: PartSelected
                                                                                                   ->  Append-only Columnar Scan on store_sales_1_prt_55  (cost=0.00..336782.00 rows=8134567 width=26)
                                                                                             ->  Result  (cost=0.00..324454.00 rows=7836734 width=26)
                                                                                                   One-Time Filter: PartSelected
                                                                                                   ->  Append-only Columnar Scan on store_sales_1_prt_56  (cost=0.00..324454.00 rows=7836734 width=26)
                                                                                             ->  Result  (cost=0.00..336546.00 rows=8128867 width=26)
                                                                                                   One-Time Filter: PartSelected
                                                                                                   ->  Append-only Columnar Scan on store_sales_1_prt_57  (cost=0.00..336546.00 rows=8128867 width=26)
                                                                                             ->  Result  (cost=0.00..336207.00 rows=8120667 width=26)
                                                                                                   One-Time Filter: PartSelected
                                                                                                   ->  Append-only Columnar Scan on store_sales_1_prt_58  (cost=0.00..336207.00 rows=8120667 width=26)
                                                                                             ->  Result  (cost=0.00..336578.00 rows=8129534 width=26)
                                                                                                   One-Time Filter: PartSelected
                                                                                                   ->  Append-only Columnar Scan on store_sales_1_prt_59  (cost=0.00..336578.00 rows=8129534 width=26)
                                                                                             ->  Result  (cost=0.00..336468.00 rows=8127067 width=26)
                                                                                                   One-Time Filter: PartSelected
                                                                                                   ->  Append-only Columnar Scan on store_sales_1_prt_60  (cost=0.00..336468.00 rows=8127067 width=26)
                                                                                             ->  Result  (cost=0.00..412992.00 rows=9975467 width=26)
                                                                                                   One-Time Filter: PartSelected
                                                                                                   ->  Append-only Columnar Scan on store_sales_1_prt_61  (cost=0.00..412992.00 rows=9975467 width=26)
                                                                                             ->  Result  (cost=0.00..765709.00 rows=18495234 width=26)
                                                                                                   One-Time Filter: PartSelected
                                                                                                   ->  Append-only Columnar Scan on store_sales_1_prt_62  (cost=0.00..765709.00 rows=18495234 width=26)
                                                                                             ->  Result  (cost=0.00..766176.00 rows=18506500 width=26)
                                                                                                   One-Time Filter: PartSelected
                                                                                                   ->  Append-only Columnar Scan on store_sales_1_prt_63  (cost=0.00..766176.00 rows=18506500 width=26)
                                                                                             ->  Result  (cost=0.00..766142.00 rows=18505834 width=26)
                                                                                                   One-Time Filter: PartSelected
                                                                                                   ->  Append-only Columnar Scan on store_sales_1_prt_64  (cost=0.00..766142.00 rows=18505834 width=26)
                                                                                             ->  Result  (cost=0.00..1117566.96 rows=26994166 width=26)
                                                                                                   One-Time Filter: PartSelected
                                                                                                   ->  Append-only Columnar Scan on store_sales_1_prt_65  (cost=0.00..1117566.96 rows=26994166 width=26)
                                                                                             ->  Result  (cost=0.00..1159645.96 rows=28010566 width=26)
                                                                                                   One-Time Filter: PartSelected
                                                                                                   ->  Append-only Columnar Scan on store_sales_1_prt_66  (cost=0.00..1159645.96 rows=28010566 width=26)
                                                                                             ->  Result  (cost=0.00..331321.00 rows=8002500 width=26)
                                                                                                   One-Time Filter: PartSelected
                                                                                                   ->  Append-only Columnar Scan on store_sales_1_prt_67  (cost=0.00..331321.00 rows=8002500 width=26)
                                                                                             ->  Result  (cost=0.00..1.00 rows=1 width=34)
                                                                                                   One-Time Filter: PartSelected
                                                                                                   ->  Append-only Columnar Scan on store_sales_1_prt_68  (cost=0.00..1.00 rows=1 width=34)
                                                                                             ->  Result  (cost=0.00..1.00 rows=1 width=34)
                                                                                                   One-Time Filter: PartSelected
                                                                                                   ->  Append-only Columnar Scan on store_sales_1_prt_69  (cost=0.00..1.00 rows=1 width=34)
                                                                                             ->  Result  (cost=0.00..1.00 rows=1 width=34)
                                                                                                   One-Time Filter: PartSelected
                                                                                                   ->  Append-only Columnar Scan on store_sales_1_prt_70  (cost=0.00..1.00 rows=1 width=34)
                                                                                             ->  Result  (cost=0.00..1.00 rows=1 width=34)
                                                                                                   One-Time Filter: PartSelected
                                                                                                   ->  Append-only Columnar Scan on store_sales_1_prt_71  (cost=0.00..1.00 rows=1 width=34)
                                                                                             ->  Result  (cost=0.00..1.00 rows=1 width=34)
                                                                                                   One-Time Filter: PartSelected
                                                                                                   ->  Append-only Columnar Scan on store_sales_1_prt_72  (cost=0.00..1.00 rows=1 width=34)
                                                                                             ->  Result  (cost=0.00..1.00 rows=1 width=34)
                                                                                                   One-Time Filter: PartSelected
                                                                                                   ->  Append-only Columnar Scan on store_sales_1_prt_73  (cost=0.00..1.00 rows=1 width=34)
                                                                                             ->  Result  (cost=0.00..1.00 rows=1 width=34)
                                                                                                   One-Time Filter: PartSelected
                                                                                                   ->  Append-only Columnar Scan on store_sales_1_prt_74  (cost=0.00..1.00 rows=1 width=34)
                                                                                             ->  Result  (cost=0.00..1.00 rows=1 width=34)
                                                                                                   One-Time Filter: PartSelected
                                                                                                   ->  Append-only Columnar Scan on store_sales_1_prt_75  (cost=0.00..1.00 rows=1 width=34)
                                                                                             ->  Result  (cost=0.00..1.00 rows=1 width=34)
                                                                                                   One-Time Filter: PartSelected
                                                                                                   ->  Append-only Columnar Scan on store_sales_1_prt_76  (cost=0.00..1.00 rows=1 width=34)
                                                                                             ->  Result  (cost=0.00..1.00 rows=1 width=34)
                                                                                                   One-Time Filter: PartSelected
                                                                                                   ->  Append-only Columnar Scan on store_sales_1_prt_77  (cost=0.00..1.00 rows=1 width=34)
                                                                                             ->  Result  (cost=0.00..1.00 rows=1 width=34)
                                                                                                   One-Time Filter: PartSelected
                                                                                                   ->  Append-only Columnar Scan on store_sales_1_prt_78  (cost=0.00..1.00 rows=1 width=34)
                                                                                             ->  Result  (cost=0.00..1.00 rows=1 width=34)
                                                                                                   One-Time Filter: PartSelected
                                                                                                   ->  Append-only Columnar Scan on store_sales_1_prt_79  (cost=0.00..1.00 rows=1 width=34)
                                                                                             ->  Result  (cost=0.00..1.00 rows=1 width=34)
                                                                                                   One-Time Filter: PartSelected
                                                                                                   ->  Append-only Columnar Scan on store_sales_1_prt_80  (cost=0.00..1.00 rows=1 width=34)
                                                                                       ->  Hash  (cost=1455.95..1455.95 rows=106 width=4)
                                                                                             ->  Partition Selector for store_sales (dynamic scan id: 1)  (cost=0.00..1455.95 rows=106 width=4)
                                                                                                   Filter: date_dim.d_date_sk
                                                                                                   ->  Broadcast Motion 3:3  (slice1; segments: 3)  (cost=0.00..1455.95 rows=106 width=4)
                                                                                                         ->  Seq Scan on date_dim  (cost=0.00..1451.73 rows=36 width=4)
                                                                                                               Filter: ((d_year = 1999) AND (d_moy = 11))
                                                                           ->  Hash  (cost=6729.59..6729.59 rows=10140 width=4)
                                                                                 ->  Seq Scan on item  (cost=0.00..6729.59 rows=10140 width=4)
                                                                                       Filter: ((i_category)::text = 'Electronics'::text)
                                                               ->  Hash  (cost=417382.04..417382.04 rows=428665 width=4)
                                                                     ->  Hash Join  (cost=150740.73..417382.04 rows=428665 width=4)
                                                                           Hash Cond: (customer.c_current_addr_sk = customer_address.ca_address_sk)
                                                                           ->  Seq Scan on customer  (cost=0.00..178782.00 rows=3999967 width=8)
                                                                           ->  Hash  (cost=126621.77..126621.77 rows=643173 width=4)
                                                                                 ->  Broadcast Motion 3:3  (slice4; segments: 3)  (cost=0.00..126621.77 rows=643173 width=4)
                                                                                       ->  Seq Scan on customer_address  (cost=0.00..100894.88 rows=214391 width=4)
                                                                                             Filter: (ca_gmt_offset = (-7)::numeric)
                                                   ->  Hash  (cost=44.52..44.52 rows=25 width=4)
                                                         ->  Seq Scan on store  (cost=0.00..44.52 rows=25 width=4)
                                                               Filter: (s_gmt_offset = (-7)::numeric)
                                       ->  Hash  (cost=58.25..58.25 rows=257 width=4)
                                             ->  Seq Scan on promotion  (cost=0.00..58.25 rows=257 width=4)
                                                   Filter: ((p_channel_dmail = 'Y'::bpchar) OR (p_channel_email = 'Y'::bpchar) OR (p_channel_tv = 'Y'::bpchar))
               ->  Materialize  (cost=57966638.57..57966638.60 rows=1 width=32)
                     ->  Aggregate  (cost=57966638.57..57966638.58 rows=1 width=32)
                           ->  Gather Motion 3:1  (slice13; segments: 3)  (cost=57966638.51..57966638.56 rows=1 width=32)
                                 ->  Aggregate  (cost=57966638.51..57966638.52 rows=1 width=32)
                                       ->  Hash Join  (cost=442072.11..57966638.47 rows=5 width=6)
                                             Hash Cond: (store_sales_1_prt_outliers_1.ss_store_sk = store_1.s_store_sk)
                                             ->  Redistribute Motion 3:3  (slice12; segments: 3)  (cost=442026.68..57966592.84 rows=5 width=10)
                                                   Hash Key: store_sales_1_prt_outliers_1.ss_store_sk
                                                   ->  Hash Join  (cost=442026.68..57966592.54 rows=5 width=10)
                                                         Hash Cond: (store_sales_1_prt_outliers_1.ss_customer_sk = customer_1.c_customer_sk)
                                                         ->  Redistribute Motion 3:3  (slice10; segments: 3)  (cost=8569.73..57533135.37 rows=5 width=14)
                                                               Hash Key: store_sales_1_prt_outliers_1.ss_customer_sk
                                                               ->  Hash Join  (cost=8569.73..57533135.08 rows=5 width=14)
                                                                     Hash Cond: (store_sales_1_prt_outliers_1.ss_item_sk = item_1.i_item_sk)
                                                                     ->  Redistribute Motion 3:3  (slice9; segments: 3)  (cost=1459.91..57526024.99 rows=11 width=18)
                                                                           Hash Key: store_sales_1_prt_outliers_1.ss_item_sk
                                                                           ->  Hash Join  (cost=1459.91..57526024.36 rows=11 width=18)
                                                                                 Hash Cond: (store_sales_1_prt_outliers_1.ss_sold_date_sk = date_dim_1.d_date_sk)
                                                                                 ->  Append  (cost=0.00..39524635.96 rows=959996170 width=22)
                                                                                       ->  Result  (cost=0.00..1568615.00 rows=43200334 width=22)
                                                                                             One-Time Filter: PartSelected
                                                                                             ->  Append-only Columnar Scan on store_sales_1_prt_outliers store_sales_1_prt_outliers_1  (cost=0.00..1568615.00 rows=43200334 width=22)
                                                                                       ->  Result  (cost=0.00..324595.00 rows=7840134 width=22)
                                                                                             One-Time Filter: PartSelected
                                                                                             ->  Append-only Columnar Scan on store_sales_1_prt_2 store_sales_1_prt_2_1  (cost=0.00..324595.00 rows=7840134 width=22)
                                                                                       ->  Result  (cost=0.00..336211.00 rows=8120800 width=22)
                                                                                             One-Time Filter: PartSelected
                                                                                             ->  Append-only Columnar Scan on store_sales_1_prt_3 store_sales_1_prt_3_1  (cost=0.00..336211.00 rows=8120800 width=22)
                                                                                       ->  Result  (cost=0.00..324382.00 rows=7834967 width=22)
                                                                                             One-Time Filter: PartSelected
                                                                                             ->  Append-only Columnar Scan on store_sales_1_prt_4 store_sales_1_prt_4_1  (cost=0.00..324382.00 rows=7834967 width=22)
                                                                                       ->  Result  (cost=0.00..336381.00 rows=8124734 width=22)
                                                                                             One-Time Filter: PartSelected
                                                                                             ->  Append-only Columnar Scan on store_sales_1_prt_5 store_sales_1_prt_5_1  (cost=0.00..336381.00 rows=8124734 width=22)
                                                                                       ->  Result  (cost=0.00..336417.00 rows=8125800 width=22)
                                                                                             One-Time Filter: PartSelected
                                                                                             ->  Append-only Columnar Scan on store_sales_1_prt_6 store_sales_1_prt_6_1  (cost=0.00..336417.00 rows=8125800 width=22)
                                                                                       ->  Result  (cost=0.00..336453.00 rows=8126567 width=22)
                                                                                             One-Time Filter: PartSelected
                                                                                             ->  Append-only Columnar Scan on store_sales_1_prt_7 store_sales_1_prt_7_1  (cost=0.00..336453.00 rows=8126567 width=22)
                                                                                       ->  Result  (cost=0.00..336058.00 rows=8116967 width=22)
                                                                                             One-Time Filter: PartSelected
                                                                                             ->  Append-only Columnar Scan on store_sales_1_prt_8 store_sales_1_prt_8_1  (cost=0.00..336058.00 rows=8116967 width=22)
                                                                                       ->  Result  (cost=0.00..489738.00 rows=11829267 width=22)
                                                                                             One-Time Filter: PartSelected
                                                                                             ->  Append-only Columnar Scan on store_sales_1_prt_9 store_sales_1_prt_9_1  (cost=0.00..489738.00 rows=11829267 width=22)
                                                                                       ->  Result  (cost=0.00..765474.00 rows=18489534 width=22)
                                                                                             One-Time Filter: PartSelected
                                                                                             ->  Append-only Columnar Scan on store_sales_1_prt_10 store_sales_1_prt_10_1  (cost=0.00..765474.00 rows=18489534 width=22)
                                                                                       ->  Result  (cost=0.00..766278.00 rows=18508900 width=22)
                                                                                             One-Time Filter: PartSelected
                                                                                             ->  Append-only Columnar Scan on store_sales_1_prt_11 store_sales_1_prt_11_1  (cost=0.00..766278.00 rows=18508900 width=22)
                                                                                       ->  Result  (cost=0.00..793967.00 rows=19177700 width=22)
                                                                                             One-Time Filter: PartSelected
                                                                                             ->  Append-only Columnar Scan on store_sales_1_prt_12 store_sales_1_prt_12_1  (cost=0.00..793967.00 rows=19177700 width=22)
                                                                                       ->  Result  (cost=0.00..1159820.00 rows=28014600 width=22)
                                                                                             One-Time Filter: PartSelected
                                                                                             ->  Append-only Columnar Scan on store_sales_1_prt_13 store_sales_1_prt_13_1  (cost=0.00..1159820.00 rows=28014600 width=22)
                                                                                       ->  Result  (cost=0.00..1160753.00 rows=28037334 width=22)
                                                                                             One-Time Filter: PartSelected
                                                                                             ->  Append-only Columnar Scan on store_sales_1_prt_14 store_sales_1_prt_14_1  (cost=0.00..1160753.00 rows=28037334 width=22)
                                                                                       ->  Result  (cost=0.00..436710.00 rows=10548367 width=22)
                                                                                             One-Time Filter: PartSelected
                                                                                             ->  Append-only Columnar Scan on store_sales_1_prt_15 store_sales_1_prt_15_1  (cost=0.00..436710.00 rows=10548367 width=22)
                                                                                       ->  Result  (cost=0.00..336477.00 rows=8127134 width=22)
                                                                                             One-Time Filter: PartSelected
                                                                                             ->  Append-only Columnar Scan on store_sales_1_prt_16 store_sales_1_prt_16_1  (cost=0.00..336477.00 rows=8127134 width=22)
                                                                                       ->  Result  (cost=0.00..324706.00 rows=7842834 width=22)
                                                                                             One-Time Filter: PartSelected
                                                                                             ->  Append-only Columnar Scan on store_sales_1_prt_17 store_sales_1_prt_17_1  (cost=0.00..324706.00 rows=7842834 width=22)
                                                                                       ->  Result  (cost=0.00..336587.00 rows=8129867 width=22)
                                                                                             One-Time Filter: PartSelected
                                                                                             ->  Append-only Columnar Scan on store_sales_1_prt_18 store_sales_1_prt_18_1  (cost=0.00..336587.00 rows=8129867 width=22)
                                                                                       ->  Result  (cost=0.00..336153.00 rows=8119367 width=22)
                                                                                             One-Time Filter: PartSelected
                                                                                             ->  Append-only Columnar Scan on store_sales_1_prt_19 store_sales_1_prt_19_1  (cost=0.00..336153.00 rows=8119367 width=22)
                                                                                       ->  Result  (cost=0.00..336736.00 rows=8133367 width=22)
                                                                                             One-Time Filter: PartSelected
                                                                                             ->  Append-only Columnar Scan on store_sales_1_prt_20 store_sales_1_prt_20_1  (cost=0.00..336736.00 rows=8133367 width=22)
                                                                                       ->  Result  (cost=0.00..336190.00 rows=8120200 width=22)
                                                                                             One-Time Filter: PartSelected
                                                                                             ->  Append-only Columnar Scan on store_sales_1_prt_21 store_sales_1_prt_21_1  (cost=0.00..336190.00 rows=8120200 width=22)
                                                                                       ->  Result  (cost=0.00..474334.00 rows=11457100 width=22)
                                                                                             One-Time Filter: PartSelected
                                                                                             ->  Append-only Columnar Scan on store_sales_1_prt_22 store_sales_1_prt_22_1  (cost=0.00..474334.00 rows=11457100 width=22)
                                                                                       ->  Result  (cost=0.00..766084.00 rows=18504234 width=22)
                                                                                             One-Time Filter: PartSelected
                                                                                             ->  Append-only Columnar Scan on store_sales_1_prt_23 store_sales_1_prt_23_1  (cost=0.00..766084.00 rows=18504234 width=22)
                                                                                       ->  Result  (cost=0.00..765781.00 rows=18496900 width=22)
                                                                                             One-Time Filter: PartSelected
                                                                                             ->  Append-only Columnar Scan on store_sales_1_prt_24 store_sales_1_prt_24_1  (cost=0.00..765781.00 rows=18496900 width=22)
                                                                                       ->  Result  (cost=0.00..779443.00 rows=18826834 width=22)
                                                                                             One-Time Filter: PartSelected
                                                                                             ->  Append-only Columnar Scan on store_sales_1_prt_25 store_sales_1_prt_25_1  (cost=0.00..779443.00 rows=18826834 width=22)
                                                                                       ->  Result  (cost=0.00..1160832.00 rows=28039467 width=22)
                                                                                             One-Time Filter: PartSelected
                                                                                             ->  Append-only Columnar Scan on store_sales_1_prt_26 store_sales_1_prt_26_1  (cost=0.00..1160832.00 rows=28039467 width=22)
                                                                                       ->  Result  (cost=0.00..1160090.00 rows=28021400 width=22)
                                                                                             One-Time Filter: PartSelected
                                                                                             ->  Append-only Columnar Scan on store_sales_1_prt_27 store_sales_1_prt_27_1  (cost=0.00..1160090.00 rows=28021400 width=22)
                                                                                       ->  Result  (cost=0.00..465893.00 rows=11253134 width=22)
                                                                                             One-Time Filter: PartSelected
                                                                                             ->  Append-only Columnar Scan on store_sales_1_prt_28 store_sales_1_prt_28_1  (cost=0.00..465893.00 rows=11253134 width=22)
                                                                                       ->  Result  (cost=0.00..335914.00 rows=8113600 width=22)
                                                                                             One-Time Filter: PartSelected
                                                                                             ->  Append-only Columnar Scan on store_sales_1_prt_29 store_sales_1_prt_29_1  (cost=0.00..335914.00 rows=8113600 width=22)
                                                                                       ->  Result  (cost=0.00..336186.00 rows=8120167 width=22)
                                                                                             One-Time Filter: PartSelected
                                                                                             ->  Append-only Columnar Scan on store_sales_1_prt_30 store_sales_1_prt_30_1  (cost=0.00..336186.00 rows=8120167 width=22)
                                                                                       ->  Result  (cost=0.00..336014.00 rows=8115934 width=22)
                                                                                             One-Time Filter: PartSelected
                                                                                             ->  Append-only Columnar Scan on store_sales_1_prt_31 store_sales_1_prt_31_1  (cost=0.00..336014.00 rows=8115934 width=22)
                                                                                       ->  Result  (cost=0.00..335918.00 rows=8113667 width=22)
                                                                                             One-Time Filter: PartSelected
                                                                                             ->  Append-only Columnar Scan on store_sales_1_prt_32 store_sales_1_prt_32_1  (cost=0.00..335918.00 rows=8113667 width=22)
                                                                                       ->  Result  (cost=0.00..336069.00 rows=8117334 width=22)
                                                                                             One-Time Filter: PartSelected
                                                                                             ->  Append-only Columnar Scan on store_sales_1_prt_33 store_sales_1_prt_33_1  (cost=0.00..336069.00 rows=8117334 width=22)
                                                                                       ->  Result  (cost=0.00..335472.00 rows=8102900 width=22)
                                                                                             One-Time Filter: PartSelected
                                                                                             ->  Append-only Columnar Scan on store_sales_1_prt_34 store_sales_1_prt_34_1  (cost=0.00..335472.00 rows=8102900 width=22)
                                                                                       ->  Result  (cost=0.00..457985.00 rows=11062100 width=22)
                                                                                             One-Time Filter: PartSelected
                                                                                             ->  Append-only Columnar Scan on store_sales_1_prt_35 store_sales_1_prt_35_1  (cost=0.00..457985.00 rows=11062100 width=22)
                                                                                       ->  Result  (cost=0.00..764679.00 rows=18470400 width=22)
                                                                                             One-Time Filter: PartSelected
                                                                                             ->  Append-only Columnar Scan on store_sales_1_prt_36 store_sales_1_prt_36_1  (cost=0.00..764679.00 rows=18470400 width=22)
                                                                                       ->  Result  (cost=0.00..764030.00 rows=18454700 width=22)
                                                                                             One-Time Filter: PartSelected
                                                                                             ->  Append-only Columnar Scan on store_sales_1_prt_37 store_sales_1_prt_37_1  (cost=0.00..764030.00 rows=18454700 width=22)
                                                                                       ->  Result  (cost=0.00..764484.00 rows=18465634 width=22)
                                                                                             One-Time Filter: PartSelected
                                                                                             ->  Append-only Columnar Scan on store_sales_1_prt_38 store_sales_1_prt_38_1  (cost=0.00..764484.00 rows=18465634 width=22)
                                                                                       ->  Result  (cost=0.00..1158198.04 rows=27975568 width=22)
                                                                                             One-Time Filter: PartSelected
                                                                                             ->  Append-only Columnar Scan on store_sales_1_prt_39 store_sales_1_prt_39_1  (cost=0.00..1158198.04 rows=27975568 width=22)
                                                                                       ->  Result  (cost=0.00..1158199.04 rows=27975968 width=22)
                                                                                             One-Time Filter: PartSelected
                                                                                             ->  Append-only Columnar Scan on store_sales_1_prt_40 store_sales_1_prt_40_1  (cost=0.00..1158199.04 rows=27975968 width=22)
                                                                                       ->  Result  (cost=0.00..483138.00 rows=11669800 width=22)
                                                                                             One-Time Filter: PartSelected
                                                                                             ->  Append-only Columnar Scan on store_sales_1_prt_41 store_sales_1_prt_41_1  (cost=0.00..483138.00 rows=11669800 width=22)
                                                                                       ->  Result  (cost=0.00..336559.00 rows=8129100 width=22)
                                                                                             One-Time Filter: PartSelected
                                                                                             ->  Append-only Columnar Scan on store_sales_1_prt_42 store_sales_1_prt_42_1  (cost=0.00..336559.00 rows=8129100 width=22)
                                                                                       ->  Result  (cost=0.00..324602.00 rows=7840367 width=22)
                                                                                             One-Time Filter: PartSelected
                                                                                             ->  Append-only Columnar Scan on store_sales_1_prt_43 store_sales_1_prt_43_1  (cost=0.00..324602.00 rows=7840367 width=22)
                                                                                       ->  Result  (cost=0.00..336209.00 rows=8120567 width=22)
                                                                                             One-Time Filter: PartSelected
                                                                                             ->  Append-only Columnar Scan on store_sales_1_prt_44 store_sales_1_prt_44_1  (cost=0.00..336209.00 rows=8120567 width=22)
                                                                                       ->  Result  (cost=0.00..336313.00 rows=8123267 width=22)
                                                                                             One-Time Filter: PartSelected
                                                                                             ->  Append-only Columnar Scan on store_sales_1_prt_45 store_sales_1_prt_45_1  (cost=0.00..336313.00 rows=8123267 width=22)
                                                                                       ->  Result  (cost=0.00..336621.00 rows=8130734 width=22)
                                                                                             One-Time Filter: PartSelected
                                                                                             ->  Append-only Columnar Scan on store_sales_1_prt_46 store_sales_1_prt_46_1  (cost=0.00..336621.00 rows=8130734 width=22)
                                                                                       ->  Result  (cost=0.00..335906.00 rows=8113400 width=22)
                                                                                             One-Time Filter: PartSelected
                                                                                             ->  Append-only Columnar Scan on store_sales_1_prt_47 store_sales_1_prt_47_1  (cost=0.00..335906.00 rows=8113400 width=22)
                                                                                       ->  Result  (cost=0.00..428657.00 rows=10353800 width=22)
                                                                                             One-Time Filter: PartSelected
                                                                                             ->  Append-only Columnar Scan on store_sales_1_prt_48 store_sales_1_prt_48_1  (cost=0.00..428657.00 rows=10353800 width=22)
                                                                                       ->  Result  (cost=0.00..766560.00 rows=18515734 width=22)
                                                                                             One-Time Filter: PartSelected
                                                                                             ->  Append-only Columnar Scan on store_sales_1_prt_49 store_sales_1_prt_49_1  (cost=0.00..766560.00 rows=18515734 width=22)
                                                                                       ->  Result  (cost=0.00..766167.00 rows=18506234 width=22)
                                                                                             One-Time Filter: PartSelected
                                                                                             ->  Append-only Columnar Scan on store_sales_1_prt_50 store_sales_1_prt_50_1  (cost=0.00..766167.00 rows=18506234 width=22)
                                                                                       ->  Result  (cost=0.00..766196.00 rows=18506900 width=22)
                                                                                             One-Time Filter: PartSelected
                                                                                             ->  Append-only Columnar Scan on store_sales_1_prt_51 store_sales_1_prt_51_1  (cost=0.00..766196.00 rows=18506900 width=22)
                                                                                       ->  Result  (cost=0.00..1130938.00 rows=27317200 width=22)
                                                                                             One-Time Filter: PartSelected
                                                                                             ->  Append-only Columnar Scan on store_sales_1_prt_52 store_sales_1_prt_52_1  (cost=0.00..1130938.00 rows=27317200 width=22)
                                                                                       ->  Result  (cost=0.00..1160637.96 rows=28034566 width=22)
                                                                                             One-Time Filter: PartSelected
                                                                                             ->  Append-only Columnar Scan on store_sales_1_prt_53 store_sales_1_prt_53_1  (cost=0.00..1160637.96 rows=28034566 width=22)
                                                                                       ->  Result  (cost=0.00..555225.00 rows=13411000 width=22)
                                                                                             One-Time Filter: PartSelected
                                                                                             ->  Append-only Columnar Scan on store_sales_1_prt_54 store_sales_1_prt_54_1  (cost=0.00..555225.00 rows=13411000 width=22)
                                                                                       ->  Result  (cost=0.00..336782.00 rows=8134567 width=22)
                                                                                             One-Time Filter: PartSelected
                                                                                             ->  Append-only Columnar Scan on store_sales_1_prt_55 store_sales_1_prt_55_1  (cost=0.00..336782.00 rows=8134567 width=22)
                                                                                       ->  Result  (cost=0.00..324454.00 rows=7836734 width=22)
                                                                                             One-Time Filter: PartSelected
                                                                                             ->  Append-only Columnar Scan on store_sales_1_prt_56 store_sales_1_prt_56_1  (cost=0.00..324454.00 rows=7836734 width=22)
                                                                                       ->  Result  (cost=0.00..336546.00 rows=8128867 width=22)
                                                                                             One-Time Filter: PartSelected
                                                                                             ->  Append-only Columnar Scan on store_sales_1_prt_57 store_sales_1_prt_57_1  (cost=0.00..336546.00 rows=8128867 width=22)
                                                                                       ->  Result  (cost=0.00..336207.00 rows=8120667 width=22)
                                                                                             One-Time Filter: PartSelected
                                                                                             ->  Append-only Columnar Scan on store_sales_1_prt_58 store_sales_1_prt_58_1  (cost=0.00..336207.00 rows=8120667 width=22)
                                                                                       ->  Result  (cost=0.00..336578.00 rows=8129534 width=22)
                                                                                             One-Time Filter: PartSelected
                                                                                             ->  Append-only Columnar Scan on store_sales_1_prt_59 store_sales_1_prt_59_1  (cost=0.00..336578.00 rows=8129534 width=22)
                                                                                       ->  Result  (cost=0.00..336468.00 rows=8127067 width=22)
                                                                                             One-Time Filter: PartSelected
                                                                                             ->  Append-only Columnar Scan on store_sales_1_prt_60 store_sales_1_prt_60_1  (cost=0.00..336468.00 rows=8127067 width=22)
                                                                                       ->  Result  (cost=0.00..412992.00 rows=9975467 width=22)
                                                                                             One-Time Filter: PartSelected
                                                                                             ->  Append-only Columnar Scan on store_sales_1_prt_61 store_sales_1_prt_61_1  (cost=0.00..412992.00 rows=9975467 width=22)
                                                                                       ->  Result  (cost=0.00..765709.00 rows=18495234 width=22)
                                                                                             One-Time Filter: PartSelected
                                                                                             ->  Append-only Columnar Scan on store_sales_1_prt_62 store_sales_1_prt_62_1  (cost=0.00..765709.00 rows=18495234 width=22)
                                                                                       ->  Result  (cost=0.00..766176.00 rows=18506500 width=22)
                                                                                             One-Time Filter: PartSelected
                                                                                             ->  Append-only Columnar Scan on store_sales_1_prt_63 store_sales_1_prt_63_1  (cost=0.00..766176.00 rows=18506500 width=22)
                                                                                       ->  Result  (cost=0.00..766142.00 rows=18505834 width=22)
                                                                                             One-Time Filter: PartSelected
                                                                                             ->  Append-only Columnar Scan on store_sales_1_prt_64 store_sales_1_prt_64_1  (cost=0.00..766142.00 rows=18505834 width=22)
                                                                                       ->  Result  (cost=0.00..1117566.96 rows=26994166 width=22)
                                                                                             One-Time Filter: PartSelected
                                                                                             ->  Append-only Columnar Scan on store_sales_1_prt_65 store_sales_1_prt_65_1  (cost=0.00..1117566.96 rows=26994166 width=22)
                                                                                       ->  Result  (cost=0.00..1159645.96 rows=28010566 width=22)
                                                                                             One-Time Filter: PartSelected
                                                                                             ->  Append-only Columnar Scan on store_sales_1_prt_66 store_sales_1_prt_66_1  (cost=0.00..1159645.96 rows=28010566 width=22)
                                                                                       ->  Result  (cost=0.00..331321.00 rows=8002500 width=22)
                                                                                             One-Time Filter: PartSelected
                                                                                             ->  Append-only Columnar Scan on store_sales_1_prt_67 store_sales_1_prt_67_1  (cost=0.00..331321.00 rows=8002500 width=22)
                                                                                       ->  Result  (cost=0.00..1.00 rows=1 width=30)
                                                                                             One-Time Filter: PartSelected
                                                                                             ->  Append-only Columnar Scan on store_sales_1_prt_68 store_sales_1_prt_68_1  (cost=0.00..1.00 rows=1 width=30)
                                                                                       ->  Result  (cost=0.00..1.00 rows=1 width=30)
                                                                                             One-Time Filter: PartSelected
                                                                                             ->  Append-only Columnar Scan on store_sales_1_prt_69 store_sales_1_prt_69_1  (cost=0.00..1.00 rows=1 width=30)
                                                                                       ->  Result  (cost=0.00..1.00 rows=1 width=30)
                                                                                             One-Time Filter: PartSelected
                                                                                             ->  Append-only Columnar Scan on store_sales_1_prt_70 store_sales_1_prt_70_1  (cost=0.00..1.00 rows=1 width=30)
                                                                                       ->  Result  (cost=0.00..1.00 rows=1 width=30)
                                                                                             One-Time Filter: PartSelected
                                                                                             ->  Append-only Columnar Scan on store_sales_1_prt_71 store_sales_1_prt_71_1  (cost=0.00..1.00 rows=1 width=30)
                                                                                       ->  Result  (cost=0.00..1.00 rows=1 width=30)
                                                                                             One-Time Filter: PartSelected
                                                                                             ->  Append-only Columnar Scan on store_sales_1_prt_72 store_sales_1_prt_72_1  (cost=0.00..1.00 rows=1 width=30)
                                                                                       ->  Result  (cost=0.00..1.00 rows=1 width=30)
                                                                                             One-Time Filter: PartSelected
                                                                                             ->  Append-only Columnar Scan on store_sales_1_prt_73 store_sales_1_prt_73_1  (cost=0.00..1.00 rows=1 width=30)
                                                                                       ->  Result  (cost=0.00..1.00 rows=1 width=30)
                                                                                             One-Time Filter: PartSelected
                                                                                             ->  Append-only Columnar Scan on store_sales_1_prt_74 store_sales_1_prt_74_1  (cost=0.00..1.00 rows=1 width=30)
                                                                                       ->  Result  (cost=0.00..1.00 rows=1 width=30)
                                                                                             One-Time Filter: PartSelected
                                                                                             ->  Append-only Columnar Scan on store_sales_1_prt_75 store_sales_1_prt_75_1  (cost=0.00..1.00 rows=1 width=30)
                                                                                       ->  Result  (cost=0.00..1.00 rows=1 width=30)
                                                                                             One-Time Filter: PartSelected
                                                                                             ->  Append-only Columnar Scan on store_sales_1_prt_76 store_sales_1_prt_76_1  (cost=0.00..1.00 rows=1 width=30)
                                                                                       ->  Result  (cost=0.00..1.00 rows=1 width=30)
                                                                                             One-Time Filter: PartSelected
                                                                                             ->  Append-only Columnar Scan on store_sales_1_prt_77 store_sales_1_prt_77_1  (cost=0.00..1.00 rows=1 width=30)
                                                                                       ->  Result  (cost=0.00..1.00 rows=1 width=30)
                                                                                             One-Time Filter: PartSelected
                                                                                             ->  Append-only Columnar Scan on store_sales_1_prt_78 store_sales_1_prt_78_1  (cost=0.00..1.00 rows=1 width=30)
                                                                                       ->  Result  (cost=0.00..1.00 rows=1 width=30)
                                                                                             One-Time Filter: PartSelected
                                                                                             ->  Append-only Columnar Scan on store_sales_1_prt_79 store_sales_1_prt_79_1  (cost=0.00..1.00 rows=1 width=30)
                                                                                       ->  Result  (cost=0.00..1.00 rows=1 width=30)
                                                                                             One-Time Filter: PartSelected
                                                                                             ->  Append-only Columnar Scan on store_sales_1_prt_80 store_sales_1_prt_80_1  (cost=0.00..1.00 rows=1 width=30)
                                                                                 ->  Hash  (cost=1455.95..1455.95 rows=106 width=4)
                                                                                       ->  Partition Selector for store_sales (dynamic scan id: 1)  (cost=0.00..1455.95 rows=106 width=4)
                                                                                             Filter: date_dim_1.d_date_sk
                                                                                             ->  Broadcast Motion 3:3  (slice8; segments: 3)  (cost=0.00..1455.95 rows=106 width=4)
                                                                                                   ->  Seq Scan on date_dim date_dim_1  (cost=0.00..1451.73 rows=36 width=4)
                                                                                                         Filter: ((d_year = 1999) AND (d_moy = 11))
                                                                     ->  Hash  (cost=6729.59..6729.59 rows=10140 width=4)
                                                                           ->  Seq Scan on item item_1  (cost=0.00..6729.59 rows=10140 width=4)
                                                                                 Filter: ((i_category)::text = 'Electronics'::text)
                                                         ->  Hash  (cost=417382.04..417382.04 rows=428665 width=4)
                                                               ->  Hash Join  (cost=150740.73..417382.04 rows=428665 width=4)
                                                                     Hash Cond: (customer_1.c_current_addr_sk = customer_address_1.ca_address_sk)
                                                                     ->  Seq Scan on customer customer_1  (cost=0.00..178782.00 rows=3999967 width=8)
                                                                     ->  Hash  (cost=126621.77..126621.77 rows=643173 width=4)
                                                                           ->  Broadcast Motion 3:3  (slice11; segments: 3)  (cost=0.00..126621.77 rows=643173 width=4)
                                                                                 ->  Seq Scan on customer_address customer_address_1  (cost=0.00..100894.88 rows=214391 width=4)
                                                                                       Filter: (ca_gmt_offset = (-7)::numeric)
                                             ->  Hash  (cost=44.52..44.52 rows=25 width=4)
                                                   ->  Seq Scan on store store_1  (cost=0.00..44.52 rows=25 width=4)
                                                         Filter: (s_gmt_offset = (-7)::numeric)
 Planning time: 34.769 ms
 Optimizer: legacy query optimizer
(570 rows)

-- end query 1 in stream 0 using template query61.tpl
