-- start query 1 in stream 0 using template query63.tpl
explain
select  * 
from (select i_manager_id
             ,sum(ss_sales_price) sum_sales
             ,avg(sum(ss_sales_price)) over (partition by i_manager_id) avg_monthly_sales
      from item
          ,store_sales
          ,date_dim
          ,store
      where ss_item_sk = i_item_sk
        and ss_sold_date_sk = d_date_sk
        and ss_store_sk = s_store_sk
        and d_month_seq in (1212,1212+1,1212+2,1212+3,1212+4,1212+5,1212+6,1212+7,1212+8,1212+9,1212+10,1212+11)
        and ((    i_category in ('Books','Children','Electronics')
              and i_class in ('personal','portable','refernece','self-help')
              and i_brand in ('scholaramalgamalg #14','scholaramalgamalg #7',
		                  'exportiunivamalg #9','scholaramalgamalg #9'))
           or(    i_category in ('Women','Music','Men')
              and i_class in ('accessories','classical','fragrances','pants')
              and i_brand in ('amalgimporto #1','edu packscholar #1','exportiimporto #1',
		                 'importoamalg #1')))
group by i_manager_id, d_moy) tmp1
where case when avg_monthly_sales > 0 then abs (sum_sales - avg_monthly_sales) / avg_monthly_sales else null end > 0.1
order by i_manager_id
        ,avg_monthly_sales
        ,sum_sales
limit 100;
                                                                                                                                                                                                                                                                                                                            QUERY PLAN                                                                                                                                                                                                                                                                                                                             
-------------------------------------------------------------------------------------------------------------------------------------------------------------------------------------------------------------------------------------------------------------------------------------------------------------------------------------------------------------------------------------------------------------------------------------------------------------------------------------------------------------------------------------------------------------------------------------------------------------------------------------------------------------------
 Limit  (cost=57541080.12..57541080.14 rows=1 width=68)
   ->  Gather Motion 3:1  (slice6; segments: 3)  (cost=57541080.12..57541080.14 rows=1 width=68)
         Merge Key: tmp1.i_manager_id, tmp1.avg_monthly_sales, tmp1.sum_sales
         ->  Limit  (cost=57541080.12..57541080.12 rows=1 width=68)
               ->  Sort  (cost=57541080.12..57541080.12 rows=1 width=68)
                     Sort Key: tmp1.i_manager_id, tmp1.avg_monthly_sales, tmp1.sum_sales
                     ->  Subquery Scan on tmp1  (cost=57541080.06..57541080.11 rows=1 width=68)
                           Filter: (CASE WHEN (tmp1.avg_monthly_sales > 0::numeric) THEN (abs((tmp1.sum_sales - tmp1.avg_monthly_sales)) / tmp1.avg_monthly_sales) ELSE NULL::numeric END > 0.1)
                           ->  WindowAgg  (cost=57541080.06..57541080.08 rows=1 width=40)
                                 Partition By: "Window".i_manager_id
                                 ->  Sort  (cost=57541080.06..57541080.07 rows=1 width=40)
                                       Sort Key: "Window".i_manager_id
                                       ->  Redistribute Motion 3:3  (slice5; segments: 3)  (cost=57541080.01..57541080.05 rows=1 width=40)
                                             Hash Key: "Window".i_manager_id
                                             ->  Subquery Scan on "Window"  (cost=57541080.01..57541080.03 rows=1 width=40)
                                                   ->  HashAggregate  (cost=57541080.01..57541080.02 rows=1 width=40)
                                                         Group Key: item.i_manager_id, date_dim.d_moy
                                                         ->  Redistribute Motion 3:3  (slice4; segments: 3)  (cost=57541079.97..57541079.99 rows=1 width=40)
                                                               Hash Key: item.i_manager_id, date_dim.d_moy
                                                               ->  HashAggregate  (cost=57541079.97..57541079.97 rows=1 width=40)
                                                                     Group Key: item.i_manager_id, date_dim.d_moy
                                                                     ->  Hash Join  (cost=16514.03..57541079.88 rows=5 width=14)
                                                                           Hash Cond: (store_sales_1_prt_outliers.ss_item_sk = item.i_item_sk)
                                                                           ->  Redistribute Motion 3:3  (slice3; segments: 3)  (cost=2264.48..57526830.15 rows=6 width=14)
                                                                                 Hash Key: store_sales_1_prt_outliers.ss_item_sk
                                                                                 ->  Hash Join  (cost=2264.48..57526829.84 rows=6 width=14)
                                                                                       Hash Cond: (store_sales_1_prt_outliers.ss_store_sk = store.s_store_sk)
                                                                                       ->  Redistribute Motion 3:3  (slice2; segments: 3)  (cost=2209.93..57526775.02 rows=11 width=18)
                                                                                             Hash Key: store_sales_1_prt_outliers.ss_store_sk
                                                                                             ->  Hash Join  (cost=2209.93..57526774.39 rows=11 width=18)
                                                                                                   Hash Cond: (store_sales_1_prt_outliers.ss_sold_date_sk = date_dim.d_date_sk)
                                                                                                   ->  Append  (cost=0.00..39524635.96 rows=959996170 width=18)
                                                                                                         ->  Result  (cost=0.00..1568615.00 rows=43200334 width=18)
                                                                                                               One-Time Filter: PartSelected
                                                                                                               ->  Append-only Columnar Scan on store_sales_1_prt_outliers  (cost=0.00..1568615.00 rows=43200334 width=18)
                                                                                                         ->  Result  (cost=0.00..324595.00 rows=7840134 width=18)
                                                                                                               One-Time Filter: PartSelected
                                                                                                               ->  Append-only Columnar Scan on store_sales_1_prt_2  (cost=0.00..324595.00 rows=7840134 width=18)
                                                                                                         ->  Result  (cost=0.00..336211.00 rows=8120800 width=18)
                                                                                                               One-Time Filter: PartSelected
                                                                                                               ->  Append-only Columnar Scan on store_sales_1_prt_3  (cost=0.00..336211.00 rows=8120800 width=18)
                                                                                                         ->  Result  (cost=0.00..324382.00 rows=7834967 width=18)
                                                                                                               One-Time Filter: PartSelected
                                                                                                               ->  Append-only Columnar Scan on store_sales_1_prt_4  (cost=0.00..324382.00 rows=7834967 width=18)
                                                                                                         ->  Result  (cost=0.00..336381.00 rows=8124734 width=18)
                                                                                                               One-Time Filter: PartSelected
                                                                                                               ->  Append-only Columnar Scan on store_sales_1_prt_5  (cost=0.00..336381.00 rows=8124734 width=18)
                                                                                                         ->  Result  (cost=0.00..336417.00 rows=8125800 width=18)
                                                                                                               One-Time Filter: PartSelected
                                                                                                               ->  Append-only Columnar Scan on store_sales_1_prt_6  (cost=0.00..336417.00 rows=8125800 width=18)
                                                                                                         ->  Result  (cost=0.00..336453.00 rows=8126567 width=18)
                                                                                                               One-Time Filter: PartSelected
                                                                                                               ->  Append-only Columnar Scan on store_sales_1_prt_7  (cost=0.00..336453.00 rows=8126567 width=18)
                                                                                                         ->  Result  (cost=0.00..336058.00 rows=8116967 width=18)
                                                                                                               One-Time Filter: PartSelected
                                                                                                               ->  Append-only Columnar Scan on store_sales_1_prt_8  (cost=0.00..336058.00 rows=8116967 width=18)
                                                                                                         ->  Result  (cost=0.00..489738.00 rows=11829267 width=18)
                                                                                                               One-Time Filter: PartSelected
                                                                                                               ->  Append-only Columnar Scan on store_sales_1_prt_9  (cost=0.00..489738.00 rows=11829267 width=18)
                                                                                                         ->  Result  (cost=0.00..765474.00 rows=18489534 width=18)
                                                                                                               One-Time Filter: PartSelected
                                                                                                               ->  Append-only Columnar Scan on store_sales_1_prt_10  (cost=0.00..765474.00 rows=18489534 width=18)
                                                                                                         ->  Result  (cost=0.00..766278.00 rows=18508900 width=18)
                                                                                                               One-Time Filter: PartSelected
                                                                                                               ->  Append-only Columnar Scan on store_sales_1_prt_11  (cost=0.00..766278.00 rows=18508900 width=18)
                                                                                                         ->  Result  (cost=0.00..793967.00 rows=19177700 width=18)
                                                                                                               One-Time Filter: PartSelected
                                                                                                               ->  Append-only Columnar Scan on store_sales_1_prt_12  (cost=0.00..793967.00 rows=19177700 width=18)
                                                                                                         ->  Result  (cost=0.00..1159820.00 rows=28014600 width=18)
                                                                                                               One-Time Filter: PartSelected
                                                                                                               ->  Append-only Columnar Scan on store_sales_1_prt_13  (cost=0.00..1159820.00 rows=28014600 width=18)
                                                                                                         ->  Result  (cost=0.00..1160753.00 rows=28037334 width=18)
                                                                                                               One-Time Filter: PartSelected
                                                                                                               ->  Append-only Columnar Scan on store_sales_1_prt_14  (cost=0.00..1160753.00 rows=28037334 width=18)
                                                                                                         ->  Result  (cost=0.00..436710.00 rows=10548367 width=18)
                                                                                                               One-Time Filter: PartSelected
                                                                                                               ->  Append-only Columnar Scan on store_sales_1_prt_15  (cost=0.00..436710.00 rows=10548367 width=18)
                                                                                                         ->  Result  (cost=0.00..336477.00 rows=8127134 width=18)
                                                                                                               One-Time Filter: PartSelected
                                                                                                               ->  Append-only Columnar Scan on store_sales_1_prt_16  (cost=0.00..336477.00 rows=8127134 width=18)
                                                                                                         ->  Result  (cost=0.00..324706.00 rows=7842834 width=18)
                                                                                                               One-Time Filter: PartSelected
                                                                                                               ->  Append-only Columnar Scan on store_sales_1_prt_17  (cost=0.00..324706.00 rows=7842834 width=18)
                                                                                                         ->  Result  (cost=0.00..336587.00 rows=8129867 width=18)
                                                                                                               One-Time Filter: PartSelected
                                                                                                               ->  Append-only Columnar Scan on store_sales_1_prt_18  (cost=0.00..336587.00 rows=8129867 width=18)
                                                                                                         ->  Result  (cost=0.00..336153.00 rows=8119367 width=18)
                                                                                                               One-Time Filter: PartSelected
                                                                                                               ->  Append-only Columnar Scan on store_sales_1_prt_19  (cost=0.00..336153.00 rows=8119367 width=18)
                                                                                                         ->  Result  (cost=0.00..336736.00 rows=8133367 width=18)
                                                                                                               One-Time Filter: PartSelected
                                                                                                               ->  Append-only Columnar Scan on store_sales_1_prt_20  (cost=0.00..336736.00 rows=8133367 width=18)
                                                                                                         ->  Result  (cost=0.00..336190.00 rows=8120200 width=18)
                                                                                                               One-Time Filter: PartSelected
                                                                                                               ->  Append-only Columnar Scan on store_sales_1_prt_21  (cost=0.00..336190.00 rows=8120200 width=18)
                                                                                                         ->  Result  (cost=0.00..474334.00 rows=11457100 width=18)
                                                                                                               One-Time Filter: PartSelected
                                                                                                               ->  Append-only Columnar Scan on store_sales_1_prt_22  (cost=0.00..474334.00 rows=11457100 width=18)
                                                                                                         ->  Result  (cost=0.00..766084.00 rows=18504234 width=18)
                                                                                                               One-Time Filter: PartSelected
                                                                                                               ->  Append-only Columnar Scan on store_sales_1_prt_23  (cost=0.00..766084.00 rows=18504234 width=18)
                                                                                                         ->  Result  (cost=0.00..765781.00 rows=18496900 width=18)
                                                                                                               One-Time Filter: PartSelected
                                                                                                               ->  Append-only Columnar Scan on store_sales_1_prt_24  (cost=0.00..765781.00 rows=18496900 width=18)
                                                                                                         ->  Result  (cost=0.00..779443.00 rows=18826834 width=18)
                                                                                                               One-Time Filter: PartSelected
                                                                                                               ->  Append-only Columnar Scan on store_sales_1_prt_25  (cost=0.00..779443.00 rows=18826834 width=18)
                                                                                                         ->  Result  (cost=0.00..1160832.00 rows=28039467 width=18)
                                                                                                               One-Time Filter: PartSelected
                                                                                                               ->  Append-only Columnar Scan on store_sales_1_prt_26  (cost=0.00..1160832.00 rows=28039467 width=18)
                                                                                                         ->  Result  (cost=0.00..1160090.00 rows=28021400 width=18)
                                                                                                               One-Time Filter: PartSelected
                                                                                                               ->  Append-only Columnar Scan on store_sales_1_prt_27  (cost=0.00..1160090.00 rows=28021400 width=18)
                                                                                                         ->  Result  (cost=0.00..465893.00 rows=11253134 width=18)
                                                                                                               One-Time Filter: PartSelected
                                                                                                               ->  Append-only Columnar Scan on store_sales_1_prt_28  (cost=0.00..465893.00 rows=11253134 width=18)
                                                                                                         ->  Result  (cost=0.00..335914.00 rows=8113600 width=18)
                                                                                                               One-Time Filter: PartSelected
                                                                                                               ->  Append-only Columnar Scan on store_sales_1_prt_29  (cost=0.00..335914.00 rows=8113600 width=18)
                                                                                                         ->  Result  (cost=0.00..336186.00 rows=8120167 width=18)
                                                                                                               One-Time Filter: PartSelected
                                                                                                               ->  Append-only Columnar Scan on store_sales_1_prt_30  (cost=0.00..336186.00 rows=8120167 width=18)
                                                                                                         ->  Result  (cost=0.00..336014.00 rows=8115934 width=18)
                                                                                                               One-Time Filter: PartSelected
                                                                                                               ->  Append-only Columnar Scan on store_sales_1_prt_31  (cost=0.00..336014.00 rows=8115934 width=18)
                                                                                                         ->  Result  (cost=0.00..335918.00 rows=8113667 width=18)
                                                                                                               One-Time Filter: PartSelected
                                                                                                               ->  Append-only Columnar Scan on store_sales_1_prt_32  (cost=0.00..335918.00 rows=8113667 width=18)
                                                                                                         ->  Result  (cost=0.00..336069.00 rows=8117334 width=18)
                                                                                                               One-Time Filter: PartSelected
                                                                                                               ->  Append-only Columnar Scan on store_sales_1_prt_33  (cost=0.00..336069.00 rows=8117334 width=18)
                                                                                                         ->  Result  (cost=0.00..335472.00 rows=8102900 width=18)
                                                                                                               One-Time Filter: PartSelected
                                                                                                               ->  Append-only Columnar Scan on store_sales_1_prt_34  (cost=0.00..335472.00 rows=8102900 width=18)
                                                                                                         ->  Result  (cost=0.00..457985.00 rows=11062100 width=18)
                                                                                                               One-Time Filter: PartSelected
                                                                                                               ->  Append-only Columnar Scan on store_sales_1_prt_35  (cost=0.00..457985.00 rows=11062100 width=18)
                                                                                                         ->  Result  (cost=0.00..764679.00 rows=18470400 width=18)
                                                                                                               One-Time Filter: PartSelected
                                                                                                               ->  Append-only Columnar Scan on store_sales_1_prt_36  (cost=0.00..764679.00 rows=18470400 width=18)
                                                                                                         ->  Result  (cost=0.00..764030.00 rows=18454700 width=18)
                                                                                                               One-Time Filter: PartSelected
                                                                                                               ->  Append-only Columnar Scan on store_sales_1_prt_37  (cost=0.00..764030.00 rows=18454700 width=18)
                                                                                                         ->  Result  (cost=0.00..764484.00 rows=18465634 width=18)
                                                                                                               One-Time Filter: PartSelected
                                                                                                               ->  Append-only Columnar Scan on store_sales_1_prt_38  (cost=0.00..764484.00 rows=18465634 width=18)
                                                                                                         ->  Result  (cost=0.00..1158198.04 rows=27975568 width=18)
                                                                                                               One-Time Filter: PartSelected
                                                                                                               ->  Append-only Columnar Scan on store_sales_1_prt_39  (cost=0.00..1158198.04 rows=27975568 width=18)
                                                                                                         ->  Result  (cost=0.00..1158199.04 rows=27975968 width=18)
                                                                                                               One-Time Filter: PartSelected
                                                                                                               ->  Append-only Columnar Scan on store_sales_1_prt_40  (cost=0.00..1158199.04 rows=27975968 width=18)
                                                                                                         ->  Result  (cost=0.00..483138.00 rows=11669800 width=18)
                                                                                                               One-Time Filter: PartSelected
                                                                                                               ->  Append-only Columnar Scan on store_sales_1_prt_41  (cost=0.00..483138.00 rows=11669800 width=18)
                                                                                                         ->  Result  (cost=0.00..336559.00 rows=8129100 width=18)
                                                                                                               One-Time Filter: PartSelected
                                                                                                               ->  Append-only Columnar Scan on store_sales_1_prt_42  (cost=0.00..336559.00 rows=8129100 width=18)
                                                                                                         ->  Result  (cost=0.00..324602.00 rows=7840367 width=18)
                                                                                                               One-Time Filter: PartSelected
                                                                                                               ->  Append-only Columnar Scan on store_sales_1_prt_43  (cost=0.00..324602.00 rows=7840367 width=18)
                                                                                                         ->  Result  (cost=0.00..336209.00 rows=8120567 width=18)
                                                                                                               One-Time Filter: PartSelected
                                                                                                               ->  Append-only Columnar Scan on store_sales_1_prt_44  (cost=0.00..336209.00 rows=8120567 width=18)
                                                                                                         ->  Result  (cost=0.00..336313.00 rows=8123267 width=18)
                                                                                                               One-Time Filter: PartSelected
                                                                                                               ->  Append-only Columnar Scan on store_sales_1_prt_45  (cost=0.00..336313.00 rows=8123267 width=18)
                                                                                                         ->  Result  (cost=0.00..336621.00 rows=8130734 width=18)
                                                                                                               One-Time Filter: PartSelected
                                                                                                               ->  Append-only Columnar Scan on store_sales_1_prt_46  (cost=0.00..336621.00 rows=8130734 width=18)
                                                                                                         ->  Result  (cost=0.00..335906.00 rows=8113400 width=18)
                                                                                                               One-Time Filter: PartSelected
                                                                                                               ->  Append-only Columnar Scan on store_sales_1_prt_47  (cost=0.00..335906.00 rows=8113400 width=18)
                                                                                                         ->  Result  (cost=0.00..428657.00 rows=10353800 width=18)
                                                                                                               One-Time Filter: PartSelected
                                                                                                               ->  Append-only Columnar Scan on store_sales_1_prt_48  (cost=0.00..428657.00 rows=10353800 width=18)
                                                                                                         ->  Result  (cost=0.00..766560.00 rows=18515734 width=18)
                                                                                                               One-Time Filter: PartSelected
                                                                                                               ->  Append-only Columnar Scan on store_sales_1_prt_49  (cost=0.00..766560.00 rows=18515734 width=18)
                                                                                                         ->  Result  (cost=0.00..766167.00 rows=18506234 width=18)
                                                                                                               One-Time Filter: PartSelected
                                                                                                               ->  Append-only Columnar Scan on store_sales_1_prt_50  (cost=0.00..766167.00 rows=18506234 width=18)
                                                                                                         ->  Result  (cost=0.00..766196.00 rows=18506900 width=18)
                                                                                                               One-Time Filter: PartSelected
                                                                                                               ->  Append-only Columnar Scan on store_sales_1_prt_51  (cost=0.00..766196.00 rows=18506900 width=18)
                                                                                                         ->  Result  (cost=0.00..1130938.00 rows=27317200 width=18)
                                                                                                               One-Time Filter: PartSelected
                                                                                                               ->  Append-only Columnar Scan on store_sales_1_prt_52  (cost=0.00..1130938.00 rows=27317200 width=18)
                                                                                                         ->  Result  (cost=0.00..1160637.96 rows=28034566 width=18)
                                                                                                               One-Time Filter: PartSelected
                                                                                                               ->  Append-only Columnar Scan on store_sales_1_prt_53  (cost=0.00..1160637.96 rows=28034566 width=18)
                                                                                                         ->  Result  (cost=0.00..555225.00 rows=13411000 width=18)
                                                                                                               One-Time Filter: PartSelected
                                                                                                               ->  Append-only Columnar Scan on store_sales_1_prt_54  (cost=0.00..555225.00 rows=13411000 width=18)
                                                                                                         ->  Result  (cost=0.00..336782.00 rows=8134567 width=18)
                                                                                                               One-Time Filter: PartSelected
                                                                                                               ->  Append-only Columnar Scan on store_sales_1_prt_55  (cost=0.00..336782.00 rows=8134567 width=18)
                                                                                                         ->  Result  (cost=0.00..324454.00 rows=7836734 width=18)
                                                                                                               One-Time Filter: PartSelected
                                                                                                               ->  Append-only Columnar Scan on store_sales_1_prt_56  (cost=0.00..324454.00 rows=7836734 width=18)
                                                                                                         ->  Result  (cost=0.00..336546.00 rows=8128867 width=18)
                                                                                                               One-Time Filter: PartSelected
                                                                                                               ->  Append-only Columnar Scan on store_sales_1_prt_57  (cost=0.00..336546.00 rows=8128867 width=18)
                                                                                                         ->  Result  (cost=0.00..336207.00 rows=8120667 width=18)
                                                                                                               One-Time Filter: PartSelected
                                                                                                               ->  Append-only Columnar Scan on store_sales_1_prt_58  (cost=0.00..336207.00 rows=8120667 width=18)
                                                                                                         ->  Result  (cost=0.00..336578.00 rows=8129534 width=18)
                                                                                                               One-Time Filter: PartSelected
                                                                                                               ->  Append-only Columnar Scan on store_sales_1_prt_59  (cost=0.00..336578.00 rows=8129534 width=18)
                                                                                                         ->  Result  (cost=0.00..336468.00 rows=8127067 width=18)
                                                                                                               One-Time Filter: PartSelected
                                                                                                               ->  Append-only Columnar Scan on store_sales_1_prt_60  (cost=0.00..336468.00 rows=8127067 width=18)
                                                                                                         ->  Result  (cost=0.00..412992.00 rows=9975467 width=18)
                                                                                                               One-Time Filter: PartSelected
                                                                                                               ->  Append-only Columnar Scan on store_sales_1_prt_61  (cost=0.00..412992.00 rows=9975467 width=18)
                                                                                                         ->  Result  (cost=0.00..765709.00 rows=18495234 width=18)
                                                                                                               One-Time Filter: PartSelected
                                                                                                               ->  Append-only Columnar Scan on store_sales_1_prt_62  (cost=0.00..765709.00 rows=18495234 width=18)
                                                                                                         ->  Result  (cost=0.00..766176.00 rows=18506500 width=18)
                                                                                                               One-Time Filter: PartSelected
                                                                                                               ->  Append-only Columnar Scan on store_sales_1_prt_63  (cost=0.00..766176.00 rows=18506500 width=18)
                                                                                                         ->  Result  (cost=0.00..766142.00 rows=18505834 width=18)
                                                                                                               One-Time Filter: PartSelected
                                                                                                               ->  Append-only Columnar Scan on store_sales_1_prt_64  (cost=0.00..766142.00 rows=18505834 width=18)
                                                                                                         ->  Result  (cost=0.00..1117566.96 rows=26994166 width=18)
                                                                                                               One-Time Filter: PartSelected
                                                                                                               ->  Append-only Columnar Scan on store_sales_1_prt_65  (cost=0.00..1117566.96 rows=26994166 width=18)
                                                                                                         ->  Result  (cost=0.00..1159645.96 rows=28010566 width=18)
                                                                                                               One-Time Filter: PartSelected
                                                                                                               ->  Append-only Columnar Scan on store_sales_1_prt_66  (cost=0.00..1159645.96 rows=28010566 width=18)
                                                                                                         ->  Result  (cost=0.00..331321.00 rows=8002500 width=18)
                                                                                                               One-Time Filter: PartSelected
                                                                                                               ->  Append-only Columnar Scan on store_sales_1_prt_67  (cost=0.00..331321.00 rows=8002500 width=18)
                                                                                                         ->  Result  (cost=0.00..1.00 rows=1 width=26)
                                                                                                               One-Time Filter: PartSelected
                                                                                                               ->  Append-only Columnar Scan on store_sales_1_prt_68  (cost=0.00..1.00 rows=1 width=26)
                                                                                                         ->  Result  (cost=0.00..1.00 rows=1 width=26)
                                                                                                               One-Time Filter: PartSelected
                                                                                                               ->  Append-only Columnar Scan on store_sales_1_prt_69  (cost=0.00..1.00 rows=1 width=26)
                                                                                                         ->  Result  (cost=0.00..1.00 rows=1 width=26)
                                                                                                               One-Time Filter: PartSelected
                                                                                                               ->  Append-only Columnar Scan on store_sales_1_prt_70  (cost=0.00..1.00 rows=1 width=26)
                                                                                                         ->  Result  (cost=0.00..1.00 rows=1 width=26)
                                                                                                               One-Time Filter: PartSelected
                                                                                                               ->  Append-only Columnar Scan on store_sales_1_prt_71  (cost=0.00..1.00 rows=1 width=26)
                                                                                                         ->  Result  (cost=0.00..1.00 rows=1 width=26)
                                                                                                               One-Time Filter: PartSelected
                                                                                                               ->  Append-only Columnar Scan on store_sales_1_prt_72  (cost=0.00..1.00 rows=1 width=26)
                                                                                                         ->  Result  (cost=0.00..1.00 rows=1 width=26)
                                                                                                               One-Time Filter: PartSelected
                                                                                                               ->  Append-only Columnar Scan on store_sales_1_prt_73  (cost=0.00..1.00 rows=1 width=26)
                                                                                                         ->  Result  (cost=0.00..1.00 rows=1 width=26)
                                                                                                               One-Time Filter: PartSelected
                                                                                                               ->  Append-only Columnar Scan on store_sales_1_prt_74  (cost=0.00..1.00 rows=1 width=26)
                                                                                                         ->  Result  (cost=0.00..1.00 rows=1 width=26)
                                                                                                               One-Time Filter: PartSelected
                                                                                                               ->  Append-only Columnar Scan on store_sales_1_prt_75  (cost=0.00..1.00 rows=1 width=26)
                                                                                                         ->  Result  (cost=0.00..1.00 rows=1 width=26)
                                                                                                               One-Time Filter: PartSelected
                                                                                                               ->  Append-only Columnar Scan on store_sales_1_prt_76  (cost=0.00..1.00 rows=1 width=26)
                                                                                                         ->  Result  (cost=0.00..1.00 rows=1 width=26)
                                                                                                               One-Time Filter: PartSelected
                                                                                                               ->  Append-only Columnar Scan on store_sales_1_prt_77  (cost=0.00..1.00 rows=1 width=26)
                                                                                                         ->  Result  (cost=0.00..1.00 rows=1 width=26)
                                                                                                               One-Time Filter: PartSelected
                                                                                                               ->  Append-only Columnar Scan on store_sales_1_prt_78  (cost=0.00..1.00 rows=1 width=26)
                                                                                                         ->  Result  (cost=0.00..1.00 rows=1 width=26)
                                                                                                               One-Time Filter: PartSelected
                                                                                                               ->  Append-only Columnar Scan on store_sales_1_prt_79  (cost=0.00..1.00 rows=1 width=26)
                                                                                                         ->  Result  (cost=0.00..1.00 rows=1 width=26)
                                                                                                               One-Time Filter: PartSelected
                                                                                                               ->  Append-only Columnar Scan on store_sales_1_prt_80  (cost=0.00..1.00 rows=1 width=26)
                                                                                                   ->  Hash  (cost=2196.53..2196.53 rows=358 width=8)
                                                                                                         ->  Partition Selector for store_sales (dynamic scan id: 1)  (cost=0.00..2196.53 rows=358 width=8)
                                                                                                               Filter: date_dim.d_date_sk
                                                                                                               ->  Broadcast Motion 3:3  (slice1; segments: 3)  (cost=0.00..2196.53 rows=358 width=8)
                                                                                                                     ->  Seq Scan on date_dim  (cost=0.00..2182.23 rows=120 width=8)
                                                                                                                           Filter: (d_month_seq = ANY ('{1212,1213,1214,1215,1216,1217,1218,1219,1220,1221,1222,1223}'::integer[]))
                                                                                       ->  Hash  (cost=42.02..42.02 rows=334 width=4)
                                                                                             ->  Seq Scan on store  (cost=0.00..42.02 rows=334 width=4)
                                                                           ->  Hash  (cost=14210.76..14210.76 rows=1035 width=8)
                                                                                 ->  Seq Scan on item  (cost=0.00..14210.76 rows=1035 width=8)
                                                                                       Filter: ((((i_category)::text = ANY ('{Books,Children,Electronics}'::text[])) AND ((i_class)::text = ANY ('{personal,portable,refernece,self-help}'::text[])) AND ((i_brand)::text = ANY ('{"scholaramalgamalg #14","scholaramalgamalg #7","exportiunivamalg #9","scholaramalgamalg #9"}'::text[]))) OR (((i_category)::text = ANY ('{Women,Music,Men}'::text[])) AND ((i_class)::text = ANY ('{accessories,classical,fragrances,pants}'::text[])) AND ((i_brand)::text = ANY ('{"amalgimporto #1","edu packscholar #1","exportiimporto #1","importoamalg #1"}'::text[]))))
 Planning time: 17.769 ms
 Optimizer: legacy query optimizer
(285 rows)

-- end query 1 in stream 0 using template query63.tpl
