-- start query 1 in stream 0 using template query64.tpl
explain
with cs_ui as
 (select cs_item_sk
        ,sum(cs_ext_list_price) as sale,sum(cr_refunded_cash+cr_reversed_charge+cr_store_credit) as refund
  from catalog_sales
      ,catalog_returns
  where cs_item_sk = cr_item_sk
    and cs_order_number = cr_order_number
  group by cs_item_sk
  having sum(cs_ext_list_price)>2*sum(cr_refunded_cash+cr_reversed_charge+cr_store_credit)),
cross_sales as
 (select i_product_name product_name
     ,i_item_sk item_sk
     ,s_store_name store_name
     ,s_zip store_zip
     ,ad1.ca_street_number b_street_number
     ,ad1.ca_street_name b_streen_name
     ,ad1.ca_city b_city
     ,ad1.ca_zip b_zip
     ,ad2.ca_street_number c_street_number
     ,ad2.ca_street_name c_street_name
     ,ad2.ca_city c_city
     ,ad2.ca_zip c_zip
     ,d1.d_year as syear
     ,d2.d_year as fsyear
     ,d3.d_year s2year
     ,count(*) cnt
     ,sum(ss_wholesale_cost) s1
     ,sum(ss_list_price) s2
     ,sum(ss_coupon_amt) s3
  FROM   store_sales
        ,store_returns
        ,cs_ui
        ,date_dim d1
        ,date_dim d2
        ,date_dim d3
        ,store
        ,customer
        ,customer_demographics cd1
        ,customer_demographics cd2
        ,promotion
        ,household_demographics hd1
        ,household_demographics hd2
        ,customer_address ad1
        ,customer_address ad2
        ,income_band ib1
        ,income_band ib2
        ,item
  WHERE  ss_store_sk = s_store_sk AND
         ss_sold_date_sk = d1.d_date_sk AND
         ss_customer_sk = c_customer_sk AND
         ss_cdemo_sk= cd1.cd_demo_sk AND
         ss_hdemo_sk = hd1.hd_demo_sk AND
         ss_addr_sk = ad1.ca_address_sk and
         ss_item_sk = i_item_sk and
         ss_item_sk = sr_item_sk and
         ss_ticket_number = sr_ticket_number and
         ss_item_sk = cs_ui.cs_item_sk and
         c_current_cdemo_sk = cd2.cd_demo_sk AND
         c_current_hdemo_sk = hd2.hd_demo_sk AND
         c_current_addr_sk = ad2.ca_address_sk and
         c_first_sales_date_sk = d2.d_date_sk and
         c_first_shipto_date_sk = d3.d_date_sk and
         ss_promo_sk = p_promo_sk and
         hd1.hd_income_band_sk = ib1.ib_income_band_sk and
         hd2.hd_income_band_sk = ib2.ib_income_band_sk and
         cd1.cd_marital_status <> cd2.cd_marital_status and
         i_color in ('maroon','burnished','dim','steel','navajo','chocolate') and
         i_current_price between 35 and 35 + 10 and
         i_current_price between 35 + 1 and 35 + 15
group by i_product_name
       ,i_item_sk
       ,s_store_name
       ,s_zip
       ,ad1.ca_street_number
       ,ad1.ca_street_name
       ,ad1.ca_city
       ,ad1.ca_zip
       ,ad2.ca_street_number
       ,ad2.ca_street_name
       ,ad2.ca_city
       ,ad2.ca_zip
       ,d1.d_year
       ,d2.d_year
       ,d3.d_year
)
select cs1.product_name
     ,cs1.store_name
     ,cs1.store_zip
     ,cs1.b_street_number
     ,cs1.b_streen_name
     ,cs1.b_city
     ,cs1.b_zip
     ,cs1.c_street_number
     ,cs1.c_street_name
     ,cs1.c_city
     ,cs1.c_zip
     ,cs1.syear
     ,cs1.cnt
     ,cs1.s1
     ,cs1.s2
     ,cs1.s3
     ,cs2.s1
     ,cs2.s2
     ,cs2.s3
     ,cs2.syear
     ,cs2.cnt
from cross_sales cs1,cross_sales cs2
where cs1.item_sk=cs2.item_sk and
     cs1.syear = 2000 and
     cs2.syear = 2000 + 1 and
     cs2.cnt <= cs1.cnt and
     cs1.store_name = cs2.store_name and
     cs1.store_zip = cs2.store_zip
order by cs1.product_name
       ,cs1.store_name
       ,cs2.cnt
limit 100;
                                                                                                                                                                                                                                                                       QUERY PLAN                                                                                                                                                                                                                                                                       
--------------------------------------------------------------------------------------------------------------------------------------------------------------------------------------------------------------------------------------------------------------------------------------------------------------------------------------------------------------------------------------------------------------------------------------------------------------------------------------------------------------------------------------------------------
 Limit  (cost=1.25..1.32 rows=4 width=1194)
   ->  Gather Motion 3:1  (slice36; segments: 3)  (cost=1.25..1.32 rows=4 width=1194)
         Merge Key: cs1.product_name, cs1.store_name, cs2.cnt
         ->  Limit  (cost=1.25..1.25 rows=2 width=1194)
               ->  Sort  (cost=1.25..1.25 rows=2 width=1194)
                     Sort Key: cs1.product_name, cs1.store_name, cs2.cnt
                     ->  Hash Join  (cost=0.34..1.22 rows=2 width=1194)
                           Hash Cond: ((cs2.item_sk = cs1.item_sk) AND ((cs2.store_name)::text = (cs1.store_name)::text) AND ((cs2.store_zip)::text = (cs1.store_zip)::text))
                           Join Filter: (cs2.cnt <= cs1.cnt)
                           ->  Broadcast Motion 3:3  (slice18; segments: 3)  (cost=0.00..0.54 rows=9 width=268)
                                 ->  Subquery Scan on cs2  (cost=0.00..0.18 rows=3 width=268)
                                       ->  HashAggregate  (cost=58885898.19..58885898.35 rows=3 width=1098)
                                             Group Key: item.i_product_name, item.i_item_sk, store.s_store_name, store.s_zip, ad1.ca_street_number, ad1.ca_street_name, ad1.ca_city, ad1.ca_zip, ad2.ca_street_number, ad2.ca_street_name, ad2.ca_city, ad2.ca_zip, d1.d_year, d2.d_year, d3.d_year
                                             ->  Redistribute Motion 3:3  (slice17; segments: 3)  (cost=58885897.49..58885897.67 rows=3 width=1098)
                                                   Hash Key: item.i_product_name, item.i_item_sk, store.s_store_name, store.s_zip, ad1.ca_street_number, ad1.ca_street_name, ad1.ca_city, ad1.ca_zip, ad2.ca_street_number, ad2.ca_street_name, ad2.ca_city, ad2.ca_zip, d1.d_year, d2.d_year, d3.d_year
                                                   ->  HashAggregate  (cost=58885897.49..58885897.49 rows=3 width=1098)
                                                         Group Key: item.i_product_name, item.i_item_sk, store.s_store_name, store.s_zip, ad1.ca_street_number, ad1.ca_street_name, ad1.ca_city, ad1.ca_zip, ad2.ca_street_number, ad2.ca_street_name, ad2.ca_city, ad2.ca_zip, d1.d_year, d2.d_year, d3.d_year
                                                         ->  Hash Join  (cost=52892988.44..58885897.05 rows=4 width=118)
                                                               Hash Cond: (hd2.hd_income_band_sk = ib2.ib_income_band_sk)
                                                               ->  Hash Join  (cost=52892971.69..58885880.15 rows=4 width=122)
                                                                     Hash Cond: (hd1.hd_income_band_sk = ib1.ib_income_band_sk)
                                                                     ->  Hash Join  (cost=52892954.94..58885863.25 rows=4 width=126)
                                                                           Hash Cond: (customer.c_current_addr_sk = ad2.ca_address_sk)
                                                                           ->  Redistribute Motion 3:3  (slice14; segments: 3)  (cost=52732044.17..58724952.29 rows=4 width=103)
                                                                                 Hash Key: customer.c_current_addr_sk
                                                                                 ->  Hash Join  (cost=52732044.17..58724952.11 rows=4 width=103)
                                                                                       Hash Cond: (store_sales_1_prt_outliers.ss_addr_sk = ad1.ca_address_sk)
                                                                                       ->  Redistribute Motion 3:3  (slice13; segments: 3)  (cost=52571133.39..58564041.15 rows=4 width=80)
                                                                                             Hash Key: store_sales_1_prt_outliers.ss_addr_sk
                                                                                             ->  Hash Join  (cost=52571133.39..58564040.96 rows=4 width=80)
                                                                                                   Hash Cond: (customer.c_current_hdemo_sk = hd2.hd_demo_sk)
                                                                                                   ->  Redistribute Motion 3:3  (slice12; segments: 3)  (cost=52570939.39..58563846.84 rows=4 width=80)
                                                                                                         Hash Key: customer.c_current_hdemo_sk
                                                                                                         ->  Hash Join  (cost=52570939.39..58563846.65 rows=4 width=80)
                                                                                                               Hash Cond: (store_sales_1_prt_outliers.ss_hdemo_sk = hd1.hd_demo_sk)
                                                                                                               ->  Redistribute Motion 3:3  (slice11; segments: 3)  (cost=52570745.39..58563652.53 rows=4 width=80)
                                                                                                                     Hash Key: store_sales_1_prt_outliers.ss_hdemo_sk
                                                                                                                     ->  Hash Join  (cost=52570745.39..58563652.34 rows=4 width=80)
                                                                                                                           Hash Cond: (store_sales_1_prt_outliers.ss_promo_sk = promotion.p_promo_sk)
                                                                                                                           ->  Redistribute Motion 3:3  (slice10; segments: 3)  (cost=52570679.64..58563586.47 rows=4 width=84)
                                                                                                                                 Hash Key: store_sales_1_prt_outliers.ss_promo_sk
                                                                                                                                 ->  Hash Join  (cost=52570679.64..58563586.28 rows=4 width=84)
                                                                                                                                       Hash Cond: (store_sales_1_prt_outliers.ss_cdemo_sk = cd1.cd_demo_sk)
                                                                                                                                       Join Filter: (cd1.cd_marital_status <> cd2.cd_marital_status)
                                                                                                                                       ->  Redistribute Motion 3:3  (slice9; segments: 3)  (cost=52523049.09..58515955.58 rows=4 width=90)
                                                                                                                                             Hash Key: store_sales_1_prt_outliers.ss_cdemo_sk
                                                                                                                                             ->  Hash Join  (cost=52523049.09..58515955.40 rows=4 width=90)
                                                                                                                                                   Hash Cond: (customer.c_current_cdemo_sk = cd2.cd_demo_sk)
                                                                                                                                                   ->  Redistribute Motion 3:3  (slice8; segments: 3)  (cost=52475418.54..58468324.71 rows=4 width=92)
                                                                                                                                                         Hash Key: customer.c_current_cdemo_sk
                                                                                                                                                         ->  Hash Join  (cost=52475418.54..58468324.53 rows=4 width=92)
                                                                                                                                                               Hash Cond: (customer.c_first_shipto_date_sk = d3.d_date_sk)
                                                                                                                                                               ->  Redistribute Motion 3:3  (slice7; segments: 3)  (cost=52473418.94..58466324.80 rows=4 width=92)
                                                                                                                                                                     Hash Key: customer.c_first_shipto_date_sk
                                                                                                                                                                     ->  Hash Join  (cost=52473418.94..58466324.61 rows=4 width=92)
                                                                                                                                                                           Hash Cond: (customer.c_first_sales_date_sk = d2.d_date_sk)
                                                                                                                                                                           ->  Redistribute Motion 3:3  (slice6; segments: 3)  (cost=52471419.34..58464324.88 rows=4 width=92)
                                                                                                                                                                                 Hash Key: customer.c_first_sales_date_sk
                                                                                                                                                                                 ->  Hash Join  (cost=52471419.34..58464324.70 rows=4 width=92)
                                                                                                                                                                                       Hash Cond: (store_sales_1_prt_outliers.ss_customer_sk = customer.c_customer_sk)
                                                                                                                                                                                       ->  Redistribute Motion 3:3  (slice5; segments: 3)  (cost=52142638.59..58135543.69 rows=4 width=76)
                                                                                                                                                                                             Hash Key: store_sales_1_prt_outliers.ss_customer_sk
                                                                                                                                                                                             ->  Hash Join  (cost=52142638.59..58135543.51 rows=4 width=76)
                                                                                                                                                                                                   Hash Cond: (store_sales_1_prt_outliers.ss_store_sk = store.s_store_sk)
                                                                                                                                                                                                   ->  Redistribute Motion 3:3  (slice4; segments: 3)  (cost=52142584.04..58135488.84 rows=4 width=70)
                                                                                                                                                                                                         Hash Key: store_sales_1_prt_outliers.ss_store_sk
                                                                                                                                                                                                         ->  Hash Join  (cost=52142584.04..58135488.65 rows=4 width=70)
                                                                                                                                                                                                               Hash Cond: ((store_returns_1_prt_outliers.sr_item_sk = store_sales_1_prt_outliers.ss_item_sk) AND (store_returns_1_prt_outliers.sr_ticket_number = store_sales_1_prt_outliers.ss_ticket_number))
                                                                                                                                                                                                               ->  Append  (cost=0.00..3832906.41 rows=95999916 width=12)
                                                                                                                                                                                                                     ->  Append-only Columnar Scan on store_returns_1_prt_outliers  (cost=0.00..119589.00 rows=3359867 width=12)
                                                                                                                                                                                                                     ->  Append-only Columnar Scan on store_returns_1_prt_2  (cost=0.00..1853.03 rows=45768 width=12)
                                                                                                                                                                                                                     ->  Append-only Columnar Scan on store_returns_1_prt_3  (cost=0.00..6990.74 rows=174025 width=12)
                                                                                                                                                                                                                     ->  Append-only Columnar Scan on store_returns_1_prt_4  (cost=0.00..12073.00 rows=300934 width=12)
                                                                                                                                                                                                                     ->  Append-only Columnar Scan on store_returns_1_prt_5  (cost=0.00..17206.50 rows=429050 width=12)
                                                                                                                                                                                                                     ->  Append-only Columnar Scan on store_returns_1_prt_6  (cost=0.00..22418.30 rows=559077 width=12)
                                                                                                                                                                                                                     ->  Append-only Columnar Scan on store_returns_1_prt_7  (cost=0.00..27598.00 rows=688300 width=12)
                                                                                                                                                                                                                     ->  Append-only Columnar Scan on store_returns_1_prt_8  (cost=0.00..32106.70 rows=800790 width=12)
                                                                                                                                                                                                                     ->  Append-only Columnar Scan on store_returns_1_prt_9  (cost=0.00..32900.20 rows=820607 width=12)
                                                                                                                                                                                                                     ->  Append-only Columnar Scan on store_returns_1_prt_10  (cost=0.00..37679.10 rows=939970 width=12)
                                                                                                                                                                                                                     ->  Append-only Columnar Scan on store_returns_1_prt_11  (cost=0.00..44416.50 rows=1108017 width=12)
                                                                                                                                                                                                                     ->  Append-only Columnar Scan on store_returns_1_prt_12  (cost=0.00..51022.00 rows=1272934 width=12)
                                                                                                                                                                                                                     ->  Append-only Columnar Scan on store_returns_1_prt_13  (cost=0.00..60422.90 rows=1507530 width=12)
                                                                                                                                                                                                                     ->  Append-only Columnar Scan on store_returns_1_prt_14  (cost=0.00..73185.80 rows=1826060 width=12)
                                                                                                                                                                                                                     ->  Append-only Columnar Scan on store_returns_1_prt_15  (cost=0.00..82303.60 rows=2053554 width=12)
                                                                                                                                                                                                                     ->  Append-only Columnar Scan on store_returns_1_prt_16  (cost=0.00..79967.20 rows=1995307 width=12)
                                                                                                                                                                                                                     ->  Append-only Columnar Scan on store_returns_1_prt_17  (cost=0.00..73186.20 rows=1826107 width=12)
                                                                                                                                                                                                                     ->  Append-only Columnar Scan on store_returns_1_prt_18  (cost=0.00..66475.20 rows=1658607 width=12)
                                                                                                                                                                                                                     ->  Append-only Columnar Scan on store_returns_1_prt_19  (cost=0.00..58723.50 rows=1465084 width=12)
                                                                                                                                                                                                                     ->  Append-only Columnar Scan on store_returns_1_prt_20  (cost=0.00..46348.30 rows=1156177 width=12)
                                                                                                                                                                                                                     ->  Append-only Columnar Scan on store_returns_1_prt_21  (cost=0.00..34792.40 rows=867914 width=12)
                                                                                                                                                                                                                     ->  Append-only Columnar Scan on store_returns_1_prt_22  (cost=0.00..32894.20 rows=820507 width=12)
                                                                                                                                                                                                                     ->  Append-only Columnar Scan on store_returns_1_prt_23  (cost=0.00..37424.80 rows=933627 width=12)
                                                                                                                                                                                                                     ->  Append-only Columnar Scan on store_returns_1_prt_24  (cost=0.00..44195.80 rows=1102527 width=12)
                                                                                                                                                                                                                     ->  Append-only Columnar Scan on store_returns_1_prt_25  (cost=0.00..50837.00 rows=1268234 width=12)
                                                                                                                                                                                                                     ->  Append-only Columnar Scan on store_returns_1_prt_26  (cost=0.00..59985.70 rows=1496590 width=12)
                                                                                                                                                                                                                     ->  Append-only Columnar Scan on store_returns_1_prt_27  (cost=0.00..72724.00 rows=1814434 width=12)
                                                                                                                                                                                                                     ->  Append-only Columnar Scan on store_returns_1_prt_28  (cost=0.00..82164.10 rows=2050104 width=12)
                                                                                                                                                                                                                     ->  Append-only Columnar Scan on store_returns_1_prt_29  (cost=0.00..80191.60 rows=2000754 width=12)
                                                                                                                                                                                                                     ->  Append-only Columnar Scan on store_returns_1_prt_30  (cost=0.00..73529.70 rows=1834590 width=12)
                                                                                                                                                                                                                     ->  Append-only Columnar Scan on store_returns_1_prt_31  (cost=0.00..66909.40 rows=1669347 width=12)
                                                                                                                                                                                                                     ->  Append-only Columnar Scan on store_returns_1_prt_32  (cost=0.00..59189.10 rows=1476737 width=12)
                                                                                                                                                                                                                     ->  Append-only Columnar Scan on store_returns_1_prt_33  (cost=0.00..46935.60 rows=1170954 width=12)
                                                                                                                                                                                                                     ->  Append-only Columnar Scan on store_returns_1_prt_34  (cost=0.00..35180.30 rows=877544 width=12)
                                                                                                                                                                                                                     ->  Append-only Columnar Scan on store_returns_1_prt_35  (cost=0.00..32948.10 rows=821804 width=12)
                                                                                                                                                                                                                     ->  Append-only Columnar Scan on store_returns_1_prt_36  (cost=0.00..37243.00 rows=928967 width=12)
                                                                                                                                                                                                                     ->  Append-only Columnar Scan on store_returns_1_prt_37  (cost=0.00..43879.00 rows=1094634 width=12)
                                                                                                                                                                                                                     ->  Append-only Columnar Scan on store_returns_1_prt_38  (cost=0.00..50465.40 rows=1259047 width=12)
                                                                                                                                                                                                                     ->  Append-only Columnar Scan on store_returns_1_prt_39  (cost=0.00..59486.40 rows=1484147 width=12)
                                                                                                                                                                                                                     ->  Append-only Columnar Scan on store_returns_1_prt_40  (cost=0.00..72150.30 rows=1800177 width=12)
                                                                                                                                                                                                                     ->  Append-only Columnar Scan on store_returns_1_prt_41  (cost=0.00..81849.40 rows=2042280 width=12)
                                                                                                                                                                                                                     ->  Append-only Columnar Scan on store_returns_1_prt_42  (cost=0.00..80010.30 rows=1996310 width=12)
                                                                                                                                                                                                                     ->  Append-only Columnar Scan on store_returns_1_prt_43  (cost=0.00..73403.80 rows=1831427 width=12)
                                                                                                                                                                                                                     ->  Append-only Columnar Scan on store_returns_1_prt_44  (cost=0.00..66684.90 rows=1663764 width=12)
                                                                                                                                                                                                                     ->  Append-only Columnar Scan on store_returns_1_prt_45  (cost=0.00..59144.80 rows=1475594 width=12)
                                                                                                                                                                                                                     ->  Append-only Columnar Scan on store_returns_1_prt_46  (cost=0.00..47011.80 rows=1172827 width=12)
                                                                                                                                                                                                                     ->  Append-only Columnar Scan on store_returns_1_prt_47  (cost=0.00..35247.70 rows=879257 width=12)
                                                                                                                                                                                                                     ->  Append-only Columnar Scan on store_returns_1_prt_48  (cost=0.00..32757.00 rows=817067 width=12)
                                                                                                                                                                                                                     ->  Append-only Columnar Scan on store_returns_1_prt_49  (cost=0.00..36707.60 rows=915654 width=12)
                                                                                                                                                                                                                     ->  Append-only Columnar Scan on store_returns_1_prt_50  (cost=0.00..43497.40 rows=1085080 width=12)
                                                                                                                                                                                                                     ->  Append-only Columnar Scan on store_returns_1_prt_51  (cost=0.00..50143.80 rows=1250960 width=12)
                                                                                                                                                                                                                     ->  Append-only Columnar Scan on store_returns_1_prt_52  (cost=0.00..58791.30 rows=1466777 width=12)
                                                                                                                                                                                                                     ->  Append-only Columnar Scan on store_returns_1_prt_53  (cost=0.00..71405.50 rows=1781517 width=12)
                                                                                                                                                                                                                     ->  Append-only Columnar Scan on store_returns_1_prt_54  (cost=0.00..81729.80 rows=2039294 width=12)
                                                                                                                                                                                                                     ->  Append-only Columnar Scan on store_returns_1_prt_55  (cost=0.00..80773.90 rows=2015430 width=12)
                                                                                                                                                                                                                     ->  Append-only Columnar Scan on store_returns_1_prt_56  (cost=0.00..74229.00 rows=1852034 width=12)
                                                                                                                                                                                                                     ->  Append-only Columnar Scan on store_returns_1_prt_57  (cost=0.00..67439.70 rows=1682624 width=12)
                                                                                                                                                                                                                     ->  Append-only Columnar Scan on store_returns_1_prt_58  (cost=0.00..60085.40 rows=1499080 width=12)
                                                                                                                                                                                                                     ->  Append-only Columnar Scan on store_returns_1_prt_59  (cost=0.00..48188.70 rows=1202190 width=12)
                                                                                                                                                                                                                     ->  Append-only Columnar Scan on store_returns_1_prt_60  (cost=0.00..35990.20 rows=897740 width=12)
                                                                                                                                                                                                                     ->  Append-only Columnar Scan on store_returns_1_prt_61  (cost=0.00..32755.30 rows=817010 width=12)
                                                                                                                                                                                                                     ->  Append-only Columnar Scan on store_returns_1_prt_62  (cost=0.00..36451.80 rows=909294 width=12)
                                                                                                                                                                                                                     ->  Append-only Columnar Scan on store_returns_1_prt_63  (cost=0.00..43272.00 rows=1079500 width=12)
                                                                                                                                                                                                                     ->  Append-only Columnar Scan on store_returns_1_prt_64  (cost=0.00..49886.80 rows=1244560 width=12)
                                                                                                                                                                                                                     ->  Append-only Columnar Scan on store_returns_1_prt_65  (cost=0.00..58346.40 rows=1455714 width=12)
                                                                                                                                                                                                                     ->  Append-only Columnar Scan on store_returns_1_prt_66  (cost=0.00..70812.50 rows=1766850 width=12)
                                                                                                                                                                                                                     ->  Append-only Columnar Scan on store_returns_1_prt_67  (cost=0.00..80500.30 rows=2008644 width=12)
                                                                                                                                                                                                                     ->  Append-only Columnar Scan on store_returns_1_prt_68  (cost=0.00..75031.60 rows=1872054 width=12)
                                                                                                                                                                                                                     ->  Append-only Columnar Scan on store_returns_1_prt_69  (cost=0.00..63447.40 rows=1582914 width=12)
                                                                                                                                                                                                                     ->  Append-only Columnar Scan on store_returns_1_prt_70  (cost=0.00..51572.60 rows=1286687 width=12)
                                                                                                                                                                                                                     ->  Append-only Columnar Scan on store_returns_1_prt_71  (cost=0.00..39178.00 rows=977300 width=12)
                                                                                                                                                                                                                     ->  Append-only Columnar Scan on store_returns_1_prt_72  (cost=0.00..22132.80 rows=551994 width=12)
                                                                                                                                                                                                                     ->  Append-only Columnar Scan on store_returns_1_prt_73  (cost=0.00..4828.24 rows=120108 width=12)
                                                                                                                                                                                                                     ->  Append-only Columnar Scan on store_returns_1_prt_74  (cost=0.00..1.00 rows=1 width=12)
                                                                                                                                                                                                                     ->  Append-only Columnar Scan on store_returns_1_prt_75  (cost=0.00..1.00 rows=1 width=12)
                                                                                                                                                                                                                     ->  Append-only Columnar Scan on store_returns_1_prt_76  (cost=0.00..1.00 rows=1 width=12)
                                                                                                                                                                                                                     ->  Append-only Columnar Scan on store_returns_1_prt_77  (cost=0.00..1.00 rows=1 width=12)
                                                                                                                                                                                                                     ->  Append-only Columnar Scan on store_returns_1_prt_78  (cost=0.00..1.00 rows=1 width=12)
                                                                                                                                                                                                                     ->  Append-only Columnar Scan on store_returns_1_prt_79  (cost=0.00..1.00 rows=1 width=12)
                                                                                                                                                                                                                     ->  Append-only Columnar Scan on store_returns_1_prt_80  (cost=0.00..1.00 rows=1 width=12)
                                                                                                                                                                                                               ->  Hash  (cost=52142583.90..52142583.90 rows=4 width=86)
                                                                                                                                                                                                                     ->  Hash Join  (cost=16065.50..52142583.90 rows=4 width=86)
                                                                                                                                                                                                                           Hash Cond: (store_sales_1_prt_outliers.ss_sold_date_sk = d1.d_date_sk)
                                                                                                                                                                                                                           ->  Hash Join  (cost=14768.08..52118854.11 rows=1196389 width=86)
                                                                                                                                                                                                                                 Hash Cond: (store_sales_1_prt_outliers.ss_item_sk = item.i_item_sk)
                                                                                                                                                                                                                                 ->  Append  (cost=0.00..39524635.96 rows=959996170 width=55)
                                                                                                                                                                                                                                       ->  Result  (cost=0.00..1568615.00 rows=43200334 width=55)
                                                                                                                                                                                                                                             One-Time Filter: PartSelected
                                                                                                                                                                                                                                             ->  Append-only Columnar Scan on store_sales_1_prt_outliers  (cost=0.00..1568615.00 rows=43200334 width=55)
                                                                                                                                                                                                                                       ->  Result  (cost=0.00..324595.00 rows=7840134 width=55)
                                                                                                                                                                                                                                             One-Time Filter: PartSelected
                                                                                                                                                                                                                                             ->  Append-only Columnar Scan on store_sales_1_prt_2  (cost=0.00..324595.00 rows=7840134 width=55)
                                                                                                                                                                                                                                       ->  Result  (cost=0.00..336211.00 rows=8120800 width=55)
                                                                                                                                                                                                                                             One-Time Filter: PartSelected
                                                                                                                                                                                                                                             ->  Append-only Columnar Scan on store_sales_1_prt_3  (cost=0.00..336211.00 rows=8120800 width=55)
                                                                                                                                                                                                                                       ->  Result  (cost=0.00..324382.00 rows=7834967 width=55)
                                                                                                                                                                                                                                             One-Time Filter: PartSelected
                                                                                                                                                                                                                                             ->  Append-only Columnar Scan on store_sales_1_prt_4  (cost=0.00..324382.00 rows=7834967 width=55)
                                                                                                                                                                                                                                       ->  Result  (cost=0.00..336381.00 rows=8124734 width=55)
                                                                                                                                                                                                                                             One-Time Filter: PartSelected
                                                                                                                                                                                                                                             ->  Append-only Columnar Scan on store_sales_1_prt_5  (cost=0.00..336381.00 rows=8124734 width=55)
                                                                                                                                                                                                                                       ->  Result  (cost=0.00..336417.00 rows=8125800 width=55)
                                                                                                                                                                                                                                             One-Time Filter: PartSelected
                                                                                                                                                                                                                                             ->  Append-only Columnar Scan on store_sales_1_prt_6  (cost=0.00..336417.00 rows=8125800 width=55)
                                                                                                                                                                                                                                       ->  Result  (cost=0.00..336453.00 rows=8126567 width=55)
                                                                                                                                                                                                                                             One-Time Filter: PartSelected
                                                                                                                                                                                                                                             ->  Append-only Columnar Scan on store_sales_1_prt_7  (cost=0.00..336453.00 rows=8126567 width=55)
                                                                                                                                                                                                                                       ->  Result  (cost=0.00..336058.00 rows=8116967 width=55)
                                                                                                                                                                                                                                             One-Time Filter: PartSelected
                                                                                                                                                                                                                                             ->  Append-only Columnar Scan on store_sales_1_prt_8  (cost=0.00..336058.00 rows=8116967 width=55)
                                                                                                                                                                                                                                       ->  Result  (cost=0.00..489738.00 rows=11829267 width=55)
                                                                                                                                                                                                                                             One-Time Filter: PartSelected
                                                                                                                                                                                                                                             ->  Append-only Columnar Scan on store_sales_1_prt_9  (cost=0.00..489738.00 rows=11829267 width=55)
                                                                                                                                                                                                                                       ->  Result  (cost=0.00..765474.00 rows=18489534 width=55)
                                                                                                                                                                                                                                             One-Time Filter: PartSelected
                                                                                                                                                                                                                                             ->  Append-only Columnar Scan on store_sales_1_prt_10  (cost=0.00..765474.00 rows=18489534 width=55)
                                                                                                                                                                                                                                       ->  Result  (cost=0.00..766278.00 rows=18508900 width=55)
                                                                                                                                                                                                                                             One-Time Filter: PartSelected
                                                                                                                                                                                                                                             ->  Append-only Columnar Scan on store_sales_1_prt_11  (cost=0.00..766278.00 rows=18508900 width=55)
                                                                                                                                                                                                                                       ->  Result  (cost=0.00..793967.00 rows=19177700 width=55)
                                                                                                                                                                                                                                             One-Time Filter: PartSelected
                                                                                                                                                                                                                                             ->  Append-only Columnar Scan on store_sales_1_prt_12  (cost=0.00..793967.00 rows=19177700 width=55)
                                                                                                                                                                                                                                       ->  Result  (cost=0.00..1159820.00 rows=28014600 width=55)
                                                                                                                                                                                                                                             One-Time Filter: PartSelected
                                                                                                                                                                                                                                             ->  Append-only Columnar Scan on store_sales_1_prt_13  (cost=0.00..1159820.00 rows=28014600 width=55)
                                                                                                                                                                                                                                       ->  Result  (cost=0.00..1160753.00 rows=28037334 width=55)
                                                                                                                                                                                                                                             One-Time Filter: PartSelected
                                                                                                                                                                                                                                             ->  Append-only Columnar Scan on store_sales_1_prt_14  (cost=0.00..1160753.00 rows=28037334 width=55)
                                                                                                                                                                                                                                       ->  Result  (cost=0.00..436710.00 rows=10548367 width=55)
                                                                                                                                                                                                                                             One-Time Filter: PartSelected
                                                                                                                                                                                                                                             ->  Append-only Columnar Scan on store_sales_1_prt_15  (cost=0.00..436710.00 rows=10548367 width=55)
                                                                                                                                                                                                                                       ->  Result  (cost=0.00..336477.00 rows=8127134 width=55)
                                                                                                                                                                                                                                             One-Time Filter: PartSelected
                                                                                                                                                                                                                                             ->  Append-only Columnar Scan on store_sales_1_prt_16  (cost=0.00..336477.00 rows=8127134 width=55)
                                                                                                                                                                                                                                       ->  Result  (cost=0.00..324706.00 rows=7842834 width=55)
                                                                                                                                                                                                                                             One-Time Filter: PartSelected
                                                                                                                                                                                                                                             ->  Append-only Columnar Scan on store_sales_1_prt_17  (cost=0.00..324706.00 rows=7842834 width=55)
                                                                                                                                                                                                                                       ->  Result  (cost=0.00..336587.00 rows=8129867 width=55)
                                                                                                                                                                                                                                             One-Time Filter: PartSelected
                                                                                                                                                                                                                                             ->  Append-only Columnar Scan on store_sales_1_prt_18  (cost=0.00..336587.00 rows=8129867 width=55)
                                                                                                                                                                                                                                       ->  Result  (cost=0.00..336153.00 rows=8119367 width=55)
                                                                                                                                                                                                                                             One-Time Filter: PartSelected
                                                                                                                                                                                                                                             ->  Append-only Columnar Scan on store_sales_1_prt_19  (cost=0.00..336153.00 rows=8119367 width=55)
                                                                                                                                                                                                                                       ->  Result  (cost=0.00..336736.00 rows=8133367 width=55)
                                                                                                                                                                                                                                             One-Time Filter: PartSelected
                                                                                                                                                                                                                                             ->  Append-only Columnar Scan on store_sales_1_prt_20  (cost=0.00..336736.00 rows=8133367 width=55)
                                                                                                                                                                                                                                       ->  Result  (cost=0.00..336190.00 rows=8120200 width=55)
                                                                                                                                                                                                                                             One-Time Filter: PartSelected
                                                                                                                                                                                                                                             ->  Append-only Columnar Scan on store_sales_1_prt_21  (cost=0.00..336190.00 rows=8120200 width=55)
                                                                                                                                                                                                                                       ->  Result  (cost=0.00..474334.00 rows=11457100 width=55)
                                                                                                                                                                                                                                             One-Time Filter: PartSelected
                                                                                                                                                                                                                                             ->  Append-only Columnar Scan on store_sales_1_prt_22  (cost=0.00..474334.00 rows=11457100 width=55)
                                                                                                                                                                                                                                       ->  Result  (cost=0.00..766084.00 rows=18504234 width=55)
                                                                                                                                                                                                                                             One-Time Filter: PartSelected
                                                                                                                                                                                                                                             ->  Append-only Columnar Scan on store_sales_1_prt_23  (cost=0.00..766084.00 rows=18504234 width=55)
                                                                                                                                                                                                                                       ->  Result  (cost=0.00..765781.00 rows=18496900 width=55)
                                                                                                                                                                                                                                             One-Time Filter: PartSelected
                                                                                                                                                                                                                                             ->  Append-only Columnar Scan on store_sales_1_prt_24  (cost=0.00..765781.00 rows=18496900 width=55)
                                                                                                                                                                                                                                       ->  Result  (cost=0.00..779443.00 rows=18826834 width=55)
                                                                                                                                                                                                                                             One-Time Filter: PartSelected
                                                                                                                                                                                                                                             ->  Append-only Columnar Scan on store_sales_1_prt_25  (cost=0.00..779443.00 rows=18826834 width=55)
                                                                                                                                                                                                                                       ->  Result  (cost=0.00..1160832.00 rows=28039467 width=55)
                                                                                                                                                                                                                                             One-Time Filter: PartSelected
                                                                                                                                                                                                                                             ->  Append-only Columnar Scan on store_sales_1_prt_26  (cost=0.00..1160832.00 rows=28039467 width=55)
                                                                                                                                                                                                                                       ->  Result  (cost=0.00..1160090.00 rows=28021400 width=55)
                                                                                                                                                                                                                                             One-Time Filter: PartSelected
                                                                                                                                                                                                                                             ->  Append-only Columnar Scan on store_sales_1_prt_27  (cost=0.00..1160090.00 rows=28021400 width=55)
                                                                                                                                                                                                                                       ->  Result  (cost=0.00..465893.00 rows=11253134 width=55)
                                                                                                                                                                                                                                             One-Time Filter: PartSelected
                                                                                                                                                                                                                                             ->  Append-only Columnar Scan on store_sales_1_prt_28  (cost=0.00..465893.00 rows=11253134 width=55)
                                                                                                                                                                                                                                       ->  Result  (cost=0.00..335914.00 rows=8113600 width=55)
                                                                                                                                                                                                                                             One-Time Filter: PartSelected
                                                                                                                                                                                                                                             ->  Append-only Columnar Scan on store_sales_1_prt_29  (cost=0.00..335914.00 rows=8113600 width=55)
                                                                                                                                                                                                                                       ->  Result  (cost=0.00..336186.00 rows=8120167 width=55)
                                                                                                                                                                                                                                             One-Time Filter: PartSelected
                                                                                                                                                                                                                                             ->  Append-only Columnar Scan on store_sales_1_prt_30  (cost=0.00..336186.00 rows=8120167 width=55)
                                                                                                                                                                                                                                       ->  Result  (cost=0.00..336014.00 rows=8115934 width=55)
                                                                                                                                                                                                                                             One-Time Filter: PartSelected
                                                                                                                                                                                                                                             ->  Append-only Columnar Scan on store_sales_1_prt_31  (cost=0.00..336014.00 rows=8115934 width=55)
                                                                                                                                                                                                                                       ->  Result  (cost=0.00..335918.00 rows=8113667 width=55)
                                                                                                                                                                                                                                             One-Time Filter: PartSelected
                                                                                                                                                                                                                                             ->  Append-only Columnar Scan on store_sales_1_prt_32  (cost=0.00..335918.00 rows=8113667 width=55)
                                                                                                                                                                                                                                       ->  Result  (cost=0.00..336069.00 rows=8117334 width=55)
                                                                                                                                                                                                                                             One-Time Filter: PartSelected
                                                                                                                                                                                                                                             ->  Append-only Columnar Scan on store_sales_1_prt_33  (cost=0.00..336069.00 rows=8117334 width=55)
                                                                                                                                                                                                                                       ->  Result  (cost=0.00..335472.00 rows=8102900 width=55)
                                                                                                                                                                                                                                             One-Time Filter: PartSelected
                                                                                                                                                                                                                                             ->  Append-only Columnar Scan on store_sales_1_prt_34  (cost=0.00..335472.00 rows=8102900 width=55)
                                                                                                                                                                                                                                       ->  Result  (cost=0.00..457985.00 rows=11062100 width=55)
                                                                                                                                                                                                                                             One-Time Filter: PartSelected
                                                                                                                                                                                                                                             ->  Append-only Columnar Scan on store_sales_1_prt_35  (cost=0.00..457985.00 rows=11062100 width=55)
                                                                                                                                                                                                                                       ->  Result  (cost=0.00..764679.00 rows=18470400 width=55)
                                                                                                                                                                                                                                             One-Time Filter: PartSelected
                                                                                                                                                                                                                                             ->  Append-only Columnar Scan on store_sales_1_prt_36  (cost=0.00..764679.00 rows=18470400 width=55)
                                                                                                                                                                                                                                       ->  Result  (cost=0.00..764030.00 rows=18454700 width=55)
                                                                                                                                                                                                                                             One-Time Filter: PartSelected
                                                                                                                                                                                                                                             ->  Append-only Columnar Scan on store_sales_1_prt_37  (cost=0.00..764030.00 rows=18454700 width=55)
                                                                                                                                                                                                                                       ->  Result  (cost=0.00..764484.00 rows=18465634 width=55)
                                                                                                                                                                                                                                             One-Time Filter: PartSelected
                                                                                                                                                                                                                                             ->  Append-only Columnar Scan on store_sales_1_prt_38  (cost=0.00..764484.00 rows=18465634 width=55)
                                                                                                                                                                                                                                       ->  Result  (cost=0.00..1158198.04 rows=27975568 width=55)
                                                                                                                                                                                                                                             One-Time Filter: PartSelected
                                                                                                                                                                                                                                             ->  Append-only Columnar Scan on store_sales_1_prt_39  (cost=0.00..1158198.04 rows=27975568 width=55)
                                                                                                                                                                                                                                       ->  Result  (cost=0.00..1158199.04 rows=27975968 width=55)
                                                                                                                                                                                                                                             One-Time Filter: PartSelected
                                                                                                                                                                                                                                             ->  Append-only Columnar Scan on store_sales_1_prt_40  (cost=0.00..1158199.04 rows=27975968 width=55)
                                                                                                                                                                                                                                       ->  Result  (cost=0.00..483138.00 rows=11669800 width=55)
                                                                                                                                                                                                                                             One-Time Filter: PartSelected
                                                                                                                                                                                                                                             ->  Append-only Columnar Scan on store_sales_1_prt_41  (cost=0.00..483138.00 rows=11669800 width=55)
                                                                                                                                                                                                                                       ->  Result  (cost=0.00..336559.00 rows=8129100 width=55)
                                                                                                                                                                                                                                             One-Time Filter: PartSelected
                                                                                                                                                                                                                                             ->  Append-only Columnar Scan on store_sales_1_prt_42  (cost=0.00..336559.00 rows=8129100 width=55)
                                                                                                                                                                                                                                       ->  Result  (cost=0.00..324602.00 rows=7840367 width=55)
                                                                                                                                                                                                                                             One-Time Filter: PartSelected
                                                                                                                                                                                                                                             ->  Append-only Columnar Scan on store_sales_1_prt_43  (cost=0.00..324602.00 rows=7840367 width=55)
                                                                                                                                                                                                                                       ->  Result  (cost=0.00..336209.00 rows=8120567 width=55)
                                                                                                                                                                                                                                             One-Time Filter: PartSelected
                                                                                                                                                                                                                                             ->  Append-only Columnar Scan on store_sales_1_prt_44  (cost=0.00..336209.00 rows=8120567 width=55)
                                                                                                                                                                                                                                       ->  Result  (cost=0.00..336313.00 rows=8123267 width=55)
                                                                                                                                                                                                                                             One-Time Filter: PartSelected
                                                                                                                                                                                                                                             ->  Append-only Columnar Scan on store_sales_1_prt_45  (cost=0.00..336313.00 rows=8123267 width=55)
                                                                                                                                                                                                                                       ->  Result  (cost=0.00..336621.00 rows=8130734 width=55)
                                                                                                                                                                                                                                             One-Time Filter: PartSelected
                                                                                                                                                                                                                                             ->  Append-only Columnar Scan on store_sales_1_prt_46  (cost=0.00..336621.00 rows=8130734 width=55)
                                                                                                                                                                                                                                       ->  Result  (cost=0.00..335906.00 rows=8113400 width=55)
                                                                                                                                                                                                                                             One-Time Filter: PartSelected
                                                                                                                                                                                                                                             ->  Append-only Columnar Scan on store_sales_1_prt_47  (cost=0.00..335906.00 rows=8113400 width=55)
                                                                                                                                                                                                                                       ->  Result  (cost=0.00..428657.00 rows=10353800 width=55)
                                                                                                                                                                                                                                             One-Time Filter: PartSelected
                                                                                                                                                                                                                                             ->  Append-only Columnar Scan on store_sales_1_prt_48  (cost=0.00..428657.00 rows=10353800 width=55)
                                                                                                                                                                                                                                       ->  Result  (cost=0.00..766560.00 rows=18515734 width=55)
                                                                                                                                                                                                                                             One-Time Filter: PartSelected
                                                                                                                                                                                                                                             ->  Append-only Columnar Scan on store_sales_1_prt_49  (cost=0.00..766560.00 rows=18515734 width=55)
                                                                                                                                                                                                                                       ->  Result  (cost=0.00..766167.00 rows=18506234 width=55)
                                                                                                                                                                                                                                             One-Time Filter: PartSelected
                                                                                                                                                                                                                                             ->  Append-only Columnar Scan on store_sales_1_prt_50  (cost=0.00..766167.00 rows=18506234 width=55)
                                                                                                                                                                                                                                       ->  Result  (cost=0.00..766196.00 rows=18506900 width=55)
                                                                                                                                                                                                                                             One-Time Filter: PartSelected
                                                                                                                                                                                                                                             ->  Append-only Columnar Scan on store_sales_1_prt_51  (cost=0.00..766196.00 rows=18506900 width=55)
                                                                                                                                                                                                                                       ->  Result  (cost=0.00..1130938.00 rows=27317200 width=55)
                                                                                                                                                                                                                                             One-Time Filter: PartSelected
                                                                                                                                                                                                                                             ->  Append-only Columnar Scan on store_sales_1_prt_52  (cost=0.00..1130938.00 rows=27317200 width=55)
                                                                                                                                                                                                                                       ->  Result  (cost=0.00..1160637.96 rows=28034566 width=55)
                                                                                                                                                                                                                                             One-Time Filter: PartSelected
                                                                                                                                                                                                                                             ->  Append-only Columnar Scan on store_sales_1_prt_53  (cost=0.00..1160637.96 rows=28034566 width=55)
                                                                                                                                                                                                                                       ->  Result  (cost=0.00..555225.00 rows=13411000 width=55)
                                                                                                                                                                                                                                             One-Time Filter: PartSelected
                                                                                                                                                                                                                                             ->  Append-only Columnar Scan on store_sales_1_prt_54  (cost=0.00..555225.00 rows=13411000 width=55)
                                                                                                                                                                                                                                       ->  Result  (cost=0.00..336782.00 rows=8134567 width=55)
                                                                                                                                                                                                                                             One-Time Filter: PartSelected
                                                                                                                                                                                                                                             ->  Append-only Columnar Scan on store_sales_1_prt_55  (cost=0.00..336782.00 rows=8134567 width=55)
                                                                                                                                                                                                                                       ->  Result  (cost=0.00..324454.00 rows=7836734 width=55)
                                                                                                                                                                                                                                             One-Time Filter: PartSelected
                                                                                                                                                                                                                                             ->  Append-only Columnar Scan on store_sales_1_prt_56  (cost=0.00..324454.00 rows=7836734 width=55)
                                                                                                                                                                                                                                       ->  Result  (cost=0.00..336546.00 rows=8128867 width=55)
                                                                                                                                                                                                                                             One-Time Filter: PartSelected
                                                                                                                                                                                                                                             ->  Append-only Columnar Scan on store_sales_1_prt_57  (cost=0.00..336546.00 rows=8128867 width=55)
                                                                                                                                                                                                                                       ->  Result  (cost=0.00..336207.00 rows=8120667 width=55)
                                                                                                                                                                                                                                             One-Time Filter: PartSelected
                                                                                                                                                                                                                                             ->  Append-only Columnar Scan on store_sales_1_prt_58  (cost=0.00..336207.00 rows=8120667 width=55)
                                                                                                                                                                                                                                       ->  Result  (cost=0.00..336578.00 rows=8129534 width=55)
                                                                                                                                                                                                                                             One-Time Filter: PartSelected
                                                                                                                                                                                                                                             ->  Append-only Columnar Scan on store_sales_1_prt_59  (cost=0.00..336578.00 rows=8129534 width=55)
                                                                                                                                                                                                                                       ->  Result  (cost=0.00..336468.00 rows=8127067 width=55)
                                                                                                                                                                                                                                             One-Time Filter: PartSelected
                                                                                                                                                                                                                                             ->  Append-only Columnar Scan on store_sales_1_prt_60  (cost=0.00..336468.00 rows=8127067 width=55)
                                                                                                                                                                                                                                       ->  Result  (cost=0.00..412992.00 rows=9975467 width=55)
                                                                                                                                                                                                                                             One-Time Filter: PartSelected
                                                                                                                                                                                                                                             ->  Append-only Columnar Scan on store_sales_1_prt_61  (cost=0.00..412992.00 rows=9975467 width=55)
                                                                                                                                                                                                                                       ->  Result  (cost=0.00..765709.00 rows=18495234 width=55)
                                                                                                                                                                                                                                             One-Time Filter: PartSelected
                                                                                                                                                                                                                                             ->  Append-only Columnar Scan on store_sales_1_prt_62  (cost=0.00..765709.00 rows=18495234 width=55)
                                                                                                                                                                                                                                       ->  Result  (cost=0.00..766176.00 rows=18506500 width=55)
                                                                                                                                                                                                                                             One-Time Filter: PartSelected
                                                                                                                                                                                                                                             ->  Append-only Columnar Scan on store_sales_1_prt_63  (cost=0.00..766176.00 rows=18506500 width=55)
                                                                                                                                                                                                                                       ->  Result  (cost=0.00..766142.00 rows=18505834 width=55)
                                                                                                                                                                                                                                             One-Time Filter: PartSelected
                                                                                                                                                                                                                                             ->  Append-only Columnar Scan on store_sales_1_prt_64  (cost=0.00..766142.00 rows=18505834 width=55)
                                                                                                                                                                                                                                       ->  Result  (cost=0.00..1117566.96 rows=26994166 width=55)
                                                                                                                                                                                                                                             One-Time Filter: PartSelected
                                                                                                                                                                                                                                             ->  Append-only Columnar Scan on store_sales_1_prt_65  (cost=0.00..1117566.96 rows=26994166 width=55)
                                                                                                                                                                                                                                       ->  Result  (cost=0.00..1159645.96 rows=28010566 width=55)
                                                                                                                                                                                                                                             One-Time Filter: PartSelected
                                                                                                                                                                                                                                             ->  Append-only Columnar Scan on store_sales_1_prt_66  (cost=0.00..1159645.96 rows=28010566 width=55)
                                                                                                                                                                                                                                       ->  Result  (cost=0.00..331321.00 rows=8002500 width=55)
                                                                                                                                                                                                                                             One-Time Filter: PartSelected
                                                                                                                                                                                                                                             ->  Append-only Columnar Scan on store_sales_1_prt_67  (cost=0.00..331321.00 rows=8002500 width=55)
                                                                                                                                                                                                                                       ->  Result  (cost=0.00..1.00 rows=1 width=82)
                                                                                                                                                                                                                                             One-Time Filter: PartSelected
                                                                                                                                                                                                                                             ->  Append-only Columnar Scan on store_sales_1_prt_68  (cost=0.00..1.00 rows=1 width=82)
                                                                                                                                                                                                                                       ->  Result  (cost=0.00..1.00 rows=1 width=82)
                                                                                                                                                                                                                                             One-Time Filter: PartSelected
                                                                                                                                                                                                                                             ->  Append-only Columnar Scan on store_sales_1_prt_69  (cost=0.00..1.00 rows=1 width=82)
                                                                                                                                                                                                                                       ->  Result  (cost=0.00..1.00 rows=1 width=82)
                                                                                                                                                                                                                                             One-Time Filter: PartSelected
                                                                                                                                                                                                                                             ->  Append-only Columnar Scan on store_sales_1_prt_70  (cost=0.00..1.00 rows=1 width=82)
                                                                                                                                                                                                                                       ->  Result  (cost=0.00..1.00 rows=1 width=82)
                                                                                                                                                                                                                                             One-Time Filter: PartSelected
                                                                                                                                                                                                                                             ->  Append-only Columnar Scan on store_sales_1_prt_71  (cost=0.00..1.00 rows=1 width=82)
                                                                                                                                                                                                                                       ->  Result  (cost=0.00..1.00 rows=1 width=82)
                                                                                                                                                                                                                                             One-Time Filter: PartSelected
                                                                                                                                                                                                                                             ->  Append-only Columnar Scan on store_sales_1_prt_72  (cost=0.00..1.00 rows=1 width=82)
                                                                                                                                                                                                                                       ->  Result  (cost=0.00..1.00 rows=1 width=82)
                                                                                                                                                                                                                                             One-Time Filter: PartSelected
                                                                                                                                                                                                                                             ->  Append-only Columnar Scan on store_sales_1_prt_73  (cost=0.00..1.00 rows=1 width=82)
                                                                                                                                                                                                                                       ->  Result  (cost=0.00..1.00 rows=1 width=82)
                                                                                                                                                                                                                                             One-Time Filter: PartSelected
                                                                                                                                                                                                                                             ->  Append-only Columnar Scan on store_sales_1_prt_74  (cost=0.00..1.00 rows=1 width=82)
                                                                                                                                                                                                                                       ->  Result  (cost=0.00..1.00 rows=1 width=82)
                                                                                                                                                                                                                                             One-Time Filter: PartSelected
                                                                                                                                                                                                                                             ->  Append-only Columnar Scan on store_sales_1_prt_75  (cost=0.00..1.00 rows=1 width=82)
                                                                                                                                                                                                                                       ->  Result  (cost=0.00..1.00 rows=1 width=82)
                                                                                                                                                                                                                                             One-Time Filter: PartSelected
                                                                                                                                                                                                                                             ->  Append-only Columnar Scan on store_sales_1_prt_76  (cost=0.00..1.00 rows=1 width=82)
                                                                                                                                                                                                                                       ->  Result  (cost=0.00..1.00 rows=1 width=82)
                                                                                                                                                                                                                                             One-Time Filter: PartSelected
                                                                                                                                                                                                                                             ->  Append-only Columnar Scan on store_sales_1_prt_77  (cost=0.00..1.00 rows=1 width=82)
                                                                                                                                                                                                                                       ->  Result  (cost=0.00..1.00 rows=1 width=82)
                                                                                                                                                                                                                                             One-Time Filter: PartSelected
                                                                                                                                                                                                                                             ->  Append-only Columnar Scan on store_sales_1_prt_78  (cost=0.00..1.00 rows=1 width=82)
                                                                                                                                                                                                                                       ->  Result  (cost=0.00..1.00 rows=1 width=82)
                                                                                                                                                                                                                                             One-Time Filter: PartSelected
                                                                                                                                                                                                                                             ->  Append-only Columnar Scan on store_sales_1_prt_79  (cost=0.00..1.00 rows=1 width=82)
                                                                                                                                                                                                                                       ->  Result  (cost=0.00..1.00 rows=1 width=82)
                                                                                                                                                                                                                                             One-Time Filter: PartSelected
                                                                                                                                                                                                                                             ->  Append-only Columnar Scan on store_sales_1_prt_80  (cost=0.00..1.00 rows=1 width=82)
                                                                                                                                                                                                                                 ->  Hash  (cost=14756.99..14756.99 rows=296 width=31)
                                                                                                                                                                                                                                       ->  Broadcast Motion 3:3  (slice2; segments: 3)  (cost=11225.76..14756.99 rows=296 width=31)
                                                                                                                                                                                                                                             ->  Hash Join  (cost=11225.76..14745.17 rows=99 width=31)
                                                                                                                                                                                                                                                   Hash Cond: (cs_ui.cs_item_sk = item.i_item_sk)
                                                                                                                                                                                                                                                   ->  Subquery Scan on cs_ui  (cost=0.00..2961.22 rows=49354 width=4)
                                                                                                                                                                                                                                                         ->  GroupAggregate  (cost=10505295008.77..10505303892.43 rows=49354 width=68)
                                                                                                                                                                                                                                                               Group Key: catalog_sales_1_prt_outliers.cs_item_sk
                                                                                                                                                                                                                                                               Filter: (pg_catalog.sum((sum(catalog_sales_1_prt_outliers.cs_ext_list_price))) > (2::numeric * pg_catalog.sum((sum(((catalog_returns_1_prt_outliers.cr_refunded_cash + catalog_returns_1_prt_outliers.cr_reversed_charge) + catalog_returns_1_prt_outliers.cr_store_credit))))))
                                                                                                                                                                                                                                                               ->  Sort  (cost=10505295008.77..10505295378.92 rows=49354 width=68)
                                                                                                                                                                                                                                                                     Sort Key: catalog_sales_1_prt_outliers.cs_item_sk
                                                                                                                                                                                                                                                                     ->  Redistribute Motion 3:3  (slice1; segments: 3)  (cost=10493029641.48..10505282293.41 rows=49354 width=68)
                                                                                                                                                                                                                                                                           Hash Key: catalog_sales_1_prt_outliers.cs_item_sk
                                                                                                                                                                                                                                                                           ->  GroupAggregate  (cost=10493029641.48..10505279332.19 rows=49354 width=68)
                                                                                                                                                                                                                                                                                 Group Key: catalog_sales_1_prt_outliers.cs_item_sk
                                                                                                                                                                                                                                                                                 ->  Merge Join  (cost=10493029641.48..10505270107.84 rows=92788 width=29)
                                                                                                                                                                                                                                                                                       Merge Cond: ((catalog_sales_1_prt_outliers.cs_item_sk = catalog_returns_1_prt_outliers.cr_item_sk) AND (catalog_sales_1_prt_outliers.cs_order_number = catalog_returns_1_prt_outliers.cr_order_number))
                                                                                                                                                                                                                                                                                       ->  Sort  (cost=458793673.27..462393624.37 rows=479993481 width=19)
                                                                                                                                                                                                                                                                                             Sort Key: catalog_sales_1_prt_outliers.cs_item_sk, catalog_sales_1_prt_outliers.cs_order_number
                                                                                                                                                                                                                                                                                             ->  Append  (cost=0.00..22485412.30 rows=479993481 width=19)
                                                                                                                                                                                                                                                                                                   ->  Append-only Columnar Scan on catalog_sales_1_prt_outliers  (cost=0.00..95971.30 rows=2401110 width=19)
                                                                                                                                                                                                                                                                                                   ->  Append-only Columnar Scan on catalog_sales_1_prt_2  (cost=0.00..198531.00 rows=4234734 width=19)
                                                                                                                                                                                                                                                                                                   ->  Append-only Columnar Scan on catalog_sales_1_prt_3  (cost=0.00..198470.00 rows=4233434 width=19)
                                                                                                                                                                                                                                                                                                   ->  Append-only Columnar Scan on catalog_sales_1_prt_4  (cost=0.00..191463.00 rows=4083934 width=19)
                                                                                                                                                                                                                                                                                                   ->  Append-only Columnar Scan on catalog_sales_1_prt_5  (cost=0.00..198330.00 rows=4230434 width=19)
                                                                                                                                                                                                                                                                                                   ->  Append-only Columnar Scan on catalog_sales_1_prt_6  (cost=0.00..198496.00 rows=4233967 width=19)
                                                                                                                                                                                                                                                                                                   ->  Append-only Columnar Scan on catalog_sales_1_prt_7  (cost=0.00..198494.00 rows=4233967 width=19)
                                                                                                                                                                                                                                                                                                   ->  Append-only Columnar Scan on catalog_sales_1_prt_8  (cost=0.00..198576.00 rows=4235667 width=19)
                                                                                                                                                                                                                                                                                                   ->  Append-only Columnar Scan on catalog_sales_1_prt_9  (cost=0.00..297942.00 rows=6355400 width=19)
                                                                                                                                                                                                                                                                                                   ->  Append-only Columnar Scan on catalog_sales_1_prt_10  (cost=0.00..451674.00 rows=9634834 width=19)
                                                                                                                                                                                                                                                                                                   ->  Append-only Columnar Scan on catalog_sales_1_prt_11  (cost=0.00..451572.00 rows=9632700 width=19)
                                                                                                                                                                                                                                                                                                   ->  Append-only Columnar Scan on catalog_sales_1_prt_12  (cost=0.00..476631.00 rows=10167234 width=19)
                                                                                                                                                                                                                                                                                                   ->  Append-only Columnar Scan on catalog_sales_1_prt_13  (cost=0.00..684375.00 rows=14598867 width=19)
                                                                                                                                                                                                                                                                                                   ->  Append-only Columnar Scan on catalog_sales_1_prt_14  (cost=0.00..684389.00 rows=14599200 width=19)
                                                                                                                                                                                                                                                                                                   ->  Append-only Columnar Scan on catalog_sales_1_prt_15  (cost=0.00..215804.00 rows=4603234 width=19)
                                                                                                                                                                                                                                                                                                   ->  Append-only Columnar Scan on catalog_sales_1_prt_16  (cost=0.00..198278.00 rows=4229400 width=19)
                                                                                                                                                                                                                                                                                                   ->  Append-only Columnar Scan on catalog_sales_1_prt_17  (cost=0.00..191360.00 rows=4081734 width=19)
                                                                                                                                                                                                                                                                                                   ->  Append-only Columnar Scan on catalog_sales_1_prt_18  (cost=0.00..198408.00 rows=4232134 width=19)
                                                                                                                                                                                                                                                                                                   ->  Append-only Columnar Scan on catalog_sales_1_prt_19  (cost=0.00..198462.00 rows=4233300 width=19)
                                                                                                                                                                                                                                                                                                   ->  Append-only Columnar Scan on catalog_sales_1_prt_20  (cost=0.00..198463.00 rows=4233267 width=19)
                                                                                                                                                                                                                                                                                                   ->  Append-only Columnar Scan on catalog_sales_1_prt_21  (cost=0.00..198544.00 rows=4235034 width=19)
                                                                                                                                                                                                                                                                                                   ->  Append-only Columnar Scan on catalog_sales_1_prt_22  (cost=0.00..288857.00 rows=6161600 width=19)
                                                                                                                                                                                                                                                                                                   ->  Append-only Columnar Scan on catalog_sales_1_prt_23  (cost=0.00..451775.00 rows=9637067 width=19)
                                                                                                                                                                                                                                                                                                   ->  Append-only Columnar Scan on catalog_sales_1_prt_24  (cost=0.00..451807.00 rows=9637734 width=19)
                                                                                                                                                                                                                                                                                                   ->  Append-only Columnar Scan on catalog_sales_1_prt_25  (cost=0.00..468431.00 rows=9992300 width=19)
                                                                                                                                                                                                                                                                                                   ->  Append-only Columnar Scan on catalog_sales_1_prt_26  (cost=0.00..684511.00 rows=14601800 width=19)
                                                                                                                                                                                                                                                                                                   ->  Append-only Columnar Scan on catalog_sales_1_prt_27  (cost=0.00..684485.00 rows=14601267 width=19)
                                                                                                                                                                                                                                                                                                   ->  Append-only Columnar Scan on catalog_sales_1_prt_28  (cost=0.00..232955.00 rows=4969100 width=19)
                                                                                                                                                                                                                                                                                                   ->  Append-only Columnar Scan on catalog_sales_1_prt_29  (cost=0.00..198182.00 rows=4227400 width=19)
                                                                                                                                                                                                                                                                                                   ->  Append-only Columnar Scan on catalog_sales_1_prt_30  (cost=0.00..198180.00 rows=4227300 width=19)
                                                                                                                                                                                                                                                                                                   ->  Append-only Columnar Scan on catalog_sales_1_prt_31  (cost=0.00..198236.00 rows=4228467 width=19)
                                                                                                                                                                                                                                                                                                   ->  Append-only Columnar Scan on catalog_sales_1_prt_32  (cost=0.00..198161.00 rows=4226867 width=19)
                                                                                                                                                                                                                                                                                                   ->  Append-only Columnar Scan on catalog_sales_1_prt_33  (cost=0.00..198143.00 rows=4226467 width=19)
                                                                                                                                                                                                                                                                                                   ->  Append-only Columnar Scan on catalog_sales_1_prt_34  (cost=0.00..198217.00 rows=4228000 width=19)
                                                                                                                                                                                                                                                                                                   ->  Append-only Columnar Scan on catalog_sales_1_prt_35  (cost=0.00..279401.00 rows=5959900 width=19)
                                                                                                                                                                                                                                                                                                   ->  Append-only Columnar Scan on catalog_sales_1_prt_36  (cost=0.00..451102.00 rows=9622600 width=19)
                                                                                                                                                                                                                                                                                                   ->  Append-only Columnar Scan on catalog_sales_1_prt_37  (cost=0.00..451004.00 rows=9620567 width=19)
                                                                                                                                                                                                                                                                                                   ->  Append-only Columnar Scan on catalog_sales_1_prt_38  (cost=0.00..459207.00 rows=9795567 width=19)
                                                                                                                                                                                                                                                                                                   ->  Append-only Columnar Scan on catalog_sales_1_prt_39  (cost=0.00..683201.00 rows=14573867 width=19)
                                                                                                                                                                                                                                                                                                   ->  Append-only Columnar Scan on catalog_sales_1_prt_40  (cost=0.00..683288.00 rows=14575634 width=19)
                                                                                                                                                                                                                                                                                                   ->  Append-only Columnar Scan on catalog_sales_1_prt_41  (cost=0.00..267716.00 rows=5710600 width=19)
                                                                                                                                                                                                                                                                                                   ->  Append-only Columnar Scan on catalog_sales_1_prt_42  (cost=0.00..198348.00 rows=4230867 width=19)
                                                                                                                                                                                                                                                                                                   ->  Append-only Columnar Scan on catalog_sales_1_prt_43  (cost=0.00..191374.00 rows=4082034 width=19)
                                                                                                                                                                                                                                                                                                   ->  Append-only Columnar Scan on catalog_sales_1_prt_44  (cost=0.00..198449.00 rows=4233067 width=19)
                                                                                                                                                                                                                                                                                                   ->  Append-only Columnar Scan on catalog_sales_1_prt_45  (cost=0.00..198436.00 rows=4232667 width=19)
                                                                                                                                                                                                                                                                                                   ->  Append-only Columnar Scan on catalog_sales_1_prt_46  (cost=0.00..198484.00 rows=4233767 width=19)
                                                                                                                                                                                                                                                                                                   ->  Append-only Columnar Scan on catalog_sales_1_prt_47  (cost=0.00..198486.00 rows=4233767 width=19)
                                                                                                                                                                                                                                                                                                   ->  Append-only Columnar Scan on catalog_sales_1_prt_48  (cost=0.00..261759.00 rows=5583500 width=19)
                                                                                                                                                                                                                                                                                                   ->  Append-only Columnar Scan on catalog_sales_1_prt_49  (cost=0.00..451867.00 rows=9638934 width=19)
                                                                                                                                                                                                                                                                                                   ->  Append-only Columnar Scan on catalog_sales_1_prt_50  (cost=0.00..451711.00 rows=9635634 width=19)
                                                                                                                                                                                                                                                                                                   ->  Append-only Columnar Scan on catalog_sales_1_prt_51  (cost=0.00..451715.00 rows=9635700 width=19)
                                                                                                                                                                                                                                                                                                   ->  Append-only Columnar Scan on catalog_sales_1_prt_52  (cost=0.00..676048.00 rows=14421300 width=19)
                                                                                                                                                                                                                                                                                                   ->  Append-only Columnar Scan on catalog_sales_1_prt_53  (cost=0.00..684330.00 rows=14597934 width=19)
                                                                                                                                                                                                                                                                                                   ->  Append-only Columnar Scan on catalog_sales_1_prt_54  (cost=0.00..285353.00 rows=6086800 width=19)
                                                                                                                                                                                                                                                                                                   ->  Append-only Columnar Scan on catalog_sales_1_prt_55  (cost=0.00..198500.00 rows=4234067 width=19)
                                                                                                                                                                                                                                                                                                   ->  Append-only Columnar Scan on catalog_sales_1_prt_56  (cost=0.00..191327.00 rows=4081100 width=19)
                                                                                                                                                                                                                                                                                                   ->  Append-only Columnar Scan on catalog_sales_1_prt_57  (cost=0.00..198470.00 rows=4233434 width=19)
                                                                                                                                                                                                                                                                                                   ->  Append-only Columnar Scan on catalog_sales_1_prt_58  (cost=0.00..198434.00 rows=4232667 width=19)
                                                                                                                                                                                                                                                                                                   ->  Append-only Columnar Scan on catalog_sales_1_prt_59  (cost=0.00..198457.00 rows=4233100 width=19)
                                                                                                                                                                                                                                                                                                   ->  Append-only Columnar Scan on catalog_sales_1_prt_60  (cost=0.00..198420.00 rows=4232400 width=19)
                                                                                                                                                                                                                                                                                                   ->  Append-only Columnar Scan on catalog_sales_1_prt_61  (cost=0.00..252732.00 rows=5390967 width=19)
                                                                                                                                                                                                                                                                                                   ->  Append-only Columnar Scan on catalog_sales_1_prt_62  (cost=0.00..451735.00 rows=9636134 width=19)
                                                                                                                                                                                                                                                                                                   ->  Append-only Columnar Scan on catalog_sales_1_prt_63  (cost=0.00..451761.00 rows=9636700 width=19)
                                                                                                                                                                                                                                                                                                   ->  Append-only Columnar Scan on catalog_sales_1_prt_64  (cost=0.00..451680.00 rows=9634900 width=19)
                                                                                                                                                                                                                                                                                                   ->  Append-only Columnar Scan on catalog_sales_1_prt_65  (cost=0.00..667727.00 rows=14243734 width=19)
                                                                                                                                                                                                                                                                                                   ->  Append-only Columnar Scan on catalog_sales_1_prt_66  (cost=0.00..684173.00 rows=14594534 width=19)
                                                                                                                                                                                                                                                                                                   ->  Append-only Columnar Scan on catalog_sales_1_prt_67  (cost=0.00..244531.00 rows=5216100 width=19)
                                                                                                                                                                                                                                                                                                   ->  Append-only Columnar Scan on catalog_sales_1_prt_68  (cost=0.00..1.00 rows=1 width=26)
                                                                                                                                                                                                                                                                                                   ->  Append-only Columnar Scan on catalog_sales_1_prt_69  (cost=0.00..1.00 rows=1 width=26)
                                                                                                                                                                                                                                                                                                   ->  Append-only Columnar Scan on catalog_sales_1_prt_70  (cost=0.00..1.00 rows=1 width=26)
                                                                                                                                                                                                                                                                                                   ->  Append-only Columnar Scan on catalog_sales_1_prt_71  (cost=0.00..1.00 rows=1 width=26)
                                                                                                                                                                                                                                                                                                   ->  Append-only Columnar Scan on catalog_sales_1_prt_72  (cost=0.00..1.00 rows=1 width=26)
                                                                                                                                                                                                                                                                                                   ->  Append-only Columnar Scan on catalog_sales_1_prt_73  (cost=0.00..1.00 rows=1 width=26)
                                                                                                                                                                                                                                                                                                   ->  Append-only Columnar Scan on catalog_sales_1_prt_74  (cost=0.00..1.00 rows=1 width=26)
                                                                                                                                                                                                                                                                                                   ->  Append-only Columnar Scan on catalog_sales_1_prt_75  (cost=0.00..1.00 rows=1 width=26)
                                                                                                                                                                                                                                                                                                   ->  Append-only Columnar Scan on catalog_sales_1_prt_76  (cost=0.00..1.00 rows=1 width=26)
                                                                                                                                                                                                                                                                                                   ->  Append-only Columnar Scan on catalog_sales_1_prt_77  (cost=0.00..1.00 rows=1 width=26)
                                                                                                                                                                                                                                                                                                   ->  Append-only Columnar Scan on catalog_sales_1_prt_78  (cost=0.00..1.00 rows=1 width=26)
                                                                                                                                                                                                                                                                                                   ->  Append-only Columnar Scan on catalog_sales_1_prt_79  (cost=0.00..1.00 rows=1 width=26)
                                                                                                                                                                                                                                                                                                   ->  Append-only Columnar Scan on catalog_sales_1_prt_80  (cost=0.00..1.00 rows=1 width=26)
                                                                                                                                                                                                                                                                                       ->  Materialize  (cost=34234899.28..34954882.93 rows=47998910 width=30)
                                                                                                                                                                                                                                                                                             ->  Sort  (cost=34234899.28..34594891.10 rows=47998910 width=30)
                                                                                                                                                                                                                                                                                                   Sort Key: catalog_returns_1_prt_outliers.cr_item_sk, catalog_returns_1_prt_outliers.cr_order_number
                                                                                                                                                                                                                                                                                                   ->  Append  (cost=0.00..2048707.25 rows=47998910 width=30)
                                                                                                                                                                                                                                                                                                         ->  Append-only Columnar Scan on catalog_returns_1_prt_outliers  (cost=0.00..1.00 rows=1 width=54)
                                                                                                                                                                                                                                                                                                         ->  Append-only Columnar Scan on catalog_returns_1_prt_2  (cost=0.00..89.94 rows=1932 width=30)
                                                                                                                                                                                                                                                                                                         ->  Append-only Columnar Scan on catalog_returns_1_prt_3  (cost=0.00..839.14 rows=19405 width=30)
                                                                                                                                                                                                                                                                                                         ->  Append-only Columnar Scan on catalog_returns_1_prt_4  (cost=0.00..2485.51 rows=57851 width=30)
                                                                                                                                                                                                                                                                                                         ->  Append-only Columnar Scan on catalog_returns_1_prt_5  (cost=0.00..4960.98 rows=115933 width=30)
                                                                                                                                                                                                                                                                                                         ->  Append-only Columnar Scan on catalog_returns_1_prt_6  (cost=0.00..7782.08 rows=182003 width=30)
                                                                                                                                                                                                                                                                                                         ->  Append-only Columnar Scan on catalog_returns_1_prt_7  (cost=0.00..10621.88 rows=248696 width=30)
                                                                                                                                                                                                                                                                                                         ->  Append-only Columnar Scan on catalog_returns_1_prt_8  (cost=0.00..13478.93 rows=315565 width=30)
                                                                                                                                                                                                                                                                                                         ->  Append-only Columnar Scan on catalog_returns_1_prt_9  (cost=0.00..15896.40 rows=372214 width=30)
                                                                                                                                                                                                                                                                                                         ->  Append-only Columnar Scan on catalog_returns_1_prt_10  (cost=0.00..17750.30 rows=415710 width=30)
                                                                                                                                                                                                                                                                                                         ->  Append-only Columnar Scan on catalog_returns_1_prt_11  (cost=0.00..19794.70 rows=463690 width=30)
                                                                                                                                                                                                                                                                                                         ->  Append-only Columnar Scan on catalog_returns_1_prt_12  (cost=0.00..22437.10 rows=525604 width=30)
                                                                                                                                                                                                                                                                                                         ->  Append-only Columnar Scan on catalog_returns_1_prt_13  (cost=0.00..26080.50 rows=611050 width=30)
                                                                                                                                                                                                                                                                                                         ->  Append-only Columnar Scan on catalog_returns_1_prt_14  (cost=0.00..30734.10 rows=720170 width=30)
                                                                                                                                                                                                                                                                                                         ->  Append-only Columnar Scan on catalog_returns_1_prt_15  (cost=0.00..36307.80 rows=850860 width=30)
                                                                                                                                                                                                                                                                                                         ->  Append-only Columnar Scan on catalog_returns_1_prt_16  (cost=0.00..41041.30 rows=961744 width=30)
                                                                                                                                                                                                                                                                                                         ->  Append-only Columnar Scan on catalog_returns_1_prt_17  (cost=0.00..43099.50 rows=1009950 width=30)
                                                                                                                                                                                                                                                                                                         ->  Append-only Columnar Scan on catalog_returns_1_prt_18  (cost=0.00..41879.10 rows=981337 width=30)
                                                                                                                                                                                                                                                                                                         ->  Append-only Columnar Scan on catalog_returns_1_prt_19  (cost=0.00..38497.60 rows=902120 width=30)
                                                                                                                                                                                                                                                                                                         ->  Append-only Columnar Scan on catalog_returns_1_prt_20  (cost=0.00..34174.60 rows=800720 width=30)
                                                                                                                                                                                                                                                                                                         ->  Append-only Columnar Scan on catalog_returns_1_prt_21  (cost=0.00..28866.00 rows=676300 width=30)
                                                                                                                                                                                                                                                                                                         ->  Append-only Columnar Scan on catalog_returns_1_prt_22  (cost=0.00..23528.20 rows=551174 width=30)
                                                                                                                                                                                                                                                                                                         ->  Append-only Columnar Scan on catalog_returns_1_prt_23  (cost=0.00..20118.40 rows=471247 width=30)
                                                                                                                                                                                                                                                                                                         ->  Append-only Columnar Scan on catalog_returns_1_prt_24  (cost=0.00..19874.50 rows=465584 width=30)
                                                                                                                                                                                                                                                                                                         ->  Append-only Columnar Scan on catalog_returns_1_prt_25  (cost=0.00..22296.70 rows=522290 width=30)
                                                                                                                                                                                                                                                                                                         ->  Append-only Columnar Scan on catalog_returns_1_prt_26  (cost=0.00..25917.20 rows=607140 width=30)
                                                                                                                                                                                                                                                                                                         ->  Append-only Columnar Scan on catalog_returns_1_prt_27  (cost=0.00..30522.50 rows=715184 width=30)
                                                                                                                                                                                                                                                                                                         ->  Append-only Columnar Scan on catalog_returns_1_prt_28  (cost=0.00..36052.80 rows=844894 width=30)
                                                                                                                                                                                                                                                                                                         ->  Append-only Columnar Scan on catalog_returns_1_prt_29  (cost=0.00..40956.30 rows=959777 width=30)
                                                                                                                                                                                                                                                                                                         ->  Append-only Columnar Scan on catalog_returns_1_prt_30  (cost=0.00..43148.40 rows=1011214 width=30)
                                                                                                                                                                                                                                                                                                         ->  Append-only Columnar Scan on catalog_returns_1_prt_31  (cost=0.00..42010.00 rows=984434 width=30)
                                                                                                                                                                                                                                                                                                         ->  Append-only Columnar Scan on catalog_returns_1_prt_32  (cost=0.00..38722.30 rows=907377 width=30)
                                                                                                                                                                                                                                                                                                         ->  Append-only Columnar Scan on catalog_returns_1_prt_33  (cost=0.00..34426.40 rows=806647 width=30)
                                                                                                                                                                                                                                                                                                         ->  Append-only Columnar Scan on catalog_returns_1_prt_34  (cost=0.00..29177.30 rows=683644 width=30)
                                                                                                                                                                                                                                                                                                         ->  Append-only Columnar Scan on catalog_returns_1_prt_35  (cost=0.00..23787.80 rows=557327 width=30)
                                                                                                                                                                                                                                                                                                         ->  Append-only Columnar Scan on catalog_returns_1_prt_36  (cost=0.00..20236.00 rows=474067 width=30)
                                                                                                                                                                                                                                                                                                         ->  Append-only Columnar Scan on catalog_returns_1_prt_37  (cost=0.00..19907.20 rows=466240 width=30)
                                                                                                                                                                                                                                                                                                         ->  Append-only Columnar Scan on catalog_returns_1_prt_38  (cost=0.00..22185.10 rows=519704 width=30)
                                                                                                                                                                                                                                                                                                         ->  Append-only Columnar Scan on catalog_returns_1_prt_39  (cost=0.00..25740.00 rows=603100 width=30)
                                                                                                                                                                                                                                                                                                         ->  Append-only Columnar Scan on catalog_returns_1_prt_40  (cost=0.00..30341.40 rows=710914 width=30)
                                                                                                                                                                                                                                                                                                         ->  Append-only Columnar Scan on catalog_returns_1_prt_41  (cost=0.00..35869.30 rows=840477 width=30)
                                                                                                                                                                                                                                                                                                         ->  Append-only Columnar Scan on catalog_returns_1_prt_42  (cost=0.00..40858.00 rows=957467 width=30)
                                                                                                                                                                                                                                                                                                         ->  Append-only Columnar Scan on catalog_returns_1_prt_43  (cost=0.00..43189.40 rows=1012114 width=30)
                                                                                                                                                                                                                                                                                                         ->  Append-only Columnar Scan on catalog_returns_1_prt_44  (cost=0.00..42208.80 rows=989160 width=30)
                                                                                                                                                                                                                                                                                                         ->  Append-only Columnar Scan on catalog_returns_1_prt_45  (cost=0.00..39037.10 rows=914804 width=30)
                                                                                                                                                                                                                                                                                                         ->  Append-only Columnar Scan on catalog_returns_1_prt_46  (cost=0.00..34783.00 rows=815100 width=30)
                                                                                                                                                                                                                                                                                                         ->  Append-only Columnar Scan on catalog_returns_1_prt_47  (cost=0.00..29479.40 rows=690714 width=30)
                                                                                                                                                                                                                                                                                                         ->  Append-only Columnar Scan on catalog_returns_1_prt_48  (cost=0.00..24074.70 rows=564057 width=30)
                                                                                                                                                                                                                                                                                                         ->  Append-only Columnar Scan on catalog_returns_1_prt_49  (cost=0.00..20308.20 rows=475707 width=30)
                                                                                                                                                                                                                                                                                                         ->  Append-only Columnar Scan on catalog_returns_1_prt_50  (cost=0.00..19762.20 rows=462907 width=30)
                                                                                                                                                                                                                                                                                                         ->  Append-only Columnar Scan on catalog_returns_1_prt_51  (cost=0.00..21941.80 rows=513960 width=30)
                                                                                                                                                                                                                                                                                                         ->  Append-only Columnar Scan on catalog_returns_1_prt_52  (cost=0.00..25524.00 rows=598034 width=30)
                                                                                                                                                                                                                                                                                                         ->  Append-only Columnar Scan on catalog_returns_1_prt_53  (cost=0.00..29988.40 rows=702614 width=30)
                                                                                                                                                                                                                                                                                                         ->  Append-only Columnar Scan on catalog_returns_1_prt_54  (cost=0.00..35472.20 rows=831174 width=30)
                                                                                                                                                                                                                                                                                                         ->  Append-only Columnar Scan on catalog_returns_1_prt_55  (cost=0.00..40521.40 rows=949514 width=30)
                                                                                                                                                                                                                                                                                                         ->  Append-only Columnar Scan on catalog_returns_1_prt_56  (cost=0.00..43037.90 rows=1008564 width=30)
                                                                                                                                                                                                                                                                                                         ->  Append-only Columnar Scan on catalog_returns_1_prt_57  (cost=0.00..42199.20 rows=988874 width=30)
                                                                                                                                                                                                                                                                                                         ->  Append-only Columnar Scan on catalog_returns_1_prt_58  (cost=0.00..39131.90 rows=916964 width=30)
                                                                                                                                                                                                                                                                                                         ->  Append-only Columnar Scan on catalog_returns_1_prt_59  (cost=0.00..34896.90 rows=817730 width=30)
                                                                                                                                                                                                                                                                                                         ->  Append-only Columnar Scan on catalog_returns_1_prt_60  (cost=0.00..29665.40 rows=695080 width=30)
                                                                                                                                                                                                                                                                                                         ->  Append-only Columnar Scan on catalog_returns_1_prt_61  (cost=0.00..24208.60 rows=567154 width=30)
                                                                                                                                                                                                                                                                                                         ->  Append-only Columnar Scan on catalog_returns_1_prt_62  (cost=0.00..20387.30 rows=477644 width=30)
                                                                                                                                                                                                                                                                                                         ->  Append-only Columnar Scan on catalog_returns_1_prt_63  (cost=0.00..19741.20 rows=462340 width=30)
                                                                                                                                                                                                                                                                                                         ->  Append-only Columnar Scan on catalog_returns_1_prt_64  (cost=0.00..21867.20 rows=512274 width=30)
                                                                                                                                                                                                                                                                                                         ->  Append-only Columnar Scan on catalog_returns_1_prt_65  (cost=0.00..25350.50 rows=593884 width=30)
                                                                                                                                                                                                                                                                                                         ->  Append-only Columnar Scan on catalog_returns_1_prt_66  (cost=0.00..29837.00 rows=699100 width=30)
                                                                                                                                                                                                                                                                                                         ->  Append-only Columnar Scan on catalog_returns_1_prt_67  (cost=0.00..35270.90 rows=826464 width=30)
                                                                                                                                                                                                                                                                                                         ->  Append-only Columnar Scan on catalog_returns_1_prt_68  (cost=0.00..40185.20 rows=941674 width=30)
                                                                                                                                                                                                                                                                                                         ->  Append-only Columnar Scan on catalog_returns_1_prt_69  (cost=0.00..41789.50 rows=979317 width=30)
                                                                                                                                                                                                                                                                                                         ->  Append-only Columnar Scan on catalog_returns_1_prt_70  (cost=0.00..39187.40 rows=918347 width=30)
                                                                                                                                                                                                                                                                                                         ->  Append-only Columnar Scan on catalog_returns_1_prt_71  (cost=0.00..33506.60 rows=785120 width=30)
                                                                                                                                                                                                                                                                                                         ->  Append-only Columnar Scan on catalog_returns_1_prt_72  (cost=0.00..26483.20 rows=620407 width=30)
                                                                                                                                                                                                                                                                                                         ->  Append-only Columnar Scan on catalog_returns_1_prt_73  (cost=0.00..18408.20 rows=431207 width=30)
                                                                                                                                                                                                                                                                                                         ->  Append-only Columnar Scan on catalog_returns_1_prt_74  (cost=0.00..10161.74 rows=237858 width=30)
                                                                                                                                                                                                                                                                                                         ->  Append-only Columnar Scan on catalog_returns_1_prt_75  (cost=0.00..3892.67 rows=90823 width=30)
                                                                                                                                                                                                                                                                                                         ->  Append-only Columnar Scan on catalog_returns_1_prt_76  (cost=0.00..672.49 rows=15283 width=30)
                                                                                                                                                                                                                                                                                                         ->  Append-only Columnar Scan on catalog_returns_1_prt_77  (cost=0.00..38.39 rows=213 width=30)
                                                                                                                                                                                                                                                                                                         ->  Append-only Columnar Scan on catalog_returns_1_prt_78  (cost=0.00..1.00 rows=1 width=54)
                                                                                                                                                                                                                                                                                                         ->  Append-only Columnar Scan on catalog_returns_1_prt_79  (cost=0.00..1.00 rows=1 width=54)
                                                                                                                                                                                                                                                                                                         ->  Append-only Columnar Scan on catalog_returns_1_prt_80  (cost=0.00..1.00 rows=1 width=54)
                                                                                                                                                                                                                                                   ->  Hash  (cost=11218.29..11218.29 rows=200 width=27)
                                                                                                                                                                                                                                                         ->  Seq Scan on item  (cost=0.00..11218.29 rows=200 width=27)
                                                                                                                                                                                                                                                               Filter: ((i_current_price >= 35::numeric) AND (i_current_price <= 45::numeric) AND (i_current_price >= 36::numeric) AND (i_current_price <= 50::numeric) AND ((i_color)::text = ANY ('{maroon,burnished,dim,steel,navajo,chocolate}'::text[])))
                                                                                                                                                                                                                           ->  Hash  (cost=1283.72..1283.72 rows=366 width=8)
                                                                                                                                                                                                                                 ->  Partition Selector for store_sales (dynamic scan id: 1)  (cost=0.00..1283.72 rows=366 width=8)
                                                                                                                                                                                                                                       Filter: d1.d_date_sk
                                                                                                                                                                                                                                       ->  Broadcast Motion 3:3  (slice3; segments: 3)  (cost=0.00..1283.72 rows=366 width=8)
                                                                                                                                                                                                                                             ->  Seq Scan on date_dim d1  (cost=0.00..1269.11 rows=122 width=8)
                                                                                                                                                                                                                                                   Filter: (d_year = 2001)
                                                                                                                                                                                                   ->  Hash  (cost=42.02..42.02 rows=334 width=14)
                                                                                                                                                                                                         ->  Seq Scan on store  (cost=0.00..42.02 rows=334 width=14)
                                                                                                                                                                                       ->  Hash  (cost=178782.00..178782.00 rows=3999967 width=24)
                                                                                                                                                                                             ->  Seq Scan on customer  (cost=0.00..178782.00 rows=3999967 width=24)
                                                                                                                                                                           ->  Hash  (cost=1086.49..1086.49 rows=24350 width=8)
                                                                                                                                                                                 ->  Seq Scan on date_dim d2  (cost=0.00..1086.49 rows=24350 width=8)
                                                                                                                                                               ->  Hash  (cost=1086.49..1086.49 rows=24350 width=8)
                                                                                                                                                                     ->  Seq Scan on date_dim d3  (cost=0.00..1086.49 rows=24350 width=8)
                                                                                                                                                   ->  Hash  (cost=23620.80..23620.80 rows=640260 width=6)
                                                                                                                                                         ->  Seq Scan on customer_demographics cd2  (cost=0.00..23620.80 rows=640260 width=6)
                                                                                                                                       ->  Hash  (cost=23620.80..23620.80 rows=640260 width=6)
                                                                                                                                             ->  Seq Scan on customer_demographics cd1  (cost=0.00..23620.80 rows=640260 width=6)
                                                                                                                           ->  Hash  (cost=47.00..47.00 rows=500 width=4)
                                                                                                                                 ->  Seq Scan on promotion  (cost=0.00..47.00 rows=500 width=4)
                                                                                                               ->  Hash  (cost=104.00..104.00 rows=2400 width=8)
                                                                                                                     ->  Seq Scan on household_demographics hd1  (cost=0.00..104.00 rows=2400 width=8)
                                                                                                   ->  Hash  (cost=104.00..104.00 rows=2400 width=8)
                                                                                                         ->  Seq Scan on household_demographics hd2  (cost=0.00..104.00 rows=2400 width=8)
                                                                                       ->  Hash  (cost=85890.90..85890.90 rows=2000530 width=31)
                                                                                             ->  Seq Scan on customer_address ad1  (cost=0.00..85890.90 rows=2000530 width=31)
                                                                           ->  Hash  (cost=85890.90..85890.90 rows=2000530 width=31)
                                                                                 ->  Seq Scan on customer_address ad2  (cost=0.00..85890.90 rows=2000530 width=31)
                                                                     ->  Hash  (cost=16.00..16.00 rows=20 width=4)
                                                                           ->  Broadcast Motion 3:3  (slice15; segments: 3)  (cost=0.00..16.00 rows=20 width=4)
                                                                                 ->  Seq Scan on income_band ib1  (cost=0.00..15.20 rows=7 width=4)
                                                               ->  Hash  (cost=16.00..16.00 rows=20 width=4)
                                                                     ->  Broadcast Motion 3:3  (slice16; segments: 3)  (cost=0.00..16.00 rows=20 width=4)
                                                                           ->  Seq Scan on income_band ib2  (cost=0.00..15.20 rows=7 width=4)
                           ->  Hash  (cost=0.18..0.18 rows=3 width=1090)
                                 ->  Subquery Scan on cs1  (cost=0.00..0.18 rows=3 width=1090)
                                       ->  HashAggregate  (cost=58885898.19..58885898.35 rows=3 width=1098)
                                             Group Key: item_1.i_product_name, item_1.i_item_sk, store_1.s_store_name, store_1.s_zip, ad1_1.ca_street_number, ad1_1.ca_street_name, ad1_1.ca_city, ad1_1.ca_zip, ad2_1.ca_street_number, ad2_1.ca_street_name, ad2_1.ca_city, ad2_1.ca_zip, d1_1.d_year, d2_1.d_year, d3_1.d_year
                                             ->  Redistribute Motion 3:3  (slice35; segments: 3)  (cost=58885897.49..58885897.67 rows=3 width=1098)
                                                   Hash Key: item_1.i_product_name, item_1.i_item_sk, store_1.s_store_name, store_1.s_zip, ad1_1.ca_street_number, ad1_1.ca_street_name, ad1_1.ca_city, ad1_1.ca_zip, ad2_1.ca_street_number, ad2_1.ca_street_name, ad2_1.ca_city, ad2_1.ca_zip, d1_1.d_year, d2_1.d_year, d3_1.d_year
                                                   ->  HashAggregate  (cost=58885897.49..58885897.49 rows=3 width=1098)
                                                         Group Key: item_1.i_product_name, item_1.i_item_sk, store_1.s_store_name, store_1.s_zip, ad1_1.ca_street_number, ad1_1.ca_street_name, ad1_1.ca_city, ad1_1.ca_zip, ad2_1.ca_street_number, ad2_1.ca_street_name, ad2_1.ca_city, ad2_1.ca_zip, d1_1.d_year, d2_1.d_year, d3_1.d_year
                                                         ->  Hash Join  (cost=52892988.44..58885897.05 rows=4 width=118)
                                                               Hash Cond: (hd2_1.hd_income_band_sk = ib2_1.ib_income_band_sk)
                                                               ->  Hash Join  (cost=52892971.69..58885880.15 rows=4 width=122)
                                                                     Hash Cond: (hd1_1.hd_income_band_sk = ib1_1.ib_income_band_sk)
                                                                     ->  Hash Join  (cost=52892954.94..58885863.25 rows=4 width=126)
                                                                           Hash Cond: (customer_1.c_current_addr_sk = ad2_1.ca_address_sk)
                                                                           ->  Redistribute Motion 3:3  (slice32; segments: 3)  (cost=52732044.17..58724952.29 rows=4 width=103)
                                                                                 Hash Key: customer_1.c_current_addr_sk
                                                                                 ->  Hash Join  (cost=52732044.17..58724952.11 rows=4 width=103)
                                                                                       Hash Cond: (store_sales_1_prt_outliers_1.ss_addr_sk = ad1_1.ca_address_sk)
                                                                                       ->  Redistribute Motion 3:3  (slice31; segments: 3)  (cost=52571133.39..58564041.15 rows=4 width=80)
                                                                                             Hash Key: store_sales_1_prt_outliers_1.ss_addr_sk
                                                                                             ->  Hash Join  (cost=52571133.39..58564040.96 rows=4 width=80)
                                                                                                   Hash Cond: (customer_1.c_current_hdemo_sk = hd2_1.hd_demo_sk)
                                                                                                   ->  Redistribute Motion 3:3  (slice30; segments: 3)  (cost=52570939.39..58563846.84 rows=4 width=80)
                                                                                                         Hash Key: customer_1.c_current_hdemo_sk
                                                                                                         ->  Hash Join  (cost=52570939.39..58563846.65 rows=4 width=80)
                                                                                                               Hash Cond: (store_sales_1_prt_outliers_1.ss_hdemo_sk = hd1_1.hd_demo_sk)
                                                                                                               ->  Redistribute Motion 3:3  (slice29; segments: 3)  (cost=52570745.39..58563652.53 rows=4 width=80)
                                                                                                                     Hash Key: store_sales_1_prt_outliers_1.ss_hdemo_sk
                                                                                                                     ->  Hash Join  (cost=52570745.39..58563652.34 rows=4 width=80)
                                                                                                                           Hash Cond: (store_sales_1_prt_outliers_1.ss_promo_sk = promotion_1.p_promo_sk)
                                                                                                                           ->  Redistribute Motion 3:3  (slice28; segments: 3)  (cost=52570679.64..58563586.47 rows=4 width=84)
                                                                                                                                 Hash Key: store_sales_1_prt_outliers_1.ss_promo_sk
                                                                                                                                 ->  Hash Join  (cost=52570679.64..58563586.28 rows=4 width=84)
                                                                                                                                       Hash Cond: (store_sales_1_prt_outliers_1.ss_cdemo_sk = cd1_1.cd_demo_sk)
                                                                                                                                       Join Filter: (cd1_1.cd_marital_status <> cd2_1.cd_marital_status)
                                                                                                                                       ->  Redistribute Motion 3:3  (slice27; segments: 3)  (cost=52523049.09..58515955.58 rows=4 width=90)
                                                                                                                                             Hash Key: store_sales_1_prt_outliers_1.ss_cdemo_sk
                                                                                                                                             ->  Hash Join  (cost=52523049.09..58515955.40 rows=4 width=90)
                                                                                                                                                   Hash Cond: (customer_1.c_current_cdemo_sk = cd2_1.cd_demo_sk)
                                                                                                                                                   ->  Redistribute Motion 3:3  (slice26; segments: 3)  (cost=52475418.54..58468324.71 rows=4 width=92)
                                                                                                                                                         Hash Key: customer_1.c_current_cdemo_sk
                                                                                                                                                         ->  Hash Join  (cost=52475418.54..58468324.53 rows=4 width=92)
                                                                                                                                                               Hash Cond: (customer_1.c_first_shipto_date_sk = d3_1.d_date_sk)
                                                                                                                                                               ->  Redistribute Motion 3:3  (slice25; segments: 3)  (cost=52473418.94..58466324.80 rows=4 width=92)
                                                                                                                                                                     Hash Key: customer_1.c_first_shipto_date_sk
                                                                                                                                                                     ->  Hash Join  (cost=52473418.94..58466324.61 rows=4 width=92)
                                                                                                                                                                           Hash Cond: (customer_1.c_first_sales_date_sk = d2_1.d_date_sk)
                                                                                                                                                                           ->  Redistribute Motion 3:3  (slice24; segments: 3)  (cost=52471419.34..58464324.88 rows=4 width=92)
                                                                                                                                                                                 Hash Key: customer_1.c_first_sales_date_sk
                                                                                                                                                                                 ->  Hash Join  (cost=52471419.34..58464324.70 rows=4 width=92)
                                                                                                                                                                                       Hash Cond: (store_sales_1_prt_outliers_1.ss_customer_sk = customer_1.c_customer_sk)
                                                                                                                                                                                       ->  Redistribute Motion 3:3  (slice23; segments: 3)  (cost=52142638.59..58135543.69 rows=4 width=76)
                                                                                                                                                                                             Hash Key: store_sales_1_prt_outliers_1.ss_customer_sk
                                                                                                                                                                                             ->  Hash Join  (cost=52142638.59..58135543.51 rows=4 width=76)
                                                                                                                                                                                                   Hash Cond: (store_sales_1_prt_outliers_1.ss_store_sk = store_1.s_store_sk)
                                                                                                                                                                                                   ->  Redistribute Motion 3:3  (slice22; segments: 3)  (cost=52142584.04..58135488.84 rows=4 width=70)
                                                                                                                                                                                                         Hash Key: store_sales_1_prt_outliers_1.ss_store_sk
                                                                                                                                                                                                         ->  Hash Join  (cost=52142584.04..58135488.65 rows=4 width=70)
                                                                                                                                                                                                               Hash Cond: ((store_returns_1_prt_outliers_1.sr_item_sk = store_sales_1_prt_outliers_1.ss_item_sk) AND (store_returns_1_prt_outliers_1.sr_ticket_number = store_sales_1_prt_outliers_1.ss_ticket_number))
                                                                                                                                                                                                               ->  Append  (cost=0.00..3832906.41 rows=95999916 width=12)
                                                                                                                                                                                                                     ->  Append-only Columnar Scan on store_returns_1_prt_outliers store_returns_1_prt_outliers_1  (cost=0.00..119589.00 rows=3359867 width=12)
                                                                                                                                                                                                                     ->  Append-only Columnar Scan on store_returns_1_prt_2 store_returns_1_prt_2_1  (cost=0.00..1853.03 rows=45768 width=12)
                                                                                                                                                                                                                     ->  Append-only Columnar Scan on store_returns_1_prt_3 store_returns_1_prt_3_1  (cost=0.00..6990.74 rows=174025 width=12)
                                                                                                                                                                                                                     ->  Append-only Columnar Scan on store_returns_1_prt_4 store_returns_1_prt_4_1  (cost=0.00..12073.00 rows=300934 width=12)
                                                                                                                                                                                                                     ->  Append-only Columnar Scan on store_returns_1_prt_5 store_returns_1_prt_5_1  (cost=0.00..17206.50 rows=429050 width=12)
                                                                                                                                                                                                                     ->  Append-only Columnar Scan on store_returns_1_prt_6 store_returns_1_prt_6_1  (cost=0.00..22418.30 rows=559077 width=12)
                                                                                                                                                                                                                     ->  Append-only Columnar Scan on store_returns_1_prt_7 store_returns_1_prt_7_1  (cost=0.00..27598.00 rows=688300 width=12)
                                                                                                                                                                                                                     ->  Append-only Columnar Scan on store_returns_1_prt_8 store_returns_1_prt_8_1  (cost=0.00..32106.70 rows=800790 width=12)
                                                                                                                                                                                                                     ->  Append-only Columnar Scan on store_returns_1_prt_9 store_returns_1_prt_9_1  (cost=0.00..32900.20 rows=820607 width=12)
                                                                                                                                                                                                                     ->  Append-only Columnar Scan on store_returns_1_prt_10 store_returns_1_prt_10_1  (cost=0.00..37679.10 rows=939970 width=12)
                                                                                                                                                                                                                     ->  Append-only Columnar Scan on store_returns_1_prt_11 store_returns_1_prt_11_1  (cost=0.00..44416.50 rows=1108017 width=12)
                                                                                                                                                                                                                     ->  Append-only Columnar Scan on store_returns_1_prt_12 store_returns_1_prt_12_1  (cost=0.00..51022.00 rows=1272934 width=12)
                                                                                                                                                                                                                     ->  Append-only Columnar Scan on store_returns_1_prt_13 store_returns_1_prt_13_1  (cost=0.00..60422.90 rows=1507530 width=12)
                                                                                                                                                                                                                     ->  Append-only Columnar Scan on store_returns_1_prt_14 store_returns_1_prt_14_1  (cost=0.00..73185.80 rows=1826060 width=12)
                                                                                                                                                                                                                     ->  Append-only Columnar Scan on store_returns_1_prt_15 store_returns_1_prt_15_1  (cost=0.00..82303.60 rows=2053554 width=12)
                                                                                                                                                                                                                     ->  Append-only Columnar Scan on store_returns_1_prt_16 store_returns_1_prt_16_1  (cost=0.00..79967.20 rows=1995307 width=12)
                                                                                                                                                                                                                     ->  Append-only Columnar Scan on store_returns_1_prt_17 store_returns_1_prt_17_1  (cost=0.00..73186.20 rows=1826107 width=12)
                                                                                                                                                                                                                     ->  Append-only Columnar Scan on store_returns_1_prt_18 store_returns_1_prt_18_1  (cost=0.00..66475.20 rows=1658607 width=12)
                                                                                                                                                                                                                     ->  Append-only Columnar Scan on store_returns_1_prt_19 store_returns_1_prt_19_1  (cost=0.00..58723.50 rows=1465084 width=12)
                                                                                                                                                                                                                     ->  Append-only Columnar Scan on store_returns_1_prt_20 store_returns_1_prt_20_1  (cost=0.00..46348.30 rows=1156177 width=12)
                                                                                                                                                                                                                     ->  Append-only Columnar Scan on store_returns_1_prt_21 store_returns_1_prt_21_1  (cost=0.00..34792.40 rows=867914 width=12)
                                                                                                                                                                                                                     ->  Append-only Columnar Scan on store_returns_1_prt_22 store_returns_1_prt_22_1  (cost=0.00..32894.20 rows=820507 width=12)
                                                                                                                                                                                                                     ->  Append-only Columnar Scan on store_returns_1_prt_23 store_returns_1_prt_23_1  (cost=0.00..37424.80 rows=933627 width=12)
                                                                                                                                                                                                                     ->  Append-only Columnar Scan on store_returns_1_prt_24 store_returns_1_prt_24_1  (cost=0.00..44195.80 rows=1102527 width=12)
                                                                                                                                                                                                                     ->  Append-only Columnar Scan on store_returns_1_prt_25 store_returns_1_prt_25_1  (cost=0.00..50837.00 rows=1268234 width=12)
                                                                                                                                                                                                                     ->  Append-only Columnar Scan on store_returns_1_prt_26 store_returns_1_prt_26_1  (cost=0.00..59985.70 rows=1496590 width=12)
                                                                                                                                                                                                                     ->  Append-only Columnar Scan on store_returns_1_prt_27 store_returns_1_prt_27_1  (cost=0.00..72724.00 rows=1814434 width=12)
                                                                                                                                                                                                                     ->  Append-only Columnar Scan on store_returns_1_prt_28 store_returns_1_prt_28_1  (cost=0.00..82164.10 rows=2050104 width=12)
                                                                                                                                                                                                                     ->  Append-only Columnar Scan on store_returns_1_prt_29 store_returns_1_prt_29_1  (cost=0.00..80191.60 rows=2000754 width=12)
                                                                                                                                                                                                                     ->  Append-only Columnar Scan on store_returns_1_prt_30 store_returns_1_prt_30_1  (cost=0.00..73529.70 rows=1834590 width=12)
                                                                                                                                                                                                                     ->  Append-only Columnar Scan on store_returns_1_prt_31 store_returns_1_prt_31_1  (cost=0.00..66909.40 rows=1669347 width=12)
                                                                                                                                                                                                                     ->  Append-only Columnar Scan on store_returns_1_prt_32 store_returns_1_prt_32_1  (cost=0.00..59189.10 rows=1476737 width=12)
                                                                                                                                                                                                                     ->  Append-only Columnar Scan on store_returns_1_prt_33 store_returns_1_prt_33_1  (cost=0.00..46935.60 rows=1170954 width=12)
                                                                                                                                                                                                                     ->  Append-only Columnar Scan on store_returns_1_prt_34 store_returns_1_prt_34_1  (cost=0.00..35180.30 rows=877544 width=12)
                                                                                                                                                                                                                     ->  Append-only Columnar Scan on store_returns_1_prt_35 store_returns_1_prt_35_1  (cost=0.00..32948.10 rows=821804 width=12)
                                                                                                                                                                                                                     ->  Append-only Columnar Scan on store_returns_1_prt_36 store_returns_1_prt_36_1  (cost=0.00..37243.00 rows=928967 width=12)
                                                                                                                                                                                                                     ->  Append-only Columnar Scan on store_returns_1_prt_37 store_returns_1_prt_37_1  (cost=0.00..43879.00 rows=1094634 width=12)
                                                                                                                                                                                                                     ->  Append-only Columnar Scan on store_returns_1_prt_38 store_returns_1_prt_38_1  (cost=0.00..50465.40 rows=1259047 width=12)
                                                                                                                                                                                                                     ->  Append-only Columnar Scan on store_returns_1_prt_39 store_returns_1_prt_39_1  (cost=0.00..59486.40 rows=1484147 width=12)
                                                                                                                                                                                                                     ->  Append-only Columnar Scan on store_returns_1_prt_40 store_returns_1_prt_40_1  (cost=0.00..72150.30 rows=1800177 width=12)
                                                                                                                                                                                                                     ->  Append-only Columnar Scan on store_returns_1_prt_41 store_returns_1_prt_41_1  (cost=0.00..81849.40 rows=2042280 width=12)
                                                                                                                                                                                                                     ->  Append-only Columnar Scan on store_returns_1_prt_42 store_returns_1_prt_42_1  (cost=0.00..80010.30 rows=1996310 width=12)
                                                                                                                                                                                                                     ->  Append-only Columnar Scan on store_returns_1_prt_43 store_returns_1_prt_43_1  (cost=0.00..73403.80 rows=1831427 width=12)
                                                                                                                                                                                                                     ->  Append-only Columnar Scan on store_returns_1_prt_44 store_returns_1_prt_44_1  (cost=0.00..66684.90 rows=1663764 width=12)
                                                                                                                                                                                                                     ->  Append-only Columnar Scan on store_returns_1_prt_45 store_returns_1_prt_45_1  (cost=0.00..59144.80 rows=1475594 width=12)
                                                                                                                                                                                                                     ->  Append-only Columnar Scan on store_returns_1_prt_46 store_returns_1_prt_46_1  (cost=0.00..47011.80 rows=1172827 width=12)
                                                                                                                                                                                                                     ->  Append-only Columnar Scan on store_returns_1_prt_47 store_returns_1_prt_47_1  (cost=0.00..35247.70 rows=879257 width=12)
                                                                                                                                                                                                                     ->  Append-only Columnar Scan on store_returns_1_prt_48 store_returns_1_prt_48_1  (cost=0.00..32757.00 rows=817067 width=12)
                                                                                                                                                                                                                     ->  Append-only Columnar Scan on store_returns_1_prt_49 store_returns_1_prt_49_1  (cost=0.00..36707.60 rows=915654 width=12)
                                                                                                                                                                                                                     ->  Append-only Columnar Scan on store_returns_1_prt_50 store_returns_1_prt_50_1  (cost=0.00..43497.40 rows=1085080 width=12)
                                                                                                                                                                                                                     ->  Append-only Columnar Scan on store_returns_1_prt_51 store_returns_1_prt_51_1  (cost=0.00..50143.80 rows=1250960 width=12)
                                                                                                                                                                                                                     ->  Append-only Columnar Scan on store_returns_1_prt_52 store_returns_1_prt_52_1  (cost=0.00..58791.30 rows=1466777 width=12)
                                                                                                                                                                                                                     ->  Append-only Columnar Scan on store_returns_1_prt_53 store_returns_1_prt_53_1  (cost=0.00..71405.50 rows=1781517 width=12)
                                                                                                                                                                                                                     ->  Append-only Columnar Scan on store_returns_1_prt_54 store_returns_1_prt_54_1  (cost=0.00..81729.80 rows=2039294 width=12)
                                                                                                                                                                                                                     ->  Append-only Columnar Scan on store_returns_1_prt_55 store_returns_1_prt_55_1  (cost=0.00..80773.90 rows=2015430 width=12)
                                                                                                                                                                                                                     ->  Append-only Columnar Scan on store_returns_1_prt_56 store_returns_1_prt_56_1  (cost=0.00..74229.00 rows=1852034 width=12)
                                                                                                                                                                                                                     ->  Append-only Columnar Scan on store_returns_1_prt_57 store_returns_1_prt_57_1  (cost=0.00..67439.70 rows=1682624 width=12)
                                                                                                                                                                                                                     ->  Append-only Columnar Scan on store_returns_1_prt_58 store_returns_1_prt_58_1  (cost=0.00..60085.40 rows=1499080 width=12)
                                                                                                                                                                                                                     ->  Append-only Columnar Scan on store_returns_1_prt_59 store_returns_1_prt_59_1  (cost=0.00..48188.70 rows=1202190 width=12)
                                                                                                                                                                                                                     ->  Append-only Columnar Scan on store_returns_1_prt_60 store_returns_1_prt_60_1  (cost=0.00..35990.20 rows=897740 width=12)
                                                                                                                                                                                                                     ->  Append-only Columnar Scan on store_returns_1_prt_61 store_returns_1_prt_61_1  (cost=0.00..32755.30 rows=817010 width=12)
                                                                                                                                                                                                                     ->  Append-only Columnar Scan on store_returns_1_prt_62 store_returns_1_prt_62_1  (cost=0.00..36451.80 rows=909294 width=12)
                                                                                                                                                                                                                     ->  Append-only Columnar Scan on store_returns_1_prt_63 store_returns_1_prt_63_1  (cost=0.00..43272.00 rows=1079500 width=12)
                                                                                                                                                                                                                     ->  Append-only Columnar Scan on store_returns_1_prt_64 store_returns_1_prt_64_1  (cost=0.00..49886.80 rows=1244560 width=12)
                                                                                                                                                                                                                     ->  Append-only Columnar Scan on store_returns_1_prt_65 store_returns_1_prt_65_1  (cost=0.00..58346.40 rows=1455714 width=12)
                                                                                                                                                                                                                     ->  Append-only Columnar Scan on store_returns_1_prt_66 store_returns_1_prt_66_1  (cost=0.00..70812.50 rows=1766850 width=12)
                                                                                                                                                                                                                     ->  Append-only Columnar Scan on store_returns_1_prt_67 store_returns_1_prt_67_1  (cost=0.00..80500.30 rows=2008644 width=12)
                                                                                                                                                                                                                     ->  Append-only Columnar Scan on store_returns_1_prt_68 store_returns_1_prt_68_1  (cost=0.00..75031.60 rows=1872054 width=12)
                                                                                                                                                                                                                     ->  Append-only Columnar Scan on store_returns_1_prt_69 store_returns_1_prt_69_1  (cost=0.00..63447.40 rows=1582914 width=12)
                                                                                                                                                                                                                     ->  Append-only Columnar Scan on store_returns_1_prt_70 store_returns_1_prt_70_1  (cost=0.00..51572.60 rows=1286687 width=12)
                                                                                                                                                                                                                     ->  Append-only Columnar Scan on store_returns_1_prt_71 store_returns_1_prt_71_1  (cost=0.00..39178.00 rows=977300 width=12)
                                                                                                                                                                                                                     ->  Append-only Columnar Scan on store_returns_1_prt_72 store_returns_1_prt_72_1  (cost=0.00..22132.80 rows=551994 width=12)
                                                                                                                                                                                                                     ->  Append-only Columnar Scan on store_returns_1_prt_73 store_returns_1_prt_73_1  (cost=0.00..4828.24 rows=120108 width=12)
                                                                                                                                                                                                                     ->  Append-only Columnar Scan on store_returns_1_prt_74 store_returns_1_prt_74_1  (cost=0.00..1.00 rows=1 width=12)
                                                                                                                                                                                                                     ->  Append-only Columnar Scan on store_returns_1_prt_75 store_returns_1_prt_75_1  (cost=0.00..1.00 rows=1 width=12)
                                                                                                                                                                                                                     ->  Append-only Columnar Scan on store_returns_1_prt_76 store_returns_1_prt_76_1  (cost=0.00..1.00 rows=1 width=12)
                                                                                                                                                                                                                     ->  Append-only Columnar Scan on store_returns_1_prt_77 store_returns_1_prt_77_1  (cost=0.00..1.00 rows=1 width=12)
                                                                                                                                                                                                                     ->  Append-only Columnar Scan on store_returns_1_prt_78 store_returns_1_prt_78_1  (cost=0.00..1.00 rows=1 width=12)
                                                                                                                                                                                                                     ->  Append-only Columnar Scan on store_returns_1_prt_79 store_returns_1_prt_79_1  (cost=0.00..1.00 rows=1 width=12)
                                                                                                                                                                                                                     ->  Append-only Columnar Scan on store_returns_1_prt_80 store_returns_1_prt_80_1  (cost=0.00..1.00 rows=1 width=12)
                                                                                                                                                                                                               ->  Hash  (cost=52142583.90..52142583.90 rows=4 width=86)
                                                                                                                                                                                                                     ->  Hash Join  (cost=16065.50..52142583.90 rows=4 width=86)
                                                                                                                                                                                                                           Hash Cond: (store_sales_1_prt_outliers_1.ss_sold_date_sk = d1_1.d_date_sk)
                                                                                                                                                                                                                           ->  Hash Join  (cost=14768.08..52118854.11 rows=1196389 width=86)
                                                                                                                                                                                                                                 Hash Cond: (store_sales_1_prt_outliers_1.ss_item_sk = item_1.i_item_sk)
                                                                                                                                                                                                                                 ->  Append  (cost=0.00..39524635.96 rows=959996170 width=55)
                                                                                                                                                                                                                                       ->  Result  (cost=0.00..1568615.00 rows=43200334 width=55)
                                                                                                                                                                                                                                             One-Time Filter: PartSelected
                                                                                                                                                                                                                                             ->  Append-only Columnar Scan on store_sales_1_prt_outliers store_sales_1_prt_outliers_1  (cost=0.00..1568615.00 rows=43200334 width=55)
                                                                                                                                                                                                                                       ->  Result  (cost=0.00..324595.00 rows=7840134 width=55)
                                                                                                                                                                                                                                             One-Time Filter: PartSelected
                                                                                                                                                                                                                                             ->  Append-only Columnar Scan on store_sales_1_prt_2 store_sales_1_prt_2_1  (cost=0.00..324595.00 rows=7840134 width=55)
                                                                                                                                                                                                                                       ->  Result  (cost=0.00..336211.00 rows=8120800 width=55)
                                                                                                                                                                                                                                             One-Time Filter: PartSelected
                                                                                                                                                                                                                                             ->  Append-only Columnar Scan on store_sales_1_prt_3 store_sales_1_prt_3_1  (cost=0.00..336211.00 rows=8120800 width=55)
                                                                                                                                                                                                                                       ->  Result  (cost=0.00..324382.00 rows=7834967 width=55)
                                                                                                                                                                                                                                             One-Time Filter: PartSelected
                                                                                                                                                                                                                                             ->  Append-only Columnar Scan on store_sales_1_prt_4 store_sales_1_prt_4_1  (cost=0.00..324382.00 rows=7834967 width=55)
                                                                                                                                                                                                                                       ->  Result  (cost=0.00..336381.00 rows=8124734 width=55)
                                                                                                                                                                                                                                             One-Time Filter: PartSelected
                                                                                                                                                                                                                                             ->  Append-only Columnar Scan on store_sales_1_prt_5 store_sales_1_prt_5_1  (cost=0.00..336381.00 rows=8124734 width=55)
                                                                                                                                                                                                                                       ->  Result  (cost=0.00..336417.00 rows=8125800 width=55)
                                                                                                                                                                                                                                             One-Time Filter: PartSelected
                                                                                                                                                                                                                                             ->  Append-only Columnar Scan on store_sales_1_prt_6 store_sales_1_prt_6_1  (cost=0.00..336417.00 rows=8125800 width=55)
                                                                                                                                                                                                                                       ->  Result  (cost=0.00..336453.00 rows=8126567 width=55)
                                                                                                                                                                                                                                             One-Time Filter: PartSelected
                                                                                                                                                                                                                                             ->  Append-only Columnar Scan on store_sales_1_prt_7 store_sales_1_prt_7_1  (cost=0.00..336453.00 rows=8126567 width=55)
                                                                                                                                                                                                                                       ->  Result  (cost=0.00..336058.00 rows=8116967 width=55)
                                                                                                                                                                                                                                             One-Time Filter: PartSelected
                                                                                                                                                                                                                                             ->  Append-only Columnar Scan on store_sales_1_prt_8 store_sales_1_prt_8_1  (cost=0.00..336058.00 rows=8116967 width=55)
                                                                                                                                                                                                                                       ->  Result  (cost=0.00..489738.00 rows=11829267 width=55)
                                                                                                                                                                                                                                             One-Time Filter: PartSelected
                                                                                                                                                                                                                                             ->  Append-only Columnar Scan on store_sales_1_prt_9 store_sales_1_prt_9_1  (cost=0.00..489738.00 rows=11829267 width=55)
                                                                                                                                                                                                                                       ->  Result  (cost=0.00..765474.00 rows=18489534 width=55)
                                                                                                                                                                                                                                             One-Time Filter: PartSelected
                                                                                                                                                                                                                                             ->  Append-only Columnar Scan on store_sales_1_prt_10 store_sales_1_prt_10_1  (cost=0.00..765474.00 rows=18489534 width=55)
                                                                                                                                                                                                                                       ->  Result  (cost=0.00..766278.00 rows=18508900 width=55)
                                                                                                                                                                                                                                             One-Time Filter: PartSelected
                                                                                                                                                                                                                                             ->  Append-only Columnar Scan on store_sales_1_prt_11 store_sales_1_prt_11_1  (cost=0.00..766278.00 rows=18508900 width=55)
                                                                                                                                                                                                                                       ->  Result  (cost=0.00..793967.00 rows=19177700 width=55)
                                                                                                                                                                                                                                             One-Time Filter: PartSelected
                                                                                                                                                                                                                                             ->  Append-only Columnar Scan on store_sales_1_prt_12 store_sales_1_prt_12_1  (cost=0.00..793967.00 rows=19177700 width=55)
                                                                                                                                                                                                                                       ->  Result  (cost=0.00..1159820.00 rows=28014600 width=55)
                                                                                                                                                                                                                                             One-Time Filter: PartSelected
                                                                                                                                                                                                                                             ->  Append-only Columnar Scan on store_sales_1_prt_13 store_sales_1_prt_13_1  (cost=0.00..1159820.00 rows=28014600 width=55)
                                                                                                                                                                                                                                       ->  Result  (cost=0.00..1160753.00 rows=28037334 width=55)
                                                                                                                                                                                                                                             One-Time Filter: PartSelected
                                                                                                                                                                                                                                             ->  Append-only Columnar Scan on store_sales_1_prt_14 store_sales_1_prt_14_1  (cost=0.00..1160753.00 rows=28037334 width=55)
                                                                                                                                                                                                                                       ->  Result  (cost=0.00..436710.00 rows=10548367 width=55)
                                                                                                                                                                                                                                             One-Time Filter: PartSelected
                                                                                                                                                                                                                                             ->  Append-only Columnar Scan on store_sales_1_prt_15 store_sales_1_prt_15_1  (cost=0.00..436710.00 rows=10548367 width=55)
                                                                                                                                                                                                                                       ->  Result  (cost=0.00..336477.00 rows=8127134 width=55)
                                                                                                                                                                                                                                             One-Time Filter: PartSelected
                                                                                                                                                                                                                                             ->  Append-only Columnar Scan on store_sales_1_prt_16 store_sales_1_prt_16_1  (cost=0.00..336477.00 rows=8127134 width=55)
                                                                                                                                                                                                                                       ->  Result  (cost=0.00..324706.00 rows=7842834 width=55)
                                                                                                                                                                                                                                             One-Time Filter: PartSelected
                                                                                                                                                                                                                                             ->  Append-only Columnar Scan on store_sales_1_prt_17 store_sales_1_prt_17_1  (cost=0.00..324706.00 rows=7842834 width=55)
                                                                                                                                                                                                                                       ->  Result  (cost=0.00..336587.00 rows=8129867 width=55)
                                                                                                                                                                                                                                             One-Time Filter: PartSelected
                                                                                                                                                                                                                                             ->  Append-only Columnar Scan on store_sales_1_prt_18 store_sales_1_prt_18_1  (cost=0.00..336587.00 rows=8129867 width=55)
                                                                                                                                                                                                                                       ->  Result  (cost=0.00..336153.00 rows=8119367 width=55)
                                                                                                                                                                                                                                             One-Time Filter: PartSelected
                                                                                                                                                                                                                                             ->  Append-only Columnar Scan on store_sales_1_prt_19 store_sales_1_prt_19_1  (cost=0.00..336153.00 rows=8119367 width=55)
                                                                                                                                                                                                                                       ->  Result  (cost=0.00..336736.00 rows=8133367 width=55)
                                                                                                                                                                                                                                             One-Time Filter: PartSelected
                                                                                                                                                                                                                                             ->  Append-only Columnar Scan on store_sales_1_prt_20 store_sales_1_prt_20_1  (cost=0.00..336736.00 rows=8133367 width=55)
                                                                                                                                                                                                                                       ->  Result  (cost=0.00..336190.00 rows=8120200 width=55)
                                                                                                                                                                                                                                             One-Time Filter: PartSelected
                                                                                                                                                                                                                                             ->  Append-only Columnar Scan on store_sales_1_prt_21 store_sales_1_prt_21_1  (cost=0.00..336190.00 rows=8120200 width=55)
                                                                                                                                                                                                                                       ->  Result  (cost=0.00..474334.00 rows=11457100 width=55)
                                                                                                                                                                                                                                             One-Time Filter: PartSelected
                                                                                                                                                                                                                                             ->  Append-only Columnar Scan on store_sales_1_prt_22 store_sales_1_prt_22_1  (cost=0.00..474334.00 rows=11457100 width=55)
                                                                                                                                                                                                                                       ->  Result  (cost=0.00..766084.00 rows=18504234 width=55)
                                                                                                                                                                                                                                             One-Time Filter: PartSelected
                                                                                                                                                                                                                                             ->  Append-only Columnar Scan on store_sales_1_prt_23 store_sales_1_prt_23_1  (cost=0.00..766084.00 rows=18504234 width=55)
                                                                                                                                                                                                                                       ->  Result  (cost=0.00..765781.00 rows=18496900 width=55)
                                                                                                                                                                                                                                             One-Time Filter: PartSelected
                                                                                                                                                                                                                                             ->  Append-only Columnar Scan on store_sales_1_prt_24 store_sales_1_prt_24_1  (cost=0.00..765781.00 rows=18496900 width=55)
                                                                                                                                                                                                                                       ->  Result  (cost=0.00..779443.00 rows=18826834 width=55)
                                                                                                                                                                                                                                             One-Time Filter: PartSelected
                                                                                                                                                                                                                                             ->  Append-only Columnar Scan on store_sales_1_prt_25 store_sales_1_prt_25_1  (cost=0.00..779443.00 rows=18826834 width=55)
                                                                                                                                                                                                                                       ->  Result  (cost=0.00..1160832.00 rows=28039467 width=55)
                                                                                                                                                                                                                                             One-Time Filter: PartSelected
                                                                                                                                                                                                                                             ->  Append-only Columnar Scan on store_sales_1_prt_26 store_sales_1_prt_26_1  (cost=0.00..1160832.00 rows=28039467 width=55)
                                                                                                                                                                                                                                       ->  Result  (cost=0.00..1160090.00 rows=28021400 width=55)
                                                                                                                                                                                                                                             One-Time Filter: PartSelected
                                                                                                                                                                                                                                             ->  Append-only Columnar Scan on store_sales_1_prt_27 store_sales_1_prt_27_1  (cost=0.00..1160090.00 rows=28021400 width=55)
                                                                                                                                                                                                                                       ->  Result  (cost=0.00..465893.00 rows=11253134 width=55)
                                                                                                                                                                                                                                             One-Time Filter: PartSelected
                                                                                                                                                                                                                                             ->  Append-only Columnar Scan on store_sales_1_prt_28 store_sales_1_prt_28_1  (cost=0.00..465893.00 rows=11253134 width=55)
                                                                                                                                                                                                                                       ->  Result  (cost=0.00..335914.00 rows=8113600 width=55)
                                                                                                                                                                                                                                             One-Time Filter: PartSelected
                                                                                                                                                                                                                                             ->  Append-only Columnar Scan on store_sales_1_prt_29 store_sales_1_prt_29_1  (cost=0.00..335914.00 rows=8113600 width=55)
                                                                                                                                                                                                                                       ->  Result  (cost=0.00..336186.00 rows=8120167 width=55)
                                                                                                                                                                                                                                             One-Time Filter: PartSelected
                                                                                                                                                                                                                                             ->  Append-only Columnar Scan on store_sales_1_prt_30 store_sales_1_prt_30_1  (cost=0.00..336186.00 rows=8120167 width=55)
                                                                                                                                                                                                                                       ->  Result  (cost=0.00..336014.00 rows=8115934 width=55)
                                                                                                                                                                                                                                             One-Time Filter: PartSelected
                                                                                                                                                                                                                                             ->  Append-only Columnar Scan on store_sales_1_prt_31 store_sales_1_prt_31_1  (cost=0.00..336014.00 rows=8115934 width=55)
                                                                                                                                                                                                                                       ->  Result  (cost=0.00..335918.00 rows=8113667 width=55)
                                                                                                                                                                                                                                             One-Time Filter: PartSelected
                                                                                                                                                                                                                                             ->  Append-only Columnar Scan on store_sales_1_prt_32 store_sales_1_prt_32_1  (cost=0.00..335918.00 rows=8113667 width=55)
                                                                                                                                                                                                                                       ->  Result  (cost=0.00..336069.00 rows=8117334 width=55)
                                                                                                                                                                                                                                             One-Time Filter: PartSelected
                                                                                                                                                                                                                                             ->  Append-only Columnar Scan on store_sales_1_prt_33 store_sales_1_prt_33_1  (cost=0.00..336069.00 rows=8117334 width=55)
                                                                                                                                                                                                                                       ->  Result  (cost=0.00..335472.00 rows=8102900 width=55)
                                                                                                                                                                                                                                             One-Time Filter: PartSelected
                                                                                                                                                                                                                                             ->  Append-only Columnar Scan on store_sales_1_prt_34 store_sales_1_prt_34_1  (cost=0.00..335472.00 rows=8102900 width=55)
                                                                                                                                                                                                                                       ->  Result  (cost=0.00..457985.00 rows=11062100 width=55)
                                                                                                                                                                                                                                             One-Time Filter: PartSelected
                                                                                                                                                                                                                                             ->  Append-only Columnar Scan on store_sales_1_prt_35 store_sales_1_prt_35_1  (cost=0.00..457985.00 rows=11062100 width=55)
                                                                                                                                                                                                                                       ->  Result  (cost=0.00..764679.00 rows=18470400 width=55)
                                                                                                                                                                                                                                             One-Time Filter: PartSelected
                                                                                                                                                                                                                                             ->  Append-only Columnar Scan on store_sales_1_prt_36 store_sales_1_prt_36_1  (cost=0.00..764679.00 rows=18470400 width=55)
                                                                                                                                                                                                                                       ->  Result  (cost=0.00..764030.00 rows=18454700 width=55)
                                                                                                                                                                                                                                             One-Time Filter: PartSelected
                                                                                                                                                                                                                                             ->  Append-only Columnar Scan on store_sales_1_prt_37 store_sales_1_prt_37_1  (cost=0.00..764030.00 rows=18454700 width=55)
                                                                                                                                                                                                                                       ->  Result  (cost=0.00..764484.00 rows=18465634 width=55)
                                                                                                                                                                                                                                             One-Time Filter: PartSelected
                                                                                                                                                                                                                                             ->  Append-only Columnar Scan on store_sales_1_prt_38 store_sales_1_prt_38_1  (cost=0.00..764484.00 rows=18465634 width=55)
                                                                                                                                                                                                                                       ->  Result  (cost=0.00..1158198.04 rows=27975568 width=55)
                                                                                                                                                                                                                                             One-Time Filter: PartSelected
                                                                                                                                                                                                                                             ->  Append-only Columnar Scan on store_sales_1_prt_39 store_sales_1_prt_39_1  (cost=0.00..1158198.04 rows=27975568 width=55)
                                                                                                                                                                                                                                       ->  Result  (cost=0.00..1158199.04 rows=27975968 width=55)
                                                                                                                                                                                                                                             One-Time Filter: PartSelected
                                                                                                                                                                                                                                             ->  Append-only Columnar Scan on store_sales_1_prt_40 store_sales_1_prt_40_1  (cost=0.00..1158199.04 rows=27975968 width=55)
                                                                                                                                                                                                                                       ->  Result  (cost=0.00..483138.00 rows=11669800 width=55)
                                                                                                                                                                                                                                             One-Time Filter: PartSelected
                                                                                                                                                                                                                                             ->  Append-only Columnar Scan on store_sales_1_prt_41 store_sales_1_prt_41_1  (cost=0.00..483138.00 rows=11669800 width=55)
                                                                                                                                                                                                                                       ->  Result  (cost=0.00..336559.00 rows=8129100 width=55)
                                                                                                                                                                                                                                             One-Time Filter: PartSelected
                                                                                                                                                                                                                                             ->  Append-only Columnar Scan on store_sales_1_prt_42 store_sales_1_prt_42_1  (cost=0.00..336559.00 rows=8129100 width=55)
                                                                                                                                                                                                                                       ->  Result  (cost=0.00..324602.00 rows=7840367 width=55)
                                                                                                                                                                                                                                             One-Time Filter: PartSelected
                                                                                                                                                                                                                                             ->  Append-only Columnar Scan on store_sales_1_prt_43 store_sales_1_prt_43_1  (cost=0.00..324602.00 rows=7840367 width=55)
                                                                                                                                                                                                                                       ->  Result  (cost=0.00..336209.00 rows=8120567 width=55)
                                                                                                                                                                                                                                             One-Time Filter: PartSelected
                                                                                                                                                                                                                                             ->  Append-only Columnar Scan on store_sales_1_prt_44 store_sales_1_prt_44_1  (cost=0.00..336209.00 rows=8120567 width=55)
                                                                                                                                                                                                                                       ->  Result  (cost=0.00..336313.00 rows=8123267 width=55)
                                                                                                                                                                                                                                             One-Time Filter: PartSelected
                                                                                                                                                                                                                                             ->  Append-only Columnar Scan on store_sales_1_prt_45 store_sales_1_prt_45_1  (cost=0.00..336313.00 rows=8123267 width=55)
                                                                                                                                                                                                                                       ->  Result  (cost=0.00..336621.00 rows=8130734 width=55)
                                                                                                                                                                                                                                             One-Time Filter: PartSelected
                                                                                                                                                                                                                                             ->  Append-only Columnar Scan on store_sales_1_prt_46 store_sales_1_prt_46_1  (cost=0.00..336621.00 rows=8130734 width=55)
                                                                                                                                                                                                                                       ->  Result  (cost=0.00..335906.00 rows=8113400 width=55)
                                                                                                                                                                                                                                             One-Time Filter: PartSelected
                                                                                                                                                                                                                                             ->  Append-only Columnar Scan on store_sales_1_prt_47 store_sales_1_prt_47_1  (cost=0.00..335906.00 rows=8113400 width=55)
                                                                                                                                                                                                                                       ->  Result  (cost=0.00..428657.00 rows=10353800 width=55)
                                                                                                                                                                                                                                             One-Time Filter: PartSelected
                                                                                                                                                                                                                                             ->  Append-only Columnar Scan on store_sales_1_prt_48 store_sales_1_prt_48_1  (cost=0.00..428657.00 rows=10353800 width=55)
                                                                                                                                                                                                                                       ->  Result  (cost=0.00..766560.00 rows=18515734 width=55)
                                                                                                                                                                                                                                             One-Time Filter: PartSelected
                                                                                                                                                                                                                                             ->  Append-only Columnar Scan on store_sales_1_prt_49 store_sales_1_prt_49_1  (cost=0.00..766560.00 rows=18515734 width=55)
                                                                                                                                                                                                                                       ->  Result  (cost=0.00..766167.00 rows=18506234 width=55)
                                                                                                                                                                                                                                             One-Time Filter: PartSelected
                                                                                                                                                                                                                                             ->  Append-only Columnar Scan on store_sales_1_prt_50 store_sales_1_prt_50_1  (cost=0.00..766167.00 rows=18506234 width=55)
                                                                                                                                                                                                                                       ->  Result  (cost=0.00..766196.00 rows=18506900 width=55)
                                                                                                                                                                                                                                             One-Time Filter: PartSelected
                                                                                                                                                                                                                                             ->  Append-only Columnar Scan on store_sales_1_prt_51 store_sales_1_prt_51_1  (cost=0.00..766196.00 rows=18506900 width=55)
                                                                                                                                                                                                                                       ->  Result  (cost=0.00..1130938.00 rows=27317200 width=55)
                                                                                                                                                                                                                                             One-Time Filter: PartSelected
                                                                                                                                                                                                                                             ->  Append-only Columnar Scan on store_sales_1_prt_52 store_sales_1_prt_52_1  (cost=0.00..1130938.00 rows=27317200 width=55)
                                                                                                                                                                                                                                       ->  Result  (cost=0.00..1160637.96 rows=28034566 width=55)
                                                                                                                                                                                                                                             One-Time Filter: PartSelected
                                                                                                                                                                                                                                             ->  Append-only Columnar Scan on store_sales_1_prt_53 store_sales_1_prt_53_1  (cost=0.00..1160637.96 rows=28034566 width=55)
                                                                                                                                                                                                                                       ->  Result  (cost=0.00..555225.00 rows=13411000 width=55)
                                                                                                                                                                                                                                             One-Time Filter: PartSelected
                                                                                                                                                                                                                                             ->  Append-only Columnar Scan on store_sales_1_prt_54 store_sales_1_prt_54_1  (cost=0.00..555225.00 rows=13411000 width=55)
                                                                                                                                                                                                                                       ->  Result  (cost=0.00..336782.00 rows=8134567 width=55)
                                                                                                                                                                                                                                             One-Time Filter: PartSelected
                                                                                                                                                                                                                                             ->  Append-only Columnar Scan on store_sales_1_prt_55 store_sales_1_prt_55_1  (cost=0.00..336782.00 rows=8134567 width=55)
                                                                                                                                                                                                                                       ->  Result  (cost=0.00..324454.00 rows=7836734 width=55)
                                                                                                                                                                                                                                             One-Time Filter: PartSelected
                                                                                                                                                                                                                                             ->  Append-only Columnar Scan on store_sales_1_prt_56 store_sales_1_prt_56_1  (cost=0.00..324454.00 rows=7836734 width=55)
                                                                                                                                                                                                                                       ->  Result  (cost=0.00..336546.00 rows=8128867 width=55)
                                                                                                                                                                                                                                             One-Time Filter: PartSelected
                                                                                                                                                                                                                                             ->  Append-only Columnar Scan on store_sales_1_prt_57 store_sales_1_prt_57_1  (cost=0.00..336546.00 rows=8128867 width=55)
                                                                                                                                                                                                                                       ->  Result  (cost=0.00..336207.00 rows=8120667 width=55)
                                                                                                                                                                                                                                             One-Time Filter: PartSelected
                                                                                                                                                                                                                                             ->  Append-only Columnar Scan on store_sales_1_prt_58 store_sales_1_prt_58_1  (cost=0.00..336207.00 rows=8120667 width=55)
                                                                                                                                                                                                                                       ->  Result  (cost=0.00..336578.00 rows=8129534 width=55)
                                                                                                                                                                                                                                             One-Time Filter: PartSelected
                                                                                                                                                                                                                                             ->  Append-only Columnar Scan on store_sales_1_prt_59 store_sales_1_prt_59_1  (cost=0.00..336578.00 rows=8129534 width=55)
                                                                                                                                                                                                                                       ->  Result  (cost=0.00..336468.00 rows=8127067 width=55)
                                                                                                                                                                                                                                             One-Time Filter: PartSelected
                                                                                                                                                                                                                                             ->  Append-only Columnar Scan on store_sales_1_prt_60 store_sales_1_prt_60_1  (cost=0.00..336468.00 rows=8127067 width=55)
                                                                                                                                                                                                                                       ->  Result  (cost=0.00..412992.00 rows=9975467 width=55)
                                                                                                                                                                                                                                             One-Time Filter: PartSelected
                                                                                                                                                                                                                                             ->  Append-only Columnar Scan on store_sales_1_prt_61 store_sales_1_prt_61_1  (cost=0.00..412992.00 rows=9975467 width=55)
                                                                                                                                                                                                                                       ->  Result  (cost=0.00..765709.00 rows=18495234 width=55)
                                                                                                                                                                                                                                             One-Time Filter: PartSelected
                                                                                                                                                                                                                                             ->  Append-only Columnar Scan on store_sales_1_prt_62 store_sales_1_prt_62_1  (cost=0.00..765709.00 rows=18495234 width=55)
                                                                                                                                                                                                                                       ->  Result  (cost=0.00..766176.00 rows=18506500 width=55)
                                                                                                                                                                                                                                             One-Time Filter: PartSelected
                                                                                                                                                                                                                                             ->  Append-only Columnar Scan on store_sales_1_prt_63 store_sales_1_prt_63_1  (cost=0.00..766176.00 rows=18506500 width=55)
                                                                                                                                                                                                                                       ->  Result  (cost=0.00..766142.00 rows=18505834 width=55)
                                                                                                                                                                                                                                             One-Time Filter: PartSelected
                                                                                                                                                                                                                                             ->  Append-only Columnar Scan on store_sales_1_prt_64 store_sales_1_prt_64_1  (cost=0.00..766142.00 rows=18505834 width=55)
                                                                                                                                                                                                                                       ->  Result  (cost=0.00..1117566.96 rows=26994166 width=55)
                                                                                                                                                                                                                                             One-Time Filter: PartSelected
                                                                                                                                                                                                                                             ->  Append-only Columnar Scan on store_sales_1_prt_65 store_sales_1_prt_65_1  (cost=0.00..1117566.96 rows=26994166 width=55)
                                                                                                                                                                                                                                       ->  Result  (cost=0.00..1159645.96 rows=28010566 width=55)
                                                                                                                                                                                                                                             One-Time Filter: PartSelected
                                                                                                                                                                                                                                             ->  Append-only Columnar Scan on store_sales_1_prt_66 store_sales_1_prt_66_1  (cost=0.00..1159645.96 rows=28010566 width=55)
                                                                                                                                                                                                                                       ->  Result  (cost=0.00..331321.00 rows=8002500 width=55)
                                                                                                                                                                                                                                             One-Time Filter: PartSelected
                                                                                                                                                                                                                                             ->  Append-only Columnar Scan on store_sales_1_prt_67 store_sales_1_prt_67_1  (cost=0.00..331321.00 rows=8002500 width=55)
                                                                                                                                                                                                                                       ->  Result  (cost=0.00..1.00 rows=1 width=82)
                                                                                                                                                                                                                                             One-Time Filter: PartSelected
                                                                                                                                                                                                                                             ->  Append-only Columnar Scan on store_sales_1_prt_68 store_sales_1_prt_68_1  (cost=0.00..1.00 rows=1 width=82)
                                                                                                                                                                                                                                       ->  Result  (cost=0.00..1.00 rows=1 width=82)
                                                                                                                                                                                                                                             One-Time Filter: PartSelected
                                                                                                                                                                                                                                             ->  Append-only Columnar Scan on store_sales_1_prt_69 store_sales_1_prt_69_1  (cost=0.00..1.00 rows=1 width=82)
                                                                                                                                                                                                                                       ->  Result  (cost=0.00..1.00 rows=1 width=82)
                                                                                                                                                                                                                                             One-Time Filter: PartSelected
                                                                                                                                                                                                                                             ->  Append-only Columnar Scan on store_sales_1_prt_70 store_sales_1_prt_70_1  (cost=0.00..1.00 rows=1 width=82)
                                                                                                                                                                                                                                       ->  Result  (cost=0.00..1.00 rows=1 width=82)
                                                                                                                                                                                                                                             One-Time Filter: PartSelected
                                                                                                                                                                                                                                             ->  Append-only Columnar Scan on store_sales_1_prt_71 store_sales_1_prt_71_1  (cost=0.00..1.00 rows=1 width=82)
                                                                                                                                                                                                                                       ->  Result  (cost=0.00..1.00 rows=1 width=82)
                                                                                                                                                                                                                                             One-Time Filter: PartSelected
                                                                                                                                                                                                                                             ->  Append-only Columnar Scan on store_sales_1_prt_72 store_sales_1_prt_72_1  (cost=0.00..1.00 rows=1 width=82)
                                                                                                                                                                                                                                       ->  Result  (cost=0.00..1.00 rows=1 width=82)
                                                                                                                                                                                                                                             One-Time Filter: PartSelected
                                                                                                                                                                                                                                             ->  Append-only Columnar Scan on store_sales_1_prt_73 store_sales_1_prt_73_1  (cost=0.00..1.00 rows=1 width=82)
                                                                                                                                                                                                                                       ->  Result  (cost=0.00..1.00 rows=1 width=82)
                                                                                                                                                                                                                                             One-Time Filter: PartSelected
                                                                                                                                                                                                                                             ->  Append-only Columnar Scan on store_sales_1_prt_74 store_sales_1_prt_74_1  (cost=0.00..1.00 rows=1 width=82)
                                                                                                                                                                                                                                       ->  Result  (cost=0.00..1.00 rows=1 width=82)
                                                                                                                                                                                                                                             One-Time Filter: PartSelected
                                                                                                                                                                                                                                             ->  Append-only Columnar Scan on store_sales_1_prt_75 store_sales_1_prt_75_1  (cost=0.00..1.00 rows=1 width=82)
                                                                                                                                                                                                                                       ->  Result  (cost=0.00..1.00 rows=1 width=82)
                                                                                                                                                                                                                                             One-Time Filter: PartSelected
                                                                                                                                                                                                                                             ->  Append-only Columnar Scan on store_sales_1_prt_76 store_sales_1_prt_76_1  (cost=0.00..1.00 rows=1 width=82)
                                                                                                                                                                                                                                       ->  Result  (cost=0.00..1.00 rows=1 width=82)
                                                                                                                                                                                                                                             One-Time Filter: PartSelected
                                                                                                                                                                                                                                             ->  Append-only Columnar Scan on store_sales_1_prt_77 store_sales_1_prt_77_1  (cost=0.00..1.00 rows=1 width=82)
                                                                                                                                                                                                                                       ->  Result  (cost=0.00..1.00 rows=1 width=82)
                                                                                                                                                                                                                                             One-Time Filter: PartSelected
                                                                                                                                                                                                                                             ->  Append-only Columnar Scan on store_sales_1_prt_78 store_sales_1_prt_78_1  (cost=0.00..1.00 rows=1 width=82)
                                                                                                                                                                                                                                       ->  Result  (cost=0.00..1.00 rows=1 width=82)
                                                                                                                                                                                                                                             One-Time Filter: PartSelected
                                                                                                                                                                                                                                             ->  Append-only Columnar Scan on store_sales_1_prt_79 store_sales_1_prt_79_1  (cost=0.00..1.00 rows=1 width=82)
                                                                                                                                                                                                                                       ->  Result  (cost=0.00..1.00 rows=1 width=82)
                                                                                                                                                                                                                                             One-Time Filter: PartSelected
                                                                                                                                                                                                                                             ->  Append-only Columnar Scan on store_sales_1_prt_80 store_sales_1_prt_80_1  (cost=0.00..1.00 rows=1 width=82)
                                                                                                                                                                                                                                 ->  Hash  (cost=14756.99..14756.99 rows=296 width=31)
                                                                                                                                                                                                                                       ->  Broadcast Motion 3:3  (slice20; segments: 3)  (cost=11225.76..14756.99 rows=296 width=31)
                                                                                                                                                                                                                                             ->  Hash Join  (cost=11225.76..14745.17 rows=99 width=31)
                                                                                                                                                                                                                                                   Hash Cond: (cs_ui_1.cs_item_sk = item_1.i_item_sk)
                                                                                                                                                                                                                                                   ->  Subquery Scan on cs_ui_1  (cost=0.00..2961.22 rows=49354 width=4)
                                                                                                                                                                                                                                                         ->  GroupAggregate  (cost=10505295008.77..10505303892.43 rows=49354 width=68)
                                                                                                                                                                                                                                                               Group Key: catalog_sales_1_prt_outliers_1.cs_item_sk
                                                                                                                                                                                                                                                               Filter: (pg_catalog.sum((sum(catalog_sales_1_prt_outliers_1.cs_ext_list_price))) > (2::numeric * pg_catalog.sum((sum(((catalog_returns_1_prt_outliers_1.cr_refunded_cash + catalog_returns_1_prt_outliers_1.cr_reversed_charge) + catalog_returns_1_prt_outliers_1.cr_store_credit))))))
                                                                                                                                                                                                                                                               ->  Sort  (cost=10505295008.77..10505295378.92 rows=49354 width=68)
                                                                                                                                                                                                                                                                     Sort Key: catalog_sales_1_prt_outliers_1.cs_item_sk
                                                                                                                                                                                                                                                                     ->  Redistribute Motion 3:3  (slice19; segments: 3)  (cost=10493029641.48..10505282293.41 rows=49354 width=68)
                                                                                                                                                                                                                                                                           Hash Key: catalog_sales_1_prt_outliers_1.cs_item_sk
                                                                                                                                                                                                                                                                           ->  GroupAggregate  (cost=10493029641.48..10505279332.19 rows=49354 width=68)
                                                                                                                                                                                                                                                                                 Group Key: catalog_sales_1_prt_outliers_1.cs_item_sk
                                                                                                                                                                                                                                                                                 ->  Merge Join  (cost=10493029641.48..10505270107.84 rows=92788 width=29)
                                                                                                                                                                                                                                                                                       Merge Cond: ((catalog_sales_1_prt_outliers_1.cs_item_sk = catalog_returns_1_prt_outliers_1.cr_item_sk) AND (catalog_sales_1_prt_outliers_1.cs_order_number = catalog_returns_1_prt_outliers_1.cr_order_number))
                                                                                                                                                                                                                                                                                       ->  Sort  (cost=458793673.27..462393624.37 rows=479993481 width=19)
                                                                                                                                                                                                                                                                                             Sort Key: catalog_sales_1_prt_outliers_1.cs_item_sk, catalog_sales_1_prt_outliers_1.cs_order_number
                                                                                                                                                                                                                                                                                             ->  Append  (cost=0.00..22485412.30 rows=479993481 width=19)
                                                                                                                                                                                                                                                                                                   ->  Append-only Columnar Scan on catalog_sales_1_prt_outliers catalog_sales_1_prt_outliers_1  (cost=0.00..95971.30 rows=2401110 width=19)
                                                                                                                                                                                                                                                                                                   ->  Append-only Columnar Scan on catalog_sales_1_prt_2 catalog_sales_1_prt_2_1  (cost=0.00..198531.00 rows=4234734 width=19)
                                                                                                                                                                                                                                                                                                   ->  Append-only Columnar Scan on catalog_sales_1_prt_3 catalog_sales_1_prt_3_1  (cost=0.00..198470.00 rows=4233434 width=19)
                                                                                                                                                                                                                                                                                                   ->  Append-only Columnar Scan on catalog_sales_1_prt_4 catalog_sales_1_prt_4_1  (cost=0.00..191463.00 rows=4083934 width=19)
                                                                                                                                                                                                                                                                                                   ->  Append-only Columnar Scan on catalog_sales_1_prt_5 catalog_sales_1_prt_5_1  (cost=0.00..198330.00 rows=4230434 width=19)
                                                                                                                                                                                                                                                                                                   ->  Append-only Columnar Scan on catalog_sales_1_prt_6 catalog_sales_1_prt_6_1  (cost=0.00..198496.00 rows=4233967 width=19)
                                                                                                                                                                                                                                                                                                   ->  Append-only Columnar Scan on catalog_sales_1_prt_7 catalog_sales_1_prt_7_1  (cost=0.00..198494.00 rows=4233967 width=19)
                                                                                                                                                                                                                                                                                                   ->  Append-only Columnar Scan on catalog_sales_1_prt_8 catalog_sales_1_prt_8_1  (cost=0.00..198576.00 rows=4235667 width=19)
                                                                                                                                                                                                                                                                                                   ->  Append-only Columnar Scan on catalog_sales_1_prt_9 catalog_sales_1_prt_9_1  (cost=0.00..297942.00 rows=6355400 width=19)
                                                                                                                                                                                                                                                                                                   ->  Append-only Columnar Scan on catalog_sales_1_prt_10 catalog_sales_1_prt_10_1  (cost=0.00..451674.00 rows=9634834 width=19)
                                                                                                                                                                                                                                                                                                   ->  Append-only Columnar Scan on catalog_sales_1_prt_11 catalog_sales_1_prt_11_1  (cost=0.00..451572.00 rows=9632700 width=19)
                                                                                                                                                                                                                                                                                                   ->  Append-only Columnar Scan on catalog_sales_1_prt_12 catalog_sales_1_prt_12_1  (cost=0.00..476631.00 rows=10167234 width=19)
                                                                                                                                                                                                                                                                                                   ->  Append-only Columnar Scan on catalog_sales_1_prt_13 catalog_sales_1_prt_13_1  (cost=0.00..684375.00 rows=14598867 width=19)
                                                                                                                                                                                                                                                                                                   ->  Append-only Columnar Scan on catalog_sales_1_prt_14 catalog_sales_1_prt_14_1  (cost=0.00..684389.00 rows=14599200 width=19)
                                                                                                                                                                                                                                                                                                   ->  Append-only Columnar Scan on catalog_sales_1_prt_15 catalog_sales_1_prt_15_1  (cost=0.00..215804.00 rows=4603234 width=19)
                                                                                                                                                                                                                                                                                                   ->  Append-only Columnar Scan on catalog_sales_1_prt_16 catalog_sales_1_prt_16_1  (cost=0.00..198278.00 rows=4229400 width=19)
                                                                                                                                                                                                                                                                                                   ->  Append-only Columnar Scan on catalog_sales_1_prt_17 catalog_sales_1_prt_17_1  (cost=0.00..191360.00 rows=4081734 width=19)
                                                                                                                                                                                                                                                                                                   ->  Append-only Columnar Scan on catalog_sales_1_prt_18 catalog_sales_1_prt_18_1  (cost=0.00..198408.00 rows=4232134 width=19)
                                                                                                                                                                                                                                                                                                   ->  Append-only Columnar Scan on catalog_sales_1_prt_19 catalog_sales_1_prt_19_1  (cost=0.00..198462.00 rows=4233300 width=19)
                                                                                                                                                                                                                                                                                                   ->  Append-only Columnar Scan on catalog_sales_1_prt_20 catalog_sales_1_prt_20_1  (cost=0.00..198463.00 rows=4233267 width=19)
                                                                                                                                                                                                                                                                                                   ->  Append-only Columnar Scan on catalog_sales_1_prt_21 catalog_sales_1_prt_21_1  (cost=0.00..198544.00 rows=4235034 width=19)
                                                                                                                                                                                                                                                                                                   ->  Append-only Columnar Scan on catalog_sales_1_prt_22 catalog_sales_1_prt_22_1  (cost=0.00..288857.00 rows=6161600 width=19)
                                                                                                                                                                                                                                                                                                   ->  Append-only Columnar Scan on catalog_sales_1_prt_23 catalog_sales_1_prt_23_1  (cost=0.00..451775.00 rows=9637067 width=19)
                                                                                                                                                                                                                                                                                                   ->  Append-only Columnar Scan on catalog_sales_1_prt_24 catalog_sales_1_prt_24_1  (cost=0.00..451807.00 rows=9637734 width=19)
                                                                                                                                                                                                                                                                                                   ->  Append-only Columnar Scan on catalog_sales_1_prt_25 catalog_sales_1_prt_25_1  (cost=0.00..468431.00 rows=9992300 width=19)
                                                                                                                                                                                                                                                                                                   ->  Append-only Columnar Scan on catalog_sales_1_prt_26 catalog_sales_1_prt_26_1  (cost=0.00..684511.00 rows=14601800 width=19)
                                                                                                                                                                                                                                                                                                   ->  Append-only Columnar Scan on catalog_sales_1_prt_27 catalog_sales_1_prt_27_1  (cost=0.00..684485.00 rows=14601267 width=19)
                                                                                                                                                                                                                                                                                                   ->  Append-only Columnar Scan on catalog_sales_1_prt_28 catalog_sales_1_prt_28_1  (cost=0.00..232955.00 rows=4969100 width=19)
                                                                                                                                                                                                                                                                                                   ->  Append-only Columnar Scan on catalog_sales_1_prt_29 catalog_sales_1_prt_29_1  (cost=0.00..198182.00 rows=4227400 width=19)
                                                                                                                                                                                                                                                                                                   ->  Append-only Columnar Scan on catalog_sales_1_prt_30 catalog_sales_1_prt_30_1  (cost=0.00..198180.00 rows=4227300 width=19)
                                                                                                                                                                                                                                                                                                   ->  Append-only Columnar Scan on catalog_sales_1_prt_31 catalog_sales_1_prt_31_1  (cost=0.00..198236.00 rows=4228467 width=19)
                                                                                                                                                                                                                                                                                                   ->  Append-only Columnar Scan on catalog_sales_1_prt_32 catalog_sales_1_prt_32_1  (cost=0.00..198161.00 rows=4226867 width=19)
                                                                                                                                                                                                                                                                                                   ->  Append-only Columnar Scan on catalog_sales_1_prt_33 catalog_sales_1_prt_33_1  (cost=0.00..198143.00 rows=4226467 width=19)
                                                                                                                                                                                                                                                                                                   ->  Append-only Columnar Scan on catalog_sales_1_prt_34 catalog_sales_1_prt_34_1  (cost=0.00..198217.00 rows=4228000 width=19)
                                                                                                                                                                                                                                                                                                   ->  Append-only Columnar Scan on catalog_sales_1_prt_35 catalog_sales_1_prt_35_1  (cost=0.00..279401.00 rows=5959900 width=19)
                                                                                                                                                                                                                                                                                                   ->  Append-only Columnar Scan on catalog_sales_1_prt_36 catalog_sales_1_prt_36_1  (cost=0.00..451102.00 rows=9622600 width=19)
                                                                                                                                                                                                                                                                                                   ->  Append-only Columnar Scan on catalog_sales_1_prt_37 catalog_sales_1_prt_37_1  (cost=0.00..451004.00 rows=9620567 width=19)
                                                                                                                                                                                                                                                                                                   ->  Append-only Columnar Scan on catalog_sales_1_prt_38 catalog_sales_1_prt_38_1  (cost=0.00..459207.00 rows=9795567 width=19)
                                                                                                                                                                                                                                                                                                   ->  Append-only Columnar Scan on catalog_sales_1_prt_39 catalog_sales_1_prt_39_1  (cost=0.00..683201.00 rows=14573867 width=19)
                                                                                                                                                                                                                                                                                                   ->  Append-only Columnar Scan on catalog_sales_1_prt_40 catalog_sales_1_prt_40_1  (cost=0.00..683288.00 rows=14575634 width=19)
                                                                                                                                                                                                                                                                                                   ->  Append-only Columnar Scan on catalog_sales_1_prt_41 catalog_sales_1_prt_41_1  (cost=0.00..267716.00 rows=5710600 width=19)
                                                                                                                                                                                                                                                                                                   ->  Append-only Columnar Scan on catalog_sales_1_prt_42 catalog_sales_1_prt_42_1  (cost=0.00..198348.00 rows=4230867 width=19)
                                                                                                                                                                                                                                                                                                   ->  Append-only Columnar Scan on catalog_sales_1_prt_43 catalog_sales_1_prt_43_1  (cost=0.00..191374.00 rows=4082034 width=19)
                                                                                                                                                                                                                                                                                                   ->  Append-only Columnar Scan on catalog_sales_1_prt_44 catalog_sales_1_prt_44_1  (cost=0.00..198449.00 rows=4233067 width=19)
                                                                                                                                                                                                                                                                                                   ->  Append-only Columnar Scan on catalog_sales_1_prt_45 catalog_sales_1_prt_45_1  (cost=0.00..198436.00 rows=4232667 width=19)
                                                                                                                                                                                                                                                                                                   ->  Append-only Columnar Scan on catalog_sales_1_prt_46 catalog_sales_1_prt_46_1  (cost=0.00..198484.00 rows=4233767 width=19)
                                                                                                                                                                                                                                                                                                   ->  Append-only Columnar Scan on catalog_sales_1_prt_47 catalog_sales_1_prt_47_1  (cost=0.00..198486.00 rows=4233767 width=19)
                                                                                                                                                                                                                                                                                                   ->  Append-only Columnar Scan on catalog_sales_1_prt_48 catalog_sales_1_prt_48_1  (cost=0.00..261759.00 rows=5583500 width=19)
                                                                                                                                                                                                                                                                                                   ->  Append-only Columnar Scan on catalog_sales_1_prt_49 catalog_sales_1_prt_49_1  (cost=0.00..451867.00 rows=9638934 width=19)
                                                                                                                                                                                                                                                                                                   ->  Append-only Columnar Scan on catalog_sales_1_prt_50 catalog_sales_1_prt_50_1  (cost=0.00..451711.00 rows=9635634 width=19)
                                                                                                                                                                                                                                                                                                   ->  Append-only Columnar Scan on catalog_sales_1_prt_51 catalog_sales_1_prt_51_1  (cost=0.00..451715.00 rows=9635700 width=19)
                                                                                                                                                                                                                                                                                                   ->  Append-only Columnar Scan on catalog_sales_1_prt_52 catalog_sales_1_prt_52_1  (cost=0.00..676048.00 rows=14421300 width=19)
                                                                                                                                                                                                                                                                                                   ->  Append-only Columnar Scan on catalog_sales_1_prt_53 catalog_sales_1_prt_53_1  (cost=0.00..684330.00 rows=14597934 width=19)
                                                                                                                                                                                                                                                                                                   ->  Append-only Columnar Scan on catalog_sales_1_prt_54 catalog_sales_1_prt_54_1  (cost=0.00..285353.00 rows=6086800 width=19)
                                                                                                                                                                                                                                                                                                   ->  Append-only Columnar Scan on catalog_sales_1_prt_55 catalog_sales_1_prt_55_1  (cost=0.00..198500.00 rows=4234067 width=19)
                                                                                                                                                                                                                                                                                                   ->  Append-only Columnar Scan on catalog_sales_1_prt_56 catalog_sales_1_prt_56_1  (cost=0.00..191327.00 rows=4081100 width=19)
                                                                                                                                                                                                                                                                                                   ->  Append-only Columnar Scan on catalog_sales_1_prt_57 catalog_sales_1_prt_57_1  (cost=0.00..198470.00 rows=4233434 width=19)
                                                                                                                                                                                                                                                                                                   ->  Append-only Columnar Scan on catalog_sales_1_prt_58 catalog_sales_1_prt_58_1  (cost=0.00..198434.00 rows=4232667 width=19)
                                                                                                                                                                                                                                                                                                   ->  Append-only Columnar Scan on catalog_sales_1_prt_59 catalog_sales_1_prt_59_1  (cost=0.00..198457.00 rows=4233100 width=19)
                                                                                                                                                                                                                                                                                                   ->  Append-only Columnar Scan on catalog_sales_1_prt_60 catalog_sales_1_prt_60_1  (cost=0.00..198420.00 rows=4232400 width=19)
                                                                                                                                                                                                                                                                                                   ->  Append-only Columnar Scan on catalog_sales_1_prt_61 catalog_sales_1_prt_61_1  (cost=0.00..252732.00 rows=5390967 width=19)
                                                                                                                                                                                                                                                                                                   ->  Append-only Columnar Scan on catalog_sales_1_prt_62 catalog_sales_1_prt_62_1  (cost=0.00..451735.00 rows=9636134 width=19)
                                                                                                                                                                                                                                                                                                   ->  Append-only Columnar Scan on catalog_sales_1_prt_63 catalog_sales_1_prt_63_1  (cost=0.00..451761.00 rows=9636700 width=19)
                                                                                                                                                                                                                                                                                                   ->  Append-only Columnar Scan on catalog_sales_1_prt_64 catalog_sales_1_prt_64_1  (cost=0.00..451680.00 rows=9634900 width=19)
                                                                                                                                                                                                                                                                                                   ->  Append-only Columnar Scan on catalog_sales_1_prt_65 catalog_sales_1_prt_65_1  (cost=0.00..667727.00 rows=14243734 width=19)
                                                                                                                                                                                                                                                                                                   ->  Append-only Columnar Scan on catalog_sales_1_prt_66 catalog_sales_1_prt_66_1  (cost=0.00..684173.00 rows=14594534 width=19)
                                                                                                                                                                                                                                                                                                   ->  Append-only Columnar Scan on catalog_sales_1_prt_67 catalog_sales_1_prt_67_1  (cost=0.00..244531.00 rows=5216100 width=19)
                                                                                                                                                                                                                                                                                                   ->  Append-only Columnar Scan on catalog_sales_1_prt_68 catalog_sales_1_prt_68_1  (cost=0.00..1.00 rows=1 width=26)
                                                                                                                                                                                                                                                                                                   ->  Append-only Columnar Scan on catalog_sales_1_prt_69 catalog_sales_1_prt_69_1  (cost=0.00..1.00 rows=1 width=26)
                                                                                                                                                                                                                                                                                                   ->  Append-only Columnar Scan on catalog_sales_1_prt_70 catalog_sales_1_prt_70_1  (cost=0.00..1.00 rows=1 width=26)
                                                                                                                                                                                                                                                                                                   ->  Append-only Columnar Scan on catalog_sales_1_prt_71 catalog_sales_1_prt_71_1  (cost=0.00..1.00 rows=1 width=26)
                                                                                                                                                                                                                                                                                                   ->  Append-only Columnar Scan on catalog_sales_1_prt_72 catalog_sales_1_prt_72_1  (cost=0.00..1.00 rows=1 width=26)
                                                                                                                                                                                                                                                                                                   ->  Append-only Columnar Scan on catalog_sales_1_prt_73 catalog_sales_1_prt_73_1  (cost=0.00..1.00 rows=1 width=26)
                                                                                                                                                                                                                                                                                                   ->  Append-only Columnar Scan on catalog_sales_1_prt_74 catalog_sales_1_prt_74_1  (cost=0.00..1.00 rows=1 width=26)
                                                                                                                                                                                                                                                                                                   ->  Append-only Columnar Scan on catalog_sales_1_prt_75 catalog_sales_1_prt_75_1  (cost=0.00..1.00 rows=1 width=26)
                                                                                                                                                                                                                                                                                                   ->  Append-only Columnar Scan on catalog_sales_1_prt_76 catalog_sales_1_prt_76_1  (cost=0.00..1.00 rows=1 width=26)
                                                                                                                                                                                                                                                                                                   ->  Append-only Columnar Scan on catalog_sales_1_prt_77 catalog_sales_1_prt_77_1  (cost=0.00..1.00 rows=1 width=26)
                                                                                                                                                                                                                                                                                                   ->  Append-only Columnar Scan on catalog_sales_1_prt_78 catalog_sales_1_prt_78_1  (cost=0.00..1.00 rows=1 width=26)
                                                                                                                                                                                                                                                                                                   ->  Append-only Columnar Scan on catalog_sales_1_prt_79 catalog_sales_1_prt_79_1  (cost=0.00..1.00 rows=1 width=26)
                                                                                                                                                                                                                                                                                                   ->  Append-only Columnar Scan on catalog_sales_1_prt_80 catalog_sales_1_prt_80_1  (cost=0.00..1.00 rows=1 width=26)
                                                                                                                                                                                                                                                                                       ->  Materialize  (cost=34234899.28..34954882.93 rows=47998910 width=30)
                                                                                                                                                                                                                                                                                             ->  Sort  (cost=34234899.28..34594891.10 rows=47998910 width=30)
                                                                                                                                                                                                                                                                                                   Sort Key: catalog_returns_1_prt_outliers_1.cr_item_sk, catalog_returns_1_prt_outliers_1.cr_order_number
                                                                                                                                                                                                                                                                                                   ->  Append  (cost=0.00..2048707.25 rows=47998910 width=30)
                                                                                                                                                                                                                                                                                                         ->  Append-only Columnar Scan on catalog_returns_1_prt_outliers catalog_returns_1_prt_outliers_1  (cost=0.00..1.00 rows=1 width=54)
                                                                                                                                                                                                                                                                                                         ->  Append-only Columnar Scan on catalog_returns_1_prt_2 catalog_returns_1_prt_2_1  (cost=0.00..89.94 rows=1932 width=30)
                                                                                                                                                                                                                                                                                                         ->  Append-only Columnar Scan on catalog_returns_1_prt_3 catalog_returns_1_prt_3_1  (cost=0.00..839.14 rows=19405 width=30)
                                                                                                                                                                                                                                                                                                         ->  Append-only Columnar Scan on catalog_returns_1_prt_4 catalog_returns_1_prt_4_1  (cost=0.00..2485.51 rows=57851 width=30)
                                                                                                                                                                                                                                                                                                         ->  Append-only Columnar Scan on catalog_returns_1_prt_5 catalog_returns_1_prt_5_1  (cost=0.00..4960.98 rows=115933 width=30)
                                                                                                                                                                                                                                                                                                         ->  Append-only Columnar Scan on catalog_returns_1_prt_6 catalog_returns_1_prt_6_1  (cost=0.00..7782.08 rows=182003 width=30)
                                                                                                                                                                                                                                                                                                         ->  Append-only Columnar Scan on catalog_returns_1_prt_7 catalog_returns_1_prt_7_1  (cost=0.00..10621.88 rows=248696 width=30)
                                                                                                                                                                                                                                                                                                         ->  Append-only Columnar Scan on catalog_returns_1_prt_8 catalog_returns_1_prt_8_1  (cost=0.00..13478.93 rows=315565 width=30)
                                                                                                                                                                                                                                                                                                         ->  Append-only Columnar Scan on catalog_returns_1_prt_9 catalog_returns_1_prt_9_1  (cost=0.00..15896.40 rows=372214 width=30)
                                                                                                                                                                                                                                                                                                         ->  Append-only Columnar Scan on catalog_returns_1_prt_10 catalog_returns_1_prt_10_1  (cost=0.00..17750.30 rows=415710 width=30)
                                                                                                                                                                                                                                                                                                         ->  Append-only Columnar Scan on catalog_returns_1_prt_11 catalog_returns_1_prt_11_1  (cost=0.00..19794.70 rows=463690 width=30)
                                                                                                                                                                                                                                                                                                         ->  Append-only Columnar Scan on catalog_returns_1_prt_12 catalog_returns_1_prt_12_1  (cost=0.00..22437.10 rows=525604 width=30)
                                                                                                                                                                                                                                                                                                         ->  Append-only Columnar Scan on catalog_returns_1_prt_13 catalog_returns_1_prt_13_1  (cost=0.00..26080.50 rows=611050 width=30)
                                                                                                                                                                                                                                                                                                         ->  Append-only Columnar Scan on catalog_returns_1_prt_14 catalog_returns_1_prt_14_1  (cost=0.00..30734.10 rows=720170 width=30)
                                                                                                                                                                                                                                                                                                         ->  Append-only Columnar Scan on catalog_returns_1_prt_15 catalog_returns_1_prt_15_1  (cost=0.00..36307.80 rows=850860 width=30)
                                                                                                                                                                                                                                                                                                         ->  Append-only Columnar Scan on catalog_returns_1_prt_16 catalog_returns_1_prt_16_1  (cost=0.00..41041.30 rows=961744 width=30)
                                                                                                                                                                                                                                                                                                         ->  Append-only Columnar Scan on catalog_returns_1_prt_17 catalog_returns_1_prt_17_1  (cost=0.00..43099.50 rows=1009950 width=30)
                                                                                                                                                                                                                                                                                                         ->  Append-only Columnar Scan on catalog_returns_1_prt_18 catalog_returns_1_prt_18_1  (cost=0.00..41879.10 rows=981337 width=30)
                                                                                                                                                                                                                                                                                                         ->  Append-only Columnar Scan on catalog_returns_1_prt_19 catalog_returns_1_prt_19_1  (cost=0.00..38497.60 rows=902120 width=30)
                                                                                                                                                                                                                                                                                                         ->  Append-only Columnar Scan on catalog_returns_1_prt_20 catalog_returns_1_prt_20_1  (cost=0.00..34174.60 rows=800720 width=30)
                                                                                                                                                                                                                                                                                                         ->  Append-only Columnar Scan on catalog_returns_1_prt_21 catalog_returns_1_prt_21_1  (cost=0.00..28866.00 rows=676300 width=30)
                                                                                                                                                                                                                                                                                                         ->  Append-only Columnar Scan on catalog_returns_1_prt_22 catalog_returns_1_prt_22_1  (cost=0.00..23528.20 rows=551174 width=30)
                                                                                                                                                                                                                                                                                                         ->  Append-only Columnar Scan on catalog_returns_1_prt_23 catalog_returns_1_prt_23_1  (cost=0.00..20118.40 rows=471247 width=30)
                                                                                                                                                                                                                                                                                                         ->  Append-only Columnar Scan on catalog_returns_1_prt_24 catalog_returns_1_prt_24_1  (cost=0.00..19874.50 rows=465584 width=30)
                                                                                                                                                                                                                                                                                                         ->  Append-only Columnar Scan on catalog_returns_1_prt_25 catalog_returns_1_prt_25_1  (cost=0.00..22296.70 rows=522290 width=30)
                                                                                                                                                                                                                                                                                                         ->  Append-only Columnar Scan on catalog_returns_1_prt_26 catalog_returns_1_prt_26_1  (cost=0.00..25917.20 rows=607140 width=30)
                                                                                                                                                                                                                                                                                                         ->  Append-only Columnar Scan on catalog_returns_1_prt_27 catalog_returns_1_prt_27_1  (cost=0.00..30522.50 rows=715184 width=30)
                                                                                                                                                                                                                                                                                                         ->  Append-only Columnar Scan on catalog_returns_1_prt_28 catalog_returns_1_prt_28_1  (cost=0.00..36052.80 rows=844894 width=30)
                                                                                                                                                                                                                                                                                                         ->  Append-only Columnar Scan on catalog_returns_1_prt_29 catalog_returns_1_prt_29_1  (cost=0.00..40956.30 rows=959777 width=30)
                                                                                                                                                                                                                                                                                                         ->  Append-only Columnar Scan on catalog_returns_1_prt_30 catalog_returns_1_prt_30_1  (cost=0.00..43148.40 rows=1011214 width=30)
                                                                                                                                                                                                                                                                                                         ->  Append-only Columnar Scan on catalog_returns_1_prt_31 catalog_returns_1_prt_31_1  (cost=0.00..42010.00 rows=984434 width=30)
                                                                                                                                                                                                                                                                                                         ->  Append-only Columnar Scan on catalog_returns_1_prt_32 catalog_returns_1_prt_32_1  (cost=0.00..38722.30 rows=907377 width=30)
                                                                                                                                                                                                                                                                                                         ->  Append-only Columnar Scan on catalog_returns_1_prt_33 catalog_returns_1_prt_33_1  (cost=0.00..34426.40 rows=806647 width=30)
                                                                                                                                                                                                                                                                                                         ->  Append-only Columnar Scan on catalog_returns_1_prt_34 catalog_returns_1_prt_34_1  (cost=0.00..29177.30 rows=683644 width=30)
                                                                                                                                                                                                                                                                                                         ->  Append-only Columnar Scan on catalog_returns_1_prt_35 catalog_returns_1_prt_35_1  (cost=0.00..23787.80 rows=557327 width=30)
                                                                                                                                                                                                                                                                                                         ->  Append-only Columnar Scan on catalog_returns_1_prt_36 catalog_returns_1_prt_36_1  (cost=0.00..20236.00 rows=474067 width=30)
                                                                                                                                                                                                                                                                                                         ->  Append-only Columnar Scan on catalog_returns_1_prt_37 catalog_returns_1_prt_37_1  (cost=0.00..19907.20 rows=466240 width=30)
                                                                                                                                                                                                                                                                                                         ->  Append-only Columnar Scan on catalog_returns_1_prt_38 catalog_returns_1_prt_38_1  (cost=0.00..22185.10 rows=519704 width=30)
                                                                                                                                                                                                                                                                                                         ->  Append-only Columnar Scan on catalog_returns_1_prt_39 catalog_returns_1_prt_39_1  (cost=0.00..25740.00 rows=603100 width=30)
                                                                                                                                                                                                                                                                                                         ->  Append-only Columnar Scan on catalog_returns_1_prt_40 catalog_returns_1_prt_40_1  (cost=0.00..30341.40 rows=710914 width=30)
                                                                                                                                                                                                                                                                                                         ->  Append-only Columnar Scan on catalog_returns_1_prt_41 catalog_returns_1_prt_41_1  (cost=0.00..35869.30 rows=840477 width=30)
                                                                                                                                                                                                                                                                                                         ->  Append-only Columnar Scan on catalog_returns_1_prt_42 catalog_returns_1_prt_42_1  (cost=0.00..40858.00 rows=957467 width=30)
                                                                                                                                                                                                                                                                                                         ->  Append-only Columnar Scan on catalog_returns_1_prt_43 catalog_returns_1_prt_43_1  (cost=0.00..43189.40 rows=1012114 width=30)
                                                                                                                                                                                                                                                                                                         ->  Append-only Columnar Scan on catalog_returns_1_prt_44 catalog_returns_1_prt_44_1  (cost=0.00..42208.80 rows=989160 width=30)
                                                                                                                                                                                                                                                                                                         ->  Append-only Columnar Scan on catalog_returns_1_prt_45 catalog_returns_1_prt_45_1  (cost=0.00..39037.10 rows=914804 width=30)
                                                                                                                                                                                                                                                                                                         ->  Append-only Columnar Scan on catalog_returns_1_prt_46 catalog_returns_1_prt_46_1  (cost=0.00..34783.00 rows=815100 width=30)
                                                                                                                                                                                                                                                                                                         ->  Append-only Columnar Scan on catalog_returns_1_prt_47 catalog_returns_1_prt_47_1  (cost=0.00..29479.40 rows=690714 width=30)
                                                                                                                                                                                                                                                                                                         ->  Append-only Columnar Scan on catalog_returns_1_prt_48 catalog_returns_1_prt_48_1  (cost=0.00..24074.70 rows=564057 width=30)
                                                                                                                                                                                                                                                                                                         ->  Append-only Columnar Scan on catalog_returns_1_prt_49 catalog_returns_1_prt_49_1  (cost=0.00..20308.20 rows=475707 width=30)
                                                                                                                                                                                                                                                                                                         ->  Append-only Columnar Scan on catalog_returns_1_prt_50 catalog_returns_1_prt_50_1  (cost=0.00..19762.20 rows=462907 width=30)
                                                                                                                                                                                                                                                                                                         ->  Append-only Columnar Scan on catalog_returns_1_prt_51 catalog_returns_1_prt_51_1  (cost=0.00..21941.80 rows=513960 width=30)
                                                                                                                                                                                                                                                                                                         ->  Append-only Columnar Scan on catalog_returns_1_prt_52 catalog_returns_1_prt_52_1  (cost=0.00..25524.00 rows=598034 width=30)
                                                                                                                                                                                                                                                                                                         ->  Append-only Columnar Scan on catalog_returns_1_prt_53 catalog_returns_1_prt_53_1  (cost=0.00..29988.40 rows=702614 width=30)
                                                                                                                                                                                                                                                                                                         ->  Append-only Columnar Scan on catalog_returns_1_prt_54 catalog_returns_1_prt_54_1  (cost=0.00..35472.20 rows=831174 width=30)
                                                                                                                                                                                                                                                                                                         ->  Append-only Columnar Scan on catalog_returns_1_prt_55 catalog_returns_1_prt_55_1  (cost=0.00..40521.40 rows=949514 width=30)
                                                                                                                                                                                                                                                                                                         ->  Append-only Columnar Scan on catalog_returns_1_prt_56 catalog_returns_1_prt_56_1  (cost=0.00..43037.90 rows=1008564 width=30)
                                                                                                                                                                                                                                                                                                         ->  Append-only Columnar Scan on catalog_returns_1_prt_57 catalog_returns_1_prt_57_1  (cost=0.00..42199.20 rows=988874 width=30)
                                                                                                                                                                                                                                                                                                         ->  Append-only Columnar Scan on catalog_returns_1_prt_58 catalog_returns_1_prt_58_1  (cost=0.00..39131.90 rows=916964 width=30)
                                                                                                                                                                                                                                                                                                         ->  Append-only Columnar Scan on catalog_returns_1_prt_59 catalog_returns_1_prt_59_1  (cost=0.00..34896.90 rows=817730 width=30)
                                                                                                                                                                                                                                                                                                         ->  Append-only Columnar Scan on catalog_returns_1_prt_60 catalog_returns_1_prt_60_1  (cost=0.00..29665.40 rows=695080 width=30)
                                                                                                                                                                                                                                                                                                         ->  Append-only Columnar Scan on catalog_returns_1_prt_61 catalog_returns_1_prt_61_1  (cost=0.00..24208.60 rows=567154 width=30)
                                                                                                                                                                                                                                                                                                         ->  Append-only Columnar Scan on catalog_returns_1_prt_62 catalog_returns_1_prt_62_1  (cost=0.00..20387.30 rows=477644 width=30)
                                                                                                                                                                                                                                                                                                         ->  Append-only Columnar Scan on catalog_returns_1_prt_63 catalog_returns_1_prt_63_1  (cost=0.00..19741.20 rows=462340 width=30)
                                                                                                                                                                                                                                                                                                         ->  Append-only Columnar Scan on catalog_returns_1_prt_64 catalog_returns_1_prt_64_1  (cost=0.00..21867.20 rows=512274 width=30)
                                                                                                                                                                                                                                                                                                         ->  Append-only Columnar Scan on catalog_returns_1_prt_65 catalog_returns_1_prt_65_1  (cost=0.00..25350.50 rows=593884 width=30)
                                                                                                                                                                                                                                                                                                         ->  Append-only Columnar Scan on catalog_returns_1_prt_66 catalog_returns_1_prt_66_1  (cost=0.00..29837.00 rows=699100 width=30)
                                                                                                                                                                                                                                                                                                         ->  Append-only Columnar Scan on catalog_returns_1_prt_67 catalog_returns_1_prt_67_1  (cost=0.00..35270.90 rows=826464 width=30)
                                                                                                                                                                                                                                                                                                         ->  Append-only Columnar Scan on catalog_returns_1_prt_68 catalog_returns_1_prt_68_1  (cost=0.00..40185.20 rows=941674 width=30)
                                                                                                                                                                                                                                                                                                         ->  Append-only Columnar Scan on catalog_returns_1_prt_69 catalog_returns_1_prt_69_1  (cost=0.00..41789.50 rows=979317 width=30)
                                                                                                                                                                                                                                                                                                         ->  Append-only Columnar Scan on catalog_returns_1_prt_70 catalog_returns_1_prt_70_1  (cost=0.00..39187.40 rows=918347 width=30)
                                                                                                                                                                                                                                                                                                         ->  Append-only Columnar Scan on catalog_returns_1_prt_71 catalog_returns_1_prt_71_1  (cost=0.00..33506.60 rows=785120 width=30)
                                                                                                                                                                                                                                                                                                         ->  Append-only Columnar Scan on catalog_returns_1_prt_72 catalog_returns_1_prt_72_1  (cost=0.00..26483.20 rows=620407 width=30)
                                                                                                                                                                                                                                                                                                         ->  Append-only Columnar Scan on catalog_returns_1_prt_73 catalog_returns_1_prt_73_1  (cost=0.00..18408.20 rows=431207 width=30)
                                                                                                                                                                                                                                                                                                         ->  Append-only Columnar Scan on catalog_returns_1_prt_74 catalog_returns_1_prt_74_1  (cost=0.00..10161.74 rows=237858 width=30)
                                                                                                                                                                                                                                                                                                         ->  Append-only Columnar Scan on catalog_returns_1_prt_75 catalog_returns_1_prt_75_1  (cost=0.00..3892.67 rows=90823 width=30)
                                                                                                                                                                                                                                                                                                         ->  Append-only Columnar Scan on catalog_returns_1_prt_76 catalog_returns_1_prt_76_1  (cost=0.00..672.49 rows=15283 width=30)
                                                                                                                                                                                                                                                                                                         ->  Append-only Columnar Scan on catalog_returns_1_prt_77 catalog_returns_1_prt_77_1  (cost=0.00..38.39 rows=213 width=30)
                                                                                                                                                                                                                                                                                                         ->  Append-only Columnar Scan on catalog_returns_1_prt_78 catalog_returns_1_prt_78_1  (cost=0.00..1.00 rows=1 width=54)
                                                                                                                                                                                                                                                                                                         ->  Append-only Columnar Scan on catalog_returns_1_prt_79 catalog_returns_1_prt_79_1  (cost=0.00..1.00 rows=1 width=54)
                                                                                                                                                                                                                                                                                                         ->  Append-only Columnar Scan on catalog_returns_1_prt_80 catalog_returns_1_prt_80_1  (cost=0.00..1.00 rows=1 width=54)
                                                                                                                                                                                                                                                   ->  Hash  (cost=11218.29..11218.29 rows=200 width=27)
                                                                                                                                                                                                                                                         ->  Seq Scan on item item_1  (cost=0.00..11218.29 rows=200 width=27)
                                                                                                                                                                                                                                                               Filter: ((i_current_price >= 35::numeric) AND (i_current_price <= 45::numeric) AND (i_current_price >= 36::numeric) AND (i_current_price <= 50::numeric) AND ((i_color)::text = ANY ('{maroon,burnished,dim,steel,navajo,chocolate}'::text[])))
                                                                                                                                                                                                                           ->  Hash  (cost=1283.72..1283.72 rows=366 width=8)
                                                                                                                                                                                                                                 ->  Partition Selector for store_sales (dynamic scan id: 1)  (cost=0.00..1283.72 rows=366 width=8)
                                                                                                                                                                                                                                       Filter: d1_1.d_date_sk
                                                                                                                                                                                                                                       ->  Broadcast Motion 3:3  (slice21; segments: 3)  (cost=0.00..1283.72 rows=366 width=8)
                                                                                                                                                                                                                                             ->  Seq Scan on date_dim d1_1  (cost=0.00..1269.11 rows=122 width=8)
                                                                                                                                                                                                                                                   Filter: (d_year = 2000)
                                                                                                                                                                                                   ->  Hash  (cost=42.02..42.02 rows=334 width=14)
                                                                                                                                                                                                         ->  Seq Scan on store store_1  (cost=0.00..42.02 rows=334 width=14)
                                                                                                                                                                                       ->  Hash  (cost=178782.00..178782.00 rows=3999967 width=24)
                                                                                                                                                                                             ->  Seq Scan on customer customer_1  (cost=0.00..178782.00 rows=3999967 width=24)
                                                                                                                                                                           ->  Hash  (cost=1086.49..1086.49 rows=24350 width=8)
                                                                                                                                                                                 ->  Seq Scan on date_dim d2_1  (cost=0.00..1086.49 rows=24350 width=8)
                                                                                                                                                               ->  Hash  (cost=1086.49..1086.49 rows=24350 width=8)
                                                                                                                                                                     ->  Seq Scan on date_dim d3_1  (cost=0.00..1086.49 rows=24350 width=8)
                                                                                                                                                   ->  Hash  (cost=23620.80..23620.80 rows=640260 width=6)
                                                                                                                                                         ->  Seq Scan on customer_demographics cd2_1  (cost=0.00..23620.80 rows=640260 width=6)
                                                                                                                                       ->  Hash  (cost=23620.80..23620.80 rows=640260 width=6)
                                                                                                                                             ->  Seq Scan on customer_demographics cd1_1  (cost=0.00..23620.80 rows=640260 width=6)
                                                                                                                           ->  Hash  (cost=47.00..47.00 rows=500 width=4)
                                                                                                                                 ->  Seq Scan on promotion promotion_1  (cost=0.00..47.00 rows=500 width=4)
                                                                                                               ->  Hash  (cost=104.00..104.00 rows=2400 width=8)
                                                                                                                     ->  Seq Scan on household_demographics hd1_1  (cost=0.00..104.00 rows=2400 width=8)
                                                                                                   ->  Hash  (cost=104.00..104.00 rows=2400 width=8)
                                                                                                         ->  Seq Scan on household_demographics hd2_1  (cost=0.00..104.00 rows=2400 width=8)
                                                                                       ->  Hash  (cost=85890.90..85890.90 rows=2000530 width=31)
                                                                                             ->  Seq Scan on customer_address ad1_1  (cost=0.00..85890.90 rows=2000530 width=31)
                                                                           ->  Hash  (cost=85890.90..85890.90 rows=2000530 width=31)
                                                                                 ->  Seq Scan on customer_address ad2_1  (cost=0.00..85890.90 rows=2000530 width=31)
                                                                     ->  Hash  (cost=16.00..16.00 rows=20 width=4)
                                                                           ->  Broadcast Motion 3:3  (slice33; segments: 3)  (cost=0.00..16.00 rows=20 width=4)
                                                                                 ->  Seq Scan on income_band ib1_1  (cost=0.00..15.20 rows=7 width=4)
                                                               ->  Hash  (cost=16.00..16.00 rows=20 width=4)
                                                                     ->  Broadcast Motion 3:3  (slice34; segments: 3)  (cost=0.00..16.00 rows=20 width=4)
                                                                           ->  Seq Scan on income_band ib2_1  (cost=0.00..15.20 rows=7 width=4)
 Planning time: 44081.668 ms
 Optimizer: legacy query optimizer
(1223 rows)

-- end query 1 in stream 0 using template query64.tpl
