-- start query 1 in stream 0 using template query66.tpl
explain
select   
         w_warehouse_name
 	,w_warehouse_sq_ft
 	,w_city
 	,w_county
 	,w_state
 	,w_country
        ,ship_carriers
        ,year
 	,sum(jan_sales) as jan_sales
 	,sum(feb_sales) as feb_sales
 	,sum(mar_sales) as mar_sales
 	,sum(apr_sales) as apr_sales
 	,sum(may_sales) as may_sales
 	,sum(jun_sales) as jun_sales
 	,sum(jul_sales) as jul_sales
 	,sum(aug_sales) as aug_sales
 	,sum(sep_sales) as sep_sales
 	,sum(oct_sales) as oct_sales
 	,sum(nov_sales) as nov_sales
 	,sum(dec_sales) as dec_sales
 	,sum(jan_sales/w_warehouse_sq_ft) as jan_sales_per_sq_foot
 	,sum(feb_sales/w_warehouse_sq_ft) as feb_sales_per_sq_foot
 	,sum(mar_sales/w_warehouse_sq_ft) as mar_sales_per_sq_foot
 	,sum(apr_sales/w_warehouse_sq_ft) as apr_sales_per_sq_foot
 	,sum(may_sales/w_warehouse_sq_ft) as may_sales_per_sq_foot
 	,sum(jun_sales/w_warehouse_sq_ft) as jun_sales_per_sq_foot
 	,sum(jul_sales/w_warehouse_sq_ft) as jul_sales_per_sq_foot
 	,sum(aug_sales/w_warehouse_sq_ft) as aug_sales_per_sq_foot
 	,sum(sep_sales/w_warehouse_sq_ft) as sep_sales_per_sq_foot
 	,sum(oct_sales/w_warehouse_sq_ft) as oct_sales_per_sq_foot
 	,sum(nov_sales/w_warehouse_sq_ft) as nov_sales_per_sq_foot
 	,sum(dec_sales/w_warehouse_sq_ft) as dec_sales_per_sq_foot
 	,sum(jan_net) as jan_net
 	,sum(feb_net) as feb_net
 	,sum(mar_net) as mar_net
 	,sum(apr_net) as apr_net
 	,sum(may_net) as may_net
 	,sum(jun_net) as jun_net
 	,sum(jul_net) as jul_net
 	,sum(aug_net) as aug_net
 	,sum(sep_net) as sep_net
 	,sum(oct_net) as oct_net
 	,sum(nov_net) as nov_net
 	,sum(dec_net) as dec_net
 from (
    (select 
 	w_warehouse_name
 	,w_warehouse_sq_ft
 	,w_city
 	,w_county
 	,w_state
 	,w_country
 	,'DIAMOND' || ',' || 'AIRBORNE' as ship_carriers
       ,d_year as year
 	,sum(case when d_moy = 1 
 		then ws_sales_price* ws_quantity else 0 end) as jan_sales
 	,sum(case when d_moy = 2 
 		then ws_sales_price* ws_quantity else 0 end) as feb_sales
 	,sum(case when d_moy = 3 
 		then ws_sales_price* ws_quantity else 0 end) as mar_sales
 	,sum(case when d_moy = 4 
 		then ws_sales_price* ws_quantity else 0 end) as apr_sales
 	,sum(case when d_moy = 5 
 		then ws_sales_price* ws_quantity else 0 end) as may_sales
 	,sum(case when d_moy = 6 
 		then ws_sales_price* ws_quantity else 0 end) as jun_sales
 	,sum(case when d_moy = 7 
 		then ws_sales_price* ws_quantity else 0 end) as jul_sales
 	,sum(case when d_moy = 8 
 		then ws_sales_price* ws_quantity else 0 end) as aug_sales
 	,sum(case when d_moy = 9 
 		then ws_sales_price* ws_quantity else 0 end) as sep_sales
 	,sum(case when d_moy = 10 
 		then ws_sales_price* ws_quantity else 0 end) as oct_sales
 	,sum(case when d_moy = 11
 		then ws_sales_price* ws_quantity else 0 end) as nov_sales
 	,sum(case when d_moy = 12
 		then ws_sales_price* ws_quantity else 0 end) as dec_sales
 	,sum(case when d_moy = 1 
 		then ws_net_paid_inc_tax * ws_quantity else 0 end) as jan_net
 	,sum(case when d_moy = 2
 		then ws_net_paid_inc_tax * ws_quantity else 0 end) as feb_net
 	,sum(case when d_moy = 3 
 		then ws_net_paid_inc_tax * ws_quantity else 0 end) as mar_net
 	,sum(case when d_moy = 4 
 		then ws_net_paid_inc_tax * ws_quantity else 0 end) as apr_net
 	,sum(case when d_moy = 5 
 		then ws_net_paid_inc_tax * ws_quantity else 0 end) as may_net
 	,sum(case when d_moy = 6 
 		then ws_net_paid_inc_tax * ws_quantity else 0 end) as jun_net
 	,sum(case when d_moy = 7 
 		then ws_net_paid_inc_tax * ws_quantity else 0 end) as jul_net
 	,sum(case when d_moy = 8 
 		then ws_net_paid_inc_tax * ws_quantity else 0 end) as aug_net
 	,sum(case when d_moy = 9 
 		then ws_net_paid_inc_tax * ws_quantity else 0 end) as sep_net
 	,sum(case when d_moy = 10 
 		then ws_net_paid_inc_tax * ws_quantity else 0 end) as oct_net
 	,sum(case when d_moy = 11
 		then ws_net_paid_inc_tax * ws_quantity else 0 end) as nov_net
 	,sum(case when d_moy = 12
 		then ws_net_paid_inc_tax * ws_quantity else 0 end) as dec_net
     from
          web_sales
         ,warehouse
         ,date_dim
         ,time_dim
 	  ,ship_mode
     where
            ws_warehouse_sk =  w_warehouse_sk
        and ws_sold_date_sk = d_date_sk
        and ws_sold_time_sk = t_time_sk
 	and ws_ship_mode_sk = sm_ship_mode_sk
        and d_year = 2002
 	and t_time between 49530 and 49530+28800 
 	and sm_carrier in ('DIAMOND','AIRBORNE')
     group by 
        w_warehouse_name
 	,w_warehouse_sq_ft
 	,w_city
 	,w_county
 	,w_state
 	,w_country
       ,d_year
 	)
 union all
    (select 
 	w_warehouse_name
 	,w_warehouse_sq_ft
 	,w_city
 	,w_county
 	,w_state
 	,w_country
 	,'DIAMOND' || ',' || 'AIRBORNE' as ship_carriers
       ,d_year as year
 	,sum(case when d_moy = 1 
 		then cs_ext_sales_price* cs_quantity else 0 end) as jan_sales
 	,sum(case when d_moy = 2 
 		then cs_ext_sales_price* cs_quantity else 0 end) as feb_sales
 	,sum(case when d_moy = 3 
 		then cs_ext_sales_price* cs_quantity else 0 end) as mar_sales
 	,sum(case when d_moy = 4 
 		then cs_ext_sales_price* cs_quantity else 0 end) as apr_sales
 	,sum(case when d_moy = 5 
 		then cs_ext_sales_price* cs_quantity else 0 end) as may_sales
 	,sum(case when d_moy = 6 
 		then cs_ext_sales_price* cs_quantity else 0 end) as jun_sales
 	,sum(case when d_moy = 7 
 		then cs_ext_sales_price* cs_quantity else 0 end) as jul_sales
 	,sum(case when d_moy = 8 
 		then cs_ext_sales_price* cs_quantity else 0 end) as aug_sales
 	,sum(case when d_moy = 9 
 		then cs_ext_sales_price* cs_quantity else 0 end) as sep_sales
 	,sum(case when d_moy = 10 
 		then cs_ext_sales_price* cs_quantity else 0 end) as oct_sales
 	,sum(case when d_moy = 11
 		then cs_ext_sales_price* cs_quantity else 0 end) as nov_sales
 	,sum(case when d_moy = 12
 		then cs_ext_sales_price* cs_quantity else 0 end) as dec_sales
 	,sum(case when d_moy = 1 
 		then cs_net_paid_inc_ship_tax * cs_quantity else 0 end) as jan_net
 	,sum(case when d_moy = 2 
 		then cs_net_paid_inc_ship_tax * cs_quantity else 0 end) as feb_net
 	,sum(case when d_moy = 3 
 		then cs_net_paid_inc_ship_tax * cs_quantity else 0 end) as mar_net
 	,sum(case when d_moy = 4 
 		then cs_net_paid_inc_ship_tax * cs_quantity else 0 end) as apr_net
 	,sum(case when d_moy = 5 
 		then cs_net_paid_inc_ship_tax * cs_quantity else 0 end) as may_net
 	,sum(case when d_moy = 6 
 		then cs_net_paid_inc_ship_tax * cs_quantity else 0 end) as jun_net
 	,sum(case when d_moy = 7 
 		then cs_net_paid_inc_ship_tax * cs_quantity else 0 end) as jul_net
 	,sum(case when d_moy = 8 
 		then cs_net_paid_inc_ship_tax * cs_quantity else 0 end) as aug_net
 	,sum(case when d_moy = 9 
 		then cs_net_paid_inc_ship_tax * cs_quantity else 0 end) as sep_net
 	,sum(case when d_moy = 10 
 		then cs_net_paid_inc_ship_tax * cs_quantity else 0 end) as oct_net
 	,sum(case when d_moy = 11
 		then cs_net_paid_inc_ship_tax * cs_quantity else 0 end) as nov_net
 	,sum(case when d_moy = 12
 		then cs_net_paid_inc_ship_tax * cs_quantity else 0 end) as dec_net
     from
          catalog_sales
         ,warehouse
         ,date_dim
         ,time_dim
 	 ,ship_mode
     where
            cs_warehouse_sk =  w_warehouse_sk
        and cs_sold_date_sk = d_date_sk
        and cs_sold_time_sk = t_time_sk
 	and cs_ship_mode_sk = sm_ship_mode_sk
        and d_year = 2002
 	and t_time between 49530 AND 49530+28800 
 	and sm_carrier in ('DIAMOND','AIRBORNE')
     group by 
        w_warehouse_name
 	,w_warehouse_sq_ft
 	,w_city
 	,w_county
 	,w_state
 	,w_country
       ,d_year
     ) 
 ) x
 group by 
        w_warehouse_name
 	,w_warehouse_sq_ft
 	,w_city
 	,w_county
 	,w_state
 	,w_country
 	,ship_carriers
       ,year
 order by w_warehouse_name
 limit 100;
                                                                                                            QUERY PLAN                                                                                                             
-----------------------------------------------------------------------------------------------------------------------------------------------------------------------------------------------------------------------------------
 Limit  (cost=47425990.05..47426001.75 rows=40 width=1536)
   ->  Gather Motion 3:1  (slice11; segments: 3)  (cost=47425990.05..47426001.75 rows=40 width=1536)
         Merge Key: warehouse.w_warehouse_name
         ->  Limit  (cost=47425990.05..47426000.95 rows=14 width=1536)
               ->  GroupAggregate  (cost=47425990.05..47426000.95 rows=14 width=1536)
                     Group Key: warehouse.w_warehouse_name, warehouse.w_warehouse_sq_ft, warehouse.w_city, warehouse.w_county, warehouse.w_state, warehouse.w_country, ('DIAMOND,AIRBORNE'::text), date_dim.d_year
                     ->  Sort  (cost=47425990.05..47425990.15 rows=14 width=1152)
                           Sort Key: warehouse.w_warehouse_name, warehouse.w_warehouse_sq_ft, warehouse.w_city, warehouse.w_county, warehouse.w_state, warehouse.w_country, ('DIAMOND,AIRBORNE'::text), date_dim.d_year
                           ->  Append  (cost=15739519.13..47425988.58 rows=14 width=1152)
                                 ->  HashAggregate  (cost=15739519.13..15739520.53 rows=7 width=1152)
                                       Group Key: warehouse.w_warehouse_name, warehouse.w_warehouse_sq_ft, warehouse.w_city, warehouse.w_county, warehouse.w_state, warehouse.w_country, date_dim.d_year
                                       ->  Redistribute Motion 3:3  (slice5; segments: 3)  (cost=15739513.38..15739513.78 rows=7 width=1120)
                                             Hash Key: warehouse.w_warehouse_name, warehouse.w_warehouse_sq_ft, warehouse.w_city, warehouse.w_county, warehouse.w_state, warehouse.w_country, date_dim.d_year
                                             ->  HashAggregate  (cost=15739513.38..15739513.38 rows=7 width=1120)
                                                   Group Key: warehouse.w_warehouse_name, warehouse.w_warehouse_sq_ft, warehouse.w_city, warehouse.w_county, warehouse.w_state, warehouse.w_country, date_dim.d_year
                                                   ->  Hash Join  (cost=5204.11..15708741.82 rows=39834 width=87)
                                                         Hash Cond: (web_sales_1_prt_outliers.ws_warehouse_sk = warehouse.w_warehouse_sk)
                                                         ->  Hash Join  (cost=5187.36..15706783.11 rows=39838 width=28)
                                                               Hash Cond: (web_sales_1_prt_outliers.ws_sold_time_sk = time_dim.t_time_sk)
                                                               ->  Hash Join  (cost=1312.82..15699463.81 rows=119980 width=32)
                                                                     Hash Cond: (web_sales_1_prt_outliers.ws_ship_mode_sk = ship_mode.sm_ship_mode_sk)
                                                                     ->  Hash Join  (cost=1297.42..15673349.01 rows=1200001 width=36)
                                                                           Hash Cond: (web_sales_1_prt_outliers.ws_sold_date_sk = date_dim.d_date_sk)
                                                                           ->  Append  (cost=0.00..11136051.31 rows=240000015 width=32)
                                                                                 ->  Result  (cost=0.00..2391.21 rows=59974 width=32)
                                                                                       One-Time Filter: PartSelected
                                                                                       ->  Append-only Columnar Scan on web_sales_1_prt_outliers  (cost=0.00..2391.21 rows=59974 width=32)
                                                                                 ->  Result  (cost=0.00..94902.80 rows=2044794 width=32)
                                                                                       One-Time Filter: PartSelected
                                                                                       ->  Append-only Columnar Scan on web_sales_1_prt_2  (cost=0.00..94902.80 rows=2044794 width=32)
                                                                                 ->  Result  (cost=0.00..98794.40 rows=2129180 width=32)
                                                                                       One-Time Filter: PartSelected
                                                                                       ->  Append-only Columnar Scan on web_sales_1_prt_3  (cost=0.00..98794.40 rows=2129180 width=32)
                                                                                 ->  Result  (cost=0.00..95176.20 rows=2051340 width=32)
                                                                                       One-Time Filter: PartSelected
                                                                                       ->  Append-only Columnar Scan on web_sales_1_prt_4  (cost=0.00..95176.20 rows=2051340 width=32)
                                                                                 ->  Result  (cost=0.00..98886.20 rows=2130874 width=32)
                                                                                       One-Time Filter: PartSelected
                                                                                       ->  Append-only Columnar Scan on web_sales_1_prt_5  (cost=0.00..98886.20 rows=2130874 width=32)
                                                                                 ->  Result  (cost=0.00..98686.80 rows=2126394 width=33)
                                                                                       One-Time Filter: PartSelected
                                                                                       ->  Append-only Columnar Scan on web_sales_1_prt_6  (cost=0.00..98686.80 rows=2126394 width=33)
                                                                                 ->  Result  (cost=0.00..98900.30 rows=2131144 width=33)
                                                                                       One-Time Filter: PartSelected
                                                                                       ->  Append-only Columnar Scan on web_sales_1_prt_7  (cost=0.00..98900.30 rows=2131144 width=33)
                                                                                 ->  Result  (cost=0.00..98568.30 rows=2124144 width=33)
                                                                                       One-Time Filter: PartSelected
                                                                                       ->  Append-only Columnar Scan on web_sales_1_prt_8  (cost=0.00..98568.30 rows=2124144 width=33)
                                                                                 ->  Result  (cost=0.00..143675.40 rows=3096280 width=33)
                                                                                       One-Time Filter: PartSelected
                                                                                       ->  Append-only Columnar Scan on web_sales_1_prt_9  (cost=0.00..143675.40 rows=3096280 width=33)
                                                                                 ->  Result  (cost=0.00..224454.00 rows=4837567 width=33)
                                                                                       One-Time Filter: PartSelected
                                                                                       ->  Append-only Columnar Scan on web_sales_1_prt_10  (cost=0.00..224454.00 rows=4837567 width=33)
                                                                                 ->  Result  (cost=0.00..224538.00 rows=4838600 width=32)
                                                                                       One-Time Filter: PartSelected
                                                                                       ->  Append-only Columnar Scan on web_sales_1_prt_11  (cost=0.00..224538.00 rows=4838600 width=32)
                                                                                 ->  Result  (cost=0.00..232917.00 rows=5019700 width=32)
                                                                                       One-Time Filter: PartSelected
                                                                                       ->  Append-only Columnar Scan on web_sales_1_prt_12  (cost=0.00..232917.00 rows=5019700 width=32)
                                                                                 ->  Result  (cost=0.00..340347.00 rows=7335234 width=33)
                                                                                       One-Time Filter: PartSelected
                                                                                       ->  Append-only Columnar Scan on web_sales_1_prt_13  (cost=0.00..340347.00 rows=7335234 width=33)
                                                                                 ->  Result  (cost=0.00..339963.00 rows=7326700 width=32)
                                                                                       One-Time Filter: PartSelected
                                                                                       ->  Append-only Columnar Scan on web_sales_1_prt_14  (cost=0.00..339963.00 rows=7326700 width=32)
                                                                                 ->  Result  (cost=0.00..128058.80 rows=2759894 width=32)
                                                                                       One-Time Filter: PartSelected
                                                                                       ->  Append-only Columnar Scan on web_sales_1_prt_15  (cost=0.00..128058.80 rows=2759894 width=32)
                                                                                 ->  Result  (cost=0.00..98762.90 rows=2127930 width=32)
                                                                                       One-Time Filter: PartSelected
                                                                                       ->  Append-only Columnar Scan on web_sales_1_prt_16  (cost=0.00..98762.90 rows=2127930 width=32)
                                                                                 ->  Result  (cost=0.00..95130.30 rows=2049977 width=32)
                                                                                       One-Time Filter: PartSelected
                                                                                       ->  Append-only Columnar Scan on web_sales_1_prt_17  (cost=0.00..95130.30 rows=2049977 width=32)
                                                                                 ->  Result  (cost=0.00..98536.30 rows=2123477 width=32)
                                                                                       One-Time Filter: PartSelected
                                                                                       ->  Append-only Columnar Scan on web_sales_1_prt_18  (cost=0.00..98536.30 rows=2123477 width=32)
                                                                                 ->  Result  (cost=0.00..98763.80 rows=2128160 width=32)
                                                                                       One-Time Filter: PartSelected
                                                                                       ->  Append-only Columnar Scan on web_sales_1_prt_19  (cost=0.00..98763.80 rows=2128160 width=32)
                                                                                 ->  Result  (cost=0.00..98632.00 rows=2125534 width=33)
                                                                                       One-Time Filter: PartSelected
                                                                                       ->  Append-only Columnar Scan on web_sales_1_prt_20  (cost=0.00..98632.00 rows=2125534 width=33)
                                                                                 ->  Result  (cost=0.00..98600.90 rows=2124597 width=33)
                                                                                       One-Time Filter: PartSelected
                                                                                       ->  Append-only Columnar Scan on web_sales_1_prt_21  (cost=0.00..98600.90 rows=2124597 width=33)
                                                                                 ->  Result  (cost=0.00..139196.60 rows=2999954 width=32)
                                                                                       One-Time Filter: PartSelected
                                                                                       ->  Append-only Columnar Scan on web_sales_1_prt_22  (cost=0.00..139196.60 rows=2999954 width=32)
                                                                                 ->  Result  (cost=0.00..224702.00 rows=4842300 width=32)
                                                                                       One-Time Filter: PartSelected
                                                                                       ->  Append-only Columnar Scan on web_sales_1_prt_23  (cost=0.00..224702.00 rows=4842300 width=32)
                                                                                 ->  Result  (cost=0.00..224404.00 rows=4836067 width=33)
                                                                                       One-Time Filter: PartSelected
                                                                                       ->  Append-only Columnar Scan on web_sales_1_prt_24  (cost=0.00..224404.00 rows=4836067 width=33)
                                                                                 ->  Result  (cost=0.00..228579.00 rows=4926567 width=32)
                                                                                       One-Time Filter: PartSelected
                                                                                       ->  Append-only Columnar Scan on web_sales_1_prt_25  (cost=0.00..228579.00 rows=4926567 width=32)
                                                                                 ->  Result  (cost=0.00..340407.00 rows=7336234 width=33)
                                                                                       One-Time Filter: PartSelected
                                                                                       ->  Append-only Columnar Scan on web_sales_1_prt_26  (cost=0.00..340407.00 rows=7336234 width=33)
                                                                                 ->  Result  (cost=0.00..339824.00 rows=7323934 width=33)
                                                                                       One-Time Filter: PartSelected
                                                                                       ->  Append-only Columnar Scan on web_sales_1_prt_27  (cost=0.00..339824.00 rows=7323934 width=33)
                                                                                 ->  Result  (cost=0.00..136669.10 rows=2945270 width=33)
                                                                                       One-Time Filter: PartSelected
                                                                                       ->  Append-only Columnar Scan on web_sales_1_prt_28  (cost=0.00..136669.10 rows=2945270 width=33)
                                                                                 ->  Result  (cost=0.00..98265.40 rows=2117680 width=33)
                                                                                       One-Time Filter: PartSelected
                                                                                       ->  Append-only Columnar Scan on web_sales_1_prt_29  (cost=0.00..98265.40 rows=2117680 width=33)
                                                                                 ->  Result  (cost=0.00..98510.80 rows=2122894 width=32)
                                                                                       One-Time Filter: PartSelected
                                                                                       ->  Append-only Columnar Scan on web_sales_1_prt_30  (cost=0.00..98510.80 rows=2122894 width=32)
                                                                                 ->  Result  (cost=0.00..98626.80 rows=2125460 width=33)
                                                                                       One-Time Filter: PartSelected
                                                                                       ->  Append-only Columnar Scan on web_sales_1_prt_31  (cost=0.00..98626.80 rows=2125460 width=33)
                                                                                 ->  Result  (cost=0.00..98594.80 rows=2124860 width=32)
                                                                                       One-Time Filter: PartSelected
                                                                                       ->  Append-only Columnar Scan on web_sales_1_prt_32  (cost=0.00..98594.80 rows=2124860 width=32)
                                                                                 ->  Result  (cost=0.00..98426.60 rows=2121220 width=32)
                                                                                       One-Time Filter: PartSelected
                                                                                       ->  Append-only Columnar Scan on web_sales_1_prt_33  (cost=0.00..98426.60 rows=2121220 width=32)
                                                                                 ->  Result  (cost=0.00..98533.60 rows=2123320 width=33)
                                                                                       One-Time Filter: PartSelected
                                                                                       ->  Append-only Columnar Scan on web_sales_1_prt_34  (cost=0.00..98533.60 rows=2123320 width=33)
                                                                                 ->  Result  (cost=0.00..134141.00 rows=2890900 width=32)
                                                                                       One-Time Filter: PartSelected
                                                                                       ->  Append-only Columnar Scan on web_sales_1_prt_35  (cost=0.00..134141.00 rows=2890900 width=32)
                                                                                 ->  Result  (cost=0.00..224203.00 rows=4832167 width=32)
                                                                                       One-Time Filter: PartSelected
                                                                                       ->  Append-only Columnar Scan on web_sales_1_prt_36  (cost=0.00..224203.00 rows=4832167 width=32)
                                                                                 ->  Result  (cost=0.00..224486.00 rows=4838100 width=33)
                                                                                       One-Time Filter: PartSelected
                                                                                       ->  Append-only Columnar Scan on web_sales_1_prt_37  (cost=0.00..224486.00 rows=4838100 width=33)
                                                                                 ->  Result  (cost=0.00..224574.00 rows=4840000 width=32)
                                                                                       One-Time Filter: PartSelected
                                                                                       ->  Append-only Columnar Scan on web_sales_1_prt_38  (cost=0.00..224574.00 rows=4840000 width=32)
                                                                                 ->  Result  (cost=0.00..339843.00 rows=7323734 width=32)
                                                                                       One-Time Filter: PartSelected
                                                                                       ->  Append-only Columnar Scan on web_sales_1_prt_39  (cost=0.00..339843.00 rows=7323734 width=32)
                                                                                 ->  Result  (cost=0.00..339993.00 rows=7327400 width=32)
                                                                                       One-Time Filter: PartSelected
                                                                                       ->  Append-only Columnar Scan on web_sales_1_prt_40  (cost=0.00..339993.00 rows=7327400 width=32)
                                                                                 ->  Result  (cost=0.00..141767.90 rows=3054930 width=32)
                                                                                       One-Time Filter: PartSelected
                                                                                       ->  Append-only Columnar Scan on web_sales_1_prt_41  (cost=0.00..141767.90 rows=3054930 width=32)
                                                                                 ->  Result  (cost=0.00..98461.00 rows=2121867 width=33)
                                                                                       One-Time Filter: PartSelected
                                                                                       ->  Append-only Columnar Scan on web_sales_1_prt_42  (cost=0.00..98461.00 rows=2121867 width=33)
                                                                                 ->  Result  (cost=0.00..95277.50 rows=2053050 width=33)
                                                                                       One-Time Filter: PartSelected
                                                                                       ->  Append-only Columnar Scan on web_sales_1_prt_43  (cost=0.00..95277.50 rows=2053050 width=33)
                                                                                 ->  Result  (cost=0.00..98854.40 rows=2130480 width=32)
                                                                                       One-Time Filter: PartSelected
                                                                                       ->  Append-only Columnar Scan on web_sales_1_prt_44  (cost=0.00..98854.40 rows=2130480 width=32)
                                                                                 ->  Result  (cost=0.00..98738.70 rows=2127790 width=33)
                                                                                       One-Time Filter: PartSelected
                                                                                       ->  Append-only Columnar Scan on web_sales_1_prt_45  (cost=0.00..98738.70 rows=2127790 width=33)
                                                                                 ->  Result  (cost=0.00..98685.60 rows=2126654 width=33)
                                                                                       One-Time Filter: PartSelected
                                                                                       ->  Append-only Columnar Scan on web_sales_1_prt_46  (cost=0.00..98685.60 rows=2126654 width=33)
                                                                                 ->  Result  (cost=0.00..98998.50 rows=2133217 width=32)
                                                                                       One-Time Filter: PartSelected
                                                                                       ->  Append-only Columnar Scan on web_sales_1_prt_47  (cost=0.00..98998.50 rows=2133217 width=32)
                                                                                 ->  Result  (cost=0.00..125716.80 rows=2709260 width=33)
                                                                                       One-Time Filter: PartSelected
                                                                                       ->  Append-only Columnar Scan on web_sales_1_prt_48  (cost=0.00..125716.80 rows=2709260 width=33)
                                                                                 ->  Result  (cost=0.00..224729.00 rows=4843367 width=33)
                                                                                       One-Time Filter: PartSelected
                                                                                       ->  Append-only Columnar Scan on web_sales_1_prt_49  (cost=0.00..224729.00 rows=4843367 width=33)
                                                                                 ->  Result  (cost=0.00..224641.00 rows=4841034 width=32)
                                                                                       One-Time Filter: PartSelected
                                                                                       ->  Append-only Columnar Scan on web_sales_1_prt_50  (cost=0.00..224641.00 rows=4841034 width=32)
                                                                                 ->  Result  (cost=0.00..224630.00 rows=4841267 width=33)
                                                                                       One-Time Filter: PartSelected
                                                                                       ->  Append-only Columnar Scan on web_sales_1_prt_51  (cost=0.00..224630.00 rows=4841267 width=33)
                                                                                 ->  Result  (cost=0.00..332139.00 rows=7158600 width=32)
                                                                                       One-Time Filter: PartSelected
                                                                                       ->  Append-only Columnar Scan on web_sales_1_prt_52  (cost=0.00..332139.00 rows=7158600 width=32)
                                                                                 ->  Result  (cost=0.00..340420.00 rows=7336634 width=32)
                                                                                       One-Time Filter: PartSelected
                                                                                       ->  Append-only Columnar Scan on web_sales_1_prt_53  (cost=0.00..340420.00 rows=7336634 width=32)
                                                                                 ->  Result  (cost=0.00..162712.00 rows=3506534 width=33)
                                                                                       One-Time Filter: PartSelected
                                                                                       ->  Append-only Columnar Scan on web_sales_1_prt_54  (cost=0.00..162712.00 rows=3506534 width=33)
                                                                                 ->  Result  (cost=0.00..98867.20 rows=2130440 width=32)
                                                                                       One-Time Filter: PartSelected
                                                                                       ->  Append-only Columnar Scan on web_sales_1_prt_55  (cost=0.00..98867.20 rows=2130440 width=32)
                                                                                 ->  Result  (cost=0.00..95121.00 rows=2049967 width=33)
                                                                                       One-Time Filter: PartSelected
                                                                                       ->  Append-only Columnar Scan on web_sales_1_prt_56  (cost=0.00..95121.00 rows=2049967 width=33)
                                                                                 ->  Result  (cost=0.00..98600.60 rows=2124820 width=32)
                                                                                       One-Time Filter: PartSelected
                                                                                       ->  Append-only Columnar Scan on web_sales_1_prt_57  (cost=0.00..98600.60 rows=2124820 width=32)
                                                                                 ->  Result  (cost=0.00..98639.10 rows=2125604 width=33)
                                                                                       One-Time Filter: PartSelected
                                                                                       ->  Append-only Columnar Scan on web_sales_1_prt_58  (cost=0.00..98639.10 rows=2125604 width=33)
                                                                                 ->  Result  (cost=0.00..98591.40 rows=2124880 width=32)
                                                                                       One-Time Filter: PartSelected
                                                                                       ->  Append-only Columnar Scan on web_sales_1_prt_59  (cost=0.00..98591.40 rows=2124880 width=32)
                                                                                 ->  Result  (cost=0.00..98868.30 rows=2130610 width=32)
                                                                                       One-Time Filter: PartSelected
                                                                                       ->  Append-only Columnar Scan on web_sales_1_prt_60  (cost=0.00..98868.30 rows=2130610 width=32)
                                                                                 ->  Result  (cost=0.00..121113.60 rows=2609954 width=32)
                                                                                       One-Time Filter: PartSelected
                                                                                       ->  Append-only Columnar Scan on web_sales_1_prt_61  (cost=0.00..121113.60 rows=2609954 width=32)
                                                                                 ->  Result  (cost=0.00..224388.00 rows=4835634 width=32)
                                                                                       One-Time Filter: PartSelected
                                                                                       ->  Append-only Columnar Scan on web_sales_1_prt_62  (cost=0.00..224388.00 rows=4835634 width=32)
                                                                                 ->  Result  (cost=0.00..224495.00 rows=4837834 width=32)
                                                                                       One-Time Filter: PartSelected
                                                                                       ->  Append-only Columnar Scan on web_sales_1_prt_63  (cost=0.00..224495.00 rows=4837834 width=32)
                                                                                 ->  Result  (cost=0.00..224520.00 rows=4838767 width=32)
                                                                                       One-Time Filter: PartSelected
                                                                                       ->  Append-only Columnar Scan on web_sales_1_prt_64  (cost=0.00..224520.00 rows=4838767 width=32)
                                                                                 ->  Result  (cost=0.00..328357.00 rows=7076767 width=33)
                                                                                       One-Time Filter: PartSelected
                                                                                       ->  Append-only Columnar Scan on web_sales_1_prt_65  (cost=0.00..328357.00 rows=7076767 width=33)
                                                                                 ->  Result  (cost=0.00..340970.00 rows=7348567 width=33)
                                                                                       One-Time Filter: PartSelected
                                                                                       ->  Append-only Columnar Scan on web_sales_1_prt_66  (cost=0.00..340970.00 rows=7348567 width=33)
                                                                                 ->  Result  (cost=0.00..97070.40 rows=2091947 width=32)
                                                                                       One-Time Filter: PartSelected
                                                                                       ->  Append-only Columnar Scan on web_sales_1_prt_67  (cost=0.00..97070.40 rows=2091947 width=32)
                                                                                 ->  Result  (cost=0.00..1.00 rows=1 width=48)
                                                                                       One-Time Filter: PartSelected
                                                                                       ->  Append-only Columnar Scan on web_sales_1_prt_68  (cost=0.00..1.00 rows=1 width=48)
                                                                                 ->  Result  (cost=0.00..1.00 rows=1 width=48)
                                                                                       One-Time Filter: PartSelected
                                                                                       ->  Append-only Columnar Scan on web_sales_1_prt_69  (cost=0.00..1.00 rows=1 width=48)
                                                                                 ->  Result  (cost=0.00..1.00 rows=1 width=48)
                                                                                       One-Time Filter: PartSelected
                                                                                       ->  Append-only Columnar Scan on web_sales_1_prt_70  (cost=0.00..1.00 rows=1 width=48)
                                                                                 ->  Result  (cost=0.00..1.00 rows=1 width=48)
                                                                                       One-Time Filter: PartSelected
                                                                                       ->  Append-only Columnar Scan on web_sales_1_prt_71  (cost=0.00..1.00 rows=1 width=48)
                                                                                 ->  Result  (cost=0.00..1.00 rows=1 width=48)
                                                                                       One-Time Filter: PartSelected
                                                                                       ->  Append-only Columnar Scan on web_sales_1_prt_72  (cost=0.00..1.00 rows=1 width=48)
                                                                                 ->  Result  (cost=0.00..1.00 rows=1 width=48)
                                                                                       One-Time Filter: PartSelected
                                                                                       ->  Append-only Columnar Scan on web_sales_1_prt_73  (cost=0.00..1.00 rows=1 width=48)
                                                                                 ->  Result  (cost=0.00..1.00 rows=1 width=48)
                                                                                       One-Time Filter: PartSelected
                                                                                       ->  Append-only Columnar Scan on web_sales_1_prt_74  (cost=0.00..1.00 rows=1 width=48)
                                                                                 ->  Result  (cost=0.00..1.00 rows=1 width=48)
                                                                                       One-Time Filter: PartSelected
                                                                                       ->  Append-only Columnar Scan on web_sales_1_prt_75  (cost=0.00..1.00 rows=1 width=48)
                                                                                 ->  Result  (cost=0.00..1.00 rows=1 width=48)
                                                                                       One-Time Filter: PartSelected
                                                                                       ->  Append-only Columnar Scan on web_sales_1_prt_76  (cost=0.00..1.00 rows=1 width=48)
                                                                                 ->  Result  (cost=0.00..1.00 rows=1 width=48)
                                                                                       One-Time Filter: PartSelected
                                                                                       ->  Append-only Columnar Scan on web_sales_1_prt_77  (cost=0.00..1.00 rows=1 width=48)
                                                                                 ->  Result  (cost=0.00..1.00 rows=1 width=48)
                                                                                       One-Time Filter: PartSelected
                                                                                       ->  Append-only Columnar Scan on web_sales_1_prt_78  (cost=0.00..1.00 rows=1 width=48)
                                                                                 ->  Result  (cost=0.00..1.00 rows=1 width=48)
                                                                                       One-Time Filter: PartSelected
                                                                                       ->  Append-only Columnar Scan on web_sales_1_prt_79  (cost=0.00..1.00 rows=1 width=48)
                                                                                 ->  Result  (cost=0.00..1.00 rows=1 width=48)
                                                                                       One-Time Filter: PartSelected
                                                                                       ->  Append-only Columnar Scan on web_sales_1_prt_80  (cost=0.00..1.00 rows=1 width=48)
                                                                           ->  Hash  (cost=1283.72..1283.72 rows=366 width=12)
                                                                                 ->  Partition Selector for web_sales (dynamic scan id: 1)  (cost=0.00..1283.72 rows=366 width=12)
                                                                                       Filter: date_dim.d_date_sk
                                                                                       ->  Broadcast Motion 3:3  (slice1; segments: 3)  (cost=0.00..1283.72 rows=366 width=12)
                                                                                             ->  Seq Scan on date_dim  (cost=0.00..1269.11 rows=122 width=12)
                                                                                                   Filter: (d_year = 2002)
                                                                     ->  Hash  (cost=15.33..15.33 rows=2 width=4)
                                                                           ->  Broadcast Motion 3:3  (slice2; segments: 3)  (cost=0.00..15.33 rows=2 width=4)
                                                                                 ->  Seq Scan on ship_mode  (cost=0.00..15.25 rows=1 width=4)
                                                                                       Filter: ((sm_carrier)::text = ANY ('{DIAMOND,AIRBORNE}'::text[]))
                                                               ->  Hash  (cost=2798.63..2798.63 rows=28691 width=4)
                                                                     ->  Broadcast Motion 3:3  (slice3; segments: 3)  (cost=0.00..2798.63 rows=28691 width=4)
                                                                           ->  Seq Scan on time_dim  (cost=0.00..1651.00 rows=9564 width=4)
                                                                                 Filter: ((t_time >= 49530) AND (t_time <= 78330))
                                                         ->  Hash  (cost=16.00..16.00 rows=20 width=67)
                                                               ->  Broadcast Motion 3:3  (slice4; segments: 3)  (cost=0.00..16.00 rows=20 width=67)
                                                                     ->  Seq Scan on warehouse  (cost=0.00..15.20 rows=7 width=67)
                                 ->  HashAggregate  (cost=31686466.26..31686467.66 rows=7 width=1152)
                                       Group Key: warehouse_1.w_warehouse_name, warehouse_1.w_warehouse_sq_ft, warehouse_1.w_city, warehouse_1.w_county, warehouse_1.w_state, warehouse_1.w_country, date_dim_1.d_year
                                       ->  Redistribute Motion 3:3  (slice10; segments: 3)  (cost=31686460.51..31686460.91 rows=7 width=1120)
                                             Hash Key: warehouse_1.w_warehouse_name, warehouse_1.w_warehouse_sq_ft, warehouse_1.w_city, warehouse_1.w_county, warehouse_1.w_state, warehouse_1.w_country, date_dim_1.d_year
                                             ->  HashAggregate  (cost=31686460.51..31686460.51 rows=7 width=1120)
                                                   Group Key: warehouse_1.w_warehouse_name, warehouse_1.w_warehouse_sq_ft, warehouse_1.w_city, warehouse_1.w_county, warehouse_1.w_state, warehouse_1.w_country, date_dim_1.d_year
                                                   ->  Hash Join  (cost=5204.11..31625399.10 rows=79044 width=88)
                                                         Hash Cond: (catalog_sales_1_prt_outliers.cs_warehouse_sk = warehouse_1.w_warehouse_sk)
                                                         ->  Hash Join  (cost=5187.36..31621524.80 rows=79266 width=29)
                                                               Hash Cond: (catalog_sales_1_prt_outliers.cs_sold_time_sk = time_dim_1.t_time_sk)
                                                               ->  Hash Join  (cost=1312.82..31610783.45 rows=239405 width=33)
                                                                     Hash Cond: (catalog_sales_1_prt_outliers.cs_ship_mode_sk = ship_mode_1.sm_ship_mode_sk)
                                                                     ->  Hash Join  (cost=1297.42..31558586.51 rows=2399968 width=37)
                                                                           Hash Cond: (catalog_sales_1_prt_outliers.cs_sold_date_sk = date_dim_1.d_date_sk)
                                                                           ->  Append  (cost=0.00..22485412.30 rows=479993481 width=33)
                                                                                 ->  Result  (cost=0.00..95971.30 rows=2401110 width=33)
                                                                                       One-Time Filter: PartSelected
                                                                                       ->  Append-only Columnar Scan on catalog_sales_1_prt_outliers  (cost=0.00..95971.30 rows=2401110 width=33)
                                                                                 ->  Result  (cost=0.00..198531.00 rows=4234734 width=33)
                                                                                       One-Time Filter: PartSelected
                                                                                       ->  Append-only Columnar Scan on catalog_sales_1_prt_2  (cost=0.00..198531.00 rows=4234734 width=33)
                                                                                 ->  Result  (cost=0.00..198470.00 rows=4233434 width=33)
                                                                                       One-Time Filter: PartSelected
                                                                                       ->  Append-only Columnar Scan on catalog_sales_1_prt_3  (cost=0.00..198470.00 rows=4233434 width=33)
                                                                                 ->  Result  (cost=0.00..191463.00 rows=4083934 width=33)
                                                                                       One-Time Filter: PartSelected
                                                                                       ->  Append-only Columnar Scan on catalog_sales_1_prt_4  (cost=0.00..191463.00 rows=4083934 width=33)
                                                                                 ->  Result  (cost=0.00..198330.00 rows=4230434 width=33)
                                                                                       One-Time Filter: PartSelected
                                                                                       ->  Append-only Columnar Scan on catalog_sales_1_prt_5  (cost=0.00..198330.00 rows=4230434 width=33)
                                                                                 ->  Result  (cost=0.00..198496.00 rows=4233967 width=33)
                                                                                       One-Time Filter: PartSelected
                                                                                       ->  Append-only Columnar Scan on catalog_sales_1_prt_6  (cost=0.00..198496.00 rows=4233967 width=33)
                                                                                 ->  Result  (cost=0.00..198494.00 rows=4233967 width=33)
                                                                                       One-Time Filter: PartSelected
                                                                                       ->  Append-only Columnar Scan on catalog_sales_1_prt_7  (cost=0.00..198494.00 rows=4233967 width=33)
                                                                                 ->  Result  (cost=0.00..198576.00 rows=4235667 width=33)
                                                                                       One-Time Filter: PartSelected
                                                                                       ->  Append-only Columnar Scan on catalog_sales_1_prt_8  (cost=0.00..198576.00 rows=4235667 width=33)
                                                                                 ->  Result  (cost=0.00..297942.00 rows=6355400 width=33)
                                                                                       One-Time Filter: PartSelected
                                                                                       ->  Append-only Columnar Scan on catalog_sales_1_prt_9  (cost=0.00..297942.00 rows=6355400 width=33)
                                                                                 ->  Result  (cost=0.00..451674.00 rows=9634834 width=33)
                                                                                       One-Time Filter: PartSelected
                                                                                       ->  Append-only Columnar Scan on catalog_sales_1_prt_10  (cost=0.00..451674.00 rows=9634834 width=33)
                                                                                 ->  Result  (cost=0.00..451572.00 rows=9632700 width=33)
                                                                                       One-Time Filter: PartSelected
                                                                                       ->  Append-only Columnar Scan on catalog_sales_1_prt_11  (cost=0.00..451572.00 rows=9632700 width=33)
                                                                                 ->  Result  (cost=0.00..476631.00 rows=10167234 width=33)
                                                                                       One-Time Filter: PartSelected
                                                                                       ->  Append-only Columnar Scan on catalog_sales_1_prt_12  (cost=0.00..476631.00 rows=10167234 width=33)
                                                                                 ->  Result  (cost=0.00..684375.00 rows=14598867 width=33)
                                                                                       One-Time Filter: PartSelected
                                                                                       ->  Append-only Columnar Scan on catalog_sales_1_prt_13  (cost=0.00..684375.00 rows=14598867 width=33)
                                                                                 ->  Result  (cost=0.00..684389.00 rows=14599200 width=33)
                                                                                       One-Time Filter: PartSelected
                                                                                       ->  Append-only Columnar Scan on catalog_sales_1_prt_14  (cost=0.00..684389.00 rows=14599200 width=33)
                                                                                 ->  Result  (cost=0.00..215804.00 rows=4603234 width=33)
                                                                                       One-Time Filter: PartSelected
                                                                                       ->  Append-only Columnar Scan on catalog_sales_1_prt_15  (cost=0.00..215804.00 rows=4603234 width=33)
                                                                                 ->  Result  (cost=0.00..198278.00 rows=4229400 width=33)
                                                                                       One-Time Filter: PartSelected
                                                                                       ->  Append-only Columnar Scan on catalog_sales_1_prt_16  (cost=0.00..198278.00 rows=4229400 width=33)
                                                                                 ->  Result  (cost=0.00..191360.00 rows=4081734 width=33)
                                                                                       One-Time Filter: PartSelected
                                                                                       ->  Append-only Columnar Scan on catalog_sales_1_prt_17  (cost=0.00..191360.00 rows=4081734 width=33)
                                                                                 ->  Result  (cost=0.00..198408.00 rows=4232134 width=33)
                                                                                       One-Time Filter: PartSelected
                                                                                       ->  Append-only Columnar Scan on catalog_sales_1_prt_18  (cost=0.00..198408.00 rows=4232134 width=33)
                                                                                 ->  Result  (cost=0.00..198462.00 rows=4233300 width=33)
                                                                                       One-Time Filter: PartSelected
                                                                                       ->  Append-only Columnar Scan on catalog_sales_1_prt_19  (cost=0.00..198462.00 rows=4233300 width=33)
                                                                                 ->  Result  (cost=0.00..198463.00 rows=4233267 width=33)
                                                                                       One-Time Filter: PartSelected
                                                                                       ->  Append-only Columnar Scan on catalog_sales_1_prt_20  (cost=0.00..198463.00 rows=4233267 width=33)
                                                                                 ->  Result  (cost=0.00..198544.00 rows=4235034 width=33)
                                                                                       One-Time Filter: PartSelected
                                                                                       ->  Append-only Columnar Scan on catalog_sales_1_prt_21  (cost=0.00..198544.00 rows=4235034 width=33)
                                                                                 ->  Result  (cost=0.00..288857.00 rows=6161600 width=33)
                                                                                       One-Time Filter: PartSelected
                                                                                       ->  Append-only Columnar Scan on catalog_sales_1_prt_22  (cost=0.00..288857.00 rows=6161600 width=33)
                                                                                 ->  Result  (cost=0.00..451775.00 rows=9637067 width=33)
                                                                                       One-Time Filter: PartSelected
                                                                                       ->  Append-only Columnar Scan on catalog_sales_1_prt_23  (cost=0.00..451775.00 rows=9637067 width=33)
                                                                                 ->  Result  (cost=0.00..451807.00 rows=9637734 width=33)
                                                                                       One-Time Filter: PartSelected
                                                                                       ->  Append-only Columnar Scan on catalog_sales_1_prt_24  (cost=0.00..451807.00 rows=9637734 width=33)
                                                                                 ->  Result  (cost=0.00..468431.00 rows=9992300 width=33)
                                                                                       One-Time Filter: PartSelected
                                                                                       ->  Append-only Columnar Scan on catalog_sales_1_prt_25  (cost=0.00..468431.00 rows=9992300 width=33)
                                                                                 ->  Result  (cost=0.00..684511.00 rows=14601800 width=33)
                                                                                       One-Time Filter: PartSelected
                                                                                       ->  Append-only Columnar Scan on catalog_sales_1_prt_26  (cost=0.00..684511.00 rows=14601800 width=33)
                                                                                 ->  Result  (cost=0.00..684485.00 rows=14601267 width=33)
                                                                                       One-Time Filter: PartSelected
                                                                                       ->  Append-only Columnar Scan on catalog_sales_1_prt_27  (cost=0.00..684485.00 rows=14601267 width=33)
                                                                                 ->  Result  (cost=0.00..232955.00 rows=4969100 width=33)
                                                                                       One-Time Filter: PartSelected
                                                                                       ->  Append-only Columnar Scan on catalog_sales_1_prt_28  (cost=0.00..232955.00 rows=4969100 width=33)
                                                                                 ->  Result  (cost=0.00..198182.00 rows=4227400 width=33)
                                                                                       One-Time Filter: PartSelected
                                                                                       ->  Append-only Columnar Scan on catalog_sales_1_prt_29  (cost=0.00..198182.00 rows=4227400 width=33)
                                                                                 ->  Result  (cost=0.00..198180.00 rows=4227300 width=33)
                                                                                       One-Time Filter: PartSelected
                                                                                       ->  Append-only Columnar Scan on catalog_sales_1_prt_30  (cost=0.00..198180.00 rows=4227300 width=33)
                                                                                 ->  Result  (cost=0.00..198236.00 rows=4228467 width=33)
                                                                                       One-Time Filter: PartSelected
                                                                                       ->  Append-only Columnar Scan on catalog_sales_1_prt_31  (cost=0.00..198236.00 rows=4228467 width=33)
                                                                                 ->  Result  (cost=0.00..198161.00 rows=4226867 width=33)
                                                                                       One-Time Filter: PartSelected
                                                                                       ->  Append-only Columnar Scan on catalog_sales_1_prt_32  (cost=0.00..198161.00 rows=4226867 width=33)
                                                                                 ->  Result  (cost=0.00..198143.00 rows=4226467 width=33)
                                                                                       One-Time Filter: PartSelected
                                                                                       ->  Append-only Columnar Scan on catalog_sales_1_prt_33  (cost=0.00..198143.00 rows=4226467 width=33)
                                                                                 ->  Result  (cost=0.00..198217.00 rows=4228000 width=33)
                                                                                       One-Time Filter: PartSelected
                                                                                       ->  Append-only Columnar Scan on catalog_sales_1_prt_34  (cost=0.00..198217.00 rows=4228000 width=33)
                                                                                 ->  Result  (cost=0.00..279401.00 rows=5959900 width=33)
                                                                                       One-Time Filter: PartSelected
                                                                                       ->  Append-only Columnar Scan on catalog_sales_1_prt_35  (cost=0.00..279401.00 rows=5959900 width=33)
                                                                                 ->  Result  (cost=0.00..451102.00 rows=9622600 width=33)
                                                                                       One-Time Filter: PartSelected
                                                                                       ->  Append-only Columnar Scan on catalog_sales_1_prt_36  (cost=0.00..451102.00 rows=9622600 width=33)
                                                                                 ->  Result  (cost=0.00..451004.00 rows=9620567 width=33)
                                                                                       One-Time Filter: PartSelected
                                                                                       ->  Append-only Columnar Scan on catalog_sales_1_prt_37  (cost=0.00..451004.00 rows=9620567 width=33)
                                                                                 ->  Result  (cost=0.00..459207.00 rows=9795567 width=33)
                                                                                       One-Time Filter: PartSelected
                                                                                       ->  Append-only Columnar Scan on catalog_sales_1_prt_38  (cost=0.00..459207.00 rows=9795567 width=33)
                                                                                 ->  Result  (cost=0.00..683201.00 rows=14573867 width=33)
                                                                                       One-Time Filter: PartSelected
                                                                                       ->  Append-only Columnar Scan on catalog_sales_1_prt_39  (cost=0.00..683201.00 rows=14573867 width=33)
                                                                                 ->  Result  (cost=0.00..683288.00 rows=14575634 width=33)
                                                                                       One-Time Filter: PartSelected
                                                                                       ->  Append-only Columnar Scan on catalog_sales_1_prt_40  (cost=0.00..683288.00 rows=14575634 width=33)
                                                                                 ->  Result  (cost=0.00..267716.00 rows=5710600 width=33)
                                                                                       One-Time Filter: PartSelected
                                                                                       ->  Append-only Columnar Scan on catalog_sales_1_prt_41  (cost=0.00..267716.00 rows=5710600 width=33)
                                                                                 ->  Result  (cost=0.00..198348.00 rows=4230867 width=33)
                                                                                       One-Time Filter: PartSelected
                                                                                       ->  Append-only Columnar Scan on catalog_sales_1_prt_42  (cost=0.00..198348.00 rows=4230867 width=33)
                                                                                 ->  Result  (cost=0.00..191374.00 rows=4082034 width=33)
                                                                                       One-Time Filter: PartSelected
                                                                                       ->  Append-only Columnar Scan on catalog_sales_1_prt_43  (cost=0.00..191374.00 rows=4082034 width=33)
                                                                                 ->  Result  (cost=0.00..198449.00 rows=4233067 width=33)
                                                                                       One-Time Filter: PartSelected
                                                                                       ->  Append-only Columnar Scan on catalog_sales_1_prt_44  (cost=0.00..198449.00 rows=4233067 width=33)
                                                                                 ->  Result  (cost=0.00..198436.00 rows=4232667 width=33)
                                                                                       One-Time Filter: PartSelected
                                                                                       ->  Append-only Columnar Scan on catalog_sales_1_prt_45  (cost=0.00..198436.00 rows=4232667 width=33)
                                                                                 ->  Result  (cost=0.00..198484.00 rows=4233767 width=33)
                                                                                       One-Time Filter: PartSelected
                                                                                       ->  Append-only Columnar Scan on catalog_sales_1_prt_46  (cost=0.00..198484.00 rows=4233767 width=33)
                                                                                 ->  Result  (cost=0.00..198486.00 rows=4233767 width=33)
                                                                                       One-Time Filter: PartSelected
                                                                                       ->  Append-only Columnar Scan on catalog_sales_1_prt_47  (cost=0.00..198486.00 rows=4233767 width=33)
                                                                                 ->  Result  (cost=0.00..261759.00 rows=5583500 width=33)
                                                                                       One-Time Filter: PartSelected
                                                                                       ->  Append-only Columnar Scan on catalog_sales_1_prt_48  (cost=0.00..261759.00 rows=5583500 width=33)
                                                                                 ->  Result  (cost=0.00..451867.00 rows=9638934 width=33)
                                                                                       One-Time Filter: PartSelected
                                                                                       ->  Append-only Columnar Scan on catalog_sales_1_prt_49  (cost=0.00..451867.00 rows=9638934 width=33)
                                                                                 ->  Result  (cost=0.00..451711.00 rows=9635634 width=33)
                                                                                       One-Time Filter: PartSelected
                                                                                       ->  Append-only Columnar Scan on catalog_sales_1_prt_50  (cost=0.00..451711.00 rows=9635634 width=33)
                                                                                 ->  Result  (cost=0.00..451715.00 rows=9635700 width=33)
                                                                                       One-Time Filter: PartSelected
                                                                                       ->  Append-only Columnar Scan on catalog_sales_1_prt_51  (cost=0.00..451715.00 rows=9635700 width=33)
                                                                                 ->  Result  (cost=0.00..676048.00 rows=14421300 width=33)
                                                                                       One-Time Filter: PartSelected
                                                                                       ->  Append-only Columnar Scan on catalog_sales_1_prt_52  (cost=0.00..676048.00 rows=14421300 width=33)
                                                                                 ->  Result  (cost=0.00..684330.00 rows=14597934 width=33)
                                                                                       One-Time Filter: PartSelected
                                                                                       ->  Append-only Columnar Scan on catalog_sales_1_prt_53  (cost=0.00..684330.00 rows=14597934 width=33)
                                                                                 ->  Result  (cost=0.00..285353.00 rows=6086800 width=33)
                                                                                       One-Time Filter: PartSelected
                                                                                       ->  Append-only Columnar Scan on catalog_sales_1_prt_54  (cost=0.00..285353.00 rows=6086800 width=33)
                                                                                 ->  Result  (cost=0.00..198500.00 rows=4234067 width=33)
                                                                                       One-Time Filter: PartSelected
                                                                                       ->  Append-only Columnar Scan on catalog_sales_1_prt_55  (cost=0.00..198500.00 rows=4234067 width=33)
                                                                                 ->  Result  (cost=0.00..191327.00 rows=4081100 width=33)
                                                                                       One-Time Filter: PartSelected
                                                                                       ->  Append-only Columnar Scan on catalog_sales_1_prt_56  (cost=0.00..191327.00 rows=4081100 width=33)
                                                                                 ->  Result  (cost=0.00..198470.00 rows=4233434 width=33)
                                                                                       One-Time Filter: PartSelected
                                                                                       ->  Append-only Columnar Scan on catalog_sales_1_prt_57  (cost=0.00..198470.00 rows=4233434 width=33)
                                                                                 ->  Result  (cost=0.00..198434.00 rows=4232667 width=33)
                                                                                       One-Time Filter: PartSelected
                                                                                       ->  Append-only Columnar Scan on catalog_sales_1_prt_58  (cost=0.00..198434.00 rows=4232667 width=33)
                                                                                 ->  Result  (cost=0.00..198457.00 rows=4233100 width=33)
                                                                                       One-Time Filter: PartSelected
                                                                                       ->  Append-only Columnar Scan on catalog_sales_1_prt_59  (cost=0.00..198457.00 rows=4233100 width=33)
                                                                                 ->  Result  (cost=0.00..198420.00 rows=4232400 width=33)
                                                                                       One-Time Filter: PartSelected
                                                                                       ->  Append-only Columnar Scan on catalog_sales_1_prt_60  (cost=0.00..198420.00 rows=4232400 width=33)
                                                                                 ->  Result  (cost=0.00..252732.00 rows=5390967 width=33)
                                                                                       One-Time Filter: PartSelected
                                                                                       ->  Append-only Columnar Scan on catalog_sales_1_prt_61  (cost=0.00..252732.00 rows=5390967 width=33)
                                                                                 ->  Result  (cost=0.00..451735.00 rows=9636134 width=33)
                                                                                       One-Time Filter: PartSelected
                                                                                       ->  Append-only Columnar Scan on catalog_sales_1_prt_62  (cost=0.00..451735.00 rows=9636134 width=33)
                                                                                 ->  Result  (cost=0.00..451761.00 rows=9636700 width=33)
                                                                                       One-Time Filter: PartSelected
                                                                                       ->  Append-only Columnar Scan on catalog_sales_1_prt_63  (cost=0.00..451761.00 rows=9636700 width=33)
                                                                                 ->  Result  (cost=0.00..451680.00 rows=9634900 width=33)
                                                                                       One-Time Filter: PartSelected
                                                                                       ->  Append-only Columnar Scan on catalog_sales_1_prt_64  (cost=0.00..451680.00 rows=9634900 width=33)
                                                                                 ->  Result  (cost=0.00..667727.00 rows=14243734 width=33)
                                                                                       One-Time Filter: PartSelected
                                                                                       ->  Append-only Columnar Scan on catalog_sales_1_prt_65  (cost=0.00..667727.00 rows=14243734 width=33)
                                                                                 ->  Result  (cost=0.00..684173.00 rows=14594534 width=33)
                                                                                       One-Time Filter: PartSelected
                                                                                       ->  Append-only Columnar Scan on catalog_sales_1_prt_66  (cost=0.00..684173.00 rows=14594534 width=33)
                                                                                 ->  Result  (cost=0.00..244531.00 rows=5216100 width=33)
                                                                                       One-Time Filter: PartSelected
                                                                                       ->  Append-only Columnar Scan on catalog_sales_1_prt_67  (cost=0.00..244531.00 rows=5216100 width=33)
                                                                                 ->  Result  (cost=0.00..1.00 rows=1 width=48)
                                                                                       One-Time Filter: PartSelected
                                                                                       ->  Append-only Columnar Scan on catalog_sales_1_prt_68  (cost=0.00..1.00 rows=1 width=48)
                                                                                 ->  Result  (cost=0.00..1.00 rows=1 width=48)
                                                                                       One-Time Filter: PartSelected
                                                                                       ->  Append-only Columnar Scan on catalog_sales_1_prt_69  (cost=0.00..1.00 rows=1 width=48)
                                                                                 ->  Result  (cost=0.00..1.00 rows=1 width=48)
                                                                                       One-Time Filter: PartSelected
                                                                                       ->  Append-only Columnar Scan on catalog_sales_1_prt_70  (cost=0.00..1.00 rows=1 width=48)
                                                                                 ->  Result  (cost=0.00..1.00 rows=1 width=48)
                                                                                       One-Time Filter: PartSelected
                                                                                       ->  Append-only Columnar Scan on catalog_sales_1_prt_71  (cost=0.00..1.00 rows=1 width=48)
                                                                                 ->  Result  (cost=0.00..1.00 rows=1 width=48)
                                                                                       One-Time Filter: PartSelected
                                                                                       ->  Append-only Columnar Scan on catalog_sales_1_prt_72  (cost=0.00..1.00 rows=1 width=48)
                                                                                 ->  Result  (cost=0.00..1.00 rows=1 width=48)
                                                                                       One-Time Filter: PartSelected
                                                                                       ->  Append-only Columnar Scan on catalog_sales_1_prt_73  (cost=0.00..1.00 rows=1 width=48)
                                                                                 ->  Result  (cost=0.00..1.00 rows=1 width=48)
                                                                                       One-Time Filter: PartSelected
                                                                                       ->  Append-only Columnar Scan on catalog_sales_1_prt_74  (cost=0.00..1.00 rows=1 width=48)
                                                                                 ->  Result  (cost=0.00..1.00 rows=1 width=48)
                                                                                       One-Time Filter: PartSelected
                                                                                       ->  Append-only Columnar Scan on catalog_sales_1_prt_75  (cost=0.00..1.00 rows=1 width=48)
                                                                                 ->  Result  (cost=0.00..1.00 rows=1 width=48)
                                                                                       One-Time Filter: PartSelected
                                                                                       ->  Append-only Columnar Scan on catalog_sales_1_prt_76  (cost=0.00..1.00 rows=1 width=48)
                                                                                 ->  Result  (cost=0.00..1.00 rows=1 width=48)
                                                                                       One-Time Filter: PartSelected
                                                                                       ->  Append-only Columnar Scan on catalog_sales_1_prt_77  (cost=0.00..1.00 rows=1 width=48)
                                                                                 ->  Result  (cost=0.00..1.00 rows=1 width=48)
                                                                                       One-Time Filter: PartSelected
                                                                                       ->  Append-only Columnar Scan on catalog_sales_1_prt_78  (cost=0.00..1.00 rows=1 width=48)
                                                                                 ->  Result  (cost=0.00..1.00 rows=1 width=48)
                                                                                       One-Time Filter: PartSelected
                                                                                       ->  Append-only Columnar Scan on catalog_sales_1_prt_79  (cost=0.00..1.00 rows=1 width=48)
                                                                                 ->  Result  (cost=0.00..1.00 rows=1 width=48)
                                                                                       One-Time Filter: PartSelected
                                                                                       ->  Append-only Columnar Scan on catalog_sales_1_prt_80  (cost=0.00..1.00 rows=1 width=48)
                                                                           ->  Hash  (cost=1283.72..1283.72 rows=366 width=12)
                                                                                 ->  Partition Selector for catalog_sales (dynamic scan id: 1)  (cost=0.00..1283.72 rows=366 width=12)
                                                                                       Filter: date_dim_1.d_date_sk
                                                                                       ->  Broadcast Motion 3:3  (slice6; segments: 3)  (cost=0.00..1283.72 rows=366 width=12)
                                                                                             ->  Seq Scan on date_dim date_dim_1  (cost=0.00..1269.11 rows=122 width=12)
                                                                                                   Filter: (d_year = 2002)
                                                                     ->  Hash  (cost=15.33..15.33 rows=2 width=4)
                                                                           ->  Broadcast Motion 3:3  (slice7; segments: 3)  (cost=0.00..15.33 rows=2 width=4)
                                                                                 ->  Seq Scan on ship_mode ship_mode_1  (cost=0.00..15.25 rows=1 width=4)
                                                                                       Filter: ((sm_carrier)::text = ANY ('{DIAMOND,AIRBORNE}'::text[]))
                                                               ->  Hash  (cost=2798.63..2798.63 rows=28691 width=4)
                                                                     ->  Broadcast Motion 3:3  (slice8; segments: 3)  (cost=0.00..2798.63 rows=28691 width=4)
                                                                           ->  Seq Scan on time_dim time_dim_1  (cost=0.00..1651.00 rows=9564 width=4)
                                                                                 Filter: ((t_time >= 49530) AND (t_time <= 78330))
                                                         ->  Hash  (cost=16.00..16.00 rows=20 width=67)
                                                               ->  Broadcast Motion 3:3  (slice9; segments: 3)  (cost=0.00..16.00 rows=20 width=67)
                                                                     ->  Seq Scan on warehouse warehouse_1  (cost=0.00..15.20 rows=7 width=67)
 Planning time: 54.833 ms
 Optimizer: legacy query optimizer
(555 rows)

-- end query 1 in stream 0 using template query66.tpl
