-- start query 1 in stream 0 using template query68.tpl
explain
select  c_last_name
       ,c_first_name
       ,ca_city
       ,bought_city
       ,ss_ticket_number
       ,extended_price
       ,extended_tax
       ,list_price
 from (select ss_ticket_number
             ,ss_customer_sk
             ,ca_city bought_city
             ,sum(ss_ext_sales_price) extended_price 
             ,sum(ss_ext_list_price) list_price
             ,sum(ss_ext_tax) extended_tax 
       from store_sales
           ,date_dim
           ,store
           ,household_demographics
           ,customer_address 
       where store_sales.ss_sold_date_sk = date_dim.d_date_sk
         and store_sales.ss_store_sk = store.s_store_sk  
        and store_sales.ss_hdemo_sk = household_demographics.hd_demo_sk
        and store_sales.ss_addr_sk = customer_address.ca_address_sk
        and date_dim.d_dom between 1 and 2 
        and (household_demographics.hd_dep_count = 3 or
             household_demographics.hd_vehicle_count= -1)
        and date_dim.d_year in (2000,2000+1,2000+2)
        and store.s_city in ('Pine Grove','Oak Ridge')
       group by ss_ticket_number
               ,ss_customer_sk
               ,ss_addr_sk,ca_city) dn
      ,customer
      ,customer_address current_addr
 where ss_customer_sk = c_customer_sk
   and customer.c_current_addr_sk = current_addr.ca_address_sk
   and current_addr.ca_city <> bought_city
 order by c_last_name
         ,ss_ticket_number
 limit 100;
                                                                                                            QUERY PLAN                                                                                                            
----------------------------------------------------------------------------------------------------------------------------------------------------------------------------------------------------------------------------------
 Limit  (cost=58072129.15..58072129.67 rows=24 width=135)
   ->  Gather Motion 3:1  (slice7; segments: 3)  (cost=58072129.15..58072129.67 rows=24 width=135)
         Merge Key: customer.c_last_name, dn.ss_ticket_number
         ->  Limit  (cost=58072129.15..58072129.20 rows=8 width=135)
               ->  Sort  (cost=58072129.15..58072129.20 rows=8 width=135)
                     Sort Key: customer.c_last_name, dn.ss_ticket_number
                     ->  Hash Join  (cost=57848345.75..58072128.61 rows=8 width=135)
                           Hash Cond: (customer.c_current_addr_sk = current_addr.ca_address_sk)
                           Join Filter: ((current_addr.ca_city)::text <> (dn.bought_city)::text)
                           ->  Redistribute Motion 3:3  (slice6; segments: 3)  (cost=57687434.98..57911217.31 rows=8 width=130)
                                 Hash Key: customer.c_current_addr_sk
                                 ->  Hash Join  (cost=57687434.98..57911216.84 rows=8 width=130)
                                       Hash Cond: (customer.c_customer_sk = dn.ss_customer_sk)
                                       ->  Seq Scan on customer  (cost=0.00..178782.00 rows=3999967 width=21)
                                       ->  Hash  (cost=57687434.70..57687434.70 rows=8 width=117)
                                             ->  Redistribute Motion 3:3  (slice5; segments: 3)  (cost=57687433.66..57687434.70 rows=8 width=117)
                                                   Hash Key: dn.ss_customer_sk
                                                   ->  Subquery Scan on dn  (cost=57687433.66..57687434.26 rows=8 width=117)
                                                         ->  HashAggregate  (cost=57687433.66..57687434.04 rows=8 width=250)
                                                               Group Key: store_sales_1_prt_outliers.ss_ticket_number, store_sales_1_prt_outliers.ss_customer_sk, store_sales_1_prt_outliers.ss_addr_sk, customer_address.ca_city
                                                               ->  Hash Join  (cost=162867.79..57687433.26 rows=8 width=44)
                                                                     Hash Cond: (store_sales_1_prt_outliers.ss_addr_sk = customer_address.ca_address_sk)
                                                                     ->  Redistribute Motion 3:3  (slice4; segments: 3)  (cost=1957.01..57526522.15 rows=4 width=35)
                                                                           Hash Key: store_sales_1_prt_outliers.ss_addr_sk
                                                                           ->  Hash Join  (cost=1957.01..57526521.94 rows=4 width=35)
                                                                                 Hash Cond: (store_sales_1_prt_outliers.ss_hdemo_sk = household_demographics.hd_demo_sk)
                                                                                 ->  Redistribute Motion 3:3  (slice3; segments: 3)  (cost=1794.51..57526359.31 rows=2 width=39)
                                                                                       Hash Key: store_sales_1_prt_outliers.ss_hdemo_sk
                                                                                       ->  Hash Join  (cost=1794.51..57526359.21 rows=2 width=39)
                                                                                             Hash Cond: (store_sales_1_prt_outliers.ss_store_sk = store.s_store_sk)
                                                                                             ->  Hash Join  (cost=1747.74..57526312.19 rows=11 width=43)
                                                                                                   Hash Cond: (store_sales_1_prt_outliers.ss_sold_date_sk = date_dim.d_date_sk)
                                                                                                   ->  Append  (cost=0.00..39524635.96 rows=959996170 width=47)
                                                                                                         ->  Result  (cost=0.00..1568615.00 rows=43200334 width=47)
                                                                                                               One-Time Filter: PartSelected
                                                                                                               ->  Append-only Columnar Scan on store_sales_1_prt_outliers  (cost=0.00..1568615.00 rows=43200334 width=47)
                                                                                                         ->  Result  (cost=0.00..324595.00 rows=7840134 width=47)
                                                                                                               One-Time Filter: PartSelected
                                                                                                               ->  Append-only Columnar Scan on store_sales_1_prt_2  (cost=0.00..324595.00 rows=7840134 width=47)
                                                                                                         ->  Result  (cost=0.00..336211.00 rows=8120800 width=47)
                                                                                                               One-Time Filter: PartSelected
                                                                                                               ->  Append-only Columnar Scan on store_sales_1_prt_3  (cost=0.00..336211.00 rows=8120800 width=47)
                                                                                                         ->  Result  (cost=0.00..324382.00 rows=7834967 width=47)
                                                                                                               One-Time Filter: PartSelected
                                                                                                               ->  Append-only Columnar Scan on store_sales_1_prt_4  (cost=0.00..324382.00 rows=7834967 width=47)
                                                                                                         ->  Result  (cost=0.00..336381.00 rows=8124734 width=47)
                                                                                                               One-Time Filter: PartSelected
                                                                                                               ->  Append-only Columnar Scan on store_sales_1_prt_5  (cost=0.00..336381.00 rows=8124734 width=47)
                                                                                                         ->  Result  (cost=0.00..336417.00 rows=8125800 width=47)
                                                                                                               One-Time Filter: PartSelected
                                                                                                               ->  Append-only Columnar Scan on store_sales_1_prt_6  (cost=0.00..336417.00 rows=8125800 width=47)
                                                                                                         ->  Result  (cost=0.00..336453.00 rows=8126567 width=47)
                                                                                                               One-Time Filter: PartSelected
                                                                                                               ->  Append-only Columnar Scan on store_sales_1_prt_7  (cost=0.00..336453.00 rows=8126567 width=47)
                                                                                                         ->  Result  (cost=0.00..336058.00 rows=8116967 width=47)
                                                                                                               One-Time Filter: PartSelected
                                                                                                               ->  Append-only Columnar Scan on store_sales_1_prt_8  (cost=0.00..336058.00 rows=8116967 width=47)
                                                                                                         ->  Result  (cost=0.00..489738.00 rows=11829267 width=47)
                                                                                                               One-Time Filter: PartSelected
                                                                                                               ->  Append-only Columnar Scan on store_sales_1_prt_9  (cost=0.00..489738.00 rows=11829267 width=47)
                                                                                                         ->  Result  (cost=0.00..765474.00 rows=18489534 width=47)
                                                                                                               One-Time Filter: PartSelected
                                                                                                               ->  Append-only Columnar Scan on store_sales_1_prt_10  (cost=0.00..765474.00 rows=18489534 width=47)
                                                                                                         ->  Result  (cost=0.00..766278.00 rows=18508900 width=47)
                                                                                                               One-Time Filter: PartSelected
                                                                                                               ->  Append-only Columnar Scan on store_sales_1_prt_11  (cost=0.00..766278.00 rows=18508900 width=47)
                                                                                                         ->  Result  (cost=0.00..793967.00 rows=19177700 width=47)
                                                                                                               One-Time Filter: PartSelected
                                                                                                               ->  Append-only Columnar Scan on store_sales_1_prt_12  (cost=0.00..793967.00 rows=19177700 width=47)
                                                                                                         ->  Result  (cost=0.00..1159820.00 rows=28014600 width=47)
                                                                                                               One-Time Filter: PartSelected
                                                                                                               ->  Append-only Columnar Scan on store_sales_1_prt_13  (cost=0.00..1159820.00 rows=28014600 width=47)
                                                                                                         ->  Result  (cost=0.00..1160753.00 rows=28037334 width=47)
                                                                                                               One-Time Filter: PartSelected
                                                                                                               ->  Append-only Columnar Scan on store_sales_1_prt_14  (cost=0.00..1160753.00 rows=28037334 width=47)
                                                                                                         ->  Result  (cost=0.00..436710.00 rows=10548367 width=47)
                                                                                                               One-Time Filter: PartSelected
                                                                                                               ->  Append-only Columnar Scan on store_sales_1_prt_15  (cost=0.00..436710.00 rows=10548367 width=47)
                                                                                                         ->  Result  (cost=0.00..336477.00 rows=8127134 width=47)
                                                                                                               One-Time Filter: PartSelected
                                                                                                               ->  Append-only Columnar Scan on store_sales_1_prt_16  (cost=0.00..336477.00 rows=8127134 width=47)
                                                                                                         ->  Result  (cost=0.00..324706.00 rows=7842834 width=47)
                                                                                                               One-Time Filter: PartSelected
                                                                                                               ->  Append-only Columnar Scan on store_sales_1_prt_17  (cost=0.00..324706.00 rows=7842834 width=47)
                                                                                                         ->  Result  (cost=0.00..336587.00 rows=8129867 width=47)
                                                                                                               One-Time Filter: PartSelected
                                                                                                               ->  Append-only Columnar Scan on store_sales_1_prt_18  (cost=0.00..336587.00 rows=8129867 width=47)
                                                                                                         ->  Result  (cost=0.00..336153.00 rows=8119367 width=47)
                                                                                                               One-Time Filter: PartSelected
                                                                                                               ->  Append-only Columnar Scan on store_sales_1_prt_19  (cost=0.00..336153.00 rows=8119367 width=47)
                                                                                                         ->  Result  (cost=0.00..336736.00 rows=8133367 width=47)
                                                                                                               One-Time Filter: PartSelected
                                                                                                               ->  Append-only Columnar Scan on store_sales_1_prt_20  (cost=0.00..336736.00 rows=8133367 width=47)
                                                                                                         ->  Result  (cost=0.00..336190.00 rows=8120200 width=47)
                                                                                                               One-Time Filter: PartSelected
                                                                                                               ->  Append-only Columnar Scan on store_sales_1_prt_21  (cost=0.00..336190.00 rows=8120200 width=47)
                                                                                                         ->  Result  (cost=0.00..474334.00 rows=11457100 width=47)
                                                                                                               One-Time Filter: PartSelected
                                                                                                               ->  Append-only Columnar Scan on store_sales_1_prt_22  (cost=0.00..474334.00 rows=11457100 width=47)
                                                                                                         ->  Result  (cost=0.00..766084.00 rows=18504234 width=47)
                                                                                                               One-Time Filter: PartSelected
                                                                                                               ->  Append-only Columnar Scan on store_sales_1_prt_23  (cost=0.00..766084.00 rows=18504234 width=47)
                                                                                                         ->  Result  (cost=0.00..765781.00 rows=18496900 width=47)
                                                                                                               One-Time Filter: PartSelected
                                                                                                               ->  Append-only Columnar Scan on store_sales_1_prt_24  (cost=0.00..765781.00 rows=18496900 width=47)
                                                                                                         ->  Result  (cost=0.00..779443.00 rows=18826834 width=47)
                                                                                                               One-Time Filter: PartSelected
                                                                                                               ->  Append-only Columnar Scan on store_sales_1_prt_25  (cost=0.00..779443.00 rows=18826834 width=47)
                                                                                                         ->  Result  (cost=0.00..1160832.00 rows=28039467 width=47)
                                                                                                               One-Time Filter: PartSelected
                                                                                                               ->  Append-only Columnar Scan on store_sales_1_prt_26  (cost=0.00..1160832.00 rows=28039467 width=47)
                                                                                                         ->  Result  (cost=0.00..1160090.00 rows=28021400 width=47)
                                                                                                               One-Time Filter: PartSelected
                                                                                                               ->  Append-only Columnar Scan on store_sales_1_prt_27  (cost=0.00..1160090.00 rows=28021400 width=47)
                                                                                                         ->  Result  (cost=0.00..465893.00 rows=11253134 width=47)
                                                                                                               One-Time Filter: PartSelected
                                                                                                               ->  Append-only Columnar Scan on store_sales_1_prt_28  (cost=0.00..465893.00 rows=11253134 width=47)
                                                                                                         ->  Result  (cost=0.00..335914.00 rows=8113600 width=47)
                                                                                                               One-Time Filter: PartSelected
                                                                                                               ->  Append-only Columnar Scan on store_sales_1_prt_29  (cost=0.00..335914.00 rows=8113600 width=47)
                                                                                                         ->  Result  (cost=0.00..336186.00 rows=8120167 width=47)
                                                                                                               One-Time Filter: PartSelected
                                                                                                               ->  Append-only Columnar Scan on store_sales_1_prt_30  (cost=0.00..336186.00 rows=8120167 width=47)
                                                                                                         ->  Result  (cost=0.00..336014.00 rows=8115934 width=47)
                                                                                                               One-Time Filter: PartSelected
                                                                                                               ->  Append-only Columnar Scan on store_sales_1_prt_31  (cost=0.00..336014.00 rows=8115934 width=47)
                                                                                                         ->  Result  (cost=0.00..335918.00 rows=8113667 width=47)
                                                                                                               One-Time Filter: PartSelected
                                                                                                               ->  Append-only Columnar Scan on store_sales_1_prt_32  (cost=0.00..335918.00 rows=8113667 width=47)
                                                                                                         ->  Result  (cost=0.00..336069.00 rows=8117334 width=47)
                                                                                                               One-Time Filter: PartSelected
                                                                                                               ->  Append-only Columnar Scan on store_sales_1_prt_33  (cost=0.00..336069.00 rows=8117334 width=47)
                                                                                                         ->  Result  (cost=0.00..335472.00 rows=8102900 width=47)
                                                                                                               One-Time Filter: PartSelected
                                                                                                               ->  Append-only Columnar Scan on store_sales_1_prt_34  (cost=0.00..335472.00 rows=8102900 width=47)
                                                                                                         ->  Result  (cost=0.00..457985.00 rows=11062100 width=47)
                                                                                                               One-Time Filter: PartSelected
                                                                                                               ->  Append-only Columnar Scan on store_sales_1_prt_35  (cost=0.00..457985.00 rows=11062100 width=47)
                                                                                                         ->  Result  (cost=0.00..764679.00 rows=18470400 width=47)
                                                                                                               One-Time Filter: PartSelected
                                                                                                               ->  Append-only Columnar Scan on store_sales_1_prt_36  (cost=0.00..764679.00 rows=18470400 width=47)
                                                                                                         ->  Result  (cost=0.00..764030.00 rows=18454700 width=47)
                                                                                                               One-Time Filter: PartSelected
                                                                                                               ->  Append-only Columnar Scan on store_sales_1_prt_37  (cost=0.00..764030.00 rows=18454700 width=47)
                                                                                                         ->  Result  (cost=0.00..764484.00 rows=18465634 width=47)
                                                                                                               One-Time Filter: PartSelected
                                                                                                               ->  Append-only Columnar Scan on store_sales_1_prt_38  (cost=0.00..764484.00 rows=18465634 width=47)
                                                                                                         ->  Result  (cost=0.00..1158198.04 rows=27975568 width=47)
                                                                                                               One-Time Filter: PartSelected
                                                                                                               ->  Append-only Columnar Scan on store_sales_1_prt_39  (cost=0.00..1158198.04 rows=27975568 width=47)
                                                                                                         ->  Result  (cost=0.00..1158199.04 rows=27975968 width=47)
                                                                                                               One-Time Filter: PartSelected
                                                                                                               ->  Append-only Columnar Scan on store_sales_1_prt_40  (cost=0.00..1158199.04 rows=27975968 width=47)
                                                                                                         ->  Result  (cost=0.00..483138.00 rows=11669800 width=47)
                                                                                                               One-Time Filter: PartSelected
                                                                                                               ->  Append-only Columnar Scan on store_sales_1_prt_41  (cost=0.00..483138.00 rows=11669800 width=47)
                                                                                                         ->  Result  (cost=0.00..336559.00 rows=8129100 width=47)
                                                                                                               One-Time Filter: PartSelected
                                                                                                               ->  Append-only Columnar Scan on store_sales_1_prt_42  (cost=0.00..336559.00 rows=8129100 width=47)
                                                                                                         ->  Result  (cost=0.00..324602.00 rows=7840367 width=47)
                                                                                                               One-Time Filter: PartSelected
                                                                                                               ->  Append-only Columnar Scan on store_sales_1_prt_43  (cost=0.00..324602.00 rows=7840367 width=47)
                                                                                                         ->  Result  (cost=0.00..336209.00 rows=8120567 width=47)
                                                                                                               One-Time Filter: PartSelected
                                                                                                               ->  Append-only Columnar Scan on store_sales_1_prt_44  (cost=0.00..336209.00 rows=8120567 width=47)
                                                                                                         ->  Result  (cost=0.00..336313.00 rows=8123267 width=47)
                                                                                                               One-Time Filter: PartSelected
                                                                                                               ->  Append-only Columnar Scan on store_sales_1_prt_45  (cost=0.00..336313.00 rows=8123267 width=47)
                                                                                                         ->  Result  (cost=0.00..336621.00 rows=8130734 width=47)
                                                                                                               One-Time Filter: PartSelected
                                                                                                               ->  Append-only Columnar Scan on store_sales_1_prt_46  (cost=0.00..336621.00 rows=8130734 width=47)
                                                                                                         ->  Result  (cost=0.00..335906.00 rows=8113400 width=47)
                                                                                                               One-Time Filter: PartSelected
                                                                                                               ->  Append-only Columnar Scan on store_sales_1_prt_47  (cost=0.00..335906.00 rows=8113400 width=47)
                                                                                                         ->  Result  (cost=0.00..428657.00 rows=10353800 width=47)
                                                                                                               One-Time Filter: PartSelected
                                                                                                               ->  Append-only Columnar Scan on store_sales_1_prt_48  (cost=0.00..428657.00 rows=10353800 width=47)
                                                                                                         ->  Result  (cost=0.00..766560.00 rows=18515734 width=47)
                                                                                                               One-Time Filter: PartSelected
                                                                                                               ->  Append-only Columnar Scan on store_sales_1_prt_49  (cost=0.00..766560.00 rows=18515734 width=47)
                                                                                                         ->  Result  (cost=0.00..766167.00 rows=18506234 width=47)
                                                                                                               One-Time Filter: PartSelected
                                                                                                               ->  Append-only Columnar Scan on store_sales_1_prt_50  (cost=0.00..766167.00 rows=18506234 width=47)
                                                                                                         ->  Result  (cost=0.00..766196.00 rows=18506900 width=47)
                                                                                                               One-Time Filter: PartSelected
                                                                                                               ->  Append-only Columnar Scan on store_sales_1_prt_51  (cost=0.00..766196.00 rows=18506900 width=47)
                                                                                                         ->  Result  (cost=0.00..1130938.00 rows=27317200 width=47)
                                                                                                               One-Time Filter: PartSelected
                                                                                                               ->  Append-only Columnar Scan on store_sales_1_prt_52  (cost=0.00..1130938.00 rows=27317200 width=47)
                                                                                                         ->  Result  (cost=0.00..1160637.96 rows=28034566 width=47)
                                                                                                               One-Time Filter: PartSelected
                                                                                                               ->  Append-only Columnar Scan on store_sales_1_prt_53  (cost=0.00..1160637.96 rows=28034566 width=47)
                                                                                                         ->  Result  (cost=0.00..555225.00 rows=13411000 width=47)
                                                                                                               One-Time Filter: PartSelected
                                                                                                               ->  Append-only Columnar Scan on store_sales_1_prt_54  (cost=0.00..555225.00 rows=13411000 width=47)
                                                                                                         ->  Result  (cost=0.00..336782.00 rows=8134567 width=47)
                                                                                                               One-Time Filter: PartSelected
                                                                                                               ->  Append-only Columnar Scan on store_sales_1_prt_55  (cost=0.00..336782.00 rows=8134567 width=47)
                                                                                                         ->  Result  (cost=0.00..324454.00 rows=7836734 width=47)
                                                                                                               One-Time Filter: PartSelected
                                                                                                               ->  Append-only Columnar Scan on store_sales_1_prt_56  (cost=0.00..324454.00 rows=7836734 width=47)
                                                                                                         ->  Result  (cost=0.00..336546.00 rows=8128867 width=47)
                                                                                                               One-Time Filter: PartSelected
                                                                                                               ->  Append-only Columnar Scan on store_sales_1_prt_57  (cost=0.00..336546.00 rows=8128867 width=47)
                                                                                                         ->  Result  (cost=0.00..336207.00 rows=8120667 width=47)
                                                                                                               One-Time Filter: PartSelected
                                                                                                               ->  Append-only Columnar Scan on store_sales_1_prt_58  (cost=0.00..336207.00 rows=8120667 width=47)
                                                                                                         ->  Result  (cost=0.00..336578.00 rows=8129534 width=47)
                                                                                                               One-Time Filter: PartSelected
                                                                                                               ->  Append-only Columnar Scan on store_sales_1_prt_59  (cost=0.00..336578.00 rows=8129534 width=47)
                                                                                                         ->  Result  (cost=0.00..336468.00 rows=8127067 width=47)
                                                                                                               One-Time Filter: PartSelected
                                                                                                               ->  Append-only Columnar Scan on store_sales_1_prt_60  (cost=0.00..336468.00 rows=8127067 width=47)
                                                                                                         ->  Result  (cost=0.00..412992.00 rows=9975467 width=47)
                                                                                                               One-Time Filter: PartSelected
                                                                                                               ->  Append-only Columnar Scan on store_sales_1_prt_61  (cost=0.00..412992.00 rows=9975467 width=47)
                                                                                                         ->  Result  (cost=0.00..765709.00 rows=18495234 width=47)
                                                                                                               One-Time Filter: PartSelected
                                                                                                               ->  Append-only Columnar Scan on store_sales_1_prt_62  (cost=0.00..765709.00 rows=18495234 width=47)
                                                                                                         ->  Result  (cost=0.00..766176.00 rows=18506500 width=47)
                                                                                                               One-Time Filter: PartSelected
                                                                                                               ->  Append-only Columnar Scan on store_sales_1_prt_63  (cost=0.00..766176.00 rows=18506500 width=47)
                                                                                                         ->  Result  (cost=0.00..766142.00 rows=18505834 width=47)
                                                                                                               One-Time Filter: PartSelected
                                                                                                               ->  Append-only Columnar Scan on store_sales_1_prt_64  (cost=0.00..766142.00 rows=18505834 width=47)
                                                                                                         ->  Result  (cost=0.00..1117566.96 rows=26994166 width=47)
                                                                                                               One-Time Filter: PartSelected
                                                                                                               ->  Append-only Columnar Scan on store_sales_1_prt_65  (cost=0.00..1117566.96 rows=26994166 width=47)
                                                                                                         ->  Result  (cost=0.00..1159645.96 rows=28010566 width=47)
                                                                                                               One-Time Filter: PartSelected
                                                                                                               ->  Append-only Columnar Scan on store_sales_1_prt_66  (cost=0.00..1159645.96 rows=28010566 width=47)
                                                                                                         ->  Result  (cost=0.00..331321.00 rows=8002500 width=47)
                                                                                                               One-Time Filter: PartSelected
                                                                                                               ->  Append-only Columnar Scan on store_sales_1_prt_67  (cost=0.00..331321.00 rows=8002500 width=47)
                                                                                                         ->  Result  (cost=0.00..1.00 rows=1 width=70)
                                                                                                               One-Time Filter: PartSelected
                                                                                                               ->  Append-only Columnar Scan on store_sales_1_prt_68  (cost=0.00..1.00 rows=1 width=70)
                                                                                                         ->  Result  (cost=0.00..1.00 rows=1 width=70)
                                                                                                               One-Time Filter: PartSelected
                                                                                                               ->  Append-only Columnar Scan on store_sales_1_prt_69  (cost=0.00..1.00 rows=1 width=70)
                                                                                                         ->  Result  (cost=0.00..1.00 rows=1 width=70)
                                                                                                               One-Time Filter: PartSelected
                                                                                                               ->  Append-only Columnar Scan on store_sales_1_prt_70  (cost=0.00..1.00 rows=1 width=70)
                                                                                                         ->  Result  (cost=0.00..1.00 rows=1 width=70)
                                                                                                               One-Time Filter: PartSelected
                                                                                                               ->  Append-only Columnar Scan on store_sales_1_prt_71  (cost=0.00..1.00 rows=1 width=70)
                                                                                                         ->  Result  (cost=0.00..1.00 rows=1 width=70)
                                                                                                               One-Time Filter: PartSelected
                                                                                                               ->  Append-only Columnar Scan on store_sales_1_prt_72  (cost=0.00..1.00 rows=1 width=70)
                                                                                                         ->  Result  (cost=0.00..1.00 rows=1 width=70)
                                                                                                               One-Time Filter: PartSelected
                                                                                                               ->  Append-only Columnar Scan on store_sales_1_prt_73  (cost=0.00..1.00 rows=1 width=70)
                                                                                                         ->  Result  (cost=0.00..1.00 rows=1 width=70)
                                                                                                               One-Time Filter: PartSelected
                                                                                                               ->  Append-only Columnar Scan on store_sales_1_prt_74  (cost=0.00..1.00 rows=1 width=70)
                                                                                                         ->  Result  (cost=0.00..1.00 rows=1 width=70)
                                                                                                               One-Time Filter: PartSelected
                                                                                                               ->  Append-only Columnar Scan on store_sales_1_prt_75  (cost=0.00..1.00 rows=1 width=70)
                                                                                                         ->  Result  (cost=0.00..1.00 rows=1 width=70)
                                                                                                               One-Time Filter: PartSelected
                                                                                                               ->  Append-only Columnar Scan on store_sales_1_prt_76  (cost=0.00..1.00 rows=1 width=70)
                                                                                                         ->  Result  (cost=0.00..1.00 rows=1 width=70)
                                                                                                               One-Time Filter: PartSelected
                                                                                                               ->  Append-only Columnar Scan on store_sales_1_prt_77  (cost=0.00..1.00 rows=1 width=70)
                                                                                                         ->  Result  (cost=0.00..1.00 rows=1 width=70)
                                                                                                               One-Time Filter: PartSelected
                                                                                                               ->  Append-only Columnar Scan on store_sales_1_prt_78  (cost=0.00..1.00 rows=1 width=70)
                                                                                                         ->  Result  (cost=0.00..1.00 rows=1 width=70)
                                                                                                               One-Time Filter: PartSelected
                                                                                                               ->  Append-only Columnar Scan on store_sales_1_prt_79  (cost=0.00..1.00 rows=1 width=70)
                                                                                                         ->  Result  (cost=0.00..1.00 rows=1 width=70)
                                                                                                               One-Time Filter: PartSelected
                                                                                                               ->  Append-only Columnar Scan on store_sales_1_prt_80  (cost=0.00..1.00 rows=1 width=70)
                                                                                                   ->  Hash  (cost=1737.06..1737.06 rows=285 width=4)
                                                                                                         ->  Partition Selector for store_sales (dynamic scan id: 1)  (cost=0.00..1737.06 rows=285 width=4)
                                                                                                               Filter: date_dim.d_date_sk
                                                                                                               ->  Broadcast Motion 3:3  (slice1; segments: 3)  (cost=0.00..1737.06 rows=285 width=4)
                                                                                                                     ->  Seq Scan on date_dim  (cost=0.00..1725.67 rows=95 width=4)
                                                                                                                           Filter: ((d_dom >= 1) AND (d_dom <= 2) AND (d_year = ANY ('{2000,2001,2002}'::integer[])))
                                                                                             ->  Hash  (cost=45.68..45.68 rows=29 width=4)
                                                                                                   ->  Broadcast Motion 3:3  (slice2; segments: 3)  (cost=0.00..45.68 rows=29 width=4)
                                                                                                         ->  Seq Scan on store  (cost=0.00..44.52 rows=10 width=4)
                                                                                                               Filter: ((s_city)::text = ANY ('{"Pine Grove","Oak Ridge"}'::text[]))
                                                                                 ->  Hash  (cost=140.00..140.00 rows=601 width=4)
                                                                                       ->  Seq Scan on household_demographics  (cost=0.00..140.00 rows=601 width=4)
                                                                                             Filter: ((hd_dep_count = 3) OR (hd_vehicle_count = (-1)))
                                                                     ->  Hash  (cost=85890.90..85890.90 rows=2000530 width=13)
                                                                           ->  Seq Scan on customer_address  (cost=0.00..85890.90 rows=2000530 width=13)
                           ->  Hash  (cost=85890.90..85890.90 rows=2000530 width=13)
                                 ->  Seq Scan on customer_address current_addr  (cost=0.00..85890.90 rows=2000530 width=13)
 Planning time: 29.430 ms
 Optimizer: legacy query optimizer
(292 rows)

-- end query 1 in stream 0 using template query68.tpl
