-- start query 1 in stream 0 using template query74.tpl
explain
with year_total as (
 select c_customer_id customer_id
       ,c_first_name customer_first_name
       ,c_last_name customer_last_name
       ,d_year as year
       ,max(ss_net_paid) year_total
       ,'s' sale_type
 from customer
     ,store_sales
     ,date_dim
 where c_customer_sk = ss_customer_sk
   and ss_sold_date_sk = d_date_sk
   and d_year in (2001,2001+1)
 group by c_customer_id
         ,c_first_name
         ,c_last_name
         ,d_year
 union all
 select c_customer_id customer_id
       ,c_first_name customer_first_name
       ,c_last_name customer_last_name
       ,d_year as year
       ,max(ws_net_paid) year_total
       ,'w' sale_type
 from customer
     ,web_sales
     ,date_dim
 where c_customer_sk = ws_bill_customer_sk
   and ws_sold_date_sk = d_date_sk
   and d_year in (2001,2001+1)
 group by c_customer_id
         ,c_first_name
         ,c_last_name
         ,d_year
         )
  select 
        t_s_secyear.customer_id, t_s_secyear.customer_first_name, t_s_secyear.customer_last_name
 from year_total t_s_firstyear
     ,year_total t_s_secyear
     ,year_total t_w_firstyear
     ,year_total t_w_secyear
 where t_s_secyear.customer_id = t_s_firstyear.customer_id
         and t_s_firstyear.customer_id = t_w_secyear.customer_id
         and t_s_firstyear.customer_id = t_w_firstyear.customer_id
         and t_s_firstyear.sale_type = 's'
         and t_w_firstyear.sale_type = 'w'
         and t_s_secyear.sale_type = 's'
         and t_w_secyear.sale_type = 'w'
         and t_s_firstyear.year = 2001
         and t_s_secyear.year = 2001+1
         and t_w_firstyear.year = 2001
         and t_w_secyear.year = 2001+1
         and t_s_firstyear.year_total > 0
         and t_w_firstyear.year_total > 0
         and case when t_w_firstyear.year_total > 0 then t_w_secyear.year_total / t_w_firstyear.year_total else null end
           > case when t_s_firstyear.year_total > 0 then t_s_secyear.year_total / t_s_firstyear.year_total else null end
 order by 2,1,3
limit 100;
                                                                                                                                             QUERY PLAN                                                                                                                                             
----------------------------------------------------------------------------------------------------------------------------------------------------------------------------------------------------------------------------------------------------------------------------------------------------
 Limit  (cost=137284.16..137284.41 rows=100 width=186)
   ->  Sort  (cost=137284.16..140631.50 rows=1338933 width=186)
         Sort Key: t_s_secyear.customer_first_name, t_s_secyear.customer_id, t_s_secyear.customer_last_name
         ->  Hash Join  (cost=8802.23..86111.14 rows=1338933 width=186)
               Hash Cond: ((t_s_firstyear.customer_id)::text = (t_s_secyear.customer_id)::text)
               Join Filter: (CASE WHEN (t_w_firstyear.year_total > 0::numeric) THEN (t_w_secyear.year_total / t_w_firstyear.year_total) ELSE NULL::numeric END > CASE WHEN (t_s_firstyear.year_total > 0::numeric) THEN (t_s_secyear.year_total / t_s_firstyear.year_total) ELSE NULL::numeric END)
               ->  Hash Join  (cost=1.01..8661.74 rows=11159 width=164)
                     Hash Cond: ((t_w_firstyear.customer_id)::text = (t_s_firstyear.customer_id)::text)
                     ->  Subquery Scan on t_w_firstyear  (cost=0.00..7199.28 rows=359964 width=82)
                           ->  Append  (cost=0.02..16037456.96 rows=359964 width=254)
                                 ->  HashAggregate  (cost=0.02..0.03 rows=1 width=254)
                                       Group Key: c_customer_id, c_first_name, c_last_name, d_year
                                       ->  Result  (cost=0.00..0.01 rows=1 width=0)
                                             One-Time Filter: false
                                 ->  Gather Motion 3:1  (slice4; segments: 3)  (cost=16017171.21..16037456.91 rows=359963 width=254)
                                       ->  HashAggregate  (cost=16017171.21..16026658.02 rows=119988 width=254)
                                             Group Key: customer.c_customer_id, customer.c_first_name, customer.c_last_name, date_dim.d_year
                                             Filter: (max((max(web_sales_1_prt_outliers.ws_net_paid))) > 0::numeric)
                                             ->  Redistribute Motion 3:3  (slice3; segments: 3)  (cost=15992385.96..16003184.85 rows=119988 width=222)
                                                   Hash Key: customer.c_customer_id, customer.c_first_name, customer.c_last_name, date_dim.d_year
                                                   ->  HashAggregate  (cost=15992385.96..15995985.59 rows=119988 width=222)
                                                         Group Key: customer.c_customer_id, customer.c_first_name, customer.c_last_name, date_dim.d_year
                                                         ->  Hash Join  (cost=330235.32..15986986.50 rows=119988 width=40)
                                                               Hash Cond: (web_sales_1_prt_outliers.ws_bill_customer_sk = customer.c_customer_sk)
                                                               ->  Redistribute Motion 3:3  (slice2; segments: 3)  (cost=1454.57..15648306.15 rows=120001 width=14)
                                                                     Hash Key: web_sales_1_prt_outliers.ws_bill_customer_sk
                                                                     ->  Hash Join  (cost=1454.57..15641106.15 rows=120001 width=14)
                                                                           Hash Cond: (web_sales_1_prt_outliers.ws_sold_date_sk = date_dim.d_date_sk)
                                                                           ->  Append  (cost=0.00..11136051.31 rows=240000015 width=14)
                                                                                 ->  Result  (cost=0.00..2391.21 rows=59974 width=14)
                                                                                       One-Time Filter: PartSelected
                                                                                       ->  Append-only Columnar Scan on web_sales_1_prt_outliers  (cost=0.00..2391.21 rows=59974 width=14)
                                                                                 ->  Result  (cost=0.00..94902.80 rows=2044794 width=14)
                                                                                       One-Time Filter: PartSelected
                                                                                       ->  Append-only Columnar Scan on web_sales_1_prt_2  (cost=0.00..94902.80 rows=2044794 width=14)
                                                                                 ->  Result  (cost=0.00..98794.40 rows=2129180 width=14)
                                                                                       One-Time Filter: PartSelected
                                                                                       ->  Append-only Columnar Scan on web_sales_1_prt_3  (cost=0.00..98794.40 rows=2129180 width=14)
                                                                                 ->  Result  (cost=0.00..95176.20 rows=2051340 width=14)
                                                                                       One-Time Filter: PartSelected
                                                                                       ->  Append-only Columnar Scan on web_sales_1_prt_4  (cost=0.00..95176.20 rows=2051340 width=14)
                                                                                 ->  Result  (cost=0.00..98886.20 rows=2130874 width=14)
                                                                                       One-Time Filter: PartSelected
                                                                                       ->  Append-only Columnar Scan on web_sales_1_prt_5  (cost=0.00..98886.20 rows=2130874 width=14)
                                                                                 ->  Result  (cost=0.00..98686.80 rows=2126394 width=14)
                                                                                       One-Time Filter: PartSelected
                                                                                       ->  Append-only Columnar Scan on web_sales_1_prt_6  (cost=0.00..98686.80 rows=2126394 width=14)
                                                                                 ->  Result  (cost=0.00..98900.30 rows=2131144 width=14)
                                                                                       One-Time Filter: PartSelected
                                                                                       ->  Append-only Columnar Scan on web_sales_1_prt_7  (cost=0.00..98900.30 rows=2131144 width=14)
                                                                                 ->  Result  (cost=0.00..98568.30 rows=2124144 width=14)
                                                                                       One-Time Filter: PartSelected
                                                                                       ->  Append-only Columnar Scan on web_sales_1_prt_8  (cost=0.00..98568.30 rows=2124144 width=14)
                                                                                 ->  Result  (cost=0.00..143675.40 rows=3096280 width=14)
                                                                                       One-Time Filter: PartSelected
                                                                                       ->  Append-only Columnar Scan on web_sales_1_prt_9  (cost=0.00..143675.40 rows=3096280 width=14)
                                                                                 ->  Result  (cost=0.00..224454.00 rows=4837567 width=14)
                                                                                       One-Time Filter: PartSelected
                                                                                       ->  Append-only Columnar Scan on web_sales_1_prt_10  (cost=0.00..224454.00 rows=4837567 width=14)
                                                                                 ->  Result  (cost=0.00..224538.00 rows=4838600 width=14)
                                                                                       One-Time Filter: PartSelected
                                                                                       ->  Append-only Columnar Scan on web_sales_1_prt_11  (cost=0.00..224538.00 rows=4838600 width=14)
                                                                                 ->  Result  (cost=0.00..232917.00 rows=5019700 width=14)
                                                                                       One-Time Filter: PartSelected
                                                                                       ->  Append-only Columnar Scan on web_sales_1_prt_12  (cost=0.00..232917.00 rows=5019700 width=14)
                                                                                 ->  Result  (cost=0.00..340347.00 rows=7335234 width=14)
                                                                                       One-Time Filter: PartSelected
                                                                                       ->  Append-only Columnar Scan on web_sales_1_prt_13  (cost=0.00..340347.00 rows=7335234 width=14)
                                                                                 ->  Result  (cost=0.00..339963.00 rows=7326700 width=14)
                                                                                       One-Time Filter: PartSelected
                                                                                       ->  Append-only Columnar Scan on web_sales_1_prt_14  (cost=0.00..339963.00 rows=7326700 width=14)
                                                                                 ->  Result  (cost=0.00..128058.80 rows=2759894 width=14)
                                                                                       One-Time Filter: PartSelected
                                                                                       ->  Append-only Columnar Scan on web_sales_1_prt_15  (cost=0.00..128058.80 rows=2759894 width=14)
                                                                                 ->  Result  (cost=0.00..98762.90 rows=2127930 width=14)
                                                                                       One-Time Filter: PartSelected
                                                                                       ->  Append-only Columnar Scan on web_sales_1_prt_16  (cost=0.00..98762.90 rows=2127930 width=14)
                                                                                 ->  Result  (cost=0.00..95130.30 rows=2049977 width=14)
                                                                                       One-Time Filter: PartSelected
                                                                                       ->  Append-only Columnar Scan on web_sales_1_prt_17  (cost=0.00..95130.30 rows=2049977 width=14)
                                                                                 ->  Result  (cost=0.00..98536.30 rows=2123477 width=14)
                                                                                       One-Time Filter: PartSelected
                                                                                       ->  Append-only Columnar Scan on web_sales_1_prt_18  (cost=0.00..98536.30 rows=2123477 width=14)
                                                                                 ->  Result  (cost=0.00..98763.80 rows=2128160 width=14)
                                                                                       One-Time Filter: PartSelected
                                                                                       ->  Append-only Columnar Scan on web_sales_1_prt_19  (cost=0.00..98763.80 rows=2128160 width=14)
                                                                                 ->  Result  (cost=0.00..98632.00 rows=2125534 width=14)
                                                                                       One-Time Filter: PartSelected
                                                                                       ->  Append-only Columnar Scan on web_sales_1_prt_20  (cost=0.00..98632.00 rows=2125534 width=14)
                                                                                 ->  Result  (cost=0.00..98600.90 rows=2124597 width=14)
                                                                                       One-Time Filter: PartSelected
                                                                                       ->  Append-only Columnar Scan on web_sales_1_prt_21  (cost=0.00..98600.90 rows=2124597 width=14)
                                                                                 ->  Result  (cost=0.00..139196.60 rows=2999954 width=14)
                                                                                       One-Time Filter: PartSelected
                                                                                       ->  Append-only Columnar Scan on web_sales_1_prt_22  (cost=0.00..139196.60 rows=2999954 width=14)
                                                                                 ->  Result  (cost=0.00..224702.00 rows=4842300 width=14)
                                                                                       One-Time Filter: PartSelected
                                                                                       ->  Append-only Columnar Scan on web_sales_1_prt_23  (cost=0.00..224702.00 rows=4842300 width=14)
                                                                                 ->  Result  (cost=0.00..224404.00 rows=4836067 width=14)
                                                                                       One-Time Filter: PartSelected
                                                                                       ->  Append-only Columnar Scan on web_sales_1_prt_24  (cost=0.00..224404.00 rows=4836067 width=14)
                                                                                 ->  Result  (cost=0.00..228579.00 rows=4926567 width=14)
                                                                                       One-Time Filter: PartSelected
                                                                                       ->  Append-only Columnar Scan on web_sales_1_prt_25  (cost=0.00..228579.00 rows=4926567 width=14)
                                                                                 ->  Result  (cost=0.00..340407.00 rows=7336234 width=14)
                                                                                       One-Time Filter: PartSelected
                                                                                       ->  Append-only Columnar Scan on web_sales_1_prt_26  (cost=0.00..340407.00 rows=7336234 width=14)
                                                                                 ->  Result  (cost=0.00..339824.00 rows=7323934 width=14)
                                                                                       One-Time Filter: PartSelected
                                                                                       ->  Append-only Columnar Scan on web_sales_1_prt_27  (cost=0.00..339824.00 rows=7323934 width=14)
                                                                                 ->  Result  (cost=0.00..136669.10 rows=2945270 width=14)
                                                                                       One-Time Filter: PartSelected
                                                                                       ->  Append-only Columnar Scan on web_sales_1_prt_28  (cost=0.00..136669.10 rows=2945270 width=14)
                                                                                 ->  Result  (cost=0.00..98265.40 rows=2117680 width=14)
                                                                                       One-Time Filter: PartSelected
                                                                                       ->  Append-only Columnar Scan on web_sales_1_prt_29  (cost=0.00..98265.40 rows=2117680 width=14)
                                                                                 ->  Result  (cost=0.00..98510.80 rows=2122894 width=14)
                                                                                       One-Time Filter: PartSelected
                                                                                       ->  Append-only Columnar Scan on web_sales_1_prt_30  (cost=0.00..98510.80 rows=2122894 width=14)
                                                                                 ->  Result  (cost=0.00..98626.80 rows=2125460 width=14)
                                                                                       One-Time Filter: PartSelected
                                                                                       ->  Append-only Columnar Scan on web_sales_1_prt_31  (cost=0.00..98626.80 rows=2125460 width=14)
                                                                                 ->  Result  (cost=0.00..98594.80 rows=2124860 width=14)
                                                                                       One-Time Filter: PartSelected
                                                                                       ->  Append-only Columnar Scan on web_sales_1_prt_32  (cost=0.00..98594.80 rows=2124860 width=14)
                                                                                 ->  Result  (cost=0.00..98426.60 rows=2121220 width=14)
                                                                                       One-Time Filter: PartSelected
                                                                                       ->  Append-only Columnar Scan on web_sales_1_prt_33  (cost=0.00..98426.60 rows=2121220 width=14)
                                                                                 ->  Result  (cost=0.00..98533.60 rows=2123320 width=14)
                                                                                       One-Time Filter: PartSelected
                                                                                       ->  Append-only Columnar Scan on web_sales_1_prt_34  (cost=0.00..98533.60 rows=2123320 width=14)
                                                                                 ->  Result  (cost=0.00..134141.00 rows=2890900 width=14)
                                                                                       One-Time Filter: PartSelected
                                                                                       ->  Append-only Columnar Scan on web_sales_1_prt_35  (cost=0.00..134141.00 rows=2890900 width=14)
                                                                                 ->  Result  (cost=0.00..224203.00 rows=4832167 width=14)
                                                                                       One-Time Filter: PartSelected
                                                                                       ->  Append-only Columnar Scan on web_sales_1_prt_36  (cost=0.00..224203.00 rows=4832167 width=14)
                                                                                 ->  Result  (cost=0.00..224486.00 rows=4838100 width=14)
                                                                                       One-Time Filter: PartSelected
                                                                                       ->  Append-only Columnar Scan on web_sales_1_prt_37  (cost=0.00..224486.00 rows=4838100 width=14)
                                                                                 ->  Result  (cost=0.00..224574.00 rows=4840000 width=14)
                                                                                       One-Time Filter: PartSelected
                                                                                       ->  Append-only Columnar Scan on web_sales_1_prt_38  (cost=0.00..224574.00 rows=4840000 width=14)
                                                                                 ->  Result  (cost=0.00..339843.00 rows=7323734 width=14)
                                                                                       One-Time Filter: PartSelected
                                                                                       ->  Append-only Columnar Scan on web_sales_1_prt_39  (cost=0.00..339843.00 rows=7323734 width=14)
                                                                                 ->  Result  (cost=0.00..339993.00 rows=7327400 width=14)
                                                                                       One-Time Filter: PartSelected
                                                                                       ->  Append-only Columnar Scan on web_sales_1_prt_40  (cost=0.00..339993.00 rows=7327400 width=14)
                                                                                 ->  Result  (cost=0.00..141767.90 rows=3054930 width=14)
                                                                                       One-Time Filter: PartSelected
                                                                                       ->  Append-only Columnar Scan on web_sales_1_prt_41  (cost=0.00..141767.90 rows=3054930 width=14)
                                                                                 ->  Result  (cost=0.00..98461.00 rows=2121867 width=14)
                                                                                       One-Time Filter: PartSelected
                                                                                       ->  Append-only Columnar Scan on web_sales_1_prt_42  (cost=0.00..98461.00 rows=2121867 width=14)
                                                                                 ->  Result  (cost=0.00..95277.50 rows=2053050 width=14)
                                                                                       One-Time Filter: PartSelected
                                                                                       ->  Append-only Columnar Scan on web_sales_1_prt_43  (cost=0.00..95277.50 rows=2053050 width=14)
                                                                                 ->  Result  (cost=0.00..98854.40 rows=2130480 width=14)
                                                                                       One-Time Filter: PartSelected
                                                                                       ->  Append-only Columnar Scan on web_sales_1_prt_44  (cost=0.00..98854.40 rows=2130480 width=14)
                                                                                 ->  Result  (cost=0.00..98738.70 rows=2127790 width=14)
                                                                                       One-Time Filter: PartSelected
                                                                                       ->  Append-only Columnar Scan on web_sales_1_prt_45  (cost=0.00..98738.70 rows=2127790 width=14)
                                                                                 ->  Result  (cost=0.00..98685.60 rows=2126654 width=14)
                                                                                       One-Time Filter: PartSelected
                                                                                       ->  Append-only Columnar Scan on web_sales_1_prt_46  (cost=0.00..98685.60 rows=2126654 width=14)
                                                                                 ->  Result  (cost=0.00..98998.50 rows=2133217 width=14)
                                                                                       One-Time Filter: PartSelected
                                                                                       ->  Append-only Columnar Scan on web_sales_1_prt_47  (cost=0.00..98998.50 rows=2133217 width=14)
                                                                                 ->  Result  (cost=0.00..125716.80 rows=2709260 width=14)
                                                                                       One-Time Filter: PartSelected
                                                                                       ->  Append-only Columnar Scan on web_sales_1_prt_48  (cost=0.00..125716.80 rows=2709260 width=14)
                                                                                 ->  Result  (cost=0.00..224729.00 rows=4843367 width=14)
                                                                                       One-Time Filter: PartSelected
                                                                                       ->  Append-only Columnar Scan on web_sales_1_prt_49  (cost=0.00..224729.00 rows=4843367 width=14)
                                                                                 ->  Result  (cost=0.00..224641.00 rows=4841034 width=14)
                                                                                       One-Time Filter: PartSelected
                                                                                       ->  Append-only Columnar Scan on web_sales_1_prt_50  (cost=0.00..224641.00 rows=4841034 width=14)
                                                                                 ->  Result  (cost=0.00..224630.00 rows=4841267 width=14)
                                                                                       One-Time Filter: PartSelected
                                                                                       ->  Append-only Columnar Scan on web_sales_1_prt_51  (cost=0.00..224630.00 rows=4841267 width=14)
                                                                                 ->  Result  (cost=0.00..332139.00 rows=7158600 width=14)
                                                                                       One-Time Filter: PartSelected
                                                                                       ->  Append-only Columnar Scan on web_sales_1_prt_52  (cost=0.00..332139.00 rows=7158600 width=14)
                                                                                 ->  Result  (cost=0.00..340420.00 rows=7336634 width=14)
                                                                                       One-Time Filter: PartSelected
                                                                                       ->  Append-only Columnar Scan on web_sales_1_prt_53  (cost=0.00..340420.00 rows=7336634 width=14)
                                                                                 ->  Result  (cost=0.00..162712.00 rows=3506534 width=14)
                                                                                       One-Time Filter: PartSelected
                                                                                       ->  Append-only Columnar Scan on web_sales_1_prt_54  (cost=0.00..162712.00 rows=3506534 width=14)
                                                                                 ->  Result  (cost=0.00..98867.20 rows=2130440 width=14)
                                                                                       One-Time Filter: PartSelected
                                                                                       ->  Append-only Columnar Scan on web_sales_1_prt_55  (cost=0.00..98867.20 rows=2130440 width=14)
                                                                                 ->  Result  (cost=0.00..95121.00 rows=2049967 width=14)
                                                                                       One-Time Filter: PartSelected
                                                                                       ->  Append-only Columnar Scan on web_sales_1_prt_56  (cost=0.00..95121.00 rows=2049967 width=14)
                                                                                 ->  Result  (cost=0.00..98600.60 rows=2124820 width=14)
                                                                                       One-Time Filter: PartSelected
                                                                                       ->  Append-only Columnar Scan on web_sales_1_prt_57  (cost=0.00..98600.60 rows=2124820 width=14)
                                                                                 ->  Result  (cost=0.00..98639.10 rows=2125604 width=14)
                                                                                       One-Time Filter: PartSelected
                                                                                       ->  Append-only Columnar Scan on web_sales_1_prt_58  (cost=0.00..98639.10 rows=2125604 width=14)
                                                                                 ->  Result  (cost=0.00..98591.40 rows=2124880 width=14)
                                                                                       One-Time Filter: PartSelected
                                                                                       ->  Append-only Columnar Scan on web_sales_1_prt_59  (cost=0.00..98591.40 rows=2124880 width=14)
                                                                                 ->  Result  (cost=0.00..98868.30 rows=2130610 width=14)
                                                                                       One-Time Filter: PartSelected
                                                                                       ->  Append-only Columnar Scan on web_sales_1_prt_60  (cost=0.00..98868.30 rows=2130610 width=14)
                                                                                 ->  Result  (cost=0.00..121113.60 rows=2609954 width=14)
                                                                                       One-Time Filter: PartSelected
                                                                                       ->  Append-only Columnar Scan on web_sales_1_prt_61  (cost=0.00..121113.60 rows=2609954 width=14)
                                                                                 ->  Result  (cost=0.00..224388.00 rows=4835634 width=14)
                                                                                       One-Time Filter: PartSelected
                                                                                       ->  Append-only Columnar Scan on web_sales_1_prt_62  (cost=0.00..224388.00 rows=4835634 width=14)
                                                                                 ->  Result  (cost=0.00..224495.00 rows=4837834 width=14)
                                                                                       One-Time Filter: PartSelected
                                                                                       ->  Append-only Columnar Scan on web_sales_1_prt_63  (cost=0.00..224495.00 rows=4837834 width=14)
                                                                                 ->  Result  (cost=0.00..224520.00 rows=4838767 width=14)
                                                                                       One-Time Filter: PartSelected
                                                                                       ->  Append-only Columnar Scan on web_sales_1_prt_64  (cost=0.00..224520.00 rows=4838767 width=14)
                                                                                 ->  Result  (cost=0.00..328357.00 rows=7076767 width=14)
                                                                                       One-Time Filter: PartSelected
                                                                                       ->  Append-only Columnar Scan on web_sales_1_prt_65  (cost=0.00..328357.00 rows=7076767 width=14)
                                                                                 ->  Result  (cost=0.00..340970.00 rows=7348567 width=14)
                                                                                       One-Time Filter: PartSelected
                                                                                       ->  Append-only Columnar Scan on web_sales_1_prt_66  (cost=0.00..340970.00 rows=7348567 width=14)
                                                                                 ->  Result  (cost=0.00..97070.40 rows=2091947 width=14)
                                                                                       One-Time Filter: PartSelected
                                                                                       ->  Append-only Columnar Scan on web_sales_1_prt_67  (cost=0.00..97070.40 rows=2091947 width=14)
                                                                                 ->  Result  (cost=0.00..1.00 rows=1 width=22)
                                                                                       One-Time Filter: PartSelected
                                                                                       ->  Append-only Columnar Scan on web_sales_1_prt_68  (cost=0.00..1.00 rows=1 width=22)
                                                                                 ->  Result  (cost=0.00..1.00 rows=1 width=22)
                                                                                       One-Time Filter: PartSelected
                                                                                       ->  Append-only Columnar Scan on web_sales_1_prt_69  (cost=0.00..1.00 rows=1 width=22)
                                                                                 ->  Result  (cost=0.00..1.00 rows=1 width=22)
                                                                                       One-Time Filter: PartSelected
                                                                                       ->  Append-only Columnar Scan on web_sales_1_prt_70  (cost=0.00..1.00 rows=1 width=22)
                                                                                 ->  Result  (cost=0.00..1.00 rows=1 width=22)
                                                                                       One-Time Filter: PartSelected
                                                                                       ->  Append-only Columnar Scan on web_sales_1_prt_71  (cost=0.00..1.00 rows=1 width=22)
                                                                                 ->  Result  (cost=0.00..1.00 rows=1 width=22)
                                                                                       One-Time Filter: PartSelected
                                                                                       ->  Append-only Columnar Scan on web_sales_1_prt_72  (cost=0.00..1.00 rows=1 width=22)
                                                                                 ->  Result  (cost=0.00..1.00 rows=1 width=22)
                                                                                       One-Time Filter: PartSelected
                                                                                       ->  Append-only Columnar Scan on web_sales_1_prt_73  (cost=0.00..1.00 rows=1 width=22)
                                                                                 ->  Result  (cost=0.00..1.00 rows=1 width=22)
                                                                                       One-Time Filter: PartSelected
                                                                                       ->  Append-only Columnar Scan on web_sales_1_prt_74  (cost=0.00..1.00 rows=1 width=22)
                                                                                 ->  Result  (cost=0.00..1.00 rows=1 width=22)
                                                                                       One-Time Filter: PartSelected
                                                                                       ->  Append-only Columnar Scan on web_sales_1_prt_75  (cost=0.00..1.00 rows=1 width=22)
                                                                                 ->  Result  (cost=0.00..1.00 rows=1 width=22)
                                                                                       One-Time Filter: PartSelected
                                                                                       ->  Append-only Columnar Scan on web_sales_1_prt_76  (cost=0.00..1.00 rows=1 width=22)
                                                                                 ->  Result  (cost=0.00..1.00 rows=1 width=22)
                                                                                       One-Time Filter: PartSelected
                                                                                       ->  Append-only Columnar Scan on web_sales_1_prt_77  (cost=0.00..1.00 rows=1 width=22)
                                                                                 ->  Result  (cost=0.00..1.00 rows=1 width=22)
                                                                                       One-Time Filter: PartSelected
                                                                                       ->  Append-only Columnar Scan on web_sales_1_prt_78  (cost=0.00..1.00 rows=1 width=22)
                                                                                 ->  Result  (cost=0.00..1.00 rows=1 width=22)
                                                                                       One-Time Filter: PartSelected
                                                                                       ->  Append-only Columnar Scan on web_sales_1_prt_79  (cost=0.00..1.00 rows=1 width=22)
                                                                                 ->  Result  (cost=0.00..1.00 rows=1 width=22)
                                                                                       One-Time Filter: PartSelected
                                                                                       ->  Append-only Columnar Scan on web_sales_1_prt_80  (cost=0.00..1.00 rows=1 width=22)
                                                                           ->  Hash  (cost=1453.20..1453.20 rows=37 width=8)
                                                                                 ->  Partition Selector for web_sales (dynamic scan id: 1)  (cost=0.00..1453.20 rows=37 width=8)
                                                                                       Filter: date_dim.d_date_sk
                                                                                       ->  Broadcast Motion 3:3  (slice1; segments: 3)  (cost=0.00..1453.20 rows=37 width=8)
                                                                                             ->  Seq Scan on date_dim  (cost=0.00..1451.73 rows=13 width=8)
                                                                                                   Filter: ((d_year = ANY ('{2001,2002}'::integer[])) AND (d_year = 2001))
                                                               ->  Hash  (cost=178782.00..178782.00 rows=3999967 width=34)
                                                                     ->  Seq Scan on customer  (cost=0.00..178782.00 rows=3999967 width=34)
                     ->  Hash  (cost=0.62..0.62 rows=11 width=82)
                           ->  Subquery Scan on t_s_firstyear  (cost=0.00..0.62 rows=31 width=82)
                                 ->  Append  (cost=57854803.06..57854804.38 rows=31 width=249)
                                       ->  Gather Motion 3:1  (slice8; segments: 3)  (cost=57854803.06..57854804.34 rows=30 width=254)
                                             ->  HashAggregate  (cost=57854803.06..57854803.44 rows=10 width=254)
                                                   Group Key: customer_1.c_customer_id, customer_1.c_first_name, customer_1.c_last_name, date_dim_1.d_year
                                                   Filter: (max((max(store_sales_1_prt_outliers.ss_net_paid))) > 0::numeric)
                                                   ->  Redistribute Motion 3:3  (slice7; segments: 3)  (cost=57854801.71..57854802.31 rows=10 width=222)
                                                         Hash Key: customer_1.c_customer_id, customer_1.c_first_name, customer_1.c_last_name, date_dim_1.d_year
                                                         ->  HashAggregate  (cost=57854801.71..57854801.71 rows=10 width=222)
                                                               Group Key: customer_1.c_customer_id, customer_1.c_first_name, customer_1.c_last_name, date_dim_1.d_year
                                                               ->  Hash Join  (cost=330235.32..57854801.25 rows=11 width=40)
                                                                     Hash Cond: (store_sales_1_prt_outliers.ss_customer_sk = customer_1.c_customer_sk)
                                                                     ->  Redistribute Motion 3:3  (slice6; segments: 3)  (cost=1454.57..57526019.65 rows=11 width=14)
                                                                           Hash Key: store_sales_1_prt_outliers.ss_customer_sk
                                                                           ->  Hash Join  (cost=1454.57..57526019.02 rows=11 width=14)
                                                                                 Hash Cond: (store_sales_1_prt_outliers.ss_sold_date_sk = date_dim_1.d_date_sk)
                                                                                 ->  Append  (cost=0.00..39524635.96 rows=959996170 width=14)
                                                                                       ->  Result  (cost=0.00..1568615.00 rows=43200334 width=14)
                                                                                             One-Time Filter: PartSelected
                                                                                             ->  Append-only Columnar Scan on store_sales_1_prt_outliers  (cost=0.00..1568615.00 rows=43200334 width=14)
                                                                                       ->  Result  (cost=0.00..324595.00 rows=7840134 width=14)
                                                                                             One-Time Filter: PartSelected
                                                                                             ->  Append-only Columnar Scan on store_sales_1_prt_2  (cost=0.00..324595.00 rows=7840134 width=14)
                                                                                       ->  Result  (cost=0.00..336211.00 rows=8120800 width=14)
                                                                                             One-Time Filter: PartSelected
                                                                                             ->  Append-only Columnar Scan on store_sales_1_prt_3  (cost=0.00..336211.00 rows=8120800 width=14)
                                                                                       ->  Result  (cost=0.00..324382.00 rows=7834967 width=14)
                                                                                             One-Time Filter: PartSelected
                                                                                             ->  Append-only Columnar Scan on store_sales_1_prt_4  (cost=0.00..324382.00 rows=7834967 width=14)
                                                                                       ->  Result  (cost=0.00..336381.00 rows=8124734 width=14)
                                                                                             One-Time Filter: PartSelected
                                                                                             ->  Append-only Columnar Scan on store_sales_1_prt_5  (cost=0.00..336381.00 rows=8124734 width=14)
                                                                                       ->  Result  (cost=0.00..336417.00 rows=8125800 width=14)
                                                                                             One-Time Filter: PartSelected
                                                                                             ->  Append-only Columnar Scan on store_sales_1_prt_6  (cost=0.00..336417.00 rows=8125800 width=14)
                                                                                       ->  Result  (cost=0.00..336453.00 rows=8126567 width=14)
                                                                                             One-Time Filter: PartSelected
                                                                                             ->  Append-only Columnar Scan on store_sales_1_prt_7  (cost=0.00..336453.00 rows=8126567 width=14)
                                                                                       ->  Result  (cost=0.00..336058.00 rows=8116967 width=14)
                                                                                             One-Time Filter: PartSelected
                                                                                             ->  Append-only Columnar Scan on store_sales_1_prt_8  (cost=0.00..336058.00 rows=8116967 width=14)
                                                                                       ->  Result  (cost=0.00..489738.00 rows=11829267 width=14)
                                                                                             One-Time Filter: PartSelected
                                                                                             ->  Append-only Columnar Scan on store_sales_1_prt_9  (cost=0.00..489738.00 rows=11829267 width=14)
                                                                                       ->  Result  (cost=0.00..765474.00 rows=18489534 width=14)
                                                                                             One-Time Filter: PartSelected
                                                                                             ->  Append-only Columnar Scan on store_sales_1_prt_10  (cost=0.00..765474.00 rows=18489534 width=14)
                                                                                       ->  Result  (cost=0.00..766278.00 rows=18508900 width=14)
                                                                                             One-Time Filter: PartSelected
                                                                                             ->  Append-only Columnar Scan on store_sales_1_prt_11  (cost=0.00..766278.00 rows=18508900 width=14)
                                                                                       ->  Result  (cost=0.00..793967.00 rows=19177700 width=14)
                                                                                             One-Time Filter: PartSelected
                                                                                             ->  Append-only Columnar Scan on store_sales_1_prt_12  (cost=0.00..793967.00 rows=19177700 width=14)
                                                                                       ->  Result  (cost=0.00..1159820.00 rows=28014600 width=14)
                                                                                             One-Time Filter: PartSelected
                                                                                             ->  Append-only Columnar Scan on store_sales_1_prt_13  (cost=0.00..1159820.00 rows=28014600 width=14)
                                                                                       ->  Result  (cost=0.00..1160753.00 rows=28037334 width=14)
                                                                                             One-Time Filter: PartSelected
                                                                                             ->  Append-only Columnar Scan on store_sales_1_prt_14  (cost=0.00..1160753.00 rows=28037334 width=14)
                                                                                       ->  Result  (cost=0.00..436710.00 rows=10548367 width=14)
                                                                                             One-Time Filter: PartSelected
                                                                                             ->  Append-only Columnar Scan on store_sales_1_prt_15  (cost=0.00..436710.00 rows=10548367 width=14)
                                                                                       ->  Result  (cost=0.00..336477.00 rows=8127134 width=14)
                                                                                             One-Time Filter: PartSelected
                                                                                             ->  Append-only Columnar Scan on store_sales_1_prt_16  (cost=0.00..336477.00 rows=8127134 width=14)
                                                                                       ->  Result  (cost=0.00..324706.00 rows=7842834 width=14)
                                                                                             One-Time Filter: PartSelected
                                                                                             ->  Append-only Columnar Scan on store_sales_1_prt_17  (cost=0.00..324706.00 rows=7842834 width=14)
                                                                                       ->  Result  (cost=0.00..336587.00 rows=8129867 width=14)
                                                                                             One-Time Filter: PartSelected
                                                                                             ->  Append-only Columnar Scan on store_sales_1_prt_18  (cost=0.00..336587.00 rows=8129867 width=14)
                                                                                       ->  Result  (cost=0.00..336153.00 rows=8119367 width=14)
                                                                                             One-Time Filter: PartSelected
                                                                                             ->  Append-only Columnar Scan on store_sales_1_prt_19  (cost=0.00..336153.00 rows=8119367 width=14)
                                                                                       ->  Result  (cost=0.00..336736.00 rows=8133367 width=14)
                                                                                             One-Time Filter: PartSelected
                                                                                             ->  Append-only Columnar Scan on store_sales_1_prt_20  (cost=0.00..336736.00 rows=8133367 width=14)
                                                                                       ->  Result  (cost=0.00..336190.00 rows=8120200 width=14)
                                                                                             One-Time Filter: PartSelected
                                                                                             ->  Append-only Columnar Scan on store_sales_1_prt_21  (cost=0.00..336190.00 rows=8120200 width=14)
                                                                                       ->  Result  (cost=0.00..474334.00 rows=11457100 width=14)
                                                                                             One-Time Filter: PartSelected
                                                                                             ->  Append-only Columnar Scan on store_sales_1_prt_22  (cost=0.00..474334.00 rows=11457100 width=14)
                                                                                       ->  Result  (cost=0.00..766084.00 rows=18504234 width=14)
                                                                                             One-Time Filter: PartSelected
                                                                                             ->  Append-only Columnar Scan on store_sales_1_prt_23  (cost=0.00..766084.00 rows=18504234 width=14)
                                                                                       ->  Result  (cost=0.00..765781.00 rows=18496900 width=14)
                                                                                             One-Time Filter: PartSelected
                                                                                             ->  Append-only Columnar Scan on store_sales_1_prt_24  (cost=0.00..765781.00 rows=18496900 width=14)
                                                                                       ->  Result  (cost=0.00..779443.00 rows=18826834 width=14)
                                                                                             One-Time Filter: PartSelected
                                                                                             ->  Append-only Columnar Scan on store_sales_1_prt_25  (cost=0.00..779443.00 rows=18826834 width=14)
                                                                                       ->  Result  (cost=0.00..1160832.00 rows=28039467 width=14)
                                                                                             One-Time Filter: PartSelected
                                                                                             ->  Append-only Columnar Scan on store_sales_1_prt_26  (cost=0.00..1160832.00 rows=28039467 width=14)
                                                                                       ->  Result  (cost=0.00..1160090.00 rows=28021400 width=14)
                                                                                             One-Time Filter: PartSelected
                                                                                             ->  Append-only Columnar Scan on store_sales_1_prt_27  (cost=0.00..1160090.00 rows=28021400 width=14)
                                                                                       ->  Result  (cost=0.00..465893.00 rows=11253134 width=14)
                                                                                             One-Time Filter: PartSelected
                                                                                             ->  Append-only Columnar Scan on store_sales_1_prt_28  (cost=0.00..465893.00 rows=11253134 width=14)
                                                                                       ->  Result  (cost=0.00..335914.00 rows=8113600 width=14)
                                                                                             One-Time Filter: PartSelected
                                                                                             ->  Append-only Columnar Scan on store_sales_1_prt_29  (cost=0.00..335914.00 rows=8113600 width=14)
                                                                                       ->  Result  (cost=0.00..336186.00 rows=8120167 width=14)
                                                                                             One-Time Filter: PartSelected
                                                                                             ->  Append-only Columnar Scan on store_sales_1_prt_30  (cost=0.00..336186.00 rows=8120167 width=14)
                                                                                       ->  Result  (cost=0.00..336014.00 rows=8115934 width=14)
                                                                                             One-Time Filter: PartSelected
                                                                                             ->  Append-only Columnar Scan on store_sales_1_prt_31  (cost=0.00..336014.00 rows=8115934 width=14)
                                                                                       ->  Result  (cost=0.00..335918.00 rows=8113667 width=14)
                                                                                             One-Time Filter: PartSelected
                                                                                             ->  Append-only Columnar Scan on store_sales_1_prt_32  (cost=0.00..335918.00 rows=8113667 width=14)
                                                                                       ->  Result  (cost=0.00..336069.00 rows=8117334 width=14)
                                                                                             One-Time Filter: PartSelected
                                                                                             ->  Append-only Columnar Scan on store_sales_1_prt_33  (cost=0.00..336069.00 rows=8117334 width=14)
                                                                                       ->  Result  (cost=0.00..335472.00 rows=8102900 width=14)
                                                                                             One-Time Filter: PartSelected
                                                                                             ->  Append-only Columnar Scan on store_sales_1_prt_34  (cost=0.00..335472.00 rows=8102900 width=14)
                                                                                       ->  Result  (cost=0.00..457985.00 rows=11062100 width=14)
                                                                                             One-Time Filter: PartSelected
                                                                                             ->  Append-only Columnar Scan on store_sales_1_prt_35  (cost=0.00..457985.00 rows=11062100 width=14)
                                                                                       ->  Result  (cost=0.00..764679.00 rows=18470400 width=14)
                                                                                             One-Time Filter: PartSelected
                                                                                             ->  Append-only Columnar Scan on store_sales_1_prt_36  (cost=0.00..764679.00 rows=18470400 width=14)
                                                                                       ->  Result  (cost=0.00..764030.00 rows=18454700 width=14)
                                                                                             One-Time Filter: PartSelected
                                                                                             ->  Append-only Columnar Scan on store_sales_1_prt_37  (cost=0.00..764030.00 rows=18454700 width=14)
                                                                                       ->  Result  (cost=0.00..764484.00 rows=18465634 width=14)
                                                                                             One-Time Filter: PartSelected
                                                                                             ->  Append-only Columnar Scan on store_sales_1_prt_38  (cost=0.00..764484.00 rows=18465634 width=14)
                                                                                       ->  Result  (cost=0.00..1158198.04 rows=27975568 width=14)
                                                                                             One-Time Filter: PartSelected
                                                                                             ->  Append-only Columnar Scan on store_sales_1_prt_39  (cost=0.00..1158198.04 rows=27975568 width=14)
                                                                                       ->  Result  (cost=0.00..1158199.04 rows=27975968 width=14)
                                                                                             One-Time Filter: PartSelected
                                                                                             ->  Append-only Columnar Scan on store_sales_1_prt_40  (cost=0.00..1158199.04 rows=27975968 width=14)
                                                                                       ->  Result  (cost=0.00..483138.00 rows=11669800 width=14)
                                                                                             One-Time Filter: PartSelected
                                                                                             ->  Append-only Columnar Scan on store_sales_1_prt_41  (cost=0.00..483138.00 rows=11669800 width=14)
                                                                                       ->  Result  (cost=0.00..336559.00 rows=8129100 width=14)
                                                                                             One-Time Filter: PartSelected
                                                                                             ->  Append-only Columnar Scan on store_sales_1_prt_42  (cost=0.00..336559.00 rows=8129100 width=14)
                                                                                       ->  Result  (cost=0.00..324602.00 rows=7840367 width=14)
                                                                                             One-Time Filter: PartSelected
                                                                                             ->  Append-only Columnar Scan on store_sales_1_prt_43  (cost=0.00..324602.00 rows=7840367 width=14)
                                                                                       ->  Result  (cost=0.00..336209.00 rows=8120567 width=14)
                                                                                             One-Time Filter: PartSelected
                                                                                             ->  Append-only Columnar Scan on store_sales_1_prt_44  (cost=0.00..336209.00 rows=8120567 width=14)
                                                                                       ->  Result  (cost=0.00..336313.00 rows=8123267 width=14)
                                                                                             One-Time Filter: PartSelected
                                                                                             ->  Append-only Columnar Scan on store_sales_1_prt_45  (cost=0.00..336313.00 rows=8123267 width=14)
                                                                                       ->  Result  (cost=0.00..336621.00 rows=8130734 width=14)
                                                                                             One-Time Filter: PartSelected
                                                                                             ->  Append-only Columnar Scan on store_sales_1_prt_46  (cost=0.00..336621.00 rows=8130734 width=14)
                                                                                       ->  Result  (cost=0.00..335906.00 rows=8113400 width=14)
                                                                                             One-Time Filter: PartSelected
                                                                                             ->  Append-only Columnar Scan on store_sales_1_prt_47  (cost=0.00..335906.00 rows=8113400 width=14)
                                                                                       ->  Result  (cost=0.00..428657.00 rows=10353800 width=14)
                                                                                             One-Time Filter: PartSelected
                                                                                             ->  Append-only Columnar Scan on store_sales_1_prt_48  (cost=0.00..428657.00 rows=10353800 width=14)
                                                                                       ->  Result  (cost=0.00..766560.00 rows=18515734 width=14)
                                                                                             One-Time Filter: PartSelected
                                                                                             ->  Append-only Columnar Scan on store_sales_1_prt_49  (cost=0.00..766560.00 rows=18515734 width=14)
                                                                                       ->  Result  (cost=0.00..766167.00 rows=18506234 width=14)
                                                                                             One-Time Filter: PartSelected
                                                                                             ->  Append-only Columnar Scan on store_sales_1_prt_50  (cost=0.00..766167.00 rows=18506234 width=14)
                                                                                       ->  Result  (cost=0.00..766196.00 rows=18506900 width=14)
                                                                                             One-Time Filter: PartSelected
                                                                                             ->  Append-only Columnar Scan on store_sales_1_prt_51  (cost=0.00..766196.00 rows=18506900 width=14)
                                                                                       ->  Result  (cost=0.00..1130938.00 rows=27317200 width=14)
                                                                                             One-Time Filter: PartSelected
                                                                                             ->  Append-only Columnar Scan on store_sales_1_prt_52  (cost=0.00..1130938.00 rows=27317200 width=14)
                                                                                       ->  Result  (cost=0.00..1160637.96 rows=28034566 width=14)
                                                                                             One-Time Filter: PartSelected
                                                                                             ->  Append-only Columnar Scan on store_sales_1_prt_53  (cost=0.00..1160637.96 rows=28034566 width=14)
                                                                                       ->  Result  (cost=0.00..555225.00 rows=13411000 width=14)
                                                                                             One-Time Filter: PartSelected
                                                                                             ->  Append-only Columnar Scan on store_sales_1_prt_54  (cost=0.00..555225.00 rows=13411000 width=14)
                                                                                       ->  Result  (cost=0.00..336782.00 rows=8134567 width=14)
                                                                                             One-Time Filter: PartSelected
                                                                                             ->  Append-only Columnar Scan on store_sales_1_prt_55  (cost=0.00..336782.00 rows=8134567 width=14)
                                                                                       ->  Result  (cost=0.00..324454.00 rows=7836734 width=14)
                                                                                             One-Time Filter: PartSelected
                                                                                             ->  Append-only Columnar Scan on store_sales_1_prt_56  (cost=0.00..324454.00 rows=7836734 width=14)
                                                                                       ->  Result  (cost=0.00..336546.00 rows=8128867 width=14)
                                                                                             One-Time Filter: PartSelected
                                                                                             ->  Append-only Columnar Scan on store_sales_1_prt_57  (cost=0.00..336546.00 rows=8128867 width=14)
                                                                                       ->  Result  (cost=0.00..336207.00 rows=8120667 width=14)
                                                                                             One-Time Filter: PartSelected
                                                                                             ->  Append-only Columnar Scan on store_sales_1_prt_58  (cost=0.00..336207.00 rows=8120667 width=14)
                                                                                       ->  Result  (cost=0.00..336578.00 rows=8129534 width=14)
                                                                                             One-Time Filter: PartSelected
                                                                                             ->  Append-only Columnar Scan on store_sales_1_prt_59  (cost=0.00..336578.00 rows=8129534 width=14)
                                                                                       ->  Result  (cost=0.00..336468.00 rows=8127067 width=14)
                                                                                             One-Time Filter: PartSelected
                                                                                             ->  Append-only Columnar Scan on store_sales_1_prt_60  (cost=0.00..336468.00 rows=8127067 width=14)
                                                                                       ->  Result  (cost=0.00..412992.00 rows=9975467 width=14)
                                                                                             One-Time Filter: PartSelected
                                                                                             ->  Append-only Columnar Scan on store_sales_1_prt_61  (cost=0.00..412992.00 rows=9975467 width=14)
                                                                                       ->  Result  (cost=0.00..765709.00 rows=18495234 width=14)
                                                                                             One-Time Filter: PartSelected
                                                                                             ->  Append-only Columnar Scan on store_sales_1_prt_62  (cost=0.00..765709.00 rows=18495234 width=14)
                                                                                       ->  Result  (cost=0.00..766176.00 rows=18506500 width=14)
                                                                                             One-Time Filter: PartSelected
                                                                                             ->  Append-only Columnar Scan on store_sales_1_prt_63  (cost=0.00..766176.00 rows=18506500 width=14)
                                                                                       ->  Result  (cost=0.00..766142.00 rows=18505834 width=14)
                                                                                             One-Time Filter: PartSelected
                                                                                             ->  Append-only Columnar Scan on store_sales_1_prt_64  (cost=0.00..766142.00 rows=18505834 width=14)
                                                                                       ->  Result  (cost=0.00..1117566.96 rows=26994166 width=14)
                                                                                             One-Time Filter: PartSelected
                                                                                             ->  Append-only Columnar Scan on store_sales_1_prt_65  (cost=0.00..1117566.96 rows=26994166 width=14)
                                                                                       ->  Result  (cost=0.00..1159645.96 rows=28010566 width=14)
                                                                                             One-Time Filter: PartSelected
                                                                                             ->  Append-only Columnar Scan on store_sales_1_prt_66  (cost=0.00..1159645.96 rows=28010566 width=14)
                                                                                       ->  Result  (cost=0.00..331321.00 rows=8002500 width=14)
                                                                                             One-Time Filter: PartSelected
                                                                                             ->  Append-only Columnar Scan on store_sales_1_prt_67  (cost=0.00..331321.00 rows=8002500 width=14)
                                                                                       ->  Result  (cost=0.00..1.00 rows=1 width=22)
                                                                                             One-Time Filter: PartSelected
                                                                                             ->  Append-only Columnar Scan on store_sales_1_prt_68  (cost=0.00..1.00 rows=1 width=22)
                                                                                       ->  Result  (cost=0.00..1.00 rows=1 width=22)
                                                                                             One-Time Filter: PartSelected
                                                                                             ->  Append-only Columnar Scan on store_sales_1_prt_69  (cost=0.00..1.00 rows=1 width=22)
                                                                                       ->  Result  (cost=0.00..1.00 rows=1 width=22)
                                                                                             One-Time Filter: PartSelected
                                                                                             ->  Append-only Columnar Scan on store_sales_1_prt_70  (cost=0.00..1.00 rows=1 width=22)
                                                                                       ->  Result  (cost=0.00..1.00 rows=1 width=22)
                                                                                             One-Time Filter: PartSelected
                                                                                             ->  Append-only Columnar Scan on store_sales_1_prt_71  (cost=0.00..1.00 rows=1 width=22)
                                                                                       ->  Result  (cost=0.00..1.00 rows=1 width=22)
                                                                                             One-Time Filter: PartSelected
                                                                                             ->  Append-only Columnar Scan on store_sales_1_prt_72  (cost=0.00..1.00 rows=1 width=22)
                                                                                       ->  Result  (cost=0.00..1.00 rows=1 width=22)
                                                                                             One-Time Filter: PartSelected
                                                                                             ->  Append-only Columnar Scan on store_sales_1_prt_73  (cost=0.00..1.00 rows=1 width=22)
                                                                                       ->  Result  (cost=0.00..1.00 rows=1 width=22)
                                                                                             One-Time Filter: PartSelected
                                                                                             ->  Append-only Columnar Scan on store_sales_1_prt_74  (cost=0.00..1.00 rows=1 width=22)
                                                                                       ->  Result  (cost=0.00..1.00 rows=1 width=22)
                                                                                             One-Time Filter: PartSelected
                                                                                             ->  Append-only Columnar Scan on store_sales_1_prt_75  (cost=0.00..1.00 rows=1 width=22)
                                                                                       ->  Result  (cost=0.00..1.00 rows=1 width=22)
                                                                                             One-Time Filter: PartSelected
                                                                                             ->  Append-only Columnar Scan on store_sales_1_prt_76  (cost=0.00..1.00 rows=1 width=22)
                                                                                       ->  Result  (cost=0.00..1.00 rows=1 width=22)
                                                                                             One-Time Filter: PartSelected
                                                                                             ->  Append-only Columnar Scan on store_sales_1_prt_77  (cost=0.00..1.00 rows=1 width=22)
                                                                                       ->  Result  (cost=0.00..1.00 rows=1 width=22)
                                                                                             One-Time Filter: PartSelected
                                                                                             ->  Append-only Columnar Scan on store_sales_1_prt_78  (cost=0.00..1.00 rows=1 width=22)
                                                                                       ->  Result  (cost=0.00..1.00 rows=1 width=22)
                                                                                             One-Time Filter: PartSelected
                                                                                             ->  Append-only Columnar Scan on store_sales_1_prt_79  (cost=0.00..1.00 rows=1 width=22)
                                                                                       ->  Result  (cost=0.00..1.00 rows=1 width=22)
                                                                                             One-Time Filter: PartSelected
                                                                                             ->  Append-only Columnar Scan on store_sales_1_prt_80  (cost=0.00..1.00 rows=1 width=22)
                                                                                 ->  Hash  (cost=1453.20..1453.20 rows=37 width=8)
                                                                                       ->  Partition Selector for store_sales (dynamic scan id: 1)  (cost=0.00..1453.20 rows=37 width=8)
                                                                                             Filter: date_dim_1.d_date_sk
                                                                                             ->  Broadcast Motion 3:3  (slice5; segments: 3)  (cost=0.00..1453.20 rows=37 width=8)
                                                                                                   ->  Seq Scan on date_dim date_dim_1  (cost=0.00..1451.73 rows=13 width=8)
                                                                                                         Filter: ((d_year = ANY ('{2001,2002}'::integer[])) AND (d_year = 2001))
                                                                     ->  Hash  (cost=178782.00..178782.00 rows=3999967 width=34)
                                                                           ->  Seq Scan on customer customer_1  (cost=0.00..178782.00 rows=3999967 width=34)
                                       ->  HashAggregate  (cost=0.02..0.03 rows=1 width=254)
                                             Group Key: c_customer_id, c_first_name, c_last_name, d_year
                                             ->  Result  (cost=0.00..0.01 rows=1 width=0)
                                                   One-Time Filter: false
               ->  Hash  (cost=8661.74..8661.74 rows=3720 width=300)
                     ->  Hash Join  (cost=1.01..8661.74 rows=11159 width=300)
                           Hash Cond: ((t_w_secyear.customer_id)::text = (t_s_secyear.customer_id)::text)
                           ->  Subquery Scan on t_w_secyear  (cost=0.00..7199.28 rows=359964 width=82)
                                 ->  Append  (cost=0.02..16033351.13 rows=359964 width=254)
                                       ->  HashAggregate  (cost=0.02..0.03 rows=1 width=254)
                                             Group Key: c_customer_id, c_first_name, c_last_name, d_year
                                             ->  Result  (cost=0.00..0.01 rows=1 width=0)
                                                   One-Time Filter: false
                                       ->  Gather Motion 3:1  (slice12; segments: 3)  (cost=16014668.34..16033351.08 rows=359963 width=254)
                                             ->  HashAggregate  (cost=16014668.34..16022552.19 rows=119988 width=254)
                                                   Group Key: customer_2.c_customer_id, customer_2.c_first_name, customer_2.c_last_name, date_dim_2.d_year
                                                   ->  Redistribute Motion 3:3  (slice11; segments: 3)  (cost=15991486.05..16002284.94 rows=119988 width=222)
                                                         Hash Key: customer_2.c_customer_id, customer_2.c_first_name, customer_2.c_last_name, date_dim_2.d_year
                                                         ->  HashAggregate  (cost=15991486.05..15995085.68 rows=119988 width=222)
                                                               Group Key: customer_2.c_customer_id, customer_2.c_first_name, customer_2.c_last_name, date_dim_2.d_year
                                                               ->  Hash Join  (cost=330235.32..15986986.50 rows=119988 width=40)
                                                                     Hash Cond: (web_sales_1_prt_outliers_1.ws_bill_customer_sk = customer_2.c_customer_sk)
                                                                     ->  Redistribute Motion 3:3  (slice10; segments: 3)  (cost=1454.57..15648306.15 rows=120001 width=14)
                                                                           Hash Key: web_sales_1_prt_outliers_1.ws_bill_customer_sk
                                                                           ->  Hash Join  (cost=1454.57..15641106.15 rows=120001 width=14)
                                                                                 Hash Cond: (web_sales_1_prt_outliers_1.ws_sold_date_sk = date_dim_2.d_date_sk)
                                                                                 ->  Append  (cost=0.00..11136051.31 rows=240000015 width=14)
                                                                                       ->  Result  (cost=0.00..2391.21 rows=59974 width=14)
                                                                                             One-Time Filter: PartSelected
                                                                                             ->  Append-only Columnar Scan on web_sales_1_prt_outliers web_sales_1_prt_outliers_1  (cost=0.00..2391.21 rows=59974 width=14)
                                                                                       ->  Result  (cost=0.00..94902.80 rows=2044794 width=14)
                                                                                             One-Time Filter: PartSelected
                                                                                             ->  Append-only Columnar Scan on web_sales_1_prt_2 web_sales_1_prt_2_1  (cost=0.00..94902.80 rows=2044794 width=14)
                                                                                       ->  Result  (cost=0.00..98794.40 rows=2129180 width=14)
                                                                                             One-Time Filter: PartSelected
                                                                                             ->  Append-only Columnar Scan on web_sales_1_prt_3 web_sales_1_prt_3_1  (cost=0.00..98794.40 rows=2129180 width=14)
                                                                                       ->  Result  (cost=0.00..95176.20 rows=2051340 width=14)
                                                                                             One-Time Filter: PartSelected
                                                                                             ->  Append-only Columnar Scan on web_sales_1_prt_4 web_sales_1_prt_4_1  (cost=0.00..95176.20 rows=2051340 width=14)
                                                                                       ->  Result  (cost=0.00..98886.20 rows=2130874 width=14)
                                                                                             One-Time Filter: PartSelected
                                                                                             ->  Append-only Columnar Scan on web_sales_1_prt_5 web_sales_1_prt_5_1  (cost=0.00..98886.20 rows=2130874 width=14)
                                                                                       ->  Result  (cost=0.00..98686.80 rows=2126394 width=14)
                                                                                             One-Time Filter: PartSelected
                                                                                             ->  Append-only Columnar Scan on web_sales_1_prt_6 web_sales_1_prt_6_1  (cost=0.00..98686.80 rows=2126394 width=14)
                                                                                       ->  Result  (cost=0.00..98900.30 rows=2131144 width=14)
                                                                                             One-Time Filter: PartSelected
                                                                                             ->  Append-only Columnar Scan on web_sales_1_prt_7 web_sales_1_prt_7_1  (cost=0.00..98900.30 rows=2131144 width=14)
                                                                                       ->  Result  (cost=0.00..98568.30 rows=2124144 width=14)
                                                                                             One-Time Filter: PartSelected
                                                                                             ->  Append-only Columnar Scan on web_sales_1_prt_8 web_sales_1_prt_8_1  (cost=0.00..98568.30 rows=2124144 width=14)
                                                                                       ->  Result  (cost=0.00..143675.40 rows=3096280 width=14)
                                                                                             One-Time Filter: PartSelected
                                                                                             ->  Append-only Columnar Scan on web_sales_1_prt_9 web_sales_1_prt_9_1  (cost=0.00..143675.40 rows=3096280 width=14)
                                                                                       ->  Result  (cost=0.00..224454.00 rows=4837567 width=14)
                                                                                             One-Time Filter: PartSelected
                                                                                             ->  Append-only Columnar Scan on web_sales_1_prt_10 web_sales_1_prt_10_1  (cost=0.00..224454.00 rows=4837567 width=14)
                                                                                       ->  Result  (cost=0.00..224538.00 rows=4838600 width=14)
                                                                                             One-Time Filter: PartSelected
                                                                                             ->  Append-only Columnar Scan on web_sales_1_prt_11 web_sales_1_prt_11_1  (cost=0.00..224538.00 rows=4838600 width=14)
                                                                                       ->  Result  (cost=0.00..232917.00 rows=5019700 width=14)
                                                                                             One-Time Filter: PartSelected
                                                                                             ->  Append-only Columnar Scan on web_sales_1_prt_12 web_sales_1_prt_12_1  (cost=0.00..232917.00 rows=5019700 width=14)
                                                                                       ->  Result  (cost=0.00..340347.00 rows=7335234 width=14)
                                                                                             One-Time Filter: PartSelected
                                                                                             ->  Append-only Columnar Scan on web_sales_1_prt_13 web_sales_1_prt_13_1  (cost=0.00..340347.00 rows=7335234 width=14)
                                                                                       ->  Result  (cost=0.00..339963.00 rows=7326700 width=14)
                                                                                             One-Time Filter: PartSelected
                                                                                             ->  Append-only Columnar Scan on web_sales_1_prt_14 web_sales_1_prt_14_1  (cost=0.00..339963.00 rows=7326700 width=14)
                                                                                       ->  Result  (cost=0.00..128058.80 rows=2759894 width=14)
                                                                                             One-Time Filter: PartSelected
                                                                                             ->  Append-only Columnar Scan on web_sales_1_prt_15 web_sales_1_prt_15_1  (cost=0.00..128058.80 rows=2759894 width=14)
                                                                                       ->  Result  (cost=0.00..98762.90 rows=2127930 width=14)
                                                                                             One-Time Filter: PartSelected
                                                                                             ->  Append-only Columnar Scan on web_sales_1_prt_16 web_sales_1_prt_16_1  (cost=0.00..98762.90 rows=2127930 width=14)
                                                                                       ->  Result  (cost=0.00..95130.30 rows=2049977 width=14)
                                                                                             One-Time Filter: PartSelected
                                                                                             ->  Append-only Columnar Scan on web_sales_1_prt_17 web_sales_1_prt_17_1  (cost=0.00..95130.30 rows=2049977 width=14)
                                                                                       ->  Result  (cost=0.00..98536.30 rows=2123477 width=14)
                                                                                             One-Time Filter: PartSelected
                                                                                             ->  Append-only Columnar Scan on web_sales_1_prt_18 web_sales_1_prt_18_1  (cost=0.00..98536.30 rows=2123477 width=14)
                                                                                       ->  Result  (cost=0.00..98763.80 rows=2128160 width=14)
                                                                                             One-Time Filter: PartSelected
                                                                                             ->  Append-only Columnar Scan on web_sales_1_prt_19 web_sales_1_prt_19_1  (cost=0.00..98763.80 rows=2128160 width=14)
                                                                                       ->  Result  (cost=0.00..98632.00 rows=2125534 width=14)
                                                                                             One-Time Filter: PartSelected
                                                                                             ->  Append-only Columnar Scan on web_sales_1_prt_20 web_sales_1_prt_20_1  (cost=0.00..98632.00 rows=2125534 width=14)
                                                                                       ->  Result  (cost=0.00..98600.90 rows=2124597 width=14)
                                                                                             One-Time Filter: PartSelected
                                                                                             ->  Append-only Columnar Scan on web_sales_1_prt_21 web_sales_1_prt_21_1  (cost=0.00..98600.90 rows=2124597 width=14)
                                                                                       ->  Result  (cost=0.00..139196.60 rows=2999954 width=14)
                                                                                             One-Time Filter: PartSelected
                                                                                             ->  Append-only Columnar Scan on web_sales_1_prt_22 web_sales_1_prt_22_1  (cost=0.00..139196.60 rows=2999954 width=14)
                                                                                       ->  Result  (cost=0.00..224702.00 rows=4842300 width=14)
                                                                                             One-Time Filter: PartSelected
                                                                                             ->  Append-only Columnar Scan on web_sales_1_prt_23 web_sales_1_prt_23_1  (cost=0.00..224702.00 rows=4842300 width=14)
                                                                                       ->  Result  (cost=0.00..224404.00 rows=4836067 width=14)
                                                                                             One-Time Filter: PartSelected
                                                                                             ->  Append-only Columnar Scan on web_sales_1_prt_24 web_sales_1_prt_24_1  (cost=0.00..224404.00 rows=4836067 width=14)
                                                                                       ->  Result  (cost=0.00..228579.00 rows=4926567 width=14)
                                                                                             One-Time Filter: PartSelected
                                                                                             ->  Append-only Columnar Scan on web_sales_1_prt_25 web_sales_1_prt_25_1  (cost=0.00..228579.00 rows=4926567 width=14)
                                                                                       ->  Result  (cost=0.00..340407.00 rows=7336234 width=14)
                                                                                             One-Time Filter: PartSelected
                                                                                             ->  Append-only Columnar Scan on web_sales_1_prt_26 web_sales_1_prt_26_1  (cost=0.00..340407.00 rows=7336234 width=14)
                                                                                       ->  Result  (cost=0.00..339824.00 rows=7323934 width=14)
                                                                                             One-Time Filter: PartSelected
                                                                                             ->  Append-only Columnar Scan on web_sales_1_prt_27 web_sales_1_prt_27_1  (cost=0.00..339824.00 rows=7323934 width=14)
                                                                                       ->  Result  (cost=0.00..136669.10 rows=2945270 width=14)
                                                                                             One-Time Filter: PartSelected
                                                                                             ->  Append-only Columnar Scan on web_sales_1_prt_28 web_sales_1_prt_28_1  (cost=0.00..136669.10 rows=2945270 width=14)
                                                                                       ->  Result  (cost=0.00..98265.40 rows=2117680 width=14)
                                                                                             One-Time Filter: PartSelected
                                                                                             ->  Append-only Columnar Scan on web_sales_1_prt_29 web_sales_1_prt_29_1  (cost=0.00..98265.40 rows=2117680 width=14)
                                                                                       ->  Result  (cost=0.00..98510.80 rows=2122894 width=14)
                                                                                             One-Time Filter: PartSelected
                                                                                             ->  Append-only Columnar Scan on web_sales_1_prt_30 web_sales_1_prt_30_1  (cost=0.00..98510.80 rows=2122894 width=14)
                                                                                       ->  Result  (cost=0.00..98626.80 rows=2125460 width=14)
                                                                                             One-Time Filter: PartSelected
                                                                                             ->  Append-only Columnar Scan on web_sales_1_prt_31 web_sales_1_prt_31_1  (cost=0.00..98626.80 rows=2125460 width=14)
                                                                                       ->  Result  (cost=0.00..98594.80 rows=2124860 width=14)
                                                                                             One-Time Filter: PartSelected
                                                                                             ->  Append-only Columnar Scan on web_sales_1_prt_32 web_sales_1_prt_32_1  (cost=0.00..98594.80 rows=2124860 width=14)
                                                                                       ->  Result  (cost=0.00..98426.60 rows=2121220 width=14)
                                                                                             One-Time Filter: PartSelected
                                                                                             ->  Append-only Columnar Scan on web_sales_1_prt_33 web_sales_1_prt_33_1  (cost=0.00..98426.60 rows=2121220 width=14)
                                                                                       ->  Result  (cost=0.00..98533.60 rows=2123320 width=14)
                                                                                             One-Time Filter: PartSelected
                                                                                             ->  Append-only Columnar Scan on web_sales_1_prt_34 web_sales_1_prt_34_1  (cost=0.00..98533.60 rows=2123320 width=14)
                                                                                       ->  Result  (cost=0.00..134141.00 rows=2890900 width=14)
                                                                                             One-Time Filter: PartSelected
                                                                                             ->  Append-only Columnar Scan on web_sales_1_prt_35 web_sales_1_prt_35_1  (cost=0.00..134141.00 rows=2890900 width=14)
                                                                                       ->  Result  (cost=0.00..224203.00 rows=4832167 width=14)
                                                                                             One-Time Filter: PartSelected
                                                                                             ->  Append-only Columnar Scan on web_sales_1_prt_36 web_sales_1_prt_36_1  (cost=0.00..224203.00 rows=4832167 width=14)
                                                                                       ->  Result  (cost=0.00..224486.00 rows=4838100 width=14)
                                                                                             One-Time Filter: PartSelected
                                                                                             ->  Append-only Columnar Scan on web_sales_1_prt_37 web_sales_1_prt_37_1  (cost=0.00..224486.00 rows=4838100 width=14)
                                                                                       ->  Result  (cost=0.00..224574.00 rows=4840000 width=14)
                                                                                             One-Time Filter: PartSelected
                                                                                             ->  Append-only Columnar Scan on web_sales_1_prt_38 web_sales_1_prt_38_1  (cost=0.00..224574.00 rows=4840000 width=14)
                                                                                       ->  Result  (cost=0.00..339843.00 rows=7323734 width=14)
                                                                                             One-Time Filter: PartSelected
                                                                                             ->  Append-only Columnar Scan on web_sales_1_prt_39 web_sales_1_prt_39_1  (cost=0.00..339843.00 rows=7323734 width=14)
                                                                                       ->  Result  (cost=0.00..339993.00 rows=7327400 width=14)
                                                                                             One-Time Filter: PartSelected
                                                                                             ->  Append-only Columnar Scan on web_sales_1_prt_40 web_sales_1_prt_40_1  (cost=0.00..339993.00 rows=7327400 width=14)
                                                                                       ->  Result  (cost=0.00..141767.90 rows=3054930 width=14)
                                                                                             One-Time Filter: PartSelected
                                                                                             ->  Append-only Columnar Scan on web_sales_1_prt_41 web_sales_1_prt_41_1  (cost=0.00..141767.90 rows=3054930 width=14)
                                                                                       ->  Result  (cost=0.00..98461.00 rows=2121867 width=14)
                                                                                             One-Time Filter: PartSelected
                                                                                             ->  Append-only Columnar Scan on web_sales_1_prt_42 web_sales_1_prt_42_1  (cost=0.00..98461.00 rows=2121867 width=14)
                                                                                       ->  Result  (cost=0.00..95277.50 rows=2053050 width=14)
                                                                                             One-Time Filter: PartSelected
                                                                                             ->  Append-only Columnar Scan on web_sales_1_prt_43 web_sales_1_prt_43_1  (cost=0.00..95277.50 rows=2053050 width=14)
                                                                                       ->  Result  (cost=0.00..98854.40 rows=2130480 width=14)
                                                                                             One-Time Filter: PartSelected
                                                                                             ->  Append-only Columnar Scan on web_sales_1_prt_44 web_sales_1_prt_44_1  (cost=0.00..98854.40 rows=2130480 width=14)
                                                                                       ->  Result  (cost=0.00..98738.70 rows=2127790 width=14)
                                                                                             One-Time Filter: PartSelected
                                                                                             ->  Append-only Columnar Scan on web_sales_1_prt_45 web_sales_1_prt_45_1  (cost=0.00..98738.70 rows=2127790 width=14)
                                                                                       ->  Result  (cost=0.00..98685.60 rows=2126654 width=14)
                                                                                             One-Time Filter: PartSelected
                                                                                             ->  Append-only Columnar Scan on web_sales_1_prt_46 web_sales_1_prt_46_1  (cost=0.00..98685.60 rows=2126654 width=14)
                                                                                       ->  Result  (cost=0.00..98998.50 rows=2133217 width=14)
                                                                                             One-Time Filter: PartSelected
                                                                                             ->  Append-only Columnar Scan on web_sales_1_prt_47 web_sales_1_prt_47_1  (cost=0.00..98998.50 rows=2133217 width=14)
                                                                                       ->  Result  (cost=0.00..125716.80 rows=2709260 width=14)
                                                                                             One-Time Filter: PartSelected
                                                                                             ->  Append-only Columnar Scan on web_sales_1_prt_48 web_sales_1_prt_48_1  (cost=0.00..125716.80 rows=2709260 width=14)
                                                                                       ->  Result  (cost=0.00..224729.00 rows=4843367 width=14)
                                                                                             One-Time Filter: PartSelected
                                                                                             ->  Append-only Columnar Scan on web_sales_1_prt_49 web_sales_1_prt_49_1  (cost=0.00..224729.00 rows=4843367 width=14)
                                                                                       ->  Result  (cost=0.00..224641.00 rows=4841034 width=14)
                                                                                             One-Time Filter: PartSelected
                                                                                             ->  Append-only Columnar Scan on web_sales_1_prt_50 web_sales_1_prt_50_1  (cost=0.00..224641.00 rows=4841034 width=14)
                                                                                       ->  Result  (cost=0.00..224630.00 rows=4841267 width=14)
                                                                                             One-Time Filter: PartSelected
                                                                                             ->  Append-only Columnar Scan on web_sales_1_prt_51 web_sales_1_prt_51_1  (cost=0.00..224630.00 rows=4841267 width=14)
                                                                                       ->  Result  (cost=0.00..332139.00 rows=7158600 width=14)
                                                                                             One-Time Filter: PartSelected
                                                                                             ->  Append-only Columnar Scan on web_sales_1_prt_52 web_sales_1_prt_52_1  (cost=0.00..332139.00 rows=7158600 width=14)
                                                                                       ->  Result  (cost=0.00..340420.00 rows=7336634 width=14)
                                                                                             One-Time Filter: PartSelected
                                                                                             ->  Append-only Columnar Scan on web_sales_1_prt_53 web_sales_1_prt_53_1  (cost=0.00..340420.00 rows=7336634 width=14)
                                                                                       ->  Result  (cost=0.00..162712.00 rows=3506534 width=14)
                                                                                             One-Time Filter: PartSelected
                                                                                             ->  Append-only Columnar Scan on web_sales_1_prt_54 web_sales_1_prt_54_1  (cost=0.00..162712.00 rows=3506534 width=14)
                                                                                       ->  Result  (cost=0.00..98867.20 rows=2130440 width=14)
                                                                                             One-Time Filter: PartSelected
                                                                                             ->  Append-only Columnar Scan on web_sales_1_prt_55 web_sales_1_prt_55_1  (cost=0.00..98867.20 rows=2130440 width=14)
                                                                                       ->  Result  (cost=0.00..95121.00 rows=2049967 width=14)
                                                                                             One-Time Filter: PartSelected
                                                                                             ->  Append-only Columnar Scan on web_sales_1_prt_56 web_sales_1_prt_56_1  (cost=0.00..95121.00 rows=2049967 width=14)
                                                                                       ->  Result  (cost=0.00..98600.60 rows=2124820 width=14)
                                                                                             One-Time Filter: PartSelected
                                                                                             ->  Append-only Columnar Scan on web_sales_1_prt_57 web_sales_1_prt_57_1  (cost=0.00..98600.60 rows=2124820 width=14)
                                                                                       ->  Result  (cost=0.00..98639.10 rows=2125604 width=14)
                                                                                             One-Time Filter: PartSelected
                                                                                             ->  Append-only Columnar Scan on web_sales_1_prt_58 web_sales_1_prt_58_1  (cost=0.00..98639.10 rows=2125604 width=14)
                                                                                       ->  Result  (cost=0.00..98591.40 rows=2124880 width=14)
                                                                                             One-Time Filter: PartSelected
                                                                                             ->  Append-only Columnar Scan on web_sales_1_prt_59 web_sales_1_prt_59_1  (cost=0.00..98591.40 rows=2124880 width=14)
                                                                                       ->  Result  (cost=0.00..98868.30 rows=2130610 width=14)
                                                                                             One-Time Filter: PartSelected
                                                                                             ->  Append-only Columnar Scan on web_sales_1_prt_60 web_sales_1_prt_60_1  (cost=0.00..98868.30 rows=2130610 width=14)
                                                                                       ->  Result  (cost=0.00..121113.60 rows=2609954 width=14)
                                                                                             One-Time Filter: PartSelected
                                                                                             ->  Append-only Columnar Scan on web_sales_1_prt_61 web_sales_1_prt_61_1  (cost=0.00..121113.60 rows=2609954 width=14)
                                                                                       ->  Result  (cost=0.00..224388.00 rows=4835634 width=14)
                                                                                             One-Time Filter: PartSelected
                                                                                             ->  Append-only Columnar Scan on web_sales_1_prt_62 web_sales_1_prt_62_1  (cost=0.00..224388.00 rows=4835634 width=14)
                                                                                       ->  Result  (cost=0.00..224495.00 rows=4837834 width=14)
                                                                                             One-Time Filter: PartSelected
                                                                                             ->  Append-only Columnar Scan on web_sales_1_prt_63 web_sales_1_prt_63_1  (cost=0.00..224495.00 rows=4837834 width=14)
                                                                                       ->  Result  (cost=0.00..224520.00 rows=4838767 width=14)
                                                                                             One-Time Filter: PartSelected
                                                                                             ->  Append-only Columnar Scan on web_sales_1_prt_64 web_sales_1_prt_64_1  (cost=0.00..224520.00 rows=4838767 width=14)
                                                                                       ->  Result  (cost=0.00..328357.00 rows=7076767 width=14)
                                                                                             One-Time Filter: PartSelected
                                                                                             ->  Append-only Columnar Scan on web_sales_1_prt_65 web_sales_1_prt_65_1  (cost=0.00..328357.00 rows=7076767 width=14)
                                                                                       ->  Result  (cost=0.00..340970.00 rows=7348567 width=14)
                                                                                             One-Time Filter: PartSelected
                                                                                             ->  Append-only Columnar Scan on web_sales_1_prt_66 web_sales_1_prt_66_1  (cost=0.00..340970.00 rows=7348567 width=14)
                                                                                       ->  Result  (cost=0.00..97070.40 rows=2091947 width=14)
                                                                                             One-Time Filter: PartSelected
                                                                                             ->  Append-only Columnar Scan on web_sales_1_prt_67 web_sales_1_prt_67_1  (cost=0.00..97070.40 rows=2091947 width=14)
                                                                                       ->  Result  (cost=0.00..1.00 rows=1 width=22)
                                                                                             One-Time Filter: PartSelected
                                                                                             ->  Append-only Columnar Scan on web_sales_1_prt_68 web_sales_1_prt_68_1  (cost=0.00..1.00 rows=1 width=22)
                                                                                       ->  Result  (cost=0.00..1.00 rows=1 width=22)
                                                                                             One-Time Filter: PartSelected
                                                                                             ->  Append-only Columnar Scan on web_sales_1_prt_69 web_sales_1_prt_69_1  (cost=0.00..1.00 rows=1 width=22)
                                                                                       ->  Result  (cost=0.00..1.00 rows=1 width=22)
                                                                                             One-Time Filter: PartSelected
                                                                                             ->  Append-only Columnar Scan on web_sales_1_prt_70 web_sales_1_prt_70_1  (cost=0.00..1.00 rows=1 width=22)
                                                                                       ->  Result  (cost=0.00..1.00 rows=1 width=22)
                                                                                             One-Time Filter: PartSelected
                                                                                             ->  Append-only Columnar Scan on web_sales_1_prt_71 web_sales_1_prt_71_1  (cost=0.00..1.00 rows=1 width=22)
                                                                                       ->  Result  (cost=0.00..1.00 rows=1 width=22)
                                                                                             One-Time Filter: PartSelected
                                                                                             ->  Append-only Columnar Scan on web_sales_1_prt_72 web_sales_1_prt_72_1  (cost=0.00..1.00 rows=1 width=22)
                                                                                       ->  Result  (cost=0.00..1.00 rows=1 width=22)
                                                                                             One-Time Filter: PartSelected
                                                                                             ->  Append-only Columnar Scan on web_sales_1_prt_73 web_sales_1_prt_73_1  (cost=0.00..1.00 rows=1 width=22)
                                                                                       ->  Result  (cost=0.00..1.00 rows=1 width=22)
                                                                                             One-Time Filter: PartSelected
                                                                                             ->  Append-only Columnar Scan on web_sales_1_prt_74 web_sales_1_prt_74_1  (cost=0.00..1.00 rows=1 width=22)
                                                                                       ->  Result  (cost=0.00..1.00 rows=1 width=22)
                                                                                             One-Time Filter: PartSelected
                                                                                             ->  Append-only Columnar Scan on web_sales_1_prt_75 web_sales_1_prt_75_1  (cost=0.00..1.00 rows=1 width=22)
                                                                                       ->  Result  (cost=0.00..1.00 rows=1 width=22)
                                                                                             One-Time Filter: PartSelected
                                                                                             ->  Append-only Columnar Scan on web_sales_1_prt_76 web_sales_1_prt_76_1  (cost=0.00..1.00 rows=1 width=22)
                                                                                       ->  Result  (cost=0.00..1.00 rows=1 width=22)
                                                                                             One-Time Filter: PartSelected
                                                                                             ->  Append-only Columnar Scan on web_sales_1_prt_77 web_sales_1_prt_77_1  (cost=0.00..1.00 rows=1 width=22)
                                                                                       ->  Result  (cost=0.00..1.00 rows=1 width=22)
                                                                                             One-Time Filter: PartSelected
                                                                                             ->  Append-only Columnar Scan on web_sales_1_prt_78 web_sales_1_prt_78_1  (cost=0.00..1.00 rows=1 width=22)
                                                                                       ->  Result  (cost=0.00..1.00 rows=1 width=22)
                                                                                             One-Time Filter: PartSelected
                                                                                             ->  Append-only Columnar Scan on web_sales_1_prt_79 web_sales_1_prt_79_1  (cost=0.00..1.00 rows=1 width=22)
                                                                                       ->  Result  (cost=0.00..1.00 rows=1 width=22)
                                                                                             One-Time Filter: PartSelected
                                                                                             ->  Append-only Columnar Scan on web_sales_1_prt_80 web_sales_1_prt_80_1  (cost=0.00..1.00 rows=1 width=22)
                                                                                 ->  Hash  (cost=1453.20..1453.20 rows=37 width=8)
                                                                                       ->  Partition Selector for web_sales (dynamic scan id: 1)  (cost=0.00..1453.20 rows=37 width=8)
                                                                                             Filter: date_dim_2.d_date_sk
                                                                                             ->  Broadcast Motion 3:3  (slice9; segments: 3)  (cost=0.00..1453.20 rows=37 width=8)
                                                                                                   ->  Seq Scan on date_dim date_dim_2  (cost=0.00..1451.73 rows=13 width=8)
                                                                                                         Filter: ((d_year = ANY ('{2001,2002}'::integer[])) AND (d_year = 2002))
                                                                     ->  Hash  (cost=178782.00..178782.00 rows=3999967 width=34)
                                                                           ->  Seq Scan on customer customer_2  (cost=0.00..178782.00 rows=3999967 width=34)
                           ->  Hash  (cost=0.62..0.62 rows=11 width=218)
                                 ->  Subquery Scan on t_s_secyear  (cost=0.00..0.62 rows=31 width=218)
                                       ->  Append  (cost=57854802.91..57854804.15 rows=31 width=249)
                                             ->  Gather Motion 3:1  (slice16; segments: 3)  (cost=57854802.91..57854804.11 rows=30 width=254)
                                                   ->  HashAggregate  (cost=57854802.91..57854803.21 rows=10 width=254)
                                                         Group Key: customer_3.c_customer_id, customer_3.c_first_name, customer_3.c_last_name, date_dim_3.d_year
                                                         ->  Redistribute Motion 3:3  (slice15; segments: 3)  (cost=57854801.63..57854802.23 rows=10 width=222)
                                                               Hash Key: customer_3.c_customer_id, customer_3.c_first_name, customer_3.c_last_name, date_dim_3.d_year
                                                               ->  HashAggregate  (cost=57854801.63..57854801.63 rows=10 width=222)
                                                                     Group Key: customer_3.c_customer_id, customer_3.c_first_name, customer_3.c_last_name, date_dim_3.d_year
                                                                     ->  Hash Join  (cost=330235.32..57854801.25 rows=11 width=40)
                                                                           Hash Cond: (store_sales_1_prt_outliers_1.ss_customer_sk = customer_3.c_customer_sk)
                                                                           ->  Redistribute Motion 3:3  (slice14; segments: 3)  (cost=1454.57..57526019.65 rows=11 width=14)
                                                                                 Hash Key: store_sales_1_prt_outliers_1.ss_customer_sk
                                                                                 ->  Hash Join  (cost=1454.57..57526019.02 rows=11 width=14)
                                                                                       Hash Cond: (store_sales_1_prt_outliers_1.ss_sold_date_sk = date_dim_3.d_date_sk)
                                                                                       ->  Append  (cost=0.00..39524635.96 rows=959996170 width=14)
                                                                                             ->  Result  (cost=0.00..1568615.00 rows=43200334 width=14)
                                                                                                   One-Time Filter: PartSelected
                                                                                                   ->  Append-only Columnar Scan on store_sales_1_prt_outliers store_sales_1_prt_outliers_1  (cost=0.00..1568615.00 rows=43200334 width=14)
                                                                                             ->  Result  (cost=0.00..324595.00 rows=7840134 width=14)
                                                                                                   One-Time Filter: PartSelected
                                                                                                   ->  Append-only Columnar Scan on store_sales_1_prt_2 store_sales_1_prt_2_1  (cost=0.00..324595.00 rows=7840134 width=14)
                                                                                             ->  Result  (cost=0.00..336211.00 rows=8120800 width=14)
                                                                                                   One-Time Filter: PartSelected
                                                                                                   ->  Append-only Columnar Scan on store_sales_1_prt_3 store_sales_1_prt_3_1  (cost=0.00..336211.00 rows=8120800 width=14)
                                                                                             ->  Result  (cost=0.00..324382.00 rows=7834967 width=14)
                                                                                                   One-Time Filter: PartSelected
                                                                                                   ->  Append-only Columnar Scan on store_sales_1_prt_4 store_sales_1_prt_4_1  (cost=0.00..324382.00 rows=7834967 width=14)
                                                                                             ->  Result  (cost=0.00..336381.00 rows=8124734 width=14)
                                                                                                   One-Time Filter: PartSelected
                                                                                                   ->  Append-only Columnar Scan on store_sales_1_prt_5 store_sales_1_prt_5_1  (cost=0.00..336381.00 rows=8124734 width=14)
                                                                                             ->  Result  (cost=0.00..336417.00 rows=8125800 width=14)
                                                                                                   One-Time Filter: PartSelected
                                                                                                   ->  Append-only Columnar Scan on store_sales_1_prt_6 store_sales_1_prt_6_1  (cost=0.00..336417.00 rows=8125800 width=14)
                                                                                             ->  Result  (cost=0.00..336453.00 rows=8126567 width=14)
                                                                                                   One-Time Filter: PartSelected
                                                                                                   ->  Append-only Columnar Scan on store_sales_1_prt_7 store_sales_1_prt_7_1  (cost=0.00..336453.00 rows=8126567 width=14)
                                                                                             ->  Result  (cost=0.00..336058.00 rows=8116967 width=14)
                                                                                                   One-Time Filter: PartSelected
                                                                                                   ->  Append-only Columnar Scan on store_sales_1_prt_8 store_sales_1_prt_8_1  (cost=0.00..336058.00 rows=8116967 width=14)
                                                                                             ->  Result  (cost=0.00..489738.00 rows=11829267 width=14)
                                                                                                   One-Time Filter: PartSelected
                                                                                                   ->  Append-only Columnar Scan on store_sales_1_prt_9 store_sales_1_prt_9_1  (cost=0.00..489738.00 rows=11829267 width=14)
                                                                                             ->  Result  (cost=0.00..765474.00 rows=18489534 width=14)
                                                                                                   One-Time Filter: PartSelected
                                                                                                   ->  Append-only Columnar Scan on store_sales_1_prt_10 store_sales_1_prt_10_1  (cost=0.00..765474.00 rows=18489534 width=14)
                                                                                             ->  Result  (cost=0.00..766278.00 rows=18508900 width=14)
                                                                                                   One-Time Filter: PartSelected
                                                                                                   ->  Append-only Columnar Scan on store_sales_1_prt_11 store_sales_1_prt_11_1  (cost=0.00..766278.00 rows=18508900 width=14)
                                                                                             ->  Result  (cost=0.00..793967.00 rows=19177700 width=14)
                                                                                                   One-Time Filter: PartSelected
                                                                                                   ->  Append-only Columnar Scan on store_sales_1_prt_12 store_sales_1_prt_12_1  (cost=0.00..793967.00 rows=19177700 width=14)
                                                                                             ->  Result  (cost=0.00..1159820.00 rows=28014600 width=14)
                                                                                                   One-Time Filter: PartSelected
                                                                                                   ->  Append-only Columnar Scan on store_sales_1_prt_13 store_sales_1_prt_13_1  (cost=0.00..1159820.00 rows=28014600 width=14)
                                                                                             ->  Result  (cost=0.00..1160753.00 rows=28037334 width=14)
                                                                                                   One-Time Filter: PartSelected
                                                                                                   ->  Append-only Columnar Scan on store_sales_1_prt_14 store_sales_1_prt_14_1  (cost=0.00..1160753.00 rows=28037334 width=14)
                                                                                             ->  Result  (cost=0.00..436710.00 rows=10548367 width=14)
                                                                                                   One-Time Filter: PartSelected
                                                                                                   ->  Append-only Columnar Scan on store_sales_1_prt_15 store_sales_1_prt_15_1  (cost=0.00..436710.00 rows=10548367 width=14)
                                                                                             ->  Result  (cost=0.00..336477.00 rows=8127134 width=14)
                                                                                                   One-Time Filter: PartSelected
                                                                                                   ->  Append-only Columnar Scan on store_sales_1_prt_16 store_sales_1_prt_16_1  (cost=0.00..336477.00 rows=8127134 width=14)
                                                                                             ->  Result  (cost=0.00..324706.00 rows=7842834 width=14)
                                                                                                   One-Time Filter: PartSelected
                                                                                                   ->  Append-only Columnar Scan on store_sales_1_prt_17 store_sales_1_prt_17_1  (cost=0.00..324706.00 rows=7842834 width=14)
                                                                                             ->  Result  (cost=0.00..336587.00 rows=8129867 width=14)
                                                                                                   One-Time Filter: PartSelected
                                                                                                   ->  Append-only Columnar Scan on store_sales_1_prt_18 store_sales_1_prt_18_1  (cost=0.00..336587.00 rows=8129867 width=14)
                                                                                             ->  Result  (cost=0.00..336153.00 rows=8119367 width=14)
                                                                                                   One-Time Filter: PartSelected
                                                                                                   ->  Append-only Columnar Scan on store_sales_1_prt_19 store_sales_1_prt_19_1  (cost=0.00..336153.00 rows=8119367 width=14)
                                                                                             ->  Result  (cost=0.00..336736.00 rows=8133367 width=14)
                                                                                                   One-Time Filter: PartSelected
                                                                                                   ->  Append-only Columnar Scan on store_sales_1_prt_20 store_sales_1_prt_20_1  (cost=0.00..336736.00 rows=8133367 width=14)
                                                                                             ->  Result  (cost=0.00..336190.00 rows=8120200 width=14)
                                                                                                   One-Time Filter: PartSelected
                                                                                                   ->  Append-only Columnar Scan on store_sales_1_prt_21 store_sales_1_prt_21_1  (cost=0.00..336190.00 rows=8120200 width=14)
                                                                                             ->  Result  (cost=0.00..474334.00 rows=11457100 width=14)
                                                                                                   One-Time Filter: PartSelected
                                                                                                   ->  Append-only Columnar Scan on store_sales_1_prt_22 store_sales_1_prt_22_1  (cost=0.00..474334.00 rows=11457100 width=14)
                                                                                             ->  Result  (cost=0.00..766084.00 rows=18504234 width=14)
                                                                                                   One-Time Filter: PartSelected
                                                                                                   ->  Append-only Columnar Scan on store_sales_1_prt_23 store_sales_1_prt_23_1  (cost=0.00..766084.00 rows=18504234 width=14)
                                                                                             ->  Result  (cost=0.00..765781.00 rows=18496900 width=14)
                                                                                                   One-Time Filter: PartSelected
                                                                                                   ->  Append-only Columnar Scan on store_sales_1_prt_24 store_sales_1_prt_24_1  (cost=0.00..765781.00 rows=18496900 width=14)
                                                                                             ->  Result  (cost=0.00..779443.00 rows=18826834 width=14)
                                                                                                   One-Time Filter: PartSelected
                                                                                                   ->  Append-only Columnar Scan on store_sales_1_prt_25 store_sales_1_prt_25_1  (cost=0.00..779443.00 rows=18826834 width=14)
                                                                                             ->  Result  (cost=0.00..1160832.00 rows=28039467 width=14)
                                                                                                   One-Time Filter: PartSelected
                                                                                                   ->  Append-only Columnar Scan on store_sales_1_prt_26 store_sales_1_prt_26_1  (cost=0.00..1160832.00 rows=28039467 width=14)
                                                                                             ->  Result  (cost=0.00..1160090.00 rows=28021400 width=14)
                                                                                                   One-Time Filter: PartSelected
                                                                                                   ->  Append-only Columnar Scan on store_sales_1_prt_27 store_sales_1_prt_27_1  (cost=0.00..1160090.00 rows=28021400 width=14)
                                                                                             ->  Result  (cost=0.00..465893.00 rows=11253134 width=14)
                                                                                                   One-Time Filter: PartSelected
                                                                                                   ->  Append-only Columnar Scan on store_sales_1_prt_28 store_sales_1_prt_28_1  (cost=0.00..465893.00 rows=11253134 width=14)
                                                                                             ->  Result  (cost=0.00..335914.00 rows=8113600 width=14)
                                                                                                   One-Time Filter: PartSelected
                                                                                                   ->  Append-only Columnar Scan on store_sales_1_prt_29 store_sales_1_prt_29_1  (cost=0.00..335914.00 rows=8113600 width=14)
                                                                                             ->  Result  (cost=0.00..336186.00 rows=8120167 width=14)
                                                                                                   One-Time Filter: PartSelected
                                                                                                   ->  Append-only Columnar Scan on store_sales_1_prt_30 store_sales_1_prt_30_1  (cost=0.00..336186.00 rows=8120167 width=14)
                                                                                             ->  Result  (cost=0.00..336014.00 rows=8115934 width=14)
                                                                                                   One-Time Filter: PartSelected
                                                                                                   ->  Append-only Columnar Scan on store_sales_1_prt_31 store_sales_1_prt_31_1  (cost=0.00..336014.00 rows=8115934 width=14)
                                                                                             ->  Result  (cost=0.00..335918.00 rows=8113667 width=14)
                                                                                                   One-Time Filter: PartSelected
                                                                                                   ->  Append-only Columnar Scan on store_sales_1_prt_32 store_sales_1_prt_32_1  (cost=0.00..335918.00 rows=8113667 width=14)
                                                                                             ->  Result  (cost=0.00..336069.00 rows=8117334 width=14)
                                                                                                   One-Time Filter: PartSelected
                                                                                                   ->  Append-only Columnar Scan on store_sales_1_prt_33 store_sales_1_prt_33_1  (cost=0.00..336069.00 rows=8117334 width=14)
                                                                                             ->  Result  (cost=0.00..335472.00 rows=8102900 width=14)
                                                                                                   One-Time Filter: PartSelected
                                                                                                   ->  Append-only Columnar Scan on store_sales_1_prt_34 store_sales_1_prt_34_1  (cost=0.00..335472.00 rows=8102900 width=14)
                                                                                             ->  Result  (cost=0.00..457985.00 rows=11062100 width=14)
                                                                                                   One-Time Filter: PartSelected
                                                                                                   ->  Append-only Columnar Scan on store_sales_1_prt_35 store_sales_1_prt_35_1  (cost=0.00..457985.00 rows=11062100 width=14)
                                                                                             ->  Result  (cost=0.00..764679.00 rows=18470400 width=14)
                                                                                                   One-Time Filter: PartSelected
                                                                                                   ->  Append-only Columnar Scan on store_sales_1_prt_36 store_sales_1_prt_36_1  (cost=0.00..764679.00 rows=18470400 width=14)
                                                                                             ->  Result  (cost=0.00..764030.00 rows=18454700 width=14)
                                                                                                   One-Time Filter: PartSelected
                                                                                                   ->  Append-only Columnar Scan on store_sales_1_prt_37 store_sales_1_prt_37_1  (cost=0.00..764030.00 rows=18454700 width=14)
                                                                                             ->  Result  (cost=0.00..764484.00 rows=18465634 width=14)
                                                                                                   One-Time Filter: PartSelected
                                                                                                   ->  Append-only Columnar Scan on store_sales_1_prt_38 store_sales_1_prt_38_1  (cost=0.00..764484.00 rows=18465634 width=14)
                                                                                             ->  Result  (cost=0.00..1158198.04 rows=27975568 width=14)
                                                                                                   One-Time Filter: PartSelected
                                                                                                   ->  Append-only Columnar Scan on store_sales_1_prt_39 store_sales_1_prt_39_1  (cost=0.00..1158198.04 rows=27975568 width=14)
                                                                                             ->  Result  (cost=0.00..1158199.04 rows=27975968 width=14)
                                                                                                   One-Time Filter: PartSelected
                                                                                                   ->  Append-only Columnar Scan on store_sales_1_prt_40 store_sales_1_prt_40_1  (cost=0.00..1158199.04 rows=27975968 width=14)
                                                                                             ->  Result  (cost=0.00..483138.00 rows=11669800 width=14)
                                                                                                   One-Time Filter: PartSelected
                                                                                                   ->  Append-only Columnar Scan on store_sales_1_prt_41 store_sales_1_prt_41_1  (cost=0.00..483138.00 rows=11669800 width=14)
                                                                                             ->  Result  (cost=0.00..336559.00 rows=8129100 width=14)
                                                                                                   One-Time Filter: PartSelected
                                                                                                   ->  Append-only Columnar Scan on store_sales_1_prt_42 store_sales_1_prt_42_1  (cost=0.00..336559.00 rows=8129100 width=14)
                                                                                             ->  Result  (cost=0.00..324602.00 rows=7840367 width=14)
                                                                                                   One-Time Filter: PartSelected
                                                                                                   ->  Append-only Columnar Scan on store_sales_1_prt_43 store_sales_1_prt_43_1  (cost=0.00..324602.00 rows=7840367 width=14)
                                                                                             ->  Result  (cost=0.00..336209.00 rows=8120567 width=14)
                                                                                                   One-Time Filter: PartSelected
                                                                                                   ->  Append-only Columnar Scan on store_sales_1_prt_44 store_sales_1_prt_44_1  (cost=0.00..336209.00 rows=8120567 width=14)
                                                                                             ->  Result  (cost=0.00..336313.00 rows=8123267 width=14)
                                                                                                   One-Time Filter: PartSelected
                                                                                                   ->  Append-only Columnar Scan on store_sales_1_prt_45 store_sales_1_prt_45_1  (cost=0.00..336313.00 rows=8123267 width=14)
                                                                                             ->  Result  (cost=0.00..336621.00 rows=8130734 width=14)
                                                                                                   One-Time Filter: PartSelected
                                                                                                   ->  Append-only Columnar Scan on store_sales_1_prt_46 store_sales_1_prt_46_1  (cost=0.00..336621.00 rows=8130734 width=14)
                                                                                             ->  Result  (cost=0.00..335906.00 rows=8113400 width=14)
                                                                                                   One-Time Filter: PartSelected
                                                                                                   ->  Append-only Columnar Scan on store_sales_1_prt_47 store_sales_1_prt_47_1  (cost=0.00..335906.00 rows=8113400 width=14)
                                                                                             ->  Result  (cost=0.00..428657.00 rows=10353800 width=14)
                                                                                                   One-Time Filter: PartSelected
                                                                                                   ->  Append-only Columnar Scan on store_sales_1_prt_48 store_sales_1_prt_48_1  (cost=0.00..428657.00 rows=10353800 width=14)
                                                                                             ->  Result  (cost=0.00..766560.00 rows=18515734 width=14)
                                                                                                   One-Time Filter: PartSelected
                                                                                                   ->  Append-only Columnar Scan on store_sales_1_prt_49 store_sales_1_prt_49_1  (cost=0.00..766560.00 rows=18515734 width=14)
                                                                                             ->  Result  (cost=0.00..766167.00 rows=18506234 width=14)
                                                                                                   One-Time Filter: PartSelected
                                                                                                   ->  Append-only Columnar Scan on store_sales_1_prt_50 store_sales_1_prt_50_1  (cost=0.00..766167.00 rows=18506234 width=14)
                                                                                             ->  Result  (cost=0.00..766196.00 rows=18506900 width=14)
                                                                                                   One-Time Filter: PartSelected
                                                                                                   ->  Append-only Columnar Scan on store_sales_1_prt_51 store_sales_1_prt_51_1  (cost=0.00..766196.00 rows=18506900 width=14)
                                                                                             ->  Result  (cost=0.00..1130938.00 rows=27317200 width=14)
                                                                                                   One-Time Filter: PartSelected
                                                                                                   ->  Append-only Columnar Scan on store_sales_1_prt_52 store_sales_1_prt_52_1  (cost=0.00..1130938.00 rows=27317200 width=14)
                                                                                             ->  Result  (cost=0.00..1160637.96 rows=28034566 width=14)
                                                                                                   One-Time Filter: PartSelected
                                                                                                   ->  Append-only Columnar Scan on store_sales_1_prt_53 store_sales_1_prt_53_1  (cost=0.00..1160637.96 rows=28034566 width=14)
                                                                                             ->  Result  (cost=0.00..555225.00 rows=13411000 width=14)
                                                                                                   One-Time Filter: PartSelected
                                                                                                   ->  Append-only Columnar Scan on store_sales_1_prt_54 store_sales_1_prt_54_1  (cost=0.00..555225.00 rows=13411000 width=14)
                                                                                             ->  Result  (cost=0.00..336782.00 rows=8134567 width=14)
                                                                                                   One-Time Filter: PartSelected
                                                                                                   ->  Append-only Columnar Scan on store_sales_1_prt_55 store_sales_1_prt_55_1  (cost=0.00..336782.00 rows=8134567 width=14)
                                                                                             ->  Result  (cost=0.00..324454.00 rows=7836734 width=14)
                                                                                                   One-Time Filter: PartSelected
                                                                                                   ->  Append-only Columnar Scan on store_sales_1_prt_56 store_sales_1_prt_56_1  (cost=0.00..324454.00 rows=7836734 width=14)
                                                                                             ->  Result  (cost=0.00..336546.00 rows=8128867 width=14)
                                                                                                   One-Time Filter: PartSelected
                                                                                                   ->  Append-only Columnar Scan on store_sales_1_prt_57 store_sales_1_prt_57_1  (cost=0.00..336546.00 rows=8128867 width=14)
                                                                                             ->  Result  (cost=0.00..336207.00 rows=8120667 width=14)
                                                                                                   One-Time Filter: PartSelected
                                                                                                   ->  Append-only Columnar Scan on store_sales_1_prt_58 store_sales_1_prt_58_1  (cost=0.00..336207.00 rows=8120667 width=14)
                                                                                             ->  Result  (cost=0.00..336578.00 rows=8129534 width=14)
                                                                                                   One-Time Filter: PartSelected
                                                                                                   ->  Append-only Columnar Scan on store_sales_1_prt_59 store_sales_1_prt_59_1  (cost=0.00..336578.00 rows=8129534 width=14)
                                                                                             ->  Result  (cost=0.00..336468.00 rows=8127067 width=14)
                                                                                                   One-Time Filter: PartSelected
                                                                                                   ->  Append-only Columnar Scan on store_sales_1_prt_60 store_sales_1_prt_60_1  (cost=0.00..336468.00 rows=8127067 width=14)
                                                                                             ->  Result  (cost=0.00..412992.00 rows=9975467 width=14)
                                                                                                   One-Time Filter: PartSelected
                                                                                                   ->  Append-only Columnar Scan on store_sales_1_prt_61 store_sales_1_prt_61_1  (cost=0.00..412992.00 rows=9975467 width=14)
                                                                                             ->  Result  (cost=0.00..765709.00 rows=18495234 width=14)
                                                                                                   One-Time Filter: PartSelected
                                                                                                   ->  Append-only Columnar Scan on store_sales_1_prt_62 store_sales_1_prt_62_1  (cost=0.00..765709.00 rows=18495234 width=14)
                                                                                             ->  Result  (cost=0.00..766176.00 rows=18506500 width=14)
                                                                                                   One-Time Filter: PartSelected
                                                                                                   ->  Append-only Columnar Scan on store_sales_1_prt_63 store_sales_1_prt_63_1  (cost=0.00..766176.00 rows=18506500 width=14)
                                                                                             ->  Result  (cost=0.00..766142.00 rows=18505834 width=14)
                                                                                                   One-Time Filter: PartSelected
                                                                                                   ->  Append-only Columnar Scan on store_sales_1_prt_64 store_sales_1_prt_64_1  (cost=0.00..766142.00 rows=18505834 width=14)
                                                                                             ->  Result  (cost=0.00..1117566.96 rows=26994166 width=14)
                                                                                                   One-Time Filter: PartSelected
                                                                                                   ->  Append-only Columnar Scan on store_sales_1_prt_65 store_sales_1_prt_65_1  (cost=0.00..1117566.96 rows=26994166 width=14)
                                                                                             ->  Result  (cost=0.00..1159645.96 rows=28010566 width=14)
                                                                                                   One-Time Filter: PartSelected
                                                                                                   ->  Append-only Columnar Scan on store_sales_1_prt_66 store_sales_1_prt_66_1  (cost=0.00..1159645.96 rows=28010566 width=14)
                                                                                             ->  Result  (cost=0.00..331321.00 rows=8002500 width=14)
                                                                                                   One-Time Filter: PartSelected
                                                                                                   ->  Append-only Columnar Scan on store_sales_1_prt_67 store_sales_1_prt_67_1  (cost=0.00..331321.00 rows=8002500 width=14)
                                                                                             ->  Result  (cost=0.00..1.00 rows=1 width=22)
                                                                                                   One-Time Filter: PartSelected
                                                                                                   ->  Append-only Columnar Scan on store_sales_1_prt_68 store_sales_1_prt_68_1  (cost=0.00..1.00 rows=1 width=22)
                                                                                             ->  Result  (cost=0.00..1.00 rows=1 width=22)
                                                                                                   One-Time Filter: PartSelected
                                                                                                   ->  Append-only Columnar Scan on store_sales_1_prt_69 store_sales_1_prt_69_1  (cost=0.00..1.00 rows=1 width=22)
                                                                                             ->  Result  (cost=0.00..1.00 rows=1 width=22)
                                                                                                   One-Time Filter: PartSelected
                                                                                                   ->  Append-only Columnar Scan on store_sales_1_prt_70 store_sales_1_prt_70_1  (cost=0.00..1.00 rows=1 width=22)
                                                                                             ->  Result  (cost=0.00..1.00 rows=1 width=22)
                                                                                                   One-Time Filter: PartSelected
                                                                                                   ->  Append-only Columnar Scan on store_sales_1_prt_71 store_sales_1_prt_71_1  (cost=0.00..1.00 rows=1 width=22)
                                                                                             ->  Result  (cost=0.00..1.00 rows=1 width=22)
                                                                                                   One-Time Filter: PartSelected
                                                                                                   ->  Append-only Columnar Scan on store_sales_1_prt_72 store_sales_1_prt_72_1  (cost=0.00..1.00 rows=1 width=22)
                                                                                             ->  Result  (cost=0.00..1.00 rows=1 width=22)
                                                                                                   One-Time Filter: PartSelected
                                                                                                   ->  Append-only Columnar Scan on store_sales_1_prt_73 store_sales_1_prt_73_1  (cost=0.00..1.00 rows=1 width=22)
                                                                                             ->  Result  (cost=0.00..1.00 rows=1 width=22)
                                                                                                   One-Time Filter: PartSelected
                                                                                                   ->  Append-only Columnar Scan on store_sales_1_prt_74 store_sales_1_prt_74_1  (cost=0.00..1.00 rows=1 width=22)
                                                                                             ->  Result  (cost=0.00..1.00 rows=1 width=22)
                                                                                                   One-Time Filter: PartSelected
                                                                                                   ->  Append-only Columnar Scan on store_sales_1_prt_75 store_sales_1_prt_75_1  (cost=0.00..1.00 rows=1 width=22)
                                                                                             ->  Result  (cost=0.00..1.00 rows=1 width=22)
                                                                                                   One-Time Filter: PartSelected
                                                                                                   ->  Append-only Columnar Scan on store_sales_1_prt_76 store_sales_1_prt_76_1  (cost=0.00..1.00 rows=1 width=22)
                                                                                             ->  Result  (cost=0.00..1.00 rows=1 width=22)
                                                                                                   One-Time Filter: PartSelected
                                                                                                   ->  Append-only Columnar Scan on store_sales_1_prt_77 store_sales_1_prt_77_1  (cost=0.00..1.00 rows=1 width=22)
                                                                                             ->  Result  (cost=0.00..1.00 rows=1 width=22)
                                                                                                   One-Time Filter: PartSelected
                                                                                                   ->  Append-only Columnar Scan on store_sales_1_prt_78 store_sales_1_prt_78_1  (cost=0.00..1.00 rows=1 width=22)
                                                                                             ->  Result  (cost=0.00..1.00 rows=1 width=22)
                                                                                                   One-Time Filter: PartSelected
                                                                                                   ->  Append-only Columnar Scan on store_sales_1_prt_79 store_sales_1_prt_79_1  (cost=0.00..1.00 rows=1 width=22)
                                                                                             ->  Result  (cost=0.00..1.00 rows=1 width=22)
                                                                                                   One-Time Filter: PartSelected
                                                                                                   ->  Append-only Columnar Scan on store_sales_1_prt_80 store_sales_1_prt_80_1  (cost=0.00..1.00 rows=1 width=22)
                                                                                       ->  Hash  (cost=1453.20..1453.20 rows=37 width=8)
                                                                                             ->  Partition Selector for store_sales (dynamic scan id: 1)  (cost=0.00..1453.20 rows=37 width=8)
                                                                                                   Filter: date_dim_3.d_date_sk
                                                                                                   ->  Broadcast Motion 3:3  (slice13; segments: 3)  (cost=0.00..1453.20 rows=37 width=8)
                                                                                                         ->  Seq Scan on date_dim date_dim_3  (cost=0.00..1451.73 rows=13 width=8)
                                                                                                               Filter: ((d_year = ANY ('{2001,2002}'::integer[])) AND (d_year = 2002))
                                                                           ->  Hash  (cost=178782.00..178782.00 rows=3999967 width=34)
                                                                                 ->  Seq Scan on customer customer_3  (cost=0.00..178782.00 rows=3999967 width=34)
                                             ->  HashAggregate  (cost=0.02..0.03 rows=1 width=254)
                                                   Group Key: c_customer_id, c_first_name, c_last_name, d_year
                                                   ->  Result  (cost=0.00..0.01 rows=1 width=0)
                                                         One-Time Filter: false
 Planning time: 64.671 ms
 Optimizer: legacy query optimizer
(1089 rows)

-- end query 1 in stream 0 using template query74.tpl
