-- start query 1 in stream 0 using template query75.tpl
explain
WITH all_sales AS (
 SELECT d_year
       ,i_brand_id
       ,i_class_id
       ,i_category_id
       ,i_manufact_id
       ,SUM(sales_cnt) AS sales_cnt
       ,SUM(sales_amt) AS sales_amt
 FROM (SELECT d_year
             ,i_brand_id
             ,i_class_id
             ,i_category_id
             ,i_manufact_id
             ,cs_quantity - COALESCE(cr_return_quantity,0) AS sales_cnt
             ,cs_ext_sales_price - COALESCE(cr_return_amount,0.0) AS sales_amt
       FROM catalog_sales JOIN item ON i_item_sk=cs_item_sk
                          JOIN date_dim ON d_date_sk=cs_sold_date_sk
                          LEFT JOIN catalog_returns ON (cs_order_number=cr_order_number 
                                                    AND cs_item_sk=cr_item_sk)
       WHERE i_category='Sports'
       UNION
       SELECT d_year
             ,i_brand_id
             ,i_class_id
             ,i_category_id
             ,i_manufact_id
             ,ss_quantity - COALESCE(sr_return_quantity,0) AS sales_cnt
             ,ss_ext_sales_price - COALESCE(sr_return_amt,0.0) AS sales_amt
       FROM store_sales JOIN item ON i_item_sk=ss_item_sk
                        JOIN date_dim ON d_date_sk=ss_sold_date_sk
                        LEFT JOIN store_returns ON (ss_ticket_number=sr_ticket_number 
                                                AND ss_item_sk=sr_item_sk)
       WHERE i_category='Sports'
       UNION
       SELECT d_year
             ,i_brand_id
             ,i_class_id
             ,i_category_id
             ,i_manufact_id
             ,ws_quantity - COALESCE(wr_return_quantity,0) AS sales_cnt
             ,ws_ext_sales_price - COALESCE(wr_return_amt,0.0) AS sales_amt
       FROM web_sales JOIN item ON i_item_sk=ws_item_sk
                      JOIN date_dim ON d_date_sk=ws_sold_date_sk
                      LEFT JOIN web_returns ON (ws_order_number=wr_order_number 
                                            AND ws_item_sk=wr_item_sk)
       WHERE i_category='Sports') sales_detail
 GROUP BY d_year, i_brand_id, i_class_id, i_category_id, i_manufact_id)
 SELECT  prev_yr.d_year AS prev_year
                          ,curr_yr.d_year AS year
                          ,curr_yr.i_brand_id
                          ,curr_yr.i_class_id
                          ,curr_yr.i_category_id
                          ,curr_yr.i_manufact_id
                          ,prev_yr.sales_cnt AS prev_yr_cnt
                          ,curr_yr.sales_cnt AS curr_yr_cnt
                          ,curr_yr.sales_cnt-prev_yr.sales_cnt AS sales_cnt_diff
                          ,curr_yr.sales_amt-prev_yr.sales_amt AS sales_amt_diff
 FROM all_sales curr_yr, all_sales prev_yr
 WHERE curr_yr.i_brand_id=prev_yr.i_brand_id
   AND curr_yr.i_class_id=prev_yr.i_class_id
   AND curr_yr.i_category_id=prev_yr.i_category_id
   AND curr_yr.i_manufact_id=prev_yr.i_manufact_id
   AND curr_yr.d_year=2002
   AND prev_yr.d_year=2002-1
   AND CAST(curr_yr.sales_cnt AS DECIMAL(17,2))/CAST(prev_yr.sales_cnt AS DECIMAL(17,2))<0.9
 ORDER BY sales_cnt_diff
 limit 100;
                                                                                                                                                                                                                      QUERY PLAN                                                                                                                                                                                                                       
-------------------------------------------------------------------------------------------------------------------------------------------------------------------------------------------------------------------------------------------------------------------------------------------------------------------------------------------------------------------------------------------------------------------------------------------------------
 Limit  (cost=6393426.68..6393427.06 rows=17 width=104)
   ->  Gather Motion 3:1  (slice20; segments: 3)  (cost=6393426.68..6393427.06 rows=17 width=104)
         Merge Key: (((pg_catalog.sum((sum(((catalog_sales_1_prt_outliers.cs_quantity - COALESCE(catalog_returns_1_prt_outliers.cr_return_quantity, 0))))))) - prev_yr.sales_cnt))
         ->  Limit  (cost=6393426.68..6393426.72 rows=6 width=104)
               ->  Sort  (cost=6393426.68..6393426.72 rows=6 width=104)
                     Sort Key: (((pg_catalog.sum((sum(((catalog_sales_1_prt_outliers.cs_quantity - COALESCE(catalog_returns_1_prt_outliers.cr_return_quantity, 0))))))) - prev_yr.sales_cnt))
                     ->  Hash Join  (cost=6779.34..6393426.34 rows=6 width=104)
                           Hash Cond: ((item.i_brand_id = prev_yr.i_brand_id) AND (item.i_class_id = prev_yr.i_class_id) AND (item.i_category_id = prev_yr.i_category_id) AND (item.i_manufact_id = prev_yr.i_manufact_id))
                           Join Filter: ((((pg_catalog.sum((sum(((catalog_sales_1_prt_outliers.cs_quantity - COALESCE(catalog_returns_1_prt_outliers.cr_return_quantity, 0))))))))::numeric(17,2) / (prev_yr.sales_cnt)::numeric(17,2)) < 0.9)
                           ->  GroupAggregate  (cost=137802658.42..137807460.45 rows=37663 width=60)
                                 Group Key: date_dim.d_year, item.i_brand_id, item.i_class_id, item.i_category_id, item.i_manufact_id
                                 ->  Sort  (cost=137802658.42..137802940.89 rows=37663 width=60)
                                       Sort Key: date_dim.d_year, item.i_brand_id, item.i_class_id, item.i_category_id, item.i_manufact_id
                                       ->  Redistribute Motion 3:3  (slice9; segments: 3)  (cost=137735833.83..137793175.35 rows=37663 width=60)
                                             Hash Key: date_dim.d_year, item.i_brand_id, item.i_class_id, item.i_category_id, item.i_manufact_id
                                             ->  GroupAggregate  (cost=137735833.83..137790915.57 rows=37663 width=60)
                                                   Group Key: date_dim.d_year, item.i_brand_id, item.i_class_id, item.i_category_id, item.i_manufact_id
                                                   ->  Unique  (cost=137735833.83..137758431.46 rows=376628 width=40)
                                                         Group Key: date_dim.d_year, item.i_brand_id, item.i_class_id, item.i_category_id, item.i_manufact_id, ((catalog_sales_1_prt_outliers.cs_quantity - COALESCE(catalog_returns_1_prt_outliers.cr_return_quantity, 0))), ((catalog_sales_1_prt_outliers.cs_ext_sales_price - COALESCE(catalog_returns_1_prt_outliers.cr_return_amount, 0.0)))
                                                         ->  Sort  (cost=137735833.83..137738658.54 rows=376628 width=40)
                                                               Sort Key (Distinct): date_dim.d_year, item.i_brand_id, item.i_class_id, item.i_category_id, item.i_manufact_id, ((catalog_sales_1_prt_outliers.cs_quantity - COALESCE(catalog_returns_1_prt_outliers.cr_return_quantity, 0))), ((catalog_sales_1_prt_outliers.cs_ext_sales_price - COALESCE(catalog_returns_1_prt_outliers.cr_return_amount, 0.0)))
                                                               ->  Redistribute Motion 3:3  (slice8; segments: 3)  (cost=31631572.53..137622237.01 rows=376628 width=40)
                                                                     Hash Key: date_dim.d_year, item.i_brand_id, item.i_class_id, item.i_category_id, item.i_manufact_id, ((catalog_sales_1_prt_outliers.cs_quantity - COALESCE(catalog_returns_1_prt_outliers.cr_return_quantity, 0))), ((catalog_sales_1_prt_outliers.cs_ext_sales_price - COALESCE(catalog_returns_1_prt_outliers.cr_return_amount, 0.0)))
                                                                     ->  Append  (cost=31631572.53..137622237.01 rows=376628 width=40)
                                                                           ->  Hash Right Join  (cost=31631572.53..52488731.38 rows=251078 width=40)
                                                                                 Hash Cond: ((catalog_returns_1_prt_outliers.cr_order_number = catalog_sales_1_prt_outliers.cs_order_number) AND (catalog_returns_1_prt_outliers.cr_item_sk = catalog_sales_1_prt_outliers.cs_item_sk))
                                                                                 ->  Append  (cost=0.00..2048707.25 rows=47998910 width=22)
                                                                                       ->  Append-only Columnar Scan on catalog_returns_1_prt_outliers  (cost=0.00..1.00 rows=1 width=30)
                                                                                       ->  Append-only Columnar Scan on catalog_returns_1_prt_2  (cost=0.00..89.94 rows=1932 width=22)
                                                                                       ->  Append-only Columnar Scan on catalog_returns_1_prt_3  (cost=0.00..839.14 rows=19405 width=22)
                                                                                       ->  Append-only Columnar Scan on catalog_returns_1_prt_4  (cost=0.00..2485.51 rows=57851 width=22)
                                                                                       ->  Append-only Columnar Scan on catalog_returns_1_prt_5  (cost=0.00..4960.98 rows=115933 width=22)
                                                                                       ->  Append-only Columnar Scan on catalog_returns_1_prt_6  (cost=0.00..7782.08 rows=182003 width=22)
                                                                                       ->  Append-only Columnar Scan on catalog_returns_1_prt_7  (cost=0.00..10621.88 rows=248696 width=22)
                                                                                       ->  Append-only Columnar Scan on catalog_returns_1_prt_8  (cost=0.00..13478.93 rows=315565 width=22)
                                                                                       ->  Append-only Columnar Scan on catalog_returns_1_prt_9  (cost=0.00..15896.40 rows=372214 width=22)
                                                                                       ->  Append-only Columnar Scan on catalog_returns_1_prt_10  (cost=0.00..17750.30 rows=415710 width=22)
                                                                                       ->  Append-only Columnar Scan on catalog_returns_1_prt_11  (cost=0.00..19794.70 rows=463690 width=22)
                                                                                       ->  Append-only Columnar Scan on catalog_returns_1_prt_12  (cost=0.00..22437.10 rows=525604 width=22)
                                                                                       ->  Append-only Columnar Scan on catalog_returns_1_prt_13  (cost=0.00..26080.50 rows=611050 width=22)
                                                                                       ->  Append-only Columnar Scan on catalog_returns_1_prt_14  (cost=0.00..30734.10 rows=720170 width=22)
                                                                                       ->  Append-only Columnar Scan on catalog_returns_1_prt_15  (cost=0.00..36307.80 rows=850860 width=22)
                                                                                       ->  Append-only Columnar Scan on catalog_returns_1_prt_16  (cost=0.00..41041.30 rows=961744 width=22)
                                                                                       ->  Append-only Columnar Scan on catalog_returns_1_prt_17  (cost=0.00..43099.50 rows=1009950 width=22)
                                                                                       ->  Append-only Columnar Scan on catalog_returns_1_prt_18  (cost=0.00..41879.10 rows=981337 width=22)
                                                                                       ->  Append-only Columnar Scan on catalog_returns_1_prt_19  (cost=0.00..38497.60 rows=902120 width=22)
                                                                                       ->  Append-only Columnar Scan on catalog_returns_1_prt_20  (cost=0.00..34174.60 rows=800720 width=22)
                                                                                       ->  Append-only Columnar Scan on catalog_returns_1_prt_21  (cost=0.00..28866.00 rows=676300 width=22)
                                                                                       ->  Append-only Columnar Scan on catalog_returns_1_prt_22  (cost=0.00..23528.20 rows=551174 width=22)
                                                                                       ->  Append-only Columnar Scan on catalog_returns_1_prt_23  (cost=0.00..20118.40 rows=471247 width=22)
                                                                                       ->  Append-only Columnar Scan on catalog_returns_1_prt_24  (cost=0.00..19874.50 rows=465584 width=22)
                                                                                       ->  Append-only Columnar Scan on catalog_returns_1_prt_25  (cost=0.00..22296.70 rows=522290 width=22)
                                                                                       ->  Append-only Columnar Scan on catalog_returns_1_prt_26  (cost=0.00..25917.20 rows=607140 width=22)
                                                                                       ->  Append-only Columnar Scan on catalog_returns_1_prt_27  (cost=0.00..30522.50 rows=715184 width=22)
                                                                                       ->  Append-only Columnar Scan on catalog_returns_1_prt_28  (cost=0.00..36052.80 rows=844894 width=22)
                                                                                       ->  Append-only Columnar Scan on catalog_returns_1_prt_29  (cost=0.00..40956.30 rows=959777 width=22)
                                                                                       ->  Append-only Columnar Scan on catalog_returns_1_prt_30  (cost=0.00..43148.40 rows=1011214 width=22)
                                                                                       ->  Append-only Columnar Scan on catalog_returns_1_prt_31  (cost=0.00..42010.00 rows=984434 width=22)
                                                                                       ->  Append-only Columnar Scan on catalog_returns_1_prt_32  (cost=0.00..38722.30 rows=907377 width=22)
                                                                                       ->  Append-only Columnar Scan on catalog_returns_1_prt_33  (cost=0.00..34426.40 rows=806647 width=22)
                                                                                       ->  Append-only Columnar Scan on catalog_returns_1_prt_34  (cost=0.00..29177.30 rows=683644 width=22)
                                                                                       ->  Append-only Columnar Scan on catalog_returns_1_prt_35  (cost=0.00..23787.80 rows=557327 width=22)
                                                                                       ->  Append-only Columnar Scan on catalog_returns_1_prt_36  (cost=0.00..20236.00 rows=474067 width=22)
                                                                                       ->  Append-only Columnar Scan on catalog_returns_1_prt_37  (cost=0.00..19907.20 rows=466240 width=22)
                                                                                       ->  Append-only Columnar Scan on catalog_returns_1_prt_38  (cost=0.00..22185.10 rows=519704 width=22)
                                                                                       ->  Append-only Columnar Scan on catalog_returns_1_prt_39  (cost=0.00..25740.00 rows=603100 width=22)
                                                                                       ->  Append-only Columnar Scan on catalog_returns_1_prt_40  (cost=0.00..30341.40 rows=710914 width=22)
                                                                                       ->  Append-only Columnar Scan on catalog_returns_1_prt_41  (cost=0.00..35869.30 rows=840477 width=22)
                                                                                       ->  Append-only Columnar Scan on catalog_returns_1_prt_42  (cost=0.00..40858.00 rows=957467 width=22)
                                                                                       ->  Append-only Columnar Scan on catalog_returns_1_prt_43  (cost=0.00..43189.40 rows=1012114 width=22)
                                                                                       ->  Append-only Columnar Scan on catalog_returns_1_prt_44  (cost=0.00..42208.80 rows=989160 width=22)
                                                                                       ->  Append-only Columnar Scan on catalog_returns_1_prt_45  (cost=0.00..39037.10 rows=914804 width=22)
                                                                                       ->  Append-only Columnar Scan on catalog_returns_1_prt_46  (cost=0.00..34783.00 rows=815100 width=22)
                                                                                       ->  Append-only Columnar Scan on catalog_returns_1_prt_47  (cost=0.00..29479.40 rows=690714 width=22)
                                                                                       ->  Append-only Columnar Scan on catalog_returns_1_prt_48  (cost=0.00..24074.70 rows=564057 width=22)
                                                                                       ->  Append-only Columnar Scan on catalog_returns_1_prt_49  (cost=0.00..20308.20 rows=475707 width=22)
                                                                                       ->  Append-only Columnar Scan on catalog_returns_1_prt_50  (cost=0.00..19762.20 rows=462907 width=22)
                                                                                       ->  Append-only Columnar Scan on catalog_returns_1_prt_51  (cost=0.00..21941.80 rows=513960 width=22)
                                                                                       ->  Append-only Columnar Scan on catalog_returns_1_prt_52  (cost=0.00..25524.00 rows=598034 width=22)
                                                                                       ->  Append-only Columnar Scan on catalog_returns_1_prt_53  (cost=0.00..29988.40 rows=702614 width=22)
                                                                                       ->  Append-only Columnar Scan on catalog_returns_1_prt_54  (cost=0.00..35472.20 rows=831174 width=22)
                                                                                       ->  Append-only Columnar Scan on catalog_returns_1_prt_55  (cost=0.00..40521.40 rows=949514 width=22)
                                                                                       ->  Append-only Columnar Scan on catalog_returns_1_prt_56  (cost=0.00..43037.90 rows=1008564 width=22)
                                                                                       ->  Append-only Columnar Scan on catalog_returns_1_prt_57  (cost=0.00..42199.20 rows=988874 width=22)
                                                                                       ->  Append-only Columnar Scan on catalog_returns_1_prt_58  (cost=0.00..39131.90 rows=916964 width=22)
                                                                                       ->  Append-only Columnar Scan on catalog_returns_1_prt_59  (cost=0.00..34896.90 rows=817730 width=22)
                                                                                       ->  Append-only Columnar Scan on catalog_returns_1_prt_60  (cost=0.00..29665.40 rows=695080 width=22)
                                                                                       ->  Append-only Columnar Scan on catalog_returns_1_prt_61  (cost=0.00..24208.60 rows=567154 width=22)
                                                                                       ->  Append-only Columnar Scan on catalog_returns_1_prt_62  (cost=0.00..20387.30 rows=477644 width=22)
                                                                                       ->  Append-only Columnar Scan on catalog_returns_1_prt_63  (cost=0.00..19741.20 rows=462340 width=22)
                                                                                       ->  Append-only Columnar Scan on catalog_returns_1_prt_64  (cost=0.00..21867.20 rows=512274 width=22)
                                                                                       ->  Append-only Columnar Scan on catalog_returns_1_prt_65  (cost=0.00..25350.50 rows=593884 width=22)
                                                                                       ->  Append-only Columnar Scan on catalog_returns_1_prt_66  (cost=0.00..29837.00 rows=699100 width=22)
                                                                                       ->  Append-only Columnar Scan on catalog_returns_1_prt_67  (cost=0.00..35270.90 rows=826464 width=22)
                                                                                       ->  Append-only Columnar Scan on catalog_returns_1_prt_68  (cost=0.00..40185.20 rows=941674 width=22)
                                                                                       ->  Append-only Columnar Scan on catalog_returns_1_prt_69  (cost=0.00..41789.50 rows=979317 width=22)
                                                                                       ->  Append-only Columnar Scan on catalog_returns_1_prt_70  (cost=0.00..39187.40 rows=918347 width=22)
                                                                                       ->  Append-only Columnar Scan on catalog_returns_1_prt_71  (cost=0.00..33506.60 rows=785120 width=22)
                                                                                       ->  Append-only Columnar Scan on catalog_returns_1_prt_72  (cost=0.00..26483.20 rows=620407 width=22)
                                                                                       ->  Append-only Columnar Scan on catalog_returns_1_prt_73  (cost=0.00..18408.20 rows=431207 width=22)
                                                                                       ->  Append-only Columnar Scan on catalog_returns_1_prt_74  (cost=0.00..10161.74 rows=237858 width=22)
                                                                                       ->  Append-only Columnar Scan on catalog_returns_1_prt_75  (cost=0.00..3892.67 rows=90823 width=22)
                                                                                       ->  Append-only Columnar Scan on catalog_returns_1_prt_76  (cost=0.00..672.49 rows=15283 width=22)
                                                                                       ->  Append-only Columnar Scan on catalog_returns_1_prt_77  (cost=0.00..38.39 rows=213 width=22)
                                                                                       ->  Append-only Columnar Scan on catalog_returns_1_prt_78  (cost=0.00..1.00 rows=1 width=30)
                                                                                       ->  Append-only Columnar Scan on catalog_returns_1_prt_79  (cost=0.00..1.00 rows=1 width=30)
                                                                                       ->  Append-only Columnar Scan on catalog_returns_1_prt_80  (cost=0.00..1.00 rows=1 width=30)
                                                                                 ->  Hash  (cost=31620274.05..31620274.05 rows=251078 width=42)
                                                                                       ->  Hash Join  (cost=10453.25..31620274.05 rows=251078 width=42)
                                                                                             Hash Cond: (catalog_sales_1_prt_outliers.cs_item_sk = item.i_item_sk)
                                                                                             ->  Hash Join  (cost=1297.42..31558586.51 rows=2399968 width=26)
                                                                                                   Hash Cond: (catalog_sales_1_prt_outliers.cs_sold_date_sk = date_dim.d_date_sk)
                                                                                                   ->  Append  (cost=0.00..22485412.30 rows=479993481 width=26)
                                                                                                         ->  Result  (cost=0.00..95971.30 rows=2401110 width=26)
                                                                                                               One-Time Filter: PartSelected
                                                                                                               ->  Append-only Columnar Scan on catalog_sales_1_prt_outliers  (cost=0.00..95971.30 rows=2401110 width=26)
                                                                                                         ->  Result  (cost=0.00..198531.00 rows=4234734 width=26)
                                                                                                               One-Time Filter: PartSelected
                                                                                                               ->  Append-only Columnar Scan on catalog_sales_1_prt_2  (cost=0.00..198531.00 rows=4234734 width=26)
                                                                                                         ->  Result  (cost=0.00..198470.00 rows=4233434 width=26)
                                                                                                               One-Time Filter: PartSelected
                                                                                                               ->  Append-only Columnar Scan on catalog_sales_1_prt_3  (cost=0.00..198470.00 rows=4233434 width=26)
                                                                                                         ->  Result  (cost=0.00..191463.00 rows=4083934 width=26)
                                                                                                               One-Time Filter: PartSelected
                                                                                                               ->  Append-only Columnar Scan on catalog_sales_1_prt_4  (cost=0.00..191463.00 rows=4083934 width=26)
                                                                                                         ->  Result  (cost=0.00..198330.00 rows=4230434 width=26)
                                                                                                               One-Time Filter: PartSelected
                                                                                                               ->  Append-only Columnar Scan on catalog_sales_1_prt_5  (cost=0.00..198330.00 rows=4230434 width=26)
                                                                                                         ->  Result  (cost=0.00..198496.00 rows=4233967 width=26)
                                                                                                               One-Time Filter: PartSelected
                                                                                                               ->  Append-only Columnar Scan on catalog_sales_1_prt_6  (cost=0.00..198496.00 rows=4233967 width=26)
                                                                                                         ->  Result  (cost=0.00..198494.00 rows=4233967 width=26)
                                                                                                               One-Time Filter: PartSelected
                                                                                                               ->  Append-only Columnar Scan on catalog_sales_1_prt_7  (cost=0.00..198494.00 rows=4233967 width=26)
                                                                                                         ->  Result  (cost=0.00..198576.00 rows=4235667 width=26)
                                                                                                               One-Time Filter: PartSelected
                                                                                                               ->  Append-only Columnar Scan on catalog_sales_1_prt_8  (cost=0.00..198576.00 rows=4235667 width=26)
                                                                                                         ->  Result  (cost=0.00..297942.00 rows=6355400 width=26)
                                                                                                               One-Time Filter: PartSelected
                                                                                                               ->  Append-only Columnar Scan on catalog_sales_1_prt_9  (cost=0.00..297942.00 rows=6355400 width=26)
                                                                                                         ->  Result  (cost=0.00..451674.00 rows=9634834 width=26)
                                                                                                               One-Time Filter: PartSelected
                                                                                                               ->  Append-only Columnar Scan on catalog_sales_1_prt_10  (cost=0.00..451674.00 rows=9634834 width=26)
                                                                                                         ->  Result  (cost=0.00..451572.00 rows=9632700 width=26)
                                                                                                               One-Time Filter: PartSelected
                                                                                                               ->  Append-only Columnar Scan on catalog_sales_1_prt_11  (cost=0.00..451572.00 rows=9632700 width=26)
                                                                                                         ->  Result  (cost=0.00..476631.00 rows=10167234 width=26)
                                                                                                               One-Time Filter: PartSelected
                                                                                                               ->  Append-only Columnar Scan on catalog_sales_1_prt_12  (cost=0.00..476631.00 rows=10167234 width=26)
                                                                                                         ->  Result  (cost=0.00..684375.00 rows=14598867 width=26)
                                                                                                               One-Time Filter: PartSelected
                                                                                                               ->  Append-only Columnar Scan on catalog_sales_1_prt_13  (cost=0.00..684375.00 rows=14598867 width=26)
                                                                                                         ->  Result  (cost=0.00..684389.00 rows=14599200 width=26)
                                                                                                               One-Time Filter: PartSelected
                                                                                                               ->  Append-only Columnar Scan on catalog_sales_1_prt_14  (cost=0.00..684389.00 rows=14599200 width=26)
                                                                                                         ->  Result  (cost=0.00..215804.00 rows=4603234 width=26)
                                                                                                               One-Time Filter: PartSelected
                                                                                                               ->  Append-only Columnar Scan on catalog_sales_1_prt_15  (cost=0.00..215804.00 rows=4603234 width=26)
                                                                                                         ->  Result  (cost=0.00..198278.00 rows=4229400 width=26)
                                                                                                               One-Time Filter: PartSelected
                                                                                                               ->  Append-only Columnar Scan on catalog_sales_1_prt_16  (cost=0.00..198278.00 rows=4229400 width=26)
                                                                                                         ->  Result  (cost=0.00..191360.00 rows=4081734 width=26)
                                                                                                               One-Time Filter: PartSelected
                                                                                                               ->  Append-only Columnar Scan on catalog_sales_1_prt_17  (cost=0.00..191360.00 rows=4081734 width=26)
                                                                                                         ->  Result  (cost=0.00..198408.00 rows=4232134 width=26)
                                                                                                               One-Time Filter: PartSelected
                                                                                                               ->  Append-only Columnar Scan on catalog_sales_1_prt_18  (cost=0.00..198408.00 rows=4232134 width=26)
                                                                                                         ->  Result  (cost=0.00..198462.00 rows=4233300 width=26)
                                                                                                               One-Time Filter: PartSelected
                                                                                                               ->  Append-only Columnar Scan on catalog_sales_1_prt_19  (cost=0.00..198462.00 rows=4233300 width=26)
                                                                                                         ->  Result  (cost=0.00..198463.00 rows=4233267 width=26)
                                                                                                               One-Time Filter: PartSelected
                                                                                                               ->  Append-only Columnar Scan on catalog_sales_1_prt_20  (cost=0.00..198463.00 rows=4233267 width=26)
                                                                                                         ->  Result  (cost=0.00..198544.00 rows=4235034 width=26)
                                                                                                               One-Time Filter: PartSelected
                                                                                                               ->  Append-only Columnar Scan on catalog_sales_1_prt_21  (cost=0.00..198544.00 rows=4235034 width=26)
                                                                                                         ->  Result  (cost=0.00..288857.00 rows=6161600 width=26)
                                                                                                               One-Time Filter: PartSelected
                                                                                                               ->  Append-only Columnar Scan on catalog_sales_1_prt_22  (cost=0.00..288857.00 rows=6161600 width=26)
                                                                                                         ->  Result  (cost=0.00..451775.00 rows=9637067 width=26)
                                                                                                               One-Time Filter: PartSelected
                                                                                                               ->  Append-only Columnar Scan on catalog_sales_1_prt_23  (cost=0.00..451775.00 rows=9637067 width=26)
                                                                                                         ->  Result  (cost=0.00..451807.00 rows=9637734 width=26)
                                                                                                               One-Time Filter: PartSelected
                                                                                                               ->  Append-only Columnar Scan on catalog_sales_1_prt_24  (cost=0.00..451807.00 rows=9637734 width=26)
                                                                                                         ->  Result  (cost=0.00..468431.00 rows=9992300 width=26)
                                                                                                               One-Time Filter: PartSelected
                                                                                                               ->  Append-only Columnar Scan on catalog_sales_1_prt_25  (cost=0.00..468431.00 rows=9992300 width=26)
                                                                                                         ->  Result  (cost=0.00..684511.00 rows=14601800 width=26)
                                                                                                               One-Time Filter: PartSelected
                                                                                                               ->  Append-only Columnar Scan on catalog_sales_1_prt_26  (cost=0.00..684511.00 rows=14601800 width=26)
                                                                                                         ->  Result  (cost=0.00..684485.00 rows=14601267 width=26)
                                                                                                               One-Time Filter: PartSelected
                                                                                                               ->  Append-only Columnar Scan on catalog_sales_1_prt_27  (cost=0.00..684485.00 rows=14601267 width=26)
                                                                                                         ->  Result  (cost=0.00..232955.00 rows=4969100 width=26)
                                                                                                               One-Time Filter: PartSelected
                                                                                                               ->  Append-only Columnar Scan on catalog_sales_1_prt_28  (cost=0.00..232955.00 rows=4969100 width=26)
                                                                                                         ->  Result  (cost=0.00..198182.00 rows=4227400 width=26)
                                                                                                               One-Time Filter: PartSelected
                                                                                                               ->  Append-only Columnar Scan on catalog_sales_1_prt_29  (cost=0.00..198182.00 rows=4227400 width=26)
                                                                                                         ->  Result  (cost=0.00..198180.00 rows=4227300 width=26)
                                                                                                               One-Time Filter: PartSelected
                                                                                                               ->  Append-only Columnar Scan on catalog_sales_1_prt_30  (cost=0.00..198180.00 rows=4227300 width=26)
                                                                                                         ->  Result  (cost=0.00..198236.00 rows=4228467 width=26)
                                                                                                               One-Time Filter: PartSelected
                                                                                                               ->  Append-only Columnar Scan on catalog_sales_1_prt_31  (cost=0.00..198236.00 rows=4228467 width=26)
                                                                                                         ->  Result  (cost=0.00..198161.00 rows=4226867 width=26)
                                                                                                               One-Time Filter: PartSelected
                                                                                                               ->  Append-only Columnar Scan on catalog_sales_1_prt_32  (cost=0.00..198161.00 rows=4226867 width=26)
                                                                                                         ->  Result  (cost=0.00..198143.00 rows=4226467 width=26)
                                                                                                               One-Time Filter: PartSelected
                                                                                                               ->  Append-only Columnar Scan on catalog_sales_1_prt_33  (cost=0.00..198143.00 rows=4226467 width=26)
                                                                                                         ->  Result  (cost=0.00..198217.00 rows=4228000 width=26)
                                                                                                               One-Time Filter: PartSelected
                                                                                                               ->  Append-only Columnar Scan on catalog_sales_1_prt_34  (cost=0.00..198217.00 rows=4228000 width=26)
                                                                                                         ->  Result  (cost=0.00..279401.00 rows=5959900 width=26)
                                                                                                               One-Time Filter: PartSelected
                                                                                                               ->  Append-only Columnar Scan on catalog_sales_1_prt_35  (cost=0.00..279401.00 rows=5959900 width=26)
                                                                                                         ->  Result  (cost=0.00..451102.00 rows=9622600 width=26)
                                                                                                               One-Time Filter: PartSelected
                                                                                                               ->  Append-only Columnar Scan on catalog_sales_1_prt_36  (cost=0.00..451102.00 rows=9622600 width=26)
                                                                                                         ->  Result  (cost=0.00..451004.00 rows=9620567 width=26)
                                                                                                               One-Time Filter: PartSelected
                                                                                                               ->  Append-only Columnar Scan on catalog_sales_1_prt_37  (cost=0.00..451004.00 rows=9620567 width=26)
                                                                                                         ->  Result  (cost=0.00..459207.00 rows=9795567 width=26)
                                                                                                               One-Time Filter: PartSelected
                                                                                                               ->  Append-only Columnar Scan on catalog_sales_1_prt_38  (cost=0.00..459207.00 rows=9795567 width=26)
                                                                                                         ->  Result  (cost=0.00..683201.00 rows=14573867 width=26)
                                                                                                               One-Time Filter: PartSelected
                                                                                                               ->  Append-only Columnar Scan on catalog_sales_1_prt_39  (cost=0.00..683201.00 rows=14573867 width=26)
                                                                                                         ->  Result  (cost=0.00..683288.00 rows=14575634 width=26)
                                                                                                               One-Time Filter: PartSelected
                                                                                                               ->  Append-only Columnar Scan on catalog_sales_1_prt_40  (cost=0.00..683288.00 rows=14575634 width=26)
                                                                                                         ->  Result  (cost=0.00..267716.00 rows=5710600 width=26)
                                                                                                               One-Time Filter: PartSelected
                                                                                                               ->  Append-only Columnar Scan on catalog_sales_1_prt_41  (cost=0.00..267716.00 rows=5710600 width=26)
                                                                                                         ->  Result  (cost=0.00..198348.00 rows=4230867 width=26)
                                                                                                               One-Time Filter: PartSelected
                                                                                                               ->  Append-only Columnar Scan on catalog_sales_1_prt_42  (cost=0.00..198348.00 rows=4230867 width=26)
                                                                                                         ->  Result  (cost=0.00..191374.00 rows=4082034 width=26)
                                                                                                               One-Time Filter: PartSelected
                                                                                                               ->  Append-only Columnar Scan on catalog_sales_1_prt_43  (cost=0.00..191374.00 rows=4082034 width=26)
                                                                                                         ->  Result  (cost=0.00..198449.00 rows=4233067 width=26)
                                                                                                               One-Time Filter: PartSelected
                                                                                                               ->  Append-only Columnar Scan on catalog_sales_1_prt_44  (cost=0.00..198449.00 rows=4233067 width=26)
                                                                                                         ->  Result  (cost=0.00..198436.00 rows=4232667 width=26)
                                                                                                               One-Time Filter: PartSelected
                                                                                                               ->  Append-only Columnar Scan on catalog_sales_1_prt_45  (cost=0.00..198436.00 rows=4232667 width=26)
                                                                                                         ->  Result  (cost=0.00..198484.00 rows=4233767 width=26)
                                                                                                               One-Time Filter: PartSelected
                                                                                                               ->  Append-only Columnar Scan on catalog_sales_1_prt_46  (cost=0.00..198484.00 rows=4233767 width=26)
                                                                                                         ->  Result  (cost=0.00..198486.00 rows=4233767 width=26)
                                                                                                               One-Time Filter: PartSelected
                                                                                                               ->  Append-only Columnar Scan on catalog_sales_1_prt_47  (cost=0.00..198486.00 rows=4233767 width=26)
                                                                                                         ->  Result  (cost=0.00..261759.00 rows=5583500 width=26)
                                                                                                               One-Time Filter: PartSelected
                                                                                                               ->  Append-only Columnar Scan on catalog_sales_1_prt_48  (cost=0.00..261759.00 rows=5583500 width=26)
                                                                                                         ->  Result  (cost=0.00..451867.00 rows=9638934 width=26)
                                                                                                               One-Time Filter: PartSelected
                                                                                                               ->  Append-only Columnar Scan on catalog_sales_1_prt_49  (cost=0.00..451867.00 rows=9638934 width=26)
                                                                                                         ->  Result  (cost=0.00..451711.00 rows=9635634 width=26)
                                                                                                               One-Time Filter: PartSelected
                                                                                                               ->  Append-only Columnar Scan on catalog_sales_1_prt_50  (cost=0.00..451711.00 rows=9635634 width=26)
                                                                                                         ->  Result  (cost=0.00..451715.00 rows=9635700 width=26)
                                                                                                               One-Time Filter: PartSelected
                                                                                                               ->  Append-only Columnar Scan on catalog_sales_1_prt_51  (cost=0.00..451715.00 rows=9635700 width=26)
                                                                                                         ->  Result  (cost=0.00..676048.00 rows=14421300 width=26)
                                                                                                               One-Time Filter: PartSelected
                                                                                                               ->  Append-only Columnar Scan on catalog_sales_1_prt_52  (cost=0.00..676048.00 rows=14421300 width=26)
                                                                                                         ->  Result  (cost=0.00..684330.00 rows=14597934 width=26)
                                                                                                               One-Time Filter: PartSelected
                                                                                                               ->  Append-only Columnar Scan on catalog_sales_1_prt_53  (cost=0.00..684330.00 rows=14597934 width=26)
                                                                                                         ->  Result  (cost=0.00..285353.00 rows=6086800 width=26)
                                                                                                               One-Time Filter: PartSelected
                                                                                                               ->  Append-only Columnar Scan on catalog_sales_1_prt_54  (cost=0.00..285353.00 rows=6086800 width=26)
                                                                                                         ->  Result  (cost=0.00..198500.00 rows=4234067 width=26)
                                                                                                               One-Time Filter: PartSelected
                                                                                                               ->  Append-only Columnar Scan on catalog_sales_1_prt_55  (cost=0.00..198500.00 rows=4234067 width=26)
                                                                                                         ->  Result  (cost=0.00..191327.00 rows=4081100 width=26)
                                                                                                               One-Time Filter: PartSelected
                                                                                                               ->  Append-only Columnar Scan on catalog_sales_1_prt_56  (cost=0.00..191327.00 rows=4081100 width=26)
                                                                                                         ->  Result  (cost=0.00..198470.00 rows=4233434 width=26)
                                                                                                               One-Time Filter: PartSelected
                                                                                                               ->  Append-only Columnar Scan on catalog_sales_1_prt_57  (cost=0.00..198470.00 rows=4233434 width=26)
                                                                                                         ->  Result  (cost=0.00..198434.00 rows=4232667 width=26)
                                                                                                               One-Time Filter: PartSelected
                                                                                                               ->  Append-only Columnar Scan on catalog_sales_1_prt_58  (cost=0.00..198434.00 rows=4232667 width=26)
                                                                                                         ->  Result  (cost=0.00..198457.00 rows=4233100 width=26)
                                                                                                               One-Time Filter: PartSelected
                                                                                                               ->  Append-only Columnar Scan on catalog_sales_1_prt_59  (cost=0.00..198457.00 rows=4233100 width=26)
                                                                                                         ->  Result  (cost=0.00..198420.00 rows=4232400 width=26)
                                                                                                               One-Time Filter: PartSelected
                                                                                                               ->  Append-only Columnar Scan on catalog_sales_1_prt_60  (cost=0.00..198420.00 rows=4232400 width=26)
                                                                                                         ->  Result  (cost=0.00..252732.00 rows=5390967 width=26)
                                                                                                               One-Time Filter: PartSelected
                                                                                                               ->  Append-only Columnar Scan on catalog_sales_1_prt_61  (cost=0.00..252732.00 rows=5390967 width=26)
                                                                                                         ->  Result  (cost=0.00..451735.00 rows=9636134 width=26)
                                                                                                               One-Time Filter: PartSelected
                                                                                                               ->  Append-only Columnar Scan on catalog_sales_1_prt_62  (cost=0.00..451735.00 rows=9636134 width=26)
                                                                                                         ->  Result  (cost=0.00..451761.00 rows=9636700 width=26)
                                                                                                               One-Time Filter: PartSelected
                                                                                                               ->  Append-only Columnar Scan on catalog_sales_1_prt_63  (cost=0.00..451761.00 rows=9636700 width=26)
                                                                                                         ->  Result  (cost=0.00..451680.00 rows=9634900 width=26)
                                                                                                               One-Time Filter: PartSelected
                                                                                                               ->  Append-only Columnar Scan on catalog_sales_1_prt_64  (cost=0.00..451680.00 rows=9634900 width=26)
                                                                                                         ->  Result  (cost=0.00..667727.00 rows=14243734 width=26)
                                                                                                               One-Time Filter: PartSelected
                                                                                                               ->  Append-only Columnar Scan on catalog_sales_1_prt_65  (cost=0.00..667727.00 rows=14243734 width=26)
                                                                                                         ->  Result  (cost=0.00..684173.00 rows=14594534 width=26)
                                                                                                               One-Time Filter: PartSelected
                                                                                                               ->  Append-only Columnar Scan on catalog_sales_1_prt_66  (cost=0.00..684173.00 rows=14594534 width=26)
                                                                                                         ->  Result  (cost=0.00..244531.00 rows=5216100 width=26)
                                                                                                               One-Time Filter: PartSelected
                                                                                                               ->  Append-only Columnar Scan on catalog_sales_1_prt_67  (cost=0.00..244531.00 rows=5216100 width=26)
                                                                                                         ->  Result  (cost=0.00..1.00 rows=1 width=34)
                                                                                                               One-Time Filter: PartSelected
                                                                                                               ->  Append-only Columnar Scan on catalog_sales_1_prt_68  (cost=0.00..1.00 rows=1 width=34)
                                                                                                         ->  Result  (cost=0.00..1.00 rows=1 width=34)
                                                                                                               One-Time Filter: PartSelected
                                                                                                               ->  Append-only Columnar Scan on catalog_sales_1_prt_69  (cost=0.00..1.00 rows=1 width=34)
                                                                                                         ->  Result  (cost=0.00..1.00 rows=1 width=34)
                                                                                                               One-Time Filter: PartSelected
                                                                                                               ->  Append-only Columnar Scan on catalog_sales_1_prt_70  (cost=0.00..1.00 rows=1 width=34)
                                                                                                         ->  Result  (cost=0.00..1.00 rows=1 width=34)
                                                                                                               One-Time Filter: PartSelected
                                                                                                               ->  Append-only Columnar Scan on catalog_sales_1_prt_71  (cost=0.00..1.00 rows=1 width=34)
                                                                                                         ->  Result  (cost=0.00..1.00 rows=1 width=34)
                                                                                                               One-Time Filter: PartSelected
                                                                                                               ->  Append-only Columnar Scan on catalog_sales_1_prt_72  (cost=0.00..1.00 rows=1 width=34)
                                                                                                         ->  Result  (cost=0.00..1.00 rows=1 width=34)
                                                                                                               One-Time Filter: PartSelected
                                                                                                               ->  Append-only Columnar Scan on catalog_sales_1_prt_73  (cost=0.00..1.00 rows=1 width=34)
                                                                                                         ->  Result  (cost=0.00..1.00 rows=1 width=34)
                                                                                                               One-Time Filter: PartSelected
                                                                                                               ->  Append-only Columnar Scan on catalog_sales_1_prt_74  (cost=0.00..1.00 rows=1 width=34)
                                                                                                         ->  Result  (cost=0.00..1.00 rows=1 width=34)
                                                                                                               One-Time Filter: PartSelected
                                                                                                               ->  Append-only Columnar Scan on catalog_sales_1_prt_75  (cost=0.00..1.00 rows=1 width=34)
                                                                                                         ->  Result  (cost=0.00..1.00 rows=1 width=34)
                                                                                                               One-Time Filter: PartSelected
                                                                                                               ->  Append-only Columnar Scan on catalog_sales_1_prt_76  (cost=0.00..1.00 rows=1 width=34)
                                                                                                         ->  Result  (cost=0.00..1.00 rows=1 width=34)
                                                                                                               One-Time Filter: PartSelected
                                                                                                               ->  Append-only Columnar Scan on catalog_sales_1_prt_77  (cost=0.00..1.00 rows=1 width=34)
                                                                                                         ->  Result  (cost=0.00..1.00 rows=1 width=34)
                                                                                                               One-Time Filter: PartSelected
                                                                                                               ->  Append-only Columnar Scan on catalog_sales_1_prt_78  (cost=0.00..1.00 rows=1 width=34)
                                                                                                         ->  Result  (cost=0.00..1.00 rows=1 width=34)
                                                                                                               One-Time Filter: PartSelected
                                                                                                               ->  Append-only Columnar Scan on catalog_sales_1_prt_79  (cost=0.00..1.00 rows=1 width=34)
                                                                                                         ->  Result  (cost=0.00..1.00 rows=1 width=34)
                                                                                                               One-Time Filter: PartSelected
                                                                                                               ->  Append-only Columnar Scan on catalog_sales_1_prt_80  (cost=0.00..1.00 rows=1 width=34)
                                                                                                   ->  Hash  (cost=1283.72..1283.72 rows=366 width=8)
                                                                                                         ->  Partition Selector for catalog_sales (dynamic scan id: 1)  (cost=0.00..1283.72 rows=366 width=8)
                                                                                                               Filter: date_dim.d_date_sk
                                                                                                               ->  Broadcast Motion 3:3  (slice1; segments: 3)  (cost=0.00..1283.72 rows=366 width=8)
                                                                                                                     ->  Seq Scan on date_dim  (cost=0.00..1269.11 rows=122 width=8)
                                                                                                                           Filter: (d_year = 2002)
                                                                                             ->  Hash  (cost=7981.84..7981.84 rows=31307 width=20)
                                                                                                   ->  Broadcast Motion 3:3  (slice2; segments: 3)  (cost=0.00..7981.84 rows=31307 width=20)
                                                                                                         ->  Seq Scan on item  (cost=0.00..6729.59 rows=10436 width=20)
                                                                                                               Filter: ((i_category)::text = 'Sports'::text)
                                                                           ->  Hash Join  (cost=57532983.26..63525889.27 rows=10 width=40)
                                                                                 Hash Cond: (store_sales_1_prt_outliers.ss_item_sk = item_1.i_item_sk)
                                                                                 ->  Redistribute Motion 3:3  (slice4; segments: 3)  (cost=57525862.35..63518767.81 rows=11 width=28)
                                                                                       Hash Key: store_sales_1_prt_outliers.ss_item_sk
                                                                                       ->  Hash Right Join  (cost=57525862.35..63518767.18 rows=11 width=28)
                                                                                             Hash Cond: ((store_returns_1_prt_outliers.sr_ticket_number = store_sales_1_prt_outliers.ss_ticket_number) AND (store_returns_1_prt_outliers.sr_item_sk = store_sales_1_prt_outliers.ss_item_sk))
                                                                                             ->  Append  (cost=0.00..3832906.41 rows=95999916 width=22)
                                                                                                   ->  Append-only Columnar Scan on store_returns_1_prt_outliers  (cost=0.00..119589.00 rows=3359867 width=22)
                                                                                                   ->  Append-only Columnar Scan on store_returns_1_prt_2  (cost=0.00..1853.03 rows=45768 width=22)
                                                                                                   ->  Append-only Columnar Scan on store_returns_1_prt_3  (cost=0.00..6990.74 rows=174025 width=22)
                                                                                                   ->  Append-only Columnar Scan on store_returns_1_prt_4  (cost=0.00..12073.00 rows=300934 width=22)
                                                                                                   ->  Append-only Columnar Scan on store_returns_1_prt_5  (cost=0.00..17206.50 rows=429050 width=22)
                                                                                                   ->  Append-only Columnar Scan on store_returns_1_prt_6  (cost=0.00..22418.30 rows=559077 width=22)
                                                                                                   ->  Append-only Columnar Scan on store_returns_1_prt_7  (cost=0.00..27598.00 rows=688300 width=22)
                                                                                                   ->  Append-only Columnar Scan on store_returns_1_prt_8  (cost=0.00..32106.70 rows=800790 width=22)
                                                                                                   ->  Append-only Columnar Scan on store_returns_1_prt_9  (cost=0.00..32900.20 rows=820607 width=22)
                                                                                                   ->  Append-only Columnar Scan on store_returns_1_prt_10  (cost=0.00..37679.10 rows=939970 width=22)
                                                                                                   ->  Append-only Columnar Scan on store_returns_1_prt_11  (cost=0.00..44416.50 rows=1108017 width=22)
                                                                                                   ->  Append-only Columnar Scan on store_returns_1_prt_12  (cost=0.00..51022.00 rows=1272934 width=22)
                                                                                                   ->  Append-only Columnar Scan on store_returns_1_prt_13  (cost=0.00..60422.90 rows=1507530 width=22)
                                                                                                   ->  Append-only Columnar Scan on store_returns_1_prt_14  (cost=0.00..73185.80 rows=1826060 width=22)
                                                                                                   ->  Append-only Columnar Scan on store_returns_1_prt_15  (cost=0.00..82303.60 rows=2053554 width=22)
                                                                                                   ->  Append-only Columnar Scan on store_returns_1_prt_16  (cost=0.00..79967.20 rows=1995307 width=22)
                                                                                                   ->  Append-only Columnar Scan on store_returns_1_prt_17  (cost=0.00..73186.20 rows=1826107 width=22)
                                                                                                   ->  Append-only Columnar Scan on store_returns_1_prt_18  (cost=0.00..66475.20 rows=1658607 width=22)
                                                                                                   ->  Append-only Columnar Scan on store_returns_1_prt_19  (cost=0.00..58723.50 rows=1465084 width=22)
                                                                                                   ->  Append-only Columnar Scan on store_returns_1_prt_20  (cost=0.00..46348.30 rows=1156177 width=22)
                                                                                                   ->  Append-only Columnar Scan on store_returns_1_prt_21  (cost=0.00..34792.40 rows=867914 width=22)
                                                                                                   ->  Append-only Columnar Scan on store_returns_1_prt_22  (cost=0.00..32894.20 rows=820507 width=22)
                                                                                                   ->  Append-only Columnar Scan on store_returns_1_prt_23  (cost=0.00..37424.80 rows=933627 width=22)
                                                                                                   ->  Append-only Columnar Scan on store_returns_1_prt_24  (cost=0.00..44195.80 rows=1102527 width=22)
                                                                                                   ->  Append-only Columnar Scan on store_returns_1_prt_25  (cost=0.00..50837.00 rows=1268234 width=22)
                                                                                                   ->  Append-only Columnar Scan on store_returns_1_prt_26  (cost=0.00..59985.70 rows=1496590 width=22)
                                                                                                   ->  Append-only Columnar Scan on store_returns_1_prt_27  (cost=0.00..72724.00 rows=1814434 width=22)
                                                                                                   ->  Append-only Columnar Scan on store_returns_1_prt_28  (cost=0.00..82164.10 rows=2050104 width=22)
                                                                                                   ->  Append-only Columnar Scan on store_returns_1_prt_29  (cost=0.00..80191.60 rows=2000754 width=22)
                                                                                                   ->  Append-only Columnar Scan on store_returns_1_prt_30  (cost=0.00..73529.70 rows=1834590 width=22)
                                                                                                   ->  Append-only Columnar Scan on store_returns_1_prt_31  (cost=0.00..66909.40 rows=1669347 width=22)
                                                                                                   ->  Append-only Columnar Scan on store_returns_1_prt_32  (cost=0.00..59189.10 rows=1476737 width=22)
                                                                                                   ->  Append-only Columnar Scan on store_returns_1_prt_33  (cost=0.00..46935.60 rows=1170954 width=22)
                                                                                                   ->  Append-only Columnar Scan on store_returns_1_prt_34  (cost=0.00..35180.30 rows=877544 width=22)
                                                                                                   ->  Append-only Columnar Scan on store_returns_1_prt_35  (cost=0.00..32948.10 rows=821804 width=22)
                                                                                                   ->  Append-only Columnar Scan on store_returns_1_prt_36  (cost=0.00..37243.00 rows=928967 width=22)
                                                                                                   ->  Append-only Columnar Scan on store_returns_1_prt_37  (cost=0.00..43879.00 rows=1094634 width=22)
                                                                                                   ->  Append-only Columnar Scan on store_returns_1_prt_38  (cost=0.00..50465.40 rows=1259047 width=22)
                                                                                                   ->  Append-only Columnar Scan on store_returns_1_prt_39  (cost=0.00..59486.40 rows=1484147 width=22)
                                                                                                   ->  Append-only Columnar Scan on store_returns_1_prt_40  (cost=0.00..72150.30 rows=1800177 width=22)
                                                                                                   ->  Append-only Columnar Scan on store_returns_1_prt_41  (cost=0.00..81849.40 rows=2042280 width=22)
                                                                                                   ->  Append-only Columnar Scan on store_returns_1_prt_42  (cost=0.00..80010.30 rows=1996310 width=22)
                                                                                                   ->  Append-only Columnar Scan on store_returns_1_prt_43  (cost=0.00..73403.80 rows=1831427 width=22)
                                                                                                   ->  Append-only Columnar Scan on store_returns_1_prt_44  (cost=0.00..66684.90 rows=1663764 width=22)
                                                                                                   ->  Append-only Columnar Scan on store_returns_1_prt_45  (cost=0.00..59144.80 rows=1475594 width=22)
                                                                                                   ->  Append-only Columnar Scan on store_returns_1_prt_46  (cost=0.00..47011.80 rows=1172827 width=22)
                                                                                                   ->  Append-only Columnar Scan on store_returns_1_prt_47  (cost=0.00..35247.70 rows=879257 width=22)
                                                                                                   ->  Append-only Columnar Scan on store_returns_1_prt_48  (cost=0.00..32757.00 rows=817067 width=22)
                                                                                                   ->  Append-only Columnar Scan on store_returns_1_prt_49  (cost=0.00..36707.60 rows=915654 width=22)
                                                                                                   ->  Append-only Columnar Scan on store_returns_1_prt_50  (cost=0.00..43497.40 rows=1085080 width=22)
                                                                                                   ->  Append-only Columnar Scan on store_returns_1_prt_51  (cost=0.00..50143.80 rows=1250960 width=22)
                                                                                                   ->  Append-only Columnar Scan on store_returns_1_prt_52  (cost=0.00..58791.30 rows=1466777 width=22)
                                                                                                   ->  Append-only Columnar Scan on store_returns_1_prt_53  (cost=0.00..71405.50 rows=1781517 width=22)
                                                                                                   ->  Append-only Columnar Scan on store_returns_1_prt_54  (cost=0.00..81729.80 rows=2039294 width=22)
                                                                                                   ->  Append-only Columnar Scan on store_returns_1_prt_55  (cost=0.00..80773.90 rows=2015430 width=22)
                                                                                                   ->  Append-only Columnar Scan on store_returns_1_prt_56  (cost=0.00..74229.00 rows=1852034 width=22)
                                                                                                   ->  Append-only Columnar Scan on store_returns_1_prt_57  (cost=0.00..67439.70 rows=1682624 width=22)
                                                                                                   ->  Append-only Columnar Scan on store_returns_1_prt_58  (cost=0.00..60085.40 rows=1499080 width=22)
                                                                                                   ->  Append-only Columnar Scan on store_returns_1_prt_59  (cost=0.00..48188.70 rows=1202190 width=22)
                                                                                                   ->  Append-only Columnar Scan on store_returns_1_prt_60  (cost=0.00..35990.20 rows=897740 width=22)
                                                                                                   ->  Append-only Columnar Scan on store_returns_1_prt_61  (cost=0.00..32755.30 rows=817010 width=22)
                                                                                                   ->  Append-only Columnar Scan on store_returns_1_prt_62  (cost=0.00..36451.80 rows=909294 width=22)
                                                                                                   ->  Append-only Columnar Scan on store_returns_1_prt_63  (cost=0.00..43272.00 rows=1079500 width=22)
                                                                                                   ->  Append-only Columnar Scan on store_returns_1_prt_64  (cost=0.00..49886.80 rows=1244560 width=22)
                                                                                                   ->  Append-only Columnar Scan on store_returns_1_prt_65  (cost=0.00..58346.40 rows=1455714 width=22)
                                                                                                   ->  Append-only Columnar Scan on store_returns_1_prt_66  (cost=0.00..70812.50 rows=1766850 width=22)
                                                                                                   ->  Append-only Columnar Scan on store_returns_1_prt_67  (cost=0.00..80500.30 rows=2008644 width=22)
                                                                                                   ->  Append-only Columnar Scan on store_returns_1_prt_68  (cost=0.00..75031.60 rows=1872054 width=22)
                                                                                                   ->  Append-only Columnar Scan on store_returns_1_prt_69  (cost=0.00..63447.40 rows=1582914 width=22)
                                                                                                   ->  Append-only Columnar Scan on store_returns_1_prt_70  (cost=0.00..51572.60 rows=1286687 width=22)
                                                                                                   ->  Append-only Columnar Scan on store_returns_1_prt_71  (cost=0.00..39178.00 rows=977300 width=22)
                                                                                                   ->  Append-only Columnar Scan on store_returns_1_prt_72  (cost=0.00..22132.80 rows=551994 width=22)
                                                                                                   ->  Append-only Columnar Scan on store_returns_1_prt_73  (cost=0.00..4828.24 rows=120108 width=22)
                                                                                                   ->  Append-only Columnar Scan on store_returns_1_prt_74  (cost=0.00..1.00 rows=1 width=30)
                                                                                                   ->  Append-only Columnar Scan on store_returns_1_prt_75  (cost=0.00..1.00 rows=1 width=30)
                                                                                                   ->  Append-only Columnar Scan on store_returns_1_prt_76  (cost=0.00..1.00 rows=1 width=30)
                                                                                                   ->  Append-only Columnar Scan on store_returns_1_prt_77  (cost=0.00..1.00 rows=1 width=30)
                                                                                                   ->  Append-only Columnar Scan on store_returns_1_prt_78  (cost=0.00..1.00 rows=1 width=30)
                                                                                                   ->  Append-only Columnar Scan on store_returns_1_prt_79  (cost=0.00..1.00 rows=1 width=30)
                                                                                                   ->  Append-only Columnar Scan on store_returns_1_prt_80  (cost=0.00..1.00 rows=1 width=30)
                                                                                             ->  Hash  (cost=57525861.87..57525861.87 rows=11 width=26)
                                                                                                   ->  Hash Join  (cost=1297.42..57525861.87 rows=11 width=26)
                                                                                                         Hash Cond: (store_sales_1_prt_outliers.ss_sold_date_sk = date_dim_1.d_date_sk)
                                                                                                         ->  Append  (cost=0.00..39524635.96 rows=959996170 width=26)
                                                                                                               ->  Result  (cost=0.00..1568615.00 rows=43200334 width=26)
                                                                                                                     One-Time Filter: PartSelected
                                                                                                                     ->  Append-only Columnar Scan on store_sales_1_prt_outliers  (cost=0.00..1568615.00 rows=43200334 width=26)
                                                                                                               ->  Result  (cost=0.00..324595.00 rows=7840134 width=26)
                                                                                                                     One-Time Filter: PartSelected
                                                                                                                     ->  Append-only Columnar Scan on store_sales_1_prt_2  (cost=0.00..324595.00 rows=7840134 width=26)
                                                                                                               ->  Result  (cost=0.00..336211.00 rows=8120800 width=26)
                                                                                                                     One-Time Filter: PartSelected
                                                                                                                     ->  Append-only Columnar Scan on store_sales_1_prt_3  (cost=0.00..336211.00 rows=8120800 width=26)
                                                                                                               ->  Result  (cost=0.00..324382.00 rows=7834967 width=26)
                                                                                                                     One-Time Filter: PartSelected
                                                                                                                     ->  Append-only Columnar Scan on store_sales_1_prt_4  (cost=0.00..324382.00 rows=7834967 width=26)
                                                                                                               ->  Result  (cost=0.00..336381.00 rows=8124734 width=26)
                                                                                                                     One-Time Filter: PartSelected
                                                                                                                     ->  Append-only Columnar Scan on store_sales_1_prt_5  (cost=0.00..336381.00 rows=8124734 width=26)
                                                                                                               ->  Result  (cost=0.00..336417.00 rows=8125800 width=26)
                                                                                                                     One-Time Filter: PartSelected
                                                                                                                     ->  Append-only Columnar Scan on store_sales_1_prt_6  (cost=0.00..336417.00 rows=8125800 width=26)
                                                                                                               ->  Result  (cost=0.00..336453.00 rows=8126567 width=26)
                                                                                                                     One-Time Filter: PartSelected
                                                                                                                     ->  Append-only Columnar Scan on store_sales_1_prt_7  (cost=0.00..336453.00 rows=8126567 width=26)
                                                                                                               ->  Result  (cost=0.00..336058.00 rows=8116967 width=26)
                                                                                                                     One-Time Filter: PartSelected
                                                                                                                     ->  Append-only Columnar Scan on store_sales_1_prt_8  (cost=0.00..336058.00 rows=8116967 width=26)
                                                                                                               ->  Result  (cost=0.00..489738.00 rows=11829267 width=26)
                                                                                                                     One-Time Filter: PartSelected
                                                                                                                     ->  Append-only Columnar Scan on store_sales_1_prt_9  (cost=0.00..489738.00 rows=11829267 width=26)
                                                                                                               ->  Result  (cost=0.00..765474.00 rows=18489534 width=26)
                                                                                                                     One-Time Filter: PartSelected
                                                                                                                     ->  Append-only Columnar Scan on store_sales_1_prt_10  (cost=0.00..765474.00 rows=18489534 width=26)
                                                                                                               ->  Result  (cost=0.00..766278.00 rows=18508900 width=26)
                                                                                                                     One-Time Filter: PartSelected
                                                                                                                     ->  Append-only Columnar Scan on store_sales_1_prt_11  (cost=0.00..766278.00 rows=18508900 width=26)
                                                                                                               ->  Result  (cost=0.00..793967.00 rows=19177700 width=26)
                                                                                                                     One-Time Filter: PartSelected
                                                                                                                     ->  Append-only Columnar Scan on store_sales_1_prt_12  (cost=0.00..793967.00 rows=19177700 width=26)
                                                                                                               ->  Result  (cost=0.00..1159820.00 rows=28014600 width=26)
                                                                                                                     One-Time Filter: PartSelected
                                                                                                                     ->  Append-only Columnar Scan on store_sales_1_prt_13  (cost=0.00..1159820.00 rows=28014600 width=26)
                                                                                                               ->  Result  (cost=0.00..1160753.00 rows=28037334 width=26)
                                                                                                                     One-Time Filter: PartSelected
                                                                                                                     ->  Append-only Columnar Scan on store_sales_1_prt_14  (cost=0.00..1160753.00 rows=28037334 width=26)
                                                                                                               ->  Result  (cost=0.00..436710.00 rows=10548367 width=26)
                                                                                                                     One-Time Filter: PartSelected
                                                                                                                     ->  Append-only Columnar Scan on store_sales_1_prt_15  (cost=0.00..436710.00 rows=10548367 width=26)
                                                                                                               ->  Result  (cost=0.00..336477.00 rows=8127134 width=26)
                                                                                                                     One-Time Filter: PartSelected
                                                                                                                     ->  Append-only Columnar Scan on store_sales_1_prt_16  (cost=0.00..336477.00 rows=8127134 width=26)
                                                                                                               ->  Result  (cost=0.00..324706.00 rows=7842834 width=26)
                                                                                                                     One-Time Filter: PartSelected
                                                                                                                     ->  Append-only Columnar Scan on store_sales_1_prt_17  (cost=0.00..324706.00 rows=7842834 width=26)
                                                                                                               ->  Result  (cost=0.00..336587.00 rows=8129867 width=26)
                                                                                                                     One-Time Filter: PartSelected
                                                                                                                     ->  Append-only Columnar Scan on store_sales_1_prt_18  (cost=0.00..336587.00 rows=8129867 width=26)
                                                                                                               ->  Result  (cost=0.00..336153.00 rows=8119367 width=26)
                                                                                                                     One-Time Filter: PartSelected
                                                                                                                     ->  Append-only Columnar Scan on store_sales_1_prt_19  (cost=0.00..336153.00 rows=8119367 width=26)
                                                                                                               ->  Result  (cost=0.00..336736.00 rows=8133367 width=26)
                                                                                                                     One-Time Filter: PartSelected
                                                                                                                     ->  Append-only Columnar Scan on store_sales_1_prt_20  (cost=0.00..336736.00 rows=8133367 width=26)
                                                                                                               ->  Result  (cost=0.00..336190.00 rows=8120200 width=26)
                                                                                                                     One-Time Filter: PartSelected
                                                                                                                     ->  Append-only Columnar Scan on store_sales_1_prt_21  (cost=0.00..336190.00 rows=8120200 width=26)
                                                                                                               ->  Result  (cost=0.00..474334.00 rows=11457100 width=26)
                                                                                                                     One-Time Filter: PartSelected
                                                                                                                     ->  Append-only Columnar Scan on store_sales_1_prt_22  (cost=0.00..474334.00 rows=11457100 width=26)
                                                                                                               ->  Result  (cost=0.00..766084.00 rows=18504234 width=26)
                                                                                                                     One-Time Filter: PartSelected
                                                                                                                     ->  Append-only Columnar Scan on store_sales_1_prt_23  (cost=0.00..766084.00 rows=18504234 width=26)
                                                                                                               ->  Result  (cost=0.00..765781.00 rows=18496900 width=26)
                                                                                                                     One-Time Filter: PartSelected
                                                                                                                     ->  Append-only Columnar Scan on store_sales_1_prt_24  (cost=0.00..765781.00 rows=18496900 width=26)
                                                                                                               ->  Result  (cost=0.00..779443.00 rows=18826834 width=26)
                                                                                                                     One-Time Filter: PartSelected
                                                                                                                     ->  Append-only Columnar Scan on store_sales_1_prt_25  (cost=0.00..779443.00 rows=18826834 width=26)
                                                                                                               ->  Result  (cost=0.00..1160832.00 rows=28039467 width=26)
                                                                                                                     One-Time Filter: PartSelected
                                                                                                                     ->  Append-only Columnar Scan on store_sales_1_prt_26  (cost=0.00..1160832.00 rows=28039467 width=26)
                                                                                                               ->  Result  (cost=0.00..1160090.00 rows=28021400 width=26)
                                                                                                                     One-Time Filter: PartSelected
                                                                                                                     ->  Append-only Columnar Scan on store_sales_1_prt_27  (cost=0.00..1160090.00 rows=28021400 width=26)
                                                                                                               ->  Result  (cost=0.00..465893.00 rows=11253134 width=26)
                                                                                                                     One-Time Filter: PartSelected
                                                                                                                     ->  Append-only Columnar Scan on store_sales_1_prt_28  (cost=0.00..465893.00 rows=11253134 width=26)
                                                                                                               ->  Result  (cost=0.00..335914.00 rows=8113600 width=26)
                                                                                                                     One-Time Filter: PartSelected
                                                                                                                     ->  Append-only Columnar Scan on store_sales_1_prt_29  (cost=0.00..335914.00 rows=8113600 width=26)
                                                                                                               ->  Result  (cost=0.00..336186.00 rows=8120167 width=26)
                                                                                                                     One-Time Filter: PartSelected
                                                                                                                     ->  Append-only Columnar Scan on store_sales_1_prt_30  (cost=0.00..336186.00 rows=8120167 width=26)
                                                                                                               ->  Result  (cost=0.00..336014.00 rows=8115934 width=26)
                                                                                                                     One-Time Filter: PartSelected
                                                                                                                     ->  Append-only Columnar Scan on store_sales_1_prt_31  (cost=0.00..336014.00 rows=8115934 width=26)
                                                                                                               ->  Result  (cost=0.00..335918.00 rows=8113667 width=26)
                                                                                                                     One-Time Filter: PartSelected
                                                                                                                     ->  Append-only Columnar Scan on store_sales_1_prt_32  (cost=0.00..335918.00 rows=8113667 width=26)
                                                                                                               ->  Result  (cost=0.00..336069.00 rows=8117334 width=26)
                                                                                                                     One-Time Filter: PartSelected
                                                                                                                     ->  Append-only Columnar Scan on store_sales_1_prt_33  (cost=0.00..336069.00 rows=8117334 width=26)
                                                                                                               ->  Result  (cost=0.00..335472.00 rows=8102900 width=26)
                                                                                                                     One-Time Filter: PartSelected
                                                                                                                     ->  Append-only Columnar Scan on store_sales_1_prt_34  (cost=0.00..335472.00 rows=8102900 width=26)
                                                                                                               ->  Result  (cost=0.00..457985.00 rows=11062100 width=26)
                                                                                                                     One-Time Filter: PartSelected
                                                                                                                     ->  Append-only Columnar Scan on store_sales_1_prt_35  (cost=0.00..457985.00 rows=11062100 width=26)
                                                                                                               ->  Result  (cost=0.00..764679.00 rows=18470400 width=26)
                                                                                                                     One-Time Filter: PartSelected
                                                                                                                     ->  Append-only Columnar Scan on store_sales_1_prt_36  (cost=0.00..764679.00 rows=18470400 width=26)
                                                                                                               ->  Result  (cost=0.00..764030.00 rows=18454700 width=26)
                                                                                                                     One-Time Filter: PartSelected
                                                                                                                     ->  Append-only Columnar Scan on store_sales_1_prt_37  (cost=0.00..764030.00 rows=18454700 width=26)
                                                                                                               ->  Result  (cost=0.00..764484.00 rows=18465634 width=26)
                                                                                                                     One-Time Filter: PartSelected
                                                                                                                     ->  Append-only Columnar Scan on store_sales_1_prt_38  (cost=0.00..764484.00 rows=18465634 width=26)
                                                                                                               ->  Result  (cost=0.00..1158198.04 rows=27975568 width=26)
                                                                                                                     One-Time Filter: PartSelected
                                                                                                                     ->  Append-only Columnar Scan on store_sales_1_prt_39  (cost=0.00..1158198.04 rows=27975568 width=26)
                                                                                                               ->  Result  (cost=0.00..1158199.04 rows=27975968 width=26)
                                                                                                                     One-Time Filter: PartSelected
                                                                                                                     ->  Append-only Columnar Scan on store_sales_1_prt_40  (cost=0.00..1158199.04 rows=27975968 width=26)
                                                                                                               ->  Result  (cost=0.00..483138.00 rows=11669800 width=26)
                                                                                                                     One-Time Filter: PartSelected
                                                                                                                     ->  Append-only Columnar Scan on store_sales_1_prt_41  (cost=0.00..483138.00 rows=11669800 width=26)
                                                                                                               ->  Result  (cost=0.00..336559.00 rows=8129100 width=26)
                                                                                                                     One-Time Filter: PartSelected
                                                                                                                     ->  Append-only Columnar Scan on store_sales_1_prt_42  (cost=0.00..336559.00 rows=8129100 width=26)
                                                                                                               ->  Result  (cost=0.00..324602.00 rows=7840367 width=26)
                                                                                                                     One-Time Filter: PartSelected
                                                                                                                     ->  Append-only Columnar Scan on store_sales_1_prt_43  (cost=0.00..324602.00 rows=7840367 width=26)
                                                                                                               ->  Result  (cost=0.00..336209.00 rows=8120567 width=26)
                                                                                                                     One-Time Filter: PartSelected
                                                                                                                     ->  Append-only Columnar Scan on store_sales_1_prt_44  (cost=0.00..336209.00 rows=8120567 width=26)
                                                                                                               ->  Result  (cost=0.00..336313.00 rows=8123267 width=26)
                                                                                                                     One-Time Filter: PartSelected
                                                                                                                     ->  Append-only Columnar Scan on store_sales_1_prt_45  (cost=0.00..336313.00 rows=8123267 width=26)
                                                                                                               ->  Result  (cost=0.00..336621.00 rows=8130734 width=26)
                                                                                                                     One-Time Filter: PartSelected
                                                                                                                     ->  Append-only Columnar Scan on store_sales_1_prt_46  (cost=0.00..336621.00 rows=8130734 width=26)
                                                                                                               ->  Result  (cost=0.00..335906.00 rows=8113400 width=26)
                                                                                                                     One-Time Filter: PartSelected
                                                                                                                     ->  Append-only Columnar Scan on store_sales_1_prt_47  (cost=0.00..335906.00 rows=8113400 width=26)
                                                                                                               ->  Result  (cost=0.00..428657.00 rows=10353800 width=26)
                                                                                                                     One-Time Filter: PartSelected
                                                                                                                     ->  Append-only Columnar Scan on store_sales_1_prt_48  (cost=0.00..428657.00 rows=10353800 width=26)
                                                                                                               ->  Result  (cost=0.00..766560.00 rows=18515734 width=26)
                                                                                                                     One-Time Filter: PartSelected
                                                                                                                     ->  Append-only Columnar Scan on store_sales_1_prt_49  (cost=0.00..766560.00 rows=18515734 width=26)
                                                                                                               ->  Result  (cost=0.00..766167.00 rows=18506234 width=26)
                                                                                                                     One-Time Filter: PartSelected
                                                                                                                     ->  Append-only Columnar Scan on store_sales_1_prt_50  (cost=0.00..766167.00 rows=18506234 width=26)
                                                                                                               ->  Result  (cost=0.00..766196.00 rows=18506900 width=26)
                                                                                                                     One-Time Filter: PartSelected
                                                                                                                     ->  Append-only Columnar Scan on store_sales_1_prt_51  (cost=0.00..766196.00 rows=18506900 width=26)
                                                                                                               ->  Result  (cost=0.00..1130938.00 rows=27317200 width=26)
                                                                                                                     One-Time Filter: PartSelected
                                                                                                                     ->  Append-only Columnar Scan on store_sales_1_prt_52  (cost=0.00..1130938.00 rows=27317200 width=26)
                                                                                                               ->  Result  (cost=0.00..1160637.96 rows=28034566 width=26)
                                                                                                                     One-Time Filter: PartSelected
                                                                                                                     ->  Append-only Columnar Scan on store_sales_1_prt_53  (cost=0.00..1160637.96 rows=28034566 width=26)
                                                                                                               ->  Result  (cost=0.00..555225.00 rows=13411000 width=26)
                                                                                                                     One-Time Filter: PartSelected
                                                                                                                     ->  Append-only Columnar Scan on store_sales_1_prt_54  (cost=0.00..555225.00 rows=13411000 width=26)
                                                                                                               ->  Result  (cost=0.00..336782.00 rows=8134567 width=26)
                                                                                                                     One-Time Filter: PartSelected
                                                                                                                     ->  Append-only Columnar Scan on store_sales_1_prt_55  (cost=0.00..336782.00 rows=8134567 width=26)
                                                                                                               ->  Result  (cost=0.00..324454.00 rows=7836734 width=26)
                                                                                                                     One-Time Filter: PartSelected
                                                                                                                     ->  Append-only Columnar Scan on store_sales_1_prt_56  (cost=0.00..324454.00 rows=7836734 width=26)
                                                                                                               ->  Result  (cost=0.00..336546.00 rows=8128867 width=26)
                                                                                                                     One-Time Filter: PartSelected
                                                                                                                     ->  Append-only Columnar Scan on store_sales_1_prt_57  (cost=0.00..336546.00 rows=8128867 width=26)
                                                                                                               ->  Result  (cost=0.00..336207.00 rows=8120667 width=26)
                                                                                                                     One-Time Filter: PartSelected
                                                                                                                     ->  Append-only Columnar Scan on store_sales_1_prt_58  (cost=0.00..336207.00 rows=8120667 width=26)
                                                                                                               ->  Result  (cost=0.00..336578.00 rows=8129534 width=26)
                                                                                                                     One-Time Filter: PartSelected
                                                                                                                     ->  Append-only Columnar Scan on store_sales_1_prt_59  (cost=0.00..336578.00 rows=8129534 width=26)
                                                                                                               ->  Result  (cost=0.00..336468.00 rows=8127067 width=26)
                                                                                                                     One-Time Filter: PartSelected
                                                                                                                     ->  Append-only Columnar Scan on store_sales_1_prt_60  (cost=0.00..336468.00 rows=8127067 width=26)
                                                                                                               ->  Result  (cost=0.00..412992.00 rows=9975467 width=26)
                                                                                                                     One-Time Filter: PartSelected
                                                                                                                     ->  Append-only Columnar Scan on store_sales_1_prt_61  (cost=0.00..412992.00 rows=9975467 width=26)
                                                                                                               ->  Result  (cost=0.00..765709.00 rows=18495234 width=26)
                                                                                                                     One-Time Filter: PartSelected
                                                                                                                     ->  Append-only Columnar Scan on store_sales_1_prt_62  (cost=0.00..765709.00 rows=18495234 width=26)
                                                                                                               ->  Result  (cost=0.00..766176.00 rows=18506500 width=26)
                                                                                                                     One-Time Filter: PartSelected
                                                                                                                     ->  Append-only Columnar Scan on store_sales_1_prt_63  (cost=0.00..766176.00 rows=18506500 width=26)
                                                                                                               ->  Result  (cost=0.00..766142.00 rows=18505834 width=26)
                                                                                                                     One-Time Filter: PartSelected
                                                                                                                     ->  Append-only Columnar Scan on store_sales_1_prt_64  (cost=0.00..766142.00 rows=18505834 width=26)
                                                                                                               ->  Result  (cost=0.00..1117566.96 rows=26994166 width=26)
                                                                                                                     One-Time Filter: PartSelected
                                                                                                                     ->  Append-only Columnar Scan on store_sales_1_prt_65  (cost=0.00..1117566.96 rows=26994166 width=26)
                                                                                                               ->  Result  (cost=0.00..1159645.96 rows=28010566 width=26)
                                                                                                                     One-Time Filter: PartSelected
                                                                                                                     ->  Append-only Columnar Scan on store_sales_1_prt_66  (cost=0.00..1159645.96 rows=28010566 width=26)
                                                                                                               ->  Result  (cost=0.00..331321.00 rows=8002500 width=26)
                                                                                                                     One-Time Filter: PartSelected
                                                                                                                     ->  Append-only Columnar Scan on store_sales_1_prt_67  (cost=0.00..331321.00 rows=8002500 width=26)
                                                                                                               ->  Result  (cost=0.00..1.00 rows=1 width=34)
                                                                                                                     One-Time Filter: PartSelected
                                                                                                                     ->  Append-only Columnar Scan on store_sales_1_prt_68  (cost=0.00..1.00 rows=1 width=34)
                                                                                                               ->  Result  (cost=0.00..1.00 rows=1 width=34)
                                                                                                                     One-Time Filter: PartSelected
                                                                                                                     ->  Append-only Columnar Scan on store_sales_1_prt_69  (cost=0.00..1.00 rows=1 width=34)
                                                                                                               ->  Result  (cost=0.00..1.00 rows=1 width=34)
                                                                                                                     One-Time Filter: PartSelected
                                                                                                                     ->  Append-only Columnar Scan on store_sales_1_prt_70  (cost=0.00..1.00 rows=1 width=34)
                                                                                                               ->  Result  (cost=0.00..1.00 rows=1 width=34)
                                                                                                                     One-Time Filter: PartSelected
                                                                                                                     ->  Append-only Columnar Scan on store_sales_1_prt_71  (cost=0.00..1.00 rows=1 width=34)
                                                                                                               ->  Result  (cost=0.00..1.00 rows=1 width=34)
                                                                                                                     One-Time Filter: PartSelected
                                                                                                                     ->  Append-only Columnar Scan on store_sales_1_prt_72  (cost=0.00..1.00 rows=1 width=34)
                                                                                                               ->  Result  (cost=0.00..1.00 rows=1 width=34)
                                                                                                                     One-Time Filter: PartSelected
                                                                                                                     ->  Append-only Columnar Scan on store_sales_1_prt_73  (cost=0.00..1.00 rows=1 width=34)
                                                                                                               ->  Result  (cost=0.00..1.00 rows=1 width=34)
                                                                                                                     One-Time Filter: PartSelected
                                                                                                                     ->  Append-only Columnar Scan on store_sales_1_prt_74  (cost=0.00..1.00 rows=1 width=34)
                                                                                                               ->  Result  (cost=0.00..1.00 rows=1 width=34)
                                                                                                                     One-Time Filter: PartSelected
                                                                                                                     ->  Append-only Columnar Scan on store_sales_1_prt_75  (cost=0.00..1.00 rows=1 width=34)
                                                                                                               ->  Result  (cost=0.00..1.00 rows=1 width=34)
                                                                                                                     One-Time Filter: PartSelected
                                                                                                                     ->  Append-only Columnar Scan on store_sales_1_prt_76  (cost=0.00..1.00 rows=1 width=34)
                                                                                                               ->  Result  (cost=0.00..1.00 rows=1 width=34)
                                                                                                                     One-Time Filter: PartSelected
                                                                                                                     ->  Append-only Columnar Scan on store_sales_1_prt_77  (cost=0.00..1.00 rows=1 width=34)
                                                                                                               ->  Result  (cost=0.00..1.00 rows=1 width=34)
                                                                                                                     One-Time Filter: PartSelected
                                                                                                                     ->  Append-only Columnar Scan on store_sales_1_prt_78  (cost=0.00..1.00 rows=1 width=34)
                                                                                                               ->  Result  (cost=0.00..1.00 rows=1 width=34)
                                                                                                                     One-Time Filter: PartSelected
                                                                                                                     ->  Append-only Columnar Scan on store_sales_1_prt_79  (cost=0.00..1.00 rows=1 width=34)
                                                                                                               ->  Result  (cost=0.00..1.00 rows=1 width=34)
                                                                                                                     One-Time Filter: PartSelected
                                                                                                                     ->  Append-only Columnar Scan on store_sales_1_prt_80  (cost=0.00..1.00 rows=1 width=34)
                                                                                                         ->  Hash  (cost=1283.72..1283.72 rows=366 width=8)
                                                                                                               ->  Partition Selector for store_sales (dynamic scan id: 1)  (cost=0.00..1283.72 rows=366 width=8)
                                                                                                                     Filter: date_dim_1.d_date_sk
                                                                                                                     ->  Broadcast Motion 3:3  (slice3; segments: 3)  (cost=0.00..1283.72 rows=366 width=8)
                                                                                                                           ->  Seq Scan on date_dim date_dim_1  (cost=0.00..1269.11 rows=122 width=8)
                                                                                                                                 Filter: (d_year = 2002)
                                                                                 ->  Hash  (cost=6729.59..6729.59 rows=10436 width=20)
                                                                                       ->  Seq Scan on item item_1  (cost=0.00..6729.59 rows=10436 width=20)
                                                                                             Filter: ((i_category)::text = 'Sports'::text)
                                                                           ->  Hash Right Join  (cost=15721952.79..21596317.55 rows=125541 width=40)
                                                                                 Hash Cond: ((web_returns_1_prt_outliers.wr_order_number = web_sales_1_prt_outliers.ws_order_number) AND (web_returns_1_prt_outliers.wr_item_sk = web_sales_1_prt_outliers.ws_item_sk))
                                                                                 ->  Append  (cost=0.00..983242.45 rows=23999182 width=18)
                                                                                       ->  Append-only Columnar Scan on web_returns_1_prt_outliers  (cost=0.00..38893.60 rows=1079754 width=18)
                                                                                       ->  Append-only Columnar Scan on web_returns_1_prt_2  (cost=0.00..51.87 rows=663 width=18)
                                                                                       ->  Append-only Columnar Scan on web_returns_1_prt_3  (cost=0.00..243.39 rows=5547 width=18)
                                                                                       ->  Append-only Columnar Scan on web_returns_1_prt_4  (cost=0.00..672.62 rows=16021 width=18)
                                                                                       ->  Append-only Columnar Scan on web_returns_1_prt_5  (cost=0.00..1337.96 rows=31999 width=18)
                                                                                       ->  Append-only Columnar Scan on web_returns_1_prt_6  (cost=0.00..2194.10 rows=52937 width=18)
                                                                                       ->  Append-only Columnar Scan on web_returns_1_prt_7  (cost=0.00..3165.94 rows=76598 width=18)
                                                                                       ->  Append-only Columnar Scan on web_returns_1_prt_8  (cost=0.00..4149.44 rows=100482 width=18)
                                                                                       ->  Append-only Columnar Scan on web_returns_1_prt_9  (cost=0.00..5123.76 rows=124092 width=18)
                                                                                       ->  Append-only Columnar Scan on web_returns_1_prt_10  (cost=0.00..6205.45 rows=150449 width=18)
                                                                                       ->  Append-only Columnar Scan on web_returns_1_prt_11  (cost=0.00..7467.74 rows=181092 width=18)
                                                                                       ->  Append-only Columnar Scan on web_returns_1_prt_12  (cost=0.00..8787.18 rows=213173 width=18)
                                                                                       ->  Append-only Columnar Scan on web_returns_1_prt_13  (cost=0.00..10246.69 rows=248690 width=18)
                                                                                       ->  Append-only Columnar Scan on web_returns_1_prt_14  (cost=0.00..11962.54 rows=290352 width=18)
                                                                                       ->  Append-only Columnar Scan on web_returns_1_prt_15  (cost=0.00..13706.59 rows=332753 width=18)
                                                                                       ->  Append-only Columnar Scan on web_returns_1_prt_16  (cost=0.00..15323.50 rows=371984 width=18)
                                                                                       ->  Append-only Columnar Scan on web_returns_1_prt_17  (cost=0.00..16613.80 rows=403427 width=18)
                                                                                       ->  Append-only Columnar Scan on web_returns_1_prt_18  (cost=0.00..17449.40 rows=423747 width=18)
                                                                                       ->  Append-only Columnar Scan on web_returns_1_prt_19  (cost=0.00..17450.10 rows=423704 width=18)
                                                                                       ->  Append-only Columnar Scan on web_returns_1_prt_20  (cost=0.00..16964.80 rows=411894 width=18)
                                                                                       ->  Append-only Columnar Scan on web_returns_1_prt_21  (cost=0.00..16132.20 rows=391674 width=18)
                                                                                       ->  Append-only Columnar Scan on web_returns_1_prt_22  (cost=0.00..14907.70 rows=361924 width=18)
                                                                                       ->  Append-only Columnar Scan on web_returns_1_prt_23  (cost=0.00..13378.79 rows=324693 width=18)
                                                                                       ->  Append-only Columnar Scan on web_returns_1_prt_24  (cost=0.00..12047.21 rows=292341 width=18)
                                                                                       ->  Append-only Columnar Scan on web_returns_1_prt_25  (cost=0.00..11228.09 rows=272470 width=18)
                                                                                       ->  Append-only Columnar Scan on web_returns_1_prt_26  (cost=0.00..11109.92 rows=269631 width=18)
                                                                                       ->  Append-only Columnar Scan on web_returns_1_prt_27  (cost=0.00..12030.70 rows=291957 width=18)
                                                                                       ->  Append-only Columnar Scan on web_returns_1_prt_28  (cost=0.00..13656.34 rows=331512 width=18)
                                                                                       ->  Append-only Columnar Scan on web_returns_1_prt_29  (cost=0.00..15310.30 rows=371677 width=18)
                                                                                       ->  Append-only Columnar Scan on web_returns_1_prt_30  (cost=0.00..16610.30 rows=403277 width=18)
                                                                                       ->  Append-only Columnar Scan on web_returns_1_prt_31  (cost=0.00..17417.80 rows=422960 width=18)
                                                                                       ->  Append-only Columnar Scan on web_returns_1_prt_32  (cost=0.00..17462.40 rows=423914 width=18)
                                                                                       ->  Append-only Columnar Scan on web_returns_1_prt_33  (cost=0.00..16977.10 rows=412204 width=18)
                                                                                       ->  Append-only Columnar Scan on web_returns_1_prt_34  (cost=0.00..16214.80 rows=393694 width=18)
                                                                                       ->  Append-only Columnar Scan on web_returns_1_prt_35  (cost=0.00..14996.10 rows=364070 width=18)
                                                                                       ->  Append-only Columnar Scan on web_returns_1_prt_36  (cost=0.00..13465.95 rows=326865 width=18)
                                                                                       ->  Append-only Columnar Scan on web_returns_1_prt_37  (cost=0.00..12069.06 rows=292936 width=18)
                                                                                       ->  Append-only Columnar Scan on web_returns_1_prt_38  (cost=0.00..11277.57 rows=273619 width=18)
                                                                                       ->  Append-only Columnar Scan on web_returns_1_prt_39  (cost=0.00..11095.59 rows=269287 width=18)
                                                                                       ->  Append-only Columnar Scan on web_returns_1_prt_40  (cost=0.00..11960.13 rows=290238 width=18)
                                                                                       ->  Append-only Columnar Scan on web_returns_1_prt_41  (cost=0.00..13588.95 rows=329865 width=18)
                                                                                       ->  Append-only Columnar Scan on web_returns_1_prt_42  (cost=0.00..15197.90 rows=368897 width=18)
                                                                                       ->  Append-only Columnar Scan on web_returns_1_prt_43  (cost=0.00..16516.40 rows=401014 width=18)
                                                                                       ->  Append-only Columnar Scan on web_returns_1_prt_44  (cost=0.00..17313.10 rows=420337 width=18)
                                                                                       ->  Append-only Columnar Scan on web_returns_1_prt_45  (cost=0.00..17436.40 rows=423380 width=18)
                                                                                       ->  Append-only Columnar Scan on web_returns_1_prt_46  (cost=0.00..16959.40 rows=411714 width=18)
                                                                                       ->  Append-only Columnar Scan on web_returns_1_prt_47  (cost=0.00..16178.70 rows=392790 width=18)
                                                                                       ->  Append-only Columnar Scan on web_returns_1_prt_48  (cost=0.00..14974.00 rows=363534 width=18)
                                                                                       ->  Append-only Columnar Scan on web_returns_1_prt_49  (cost=0.00..13451.19 rows=326507 width=18)
                                                                                       ->  Append-only Columnar Scan on web_returns_1_prt_50  (cost=0.00..12077.63 rows=293188 width=18)
                                                                                       ->  Append-only Columnar Scan on web_returns_1_prt_51  (cost=0.00..11199.36 rows=271779 width=18)
                                                                                       ->  Append-only Columnar Scan on web_returns_1_prt_52  (cost=0.00..11055.33 rows=268278 width=18)
                                                                                       ->  Append-only Columnar Scan on web_returns_1_prt_53  (cost=0.00..11851.16 rows=287672 width=18)
                                                                                       ->  Append-only Columnar Scan on web_returns_1_prt_54  (cost=0.00..13492.27 rows=327476 width=18)
                                                                                       ->  Append-only Columnar Scan on web_returns_1_prt_55  (cost=0.00..15119.10 rows=367037 width=18)
                                                                                       ->  Append-only Columnar Scan on web_returns_1_prt_56  (cost=0.00..16452.40 rows=399414 width=18)
                                                                                       ->  Append-only Columnar Scan on web_returns_1_prt_57  (cost=0.00..17332.10 rows=420837 width=18)
                                                                                       ->  Append-only Columnar Scan on web_returns_1_prt_58  (cost=0.00..17526.30 rows=425544 width=18)
                                                                                       ->  Append-only Columnar Scan on web_returns_1_prt_59  (cost=0.00..17030.00 rows=413467 width=18)
                                                                                       ->  Append-only Columnar Scan on web_returns_1_prt_60  (cost=0.00..16294.00 rows=395634 width=18)
                                                                                       ->  Append-only Columnar Scan on web_returns_1_prt_61  (cost=0.00..15121.60 rows=367087 width=18)
                                                                                       ->  Append-only Columnar Scan on web_returns_1_prt_62  (cost=0.00..13616.65 rows=330622 width=18)
                                                                                       ->  Append-only Columnar Scan on web_returns_1_prt_63  (cost=0.00..12209.64 rows=296355 width=18)
                                                                                       ->  Append-only Columnar Scan on web_returns_1_prt_64  (cost=0.00..11321.38 rows=274746 width=18)
                                                                                       ->  Append-only Columnar Scan on web_returns_1_prt_65  (cost=0.00..11070.08 rows=268603 width=18)
                                                                                       ->  Append-only Columnar Scan on web_returns_1_prt_66  (cost=0.00..11802.27 rows=286443 width=18)
                                                                                       ->  Append-only Columnar Scan on web_returns_1_prt_67  (cost=0.00..13397.43 rows=325215 width=18)
                                                                                       ->  Append-only Columnar Scan on web_returns_1_prt_68  (cost=0.00..14873.40 rows=361080 width=18)
                                                                                       ->  Append-only Columnar Scan on web_returns_1_prt_69  (cost=0.00..15860.80 rows=385127 width=18)
                                                                                       ->  Append-only Columnar Scan on web_returns_1_prt_70  (cost=0.00..16127.10 rows=391604 width=18)
                                                                                       ->  Append-only Columnar Scan on web_returns_1_prt_71  (cost=0.00..15525.80 rows=376927 width=18)
                                                                                       ->  Append-only Columnar Scan on web_returns_1_prt_72  (cost=0.00..14130.60 rows=342987 width=18)
                                                                                       ->  Append-only Columnar Scan on web_returns_1_prt_73  (cost=0.00..12407.21 rows=301141 width=18)
                                                                                       ->  Append-only Columnar Scan on web_returns_1_prt_74  (cost=0.00..10303.48 rows=250016 width=18)
                                                                                       ->  Append-only Columnar Scan on web_returns_1_prt_75  (cost=0.00..7747.34 rows=187845 width=18)
                                                                                       ->  Append-only Columnar Scan on web_returns_1_prt_76  (cost=0.00..5077.79 rows=123060 width=18)
                                                                                       ->  Append-only Columnar Scan on web_returns_1_prt_77  (cost=0.00..2838.35 rows=68612 width=18)
                                                                                       ->  Append-only Columnar Scan on web_returns_1_prt_78  (cost=0.00..1156.60 rows=27854 width=18)
                                                                                       ->  Append-only Columnar Scan on web_returns_1_prt_79  (cost=0.00..222.03 rows=5201 width=18)
                                                                                       ->  Append-only Columnar Scan on web_returns_1_prt_80  (cost=0.00..28.69 rows=23 width=18)
                                                                                 ->  Hash  (cost=15716303.47..15716303.47 rows=125541 width=38)
                                                                                       ->  Redistribute Motion 3:3  (slice7; segments: 3)  (cost=10453.25..15716303.47 rows=125541 width=38)
                                                                                             Hash Key: web_sales_1_prt_outliers.ws_order_number, web_sales_1_prt_outliers.ws_item_sk
                                                                                             ->  Hash Join  (cost=10453.25..15708771.05 rows=125541 width=38)
                                                                                                   Hash Cond: (web_sales_1_prt_outliers.ws_item_sk = item_2.i_item_sk)
                                                                                                   ->  Hash Join  (cost=1297.42..15673349.01 rows=1200001 width=22)
                                                                                                         Hash Cond: (web_sales_1_prt_outliers.ws_sold_date_sk = date_dim_2.d_date_sk)
                                                                                                         ->  Append  (cost=0.00..11136051.31 rows=240000015 width=22)
                                                                                                               ->  Result  (cost=0.00..2391.21 rows=59974 width=22)
                                                                                                                     One-Time Filter: PartSelected
                                                                                                                     ->  Append-only Columnar Scan on web_sales_1_prt_outliers  (cost=0.00..2391.21 rows=59974 width=22)
                                                                                                               ->  Result  (cost=0.00..94902.80 rows=2044794 width=22)
                                                                                                                     One-Time Filter: PartSelected
                                                                                                                     ->  Append-only Columnar Scan on web_sales_1_prt_2  (cost=0.00..94902.80 rows=2044794 width=22)
                                                                                                               ->  Result  (cost=0.00..98794.40 rows=2129180 width=22)
                                                                                                                     One-Time Filter: PartSelected
                                                                                                                     ->  Append-only Columnar Scan on web_sales_1_prt_3  (cost=0.00..98794.40 rows=2129180 width=22)
                                                                                                               ->  Result  (cost=0.00..95176.20 rows=2051340 width=22)
                                                                                                                     One-Time Filter: PartSelected
                                                                                                                     ->  Append-only Columnar Scan on web_sales_1_prt_4  (cost=0.00..95176.20 rows=2051340 width=22)
                                                                                                               ->  Result  (cost=0.00..98886.20 rows=2130874 width=22)
                                                                                                                     One-Time Filter: PartSelected
                                                                                                                     ->  Append-only Columnar Scan on web_sales_1_prt_5  (cost=0.00..98886.20 rows=2130874 width=22)
                                                                                                               ->  Result  (cost=0.00..98686.80 rows=2126394 width=22)
                                                                                                                     One-Time Filter: PartSelected
                                                                                                                     ->  Append-only Columnar Scan on web_sales_1_prt_6  (cost=0.00..98686.80 rows=2126394 width=22)
                                                                                                               ->  Result  (cost=0.00..98900.30 rows=2131144 width=22)
                                                                                                                     One-Time Filter: PartSelected
                                                                                                                     ->  Append-only Columnar Scan on web_sales_1_prt_7  (cost=0.00..98900.30 rows=2131144 width=22)
                                                                                                               ->  Result  (cost=0.00..98568.30 rows=2124144 width=22)
                                                                                                                     One-Time Filter: PartSelected
                                                                                                                     ->  Append-only Columnar Scan on web_sales_1_prt_8  (cost=0.00..98568.30 rows=2124144 width=22)
                                                                                                               ->  Result  (cost=0.00..143675.40 rows=3096280 width=22)
                                                                                                                     One-Time Filter: PartSelected
                                                                                                                     ->  Append-only Columnar Scan on web_sales_1_prt_9  (cost=0.00..143675.40 rows=3096280 width=22)
                                                                                                               ->  Result  (cost=0.00..224454.00 rows=4837567 width=22)
                                                                                                                     One-Time Filter: PartSelected
                                                                                                                     ->  Append-only Columnar Scan on web_sales_1_prt_10  (cost=0.00..224454.00 rows=4837567 width=22)
                                                                                                               ->  Result  (cost=0.00..224538.00 rows=4838600 width=22)
                                                                                                                     One-Time Filter: PartSelected
                                                                                                                     ->  Append-only Columnar Scan on web_sales_1_prt_11  (cost=0.00..224538.00 rows=4838600 width=22)
                                                                                                               ->  Result  (cost=0.00..232917.00 rows=5019700 width=22)
                                                                                                                     One-Time Filter: PartSelected
                                                                                                                     ->  Append-only Columnar Scan on web_sales_1_prt_12  (cost=0.00..232917.00 rows=5019700 width=22)
                                                                                                               ->  Result  (cost=0.00..340347.00 rows=7335234 width=22)
                                                                                                                     One-Time Filter: PartSelected
                                                                                                                     ->  Append-only Columnar Scan on web_sales_1_prt_13  (cost=0.00..340347.00 rows=7335234 width=22)
                                                                                                               ->  Result  (cost=0.00..339963.00 rows=7326700 width=22)
                                                                                                                     One-Time Filter: PartSelected
                                                                                                                     ->  Append-only Columnar Scan on web_sales_1_prt_14  (cost=0.00..339963.00 rows=7326700 width=22)
                                                                                                               ->  Result  (cost=0.00..128058.80 rows=2759894 width=22)
                                                                                                                     One-Time Filter: PartSelected
                                                                                                                     ->  Append-only Columnar Scan on web_sales_1_prt_15  (cost=0.00..128058.80 rows=2759894 width=22)
                                                                                                               ->  Result  (cost=0.00..98762.90 rows=2127930 width=22)
                                                                                                                     One-Time Filter: PartSelected
                                                                                                                     ->  Append-only Columnar Scan on web_sales_1_prt_16  (cost=0.00..98762.90 rows=2127930 width=22)
                                                                                                               ->  Result  (cost=0.00..95130.30 rows=2049977 width=22)
                                                                                                                     One-Time Filter: PartSelected
                                                                                                                     ->  Append-only Columnar Scan on web_sales_1_prt_17  (cost=0.00..95130.30 rows=2049977 width=22)
                                                                                                               ->  Result  (cost=0.00..98536.30 rows=2123477 width=22)
                                                                                                                     One-Time Filter: PartSelected
                                                                                                                     ->  Append-only Columnar Scan on web_sales_1_prt_18  (cost=0.00..98536.30 rows=2123477 width=22)
                                                                                                               ->  Result  (cost=0.00..98763.80 rows=2128160 width=22)
                                                                                                                     One-Time Filter: PartSelected
                                                                                                                     ->  Append-only Columnar Scan on web_sales_1_prt_19  (cost=0.00..98763.80 rows=2128160 width=22)
                                                                                                               ->  Result  (cost=0.00..98632.00 rows=2125534 width=22)
                                                                                                                     One-Time Filter: PartSelected
                                                                                                                     ->  Append-only Columnar Scan on web_sales_1_prt_20  (cost=0.00..98632.00 rows=2125534 width=22)
                                                                                                               ->  Result  (cost=0.00..98600.90 rows=2124597 width=22)
                                                                                                                     One-Time Filter: PartSelected
                                                                                                                     ->  Append-only Columnar Scan on web_sales_1_prt_21  (cost=0.00..98600.90 rows=2124597 width=22)
                                                                                                               ->  Result  (cost=0.00..139196.60 rows=2999954 width=22)
                                                                                                                     One-Time Filter: PartSelected
                                                                                                                     ->  Append-only Columnar Scan on web_sales_1_prt_22  (cost=0.00..139196.60 rows=2999954 width=22)
                                                                                                               ->  Result  (cost=0.00..224702.00 rows=4842300 width=22)
                                                                                                                     One-Time Filter: PartSelected
                                                                                                                     ->  Append-only Columnar Scan on web_sales_1_prt_23  (cost=0.00..224702.00 rows=4842300 width=22)
                                                                                                               ->  Result  (cost=0.00..224404.00 rows=4836067 width=22)
                                                                                                                     One-Time Filter: PartSelected
                                                                                                                     ->  Append-only Columnar Scan on web_sales_1_prt_24  (cost=0.00..224404.00 rows=4836067 width=22)
                                                                                                               ->  Result  (cost=0.00..228579.00 rows=4926567 width=22)
                                                                                                                     One-Time Filter: PartSelected
                                                                                                                     ->  Append-only Columnar Scan on web_sales_1_prt_25  (cost=0.00..228579.00 rows=4926567 width=22)
                                                                                                               ->  Result  (cost=0.00..340407.00 rows=7336234 width=22)
                                                                                                                     One-Time Filter: PartSelected
                                                                                                                     ->  Append-only Columnar Scan on web_sales_1_prt_26  (cost=0.00..340407.00 rows=7336234 width=22)
                                                                                                               ->  Result  (cost=0.00..339824.00 rows=7323934 width=22)
                                                                                                                     One-Time Filter: PartSelected
                                                                                                                     ->  Append-only Columnar Scan on web_sales_1_prt_27  (cost=0.00..339824.00 rows=7323934 width=22)
                                                                                                               ->  Result  (cost=0.00..136669.10 rows=2945270 width=22)
                                                                                                                     One-Time Filter: PartSelected
                                                                                                                     ->  Append-only Columnar Scan on web_sales_1_prt_28  (cost=0.00..136669.10 rows=2945270 width=22)
                                                                                                               ->  Result  (cost=0.00..98265.40 rows=2117680 width=22)
                                                                                                                     One-Time Filter: PartSelected
                                                                                                                     ->  Append-only Columnar Scan on web_sales_1_prt_29  (cost=0.00..98265.40 rows=2117680 width=22)
                                                                                                               ->  Result  (cost=0.00..98510.80 rows=2122894 width=22)
                                                                                                                     One-Time Filter: PartSelected
                                                                                                                     ->  Append-only Columnar Scan on web_sales_1_prt_30  (cost=0.00..98510.80 rows=2122894 width=22)
                                                                                                               ->  Result  (cost=0.00..98626.80 rows=2125460 width=22)
                                                                                                                     One-Time Filter: PartSelected
                                                                                                                     ->  Append-only Columnar Scan on web_sales_1_prt_31  (cost=0.00..98626.80 rows=2125460 width=22)
                                                                                                               ->  Result  (cost=0.00..98594.80 rows=2124860 width=22)
                                                                                                                     One-Time Filter: PartSelected
                                                                                                                     ->  Append-only Columnar Scan on web_sales_1_prt_32  (cost=0.00..98594.80 rows=2124860 width=22)
                                                                                                               ->  Result  (cost=0.00..98426.60 rows=2121220 width=22)
                                                                                                                     One-Time Filter: PartSelected
                                                                                                                     ->  Append-only Columnar Scan on web_sales_1_prt_33  (cost=0.00..98426.60 rows=2121220 width=22)
                                                                                                               ->  Result  (cost=0.00..98533.60 rows=2123320 width=22)
                                                                                                                     One-Time Filter: PartSelected
                                                                                                                     ->  Append-only Columnar Scan on web_sales_1_prt_34  (cost=0.00..98533.60 rows=2123320 width=22)
                                                                                                               ->  Result  (cost=0.00..134141.00 rows=2890900 width=22)
                                                                                                                     One-Time Filter: PartSelected
                                                                                                                     ->  Append-only Columnar Scan on web_sales_1_prt_35  (cost=0.00..134141.00 rows=2890900 width=22)
                                                                                                               ->  Result  (cost=0.00..224203.00 rows=4832167 width=22)
                                                                                                                     One-Time Filter: PartSelected
                                                                                                                     ->  Append-only Columnar Scan on web_sales_1_prt_36  (cost=0.00..224203.00 rows=4832167 width=22)
                                                                                                               ->  Result  (cost=0.00..224486.00 rows=4838100 width=22)
                                                                                                                     One-Time Filter: PartSelected
                                                                                                                     ->  Append-only Columnar Scan on web_sales_1_prt_37  (cost=0.00..224486.00 rows=4838100 width=22)
                                                                                                               ->  Result  (cost=0.00..224574.00 rows=4840000 width=22)
                                                                                                                     One-Time Filter: PartSelected
                                                                                                                     ->  Append-only Columnar Scan on web_sales_1_prt_38  (cost=0.00..224574.00 rows=4840000 width=22)
                                                                                                               ->  Result  (cost=0.00..339843.00 rows=7323734 width=22)
                                                                                                                     One-Time Filter: PartSelected
                                                                                                                     ->  Append-only Columnar Scan on web_sales_1_prt_39  (cost=0.00..339843.00 rows=7323734 width=22)
                                                                                                               ->  Result  (cost=0.00..339993.00 rows=7327400 width=22)
                                                                                                                     One-Time Filter: PartSelected
                                                                                                                     ->  Append-only Columnar Scan on web_sales_1_prt_40  (cost=0.00..339993.00 rows=7327400 width=22)
                                                                                                               ->  Result  (cost=0.00..141767.90 rows=3054930 width=22)
                                                                                                                     One-Time Filter: PartSelected
                                                                                                                     ->  Append-only Columnar Scan on web_sales_1_prt_41  (cost=0.00..141767.90 rows=3054930 width=22)
                                                                                                               ->  Result  (cost=0.00..98461.00 rows=2121867 width=22)
                                                                                                                     One-Time Filter: PartSelected
                                                                                                                     ->  Append-only Columnar Scan on web_sales_1_prt_42  (cost=0.00..98461.00 rows=2121867 width=22)
                                                                                                               ->  Result  (cost=0.00..95277.50 rows=2053050 width=22)
                                                                                                                     One-Time Filter: PartSelected
                                                                                                                     ->  Append-only Columnar Scan on web_sales_1_prt_43  (cost=0.00..95277.50 rows=2053050 width=22)
                                                                                                               ->  Result  (cost=0.00..98854.40 rows=2130480 width=22)
                                                                                                                     One-Time Filter: PartSelected
                                                                                                                     ->  Append-only Columnar Scan on web_sales_1_prt_44  (cost=0.00..98854.40 rows=2130480 width=22)
                                                                                                               ->  Result  (cost=0.00..98738.70 rows=2127790 width=22)
                                                                                                                     One-Time Filter: PartSelected
                                                                                                                     ->  Append-only Columnar Scan on web_sales_1_prt_45  (cost=0.00..98738.70 rows=2127790 width=22)
                                                                                                               ->  Result  (cost=0.00..98685.60 rows=2126654 width=22)
                                                                                                                     One-Time Filter: PartSelected
                                                                                                                     ->  Append-only Columnar Scan on web_sales_1_prt_46  (cost=0.00..98685.60 rows=2126654 width=22)
                                                                                                               ->  Result  (cost=0.00..98998.50 rows=2133217 width=22)
                                                                                                                     One-Time Filter: PartSelected
                                                                                                                     ->  Append-only Columnar Scan on web_sales_1_prt_47  (cost=0.00..98998.50 rows=2133217 width=22)
                                                                                                               ->  Result  (cost=0.00..125716.80 rows=2709260 width=22)
                                                                                                                     One-Time Filter: PartSelected
                                                                                                                     ->  Append-only Columnar Scan on web_sales_1_prt_48  (cost=0.00..125716.80 rows=2709260 width=22)
                                                                                                               ->  Result  (cost=0.00..224729.00 rows=4843367 width=22)
                                                                                                                     One-Time Filter: PartSelected
                                                                                                                     ->  Append-only Columnar Scan on web_sales_1_prt_49  (cost=0.00..224729.00 rows=4843367 width=22)
                                                                                                               ->  Result  (cost=0.00..224641.00 rows=4841034 width=22)
                                                                                                                     One-Time Filter: PartSelected
                                                                                                                     ->  Append-only Columnar Scan on web_sales_1_prt_50  (cost=0.00..224641.00 rows=4841034 width=22)
                                                                                                               ->  Result  (cost=0.00..224630.00 rows=4841267 width=22)
                                                                                                                     One-Time Filter: PartSelected
                                                                                                                     ->  Append-only Columnar Scan on web_sales_1_prt_51  (cost=0.00..224630.00 rows=4841267 width=22)
                                                                                                               ->  Result  (cost=0.00..332139.00 rows=7158600 width=22)
                                                                                                                     One-Time Filter: PartSelected
                                                                                                                     ->  Append-only Columnar Scan on web_sales_1_prt_52  (cost=0.00..332139.00 rows=7158600 width=22)
                                                                                                               ->  Result  (cost=0.00..340420.00 rows=7336634 width=22)
                                                                                                                     One-Time Filter: PartSelected
                                                                                                                     ->  Append-only Columnar Scan on web_sales_1_prt_53  (cost=0.00..340420.00 rows=7336634 width=22)
                                                                                                               ->  Result  (cost=0.00..162712.00 rows=3506534 width=22)
                                                                                                                     One-Time Filter: PartSelected
                                                                                                                     ->  Append-only Columnar Scan on web_sales_1_prt_54  (cost=0.00..162712.00 rows=3506534 width=22)
                                                                                                               ->  Result  (cost=0.00..98867.20 rows=2130440 width=22)
                                                                                                                     One-Time Filter: PartSelected
                                                                                                                     ->  Append-only Columnar Scan on web_sales_1_prt_55  (cost=0.00..98867.20 rows=2130440 width=22)
                                                                                                               ->  Result  (cost=0.00..95121.00 rows=2049967 width=22)
                                                                                                                     One-Time Filter: PartSelected
                                                                                                                     ->  Append-only Columnar Scan on web_sales_1_prt_56  (cost=0.00..95121.00 rows=2049967 width=22)
                                                                                                               ->  Result  (cost=0.00..98600.60 rows=2124820 width=22)
                                                                                                                     One-Time Filter: PartSelected
                                                                                                                     ->  Append-only Columnar Scan on web_sales_1_prt_57  (cost=0.00..98600.60 rows=2124820 width=22)
                                                                                                               ->  Result  (cost=0.00..98639.10 rows=2125604 width=22)
                                                                                                                     One-Time Filter: PartSelected
                                                                                                                     ->  Append-only Columnar Scan on web_sales_1_prt_58  (cost=0.00..98639.10 rows=2125604 width=22)
                                                                                                               ->  Result  (cost=0.00..98591.40 rows=2124880 width=22)
                                                                                                                     One-Time Filter: PartSelected
                                                                                                                     ->  Append-only Columnar Scan on web_sales_1_prt_59  (cost=0.00..98591.40 rows=2124880 width=22)
                                                                                                               ->  Result  (cost=0.00..98868.30 rows=2130610 width=22)
                                                                                                                     One-Time Filter: PartSelected
                                                                                                                     ->  Append-only Columnar Scan on web_sales_1_prt_60  (cost=0.00..98868.30 rows=2130610 width=22)
                                                                                                               ->  Result  (cost=0.00..121113.60 rows=2609954 width=22)
                                                                                                                     One-Time Filter: PartSelected
                                                                                                                     ->  Append-only Columnar Scan on web_sales_1_prt_61  (cost=0.00..121113.60 rows=2609954 width=22)
                                                                                                               ->  Result  (cost=0.00..224388.00 rows=4835634 width=22)
                                                                                                                     One-Time Filter: PartSelected
                                                                                                                     ->  Append-only Columnar Scan on web_sales_1_prt_62  (cost=0.00..224388.00 rows=4835634 width=22)
                                                                                                               ->  Result  (cost=0.00..224495.00 rows=4837834 width=22)
                                                                                                                     One-Time Filter: PartSelected
                                                                                                                     ->  Append-only Columnar Scan on web_sales_1_prt_63  (cost=0.00..224495.00 rows=4837834 width=22)
                                                                                                               ->  Result  (cost=0.00..224520.00 rows=4838767 width=22)
                                                                                                                     One-Time Filter: PartSelected
                                                                                                                     ->  Append-only Columnar Scan on web_sales_1_prt_64  (cost=0.00..224520.00 rows=4838767 width=22)
                                                                                                               ->  Result  (cost=0.00..328357.00 rows=7076767 width=22)
                                                                                                                     One-Time Filter: PartSelected
                                                                                                                     ->  Append-only Columnar Scan on web_sales_1_prt_65  (cost=0.00..328357.00 rows=7076767 width=22)
                                                                                                               ->  Result  (cost=0.00..340970.00 rows=7348567 width=22)
                                                                                                                     One-Time Filter: PartSelected
                                                                                                                     ->  Append-only Columnar Scan on web_sales_1_prt_66  (cost=0.00..340970.00 rows=7348567 width=22)
                                                                                                               ->  Result  (cost=0.00..97070.40 rows=2091947 width=22)
                                                                                                                     One-Time Filter: PartSelected
                                                                                                                     ->  Append-only Columnar Scan on web_sales_1_prt_67  (cost=0.00..97070.40 rows=2091947 width=22)
                                                                                                               ->  Result  (cost=0.00..1.00 rows=1 width=30)
                                                                                                                     One-Time Filter: PartSelected
                                                                                                                     ->  Append-only Columnar Scan on web_sales_1_prt_68  (cost=0.00..1.00 rows=1 width=30)
                                                                                                               ->  Result  (cost=0.00..1.00 rows=1 width=30)
                                                                                                                     One-Time Filter: PartSelected
                                                                                                                     ->  Append-only Columnar Scan on web_sales_1_prt_69  (cost=0.00..1.00 rows=1 width=30)
                                                                                                               ->  Result  (cost=0.00..1.00 rows=1 width=30)
                                                                                                                     One-Time Filter: PartSelected
                                                                                                                     ->  Append-only Columnar Scan on web_sales_1_prt_70  (cost=0.00..1.00 rows=1 width=30)
                                                                                                               ->  Result  (cost=0.00..1.00 rows=1 width=30)
                                                                                                                     One-Time Filter: PartSelected
                                                                                                                     ->  Append-only Columnar Scan on web_sales_1_prt_71  (cost=0.00..1.00 rows=1 width=30)
                                                                                                               ->  Result  (cost=0.00..1.00 rows=1 width=30)
                                                                                                                     One-Time Filter: PartSelected
                                                                                                                     ->  Append-only Columnar Scan on web_sales_1_prt_72  (cost=0.00..1.00 rows=1 width=30)
                                                                                                               ->  Result  (cost=0.00..1.00 rows=1 width=30)
                                                                                                                     One-Time Filter: PartSelected
                                                                                                                     ->  Append-only Columnar Scan on web_sales_1_prt_73  (cost=0.00..1.00 rows=1 width=30)
                                                                                                               ->  Result  (cost=0.00..1.00 rows=1 width=30)
                                                                                                                     One-Time Filter: PartSelected
                                                                                                                     ->  Append-only Columnar Scan on web_sales_1_prt_74  (cost=0.00..1.00 rows=1 width=30)
                                                                                                               ->  Result  (cost=0.00..1.00 rows=1 width=30)
                                                                                                                     One-Time Filter: PartSelected
                                                                                                                     ->  Append-only Columnar Scan on web_sales_1_prt_75  (cost=0.00..1.00 rows=1 width=30)
                                                                                                               ->  Result  (cost=0.00..1.00 rows=1 width=30)
                                                                                                                     One-Time Filter: PartSelected
                                                                                                                     ->  Append-only Columnar Scan on web_sales_1_prt_76  (cost=0.00..1.00 rows=1 width=30)
                                                                                                               ->  Result  (cost=0.00..1.00 rows=1 width=30)
                                                                                                                     One-Time Filter: PartSelected
                                                                                                                     ->  Append-only Columnar Scan on web_sales_1_prt_77  (cost=0.00..1.00 rows=1 width=30)
                                                                                                               ->  Result  (cost=0.00..1.00 rows=1 width=30)
                                                                                                                     One-Time Filter: PartSelected
                                                                                                                     ->  Append-only Columnar Scan on web_sales_1_prt_78  (cost=0.00..1.00 rows=1 width=30)
                                                                                                               ->  Result  (cost=0.00..1.00 rows=1 width=30)
                                                                                                                     One-Time Filter: PartSelected
                                                                                                                     ->  Append-only Columnar Scan on web_sales_1_prt_79  (cost=0.00..1.00 rows=1 width=30)
                                                                                                               ->  Result  (cost=0.00..1.00 rows=1 width=30)
                                                                                                                     One-Time Filter: PartSelected
                                                                                                                     ->  Append-only Columnar Scan on web_sales_1_prt_80  (cost=0.00..1.00 rows=1 width=30)
                                                                                                         ->  Hash  (cost=1283.72..1283.72 rows=366 width=8)
                                                                                                               ->  Partition Selector for web_sales (dynamic scan id: 1)  (cost=0.00..1283.72 rows=366 width=8)
                                                                                                                     Filter: date_dim_2.d_date_sk
                                                                                                                     ->  Broadcast Motion 3:3  (slice5; segments: 3)  (cost=0.00..1283.72 rows=366 width=8)
                                                                                                                           ->  Seq Scan on date_dim date_dim_2  (cost=0.00..1269.11 rows=122 width=8)
                                                                                                                                 Filter: (d_year = 2002)
                                                                                                   ->  Hash  (cost=7981.84..7981.84 rows=31307 width=20)
                                                                                                         ->  Broadcast Motion 3:3  (slice6; segments: 3)  (cost=0.00..7981.84 rows=31307 width=20)
                                                                                                               ->  Seq Scan on item item_2  (cost=0.00..6729.59 rows=10436 width=20)
                                                                                                                     Filter: ((i_category)::text = 'Sports'::text)
                           ->  Hash  (cost=4519.56..4519.56 rows=37663 width=60)
                                 ->  Redistribute Motion 3:3  (slice19; segments: 3)  (cost=0.00..4519.56 rows=37663 width=60)
                                       Hash Key: 2002, prev_yr.i_brand_id, prev_yr.i_class_id, prev_yr.i_category_id, prev_yr.i_manufact_id
                                       ->  Subquery Scan on prev_yr  (cost=0.00..2259.78 rows=37663 width=60)
                                             ->  GroupAggregate  (cost=137802658.42..137807460.45 rows=37663 width=60)
                                                   Group Key: date_dim_3.d_year, item_3.i_brand_id, item_3.i_class_id, item_3.i_category_id, item_3.i_manufact_id
                                                   ->  Sort  (cost=137802658.42..137802940.89 rows=37663 width=60)
                                                         Sort Key: date_dim_3.d_year, item_3.i_brand_id, item_3.i_class_id, item_3.i_category_id, item_3.i_manufact_id
                                                         ->  Redistribute Motion 3:3  (slice18; segments: 3)  (cost=137735833.83..137793175.35 rows=37663 width=60)
                                                               Hash Key: date_dim_3.d_year, item_3.i_brand_id, item_3.i_class_id, item_3.i_category_id, item_3.i_manufact_id
                                                               ->  GroupAggregate  (cost=137735833.83..137790915.57 rows=37663 width=60)
                                                                     Group Key: date_dim_3.d_year, item_3.i_brand_id, item_3.i_class_id, item_3.i_category_id, item_3.i_manufact_id
                                                                     ->  Unique  (cost=137735833.83..137758431.46 rows=376628 width=40)
                                                                           Group Key: date_dim_3.d_year, item_3.i_brand_id, item_3.i_class_id, item_3.i_category_id, item_3.i_manufact_id, ((catalog_sales_1_prt_outliers_1.cs_quantity - COALESCE(catalog_returns_1_prt_outliers_1.cr_return_quantity, 0))), ((catalog_sales_1_prt_outliers_1.cs_ext_sales_price - COALESCE(catalog_returns_1_prt_outliers_1.cr_return_amount, 0.0)))
                                                                           ->  Sort  (cost=137735833.83..137738658.54 rows=376628 width=40)
                                                                                 Sort Key (Distinct): date_dim_3.d_year, item_3.i_brand_id, item_3.i_class_id, item_3.i_category_id, item_3.i_manufact_id, ((catalog_sales_1_prt_outliers_1.cs_quantity - COALESCE(catalog_returns_1_prt_outliers_1.cr_return_quantity, 0))), ((catalog_sales_1_prt_outliers_1.cs_ext_sales_price - COALESCE(catalog_returns_1_prt_outliers_1.cr_return_amount, 0.0)))
                                                                                 ->  Redistribute Motion 3:3  (slice17; segments: 3)  (cost=31631572.53..137622237.01 rows=376628 width=40)
                                                                                       Hash Key: date_dim_3.d_year, item_3.i_brand_id, item_3.i_class_id, item_3.i_category_id, item_3.i_manufact_id, ((catalog_sales_1_prt_outliers_1.cs_quantity - COALESCE(catalog_returns_1_prt_outliers_1.cr_return_quantity, 0))), ((catalog_sales_1_prt_outliers_1.cs_ext_sales_price - COALESCE(catalog_returns_1_prt_outliers_1.cr_return_amount, 0.0)))
                                                                                       ->  Append  (cost=31631572.53..137622237.01 rows=376628 width=40)
                                                                                             ->  Hash Right Join  (cost=31631572.53..52488731.38 rows=251078 width=40)
                                                                                                   Hash Cond: ((catalog_returns_1_prt_outliers_1.cr_order_number = catalog_sales_1_prt_outliers_1.cs_order_number) AND (catalog_returns_1_prt_outliers_1.cr_item_sk = catalog_sales_1_prt_outliers_1.cs_item_sk))
                                                                                                   ->  Append  (cost=0.00..2048707.25 rows=47998910 width=22)
                                                                                                         ->  Append-only Columnar Scan on catalog_returns_1_prt_outliers catalog_returns_1_prt_outliers_1  (cost=0.00..1.00 rows=1 width=30)
                                                                                                         ->  Append-only Columnar Scan on catalog_returns_1_prt_2 catalog_returns_1_prt_2_1  (cost=0.00..89.94 rows=1932 width=22)
                                                                                                         ->  Append-only Columnar Scan on catalog_returns_1_prt_3 catalog_returns_1_prt_3_1  (cost=0.00..839.14 rows=19405 width=22)
                                                                                                         ->  Append-only Columnar Scan on catalog_returns_1_prt_4 catalog_returns_1_prt_4_1  (cost=0.00..2485.51 rows=57851 width=22)
                                                                                                         ->  Append-only Columnar Scan on catalog_returns_1_prt_5 catalog_returns_1_prt_5_1  (cost=0.00..4960.98 rows=115933 width=22)
                                                                                                         ->  Append-only Columnar Scan on catalog_returns_1_prt_6 catalog_returns_1_prt_6_1  (cost=0.00..7782.08 rows=182003 width=22)
                                                                                                         ->  Append-only Columnar Scan on catalog_returns_1_prt_7 catalog_returns_1_prt_7_1  (cost=0.00..10621.88 rows=248696 width=22)
                                                                                                         ->  Append-only Columnar Scan on catalog_returns_1_prt_8 catalog_returns_1_prt_8_1  (cost=0.00..13478.93 rows=315565 width=22)
                                                                                                         ->  Append-only Columnar Scan on catalog_returns_1_prt_9 catalog_returns_1_prt_9_1  (cost=0.00..15896.40 rows=372214 width=22)
                                                                                                         ->  Append-only Columnar Scan on catalog_returns_1_prt_10 catalog_returns_1_prt_10_1  (cost=0.00..17750.30 rows=415710 width=22)
                                                                                                         ->  Append-only Columnar Scan on catalog_returns_1_prt_11 catalog_returns_1_prt_11_1  (cost=0.00..19794.70 rows=463690 width=22)
                                                                                                         ->  Append-only Columnar Scan on catalog_returns_1_prt_12 catalog_returns_1_prt_12_1  (cost=0.00..22437.10 rows=525604 width=22)
                                                                                                         ->  Append-only Columnar Scan on catalog_returns_1_prt_13 catalog_returns_1_prt_13_1  (cost=0.00..26080.50 rows=611050 width=22)
                                                                                                         ->  Append-only Columnar Scan on catalog_returns_1_prt_14 catalog_returns_1_prt_14_1  (cost=0.00..30734.10 rows=720170 width=22)
                                                                                                         ->  Append-only Columnar Scan on catalog_returns_1_prt_15 catalog_returns_1_prt_15_1  (cost=0.00..36307.80 rows=850860 width=22)
                                                                                                         ->  Append-only Columnar Scan on catalog_returns_1_prt_16 catalog_returns_1_prt_16_1  (cost=0.00..41041.30 rows=961744 width=22)
                                                                                                         ->  Append-only Columnar Scan on catalog_returns_1_prt_17 catalog_returns_1_prt_17_1  (cost=0.00..43099.50 rows=1009950 width=22)
                                                                                                         ->  Append-only Columnar Scan on catalog_returns_1_prt_18 catalog_returns_1_prt_18_1  (cost=0.00..41879.10 rows=981337 width=22)
                                                                                                         ->  Append-only Columnar Scan on catalog_returns_1_prt_19 catalog_returns_1_prt_19_1  (cost=0.00..38497.60 rows=902120 width=22)
                                                                                                         ->  Append-only Columnar Scan on catalog_returns_1_prt_20 catalog_returns_1_prt_20_1  (cost=0.00..34174.60 rows=800720 width=22)
                                                                                                         ->  Append-only Columnar Scan on catalog_returns_1_prt_21 catalog_returns_1_prt_21_1  (cost=0.00..28866.00 rows=676300 width=22)
                                                                                                         ->  Append-only Columnar Scan on catalog_returns_1_prt_22 catalog_returns_1_prt_22_1  (cost=0.00..23528.20 rows=551174 width=22)
                                                                                                         ->  Append-only Columnar Scan on catalog_returns_1_prt_23 catalog_returns_1_prt_23_1  (cost=0.00..20118.40 rows=471247 width=22)
                                                                                                         ->  Append-only Columnar Scan on catalog_returns_1_prt_24 catalog_returns_1_prt_24_1  (cost=0.00..19874.50 rows=465584 width=22)
                                                                                                         ->  Append-only Columnar Scan on catalog_returns_1_prt_25 catalog_returns_1_prt_25_1  (cost=0.00..22296.70 rows=522290 width=22)
                                                                                                         ->  Append-only Columnar Scan on catalog_returns_1_prt_26 catalog_returns_1_prt_26_1  (cost=0.00..25917.20 rows=607140 width=22)
                                                                                                         ->  Append-only Columnar Scan on catalog_returns_1_prt_27 catalog_returns_1_prt_27_1  (cost=0.00..30522.50 rows=715184 width=22)
                                                                                                         ->  Append-only Columnar Scan on catalog_returns_1_prt_28 catalog_returns_1_prt_28_1  (cost=0.00..36052.80 rows=844894 width=22)
                                                                                                         ->  Append-only Columnar Scan on catalog_returns_1_prt_29 catalog_returns_1_prt_29_1  (cost=0.00..40956.30 rows=959777 width=22)
                                                                                                         ->  Append-only Columnar Scan on catalog_returns_1_prt_30 catalog_returns_1_prt_30_1  (cost=0.00..43148.40 rows=1011214 width=22)
                                                                                                         ->  Append-only Columnar Scan on catalog_returns_1_prt_31 catalog_returns_1_prt_31_1  (cost=0.00..42010.00 rows=984434 width=22)
                                                                                                         ->  Append-only Columnar Scan on catalog_returns_1_prt_32 catalog_returns_1_prt_32_1  (cost=0.00..38722.30 rows=907377 width=22)
                                                                                                         ->  Append-only Columnar Scan on catalog_returns_1_prt_33 catalog_returns_1_prt_33_1  (cost=0.00..34426.40 rows=806647 width=22)
                                                                                                         ->  Append-only Columnar Scan on catalog_returns_1_prt_34 catalog_returns_1_prt_34_1  (cost=0.00..29177.30 rows=683644 width=22)
                                                                                                         ->  Append-only Columnar Scan on catalog_returns_1_prt_35 catalog_returns_1_prt_35_1  (cost=0.00..23787.80 rows=557327 width=22)
                                                                                                         ->  Append-only Columnar Scan on catalog_returns_1_prt_36 catalog_returns_1_prt_36_1  (cost=0.00..20236.00 rows=474067 width=22)
                                                                                                         ->  Append-only Columnar Scan on catalog_returns_1_prt_37 catalog_returns_1_prt_37_1  (cost=0.00..19907.20 rows=466240 width=22)
                                                                                                         ->  Append-only Columnar Scan on catalog_returns_1_prt_38 catalog_returns_1_prt_38_1  (cost=0.00..22185.10 rows=519704 width=22)
                                                                                                         ->  Append-only Columnar Scan on catalog_returns_1_prt_39 catalog_returns_1_prt_39_1  (cost=0.00..25740.00 rows=603100 width=22)
                                                                                                         ->  Append-only Columnar Scan on catalog_returns_1_prt_40 catalog_returns_1_prt_40_1  (cost=0.00..30341.40 rows=710914 width=22)
                                                                                                         ->  Append-only Columnar Scan on catalog_returns_1_prt_41 catalog_returns_1_prt_41_1  (cost=0.00..35869.30 rows=840477 width=22)
                                                                                                         ->  Append-only Columnar Scan on catalog_returns_1_prt_42 catalog_returns_1_prt_42_1  (cost=0.00..40858.00 rows=957467 width=22)
                                                                                                         ->  Append-only Columnar Scan on catalog_returns_1_prt_43 catalog_returns_1_prt_43_1  (cost=0.00..43189.40 rows=1012114 width=22)
                                                                                                         ->  Append-only Columnar Scan on catalog_returns_1_prt_44 catalog_returns_1_prt_44_1  (cost=0.00..42208.80 rows=989160 width=22)
                                                                                                         ->  Append-only Columnar Scan on catalog_returns_1_prt_45 catalog_returns_1_prt_45_1  (cost=0.00..39037.10 rows=914804 width=22)
                                                                                                         ->  Append-only Columnar Scan on catalog_returns_1_prt_46 catalog_returns_1_prt_46_1  (cost=0.00..34783.00 rows=815100 width=22)
                                                                                                         ->  Append-only Columnar Scan on catalog_returns_1_prt_47 catalog_returns_1_prt_47_1  (cost=0.00..29479.40 rows=690714 width=22)
                                                                                                         ->  Append-only Columnar Scan on catalog_returns_1_prt_48 catalog_returns_1_prt_48_1  (cost=0.00..24074.70 rows=564057 width=22)
                                                                                                         ->  Append-only Columnar Scan on catalog_returns_1_prt_49 catalog_returns_1_prt_49_1  (cost=0.00..20308.20 rows=475707 width=22)
                                                                                                         ->  Append-only Columnar Scan on catalog_returns_1_prt_50 catalog_returns_1_prt_50_1  (cost=0.00..19762.20 rows=462907 width=22)
                                                                                                         ->  Append-only Columnar Scan on catalog_returns_1_prt_51 catalog_returns_1_prt_51_1  (cost=0.00..21941.80 rows=513960 width=22)
                                                                                                         ->  Append-only Columnar Scan on catalog_returns_1_prt_52 catalog_returns_1_prt_52_1  (cost=0.00..25524.00 rows=598034 width=22)
                                                                                                         ->  Append-only Columnar Scan on catalog_returns_1_prt_53 catalog_returns_1_prt_53_1  (cost=0.00..29988.40 rows=702614 width=22)
                                                                                                         ->  Append-only Columnar Scan on catalog_returns_1_prt_54 catalog_returns_1_prt_54_1  (cost=0.00..35472.20 rows=831174 width=22)
                                                                                                         ->  Append-only Columnar Scan on catalog_returns_1_prt_55 catalog_returns_1_prt_55_1  (cost=0.00..40521.40 rows=949514 width=22)
                                                                                                         ->  Append-only Columnar Scan on catalog_returns_1_prt_56 catalog_returns_1_prt_56_1  (cost=0.00..43037.90 rows=1008564 width=22)
                                                                                                         ->  Append-only Columnar Scan on catalog_returns_1_prt_57 catalog_returns_1_prt_57_1  (cost=0.00..42199.20 rows=988874 width=22)
                                                                                                         ->  Append-only Columnar Scan on catalog_returns_1_prt_58 catalog_returns_1_prt_58_1  (cost=0.00..39131.90 rows=916964 width=22)
                                                                                                         ->  Append-only Columnar Scan on catalog_returns_1_prt_59 catalog_returns_1_prt_59_1  (cost=0.00..34896.90 rows=817730 width=22)
                                                                                                         ->  Append-only Columnar Scan on catalog_returns_1_prt_60 catalog_returns_1_prt_60_1  (cost=0.00..29665.40 rows=695080 width=22)
                                                                                                         ->  Append-only Columnar Scan on catalog_returns_1_prt_61 catalog_returns_1_prt_61_1  (cost=0.00..24208.60 rows=567154 width=22)
                                                                                                         ->  Append-only Columnar Scan on catalog_returns_1_prt_62 catalog_returns_1_prt_62_1  (cost=0.00..20387.30 rows=477644 width=22)
                                                                                                         ->  Append-only Columnar Scan on catalog_returns_1_prt_63 catalog_returns_1_prt_63_1  (cost=0.00..19741.20 rows=462340 width=22)
                                                                                                         ->  Append-only Columnar Scan on catalog_returns_1_prt_64 catalog_returns_1_prt_64_1  (cost=0.00..21867.20 rows=512274 width=22)
                                                                                                         ->  Append-only Columnar Scan on catalog_returns_1_prt_65 catalog_returns_1_prt_65_1  (cost=0.00..25350.50 rows=593884 width=22)
                                                                                                         ->  Append-only Columnar Scan on catalog_returns_1_prt_66 catalog_returns_1_prt_66_1  (cost=0.00..29837.00 rows=699100 width=22)
                                                                                                         ->  Append-only Columnar Scan on catalog_returns_1_prt_67 catalog_returns_1_prt_67_1  (cost=0.00..35270.90 rows=826464 width=22)
                                                                                                         ->  Append-only Columnar Scan on catalog_returns_1_prt_68 catalog_returns_1_prt_68_1  (cost=0.00..40185.20 rows=941674 width=22)
                                                                                                         ->  Append-only Columnar Scan on catalog_returns_1_prt_69 catalog_returns_1_prt_69_1  (cost=0.00..41789.50 rows=979317 width=22)
                                                                                                         ->  Append-only Columnar Scan on catalog_returns_1_prt_70 catalog_returns_1_prt_70_1  (cost=0.00..39187.40 rows=918347 width=22)
                                                                                                         ->  Append-only Columnar Scan on catalog_returns_1_prt_71 catalog_returns_1_prt_71_1  (cost=0.00..33506.60 rows=785120 width=22)
                                                                                                         ->  Append-only Columnar Scan on catalog_returns_1_prt_72 catalog_returns_1_prt_72_1  (cost=0.00..26483.20 rows=620407 width=22)
                                                                                                         ->  Append-only Columnar Scan on catalog_returns_1_prt_73 catalog_returns_1_prt_73_1  (cost=0.00..18408.20 rows=431207 width=22)
                                                                                                         ->  Append-only Columnar Scan on catalog_returns_1_prt_74 catalog_returns_1_prt_74_1  (cost=0.00..10161.74 rows=237858 width=22)
                                                                                                         ->  Append-only Columnar Scan on catalog_returns_1_prt_75 catalog_returns_1_prt_75_1  (cost=0.00..3892.67 rows=90823 width=22)
                                                                                                         ->  Append-only Columnar Scan on catalog_returns_1_prt_76 catalog_returns_1_prt_76_1  (cost=0.00..672.49 rows=15283 width=22)
                                                                                                         ->  Append-only Columnar Scan on catalog_returns_1_prt_77 catalog_returns_1_prt_77_1  (cost=0.00..38.39 rows=213 width=22)
                                                                                                         ->  Append-only Columnar Scan on catalog_returns_1_prt_78 catalog_returns_1_prt_78_1  (cost=0.00..1.00 rows=1 width=30)
                                                                                                         ->  Append-only Columnar Scan on catalog_returns_1_prt_79 catalog_returns_1_prt_79_1  (cost=0.00..1.00 rows=1 width=30)
                                                                                                         ->  Append-only Columnar Scan on catalog_returns_1_prt_80 catalog_returns_1_prt_80_1  (cost=0.00..1.00 rows=1 width=30)
                                                                                                   ->  Hash  (cost=31620274.05..31620274.05 rows=251078 width=42)
                                                                                                         ->  Hash Join  (cost=10453.25..31620274.05 rows=251078 width=42)
                                                                                                               Hash Cond: (catalog_sales_1_prt_outliers_1.cs_item_sk = item_3.i_item_sk)
                                                                                                               ->  Hash Join  (cost=1297.42..31558586.51 rows=2399968 width=26)
                                                                                                                     Hash Cond: (catalog_sales_1_prt_outliers_1.cs_sold_date_sk = date_dim_3.d_date_sk)
                                                                                                                     ->  Append  (cost=0.00..22485412.30 rows=479993481 width=26)
                                                                                                                           ->  Result  (cost=0.00..95971.30 rows=2401110 width=26)
                                                                                                                                 One-Time Filter: PartSelected
                                                                                                                                 ->  Append-only Columnar Scan on catalog_sales_1_prt_outliers catalog_sales_1_prt_outliers_1  (cost=0.00..95971.30 rows=2401110 width=26)
                                                                                                                           ->  Result  (cost=0.00..198531.00 rows=4234734 width=26)
                                                                                                                                 One-Time Filter: PartSelected
                                                                                                                                 ->  Append-only Columnar Scan on catalog_sales_1_prt_2 catalog_sales_1_prt_2_1  (cost=0.00..198531.00 rows=4234734 width=26)
                                                                                                                           ->  Result  (cost=0.00..198470.00 rows=4233434 width=26)
                                                                                                                                 One-Time Filter: PartSelected
                                                                                                                                 ->  Append-only Columnar Scan on catalog_sales_1_prt_3 catalog_sales_1_prt_3_1  (cost=0.00..198470.00 rows=4233434 width=26)
                                                                                                                           ->  Result  (cost=0.00..191463.00 rows=4083934 width=26)
                                                                                                                                 One-Time Filter: PartSelected
                                                                                                                                 ->  Append-only Columnar Scan on catalog_sales_1_prt_4 catalog_sales_1_prt_4_1  (cost=0.00..191463.00 rows=4083934 width=26)
                                                                                                                           ->  Result  (cost=0.00..198330.00 rows=4230434 width=26)
                                                                                                                                 One-Time Filter: PartSelected
                                                                                                                                 ->  Append-only Columnar Scan on catalog_sales_1_prt_5 catalog_sales_1_prt_5_1  (cost=0.00..198330.00 rows=4230434 width=26)
                                                                                                                           ->  Result  (cost=0.00..198496.00 rows=4233967 width=26)
                                                                                                                                 One-Time Filter: PartSelected
                                                                                                                                 ->  Append-only Columnar Scan on catalog_sales_1_prt_6 catalog_sales_1_prt_6_1  (cost=0.00..198496.00 rows=4233967 width=26)
                                                                                                                           ->  Result  (cost=0.00..198494.00 rows=4233967 width=26)
                                                                                                                                 One-Time Filter: PartSelected
                                                                                                                                 ->  Append-only Columnar Scan on catalog_sales_1_prt_7 catalog_sales_1_prt_7_1  (cost=0.00..198494.00 rows=4233967 width=26)
                                                                                                                           ->  Result  (cost=0.00..198576.00 rows=4235667 width=26)
                                                                                                                                 One-Time Filter: PartSelected
                                                                                                                                 ->  Append-only Columnar Scan on catalog_sales_1_prt_8 catalog_sales_1_prt_8_1  (cost=0.00..198576.00 rows=4235667 width=26)
                                                                                                                           ->  Result  (cost=0.00..297942.00 rows=6355400 width=26)
                                                                                                                                 One-Time Filter: PartSelected
                                                                                                                                 ->  Append-only Columnar Scan on catalog_sales_1_prt_9 catalog_sales_1_prt_9_1  (cost=0.00..297942.00 rows=6355400 width=26)
                                                                                                                           ->  Result  (cost=0.00..451674.00 rows=9634834 width=26)
                                                                                                                                 One-Time Filter: PartSelected
                                                                                                                                 ->  Append-only Columnar Scan on catalog_sales_1_prt_10 catalog_sales_1_prt_10_1  (cost=0.00..451674.00 rows=9634834 width=26)
                                                                                                                           ->  Result  (cost=0.00..451572.00 rows=9632700 width=26)
                                                                                                                                 One-Time Filter: PartSelected
                                                                                                                                 ->  Append-only Columnar Scan on catalog_sales_1_prt_11 catalog_sales_1_prt_11_1  (cost=0.00..451572.00 rows=9632700 width=26)
                                                                                                                           ->  Result  (cost=0.00..476631.00 rows=10167234 width=26)
                                                                                                                                 One-Time Filter: PartSelected
                                                                                                                                 ->  Append-only Columnar Scan on catalog_sales_1_prt_12 catalog_sales_1_prt_12_1  (cost=0.00..476631.00 rows=10167234 width=26)
                                                                                                                           ->  Result  (cost=0.00..684375.00 rows=14598867 width=26)
                                                                                                                                 One-Time Filter: PartSelected
                                                                                                                                 ->  Append-only Columnar Scan on catalog_sales_1_prt_13 catalog_sales_1_prt_13_1  (cost=0.00..684375.00 rows=14598867 width=26)
                                                                                                                           ->  Result  (cost=0.00..684389.00 rows=14599200 width=26)
                                                                                                                                 One-Time Filter: PartSelected
                                                                                                                                 ->  Append-only Columnar Scan on catalog_sales_1_prt_14 catalog_sales_1_prt_14_1  (cost=0.00..684389.00 rows=14599200 width=26)
                                                                                                                           ->  Result  (cost=0.00..215804.00 rows=4603234 width=26)
                                                                                                                                 One-Time Filter: PartSelected
                                                                                                                                 ->  Append-only Columnar Scan on catalog_sales_1_prt_15 catalog_sales_1_prt_15_1  (cost=0.00..215804.00 rows=4603234 width=26)
                                                                                                                           ->  Result  (cost=0.00..198278.00 rows=4229400 width=26)
                                                                                                                                 One-Time Filter: PartSelected
                                                                                                                                 ->  Append-only Columnar Scan on catalog_sales_1_prt_16 catalog_sales_1_prt_16_1  (cost=0.00..198278.00 rows=4229400 width=26)
                                                                                                                           ->  Result  (cost=0.00..191360.00 rows=4081734 width=26)
                                                                                                                                 One-Time Filter: PartSelected
                                                                                                                                 ->  Append-only Columnar Scan on catalog_sales_1_prt_17 catalog_sales_1_prt_17_1  (cost=0.00..191360.00 rows=4081734 width=26)
                                                                                                                           ->  Result  (cost=0.00..198408.00 rows=4232134 width=26)
                                                                                                                                 One-Time Filter: PartSelected
                                                                                                                                 ->  Append-only Columnar Scan on catalog_sales_1_prt_18 catalog_sales_1_prt_18_1  (cost=0.00..198408.00 rows=4232134 width=26)
                                                                                                                           ->  Result  (cost=0.00..198462.00 rows=4233300 width=26)
                                                                                                                                 One-Time Filter: PartSelected
                                                                                                                                 ->  Append-only Columnar Scan on catalog_sales_1_prt_19 catalog_sales_1_prt_19_1  (cost=0.00..198462.00 rows=4233300 width=26)
                                                                                                                           ->  Result  (cost=0.00..198463.00 rows=4233267 width=26)
                                                                                                                                 One-Time Filter: PartSelected
                                                                                                                                 ->  Append-only Columnar Scan on catalog_sales_1_prt_20 catalog_sales_1_prt_20_1  (cost=0.00..198463.00 rows=4233267 width=26)
                                                                                                                           ->  Result  (cost=0.00..198544.00 rows=4235034 width=26)
                                                                                                                                 One-Time Filter: PartSelected
                                                                                                                                 ->  Append-only Columnar Scan on catalog_sales_1_prt_21 catalog_sales_1_prt_21_1  (cost=0.00..198544.00 rows=4235034 width=26)
                                                                                                                           ->  Result  (cost=0.00..288857.00 rows=6161600 width=26)
                                                                                                                                 One-Time Filter: PartSelected
                                                                                                                                 ->  Append-only Columnar Scan on catalog_sales_1_prt_22 catalog_sales_1_prt_22_1  (cost=0.00..288857.00 rows=6161600 width=26)
                                                                                                                           ->  Result  (cost=0.00..451775.00 rows=9637067 width=26)
                                                                                                                                 One-Time Filter: PartSelected
                                                                                                                                 ->  Append-only Columnar Scan on catalog_sales_1_prt_23 catalog_sales_1_prt_23_1  (cost=0.00..451775.00 rows=9637067 width=26)
                                                                                                                           ->  Result  (cost=0.00..451807.00 rows=9637734 width=26)
                                                                                                                                 One-Time Filter: PartSelected
                                                                                                                                 ->  Append-only Columnar Scan on catalog_sales_1_prt_24 catalog_sales_1_prt_24_1  (cost=0.00..451807.00 rows=9637734 width=26)
                                                                                                                           ->  Result  (cost=0.00..468431.00 rows=9992300 width=26)
                                                                                                                                 One-Time Filter: PartSelected
                                                                                                                                 ->  Append-only Columnar Scan on catalog_sales_1_prt_25 catalog_sales_1_prt_25_1  (cost=0.00..468431.00 rows=9992300 width=26)
                                                                                                                           ->  Result  (cost=0.00..684511.00 rows=14601800 width=26)
                                                                                                                                 One-Time Filter: PartSelected
                                                                                                                                 ->  Append-only Columnar Scan on catalog_sales_1_prt_26 catalog_sales_1_prt_26_1  (cost=0.00..684511.00 rows=14601800 width=26)
                                                                                                                           ->  Result  (cost=0.00..684485.00 rows=14601267 width=26)
                                                                                                                                 One-Time Filter: PartSelected
                                                                                                                                 ->  Append-only Columnar Scan on catalog_sales_1_prt_27 catalog_sales_1_prt_27_1  (cost=0.00..684485.00 rows=14601267 width=26)
                                                                                                                           ->  Result  (cost=0.00..232955.00 rows=4969100 width=26)
                                                                                                                                 One-Time Filter: PartSelected
                                                                                                                                 ->  Append-only Columnar Scan on catalog_sales_1_prt_28 catalog_sales_1_prt_28_1  (cost=0.00..232955.00 rows=4969100 width=26)
                                                                                                                           ->  Result  (cost=0.00..198182.00 rows=4227400 width=26)
                                                                                                                                 One-Time Filter: PartSelected
                                                                                                                                 ->  Append-only Columnar Scan on catalog_sales_1_prt_29 catalog_sales_1_prt_29_1  (cost=0.00..198182.00 rows=4227400 width=26)
                                                                                                                           ->  Result  (cost=0.00..198180.00 rows=4227300 width=26)
                                                                                                                                 One-Time Filter: PartSelected
                                                                                                                                 ->  Append-only Columnar Scan on catalog_sales_1_prt_30 catalog_sales_1_prt_30_1  (cost=0.00..198180.00 rows=4227300 width=26)
                                                                                                                           ->  Result  (cost=0.00..198236.00 rows=4228467 width=26)
                                                                                                                                 One-Time Filter: PartSelected
                                                                                                                                 ->  Append-only Columnar Scan on catalog_sales_1_prt_31 catalog_sales_1_prt_31_1  (cost=0.00..198236.00 rows=4228467 width=26)
                                                                                                                           ->  Result  (cost=0.00..198161.00 rows=4226867 width=26)
                                                                                                                                 One-Time Filter: PartSelected
                                                                                                                                 ->  Append-only Columnar Scan on catalog_sales_1_prt_32 catalog_sales_1_prt_32_1  (cost=0.00..198161.00 rows=4226867 width=26)
                                                                                                                           ->  Result  (cost=0.00..198143.00 rows=4226467 width=26)
                                                                                                                                 One-Time Filter: PartSelected
                                                                                                                                 ->  Append-only Columnar Scan on catalog_sales_1_prt_33 catalog_sales_1_prt_33_1  (cost=0.00..198143.00 rows=4226467 width=26)
                                                                                                                           ->  Result  (cost=0.00..198217.00 rows=4228000 width=26)
                                                                                                                                 One-Time Filter: PartSelected
                                                                                                                                 ->  Append-only Columnar Scan on catalog_sales_1_prt_34 catalog_sales_1_prt_34_1  (cost=0.00..198217.00 rows=4228000 width=26)
                                                                                                                           ->  Result  (cost=0.00..279401.00 rows=5959900 width=26)
                                                                                                                                 One-Time Filter: PartSelected
                                                                                                                                 ->  Append-only Columnar Scan on catalog_sales_1_prt_35 catalog_sales_1_prt_35_1  (cost=0.00..279401.00 rows=5959900 width=26)
                                                                                                                           ->  Result  (cost=0.00..451102.00 rows=9622600 width=26)
                                                                                                                                 One-Time Filter: PartSelected
                                                                                                                                 ->  Append-only Columnar Scan on catalog_sales_1_prt_36 catalog_sales_1_prt_36_1  (cost=0.00..451102.00 rows=9622600 width=26)
                                                                                                                           ->  Result  (cost=0.00..451004.00 rows=9620567 width=26)
                                                                                                                                 One-Time Filter: PartSelected
                                                                                                                                 ->  Append-only Columnar Scan on catalog_sales_1_prt_37 catalog_sales_1_prt_37_1  (cost=0.00..451004.00 rows=9620567 width=26)
                                                                                                                           ->  Result  (cost=0.00..459207.00 rows=9795567 width=26)
                                                                                                                                 One-Time Filter: PartSelected
                                                                                                                                 ->  Append-only Columnar Scan on catalog_sales_1_prt_38 catalog_sales_1_prt_38_1  (cost=0.00..459207.00 rows=9795567 width=26)
                                                                                                                           ->  Result  (cost=0.00..683201.00 rows=14573867 width=26)
                                                                                                                                 One-Time Filter: PartSelected
                                                                                                                                 ->  Append-only Columnar Scan on catalog_sales_1_prt_39 catalog_sales_1_prt_39_1  (cost=0.00..683201.00 rows=14573867 width=26)
                                                                                                                           ->  Result  (cost=0.00..683288.00 rows=14575634 width=26)
                                                                                                                                 One-Time Filter: PartSelected
                                                                                                                                 ->  Append-only Columnar Scan on catalog_sales_1_prt_40 catalog_sales_1_prt_40_1  (cost=0.00..683288.00 rows=14575634 width=26)
                                                                                                                           ->  Result  (cost=0.00..267716.00 rows=5710600 width=26)
                                                                                                                                 One-Time Filter: PartSelected
                                                                                                                                 ->  Append-only Columnar Scan on catalog_sales_1_prt_41 catalog_sales_1_prt_41_1  (cost=0.00..267716.00 rows=5710600 width=26)
                                                                                                                           ->  Result  (cost=0.00..198348.00 rows=4230867 width=26)
                                                                                                                                 One-Time Filter: PartSelected
                                                                                                                                 ->  Append-only Columnar Scan on catalog_sales_1_prt_42 catalog_sales_1_prt_42_1  (cost=0.00..198348.00 rows=4230867 width=26)
                                                                                                                           ->  Result  (cost=0.00..191374.00 rows=4082034 width=26)
                                                                                                                                 One-Time Filter: PartSelected
                                                                                                                                 ->  Append-only Columnar Scan on catalog_sales_1_prt_43 catalog_sales_1_prt_43_1  (cost=0.00..191374.00 rows=4082034 width=26)
                                                                                                                           ->  Result  (cost=0.00..198449.00 rows=4233067 width=26)
                                                                                                                                 One-Time Filter: PartSelected
                                                                                                                                 ->  Append-only Columnar Scan on catalog_sales_1_prt_44 catalog_sales_1_prt_44_1  (cost=0.00..198449.00 rows=4233067 width=26)
                                                                                                                           ->  Result  (cost=0.00..198436.00 rows=4232667 width=26)
                                                                                                                                 One-Time Filter: PartSelected
                                                                                                                                 ->  Append-only Columnar Scan on catalog_sales_1_prt_45 catalog_sales_1_prt_45_1  (cost=0.00..198436.00 rows=4232667 width=26)
                                                                                                                           ->  Result  (cost=0.00..198484.00 rows=4233767 width=26)
                                                                                                                                 One-Time Filter: PartSelected
                                                                                                                                 ->  Append-only Columnar Scan on catalog_sales_1_prt_46 catalog_sales_1_prt_46_1  (cost=0.00..198484.00 rows=4233767 width=26)
                                                                                                                           ->  Result  (cost=0.00..198486.00 rows=4233767 width=26)
                                                                                                                                 One-Time Filter: PartSelected
                                                                                                                                 ->  Append-only Columnar Scan on catalog_sales_1_prt_47 catalog_sales_1_prt_47_1  (cost=0.00..198486.00 rows=4233767 width=26)
                                                                                                                           ->  Result  (cost=0.00..261759.00 rows=5583500 width=26)
                                                                                                                                 One-Time Filter: PartSelected
                                                                                                                                 ->  Append-only Columnar Scan on catalog_sales_1_prt_48 catalog_sales_1_prt_48_1  (cost=0.00..261759.00 rows=5583500 width=26)
                                                                                                                           ->  Result  (cost=0.00..451867.00 rows=9638934 width=26)
                                                                                                                                 One-Time Filter: PartSelected
                                                                                                                                 ->  Append-only Columnar Scan on catalog_sales_1_prt_49 catalog_sales_1_prt_49_1  (cost=0.00..451867.00 rows=9638934 width=26)
                                                                                                                           ->  Result  (cost=0.00..451711.00 rows=9635634 width=26)
                                                                                                                                 One-Time Filter: PartSelected
                                                                                                                                 ->  Append-only Columnar Scan on catalog_sales_1_prt_50 catalog_sales_1_prt_50_1  (cost=0.00..451711.00 rows=9635634 width=26)
                                                                                                                           ->  Result  (cost=0.00..451715.00 rows=9635700 width=26)
                                                                                                                                 One-Time Filter: PartSelected
                                                                                                                                 ->  Append-only Columnar Scan on catalog_sales_1_prt_51 catalog_sales_1_prt_51_1  (cost=0.00..451715.00 rows=9635700 width=26)
                                                                                                                           ->  Result  (cost=0.00..676048.00 rows=14421300 width=26)
                                                                                                                                 One-Time Filter: PartSelected
                                                                                                                                 ->  Append-only Columnar Scan on catalog_sales_1_prt_52 catalog_sales_1_prt_52_1  (cost=0.00..676048.00 rows=14421300 width=26)
                                                                                                                           ->  Result  (cost=0.00..684330.00 rows=14597934 width=26)
                                                                                                                                 One-Time Filter: PartSelected
                                                                                                                                 ->  Append-only Columnar Scan on catalog_sales_1_prt_53 catalog_sales_1_prt_53_1  (cost=0.00..684330.00 rows=14597934 width=26)
                                                                                                                           ->  Result  (cost=0.00..285353.00 rows=6086800 width=26)
                                                                                                                                 One-Time Filter: PartSelected
                                                                                                                                 ->  Append-only Columnar Scan on catalog_sales_1_prt_54 catalog_sales_1_prt_54_1  (cost=0.00..285353.00 rows=6086800 width=26)
                                                                                                                           ->  Result  (cost=0.00..198500.00 rows=4234067 width=26)
                                                                                                                                 One-Time Filter: PartSelected
                                                                                                                                 ->  Append-only Columnar Scan on catalog_sales_1_prt_55 catalog_sales_1_prt_55_1  (cost=0.00..198500.00 rows=4234067 width=26)
                                                                                                                           ->  Result  (cost=0.00..191327.00 rows=4081100 width=26)
                                                                                                                                 One-Time Filter: PartSelected
                                                                                                                                 ->  Append-only Columnar Scan on catalog_sales_1_prt_56 catalog_sales_1_prt_56_1  (cost=0.00..191327.00 rows=4081100 width=26)
                                                                                                                           ->  Result  (cost=0.00..198470.00 rows=4233434 width=26)
                                                                                                                                 One-Time Filter: PartSelected
                                                                                                                                 ->  Append-only Columnar Scan on catalog_sales_1_prt_57 catalog_sales_1_prt_57_1  (cost=0.00..198470.00 rows=4233434 width=26)
                                                                                                                           ->  Result  (cost=0.00..198434.00 rows=4232667 width=26)
                                                                                                                                 One-Time Filter: PartSelected
                                                                                                                                 ->  Append-only Columnar Scan on catalog_sales_1_prt_58 catalog_sales_1_prt_58_1  (cost=0.00..198434.00 rows=4232667 width=26)
                                                                                                                           ->  Result  (cost=0.00..198457.00 rows=4233100 width=26)
                                                                                                                                 One-Time Filter: PartSelected
                                                                                                                                 ->  Append-only Columnar Scan on catalog_sales_1_prt_59 catalog_sales_1_prt_59_1  (cost=0.00..198457.00 rows=4233100 width=26)
                                                                                                                           ->  Result  (cost=0.00..198420.00 rows=4232400 width=26)
                                                                                                                                 One-Time Filter: PartSelected
                                                                                                                                 ->  Append-only Columnar Scan on catalog_sales_1_prt_60 catalog_sales_1_prt_60_1  (cost=0.00..198420.00 rows=4232400 width=26)
                                                                                                                           ->  Result  (cost=0.00..252732.00 rows=5390967 width=26)
                                                                                                                                 One-Time Filter: PartSelected
                                                                                                                                 ->  Append-only Columnar Scan on catalog_sales_1_prt_61 catalog_sales_1_prt_61_1  (cost=0.00..252732.00 rows=5390967 width=26)
                                                                                                                           ->  Result  (cost=0.00..451735.00 rows=9636134 width=26)
                                                                                                                                 One-Time Filter: PartSelected
                                                                                                                                 ->  Append-only Columnar Scan on catalog_sales_1_prt_62 catalog_sales_1_prt_62_1  (cost=0.00..451735.00 rows=9636134 width=26)
                                                                                                                           ->  Result  (cost=0.00..451761.00 rows=9636700 width=26)
                                                                                                                                 One-Time Filter: PartSelected
                                                                                                                                 ->  Append-only Columnar Scan on catalog_sales_1_prt_63 catalog_sales_1_prt_63_1  (cost=0.00..451761.00 rows=9636700 width=26)
                                                                                                                           ->  Result  (cost=0.00..451680.00 rows=9634900 width=26)
                                                                                                                                 One-Time Filter: PartSelected
                                                                                                                                 ->  Append-only Columnar Scan on catalog_sales_1_prt_64 catalog_sales_1_prt_64_1  (cost=0.00..451680.00 rows=9634900 width=26)
                                                                                                                           ->  Result  (cost=0.00..667727.00 rows=14243734 width=26)
                                                                                                                                 One-Time Filter: PartSelected
                                                                                                                                 ->  Append-only Columnar Scan on catalog_sales_1_prt_65 catalog_sales_1_prt_65_1  (cost=0.00..667727.00 rows=14243734 width=26)
                                                                                                                           ->  Result  (cost=0.00..684173.00 rows=14594534 width=26)
                                                                                                                                 One-Time Filter: PartSelected
                                                                                                                                 ->  Append-only Columnar Scan on catalog_sales_1_prt_66 catalog_sales_1_prt_66_1  (cost=0.00..684173.00 rows=14594534 width=26)
                                                                                                                           ->  Result  (cost=0.00..244531.00 rows=5216100 width=26)
                                                                                                                                 One-Time Filter: PartSelected
                                                                                                                                 ->  Append-only Columnar Scan on catalog_sales_1_prt_67 catalog_sales_1_prt_67_1  (cost=0.00..244531.00 rows=5216100 width=26)
                                                                                                                           ->  Result  (cost=0.00..1.00 rows=1 width=34)
                                                                                                                                 One-Time Filter: PartSelected
                                                                                                                                 ->  Append-only Columnar Scan on catalog_sales_1_prt_68 catalog_sales_1_prt_68_1  (cost=0.00..1.00 rows=1 width=34)
                                                                                                                           ->  Result  (cost=0.00..1.00 rows=1 width=34)
                                                                                                                                 One-Time Filter: PartSelected
                                                                                                                                 ->  Append-only Columnar Scan on catalog_sales_1_prt_69 catalog_sales_1_prt_69_1  (cost=0.00..1.00 rows=1 width=34)
                                                                                                                           ->  Result  (cost=0.00..1.00 rows=1 width=34)
                                                                                                                                 One-Time Filter: PartSelected
                                                                                                                                 ->  Append-only Columnar Scan on catalog_sales_1_prt_70 catalog_sales_1_prt_70_1  (cost=0.00..1.00 rows=1 width=34)
                                                                                                                           ->  Result  (cost=0.00..1.00 rows=1 width=34)
                                                                                                                                 One-Time Filter: PartSelected
                                                                                                                                 ->  Append-only Columnar Scan on catalog_sales_1_prt_71 catalog_sales_1_prt_71_1  (cost=0.00..1.00 rows=1 width=34)
                                                                                                                           ->  Result  (cost=0.00..1.00 rows=1 width=34)
                                                                                                                                 One-Time Filter: PartSelected
                                                                                                                                 ->  Append-only Columnar Scan on catalog_sales_1_prt_72 catalog_sales_1_prt_72_1  (cost=0.00..1.00 rows=1 width=34)
                                                                                                                           ->  Result  (cost=0.00..1.00 rows=1 width=34)
                                                                                                                                 One-Time Filter: PartSelected
                                                                                                                                 ->  Append-only Columnar Scan on catalog_sales_1_prt_73 catalog_sales_1_prt_73_1  (cost=0.00..1.00 rows=1 width=34)
                                                                                                                           ->  Result  (cost=0.00..1.00 rows=1 width=34)
                                                                                                                                 One-Time Filter: PartSelected
                                                                                                                                 ->  Append-only Columnar Scan on catalog_sales_1_prt_74 catalog_sales_1_prt_74_1  (cost=0.00..1.00 rows=1 width=34)
                                                                                                                           ->  Result  (cost=0.00..1.00 rows=1 width=34)
                                                                                                                                 One-Time Filter: PartSelected
                                                                                                                                 ->  Append-only Columnar Scan on catalog_sales_1_prt_75 catalog_sales_1_prt_75_1  (cost=0.00..1.00 rows=1 width=34)
                                                                                                                           ->  Result  (cost=0.00..1.00 rows=1 width=34)
                                                                                                                                 One-Time Filter: PartSelected
                                                                                                                                 ->  Append-only Columnar Scan on catalog_sales_1_prt_76 catalog_sales_1_prt_76_1  (cost=0.00..1.00 rows=1 width=34)
                                                                                                                           ->  Result  (cost=0.00..1.00 rows=1 width=34)
                                                                                                                                 One-Time Filter: PartSelected
                                                                                                                                 ->  Append-only Columnar Scan on catalog_sales_1_prt_77 catalog_sales_1_prt_77_1  (cost=0.00..1.00 rows=1 width=34)
                                                                                                                           ->  Result  (cost=0.00..1.00 rows=1 width=34)
                                                                                                                                 One-Time Filter: PartSelected
                                                                                                                                 ->  Append-only Columnar Scan on catalog_sales_1_prt_78 catalog_sales_1_prt_78_1  (cost=0.00..1.00 rows=1 width=34)
                                                                                                                           ->  Result  (cost=0.00..1.00 rows=1 width=34)
                                                                                                                                 One-Time Filter: PartSelected
                                                                                                                                 ->  Append-only Columnar Scan on catalog_sales_1_prt_79 catalog_sales_1_prt_79_1  (cost=0.00..1.00 rows=1 width=34)
                                                                                                                           ->  Result  (cost=0.00..1.00 rows=1 width=34)
                                                                                                                                 One-Time Filter: PartSelected
                                                                                                                                 ->  Append-only Columnar Scan on catalog_sales_1_prt_80 catalog_sales_1_prt_80_1  (cost=0.00..1.00 rows=1 width=34)
                                                                                                                     ->  Hash  (cost=1283.72..1283.72 rows=366 width=8)
                                                                                                                           ->  Partition Selector for catalog_sales (dynamic scan id: 1)  (cost=0.00..1283.72 rows=366 width=8)
                                                                                                                                 Filter: date_dim_3.d_date_sk
                                                                                                                                 ->  Broadcast Motion 3:3  (slice10; segments: 3)  (cost=0.00..1283.72 rows=366 width=8)
                                                                                                                                       ->  Seq Scan on date_dim date_dim_3  (cost=0.00..1269.11 rows=122 width=8)
                                                                                                                                             Filter: (d_year = 2001)
                                                                                                               ->  Hash  (cost=7981.84..7981.84 rows=31307 width=20)
                                                                                                                     ->  Broadcast Motion 3:3  (slice11; segments: 3)  (cost=0.00..7981.84 rows=31307 width=20)
                                                                                                                           ->  Seq Scan on item item_3  (cost=0.00..6729.59 rows=10436 width=20)
                                                                                                                                 Filter: ((i_category)::text = 'Sports'::text)
                                                                                             ->  Hash Join  (cost=57532983.26..63525889.27 rows=10 width=40)
                                                                                                   Hash Cond: (store_sales_1_prt_outliers_1.ss_item_sk = item_4.i_item_sk)
                                                                                                   ->  Redistribute Motion 3:3  (slice13; segments: 3)  (cost=57525862.35..63518767.81 rows=11 width=28)
                                                                                                         Hash Key: store_sales_1_prt_outliers_1.ss_item_sk
                                                                                                         ->  Hash Right Join  (cost=57525862.35..63518767.18 rows=11 width=28)
                                                                                                               Hash Cond: ((store_returns_1_prt_outliers_1.sr_ticket_number = store_sales_1_prt_outliers_1.ss_ticket_number) AND (store_returns_1_prt_outliers_1.sr_item_sk = store_sales_1_prt_outliers_1.ss_item_sk))
                                                                                                               ->  Append  (cost=0.00..3832906.41 rows=95999916 width=22)
                                                                                                                     ->  Append-only Columnar Scan on store_returns_1_prt_outliers store_returns_1_prt_outliers_1  (cost=0.00..119589.00 rows=3359867 width=22)
                                                                                                                     ->  Append-only Columnar Scan on store_returns_1_prt_2 store_returns_1_prt_2_1  (cost=0.00..1853.03 rows=45768 width=22)
                                                                                                                     ->  Append-only Columnar Scan on store_returns_1_prt_3 store_returns_1_prt_3_1  (cost=0.00..6990.74 rows=174025 width=22)
                                                                                                                     ->  Append-only Columnar Scan on store_returns_1_prt_4 store_returns_1_prt_4_1  (cost=0.00..12073.00 rows=300934 width=22)
                                                                                                                     ->  Append-only Columnar Scan on store_returns_1_prt_5 store_returns_1_prt_5_1  (cost=0.00..17206.50 rows=429050 width=22)
                                                                                                                     ->  Append-only Columnar Scan on store_returns_1_prt_6 store_returns_1_prt_6_1  (cost=0.00..22418.30 rows=559077 width=22)
                                                                                                                     ->  Append-only Columnar Scan on store_returns_1_prt_7 store_returns_1_prt_7_1  (cost=0.00..27598.00 rows=688300 width=22)
                                                                                                                     ->  Append-only Columnar Scan on store_returns_1_prt_8 store_returns_1_prt_8_1  (cost=0.00..32106.70 rows=800790 width=22)
                                                                                                                     ->  Append-only Columnar Scan on store_returns_1_prt_9 store_returns_1_prt_9_1  (cost=0.00..32900.20 rows=820607 width=22)
                                                                                                                     ->  Append-only Columnar Scan on store_returns_1_prt_10 store_returns_1_prt_10_1  (cost=0.00..37679.10 rows=939970 width=22)
                                                                                                                     ->  Append-only Columnar Scan on store_returns_1_prt_11 store_returns_1_prt_11_1  (cost=0.00..44416.50 rows=1108017 width=22)
                                                                                                                     ->  Append-only Columnar Scan on store_returns_1_prt_12 store_returns_1_prt_12_1  (cost=0.00..51022.00 rows=1272934 width=22)
                                                                                                                     ->  Append-only Columnar Scan on store_returns_1_prt_13 store_returns_1_prt_13_1  (cost=0.00..60422.90 rows=1507530 width=22)
                                                                                                                     ->  Append-only Columnar Scan on store_returns_1_prt_14 store_returns_1_prt_14_1  (cost=0.00..73185.80 rows=1826060 width=22)
                                                                                                                     ->  Append-only Columnar Scan on store_returns_1_prt_15 store_returns_1_prt_15_1  (cost=0.00..82303.60 rows=2053554 width=22)
                                                                                                                     ->  Append-only Columnar Scan on store_returns_1_prt_16 store_returns_1_prt_16_1  (cost=0.00..79967.20 rows=1995307 width=22)
                                                                                                                     ->  Append-only Columnar Scan on store_returns_1_prt_17 store_returns_1_prt_17_1  (cost=0.00..73186.20 rows=1826107 width=22)
                                                                                                                     ->  Append-only Columnar Scan on store_returns_1_prt_18 store_returns_1_prt_18_1  (cost=0.00..66475.20 rows=1658607 width=22)
                                                                                                                     ->  Append-only Columnar Scan on store_returns_1_prt_19 store_returns_1_prt_19_1  (cost=0.00..58723.50 rows=1465084 width=22)
                                                                                                                     ->  Append-only Columnar Scan on store_returns_1_prt_20 store_returns_1_prt_20_1  (cost=0.00..46348.30 rows=1156177 width=22)
                                                                                                                     ->  Append-only Columnar Scan on store_returns_1_prt_21 store_returns_1_prt_21_1  (cost=0.00..34792.40 rows=867914 width=22)
                                                                                                                     ->  Append-only Columnar Scan on store_returns_1_prt_22 store_returns_1_prt_22_1  (cost=0.00..32894.20 rows=820507 width=22)
                                                                                                                     ->  Append-only Columnar Scan on store_returns_1_prt_23 store_returns_1_prt_23_1  (cost=0.00..37424.80 rows=933627 width=22)
                                                                                                                     ->  Append-only Columnar Scan on store_returns_1_prt_24 store_returns_1_prt_24_1  (cost=0.00..44195.80 rows=1102527 width=22)
                                                                                                                     ->  Append-only Columnar Scan on store_returns_1_prt_25 store_returns_1_prt_25_1  (cost=0.00..50837.00 rows=1268234 width=22)
                                                                                                                     ->  Append-only Columnar Scan on store_returns_1_prt_26 store_returns_1_prt_26_1  (cost=0.00..59985.70 rows=1496590 width=22)
                                                                                                                     ->  Append-only Columnar Scan on store_returns_1_prt_27 store_returns_1_prt_27_1  (cost=0.00..72724.00 rows=1814434 width=22)
                                                                                                                     ->  Append-only Columnar Scan on store_returns_1_prt_28 store_returns_1_prt_28_1  (cost=0.00..82164.10 rows=2050104 width=22)
                                                                                                                     ->  Append-only Columnar Scan on store_returns_1_prt_29 store_returns_1_prt_29_1  (cost=0.00..80191.60 rows=2000754 width=22)
                                                                                                                     ->  Append-only Columnar Scan on store_returns_1_prt_30 store_returns_1_prt_30_1  (cost=0.00..73529.70 rows=1834590 width=22)
                                                                                                                     ->  Append-only Columnar Scan on store_returns_1_prt_31 store_returns_1_prt_31_1  (cost=0.00..66909.40 rows=1669347 width=22)
                                                                                                                     ->  Append-only Columnar Scan on store_returns_1_prt_32 store_returns_1_prt_32_1  (cost=0.00..59189.10 rows=1476737 width=22)
                                                                                                                     ->  Append-only Columnar Scan on store_returns_1_prt_33 store_returns_1_prt_33_1  (cost=0.00..46935.60 rows=1170954 width=22)
                                                                                                                     ->  Append-only Columnar Scan on store_returns_1_prt_34 store_returns_1_prt_34_1  (cost=0.00..35180.30 rows=877544 width=22)
                                                                                                                     ->  Append-only Columnar Scan on store_returns_1_prt_35 store_returns_1_prt_35_1  (cost=0.00..32948.10 rows=821804 width=22)
                                                                                                                     ->  Append-only Columnar Scan on store_returns_1_prt_36 store_returns_1_prt_36_1  (cost=0.00..37243.00 rows=928967 width=22)
                                                                                                                     ->  Append-only Columnar Scan on store_returns_1_prt_37 store_returns_1_prt_37_1  (cost=0.00..43879.00 rows=1094634 width=22)
                                                                                                                     ->  Append-only Columnar Scan on store_returns_1_prt_38 store_returns_1_prt_38_1  (cost=0.00..50465.40 rows=1259047 width=22)
                                                                                                                     ->  Append-only Columnar Scan on store_returns_1_prt_39 store_returns_1_prt_39_1  (cost=0.00..59486.40 rows=1484147 width=22)
                                                                                                                     ->  Append-only Columnar Scan on store_returns_1_prt_40 store_returns_1_prt_40_1  (cost=0.00..72150.30 rows=1800177 width=22)
                                                                                                                     ->  Append-only Columnar Scan on store_returns_1_prt_41 store_returns_1_prt_41_1  (cost=0.00..81849.40 rows=2042280 width=22)
                                                                                                                     ->  Append-only Columnar Scan on store_returns_1_prt_42 store_returns_1_prt_42_1  (cost=0.00..80010.30 rows=1996310 width=22)
                                                                                                                     ->  Append-only Columnar Scan on store_returns_1_prt_43 store_returns_1_prt_43_1  (cost=0.00..73403.80 rows=1831427 width=22)
                                                                                                                     ->  Append-only Columnar Scan on store_returns_1_prt_44 store_returns_1_prt_44_1  (cost=0.00..66684.90 rows=1663764 width=22)
                                                                                                                     ->  Append-only Columnar Scan on store_returns_1_prt_45 store_returns_1_prt_45_1  (cost=0.00..59144.80 rows=1475594 width=22)
                                                                                                                     ->  Append-only Columnar Scan on store_returns_1_prt_46 store_returns_1_prt_46_1  (cost=0.00..47011.80 rows=1172827 width=22)
                                                                                                                     ->  Append-only Columnar Scan on store_returns_1_prt_47 store_returns_1_prt_47_1  (cost=0.00..35247.70 rows=879257 width=22)
                                                                                                                     ->  Append-only Columnar Scan on store_returns_1_prt_48 store_returns_1_prt_48_1  (cost=0.00..32757.00 rows=817067 width=22)
                                                                                                                     ->  Append-only Columnar Scan on store_returns_1_prt_49 store_returns_1_prt_49_1  (cost=0.00..36707.60 rows=915654 width=22)
                                                                                                                     ->  Append-only Columnar Scan on store_returns_1_prt_50 store_returns_1_prt_50_1  (cost=0.00..43497.40 rows=1085080 width=22)
                                                                                                                     ->  Append-only Columnar Scan on store_returns_1_prt_51 store_returns_1_prt_51_1  (cost=0.00..50143.80 rows=1250960 width=22)
                                                                                                                     ->  Append-only Columnar Scan on store_returns_1_prt_52 store_returns_1_prt_52_1  (cost=0.00..58791.30 rows=1466777 width=22)
                                                                                                                     ->  Append-only Columnar Scan on store_returns_1_prt_53 store_returns_1_prt_53_1  (cost=0.00..71405.50 rows=1781517 width=22)
                                                                                                                     ->  Append-only Columnar Scan on store_returns_1_prt_54 store_returns_1_prt_54_1  (cost=0.00..81729.80 rows=2039294 width=22)
                                                                                                                     ->  Append-only Columnar Scan on store_returns_1_prt_55 store_returns_1_prt_55_1  (cost=0.00..80773.90 rows=2015430 width=22)
                                                                                                                     ->  Append-only Columnar Scan on store_returns_1_prt_56 store_returns_1_prt_56_1  (cost=0.00..74229.00 rows=1852034 width=22)
                                                                                                                     ->  Append-only Columnar Scan on store_returns_1_prt_57 store_returns_1_prt_57_1  (cost=0.00..67439.70 rows=1682624 width=22)
                                                                                                                     ->  Append-only Columnar Scan on store_returns_1_prt_58 store_returns_1_prt_58_1  (cost=0.00..60085.40 rows=1499080 width=22)
                                                                                                                     ->  Append-only Columnar Scan on store_returns_1_prt_59 store_returns_1_prt_59_1  (cost=0.00..48188.70 rows=1202190 width=22)
                                                                                                                     ->  Append-only Columnar Scan on store_returns_1_prt_60 store_returns_1_prt_60_1  (cost=0.00..35990.20 rows=897740 width=22)
                                                                                                                     ->  Append-only Columnar Scan on store_returns_1_prt_61 store_returns_1_prt_61_1  (cost=0.00..32755.30 rows=817010 width=22)
                                                                                                                     ->  Append-only Columnar Scan on store_returns_1_prt_62 store_returns_1_prt_62_1  (cost=0.00..36451.80 rows=909294 width=22)
                                                                                                                     ->  Append-only Columnar Scan on store_returns_1_prt_63 store_returns_1_prt_63_1  (cost=0.00..43272.00 rows=1079500 width=22)
                                                                                                                     ->  Append-only Columnar Scan on store_returns_1_prt_64 store_returns_1_prt_64_1  (cost=0.00..49886.80 rows=1244560 width=22)
                                                                                                                     ->  Append-only Columnar Scan on store_returns_1_prt_65 store_returns_1_prt_65_1  (cost=0.00..58346.40 rows=1455714 width=22)
                                                                                                                     ->  Append-only Columnar Scan on store_returns_1_prt_66 store_returns_1_prt_66_1  (cost=0.00..70812.50 rows=1766850 width=22)
                                                                                                                     ->  Append-only Columnar Scan on store_returns_1_prt_67 store_returns_1_prt_67_1  (cost=0.00..80500.30 rows=2008644 width=22)
                                                                                                                     ->  Append-only Columnar Scan on store_returns_1_prt_68 store_returns_1_prt_68_1  (cost=0.00..75031.60 rows=1872054 width=22)
                                                                                                                     ->  Append-only Columnar Scan on store_returns_1_prt_69 store_returns_1_prt_69_1  (cost=0.00..63447.40 rows=1582914 width=22)
                                                                                                                     ->  Append-only Columnar Scan on store_returns_1_prt_70 store_returns_1_prt_70_1  (cost=0.00..51572.60 rows=1286687 width=22)
                                                                                                                     ->  Append-only Columnar Scan on store_returns_1_prt_71 store_returns_1_prt_71_1  (cost=0.00..39178.00 rows=977300 width=22)
                                                                                                                     ->  Append-only Columnar Scan on store_returns_1_prt_72 store_returns_1_prt_72_1  (cost=0.00..22132.80 rows=551994 width=22)
                                                                                                                     ->  Append-only Columnar Scan on store_returns_1_prt_73 store_returns_1_prt_73_1  (cost=0.00..4828.24 rows=120108 width=22)
                                                                                                                     ->  Append-only Columnar Scan on store_returns_1_prt_74 store_returns_1_prt_74_1  (cost=0.00..1.00 rows=1 width=30)
                                                                                                                     ->  Append-only Columnar Scan on store_returns_1_prt_75 store_returns_1_prt_75_1  (cost=0.00..1.00 rows=1 width=30)
                                                                                                                     ->  Append-only Columnar Scan on store_returns_1_prt_76 store_returns_1_prt_76_1  (cost=0.00..1.00 rows=1 width=30)
                                                                                                                     ->  Append-only Columnar Scan on store_returns_1_prt_77 store_returns_1_prt_77_1  (cost=0.00..1.00 rows=1 width=30)
                                                                                                                     ->  Append-only Columnar Scan on store_returns_1_prt_78 store_returns_1_prt_78_1  (cost=0.00..1.00 rows=1 width=30)
                                                                                                                     ->  Append-only Columnar Scan on store_returns_1_prt_79 store_returns_1_prt_79_1  (cost=0.00..1.00 rows=1 width=30)
                                                                                                                     ->  Append-only Columnar Scan on store_returns_1_prt_80 store_returns_1_prt_80_1  (cost=0.00..1.00 rows=1 width=30)
                                                                                                               ->  Hash  (cost=57525861.87..57525861.87 rows=11 width=26)
                                                                                                                     ->  Hash Join  (cost=1297.42..57525861.87 rows=11 width=26)
                                                                                                                           Hash Cond: (store_sales_1_prt_outliers_1.ss_sold_date_sk = date_dim_4.d_date_sk)
                                                                                                                           ->  Append  (cost=0.00..39524635.96 rows=959996170 width=26)
                                                                                                                                 ->  Result  (cost=0.00..1568615.00 rows=43200334 width=26)
                                                                                                                                       One-Time Filter: PartSelected
                                                                                                                                       ->  Append-only Columnar Scan on store_sales_1_prt_outliers store_sales_1_prt_outliers_1  (cost=0.00..1568615.00 rows=43200334 width=26)
                                                                                                                                 ->  Result  (cost=0.00..324595.00 rows=7840134 width=26)
                                                                                                                                       One-Time Filter: PartSelected
                                                                                                                                       ->  Append-only Columnar Scan on store_sales_1_prt_2 store_sales_1_prt_2_1  (cost=0.00..324595.00 rows=7840134 width=26)
                                                                                                                                 ->  Result  (cost=0.00..336211.00 rows=8120800 width=26)
                                                                                                                                       One-Time Filter: PartSelected
                                                                                                                                       ->  Append-only Columnar Scan on store_sales_1_prt_3 store_sales_1_prt_3_1  (cost=0.00..336211.00 rows=8120800 width=26)
                                                                                                                                 ->  Result  (cost=0.00..324382.00 rows=7834967 width=26)
                                                                                                                                       One-Time Filter: PartSelected
                                                                                                                                       ->  Append-only Columnar Scan on store_sales_1_prt_4 store_sales_1_prt_4_1  (cost=0.00..324382.00 rows=7834967 width=26)
                                                                                                                                 ->  Result  (cost=0.00..336381.00 rows=8124734 width=26)
                                                                                                                                       One-Time Filter: PartSelected
                                                                                                                                       ->  Append-only Columnar Scan on store_sales_1_prt_5 store_sales_1_prt_5_1  (cost=0.00..336381.00 rows=8124734 width=26)
                                                                                                                                 ->  Result  (cost=0.00..336417.00 rows=8125800 width=26)
                                                                                                                                       One-Time Filter: PartSelected
                                                                                                                                       ->  Append-only Columnar Scan on store_sales_1_prt_6 store_sales_1_prt_6_1  (cost=0.00..336417.00 rows=8125800 width=26)
                                                                                                                                 ->  Result  (cost=0.00..336453.00 rows=8126567 width=26)
                                                                                                                                       One-Time Filter: PartSelected
                                                                                                                                       ->  Append-only Columnar Scan on store_sales_1_prt_7 store_sales_1_prt_7_1  (cost=0.00..336453.00 rows=8126567 width=26)
                                                                                                                                 ->  Result  (cost=0.00..336058.00 rows=8116967 width=26)
                                                                                                                                       One-Time Filter: PartSelected
                                                                                                                                       ->  Append-only Columnar Scan on store_sales_1_prt_8 store_sales_1_prt_8_1  (cost=0.00..336058.00 rows=8116967 width=26)
                                                                                                                                 ->  Result  (cost=0.00..489738.00 rows=11829267 width=26)
                                                                                                                                       One-Time Filter: PartSelected
                                                                                                                                       ->  Append-only Columnar Scan on store_sales_1_prt_9 store_sales_1_prt_9_1  (cost=0.00..489738.00 rows=11829267 width=26)
                                                                                                                                 ->  Result  (cost=0.00..765474.00 rows=18489534 width=26)
                                                                                                                                       One-Time Filter: PartSelected
                                                                                                                                       ->  Append-only Columnar Scan on store_sales_1_prt_10 store_sales_1_prt_10_1  (cost=0.00..765474.00 rows=18489534 width=26)
                                                                                                                                 ->  Result  (cost=0.00..766278.00 rows=18508900 width=26)
                                                                                                                                       One-Time Filter: PartSelected
                                                                                                                                       ->  Append-only Columnar Scan on store_sales_1_prt_11 store_sales_1_prt_11_1  (cost=0.00..766278.00 rows=18508900 width=26)
                                                                                                                                 ->  Result  (cost=0.00..793967.00 rows=19177700 width=26)
                                                                                                                                       One-Time Filter: PartSelected
                                                                                                                                       ->  Append-only Columnar Scan on store_sales_1_prt_12 store_sales_1_prt_12_1  (cost=0.00..793967.00 rows=19177700 width=26)
                                                                                                                                 ->  Result  (cost=0.00..1159820.00 rows=28014600 width=26)
                                                                                                                                       One-Time Filter: PartSelected
                                                                                                                                       ->  Append-only Columnar Scan on store_sales_1_prt_13 store_sales_1_prt_13_1  (cost=0.00..1159820.00 rows=28014600 width=26)
                                                                                                                                 ->  Result  (cost=0.00..1160753.00 rows=28037334 width=26)
                                                                                                                                       One-Time Filter: PartSelected
                                                                                                                                       ->  Append-only Columnar Scan on store_sales_1_prt_14 store_sales_1_prt_14_1  (cost=0.00..1160753.00 rows=28037334 width=26)
                                                                                                                                 ->  Result  (cost=0.00..436710.00 rows=10548367 width=26)
                                                                                                                                       One-Time Filter: PartSelected
                                                                                                                                       ->  Append-only Columnar Scan on store_sales_1_prt_15 store_sales_1_prt_15_1  (cost=0.00..436710.00 rows=10548367 width=26)
                                                                                                                                 ->  Result  (cost=0.00..336477.00 rows=8127134 width=26)
                                                                                                                                       One-Time Filter: PartSelected
                                                                                                                                       ->  Append-only Columnar Scan on store_sales_1_prt_16 store_sales_1_prt_16_1  (cost=0.00..336477.00 rows=8127134 width=26)
                                                                                                                                 ->  Result  (cost=0.00..324706.00 rows=7842834 width=26)
                                                                                                                                       One-Time Filter: PartSelected
                                                                                                                                       ->  Append-only Columnar Scan on store_sales_1_prt_17 store_sales_1_prt_17_1  (cost=0.00..324706.00 rows=7842834 width=26)
                                                                                                                                 ->  Result  (cost=0.00..336587.00 rows=8129867 width=26)
                                                                                                                                       One-Time Filter: PartSelected
                                                                                                                                       ->  Append-only Columnar Scan on store_sales_1_prt_18 store_sales_1_prt_18_1  (cost=0.00..336587.00 rows=8129867 width=26)
                                                                                                                                 ->  Result  (cost=0.00..336153.00 rows=8119367 width=26)
                                                                                                                                       One-Time Filter: PartSelected
                                                                                                                                       ->  Append-only Columnar Scan on store_sales_1_prt_19 store_sales_1_prt_19_1  (cost=0.00..336153.00 rows=8119367 width=26)
                                                                                                                                 ->  Result  (cost=0.00..336736.00 rows=8133367 width=26)
                                                                                                                                       One-Time Filter: PartSelected
                                                                                                                                       ->  Append-only Columnar Scan on store_sales_1_prt_20 store_sales_1_prt_20_1  (cost=0.00..336736.00 rows=8133367 width=26)
                                                                                                                                 ->  Result  (cost=0.00..336190.00 rows=8120200 width=26)
                                                                                                                                       One-Time Filter: PartSelected
                                                                                                                                       ->  Append-only Columnar Scan on store_sales_1_prt_21 store_sales_1_prt_21_1  (cost=0.00..336190.00 rows=8120200 width=26)
                                                                                                                                 ->  Result  (cost=0.00..474334.00 rows=11457100 width=26)
                                                                                                                                       One-Time Filter: PartSelected
                                                                                                                                       ->  Append-only Columnar Scan on store_sales_1_prt_22 store_sales_1_prt_22_1  (cost=0.00..474334.00 rows=11457100 width=26)
                                                                                                                                 ->  Result  (cost=0.00..766084.00 rows=18504234 width=26)
                                                                                                                                       One-Time Filter: PartSelected
                                                                                                                                       ->  Append-only Columnar Scan on store_sales_1_prt_23 store_sales_1_prt_23_1  (cost=0.00..766084.00 rows=18504234 width=26)
                                                                                                                                 ->  Result  (cost=0.00..765781.00 rows=18496900 width=26)
                                                                                                                                       One-Time Filter: PartSelected
                                                                                                                                       ->  Append-only Columnar Scan on store_sales_1_prt_24 store_sales_1_prt_24_1  (cost=0.00..765781.00 rows=18496900 width=26)
                                                                                                                                 ->  Result  (cost=0.00..779443.00 rows=18826834 width=26)
                                                                                                                                       One-Time Filter: PartSelected
                                                                                                                                       ->  Append-only Columnar Scan on store_sales_1_prt_25 store_sales_1_prt_25_1  (cost=0.00..779443.00 rows=18826834 width=26)
                                                                                                                                 ->  Result  (cost=0.00..1160832.00 rows=28039467 width=26)
                                                                                                                                       One-Time Filter: PartSelected
                                                                                                                                       ->  Append-only Columnar Scan on store_sales_1_prt_26 store_sales_1_prt_26_1  (cost=0.00..1160832.00 rows=28039467 width=26)
                                                                                                                                 ->  Result  (cost=0.00..1160090.00 rows=28021400 width=26)
                                                                                                                                       One-Time Filter: PartSelected
                                                                                                                                       ->  Append-only Columnar Scan on store_sales_1_prt_27 store_sales_1_prt_27_1  (cost=0.00..1160090.00 rows=28021400 width=26)
                                                                                                                                 ->  Result  (cost=0.00..465893.00 rows=11253134 width=26)
                                                                                                                                       One-Time Filter: PartSelected
                                                                                                                                       ->  Append-only Columnar Scan on store_sales_1_prt_28 store_sales_1_prt_28_1  (cost=0.00..465893.00 rows=11253134 width=26)
                                                                                                                                 ->  Result  (cost=0.00..335914.00 rows=8113600 width=26)
                                                                                                                                       One-Time Filter: PartSelected
                                                                                                                                       ->  Append-only Columnar Scan on store_sales_1_prt_29 store_sales_1_prt_29_1  (cost=0.00..335914.00 rows=8113600 width=26)
                                                                                                                                 ->  Result  (cost=0.00..336186.00 rows=8120167 width=26)
                                                                                                                                       One-Time Filter: PartSelected
                                                                                                                                       ->  Append-only Columnar Scan on store_sales_1_prt_30 store_sales_1_prt_30_1  (cost=0.00..336186.00 rows=8120167 width=26)
                                                                                                                                 ->  Result  (cost=0.00..336014.00 rows=8115934 width=26)
                                                                                                                                       One-Time Filter: PartSelected
                                                                                                                                       ->  Append-only Columnar Scan on store_sales_1_prt_31 store_sales_1_prt_31_1  (cost=0.00..336014.00 rows=8115934 width=26)
                                                                                                                                 ->  Result  (cost=0.00..335918.00 rows=8113667 width=26)
                                                                                                                                       One-Time Filter: PartSelected
                                                                                                                                       ->  Append-only Columnar Scan on store_sales_1_prt_32 store_sales_1_prt_32_1  (cost=0.00..335918.00 rows=8113667 width=26)
                                                                                                                                 ->  Result  (cost=0.00..336069.00 rows=8117334 width=26)
                                                                                                                                       One-Time Filter: PartSelected
                                                                                                                                       ->  Append-only Columnar Scan on store_sales_1_prt_33 store_sales_1_prt_33_1  (cost=0.00..336069.00 rows=8117334 width=26)
                                                                                                                                 ->  Result  (cost=0.00..335472.00 rows=8102900 width=26)
                                                                                                                                       One-Time Filter: PartSelected
                                                                                                                                       ->  Append-only Columnar Scan on store_sales_1_prt_34 store_sales_1_prt_34_1  (cost=0.00..335472.00 rows=8102900 width=26)
                                                                                                                                 ->  Result  (cost=0.00..457985.00 rows=11062100 width=26)
                                                                                                                                       One-Time Filter: PartSelected
                                                                                                                                       ->  Append-only Columnar Scan on store_sales_1_prt_35 store_sales_1_prt_35_1  (cost=0.00..457985.00 rows=11062100 width=26)
                                                                                                                                 ->  Result  (cost=0.00..764679.00 rows=18470400 width=26)
                                                                                                                                       One-Time Filter: PartSelected
                                                                                                                                       ->  Append-only Columnar Scan on store_sales_1_prt_36 store_sales_1_prt_36_1  (cost=0.00..764679.00 rows=18470400 width=26)
                                                                                                                                 ->  Result  (cost=0.00..764030.00 rows=18454700 width=26)
                                                                                                                                       One-Time Filter: PartSelected
                                                                                                                                       ->  Append-only Columnar Scan on store_sales_1_prt_37 store_sales_1_prt_37_1  (cost=0.00..764030.00 rows=18454700 width=26)
                                                                                                                                 ->  Result  (cost=0.00..764484.00 rows=18465634 width=26)
                                                                                                                                       One-Time Filter: PartSelected
                                                                                                                                       ->  Append-only Columnar Scan on store_sales_1_prt_38 store_sales_1_prt_38_1  (cost=0.00..764484.00 rows=18465634 width=26)
                                                                                                                                 ->  Result  (cost=0.00..1158198.04 rows=27975568 width=26)
                                                                                                                                       One-Time Filter: PartSelected
                                                                                                                                       ->  Append-only Columnar Scan on store_sales_1_prt_39 store_sales_1_prt_39_1  (cost=0.00..1158198.04 rows=27975568 width=26)
                                                                                                                                 ->  Result  (cost=0.00..1158199.04 rows=27975968 width=26)
                                                                                                                                       One-Time Filter: PartSelected
                                                                                                                                       ->  Append-only Columnar Scan on store_sales_1_prt_40 store_sales_1_prt_40_1  (cost=0.00..1158199.04 rows=27975968 width=26)
                                                                                                                                 ->  Result  (cost=0.00..483138.00 rows=11669800 width=26)
                                                                                                                                       One-Time Filter: PartSelected
                                                                                                                                       ->  Append-only Columnar Scan on store_sales_1_prt_41 store_sales_1_prt_41_1  (cost=0.00..483138.00 rows=11669800 width=26)
                                                                                                                                 ->  Result  (cost=0.00..336559.00 rows=8129100 width=26)
                                                                                                                                       One-Time Filter: PartSelected
                                                                                                                                       ->  Append-only Columnar Scan on store_sales_1_prt_42 store_sales_1_prt_42_1  (cost=0.00..336559.00 rows=8129100 width=26)
                                                                                                                                 ->  Result  (cost=0.00..324602.00 rows=7840367 width=26)
                                                                                                                                       One-Time Filter: PartSelected
                                                                                                                                       ->  Append-only Columnar Scan on store_sales_1_prt_43 store_sales_1_prt_43_1  (cost=0.00..324602.00 rows=7840367 width=26)
                                                                                                                                 ->  Result  (cost=0.00..336209.00 rows=8120567 width=26)
                                                                                                                                       One-Time Filter: PartSelected
                                                                                                                                       ->  Append-only Columnar Scan on store_sales_1_prt_44 store_sales_1_prt_44_1  (cost=0.00..336209.00 rows=8120567 width=26)
                                                                                                                                 ->  Result  (cost=0.00..336313.00 rows=8123267 width=26)
                                                                                                                                       One-Time Filter: PartSelected
                                                                                                                                       ->  Append-only Columnar Scan on store_sales_1_prt_45 store_sales_1_prt_45_1  (cost=0.00..336313.00 rows=8123267 width=26)
                                                                                                                                 ->  Result  (cost=0.00..336621.00 rows=8130734 width=26)
                                                                                                                                       One-Time Filter: PartSelected
                                                                                                                                       ->  Append-only Columnar Scan on store_sales_1_prt_46 store_sales_1_prt_46_1  (cost=0.00..336621.00 rows=8130734 width=26)
                                                                                                                                 ->  Result  (cost=0.00..335906.00 rows=8113400 width=26)
                                                                                                                                       One-Time Filter: PartSelected
                                                                                                                                       ->  Append-only Columnar Scan on store_sales_1_prt_47 store_sales_1_prt_47_1  (cost=0.00..335906.00 rows=8113400 width=26)
                                                                                                                                 ->  Result  (cost=0.00..428657.00 rows=10353800 width=26)
                                                                                                                                       One-Time Filter: PartSelected
                                                                                                                                       ->  Append-only Columnar Scan on store_sales_1_prt_48 store_sales_1_prt_48_1  (cost=0.00..428657.00 rows=10353800 width=26)
                                                                                                                                 ->  Result  (cost=0.00..766560.00 rows=18515734 width=26)
                                                                                                                                       One-Time Filter: PartSelected
                                                                                                                                       ->  Append-only Columnar Scan on store_sales_1_prt_49 store_sales_1_prt_49_1  (cost=0.00..766560.00 rows=18515734 width=26)
                                                                                                                                 ->  Result  (cost=0.00..766167.00 rows=18506234 width=26)
                                                                                                                                       One-Time Filter: PartSelected
                                                                                                                                       ->  Append-only Columnar Scan on store_sales_1_prt_50 store_sales_1_prt_50_1  (cost=0.00..766167.00 rows=18506234 width=26)
                                                                                                                                 ->  Result  (cost=0.00..766196.00 rows=18506900 width=26)
                                                                                                                                       One-Time Filter: PartSelected
                                                                                                                                       ->  Append-only Columnar Scan on store_sales_1_prt_51 store_sales_1_prt_51_1  (cost=0.00..766196.00 rows=18506900 width=26)
                                                                                                                                 ->  Result  (cost=0.00..1130938.00 rows=27317200 width=26)
                                                                                                                                       One-Time Filter: PartSelected
                                                                                                                                       ->  Append-only Columnar Scan on store_sales_1_prt_52 store_sales_1_prt_52_1  (cost=0.00..1130938.00 rows=27317200 width=26)
                                                                                                                                 ->  Result  (cost=0.00..1160637.96 rows=28034566 width=26)
                                                                                                                                       One-Time Filter: PartSelected
                                                                                                                                       ->  Append-only Columnar Scan on store_sales_1_prt_53 store_sales_1_prt_53_1  (cost=0.00..1160637.96 rows=28034566 width=26)
                                                                                                                                 ->  Result  (cost=0.00..555225.00 rows=13411000 width=26)
                                                                                                                                       One-Time Filter: PartSelected
                                                                                                                                       ->  Append-only Columnar Scan on store_sales_1_prt_54 store_sales_1_prt_54_1  (cost=0.00..555225.00 rows=13411000 width=26)
                                                                                                                                 ->  Result  (cost=0.00..336782.00 rows=8134567 width=26)
                                                                                                                                       One-Time Filter: PartSelected
                                                                                                                                       ->  Append-only Columnar Scan on store_sales_1_prt_55 store_sales_1_prt_55_1  (cost=0.00..336782.00 rows=8134567 width=26)
                                                                                                                                 ->  Result  (cost=0.00..324454.00 rows=7836734 width=26)
                                                                                                                                       One-Time Filter: PartSelected
                                                                                                                                       ->  Append-only Columnar Scan on store_sales_1_prt_56 store_sales_1_prt_56_1  (cost=0.00..324454.00 rows=7836734 width=26)
                                                                                                                                 ->  Result  (cost=0.00..336546.00 rows=8128867 width=26)
                                                                                                                                       One-Time Filter: PartSelected
                                                                                                                                       ->  Append-only Columnar Scan on store_sales_1_prt_57 store_sales_1_prt_57_1  (cost=0.00..336546.00 rows=8128867 width=26)
                                                                                                                                 ->  Result  (cost=0.00..336207.00 rows=8120667 width=26)
                                                                                                                                       One-Time Filter: PartSelected
                                                                                                                                       ->  Append-only Columnar Scan on store_sales_1_prt_58 store_sales_1_prt_58_1  (cost=0.00..336207.00 rows=8120667 width=26)
                                                                                                                                 ->  Result  (cost=0.00..336578.00 rows=8129534 width=26)
                                                                                                                                       One-Time Filter: PartSelected
                                                                                                                                       ->  Append-only Columnar Scan on store_sales_1_prt_59 store_sales_1_prt_59_1  (cost=0.00..336578.00 rows=8129534 width=26)
                                                                                                                                 ->  Result  (cost=0.00..336468.00 rows=8127067 width=26)
                                                                                                                                       One-Time Filter: PartSelected
                                                                                                                                       ->  Append-only Columnar Scan on store_sales_1_prt_60 store_sales_1_prt_60_1  (cost=0.00..336468.00 rows=8127067 width=26)
                                                                                                                                 ->  Result  (cost=0.00..412992.00 rows=9975467 width=26)
                                                                                                                                       One-Time Filter: PartSelected
                                                                                                                                       ->  Append-only Columnar Scan on store_sales_1_prt_61 store_sales_1_prt_61_1  (cost=0.00..412992.00 rows=9975467 width=26)
                                                                                                                                 ->  Result  (cost=0.00..765709.00 rows=18495234 width=26)
                                                                                                                                       One-Time Filter: PartSelected
                                                                                                                                       ->  Append-only Columnar Scan on store_sales_1_prt_62 store_sales_1_prt_62_1  (cost=0.00..765709.00 rows=18495234 width=26)
                                                                                                                                 ->  Result  (cost=0.00..766176.00 rows=18506500 width=26)
                                                                                                                                       One-Time Filter: PartSelected
                                                                                                                                       ->  Append-only Columnar Scan on store_sales_1_prt_63 store_sales_1_prt_63_1  (cost=0.00..766176.00 rows=18506500 width=26)
                                                                                                                                 ->  Result  (cost=0.00..766142.00 rows=18505834 width=26)
                                                                                                                                       One-Time Filter: PartSelected
                                                                                                                                       ->  Append-only Columnar Scan on store_sales_1_prt_64 store_sales_1_prt_64_1  (cost=0.00..766142.00 rows=18505834 width=26)
                                                                                                                                 ->  Result  (cost=0.00..1117566.96 rows=26994166 width=26)
                                                                                                                                       One-Time Filter: PartSelected
                                                                                                                                       ->  Append-only Columnar Scan on store_sales_1_prt_65 store_sales_1_prt_65_1  (cost=0.00..1117566.96 rows=26994166 width=26)
                                                                                                                                 ->  Result  (cost=0.00..1159645.96 rows=28010566 width=26)
                                                                                                                                       One-Time Filter: PartSelected
                                                                                                                                       ->  Append-only Columnar Scan on store_sales_1_prt_66 store_sales_1_prt_66_1  (cost=0.00..1159645.96 rows=28010566 width=26)
                                                                                                                                 ->  Result  (cost=0.00..331321.00 rows=8002500 width=26)
                                                                                                                                       One-Time Filter: PartSelected
                                                                                                                                       ->  Append-only Columnar Scan on store_sales_1_prt_67 store_sales_1_prt_67_1  (cost=0.00..331321.00 rows=8002500 width=26)
                                                                                                                                 ->  Result  (cost=0.00..1.00 rows=1 width=34)
                                                                                                                                       One-Time Filter: PartSelected
                                                                                                                                       ->  Append-only Columnar Scan on store_sales_1_prt_68 store_sales_1_prt_68_1  (cost=0.00..1.00 rows=1 width=34)
                                                                                                                                 ->  Result  (cost=0.00..1.00 rows=1 width=34)
                                                                                                                                       One-Time Filter: PartSelected
                                                                                                                                       ->  Append-only Columnar Scan on store_sales_1_prt_69 store_sales_1_prt_69_1  (cost=0.00..1.00 rows=1 width=34)
                                                                                                                                 ->  Result  (cost=0.00..1.00 rows=1 width=34)
                                                                                                                                       One-Time Filter: PartSelected
                                                                                                                                       ->  Append-only Columnar Scan on store_sales_1_prt_70 store_sales_1_prt_70_1  (cost=0.00..1.00 rows=1 width=34)
                                                                                                                                 ->  Result  (cost=0.00..1.00 rows=1 width=34)
                                                                                                                                       One-Time Filter: PartSelected
                                                                                                                                       ->  Append-only Columnar Scan on store_sales_1_prt_71 store_sales_1_prt_71_1  (cost=0.00..1.00 rows=1 width=34)
                                                                                                                                 ->  Result  (cost=0.00..1.00 rows=1 width=34)
                                                                                                                                       One-Time Filter: PartSelected
                                                                                                                                       ->  Append-only Columnar Scan on store_sales_1_prt_72 store_sales_1_prt_72_1  (cost=0.00..1.00 rows=1 width=34)
                                                                                                                                 ->  Result  (cost=0.00..1.00 rows=1 width=34)
                                                                                                                                       One-Time Filter: PartSelected
                                                                                                                                       ->  Append-only Columnar Scan on store_sales_1_prt_73 store_sales_1_prt_73_1  (cost=0.00..1.00 rows=1 width=34)
                                                                                                                                 ->  Result  (cost=0.00..1.00 rows=1 width=34)
                                                                                                                                       One-Time Filter: PartSelected
                                                                                                                                       ->  Append-only Columnar Scan on store_sales_1_prt_74 store_sales_1_prt_74_1  (cost=0.00..1.00 rows=1 width=34)
                                                                                                                                 ->  Result  (cost=0.00..1.00 rows=1 width=34)
                                                                                                                                       One-Time Filter: PartSelected
                                                                                                                                       ->  Append-only Columnar Scan on store_sales_1_prt_75 store_sales_1_prt_75_1  (cost=0.00..1.00 rows=1 width=34)
                                                                                                                                 ->  Result  (cost=0.00..1.00 rows=1 width=34)
                                                                                                                                       One-Time Filter: PartSelected
                                                                                                                                       ->  Append-only Columnar Scan on store_sales_1_prt_76 store_sales_1_prt_76_1  (cost=0.00..1.00 rows=1 width=34)
                                                                                                                                 ->  Result  (cost=0.00..1.00 rows=1 width=34)
                                                                                                                                       One-Time Filter: PartSelected
                                                                                                                                       ->  Append-only Columnar Scan on store_sales_1_prt_77 store_sales_1_prt_77_1  (cost=0.00..1.00 rows=1 width=34)
                                                                                                                                 ->  Result  (cost=0.00..1.00 rows=1 width=34)
                                                                                                                                       One-Time Filter: PartSelected
                                                                                                                                       ->  Append-only Columnar Scan on store_sales_1_prt_78 store_sales_1_prt_78_1  (cost=0.00..1.00 rows=1 width=34)
                                                                                                                                 ->  Result  (cost=0.00..1.00 rows=1 width=34)
                                                                                                                                       One-Time Filter: PartSelected
                                                                                                                                       ->  Append-only Columnar Scan on store_sales_1_prt_79 store_sales_1_prt_79_1  (cost=0.00..1.00 rows=1 width=34)
                                                                                                                                 ->  Result  (cost=0.00..1.00 rows=1 width=34)
                                                                                                                                       One-Time Filter: PartSelected
                                                                                                                                       ->  Append-only Columnar Scan on store_sales_1_prt_80 store_sales_1_prt_80_1  (cost=0.00..1.00 rows=1 width=34)
                                                                                                                           ->  Hash  (cost=1283.72..1283.72 rows=366 width=8)
                                                                                                                                 ->  Partition Selector for store_sales (dynamic scan id: 1)  (cost=0.00..1283.72 rows=366 width=8)
                                                                                                                                       Filter: date_dim_4.d_date_sk
                                                                                                                                       ->  Broadcast Motion 3:3  (slice12; segments: 3)  (cost=0.00..1283.72 rows=366 width=8)
                                                                                                                                             ->  Seq Scan on date_dim date_dim_4  (cost=0.00..1269.11 rows=122 width=8)
                                                                                                                                                   Filter: (d_year = 2001)
                                                                                                   ->  Hash  (cost=6729.59..6729.59 rows=10436 width=20)
                                                                                                         ->  Seq Scan on item item_4  (cost=0.00..6729.59 rows=10436 width=20)
                                                                                                               Filter: ((i_category)::text = 'Sports'::text)
                                                                                             ->  Hash Right Join  (cost=15721952.79..21596317.55 rows=125541 width=40)
                                                                                                   Hash Cond: ((web_returns_1_prt_outliers_1.wr_order_number = web_sales_1_prt_outliers_1.ws_order_number) AND (web_returns_1_prt_outliers_1.wr_item_sk = web_sales_1_prt_outliers_1.ws_item_sk))
                                                                                                   ->  Append  (cost=0.00..983242.45 rows=23999182 width=18)
                                                                                                         ->  Append-only Columnar Scan on web_returns_1_prt_outliers web_returns_1_prt_outliers_1  (cost=0.00..38893.60 rows=1079754 width=18)
                                                                                                         ->  Append-only Columnar Scan on web_returns_1_prt_2 web_returns_1_prt_2_1  (cost=0.00..51.87 rows=663 width=18)
                                                                                                         ->  Append-only Columnar Scan on web_returns_1_prt_3 web_returns_1_prt_3_1  (cost=0.00..243.39 rows=5547 width=18)
                                                                                                         ->  Append-only Columnar Scan on web_returns_1_prt_4 web_returns_1_prt_4_1  (cost=0.00..672.62 rows=16021 width=18)
                                                                                                         ->  Append-only Columnar Scan on web_returns_1_prt_5 web_returns_1_prt_5_1  (cost=0.00..1337.96 rows=31999 width=18)
                                                                                                         ->  Append-only Columnar Scan on web_returns_1_prt_6 web_returns_1_prt_6_1  (cost=0.00..2194.10 rows=52937 width=18)
                                                                                                         ->  Append-only Columnar Scan on web_returns_1_prt_7 web_returns_1_prt_7_1  (cost=0.00..3165.94 rows=76598 width=18)
                                                                                                         ->  Append-only Columnar Scan on web_returns_1_prt_8 web_returns_1_prt_8_1  (cost=0.00..4149.44 rows=100482 width=18)
                                                                                                         ->  Append-only Columnar Scan on web_returns_1_prt_9 web_returns_1_prt_9_1  (cost=0.00..5123.76 rows=124092 width=18)
                                                                                                         ->  Append-only Columnar Scan on web_returns_1_prt_10 web_returns_1_prt_10_1  (cost=0.00..6205.45 rows=150449 width=18)
                                                                                                         ->  Append-only Columnar Scan on web_returns_1_prt_11 web_returns_1_prt_11_1  (cost=0.00..7467.74 rows=181092 width=18)
                                                                                                         ->  Append-only Columnar Scan on web_returns_1_prt_12 web_returns_1_prt_12_1  (cost=0.00..8787.18 rows=213173 width=18)
                                                                                                         ->  Append-only Columnar Scan on web_returns_1_prt_13 web_returns_1_prt_13_1  (cost=0.00..10246.69 rows=248690 width=18)
                                                                                                         ->  Append-only Columnar Scan on web_returns_1_prt_14 web_returns_1_prt_14_1  (cost=0.00..11962.54 rows=290352 width=18)
                                                                                                         ->  Append-only Columnar Scan on web_returns_1_prt_15 web_returns_1_prt_15_1  (cost=0.00..13706.59 rows=332753 width=18)
                                                                                                         ->  Append-only Columnar Scan on web_returns_1_prt_16 web_returns_1_prt_16_1  (cost=0.00..15323.50 rows=371984 width=18)
                                                                                                         ->  Append-only Columnar Scan on web_returns_1_prt_17 web_returns_1_prt_17_1  (cost=0.00..16613.80 rows=403427 width=18)
                                                                                                         ->  Append-only Columnar Scan on web_returns_1_prt_18 web_returns_1_prt_18_1  (cost=0.00..17449.40 rows=423747 width=18)
                                                                                                         ->  Append-only Columnar Scan on web_returns_1_prt_19 web_returns_1_prt_19_1  (cost=0.00..17450.10 rows=423704 width=18)
                                                                                                         ->  Append-only Columnar Scan on web_returns_1_prt_20 web_returns_1_prt_20_1  (cost=0.00..16964.80 rows=411894 width=18)
                                                                                                         ->  Append-only Columnar Scan on web_returns_1_prt_21 web_returns_1_prt_21_1  (cost=0.00..16132.20 rows=391674 width=18)
                                                                                                         ->  Append-only Columnar Scan on web_returns_1_prt_22 web_returns_1_prt_22_1  (cost=0.00..14907.70 rows=361924 width=18)
                                                                                                         ->  Append-only Columnar Scan on web_returns_1_prt_23 web_returns_1_prt_23_1  (cost=0.00..13378.79 rows=324693 width=18)
                                                                                                         ->  Append-only Columnar Scan on web_returns_1_prt_24 web_returns_1_prt_24_1  (cost=0.00..12047.21 rows=292341 width=18)
                                                                                                         ->  Append-only Columnar Scan on web_returns_1_prt_25 web_returns_1_prt_25_1  (cost=0.00..11228.09 rows=272470 width=18)
                                                                                                         ->  Append-only Columnar Scan on web_returns_1_prt_26 web_returns_1_prt_26_1  (cost=0.00..11109.92 rows=269631 width=18)
                                                                                                         ->  Append-only Columnar Scan on web_returns_1_prt_27 web_returns_1_prt_27_1  (cost=0.00..12030.70 rows=291957 width=18)
                                                                                                         ->  Append-only Columnar Scan on web_returns_1_prt_28 web_returns_1_prt_28_1  (cost=0.00..13656.34 rows=331512 width=18)
                                                                                                         ->  Append-only Columnar Scan on web_returns_1_prt_29 web_returns_1_prt_29_1  (cost=0.00..15310.30 rows=371677 width=18)
                                                                                                         ->  Append-only Columnar Scan on web_returns_1_prt_30 web_returns_1_prt_30_1  (cost=0.00..16610.30 rows=403277 width=18)
                                                                                                         ->  Append-only Columnar Scan on web_returns_1_prt_31 web_returns_1_prt_31_1  (cost=0.00..17417.80 rows=422960 width=18)
                                                                                                         ->  Append-only Columnar Scan on web_returns_1_prt_32 web_returns_1_prt_32_1  (cost=0.00..17462.40 rows=423914 width=18)
                                                                                                         ->  Append-only Columnar Scan on web_returns_1_prt_33 web_returns_1_prt_33_1  (cost=0.00..16977.10 rows=412204 width=18)
                                                                                                         ->  Append-only Columnar Scan on web_returns_1_prt_34 web_returns_1_prt_34_1  (cost=0.00..16214.80 rows=393694 width=18)
                                                                                                         ->  Append-only Columnar Scan on web_returns_1_prt_35 web_returns_1_prt_35_1  (cost=0.00..14996.10 rows=364070 width=18)
                                                                                                         ->  Append-only Columnar Scan on web_returns_1_prt_36 web_returns_1_prt_36_1  (cost=0.00..13465.95 rows=326865 width=18)
                                                                                                         ->  Append-only Columnar Scan on web_returns_1_prt_37 web_returns_1_prt_37_1  (cost=0.00..12069.06 rows=292936 width=18)
                                                                                                         ->  Append-only Columnar Scan on web_returns_1_prt_38 web_returns_1_prt_38_1  (cost=0.00..11277.57 rows=273619 width=18)
                                                                                                         ->  Append-only Columnar Scan on web_returns_1_prt_39 web_returns_1_prt_39_1  (cost=0.00..11095.59 rows=269287 width=18)
                                                                                                         ->  Append-only Columnar Scan on web_returns_1_prt_40 web_returns_1_prt_40_1  (cost=0.00..11960.13 rows=290238 width=18)
                                                                                                         ->  Append-only Columnar Scan on web_returns_1_prt_41 web_returns_1_prt_41_1  (cost=0.00..13588.95 rows=329865 width=18)
                                                                                                         ->  Append-only Columnar Scan on web_returns_1_prt_42 web_returns_1_prt_42_1  (cost=0.00..15197.90 rows=368897 width=18)
                                                                                                         ->  Append-only Columnar Scan on web_returns_1_prt_43 web_returns_1_prt_43_1  (cost=0.00..16516.40 rows=401014 width=18)
                                                                                                         ->  Append-only Columnar Scan on web_returns_1_prt_44 web_returns_1_prt_44_1  (cost=0.00..17313.10 rows=420337 width=18)
                                                                                                         ->  Append-only Columnar Scan on web_returns_1_prt_45 web_returns_1_prt_45_1  (cost=0.00..17436.40 rows=423380 width=18)
                                                                                                         ->  Append-only Columnar Scan on web_returns_1_prt_46 web_returns_1_prt_46_1  (cost=0.00..16959.40 rows=411714 width=18)
                                                                                                         ->  Append-only Columnar Scan on web_returns_1_prt_47 web_returns_1_prt_47_1  (cost=0.00..16178.70 rows=392790 width=18)
                                                                                                         ->  Append-only Columnar Scan on web_returns_1_prt_48 web_returns_1_prt_48_1  (cost=0.00..14974.00 rows=363534 width=18)
                                                                                                         ->  Append-only Columnar Scan on web_returns_1_prt_49 web_returns_1_prt_49_1  (cost=0.00..13451.19 rows=326507 width=18)
                                                                                                         ->  Append-only Columnar Scan on web_returns_1_prt_50 web_returns_1_prt_50_1  (cost=0.00..12077.63 rows=293188 width=18)
                                                                                                         ->  Append-only Columnar Scan on web_returns_1_prt_51 web_returns_1_prt_51_1  (cost=0.00..11199.36 rows=271779 width=18)
                                                                                                         ->  Append-only Columnar Scan on web_returns_1_prt_52 web_returns_1_prt_52_1  (cost=0.00..11055.33 rows=268278 width=18)
                                                                                                         ->  Append-only Columnar Scan on web_returns_1_prt_53 web_returns_1_prt_53_1  (cost=0.00..11851.16 rows=287672 width=18)
                                                                                                         ->  Append-only Columnar Scan on web_returns_1_prt_54 web_returns_1_prt_54_1  (cost=0.00..13492.27 rows=327476 width=18)
                                                                                                         ->  Append-only Columnar Scan on web_returns_1_prt_55 web_returns_1_prt_55_1  (cost=0.00..15119.10 rows=367037 width=18)
                                                                                                         ->  Append-only Columnar Scan on web_returns_1_prt_56 web_returns_1_prt_56_1  (cost=0.00..16452.40 rows=399414 width=18)
                                                                                                         ->  Append-only Columnar Scan on web_returns_1_prt_57 web_returns_1_prt_57_1  (cost=0.00..17332.10 rows=420837 width=18)
                                                                                                         ->  Append-only Columnar Scan on web_returns_1_prt_58 web_returns_1_prt_58_1  (cost=0.00..17526.30 rows=425544 width=18)
                                                                                                         ->  Append-only Columnar Scan on web_returns_1_prt_59 web_returns_1_prt_59_1  (cost=0.00..17030.00 rows=413467 width=18)
                                                                                                         ->  Append-only Columnar Scan on web_returns_1_prt_60 web_returns_1_prt_60_1  (cost=0.00..16294.00 rows=395634 width=18)
                                                                                                         ->  Append-only Columnar Scan on web_returns_1_prt_61 web_returns_1_prt_61_1  (cost=0.00..15121.60 rows=367087 width=18)
                                                                                                         ->  Append-only Columnar Scan on web_returns_1_prt_62 web_returns_1_prt_62_1  (cost=0.00..13616.65 rows=330622 width=18)
                                                                                                         ->  Append-only Columnar Scan on web_returns_1_prt_63 web_returns_1_prt_63_1  (cost=0.00..12209.64 rows=296355 width=18)
                                                                                                         ->  Append-only Columnar Scan on web_returns_1_prt_64 web_returns_1_prt_64_1  (cost=0.00..11321.38 rows=274746 width=18)
                                                                                                         ->  Append-only Columnar Scan on web_returns_1_prt_65 web_returns_1_prt_65_1  (cost=0.00..11070.08 rows=268603 width=18)
                                                                                                         ->  Append-only Columnar Scan on web_returns_1_prt_66 web_returns_1_prt_66_1  (cost=0.00..11802.27 rows=286443 width=18)
                                                                                                         ->  Append-only Columnar Scan on web_returns_1_prt_67 web_returns_1_prt_67_1  (cost=0.00..13397.43 rows=325215 width=18)
                                                                                                         ->  Append-only Columnar Scan on web_returns_1_prt_68 web_returns_1_prt_68_1  (cost=0.00..14873.40 rows=361080 width=18)
                                                                                                         ->  Append-only Columnar Scan on web_returns_1_prt_69 web_returns_1_prt_69_1  (cost=0.00..15860.80 rows=385127 width=18)
                                                                                                         ->  Append-only Columnar Scan on web_returns_1_prt_70 web_returns_1_prt_70_1  (cost=0.00..16127.10 rows=391604 width=18)
                                                                                                         ->  Append-only Columnar Scan on web_returns_1_prt_71 web_returns_1_prt_71_1  (cost=0.00..15525.80 rows=376927 width=18)
                                                                                                         ->  Append-only Columnar Scan on web_returns_1_prt_72 web_returns_1_prt_72_1  (cost=0.00..14130.60 rows=342987 width=18)
                                                                                                         ->  Append-only Columnar Scan on web_returns_1_prt_73 web_returns_1_prt_73_1  (cost=0.00..12407.21 rows=301141 width=18)
                                                                                                         ->  Append-only Columnar Scan on web_returns_1_prt_74 web_returns_1_prt_74_1  (cost=0.00..10303.48 rows=250016 width=18)
                                                                                                         ->  Append-only Columnar Scan on web_returns_1_prt_75 web_returns_1_prt_75_1  (cost=0.00..7747.34 rows=187845 width=18)
                                                                                                         ->  Append-only Columnar Scan on web_returns_1_prt_76 web_returns_1_prt_76_1  (cost=0.00..5077.79 rows=123060 width=18)
                                                                                                         ->  Append-only Columnar Scan on web_returns_1_prt_77 web_returns_1_prt_77_1  (cost=0.00..2838.35 rows=68612 width=18)
                                                                                                         ->  Append-only Columnar Scan on web_returns_1_prt_78 web_returns_1_prt_78_1  (cost=0.00..1156.60 rows=27854 width=18)
                                                                                                         ->  Append-only Columnar Scan on web_returns_1_prt_79 web_returns_1_prt_79_1  (cost=0.00..222.03 rows=5201 width=18)
                                                                                                         ->  Append-only Columnar Scan on web_returns_1_prt_80 web_returns_1_prt_80_1  (cost=0.00..28.69 rows=23 width=18)
                                                                                                   ->  Hash  (cost=15716303.47..15716303.47 rows=125541 width=38)
                                                                                                         ->  Redistribute Motion 3:3  (slice16; segments: 3)  (cost=10453.25..15716303.47 rows=125541 width=38)
                                                                                                               Hash Key: web_sales_1_prt_outliers_1.ws_order_number, web_sales_1_prt_outliers_1.ws_item_sk
                                                                                                               ->  Hash Join  (cost=10453.25..15708771.05 rows=125541 width=38)
                                                                                                                     Hash Cond: (web_sales_1_prt_outliers_1.ws_item_sk = item_5.i_item_sk)
                                                                                                                     ->  Hash Join  (cost=1297.42..15673349.01 rows=1200001 width=22)
                                                                                                                           Hash Cond: (web_sales_1_prt_outliers_1.ws_sold_date_sk = date_dim_5.d_date_sk)
                                                                                                                           ->  Append  (cost=0.00..11136051.31 rows=240000015 width=22)
                                                                                                                                 ->  Result  (cost=0.00..2391.21 rows=59974 width=22)
                                                                                                                                       One-Time Filter: PartSelected
                                                                                                                                       ->  Append-only Columnar Scan on web_sales_1_prt_outliers web_sales_1_prt_outliers_1  (cost=0.00..2391.21 rows=59974 width=22)
                                                                                                                                 ->  Result  (cost=0.00..94902.80 rows=2044794 width=22)
                                                                                                                                       One-Time Filter: PartSelected
                                                                                                                                       ->  Append-only Columnar Scan on web_sales_1_prt_2 web_sales_1_prt_2_1  (cost=0.00..94902.80 rows=2044794 width=22)
                                                                                                                                 ->  Result  (cost=0.00..98794.40 rows=2129180 width=22)
                                                                                                                                       One-Time Filter: PartSelected
                                                                                                                                       ->  Append-only Columnar Scan on web_sales_1_prt_3 web_sales_1_prt_3_1  (cost=0.00..98794.40 rows=2129180 width=22)
                                                                                                                                 ->  Result  (cost=0.00..95176.20 rows=2051340 width=22)
                                                                                                                                       One-Time Filter: PartSelected
                                                                                                                                       ->  Append-only Columnar Scan on web_sales_1_prt_4 web_sales_1_prt_4_1  (cost=0.00..95176.20 rows=2051340 width=22)
                                                                                                                                 ->  Result  (cost=0.00..98886.20 rows=2130874 width=22)
                                                                                                                                       One-Time Filter: PartSelected
                                                                                                                                       ->  Append-only Columnar Scan on web_sales_1_prt_5 web_sales_1_prt_5_1  (cost=0.00..98886.20 rows=2130874 width=22)
                                                                                                                                 ->  Result  (cost=0.00..98686.80 rows=2126394 width=22)
                                                                                                                                       One-Time Filter: PartSelected
                                                                                                                                       ->  Append-only Columnar Scan on web_sales_1_prt_6 web_sales_1_prt_6_1  (cost=0.00..98686.80 rows=2126394 width=22)
                                                                                                                                 ->  Result  (cost=0.00..98900.30 rows=2131144 width=22)
                                                                                                                                       One-Time Filter: PartSelected
                                                                                                                                       ->  Append-only Columnar Scan on web_sales_1_prt_7 web_sales_1_prt_7_1  (cost=0.00..98900.30 rows=2131144 width=22)
                                                                                                                                 ->  Result  (cost=0.00..98568.30 rows=2124144 width=22)
                                                                                                                                       One-Time Filter: PartSelected
                                                                                                                                       ->  Append-only Columnar Scan on web_sales_1_prt_8 web_sales_1_prt_8_1  (cost=0.00..98568.30 rows=2124144 width=22)
                                                                                                                                 ->  Result  (cost=0.00..143675.40 rows=3096280 width=22)
                                                                                                                                       One-Time Filter: PartSelected
                                                                                                                                       ->  Append-only Columnar Scan on web_sales_1_prt_9 web_sales_1_prt_9_1  (cost=0.00..143675.40 rows=3096280 width=22)
                                                                                                                                 ->  Result  (cost=0.00..224454.00 rows=4837567 width=22)
                                                                                                                                       One-Time Filter: PartSelected
                                                                                                                                       ->  Append-only Columnar Scan on web_sales_1_prt_10 web_sales_1_prt_10_1  (cost=0.00..224454.00 rows=4837567 width=22)
                                                                                                                                 ->  Result  (cost=0.00..224538.00 rows=4838600 width=22)
                                                                                                                                       One-Time Filter: PartSelected
                                                                                                                                       ->  Append-only Columnar Scan on web_sales_1_prt_11 web_sales_1_prt_11_1  (cost=0.00..224538.00 rows=4838600 width=22)
                                                                                                                                 ->  Result  (cost=0.00..232917.00 rows=5019700 width=22)
                                                                                                                                       One-Time Filter: PartSelected
                                                                                                                                       ->  Append-only Columnar Scan on web_sales_1_prt_12 web_sales_1_prt_12_1  (cost=0.00..232917.00 rows=5019700 width=22)
                                                                                                                                 ->  Result  (cost=0.00..340347.00 rows=7335234 width=22)
                                                                                                                                       One-Time Filter: PartSelected
                                                                                                                                       ->  Append-only Columnar Scan on web_sales_1_prt_13 web_sales_1_prt_13_1  (cost=0.00..340347.00 rows=7335234 width=22)
                                                                                                                                 ->  Result  (cost=0.00..339963.00 rows=7326700 width=22)
                                                                                                                                       One-Time Filter: PartSelected
                                                                                                                                       ->  Append-only Columnar Scan on web_sales_1_prt_14 web_sales_1_prt_14_1  (cost=0.00..339963.00 rows=7326700 width=22)
                                                                                                                                 ->  Result  (cost=0.00..128058.80 rows=2759894 width=22)
                                                                                                                                       One-Time Filter: PartSelected
                                                                                                                                       ->  Append-only Columnar Scan on web_sales_1_prt_15 web_sales_1_prt_15_1  (cost=0.00..128058.80 rows=2759894 width=22)
                                                                                                                                 ->  Result  (cost=0.00..98762.90 rows=2127930 width=22)
                                                                                                                                       One-Time Filter: PartSelected
                                                                                                                                       ->  Append-only Columnar Scan on web_sales_1_prt_16 web_sales_1_prt_16_1  (cost=0.00..98762.90 rows=2127930 width=22)
                                                                                                                                 ->  Result  (cost=0.00..95130.30 rows=2049977 width=22)
                                                                                                                                       One-Time Filter: PartSelected
                                                                                                                                       ->  Append-only Columnar Scan on web_sales_1_prt_17 web_sales_1_prt_17_1  (cost=0.00..95130.30 rows=2049977 width=22)
                                                                                                                                 ->  Result  (cost=0.00..98536.30 rows=2123477 width=22)
                                                                                                                                       One-Time Filter: PartSelected
                                                                                                                                       ->  Append-only Columnar Scan on web_sales_1_prt_18 web_sales_1_prt_18_1  (cost=0.00..98536.30 rows=2123477 width=22)
                                                                                                                                 ->  Result  (cost=0.00..98763.80 rows=2128160 width=22)
                                                                                                                                       One-Time Filter: PartSelected
                                                                                                                                       ->  Append-only Columnar Scan on web_sales_1_prt_19 web_sales_1_prt_19_1  (cost=0.00..98763.80 rows=2128160 width=22)
                                                                                                                                 ->  Result  (cost=0.00..98632.00 rows=2125534 width=22)
                                                                                                                                       One-Time Filter: PartSelected
                                                                                                                                       ->  Append-only Columnar Scan on web_sales_1_prt_20 web_sales_1_prt_20_1  (cost=0.00..98632.00 rows=2125534 width=22)
                                                                                                                                 ->  Result  (cost=0.00..98600.90 rows=2124597 width=22)
                                                                                                                                       One-Time Filter: PartSelected
                                                                                                                                       ->  Append-only Columnar Scan on web_sales_1_prt_21 web_sales_1_prt_21_1  (cost=0.00..98600.90 rows=2124597 width=22)
                                                                                                                                 ->  Result  (cost=0.00..139196.60 rows=2999954 width=22)
                                                                                                                                       One-Time Filter: PartSelected
                                                                                                                                       ->  Append-only Columnar Scan on web_sales_1_prt_22 web_sales_1_prt_22_1  (cost=0.00..139196.60 rows=2999954 width=22)
                                                                                                                                 ->  Result  (cost=0.00..224702.00 rows=4842300 width=22)
                                                                                                                                       One-Time Filter: PartSelected
                                                                                                                                       ->  Append-only Columnar Scan on web_sales_1_prt_23 web_sales_1_prt_23_1  (cost=0.00..224702.00 rows=4842300 width=22)
                                                                                                                                 ->  Result  (cost=0.00..224404.00 rows=4836067 width=22)
                                                                                                                                       One-Time Filter: PartSelected
                                                                                                                                       ->  Append-only Columnar Scan on web_sales_1_prt_24 web_sales_1_prt_24_1  (cost=0.00..224404.00 rows=4836067 width=22)
                                                                                                                                 ->  Result  (cost=0.00..228579.00 rows=4926567 width=22)
                                                                                                                                       One-Time Filter: PartSelected
                                                                                                                                       ->  Append-only Columnar Scan on web_sales_1_prt_25 web_sales_1_prt_25_1  (cost=0.00..228579.00 rows=4926567 width=22)
                                                                                                                                 ->  Result  (cost=0.00..340407.00 rows=7336234 width=22)
                                                                                                                                       One-Time Filter: PartSelected
                                                                                                                                       ->  Append-only Columnar Scan on web_sales_1_prt_26 web_sales_1_prt_26_1  (cost=0.00..340407.00 rows=7336234 width=22)
                                                                                                                                 ->  Result  (cost=0.00..339824.00 rows=7323934 width=22)
                                                                                                                                       One-Time Filter: PartSelected
                                                                                                                                       ->  Append-only Columnar Scan on web_sales_1_prt_27 web_sales_1_prt_27_1  (cost=0.00..339824.00 rows=7323934 width=22)
                                                                                                                                 ->  Result  (cost=0.00..136669.10 rows=2945270 width=22)
                                                                                                                                       One-Time Filter: PartSelected
                                                                                                                                       ->  Append-only Columnar Scan on web_sales_1_prt_28 web_sales_1_prt_28_1  (cost=0.00..136669.10 rows=2945270 width=22)
                                                                                                                                 ->  Result  (cost=0.00..98265.40 rows=2117680 width=22)
                                                                                                                                       One-Time Filter: PartSelected
                                                                                                                                       ->  Append-only Columnar Scan on web_sales_1_prt_29 web_sales_1_prt_29_1  (cost=0.00..98265.40 rows=2117680 width=22)
                                                                                                                                 ->  Result  (cost=0.00..98510.80 rows=2122894 width=22)
                                                                                                                                       One-Time Filter: PartSelected
                                                                                                                                       ->  Append-only Columnar Scan on web_sales_1_prt_30 web_sales_1_prt_30_1  (cost=0.00..98510.80 rows=2122894 width=22)
                                                                                                                                 ->  Result  (cost=0.00..98626.80 rows=2125460 width=22)
                                                                                                                                       One-Time Filter: PartSelected
                                                                                                                                       ->  Append-only Columnar Scan on web_sales_1_prt_31 web_sales_1_prt_31_1  (cost=0.00..98626.80 rows=2125460 width=22)
                                                                                                                                 ->  Result  (cost=0.00..98594.80 rows=2124860 width=22)
                                                                                                                                       One-Time Filter: PartSelected
                                                                                                                                       ->  Append-only Columnar Scan on web_sales_1_prt_32 web_sales_1_prt_32_1  (cost=0.00..98594.80 rows=2124860 width=22)
                                                                                                                                 ->  Result  (cost=0.00..98426.60 rows=2121220 width=22)
                                                                                                                                       One-Time Filter: PartSelected
                                                                                                                                       ->  Append-only Columnar Scan on web_sales_1_prt_33 web_sales_1_prt_33_1  (cost=0.00..98426.60 rows=2121220 width=22)
                                                                                                                                 ->  Result  (cost=0.00..98533.60 rows=2123320 width=22)
                                                                                                                                       One-Time Filter: PartSelected
                                                                                                                                       ->  Append-only Columnar Scan on web_sales_1_prt_34 web_sales_1_prt_34_1  (cost=0.00..98533.60 rows=2123320 width=22)
                                                                                                                                 ->  Result  (cost=0.00..134141.00 rows=2890900 width=22)
                                                                                                                                       One-Time Filter: PartSelected
                                                                                                                                       ->  Append-only Columnar Scan on web_sales_1_prt_35 web_sales_1_prt_35_1  (cost=0.00..134141.00 rows=2890900 width=22)
                                                                                                                                 ->  Result  (cost=0.00..224203.00 rows=4832167 width=22)
                                                                                                                                       One-Time Filter: PartSelected
                                                                                                                                       ->  Append-only Columnar Scan on web_sales_1_prt_36 web_sales_1_prt_36_1  (cost=0.00..224203.00 rows=4832167 width=22)
                                                                                                                                 ->  Result  (cost=0.00..224486.00 rows=4838100 width=22)
                                                                                                                                       One-Time Filter: PartSelected
                                                                                                                                       ->  Append-only Columnar Scan on web_sales_1_prt_37 web_sales_1_prt_37_1  (cost=0.00..224486.00 rows=4838100 width=22)
                                                                                                                                 ->  Result  (cost=0.00..224574.00 rows=4840000 width=22)
                                                                                                                                       One-Time Filter: PartSelected
                                                                                                                                       ->  Append-only Columnar Scan on web_sales_1_prt_38 web_sales_1_prt_38_1  (cost=0.00..224574.00 rows=4840000 width=22)
                                                                                                                                 ->  Result  (cost=0.00..339843.00 rows=7323734 width=22)
                                                                                                                                       One-Time Filter: PartSelected
                                                                                                                                       ->  Append-only Columnar Scan on web_sales_1_prt_39 web_sales_1_prt_39_1  (cost=0.00..339843.00 rows=7323734 width=22)
                                                                                                                                 ->  Result  (cost=0.00..339993.00 rows=7327400 width=22)
                                                                                                                                       One-Time Filter: PartSelected
                                                                                                                                       ->  Append-only Columnar Scan on web_sales_1_prt_40 web_sales_1_prt_40_1  (cost=0.00..339993.00 rows=7327400 width=22)
                                                                                                                                 ->  Result  (cost=0.00..141767.90 rows=3054930 width=22)
                                                                                                                                       One-Time Filter: PartSelected
                                                                                                                                       ->  Append-only Columnar Scan on web_sales_1_prt_41 web_sales_1_prt_41_1  (cost=0.00..141767.90 rows=3054930 width=22)
                                                                                                                                 ->  Result  (cost=0.00..98461.00 rows=2121867 width=22)
                                                                                                                                       One-Time Filter: PartSelected
                                                                                                                                       ->  Append-only Columnar Scan on web_sales_1_prt_42 web_sales_1_prt_42_1  (cost=0.00..98461.00 rows=2121867 width=22)
                                                                                                                                 ->  Result  (cost=0.00..95277.50 rows=2053050 width=22)
                                                                                                                                       One-Time Filter: PartSelected
                                                                                                                                       ->  Append-only Columnar Scan on web_sales_1_prt_43 web_sales_1_prt_43_1  (cost=0.00..95277.50 rows=2053050 width=22)
                                                                                                                                 ->  Result  (cost=0.00..98854.40 rows=2130480 width=22)
                                                                                                                                       One-Time Filter: PartSelected
                                                                                                                                       ->  Append-only Columnar Scan on web_sales_1_prt_44 web_sales_1_prt_44_1  (cost=0.00..98854.40 rows=2130480 width=22)
                                                                                                                                 ->  Result  (cost=0.00..98738.70 rows=2127790 width=22)
                                                                                                                                       One-Time Filter: PartSelected
                                                                                                                                       ->  Append-only Columnar Scan on web_sales_1_prt_45 web_sales_1_prt_45_1  (cost=0.00..98738.70 rows=2127790 width=22)
                                                                                                                                 ->  Result  (cost=0.00..98685.60 rows=2126654 width=22)
                                                                                                                                       One-Time Filter: PartSelected
                                                                                                                                       ->  Append-only Columnar Scan on web_sales_1_prt_46 web_sales_1_prt_46_1  (cost=0.00..98685.60 rows=2126654 width=22)
                                                                                                                                 ->  Result  (cost=0.00..98998.50 rows=2133217 width=22)
                                                                                                                                       One-Time Filter: PartSelected
                                                                                                                                       ->  Append-only Columnar Scan on web_sales_1_prt_47 web_sales_1_prt_47_1  (cost=0.00..98998.50 rows=2133217 width=22)
                                                                                                                                 ->  Result  (cost=0.00..125716.80 rows=2709260 width=22)
                                                                                                                                       One-Time Filter: PartSelected
                                                                                                                                       ->  Append-only Columnar Scan on web_sales_1_prt_48 web_sales_1_prt_48_1  (cost=0.00..125716.80 rows=2709260 width=22)
                                                                                                                                 ->  Result  (cost=0.00..224729.00 rows=4843367 width=22)
                                                                                                                                       One-Time Filter: PartSelected
                                                                                                                                       ->  Append-only Columnar Scan on web_sales_1_prt_49 web_sales_1_prt_49_1  (cost=0.00..224729.00 rows=4843367 width=22)
                                                                                                                                 ->  Result  (cost=0.00..224641.00 rows=4841034 width=22)
                                                                                                                                       One-Time Filter: PartSelected
                                                                                                                                       ->  Append-only Columnar Scan on web_sales_1_prt_50 web_sales_1_prt_50_1  (cost=0.00..224641.00 rows=4841034 width=22)
                                                                                                                                 ->  Result  (cost=0.00..224630.00 rows=4841267 width=22)
                                                                                                                                       One-Time Filter: PartSelected
                                                                                                                                       ->  Append-only Columnar Scan on web_sales_1_prt_51 web_sales_1_prt_51_1  (cost=0.00..224630.00 rows=4841267 width=22)
                                                                                                                                 ->  Result  (cost=0.00..332139.00 rows=7158600 width=22)
                                                                                                                                       One-Time Filter: PartSelected
                                                                                                                                       ->  Append-only Columnar Scan on web_sales_1_prt_52 web_sales_1_prt_52_1  (cost=0.00..332139.00 rows=7158600 width=22)
                                                                                                                                 ->  Result  (cost=0.00..340420.00 rows=7336634 width=22)
                                                                                                                                       One-Time Filter: PartSelected
                                                                                                                                       ->  Append-only Columnar Scan on web_sales_1_prt_53 web_sales_1_prt_53_1  (cost=0.00..340420.00 rows=7336634 width=22)
                                                                                                                                 ->  Result  (cost=0.00..162712.00 rows=3506534 width=22)
                                                                                                                                       One-Time Filter: PartSelected
                                                                                                                                       ->  Append-only Columnar Scan on web_sales_1_prt_54 web_sales_1_prt_54_1  (cost=0.00..162712.00 rows=3506534 width=22)
                                                                                                                                 ->  Result  (cost=0.00..98867.20 rows=2130440 width=22)
                                                                                                                                       One-Time Filter: PartSelected
                                                                                                                                       ->  Append-only Columnar Scan on web_sales_1_prt_55 web_sales_1_prt_55_1  (cost=0.00..98867.20 rows=2130440 width=22)
                                                                                                                                 ->  Result  (cost=0.00..95121.00 rows=2049967 width=22)
                                                                                                                                       One-Time Filter: PartSelected
                                                                                                                                       ->  Append-only Columnar Scan on web_sales_1_prt_56 web_sales_1_prt_56_1  (cost=0.00..95121.00 rows=2049967 width=22)
                                                                                                                                 ->  Result  (cost=0.00..98600.60 rows=2124820 width=22)
                                                                                                                                       One-Time Filter: PartSelected
                                                                                                                                       ->  Append-only Columnar Scan on web_sales_1_prt_57 web_sales_1_prt_57_1  (cost=0.00..98600.60 rows=2124820 width=22)
                                                                                                                                 ->  Result  (cost=0.00..98639.10 rows=2125604 width=22)
                                                                                                                                       One-Time Filter: PartSelected
                                                                                                                                       ->  Append-only Columnar Scan on web_sales_1_prt_58 web_sales_1_prt_58_1  (cost=0.00..98639.10 rows=2125604 width=22)
                                                                                                                                 ->  Result  (cost=0.00..98591.40 rows=2124880 width=22)
                                                                                                                                       One-Time Filter: PartSelected
                                                                                                                                       ->  Append-only Columnar Scan on web_sales_1_prt_59 web_sales_1_prt_59_1  (cost=0.00..98591.40 rows=2124880 width=22)
                                                                                                                                 ->  Result  (cost=0.00..98868.30 rows=2130610 width=22)
                                                                                                                                       One-Time Filter: PartSelected
                                                                                                                                       ->  Append-only Columnar Scan on web_sales_1_prt_60 web_sales_1_prt_60_1  (cost=0.00..98868.30 rows=2130610 width=22)
                                                                                                                                 ->  Result  (cost=0.00..121113.60 rows=2609954 width=22)
                                                                                                                                       One-Time Filter: PartSelected
                                                                                                                                       ->  Append-only Columnar Scan on web_sales_1_prt_61 web_sales_1_prt_61_1  (cost=0.00..121113.60 rows=2609954 width=22)
                                                                                                                                 ->  Result  (cost=0.00..224388.00 rows=4835634 width=22)
                                                                                                                                       One-Time Filter: PartSelected
                                                                                                                                       ->  Append-only Columnar Scan on web_sales_1_prt_62 web_sales_1_prt_62_1  (cost=0.00..224388.00 rows=4835634 width=22)
                                                                                                                                 ->  Result  (cost=0.00..224495.00 rows=4837834 width=22)
                                                                                                                                       One-Time Filter: PartSelected
                                                                                                                                       ->  Append-only Columnar Scan on web_sales_1_prt_63 web_sales_1_prt_63_1  (cost=0.00..224495.00 rows=4837834 width=22)
                                                                                                                                 ->  Result  (cost=0.00..224520.00 rows=4838767 width=22)
                                                                                                                                       One-Time Filter: PartSelected
                                                                                                                                       ->  Append-only Columnar Scan on web_sales_1_prt_64 web_sales_1_prt_64_1  (cost=0.00..224520.00 rows=4838767 width=22)
                                                                                                                                 ->  Result  (cost=0.00..328357.00 rows=7076767 width=22)
                                                                                                                                       One-Time Filter: PartSelected
                                                                                                                                       ->  Append-only Columnar Scan on web_sales_1_prt_65 web_sales_1_prt_65_1  (cost=0.00..328357.00 rows=7076767 width=22)
                                                                                                                                 ->  Result  (cost=0.00..340970.00 rows=7348567 width=22)
                                                                                                                                       One-Time Filter: PartSelected
                                                                                                                                       ->  Append-only Columnar Scan on web_sales_1_prt_66 web_sales_1_prt_66_1  (cost=0.00..340970.00 rows=7348567 width=22)
                                                                                                                                 ->  Result  (cost=0.00..97070.40 rows=2091947 width=22)
                                                                                                                                       One-Time Filter: PartSelected
                                                                                                                                       ->  Append-only Columnar Scan on web_sales_1_prt_67 web_sales_1_prt_67_1  (cost=0.00..97070.40 rows=2091947 width=22)
                                                                                                                                 ->  Result  (cost=0.00..1.00 rows=1 width=30)
                                                                                                                                       One-Time Filter: PartSelected
                                                                                                                                       ->  Append-only Columnar Scan on web_sales_1_prt_68 web_sales_1_prt_68_1  (cost=0.00..1.00 rows=1 width=30)
                                                                                                                                 ->  Result  (cost=0.00..1.00 rows=1 width=30)
                                                                                                                                       One-Time Filter: PartSelected
                                                                                                                                       ->  Append-only Columnar Scan on web_sales_1_prt_69 web_sales_1_prt_69_1  (cost=0.00..1.00 rows=1 width=30)
                                                                                                                                 ->  Result  (cost=0.00..1.00 rows=1 width=30)
                                                                                                                                       One-Time Filter: PartSelected
                                                                                                                                       ->  Append-only Columnar Scan on web_sales_1_prt_70 web_sales_1_prt_70_1  (cost=0.00..1.00 rows=1 width=30)
                                                                                                                                 ->  Result  (cost=0.00..1.00 rows=1 width=30)
                                                                                                                                       One-Time Filter: PartSelected
                                                                                                                                       ->  Append-only Columnar Scan on web_sales_1_prt_71 web_sales_1_prt_71_1  (cost=0.00..1.00 rows=1 width=30)
                                                                                                                                 ->  Result  (cost=0.00..1.00 rows=1 width=30)
                                                                                                                                       One-Time Filter: PartSelected
                                                                                                                                       ->  Append-only Columnar Scan on web_sales_1_prt_72 web_sales_1_prt_72_1  (cost=0.00..1.00 rows=1 width=30)
                                                                                                                                 ->  Result  (cost=0.00..1.00 rows=1 width=30)
                                                                                                                                       One-Time Filter: PartSelected
                                                                                                                                       ->  Append-only Columnar Scan on web_sales_1_prt_73 web_sales_1_prt_73_1  (cost=0.00..1.00 rows=1 width=30)
                                                                                                                                 ->  Result  (cost=0.00..1.00 rows=1 width=30)
                                                                                                                                       One-Time Filter: PartSelected
                                                                                                                                       ->  Append-only Columnar Scan on web_sales_1_prt_74 web_sales_1_prt_74_1  (cost=0.00..1.00 rows=1 width=30)
                                                                                                                                 ->  Result  (cost=0.00..1.00 rows=1 width=30)
                                                                                                                                       One-Time Filter: PartSelected
                                                                                                                                       ->  Append-only Columnar Scan on web_sales_1_prt_75 web_sales_1_prt_75_1  (cost=0.00..1.00 rows=1 width=30)
                                                                                                                                 ->  Result  (cost=0.00..1.00 rows=1 width=30)
                                                                                                                                       One-Time Filter: PartSelected
                                                                                                                                       ->  Append-only Columnar Scan on web_sales_1_prt_76 web_sales_1_prt_76_1  (cost=0.00..1.00 rows=1 width=30)
                                                                                                                                 ->  Result  (cost=0.00..1.00 rows=1 width=30)
                                                                                                                                       One-Time Filter: PartSelected
                                                                                                                                       ->  Append-only Columnar Scan on web_sales_1_prt_77 web_sales_1_prt_77_1  (cost=0.00..1.00 rows=1 width=30)
                                                                                                                                 ->  Result  (cost=0.00..1.00 rows=1 width=30)
                                                                                                                                       One-Time Filter: PartSelected
                                                                                                                                       ->  Append-only Columnar Scan on web_sales_1_prt_78 web_sales_1_prt_78_1  (cost=0.00..1.00 rows=1 width=30)
                                                                                                                                 ->  Result  (cost=0.00..1.00 rows=1 width=30)
                                                                                                                                       One-Time Filter: PartSelected
                                                                                                                                       ->  Append-only Columnar Scan on web_sales_1_prt_79 web_sales_1_prt_79_1  (cost=0.00..1.00 rows=1 width=30)
                                                                                                                                 ->  Result  (cost=0.00..1.00 rows=1 width=30)
                                                                                                                                       One-Time Filter: PartSelected
                                                                                                                                       ->  Append-only Columnar Scan on web_sales_1_prt_80 web_sales_1_prt_80_1  (cost=0.00..1.00 rows=1 width=30)
                                                                                                                           ->  Hash  (cost=1283.72..1283.72 rows=366 width=8)
                                                                                                                                 ->  Partition Selector for web_sales (dynamic scan id: 1)  (cost=0.00..1283.72 rows=366 width=8)
                                                                                                                                       Filter: date_dim_5.d_date_sk
                                                                                                                                       ->  Broadcast Motion 3:3  (slice14; segments: 3)  (cost=0.00..1283.72 rows=366 width=8)
                                                                                                                                             ->  Seq Scan on date_dim date_dim_5  (cost=0.00..1269.11 rows=122 width=8)
                                                                                                                                                   Filter: (d_year = 2001)
                                                                                                                     ->  Hash  (cost=7981.84..7981.84 rows=31307 width=20)
                                                                                                                           ->  Broadcast Motion 3:3  (slice15; segments: 3)  (cost=0.00..7981.84 rows=31307 width=20)
                                                                                                                                 ->  Seq Scan on item item_5  (cost=0.00..6729.59 rows=10436 width=20)
                                                                                                                                       Filter: ((i_category)::text = 'Sports'::text)
 Planning time: 173.238 ms
 Optimizer: legacy query optimizer
(2085 rows)

-- end query 1 in stream 0 using template query75.tpl
