-- start query 1 in stream 0 using template query76.tpl
explain
select  channel, col_name, d_year, d_qoy, i_category, COUNT(*) sales_cnt, SUM(ext_sales_price) sales_amt FROM (
        SELECT 'store' as channel, 'ss_addr_sk' col_name, d_year, d_qoy, i_category, ss_ext_sales_price ext_sales_price
         FROM store_sales, item, date_dim
         WHERE ss_addr_sk IS NULL
           AND ss_sold_date_sk=d_date_sk
           AND ss_item_sk=i_item_sk
        UNION ALL
        SELECT 'web' as channel, 'ws_web_page_sk' col_name, d_year, d_qoy, i_category, ws_ext_sales_price ext_sales_price
         FROM web_sales, item, date_dim
         WHERE ws_web_page_sk IS NULL
           AND ws_sold_date_sk=d_date_sk
           AND ws_item_sk=i_item_sk
        UNION ALL
        SELECT 'catalog' as channel, 'cs_warehouse_sk' col_name, d_year, d_qoy, i_category, cs_ext_sales_price ext_sales_price
         FROM catalog_sales, item, date_dim
         WHERE cs_warehouse_sk IS NULL
           AND cs_sold_date_sk=d_date_sk
           AND cs_item_sk=i_item_sk) foo
GROUP BY channel, col_name, d_year, d_qoy, i_category
ORDER BY channel, col_name, d_year, d_qoy, i_category
limit 100;
                                                                                            QUERY PLAN                                                                                             
---------------------------------------------------------------------------------------------------------------------------------------------------------------------------------------------------
 Limit  (cost=74054674.49..74054676.00 rows=67 width=230)
   ->  Gather Motion 3:1  (slice8; segments: 3)  (cost=74054674.49..74054676.00 rows=67 width=230)
         Merge Key: ('store'::text), ('ss_addr_sk'::text), date_dim.d_year, date_dim.d_qoy, item.i_category
         ->  Limit  (cost=74054674.49..74054674.66 rows=23 width=230)
               ->  Sort  (cost=74054674.49..74054674.66 rows=23 width=230)
                     Sort Key: ('store'::text), ('ss_addr_sk'::text), date_dim.d_year, date_dim.d_qoy, item.i_category
                     ->  GroupAggregate  (cost=74054669.61..74054672.46 rows=23 width=230)
                           Group Key: ('store'::text), ('ss_addr_sk'::text), date_dim.d_year, date_dim.d_qoy, item.i_category
                           ->  Sort  (cost=74054669.61..74054669.78 rows=23 width=230)
                                 Sort Key: ('store'::text), ('ss_addr_sk'::text), date_dim.d_year, date_dim.d_qoy, item.i_category
                                 ->  Redistribute Motion 3:3  (slice7; segments: 3)  (cost=74054664.05..74054667.58 rows=23 width=230)
                                       Hash Key: ('store'::text), ('ss_addr_sk'::text), date_dim.d_year, date_dim.d_qoy, item.i_category
                                       ->  GroupAggregate  (cost=74054664.05..74054666.24 rows=23 width=230)
                                             Group Key: ('store'::text), ('ss_addr_sk'::text), date_dim.d_year, date_dim.d_qoy, item.i_category
                                             ->  Sort  (cost=74054664.05..74054664.22 rows=23 width=84)
                                                   Sort Key: ('store'::text), ('ss_addr_sk'::text), date_dim.d_year, date_dim.d_qoy, item.i_category
                                                   ->  Append  (cost=16469.85..74054661.34 rows=23 width=84)
                                                         ->  Hash Join  (cost=16469.85..40353250.63 rows=9 width=20)
                                                               Hash Cond: (store_sales_1_prt_outliers.ss_item_sk = item.i_item_sk)
                                                               ->  Redistribute Motion 3:3  (slice2; segments: 3)  (cost=6747.79..40343528.20 rows=9 width=18)
                                                                     Hash Key: store_sales_1_prt_outliers.ss_item_sk
                                                                     ->  Hash Join  (cost=6747.79..40343527.66 rows=9 width=18)
                                                                           Hash Cond: (store_sales_1_prt_outliers.ss_sold_date_sk = date_dim.d_date_sk)
                                                                           ->  Append  (cost=0.00..39524635.96 rows=43314328 width=14)
                                                                                 ->  Result  (cost=0.00..1568615.00 rows=21539687 width=14)
                                                                                       One-Time Filter: PartSelected
                                                                                       ->  Append-only Columnar Scan on store_sales_1_prt_outliers  (cost=0.00..1568615.00 rows=21539687 width=14)
                                                                                             Filter: (ss_addr_sk IS NULL)
                                                                                 ->  Result  (cost=0.00..324595.00 rows=178840 width=14)
                                                                                       One-Time Filter: PartSelected
                                                                                       ->  Append-only Columnar Scan on store_sales_1_prt_2  (cost=0.00..324595.00 rows=178840 width=14)
                                                                                             Filter: (ss_addr_sk IS NULL)
                                                                                 ->  Result  (cost=0.00..336211.00 rows=197336 width=14)
                                                                                       One-Time Filter: PartSelected
                                                                                       ->  Append-only Columnar Scan on store_sales_1_prt_3  (cost=0.00..336211.00 rows=197336 width=14)
                                                                                             Filter: (ss_addr_sk IS NULL)
                                                                                 ->  Result  (cost=0.00..324382.00 rows=188396 width=14)
                                                                                       One-Time Filter: PartSelected
                                                                                       ->  Append-only Columnar Scan on store_sales_1_prt_4  (cost=0.00..324382.00 rows=188396 width=14)
                                                                                             Filter: (ss_addr_sk IS NULL)
                                                                                 ->  Result  (cost=0.00..336381.00 rows=185658 width=14)
                                                                                       One-Time Filter: PartSelected
                                                                                       ->  Append-only Columnar Scan on store_sales_1_prt_5  (cost=0.00..336381.00 rows=185658 width=14)
                                                                                             Filter: (ss_addr_sk IS NULL)
                                                                                 ->  Result  (cost=0.00..336417.00 rows=195020 width=14)
                                                                                       One-Time Filter: PartSelected
                                                                                       ->  Append-only Columnar Scan on store_sales_1_prt_6  (cost=0.00..336417.00 rows=195020 width=14)
                                                                                             Filter: (ss_addr_sk IS NULL)
                                                                                 ->  Result  (cost=0.00..336453.00 rows=193142 width=14)
                                                                                       One-Time Filter: PartSelected
                                                                                       ->  Append-only Columnar Scan on store_sales_1_prt_7  (cost=0.00..336453.00 rows=193142 width=14)
                                                                                             Filter: (ss_addr_sk IS NULL)
                                                                                 ->  Result  (cost=0.00..336058.00 rows=193819 width=14)
                                                                                       One-Time Filter: PartSelected
                                                                                       ->  Append-only Columnar Scan on store_sales_1_prt_8  (cost=0.00..336058.00 rows=193819 width=14)
                                                                                             Filter: (ss_addr_sk IS NULL)
                                                                                 ->  Result  (cost=0.00..489738.00 rows=276805 width=14)
                                                                                       One-Time Filter: PartSelected
                                                                                       ->  Append-only Columnar Scan on store_sales_1_prt_9  (cost=0.00..489738.00 rows=276805 width=14)
                                                                                             Filter: (ss_addr_sk IS NULL)
                                                                                 ->  Result  (cost=0.00..765474.00 rows=429385 width=14)
                                                                                       One-Time Filter: PartSelected
                                                                                       ->  Append-only Columnar Scan on store_sales_1_prt_10  (cost=0.00..765474.00 rows=429385 width=14)
                                                                                             Filter: (ss_addr_sk IS NULL)
                                                                                 ->  Result  (cost=0.00..766278.00 rows=438045 width=14)
                                                                                       One-Time Filter: PartSelected
                                                                                       ->  Append-only Columnar Scan on store_sales_1_prt_11  (cost=0.00..766278.00 rows=438045 width=14)
                                                                                             Filter: (ss_addr_sk IS NULL)
                                                                                 ->  Result  (cost=0.00..793967.00 rows=458348 width=14)
                                                                                       One-Time Filter: PartSelected
                                                                                       ->  Append-only Columnar Scan on store_sales_1_prt_12  (cost=0.00..793967.00 rows=458348 width=14)
                                                                                             Filter: (ss_addr_sk IS NULL)
                                                                                 ->  Result  (cost=0.00..1159820.00 rows=697564 width=14)
                                                                                       One-Time Filter: PartSelected
                                                                                       ->  Append-only Columnar Scan on store_sales_1_prt_13  (cost=0.00..1159820.00 rows=697564 width=14)
                                                                                             Filter: (ss_addr_sk IS NULL)
                                                                                 ->  Result  (cost=0.00..1160753.00 rows=673830 width=14)
                                                                                       One-Time Filter: PartSelected
                                                                                       ->  Append-only Columnar Scan on store_sales_1_prt_14  (cost=0.00..1160753.00 rows=673830 width=14)
                                                                                             Filter: (ss_addr_sk IS NULL)
                                                                                 ->  Result  (cost=0.00..436710.00 rows=253919 width=14)
                                                                                       One-Time Filter: PartSelected
                                                                                       ->  Append-only Columnar Scan on store_sales_1_prt_15  (cost=0.00..436710.00 rows=253919 width=14)
                                                                                             Filter: (ss_addr_sk IS NULL)
                                                                                 ->  Result  (cost=0.00..336477.00 rows=197490 width=14)
                                                                                       One-Time Filter: PartSelected
                                                                                       ->  Append-only Columnar Scan on store_sales_1_prt_16  (cost=0.00..336477.00 rows=197490 width=14)
                                                                                             Filter: (ss_addr_sk IS NULL)
                                                                                 ->  Result  (cost=0.00..324706.00 rows=186747 width=14)
                                                                                       One-Time Filter: PartSelected
                                                                                       ->  Append-only Columnar Scan on store_sales_1_prt_17  (cost=0.00..324706.00 rows=186747 width=14)
                                                                                             Filter: (ss_addr_sk IS NULL)
                                                                                 ->  Result  (cost=0.00..336587.00 rows=198668 width=14)
                                                                                       One-Time Filter: PartSelected
                                                                                       ->  Append-only Columnar Scan on store_sales_1_prt_18  (cost=0.00..336587.00 rows=198668 width=14)
                                                                                             Filter: (ss_addr_sk IS NULL)
                                                                                 ->  Result  (cost=0.00..336153.00 rows=183769 width=14)
                                                                                       One-Time Filter: PartSelected
                                                                                       ->  Append-only Columnar Scan on store_sales_1_prt_19  (cost=0.00..336153.00 rows=183769 width=14)
                                                                                             Filter: (ss_addr_sk IS NULL)
                                                                                 ->  Result  (cost=0.00..336736.00 rows=187754 width=14)
                                                                                       One-Time Filter: PartSelected
                                                                                       ->  Append-only Columnar Scan on store_sales_1_prt_20  (cost=0.00..336736.00 rows=187754 width=14)
                                                                                             Filter: (ss_addr_sk IS NULL)
                                                                                 ->  Result  (cost=0.00..336190.00 rows=204439 width=14)
                                                                                       One-Time Filter: PartSelected
                                                                                       ->  Append-only Columnar Scan on store_sales_1_prt_21  (cost=0.00..336190.00 rows=204439 width=14)
                                                                                             Filter: (ss_addr_sk IS NULL)
                                                                                 ->  Result  (cost=0.00..474334.00 rows=266569 width=14)
                                                                                       One-Time Filter: PartSelected
                                                                                       ->  Append-only Columnar Scan on store_sales_1_prt_22  (cost=0.00..474334.00 rows=266569 width=14)
                                                                                             Filter: (ss_addr_sk IS NULL)
                                                                                 ->  Result  (cost=0.00..766084.00 rows=441635 width=14)
                                                                                       One-Time Filter: PartSelected
                                                                                       ->  Append-only Columnar Scan on store_sales_1_prt_23  (cost=0.00..766084.00 rows=441635 width=14)
                                                                                             Filter: (ss_addr_sk IS NULL)
                                                                                 ->  Result  (cost=0.00..765781.00 rows=434678 width=14)
                                                                                       One-Time Filter: PartSelected
                                                                                       ->  Append-only Columnar Scan on store_sales_1_prt_24  (cost=0.00..765781.00 rows=434678 width=14)
                                                                                             Filter: (ss_addr_sk IS NULL)
                                                                                 ->  Result  (cost=0.00..779443.00 rows=429252 width=14)
                                                                                       One-Time Filter: PartSelected
                                                                                       ->  Append-only Columnar Scan on store_sales_1_prt_25  (cost=0.00..779443.00 rows=429252 width=14)
                                                                                             Filter: (ss_addr_sk IS NULL)
                                                                                 ->  Result  (cost=0.00..1160832.00 rows=662388 width=14)
                                                                                       One-Time Filter: PartSelected
                                                                                       ->  Append-only Columnar Scan on store_sales_1_prt_26  (cost=0.00..1160832.00 rows=662388 width=14)
                                                                                             Filter: (ss_addr_sk IS NULL)
                                                                                 ->  Result  (cost=0.00..1160090.00 rows=680921 width=14)
                                                                                       One-Time Filter: PartSelected
                                                                                       ->  Append-only Columnar Scan on store_sales_1_prt_27  (cost=0.00..1160090.00 rows=680921 width=14)
                                                                                             Filter: (ss_addr_sk IS NULL)
                                                                                 ->  Result  (cost=0.00..465893.00 rows=286581 width=14)
                                                                                       One-Time Filter: PartSelected
                                                                                       ->  Append-only Columnar Scan on store_sales_1_prt_28  (cost=0.00..465893.00 rows=286581 width=14)
                                                                                             Filter: (ss_addr_sk IS NULL)
                                                                                 ->  Result  (cost=0.00..335914.00 rows=182557 width=14)
                                                                                       One-Time Filter: PartSelected
                                                                                       ->  Append-only Columnar Scan on store_sales_1_prt_29  (cost=0.00..335914.00 rows=182557 width=14)
                                                                                             Filter: (ss_addr_sk IS NULL)
                                                                                 ->  Result  (cost=0.00..336186.00 rows=194917 width=14)
                                                                                       One-Time Filter: PartSelected
                                                                                       ->  Append-only Columnar Scan on store_sales_1_prt_30  (cost=0.00..336186.00 rows=194917 width=14)
                                                                                             Filter: (ss_addr_sk IS NULL)
                                                                                 ->  Result  (cost=0.00..336014.00 rows=184250 width=14)
                                                                                       One-Time Filter: PartSelected
                                                                                       ->  Append-only Columnar Scan on store_sales_1_prt_31  (cost=0.00..336014.00 rows=184250 width=14)
                                                                                             Filter: (ss_addr_sk IS NULL)
                                                                                 ->  Result  (cost=0.00..335918.00 rows=196081 width=14)
                                                                                       One-Time Filter: PartSelected
                                                                                       ->  Append-only Columnar Scan on store_sales_1_prt_32  (cost=0.00..335918.00 rows=196081 width=14)
                                                                                             Filter: (ss_addr_sk IS NULL)
                                                                                 ->  Result  (cost=0.00..336069.00 rows=182955 width=14)
                                                                                       One-Time Filter: PartSelected
                                                                                       ->  Append-only Columnar Scan on store_sales_1_prt_33  (cost=0.00..336069.00 rows=182955 width=14)
                                                                                             Filter: (ss_addr_sk IS NULL)
                                                                                 ->  Result  (cost=0.00..335472.00 rows=189141 width=14)
                                                                                       One-Time Filter: PartSelected
                                                                                       ->  Append-only Columnar Scan on store_sales_1_prt_34  (cost=0.00..335472.00 rows=189141 width=14)
                                                                                             Filter: (ss_addr_sk IS NULL)
                                                                                 ->  Result  (cost=0.00..457985.00 rows=258159 width=14)
                                                                                       One-Time Filter: PartSelected
                                                                                       ->  Append-only Columnar Scan on store_sales_1_prt_35  (cost=0.00..457985.00 rows=258159 width=14)
                                                                                             Filter: (ss_addr_sk IS NULL)
                                                                                 ->  Result  (cost=0.00..764679.00 rows=424332 width=14)
                                                                                       One-Time Filter: PartSelected
                                                                                       ->  Append-only Columnar Scan on store_sales_1_prt_36  (cost=0.00..764679.00 rows=424332 width=14)
                                                                                             Filter: (ss_addr_sk IS NULL)
                                                                                 ->  Result  (cost=0.00..764030.00 rows=417691 width=14)
                                                                                       One-Time Filter: PartSelected
                                                                                       ->  Append-only Columnar Scan on store_sales_1_prt_37  (cost=0.00..764030.00 rows=417691 width=14)
                                                                                             Filter: (ss_addr_sk IS NULL)
                                                                                 ->  Result  (cost=0.00..764484.00 rows=406244 width=14)
                                                                                       One-Time Filter: PartSelected
                                                                                       ->  Append-only Columnar Scan on store_sales_1_prt_38  (cost=0.00..764484.00 rows=406244 width=14)
                                                                                             Filter: (ss_addr_sk IS NULL)
                                                                                 ->  Result  (cost=0.00..1158198.04 rows=648102 width=14)
                                                                                       One-Time Filter: PartSelected
                                                                                       ->  Append-only Columnar Scan on store_sales_1_prt_39  (cost=0.00..1158198.04 rows=648102 width=14)
                                                                                             Filter: (ss_addr_sk IS NULL)
                                                                                 ->  Result  (cost=0.00..1158199.04 rows=725932 width=14)
                                                                                       One-Time Filter: PartSelected
                                                                                       ->  Append-only Columnar Scan on store_sales_1_prt_40  (cost=0.00..1158199.04 rows=725932 width=14)
                                                                                             Filter: (ss_addr_sk IS NULL)
                                                                                 ->  Result  (cost=0.00..483138.00 rows=282410 width=14)
                                                                                       One-Time Filter: PartSelected
                                                                                       ->  Append-only Columnar Scan on store_sales_1_prt_41  (cost=0.00..483138.00 rows=282410 width=14)
                                                                                             Filter: (ss_addr_sk IS NULL)
                                                                                 ->  Result  (cost=0.00..336559.00 rows=190097 width=14)
                                                                                       One-Time Filter: PartSelected
                                                                                       ->  Append-only Columnar Scan on store_sales_1_prt_42  (cost=0.00..336559.00 rows=190097 width=14)
                                                                                             Filter: (ss_addr_sk IS NULL)
                                                                                 ->  Result  (cost=0.00..324602.00 rows=184249 width=14)
                                                                                       One-Time Filter: PartSelected
                                                                                       ->  Append-only Columnar Scan on store_sales_1_prt_43  (cost=0.00..324602.00 rows=184249 width=14)
                                                                                             Filter: (ss_addr_sk IS NULL)
                                                                                 ->  Result  (cost=0.00..336209.00 rows=180879 width=14)
                                                                                       One-Time Filter: PartSelected
                                                                                       ->  Append-only Columnar Scan on store_sales_1_prt_44  (cost=0.00..336209.00 rows=180879 width=14)
                                                                                             Filter: (ss_addr_sk IS NULL)
                                                                                 ->  Result  (cost=0.00..336313.00 rows=182205 width=14)
                                                                                       One-Time Filter: PartSelected
                                                                                       ->  Append-only Columnar Scan on store_sales_1_prt_45  (cost=0.00..336313.00 rows=182205 width=14)
                                                                                             Filter: (ss_addr_sk IS NULL)
                                                                                 ->  Result  (cost=0.00..336621.00 rows=201100 width=14)
                                                                                       One-Time Filter: PartSelected
                                                                                       ->  Append-only Columnar Scan on store_sales_1_prt_46  (cost=0.00..336621.00 rows=201100 width=14)
                                                                                             Filter: (ss_addr_sk IS NULL)
                                                                                 ->  Result  (cost=0.00..335906.00 rows=188962 width=14)
                                                                                       One-Time Filter: PartSelected
                                                                                       ->  Append-only Columnar Scan on store_sales_1_prt_47  (cost=0.00..335906.00 rows=188962 width=14)
                                                                                             Filter: (ss_addr_sk IS NULL)
                                                                                 ->  Result  (cost=0.00..428657.00 rows=259190 width=14)
                                                                                       One-Time Filter: PartSelected
                                                                                       ->  Append-only Columnar Scan on store_sales_1_prt_48  (cost=0.00..428657.00 rows=259190 width=14)
                                                                                             Filter: (ss_addr_sk IS NULL)
                                                                                 ->  Result  (cost=0.00..766560.00 rows=453636 width=14)
                                                                                       One-Time Filter: PartSelected
                                                                                       ->  Append-only Columnar Scan on store_sales_1_prt_49  (cost=0.00..766560.00 rows=453636 width=14)
                                                                                             Filter: (ss_addr_sk IS NULL)
                                                                                 ->  Result  (cost=0.00..766167.00 rows=441833 width=14)
                                                                                       One-Time Filter: PartSelected
                                                                                       ->  Append-only Columnar Scan on store_sales_1_prt_50  (cost=0.00..766167.00 rows=441833 width=14)
                                                                                             Filter: (ss_addr_sk IS NULL)
                                                                                 ->  Result  (cost=0.00..766196.00 rows=471926 width=14)
                                                                                       One-Time Filter: PartSelected
                                                                                       ->  Append-only Columnar Scan on store_sales_1_prt_51  (cost=0.00..766196.00 rows=471926 width=14)
                                                                                             Filter: (ss_addr_sk IS NULL)
                                                                                 ->  Result  (cost=0.00..1130938.00 rows=596425 width=14)
                                                                                       One-Time Filter: PartSelected
                                                                                       ->  Append-only Columnar Scan on store_sales_1_prt_52  (cost=0.00..1130938.00 rows=596425 width=14)
                                                                                             Filter: (ss_addr_sk IS NULL)
                                                                                 ->  Result  (cost=0.00..1160637.96 rows=660512 width=14)
                                                                                       One-Time Filter: PartSelected
                                                                                       ->  Append-only Columnar Scan on store_sales_1_prt_53  (cost=0.00..1160637.96 rows=660512 width=14)
                                                                                             Filter: (ss_addr_sk IS NULL)
                                                                                 ->  Result  (cost=0.00..555225.00 rows=344217 width=14)
                                                                                       One-Time Filter: PartSelected
                                                                                       ->  Append-only Columnar Scan on store_sales_1_prt_54  (cost=0.00..555225.00 rows=344217 width=14)
                                                                                             Filter: (ss_addr_sk IS NULL)
                                                                                 ->  Result  (cost=0.00..336782.00 rows=190266 width=14)
                                                                                       One-Time Filter: PartSelected
                                                                                       ->  Append-only Columnar Scan on store_sales_1_prt_55  (cost=0.00..336782.00 rows=190266 width=14)
                                                                                             Filter: (ss_addr_sk IS NULL)
                                                                                 ->  Result  (cost=0.00..324454.00 rows=191217 width=14)
                                                                                       One-Time Filter: PartSelected
                                                                                       ->  Append-only Columnar Scan on store_sales_1_prt_56  (cost=0.00..324454.00 rows=191217 width=14)
                                                                                             Filter: (ss_addr_sk IS NULL)
                                                                                 ->  Result  (cost=0.00..336546.00 rows=193468 width=14)
                                                                                       One-Time Filter: PartSelected
                                                                                       ->  Append-only Columnar Scan on store_sales_1_prt_57  (cost=0.00..336546.00 rows=193468 width=14)
                                                                                             Filter: (ss_addr_sk IS NULL)
                                                                                 ->  Result  (cost=0.00..336207.00 rows=199769 width=14)
                                                                                       One-Time Filter: PartSelected
                                                                                       ->  Append-only Columnar Scan on store_sales_1_prt_58  (cost=0.00..336207.00 rows=199769 width=14)
                                                                                             Filter: (ss_addr_sk IS NULL)
                                                                                 ->  Result  (cost=0.00..336578.00 rows=194567 width=14)
                                                                                       One-Time Filter: PartSelected
                                                                                       ->  Append-only Columnar Scan on store_sales_1_prt_59  (cost=0.00..336578.00 rows=194567 width=14)
                                                                                             Filter: (ss_addr_sk IS NULL)
                                                                                 ->  Result  (cost=0.00..336468.00 rows=182860 width=14)
                                                                                       One-Time Filter: PartSelected
                                                                                       ->  Append-only Columnar Scan on store_sales_1_prt_60  (cost=0.00..336468.00 rows=182860 width=14)
                                                                                             Filter: (ss_addr_sk IS NULL)
                                                                                 ->  Result  (cost=0.00..412992.00 rows=242072 width=14)
                                                                                       One-Time Filter: PartSelected
                                                                                       ->  Append-only Columnar Scan on store_sales_1_prt_61  (cost=0.00..412992.00 rows=242072 width=14)
                                                                                             Filter: (ss_addr_sk IS NULL)
                                                                                 ->  Result  (cost=0.00..765709.00 rows=421692 width=14)
                                                                                       One-Time Filter: PartSelected
                                                                                       ->  Append-only Columnar Scan on store_sales_1_prt_62  (cost=0.00..765709.00 rows=421692 width=14)
                                                                                             Filter: (ss_addr_sk IS NULL)
                                                                                 ->  Result  (cost=0.00..766176.00 rows=482396 width=14)
                                                                                       One-Time Filter: PartSelected
                                                                                       ->  Append-only Columnar Scan on store_sales_1_prt_63  (cost=0.00..766176.00 rows=482396 width=14)
                                                                                             Filter: (ss_addr_sk IS NULL)
                                                                                 ->  Result  (cost=0.00..766142.00 rows=429765 width=14)
                                                                                       One-Time Filter: PartSelected
                                                                                       ->  Append-only Columnar Scan on store_sales_1_prt_64  (cost=0.00..766142.00 rows=429765 width=14)
                                                                                             Filter: (ss_addr_sk IS NULL)
                                                                                 ->  Result  (cost=0.00..1117566.96 rows=633880 width=14)
                                                                                       One-Time Filter: PartSelected
                                                                                       ->  Append-only Columnar Scan on store_sales_1_prt_65  (cost=0.00..1117566.96 rows=633880 width=14)
                                                                                             Filter: (ss_addr_sk IS NULL)
                                                                                 ->  Result  (cost=0.00..1159645.96 rows=656257 width=14)
                                                                                       One-Time Filter: PartSelected
                                                                                       ->  Append-only Columnar Scan on store_sales_1_prt_66  (cost=0.00..1159645.96 rows=656257 width=14)
                                                                                             Filter: (ss_addr_sk IS NULL)
                                                                                 ->  Result  (cost=0.00..331321.00 rows=187461 width=14)
                                                                                       One-Time Filter: PartSelected
                                                                                       ->  Append-only Columnar Scan on store_sales_1_prt_67  (cost=0.00..331321.00 rows=187461 width=14)
                                                                                             Filter: (ss_addr_sk IS NULL)
                                                                                 ->  Result  (cost=0.00..1.00 rows=1 width=22)
                                                                                       One-Time Filter: PartSelected
                                                                                       ->  Append-only Columnar Scan on store_sales_1_prt_68  (cost=0.00..1.00 rows=1 width=22)
                                                                                             Filter: (ss_addr_sk IS NULL)
                                                                                 ->  Result  (cost=0.00..1.00 rows=1 width=22)
                                                                                       One-Time Filter: PartSelected
                                                                                       ->  Append-only Columnar Scan on store_sales_1_prt_69  (cost=0.00..1.00 rows=1 width=22)
                                                                                             Filter: (ss_addr_sk IS NULL)
                                                                                 ->  Result  (cost=0.00..1.00 rows=1 width=22)
                                                                                       One-Time Filter: PartSelected
                                                                                       ->  Append-only Columnar Scan on store_sales_1_prt_70  (cost=0.00..1.00 rows=1 width=22)
                                                                                             Filter: (ss_addr_sk IS NULL)
                                                                                 ->  Result  (cost=0.00..1.00 rows=1 width=22)
                                                                                       One-Time Filter: PartSelected
                                                                                       ->  Append-only Columnar Scan on store_sales_1_prt_71  (cost=0.00..1.00 rows=1 width=22)
                                                                                             Filter: (ss_addr_sk IS NULL)
                                                                                 ->  Result  (cost=0.00..1.00 rows=1 width=22)
                                                                                       One-Time Filter: PartSelected
                                                                                       ->  Append-only Columnar Scan on store_sales_1_prt_72  (cost=0.00..1.00 rows=1 width=22)
                                                                                             Filter: (ss_addr_sk IS NULL)
                                                                                 ->  Result  (cost=0.00..1.00 rows=1 width=22)
                                                                                       One-Time Filter: PartSelected
                                                                                       ->  Append-only Columnar Scan on store_sales_1_prt_73  (cost=0.00..1.00 rows=1 width=22)
                                                                                             Filter: (ss_addr_sk IS NULL)
                                                                                 ->  Result  (cost=0.00..1.00 rows=1 width=22)
                                                                                       One-Time Filter: PartSelected
                                                                                       ->  Append-only Columnar Scan on store_sales_1_prt_74  (cost=0.00..1.00 rows=1 width=22)
                                                                                             Filter: (ss_addr_sk IS NULL)
                                                                                 ->  Result  (cost=0.00..1.00 rows=1 width=22)
                                                                                       One-Time Filter: PartSelected
                                                                                       ->  Append-only Columnar Scan on store_sales_1_prt_75  (cost=0.00..1.00 rows=1 width=22)
                                                                                             Filter: (ss_addr_sk IS NULL)
                                                                                 ->  Result  (cost=0.00..1.00 rows=1 width=22)
                                                                                       One-Time Filter: PartSelected
                                                                                       ->  Append-only Columnar Scan on store_sales_1_prt_76  (cost=0.00..1.00 rows=1 width=22)
                                                                                             Filter: (ss_addr_sk IS NULL)
                                                                                 ->  Result  (cost=0.00..1.00 rows=1 width=22)
                                                                                       One-Time Filter: PartSelected
                                                                                       ->  Append-only Columnar Scan on store_sales_1_prt_77  (cost=0.00..1.00 rows=1 width=22)
                                                                                             Filter: (ss_addr_sk IS NULL)
                                                                                 ->  Result  (cost=0.00..1.00 rows=1 width=22)
                                                                                       One-Time Filter: PartSelected
                                                                                       ->  Append-only Columnar Scan on store_sales_1_prt_78  (cost=0.00..1.00 rows=1 width=22)
                                                                                             Filter: (ss_addr_sk IS NULL)
                                                                                 ->  Result  (cost=0.00..1.00 rows=1 width=22)
                                                                                       One-Time Filter: PartSelected
                                                                                       ->  Append-only Columnar Scan on store_sales_1_prt_79  (cost=0.00..1.00 rows=1 width=22)
                                                                                             Filter: (ss_addr_sk IS NULL)
                                                                                 ->  Result  (cost=0.00..1.00 rows=1 width=22)
                                                                                       One-Time Filter: PartSelected
                                                                                       ->  Append-only Columnar Scan on store_sales_1_prt_80  (cost=0.00..1.00 rows=1 width=22)
                                                                                             Filter: (ss_addr_sk IS NULL)
                                                                           ->  Hash  (cost=4008.45..4008.45 rows=73049 width=12)
                                                                                 ->  Partition Selector for store_sales (dynamic scan id: 1)  (cost=0.00..4008.45 rows=73049 width=12)
                                                                                       Filter: date_dim.d_date_sk
                                                                                       ->  Broadcast Motion 3:3  (slice1; segments: 3)  (cost=0.00..4008.45 rows=73049 width=12)
                                                                                             ->  Seq Scan on date_dim  (cost=0.00..1086.49 rows=24350 width=12)
                                                               ->  Hash  (cost=5981.47..5981.47 rows=99749 width=10)
                                                                     ->  Seq Scan on item  (cost=0.00..5981.47 rows=99749 width=10)
                                                         ->  Hash Join  (cost=16469.85..11153704.33 rows=6 width=20)
                                                               Hash Cond: (web_sales_1_prt_outliers.ws_item_sk = item_1.i_item_sk)
                                                               ->  Redistribute Motion 3:3  (slice4; segments: 3)  (cost=6747.79..11143982.03 rows=6 width=18)
                                                                     Hash Key: web_sales_1_prt_outliers.ws_item_sk
                                                                     ->  Hash Join  (cost=6747.79..11143981.68 rows=6 width=18)
                                                                           Hash Cond: (web_sales_1_prt_outliers.ws_sold_date_sk = date_dim_1.d_date_sk)
                                                                           ->  Append  (cost=0.00..11136051.31 rows=63062 width=14)
                                                                                 ->  Result  (cost=0.00..2391.21 rows=30148 width=14)
                                                                                       One-Time Filter: PartSelected
                                                                                       ->  Append-only Columnar Scan on web_sales_1_prt_outliers  (cost=0.00..2391.21 rows=30148 width=14)
                                                                                             Filter: (ws_web_page_sk IS NULL)
                                                                                 ->  Result  (cost=0.00..94902.80 rows=69 width=14)
                                                                                       One-Time Filter: PartSelected
                                                                                       ->  Append-only Columnar Scan on web_sales_1_prt_2  (cost=0.00..94902.80 rows=69 width=14)
                                                                                             Filter: (ws_web_page_sk IS NULL)
                                                                                 ->  Result  (cost=0.00..98794.40 rows=1 width=14)
                                                                                       One-Time Filter: PartSelected
                                                                                       ->  Append-only Columnar Scan on web_sales_1_prt_3  (cost=0.00..98794.40 rows=1 width=14)
                                                                                             Filter: (ws_web_page_sk IS NULL)
                                                                                 ->  Result  (cost=0.00..95176.20 rows=206 width=14)
                                                                                       One-Time Filter: PartSelected
                                                                                       ->  Append-only Columnar Scan on web_sales_1_prt_4  (cost=0.00..95176.20 rows=206 width=14)
                                                                                             Filter: (ws_web_page_sk IS NULL)
                                                                                 ->  Result  (cost=0.00..98886.20 rows=499 width=14)
                                                                                       One-Time Filter: PartSelected
                                                                                       ->  Append-only Columnar Scan on web_sales_1_prt_5  (cost=0.00..98886.20 rows=499 width=14)
                                                                                             Filter: (ws_web_page_sk IS NULL)
                                                                                 ->  Result  (cost=0.00..98686.80 rows=355 width=14)
                                                                                       One-Time Filter: PartSelected
                                                                                       ->  Append-only Columnar Scan on web_sales_1_prt_6  (cost=0.00..98686.80 rows=355 width=14)
                                                                                             Filter: (ws_web_page_sk IS NULL)
                                                                                 ->  Result  (cost=0.00..98900.30 rows=144 width=14)
                                                                                       One-Time Filter: PartSelected
                                                                                       ->  Append-only Columnar Scan on web_sales_1_prt_7  (cost=0.00..98900.30 rows=144 width=14)
                                                                                             Filter: (ws_web_page_sk IS NULL)
                                                                                 ->  Result  (cost=0.00..98568.30 rows=215 width=14)
                                                                                       One-Time Filter: PartSelected
                                                                                       ->  Append-only Columnar Scan on web_sales_1_prt_8  (cost=0.00..98568.30 rows=215 width=14)
                                                                                             Filter: (ws_web_page_sk IS NULL)
                                                                                 ->  Result  (cost=0.00..143675.40 rows=626 width=14)
                                                                                       One-Time Filter: PartSelected
                                                                                       ->  Append-only Columnar Scan on web_sales_1_prt_9  (cost=0.00..143675.40 rows=626 width=14)
                                                                                             Filter: (ws_web_page_sk IS NULL)
                                                                                 ->  Result  (cost=0.00..224454.00 rows=1141 width=14)
                                                                                       One-Time Filter: PartSelected
                                                                                       ->  Append-only Columnar Scan on web_sales_1_prt_10  (cost=0.00..224454.00 rows=1141 width=14)
                                                                                             Filter: (ws_web_page_sk IS NULL)
                                                                                 ->  Result  (cost=0.00..224538.00 rows=487 width=14)
                                                                                       One-Time Filter: PartSelected
                                                                                       ->  Append-only Columnar Scan on web_sales_1_prt_11  (cost=0.00..224538.00 rows=487 width=14)
                                                                                             Filter: (ws_web_page_sk IS NULL)
                                                                                 ->  Result  (cost=0.00..232917.00 rows=336 width=14)
                                                                                       One-Time Filter: PartSelected
                                                                                       ->  Append-only Columnar Scan on web_sales_1_prt_12  (cost=0.00..232917.00 rows=336 width=14)
                                                                                             Filter: (ws_web_page_sk IS NULL)
                                                                                 ->  Result  (cost=0.00..340347.00 rows=741 width=14)
                                                                                       One-Time Filter: PartSelected
                                                                                       ->  Append-only Columnar Scan on web_sales_1_prt_13  (cost=0.00..340347.00 rows=741 width=14)
                                                                                             Filter: (ws_web_page_sk IS NULL)
                                                                                 ->  Result  (cost=0.00..339963.00 rows=733 width=14)
                                                                                       One-Time Filter: PartSelected
                                                                                       ->  Append-only Columnar Scan on web_sales_1_prt_14  (cost=0.00..339963.00 rows=733 width=14)
                                                                                             Filter: (ws_web_page_sk IS NULL)
                                                                                 ->  Result  (cost=0.00..128058.80 rows=736 width=14)
                                                                                       One-Time Filter: PartSelected
                                                                                       ->  Append-only Columnar Scan on web_sales_1_prt_15  (cost=0.00..128058.80 rows=736 width=14)
                                                                                             Filter: (ws_web_page_sk IS NULL)
                                                                                 ->  Result  (cost=0.00..98762.90 rows=426 width=14)
                                                                                       One-Time Filter: PartSelected
                                                                                       ->  Append-only Columnar Scan on web_sales_1_prt_16  (cost=0.00..98762.90 rows=426 width=14)
                                                                                             Filter: (ws_web_page_sk IS NULL)
                                                                                 ->  Result  (cost=0.00..95130.30 rows=205 width=14)
                                                                                       One-Time Filter: PartSelected
                                                                                       ->  Append-only Columnar Scan on web_sales_1_prt_17  (cost=0.00..95130.30 rows=205 width=14)
                                                                                             Filter: (ws_web_page_sk IS NULL)
                                                                                 ->  Result  (cost=0.00..98536.30 rows=143 width=14)
                                                                                       One-Time Filter: PartSelected
                                                                                       ->  Append-only Columnar Scan on web_sales_1_prt_18  (cost=0.00..98536.30 rows=143 width=14)
                                                                                             Filter: (ws_web_page_sk IS NULL)
                                                                                 ->  Result  (cost=0.00..98763.80 rows=357 width=14)
                                                                                       One-Time Filter: PartSelected
                                                                                       ->  Append-only Columnar Scan on web_sales_1_prt_19  (cost=0.00..98763.80 rows=357 width=14)
                                                                                             Filter: (ws_web_page_sk IS NULL)
                                                                                 ->  Result  (cost=0.00..98632.00 rows=284 width=14)
                                                                                       One-Time Filter: PartSelected
                                                                                       ->  Append-only Columnar Scan on web_sales_1_prt_20  (cost=0.00..98632.00 rows=284 width=14)
                                                                                             Filter: (ws_web_page_sk IS NULL)
                                                                                 ->  Result  (cost=0.00..98600.90 rows=214 width=14)
                                                                                       One-Time Filter: PartSelected
                                                                                       ->  Append-only Columnar Scan on web_sales_1_prt_21  (cost=0.00..98600.90 rows=214 width=14)
                                                                                             Filter: (ws_web_page_sk IS NULL)
                                                                                 ->  Result  (cost=0.00..139196.60 rows=400 width=14)
                                                                                       One-Time Filter: PartSelected
                                                                                       ->  Append-only Columnar Scan on web_sales_1_prt_22  (cost=0.00..139196.60 rows=400 width=14)
                                                                                             Filter: (ws_web_page_sk IS NULL)
                                                                                 ->  Result  (cost=0.00..224702.00 rows=646 width=14)
                                                                                       One-Time Filter: PartSelected
                                                                                       ->  Append-only Columnar Scan on web_sales_1_prt_23  (cost=0.00..224702.00 rows=646 width=14)
                                                                                             Filter: (ws_web_page_sk IS NULL)
                                                                                 ->  Result  (cost=0.00..224404.00 rows=162 width=14)
                                                                                       One-Time Filter: PartSelected
                                                                                       ->  Append-only Columnar Scan on web_sales_1_prt_24  (cost=0.00..224404.00 rows=162 width=14)
                                                                                             Filter: (ws_web_page_sk IS NULL)
                                                                                 ->  Result  (cost=0.00..228579.00 rows=822 width=14)
                                                                                       One-Time Filter: PartSelected
                                                                                       ->  Append-only Columnar Scan on web_sales_1_prt_25  (cost=0.00..228579.00 rows=822 width=14)
                                                                                             Filter: (ws_web_page_sk IS NULL)
                                                                                 ->  Result  (cost=0.00..340407.00 rows=734 width=14)
                                                                                       One-Time Filter: PartSelected
                                                                                       ->  Append-only Columnar Scan on web_sales_1_prt_26  (cost=0.00..340407.00 rows=734 width=14)
                                                                                             Filter: (ws_web_page_sk IS NULL)
                                                                                 ->  Result  (cost=0.00..339824.00 rows=733 width=14)
                                                                                       One-Time Filter: PartSelected
                                                                                       ->  Append-only Columnar Scan on web_sales_1_prt_27  (cost=0.00..339824.00 rows=733 width=14)
                                                                                             Filter: (ws_web_page_sk IS NULL)
                                                                                 ->  Result  (cost=0.00..136669.10 rows=295 width=14)
                                                                                       One-Time Filter: PartSelected
                                                                                       ->  Append-only Columnar Scan on web_sales_1_prt_28  (cost=0.00..136669.10 rows=295 width=14)
                                                                                             Filter: (ws_web_page_sk IS NULL)
                                                                                 ->  Result  (cost=0.00..98265.40 rows=142 width=14)
                                                                                       One-Time Filter: PartSelected
                                                                                       ->  Append-only Columnar Scan on web_sales_1_prt_29  (cost=0.00..98265.40 rows=142 width=14)
                                                                                             Filter: (ws_web_page_sk IS NULL)
                                                                                 ->  Result  (cost=0.00..98510.80 rows=286 width=14)
                                                                                       One-Time Filter: PartSelected
                                                                                       ->  Append-only Columnar Scan on web_sales_1_prt_30  (cost=0.00..98510.80 rows=286 width=14)
                                                                                             Filter: (ws_web_page_sk IS NULL)
                                                                                 ->  Result  (cost=0.00..98626.80 rows=286 width=14)
                                                                                       One-Time Filter: PartSelected
                                                                                       ->  Append-only Columnar Scan on web_sales_1_prt_31  (cost=0.00..98626.80 rows=286 width=14)
                                                                                             Filter: (ws_web_page_sk IS NULL)
                                                                                 ->  Result  (cost=0.00..98594.80 rows=213 width=14)
                                                                                       One-Time Filter: PartSelected
                                                                                       ->  Append-only Columnar Scan on web_sales_1_prt_32  (cost=0.00..98594.80 rows=213 width=14)
                                                                                             Filter: (ws_web_page_sk IS NULL)
                                                                                 ->  Result  (cost=0.00..98426.60 rows=428 width=14)
                                                                                       One-Time Filter: PartSelected
                                                                                       ->  Append-only Columnar Scan on web_sales_1_prt_33  (cost=0.00..98426.60 rows=428 width=14)
                                                                                             Filter: (ws_web_page_sk IS NULL)
                                                                                 ->  Result  (cost=0.00..98533.60 rows=287 width=14)
                                                                                       One-Time Filter: PartSelected
                                                                                       ->  Append-only Columnar Scan on web_sales_1_prt_34  (cost=0.00..98533.60 rows=287 width=14)
                                                                                             Filter: (ws_web_page_sk IS NULL)
                                                                                 ->  Result  (cost=0.00..134141.00 rows=675 width=14)
                                                                                       One-Time Filter: PartSelected
                                                                                       ->  Append-only Columnar Scan on web_sales_1_prt_35  (cost=0.00..134141.00 rows=675 width=14)
                                                                                             Filter: (ws_web_page_sk IS NULL)
                                                                                 ->  Result  (cost=0.00..224203.00 rows=484 width=14)
                                                                                       One-Time Filter: PartSelected
                                                                                       ->  Append-only Columnar Scan on web_sales_1_prt_36  (cost=0.00..224203.00 rows=484 width=14)
                                                                                             Filter: (ws_web_page_sk IS NULL)
                                                                                 ->  Result  (cost=0.00..224486.00 rows=650 width=14)
                                                                                       One-Time Filter: PartSelected
                                                                                       ->  Append-only Columnar Scan on web_sales_1_prt_37  (cost=0.00..224486.00 rows=650 width=14)
                                                                                             Filter: (ws_web_page_sk IS NULL)
                                                                                 ->  Result  (cost=0.00..224574.00 rows=968 width=14)
                                                                                       One-Time Filter: PartSelected
                                                                                       ->  Append-only Columnar Scan on web_sales_1_prt_38  (cost=0.00..224574.00 rows=968 width=14)
                                                                                             Filter: (ws_web_page_sk IS NULL)
                                                                                 ->  Result  (cost=0.00..339843.00 rows=1465 width=14)
                                                                                       One-Time Filter: PartSelected
                                                                                       ->  Append-only Columnar Scan on web_sales_1_prt_39  (cost=0.00..339843.00 rows=1465 width=14)
                                                                                             Filter: (ws_web_page_sk IS NULL)
                                                                                 ->  Result  (cost=0.00..339993.00 rows=980 width=14)
                                                                                       One-Time Filter: PartSelected
                                                                                       ->  Append-only Columnar Scan on web_sales_1_prt_40  (cost=0.00..339993.00 rows=980 width=14)
                                                                                             Filter: (ws_web_page_sk IS NULL)
                                                                                 ->  Result  (cost=0.00..141767.90 rows=306 width=14)
                                                                                       One-Time Filter: PartSelected
                                                                                       ->  Append-only Columnar Scan on web_sales_1_prt_41  (cost=0.00..141767.90 rows=306 width=14)
                                                                                             Filter: (ws_web_page_sk IS NULL)
                                                                                 ->  Result  (cost=0.00..98461.00 rows=498 width=14)
                                                                                       One-Time Filter: PartSelected
                                                                                       ->  Append-only Columnar Scan on web_sales_1_prt_42  (cost=0.00..98461.00 rows=498 width=14)
                                                                                             Filter: (ws_web_page_sk IS NULL)
                                                                                 ->  Result  (cost=0.00..95277.50 rows=206 width=14)
                                                                                       One-Time Filter: PartSelected
                                                                                       ->  Append-only Columnar Scan on web_sales_1_prt_43  (cost=0.00..95277.50 rows=206 width=14)
                                                                                             Filter: (ws_web_page_sk IS NULL)
                                                                                 ->  Result  (cost=0.00..98854.40 rows=500 width=14)
                                                                                       One-Time Filter: PartSelected
                                                                                       ->  Append-only Columnar Scan on web_sales_1_prt_44  (cost=0.00..98854.40 rows=500 width=14)
                                                                                             Filter: (ws_web_page_sk IS NULL)
                                                                                 ->  Result  (cost=0.00..98738.70 rows=497 width=14)
                                                                                       One-Time Filter: PartSelected
                                                                                       ->  Append-only Columnar Scan on web_sales_1_prt_45  (cost=0.00..98738.70 rows=497 width=14)
                                                                                             Filter: (ws_web_page_sk IS NULL)
                                                                                 ->  Result  (cost=0.00..98685.60 rows=428 width=14)
                                                                                       One-Time Filter: PartSelected
                                                                                       ->  Append-only Columnar Scan on web_sales_1_prt_46  (cost=0.00..98685.60 rows=428 width=14)
                                                                                             Filter: (ws_web_page_sk IS NULL)
                                                                                 ->  Result  (cost=0.00..98998.50 rows=143 width=14)
                                                                                       One-Time Filter: PartSelected
                                                                                       ->  Append-only Columnar Scan on web_sales_1_prt_47  (cost=0.00..98998.50 rows=143 width=14)
                                                                                             Filter: (ws_web_page_sk IS NULL)
                                                                                 ->  Result  (cost=0.00..125716.80 rows=271 width=14)
                                                                                       One-Time Filter: PartSelected
                                                                                       ->  Append-only Columnar Scan on web_sales_1_prt_48  (cost=0.00..125716.80 rows=271 width=14)
                                                                                             Filter: (ws_web_page_sk IS NULL)
                                                                                 ->  Result  (cost=0.00..224729.00 rows=1131 width=14)
                                                                                       One-Time Filter: PartSelected
                                                                                       ->  Append-only Columnar Scan on web_sales_1_prt_49  (cost=0.00..224729.00 rows=1131 width=14)
                                                                                             Filter: (ws_web_page_sk IS NULL)
                                                                                 ->  Result  (cost=0.00..224641.00 rows=485 width=14)
                                                                                       One-Time Filter: PartSelected
                                                                                       ->  Append-only Columnar Scan on web_sales_1_prt_50  (cost=0.00..224641.00 rows=485 width=14)
                                                                                             Filter: (ws_web_page_sk IS NULL)
                                                                                 ->  Result  (cost=0.00..224630.00 rows=812 width=14)
                                                                                       One-Time Filter: PartSelected
                                                                                       ->  Append-only Columnar Scan on web_sales_1_prt_51  (cost=0.00..224630.00 rows=812 width=14)
                                                                                             Filter: (ws_web_page_sk IS NULL)
                                                                                 ->  Result  (cost=0.00..332139.00 rows=955 width=14)
                                                                                       One-Time Filter: PartSelected
                                                                                       ->  Append-only Columnar Scan on web_sales_1_prt_52  (cost=0.00..332139.00 rows=955 width=14)
                                                                                             Filter: (ws_web_page_sk IS NULL)
                                                                                 ->  Result  (cost=0.00..340420.00 rows=490 width=14)
                                                                                       One-Time Filter: PartSelected
                                                                                       ->  Append-only Columnar Scan on web_sales_1_prt_53  (cost=0.00..340420.00 rows=490 width=14)
                                                                                             Filter: (ws_web_page_sk IS NULL)
                                                                                 ->  Result  (cost=0.00..162712.00 rows=947 width=14)
                                                                                       One-Time Filter: PartSelected
                                                                                       ->  Append-only Columnar Scan on web_sales_1_prt_54  (cost=0.00..162712.00 rows=947 width=14)
                                                                                             Filter: (ws_web_page_sk IS NULL)
                                                                                 ->  Result  (cost=0.00..98867.20 rows=214 width=14)
                                                                                       One-Time Filter: PartSelected
                                                                                       ->  Append-only Columnar Scan on web_sales_1_prt_55  (cost=0.00..98867.20 rows=214 width=14)
                                                                                             Filter: (ws_web_page_sk IS NULL)
                                                                                 ->  Result  (cost=0.00..95121.00 rows=342 width=14)
                                                                                       One-Time Filter: PartSelected
                                                                                       ->  Append-only Columnar Scan on web_sales_1_prt_56  (cost=0.00..95121.00 rows=342 width=14)
                                                                                             Filter: (ws_web_page_sk IS NULL)
                                                                                 ->  Result  (cost=0.00..98600.60 rows=496 width=14)
                                                                                       One-Time Filter: PartSelected
                                                                                       ->  Append-only Columnar Scan on web_sales_1_prt_57  (cost=0.00..98600.60 rows=496 width=14)
                                                                                             Filter: (ws_web_page_sk IS NULL)
                                                                                 ->  Result  (cost=0.00..98639.10 rows=214 width=14)
                                                                                       One-Time Filter: PartSelected
                                                                                       ->  Append-only Columnar Scan on web_sales_1_prt_58  (cost=0.00..98639.10 rows=214 width=14)
                                                                                             Filter: (ws_web_page_sk IS NULL)
                                                                                 ->  Result  (cost=0.00..98591.40 rows=72 width=14)
                                                                                       One-Time Filter: PartSelected
                                                                                       ->  Append-only Columnar Scan on web_sales_1_prt_59  (cost=0.00..98591.40 rows=72 width=14)
                                                                                             Filter: (ws_web_page_sk IS NULL)
                                                                                 ->  Result  (cost=0.00..98868.30 rows=356 width=14)
                                                                                       One-Time Filter: PartSelected
                                                                                       ->  Append-only Columnar Scan on web_sales_1_prt_60  (cost=0.00..98868.30 rows=356 width=14)
                                                                                             Filter: (ws_web_page_sk IS NULL)
                                                                                 ->  Result  (cost=0.00..121113.60 rows=613 width=14)
                                                                                       One-Time Filter: PartSelected
                                                                                       ->  Append-only Columnar Scan on web_sales_1_prt_61  (cost=0.00..121113.60 rows=613 width=14)
                                                                                             Filter: (ws_web_page_sk IS NULL)
                                                                                 ->  Result  (cost=0.00..224388.00 rows=645 width=14)
                                                                                       One-Time Filter: PartSelected
                                                                                       ->  Append-only Columnar Scan on web_sales_1_prt_62  (cost=0.00..224388.00 rows=645 width=14)
                                                                                             Filter: (ws_web_page_sk IS NULL)
                                                                                 ->  Result  (cost=0.00..224495.00 rows=807 width=14)
                                                                                       One-Time Filter: PartSelected
                                                                                       ->  Append-only Columnar Scan on web_sales_1_prt_63  (cost=0.00..224495.00 rows=807 width=14)
                                                                                             Filter: (ws_web_page_sk IS NULL)
                                                                                 ->  Result  (cost=0.00..224520.00 rows=485 width=14)
                                                                                       One-Time Filter: PartSelected
                                                                                       ->  Append-only Columnar Scan on web_sales_1_prt_64  (cost=0.00..224520.00 rows=485 width=14)
                                                                                             Filter: (ws_web_page_sk IS NULL)
                                                                                 ->  Result  (cost=0.00..328357.00 rows=949 width=14)
                                                                                       One-Time Filter: PartSelected
                                                                                       ->  Append-only Columnar Scan on web_sales_1_prt_65  (cost=0.00..328357.00 rows=949 width=14)
                                                                                             Filter: (ws_web_page_sk IS NULL)
                                                                                 ->  Result  (cost=0.00..340970.00 rows=1227 width=14)
                                                                                       One-Time Filter: PartSelected
                                                                                       ->  Append-only Columnar Scan on web_sales_1_prt_66  (cost=0.00..340970.00 rows=1227 width=14)
                                                                                             Filter: (ws_web_page_sk IS NULL)
                                                                                 ->  Result  (cost=0.00..97070.40 rows=283 width=14)
                                                                                       One-Time Filter: PartSelected
                                                                                       ->  Append-only Columnar Scan on web_sales_1_prt_67  (cost=0.00..97070.40 rows=283 width=14)
                                                                                             Filter: (ws_web_page_sk IS NULL)
                                                                                 ->  Result  (cost=0.00..1.00 rows=1 width=22)
                                                                                       One-Time Filter: PartSelected
                                                                                       ->  Append-only Columnar Scan on web_sales_1_prt_68  (cost=0.00..1.00 rows=1 width=22)
                                                                                             Filter: (ws_web_page_sk IS NULL)
                                                                                 ->  Result  (cost=0.00..1.00 rows=1 width=22)
                                                                                       One-Time Filter: PartSelected
                                                                                       ->  Append-only Columnar Scan on web_sales_1_prt_69  (cost=0.00..1.00 rows=1 width=22)
                                                                                             Filter: (ws_web_page_sk IS NULL)
                                                                                 ->  Result  (cost=0.00..1.00 rows=1 width=22)
                                                                                       One-Time Filter: PartSelected
                                                                                       ->  Append-only Columnar Scan on web_sales_1_prt_70  (cost=0.00..1.00 rows=1 width=22)
                                                                                             Filter: (ws_web_page_sk IS NULL)
                                                                                 ->  Result  (cost=0.00..1.00 rows=1 width=22)
                                                                                       One-Time Filter: PartSelected
                                                                                       ->  Append-only Columnar Scan on web_sales_1_prt_71  (cost=0.00..1.00 rows=1 width=22)
                                                                                             Filter: (ws_web_page_sk IS NULL)
                                                                                 ->  Result  (cost=0.00..1.00 rows=1 width=22)
                                                                                       One-Time Filter: PartSelected
                                                                                       ->  Append-only Columnar Scan on web_sales_1_prt_72  (cost=0.00..1.00 rows=1 width=22)
                                                                                             Filter: (ws_web_page_sk IS NULL)
                                                                                 ->  Result  (cost=0.00..1.00 rows=1 width=22)
                                                                                       One-Time Filter: PartSelected
                                                                                       ->  Append-only Columnar Scan on web_sales_1_prt_73  (cost=0.00..1.00 rows=1 width=22)
                                                                                             Filter: (ws_web_page_sk IS NULL)
                                                                                 ->  Result  (cost=0.00..1.00 rows=1 width=22)
                                                                                       One-Time Filter: PartSelected
                                                                                       ->  Append-only Columnar Scan on web_sales_1_prt_74  (cost=0.00..1.00 rows=1 width=22)
                                                                                             Filter: (ws_web_page_sk IS NULL)
                                                                                 ->  Result  (cost=0.00..1.00 rows=1 width=22)
                                                                                       One-Time Filter: PartSelected
                                                                                       ->  Append-only Columnar Scan on web_sales_1_prt_75  (cost=0.00..1.00 rows=1 width=22)
                                                                                             Filter: (ws_web_page_sk IS NULL)
                                                                                 ->  Result  (cost=0.00..1.00 rows=1 width=22)
                                                                                       One-Time Filter: PartSelected
                                                                                       ->  Append-only Columnar Scan on web_sales_1_prt_76  (cost=0.00..1.00 rows=1 width=22)
                                                                                             Filter: (ws_web_page_sk IS NULL)
                                                                                 ->  Result  (cost=0.00..1.00 rows=1 width=22)
                                                                                       One-Time Filter: PartSelected
                                                                                       ->  Append-only Columnar Scan on web_sales_1_prt_77  (cost=0.00..1.00 rows=1 width=22)
                                                                                             Filter: (ws_web_page_sk IS NULL)
                                                                                 ->  Result  (cost=0.00..1.00 rows=1 width=22)
                                                                                       One-Time Filter: PartSelected
                                                                                       ->  Append-only Columnar Scan on web_sales_1_prt_78  (cost=0.00..1.00 rows=1 width=22)
                                                                                             Filter: (ws_web_page_sk IS NULL)
                                                                                 ->  Result  (cost=0.00..1.00 rows=1 width=22)
                                                                                       One-Time Filter: PartSelected
                                                                                       ->  Append-only Columnar Scan on web_sales_1_prt_79  (cost=0.00..1.00 rows=1 width=22)
                                                                                             Filter: (ws_web_page_sk IS NULL)
                                                                                 ->  Result  (cost=0.00..1.00 rows=1 width=22)
                                                                                       One-Time Filter: PartSelected
                                                                                       ->  Append-only Columnar Scan on web_sales_1_prt_80  (cost=0.00..1.00 rows=1 width=22)
                                                                                             Filter: (ws_web_page_sk IS NULL)
                                                                           ->  Hash  (cost=4008.45..4008.45 rows=73049 width=12)
                                                                                 ->  Partition Selector for web_sales (dynamic scan id: 1)  (cost=0.00..4008.45 rows=73049 width=12)
                                                                                       Filter: date_dim_1.d_date_sk
                                                                                       ->  Broadcast Motion 3:3  (slice3; segments: 3)  (cost=0.00..4008.45 rows=73049 width=12)
                                                                                             ->  Seq Scan on date_dim date_dim_1  (cost=0.00..1086.49 rows=24350 width=12)
                                                               ->  Hash  (cost=5981.47..5981.47 rows=99749 width=10)
                                                                     ->  Seq Scan on item item_1  (cost=0.00..5981.47 rows=99749 width=10)
                                                         ->  Hash Join  (cost=16469.85..22547705.71 rows=8 width=20)
                                                               Hash Cond: (catalog_sales_1_prt_outliers.cs_item_sk = item_2.i_item_sk)
                                                               ->  Redistribute Motion 3:3  (slice6; segments: 3)  (cost=6747.79..22537983.34 rows=8 width=18)
                                                                     Hash Key: catalog_sales_1_prt_outliers.cs_item_sk
                                                                     ->  Hash Join  (cost=6747.79..22537982.88 rows=8 width=18)
                                                                           Hash Cond: (catalog_sales_1_prt_outliers.cs_sold_date_sk = date_dim_2.d_date_sk)
                                                                           ->  Append  (cost=0.00..22485412.30 rows=2443871 width=14)
                                                                                 ->  Result  (cost=0.00..95971.30 rows=1206239 width=14)
                                                                                       One-Time Filter: PartSelected
                                                                                       ->  Append-only Columnar Scan on catalog_sales_1_prt_outliers  (cost=0.00..95971.30 rows=1206239 width=14)
                                                                                             Filter: (cs_warehouse_sk IS NULL)
                                                                                 ->  Result  (cost=0.00..198531.00 rows=9777 width=14)
                                                                                       One-Time Filter: PartSelected
                                                                                       ->  Append-only Columnar Scan on catalog_sales_1_prt_2  (cost=0.00..198531.00 rows=9777 width=14)
                                                                                             Filter: (cs_warehouse_sk IS NULL)
                                                                                 ->  Result  (cost=0.00..198470.00 rows=11502 width=14)
                                                                                       One-Time Filter: PartSelected
                                                                                       ->  Append-only Columnar Scan on catalog_sales_1_prt_3  (cost=0.00..198470.00 rows=11502 width=14)
                                                                                             Filter: (cs_warehouse_sk IS NULL)
                                                                                 ->  Result  (cost=0.00..191463.00 rows=10995 width=14)
                                                                                       One-Time Filter: PartSelected
                                                                                       ->  Append-only Columnar Scan on catalog_sales_1_prt_4  (cost=0.00..191463.00 rows=10995 width=14)
                                                                                             Filter: (cs_warehouse_sk IS NULL)
                                                                                 ->  Result  (cost=0.00..198330.00 rows=11170 width=14)
                                                                                       One-Time Filter: PartSelected
                                                                                       ->  Append-only Columnar Scan on catalog_sales_1_prt_5  (cost=0.00..198330.00 rows=11170 width=14)
                                                                                             Filter: (cs_warehouse_sk IS NULL)
                                                                                 ->  Result  (cost=0.00..198496.00 rows=10232 width=14)
                                                                                       One-Time Filter: PartSelected
                                                                                       ->  Append-only Columnar Scan on catalog_sales_1_prt_6  (cost=0.00..198496.00 rows=10232 width=14)
                                                                                             Filter: (cs_warehouse_sk IS NULL)
                                                                                 ->  Result  (cost=0.00..198494.00 rows=10073 width=14)
                                                                                       One-Time Filter: PartSelected
                                                                                       ->  Append-only Columnar Scan on catalog_sales_1_prt_7  (cost=0.00..198494.00 rows=10073 width=14)
                                                                                             Filter: (cs_warehouse_sk IS NULL)
                                                                                 ->  Result  (cost=0.00..198576.00 rows=9884 width=14)
                                                                                       One-Time Filter: PartSelected
                                                                                       ->  Append-only Columnar Scan on catalog_sales_1_prt_8  (cost=0.00..198576.00 rows=9884 width=14)
                                                                                             Filter: (cs_warehouse_sk IS NULL)
                                                                                 ->  Result  (cost=0.00..297942.00 rows=17022 width=14)
                                                                                       One-Time Filter: PartSelected
                                                                                       ->  Append-only Columnar Scan on catalog_sales_1_prt_9  (cost=0.00..297942.00 rows=17022 width=14)
                                                                                             Filter: (cs_warehouse_sk IS NULL)
                                                                                 ->  Result  (cost=0.00..451674.00 rows=26657 width=14)
                                                                                       One-Time Filter: PartSelected
                                                                                       ->  Append-only Columnar Scan on catalog_sales_1_prt_10  (cost=0.00..451674.00 rows=26657 width=14)
                                                                                             Filter: (cs_warehouse_sk IS NULL)
                                                                                 ->  Result  (cost=0.00..451572.00 rows=26651 width=14)
                                                                                       One-Time Filter: PartSelected
                                                                                       ->  Append-only Columnar Scan on catalog_sales_1_prt_11  (cost=0.00..451572.00 rows=26651 width=14)
                                                                                             Filter: (cs_warehouse_sk IS NULL)
                                                                                 ->  Result  (cost=0.00..476631.00 rows=30691 width=14)
                                                                                       One-Time Filter: PartSelected
                                                                                       ->  Append-only Columnar Scan on catalog_sales_1_prt_12  (cost=0.00..476631.00 rows=30691 width=14)
                                                                                             Filter: (cs_warehouse_sk IS NULL)
                                                                                 ->  Result  (cost=0.00..684375.00 rows=39049 width=14)
                                                                                       One-Time Filter: PartSelected
                                                                                       ->  Append-only Columnar Scan on catalog_sales_1_prt_13  (cost=0.00..684375.00 rows=39049 width=14)
                                                                                             Filter: (cs_warehouse_sk IS NULL)
                                                                                 ->  Result  (cost=0.00..684389.00 rows=31345 width=14)
                                                                                       One-Time Filter: PartSelected
                                                                                       ->  Append-only Columnar Scan on catalog_sales_1_prt_14  (cost=0.00..684389.00 rows=31345 width=14)
                                                                                             Filter: (cs_warehouse_sk IS NULL)
                                                                                 ->  Result  (cost=0.00..215804.00 rows=14523 width=14)
                                                                                       One-Time Filter: PartSelected
                                                                                       ->  Append-only Columnar Scan on catalog_sales_1_prt_15  (cost=0.00..215804.00 rows=14523 width=14)
                                                                                             Filter: (cs_warehouse_sk IS NULL)
                                                                                 ->  Result  (cost=0.00..198278.00 rows=12266 width=14)
                                                                                       One-Time Filter: PartSelected
                                                                                       ->  Append-only Columnar Scan on catalog_sales_1_prt_16  (cost=0.00..198278.00 rows=12266 width=14)
                                                                                             Filter: (cs_warehouse_sk IS NULL)
                                                                                 ->  Result  (cost=0.00..191360.00 rows=8980 width=14)
                                                                                       One-Time Filter: PartSelected
                                                                                       ->  Append-only Columnar Scan on catalog_sales_1_prt_17  (cost=0.00..191360.00 rows=8980 width=14)
                                                                                             Filter: (cs_warehouse_sk IS NULL)
                                                                                 ->  Result  (cost=0.00..198408.00 rows=11174 width=14)
                                                                                       One-Time Filter: PartSelected
                                                                                       ->  Append-only Columnar Scan on catalog_sales_1_prt_18  (cost=0.00..198408.00 rows=11174 width=14)
                                                                                             Filter: (cs_warehouse_sk IS NULL)
                                                                                 ->  Result  (cost=0.00..198462.00 rows=10443 width=14)
                                                                                       One-Time Filter: PartSelected
                                                                                       ->  Append-only Columnar Scan on catalog_sales_1_prt_19  (cost=0.00..198462.00 rows=10443 width=14)
                                                                                             Filter: (cs_warehouse_sk IS NULL)
                                                                                 ->  Result  (cost=0.00..198463.00 rows=9855 width=14)
                                                                                       One-Time Filter: PartSelected
                                                                                       ->  Append-only Columnar Scan on catalog_sales_1_prt_20  (cost=0.00..198463.00 rows=9855 width=14)
                                                                                             Filter: (cs_warehouse_sk IS NULL)
                                                                                 ->  Result  (cost=0.00..198544.00 rows=10745 width=14)
                                                                                       One-Time Filter: PartSelected
                                                                                       ->  Append-only Columnar Scan on catalog_sales_1_prt_21  (cost=0.00..198544.00 rows=10745 width=14)
                                                                                             Filter: (cs_warehouse_sk IS NULL)
                                                                                 ->  Result  (cost=0.00..288857.00 rows=16094 width=14)
                                                                                       One-Time Filter: PartSelected
                                                                                       ->  Append-only Columnar Scan on catalog_sales_1_prt_22  (cost=0.00..288857.00 rows=16094 width=14)
                                                                                             Filter: (cs_warehouse_sk IS NULL)
                                                                                 ->  Result  (cost=0.00..451775.00 rows=24795 width=14)
                                                                                       One-Time Filter: PartSelected
                                                                                       ->  Append-only Columnar Scan on catalog_sales_1_prt_23  (cost=0.00..451775.00 rows=24795 width=14)
                                                                                             Filter: (cs_warehouse_sk IS NULL)
                                                                                 ->  Result  (cost=0.00..451807.00 rows=27629 width=14)
                                                                                       One-Time Filter: PartSelected
                                                                                       ->  Append-only Columnar Scan on catalog_sales_1_prt_24  (cost=0.00..451807.00 rows=27629 width=14)
                                                                                             Filter: (cs_warehouse_sk IS NULL)
                                                                                 ->  Result  (cost=0.00..468431.00 rows=24648 width=14)
                                                                                       One-Time Filter: PartSelected
                                                                                       ->  Append-only Columnar Scan on catalog_sales_1_prt_25  (cost=0.00..468431.00 rows=24648 width=14)
                                                                                             Filter: (cs_warehouse_sk IS NULL)
                                                                                 ->  Result  (cost=0.00..684511.00 rows=40886 width=14)
                                                                                       One-Time Filter: PartSelected
                                                                                       ->  Append-only Columnar Scan on catalog_sales_1_prt_26  (cost=0.00..684511.00 rows=40886 width=14)
                                                                                             Filter: (cs_warehouse_sk IS NULL)
                                                                                 ->  Result  (cost=0.00..684485.00 rows=46400 width=14)
                                                                                       One-Time Filter: PartSelected
                                                                                       ->  Append-only Columnar Scan on catalog_sales_1_prt_27  (cost=0.00..684485.00 rows=46400 width=14)
                                                                                             Filter: (cs_warehouse_sk IS NULL)
                                                                                 ->  Result  (cost=0.00..232955.00 rows=15185 width=14)
                                                                                       One-Time Filter: PartSelected
                                                                                       ->  Append-only Columnar Scan on catalog_sales_1_prt_28  (cost=0.00..232955.00 rows=15185 width=14)
                                                                                             Filter: (cs_warehouse_sk IS NULL)
                                                                                 ->  Result  (cost=0.00..198182.00 rows=10307 width=14)
                                                                                       One-Time Filter: PartSelected
                                                                                       ->  Append-only Columnar Scan on catalog_sales_1_prt_29  (cost=0.00..198182.00 rows=10307 width=14)
                                                                                             Filter: (cs_warehouse_sk IS NULL)
                                                                                 ->  Result  (cost=0.00..198180.00 rows=10941 width=14)
                                                                                       One-Time Filter: PartSelected
                                                                                       ->  Append-only Columnar Scan on catalog_sales_1_prt_30  (cost=0.00..198180.00 rows=10941 width=14)
                                                                                             Filter: (cs_warehouse_sk IS NULL)
                                                                                 ->  Result  (cost=0.00..198236.00 rows=12827 width=14)
                                                                                       One-Time Filter: PartSelected
                                                                                       ->  Append-only Columnar Scan on catalog_sales_1_prt_31  (cost=0.00..198236.00 rows=12827 width=14)
                                                                                             Filter: (cs_warehouse_sk IS NULL)
                                                                                 ->  Result  (cost=0.00..198161.00 rows=8736 width=14)
                                                                                       One-Time Filter: PartSelected
                                                                                       ->  Append-only Columnar Scan on catalog_sales_1_prt_32  (cost=0.00..198161.00 rows=8736 width=14)
                                                                                             Filter: (cs_warehouse_sk IS NULL)
                                                                                 ->  Result  (cost=0.00..198143.00 rows=12398 width=14)
                                                                                       One-Time Filter: PartSelected
                                                                                       ->  Append-only Columnar Scan on catalog_sales_1_prt_33  (cost=0.00..198143.00 rows=12398 width=14)
                                                                                             Filter: (cs_warehouse_sk IS NULL)
                                                                                 ->  Result  (cost=0.00..198217.00 rows=10786 width=14)
                                                                                       One-Time Filter: PartSelected
                                                                                       ->  Append-only Columnar Scan on catalog_sales_1_prt_34  (cost=0.00..198217.00 rows=10786 width=14)
                                                                                             Filter: (cs_warehouse_sk IS NULL)
                                                                                 ->  Result  (cost=0.00..279401.00 rows=16912 width=14)
                                                                                       One-Time Filter: PartSelected
                                                                                       ->  Append-only Columnar Scan on catalog_sales_1_prt_35  (cost=0.00..279401.00 rows=16912 width=14)
                                                                                             Filter: (cs_warehouse_sk IS NULL)
                                                                                 ->  Result  (cost=0.00..451102.00 rows=24703 width=14)
                                                                                       One-Time Filter: PartSelected
                                                                                       ->  Append-only Columnar Scan on catalog_sales_1_prt_36  (cost=0.00..451102.00 rows=24703 width=14)
                                                                                             Filter: (cs_warehouse_sk IS NULL)
                                                                                 ->  Result  (cost=0.00..451004.00 rows=25427 width=14)
                                                                                       One-Time Filter: PartSelected
                                                                                       ->  Append-only Columnar Scan on catalog_sales_1_prt_37  (cost=0.00..451004.00 rows=25427 width=14)
                                                                                             Filter: (cs_warehouse_sk IS NULL)
                                                                                 ->  Result  (cost=0.00..459207.00 rows=28734 width=14)
                                                                                       One-Time Filter: PartSelected
                                                                                       ->  Append-only Columnar Scan on catalog_sales_1_prt_38  (cost=0.00..459207.00 rows=28734 width=14)
                                                                                             Filter: (cs_warehouse_sk IS NULL)
                                                                                 ->  Result  (cost=0.00..683201.00 rows=33520 width=14)
                                                                                       One-Time Filter: PartSelected
                                                                                       ->  Append-only Columnar Scan on catalog_sales_1_prt_39  (cost=0.00..683201.00 rows=33520 width=14)
                                                                                             Filter: (cs_warehouse_sk IS NULL)
                                                                                 ->  Result  (cost=0.00..683288.00 rows=32895 width=14)
                                                                                       One-Time Filter: PartSelected
                                                                                       ->  Append-only Columnar Scan on catalog_sales_1_prt_40  (cost=0.00..683288.00 rows=32895 width=14)
                                                                                             Filter: (cs_warehouse_sk IS NULL)
                                                                                 ->  Result  (cost=0.00..267716.00 rows=18461 width=14)
                                                                                       One-Time Filter: PartSelected
                                                                                       ->  Append-only Columnar Scan on catalog_sales_1_prt_41  (cost=0.00..267716.00 rows=18461 width=14)
                                                                                             Filter: (cs_warehouse_sk IS NULL)
                                                                                 ->  Result  (cost=0.00..198348.00 rows=9067 width=14)
                                                                                       One-Time Filter: PartSelected
                                                                                       ->  Append-only Columnar Scan on catalog_sales_1_prt_42  (cost=0.00..198348.00 rows=9067 width=14)
                                                                                             Filter: (cs_warehouse_sk IS NULL)
                                                                                 ->  Result  (cost=0.00..191374.00 rows=11430 width=14)
                                                                                       One-Time Filter: PartSelected
                                                                                       ->  Append-only Columnar Scan on catalog_sales_1_prt_43  (cost=0.00..191374.00 rows=11430 width=14)
                                                                                             Filter: (cs_warehouse_sk IS NULL)
                                                                                 ->  Result  (cost=0.00..198449.00 rows=9031 width=14)
                                                                                       One-Time Filter: PartSelected
                                                                                       ->  Append-only Columnar Scan on catalog_sales_1_prt_44  (cost=0.00..198449.00 rows=9031 width=14)
                                                                                             Filter: (cs_warehouse_sk IS NULL)
                                                                                 ->  Result  (cost=0.00..198436.00 rows=12840 width=14)
                                                                                       One-Time Filter: PartSelected
                                                                                       ->  Append-only Columnar Scan on catalog_sales_1_prt_45  (cost=0.00..198436.00 rows=12840 width=14)
                                                                                             Filter: (cs_warehouse_sk IS NULL)
                                                                                 ->  Result  (cost=0.00..198484.00 rows=10726 width=14)
                                                                                       One-Time Filter: PartSelected
                                                                                       ->  Append-only Columnar Scan on catalog_sales_1_prt_46  (cost=0.00..198484.00 rows=10726 width=14)
                                                                                             Filter: (cs_warehouse_sk IS NULL)
                                                                                 ->  Result  (cost=0.00..198486.00 rows=12286 width=14)
                                                                                       One-Time Filter: PartSelected
                                                                                       ->  Append-only Columnar Scan on catalog_sales_1_prt_47  (cost=0.00..198486.00 rows=12286 width=14)
                                                                                             Filter: (cs_warehouse_sk IS NULL)
                                                                                 ->  Result  (cost=0.00..261759.00 rows=12288 width=14)
                                                                                       One-Time Filter: PartSelected
                                                                                       ->  Append-only Columnar Scan on catalog_sales_1_prt_48  (cost=0.00..261759.00 rows=12288 width=14)
                                                                                             Filter: (cs_warehouse_sk IS NULL)
                                                                                 ->  Result  (cost=0.00..451867.00 rows=26026 width=14)
                                                                                       One-Time Filter: PartSelected
                                                                                       ->  Append-only Columnar Scan on catalog_sales_1_prt_49  (cost=0.00..451867.00 rows=26026 width=14)
                                                                                             Filter: (cs_warehouse_sk IS NULL)
                                                                                 ->  Result  (cost=0.00..451711.00 rows=22162 width=14)
                                                                                       One-Time Filter: PartSelected
                                                                                       ->  Append-only Columnar Scan on catalog_sales_1_prt_50  (cost=0.00..451711.00 rows=22162 width=14)
                                                                                             Filter: (cs_warehouse_sk IS NULL)
                                                                                 ->  Result  (cost=0.00..451715.00 rows=23769 width=14)
                                                                                       One-Time Filter: PartSelected
                                                                                       ->  Append-only Columnar Scan on catalog_sales_1_prt_51  (cost=0.00..451715.00 rows=23769 width=14)
                                                                                             Filter: (cs_warehouse_sk IS NULL)
                                                                                 ->  Result  (cost=0.00..676048.00 rows=28686 width=14)
                                                                                       One-Time Filter: PartSelected
                                                                                       ->  Append-only Columnar Scan on catalog_sales_1_prt_52  (cost=0.00..676048.00 rows=28686 width=14)
                                                                                             Filter: (cs_warehouse_sk IS NULL)
                                                                                 ->  Result  (cost=0.00..684330.00 rows=29027 width=14)
                                                                                       One-Time Filter: PartSelected
                                                                                       ->  Append-only Columnar Scan on catalog_sales_1_prt_53  (cost=0.00..684330.00 rows=29027 width=14)
                                                                                             Filter: (cs_warehouse_sk IS NULL)
                                                                                 ->  Result  (cost=0.00..285353.00 rows=17317 width=14)
                                                                                       One-Time Filter: PartSelected
                                                                                       ->  Append-only Columnar Scan on catalog_sales_1_prt_54  (cost=0.00..285353.00 rows=17317 width=14)
                                                                                             Filter: (cs_warehouse_sk IS NULL)
                                                                                 ->  Result  (cost=0.00..198500.00 rows=11291 width=14)
                                                                                       One-Time Filter: PartSelected
                                                                                       ->  Append-only Columnar Scan on catalog_sales_1_prt_55  (cost=0.00..198500.00 rows=11291 width=14)
                                                                                             Filter: (cs_warehouse_sk IS NULL)
                                                                                 ->  Result  (cost=0.00..191327.00 rows=8843 width=14)
                                                                                       One-Time Filter: PartSelected
                                                                                       ->  Append-only Columnar Scan on catalog_sales_1_prt_56  (cost=0.00..191327.00 rows=8843 width=14)
                                                                                             Filter: (cs_warehouse_sk IS NULL)
                                                                                 ->  Result  (cost=0.00..198470.00 rows=12912 width=14)
                                                                                       One-Time Filter: PartSelected
                                                                                       ->  Append-only Columnar Scan on catalog_sales_1_prt_57  (cost=0.00..198470.00 rows=12912 width=14)
                                                                                             Filter: (cs_warehouse_sk IS NULL)
                                                                                 ->  Result  (cost=0.00..198434.00 rows=10159 width=14)
                                                                                       One-Time Filter: PartSelected
                                                                                       ->  Append-only Columnar Scan on catalog_sales_1_prt_58  (cost=0.00..198434.00 rows=10159 width=14)
                                                                                             Filter: (cs_warehouse_sk IS NULL)
                                                                                 ->  Result  (cost=0.00..198457.00 rows=12135 width=14)
                                                                                       One-Time Filter: PartSelected
                                                                                       ->  Append-only Columnar Scan on catalog_sales_1_prt_59  (cost=0.00..198457.00 rows=12135 width=14)
                                                                                             Filter: (cs_warehouse_sk IS NULL)
                                                                                 ->  Result  (cost=0.00..198420.00 rows=10581 width=14)
                                                                                       One-Time Filter: PartSelected
                                                                                       ->  Append-only Columnar Scan on catalog_sales_1_prt_60  (cost=0.00..198420.00 rows=10581 width=14)
                                                                                             Filter: (cs_warehouse_sk IS NULL)
                                                                                 ->  Result  (cost=0.00..252732.00 rows=13716 width=14)
                                                                                       One-Time Filter: PartSelected
                                                                                       ->  Append-only Columnar Scan on catalog_sales_1_prt_61  (cost=0.00..252732.00 rows=13716 width=14)
                                                                                             Filter: (cs_warehouse_sk IS NULL)
                                                                                 ->  Result  (cost=0.00..451735.00 rows=27624 width=14)
                                                                                       One-Time Filter: PartSelected
                                                                                       ->  Append-only Columnar Scan on catalog_sales_1_prt_62  (cost=0.00..451735.00 rows=27624 width=14)
                                                                                             Filter: (cs_warehouse_sk IS NULL)
                                                                                 ->  Result  (cost=0.00..451761.00 rows=25060 width=14)
                                                                                       One-Time Filter: PartSelected
                                                                                       ->  Append-only Columnar Scan on catalog_sales_1_prt_63  (cost=0.00..451761.00 rows=25060 width=14)
                                                                                             Filter: (cs_warehouse_sk IS NULL)
                                                                                 ->  Result  (cost=0.00..451680.00 rows=26051 width=14)
                                                                                       One-Time Filter: PartSelected
                                                                                       ->  Append-only Columnar Scan on catalog_sales_1_prt_64  (cost=0.00..451680.00 rows=26051 width=14)
                                                                                             Filter: (cs_warehouse_sk IS NULL)
                                                                                 ->  Result  (cost=0.00..667727.00 rows=40378 width=14)
                                                                                       One-Time Filter: PartSelected
                                                                                       ->  Append-only Columnar Scan on catalog_sales_1_prt_65  (cost=0.00..667727.00 rows=40378 width=14)
                                                                                             Filter: (cs_warehouse_sk IS NULL)
                                                                                 ->  Result  (cost=0.00..684173.00 rows=35027 width=14)
                                                                                       One-Time Filter: PartSelected
                                                                                       ->  Append-only Columnar Scan on catalog_sales_1_prt_66  (cost=0.00..684173.00 rows=35027 width=14)
                                                                                             Filter: (cs_warehouse_sk IS NULL)
                                                                                 ->  Result  (cost=0.00..244531.00 rows=13910 width=14)
                                                                                       One-Time Filter: PartSelected
                                                                                       ->  Append-only Columnar Scan on catalog_sales_1_prt_67  (cost=0.00..244531.00 rows=13910 width=14)
                                                                                             Filter: (cs_warehouse_sk IS NULL)
                                                                                 ->  Result  (cost=0.00..1.00 rows=1 width=22)
                                                                                       One-Time Filter: PartSelected
                                                                                       ->  Append-only Columnar Scan on catalog_sales_1_prt_68  (cost=0.00..1.00 rows=1 width=22)
                                                                                             Filter: (cs_warehouse_sk IS NULL)
                                                                                 ->  Result  (cost=0.00..1.00 rows=1 width=22)
                                                                                       One-Time Filter: PartSelected
                                                                                       ->  Append-only Columnar Scan on catalog_sales_1_prt_69  (cost=0.00..1.00 rows=1 width=22)
                                                                                             Filter: (cs_warehouse_sk IS NULL)
                                                                                 ->  Result  (cost=0.00..1.00 rows=1 width=22)
                                                                                       One-Time Filter: PartSelected
                                                                                       ->  Append-only Columnar Scan on catalog_sales_1_prt_70  (cost=0.00..1.00 rows=1 width=22)
                                                                                             Filter: (cs_warehouse_sk IS NULL)
                                                                                 ->  Result  (cost=0.00..1.00 rows=1 width=22)
                                                                                       One-Time Filter: PartSelected
                                                                                       ->  Append-only Columnar Scan on catalog_sales_1_prt_71  (cost=0.00..1.00 rows=1 width=22)
                                                                                             Filter: (cs_warehouse_sk IS NULL)
                                                                                 ->  Result  (cost=0.00..1.00 rows=1 width=22)
                                                                                       One-Time Filter: PartSelected
                                                                                       ->  Append-only Columnar Scan on catalog_sales_1_prt_72  (cost=0.00..1.00 rows=1 width=22)
                                                                                             Filter: (cs_warehouse_sk IS NULL)
                                                                                 ->  Result  (cost=0.00..1.00 rows=1 width=22)
                                                                                       One-Time Filter: PartSelected
                                                                                       ->  Append-only Columnar Scan on catalog_sales_1_prt_73  (cost=0.00..1.00 rows=1 width=22)
                                                                                             Filter: (cs_warehouse_sk IS NULL)
                                                                                 ->  Result  (cost=0.00..1.00 rows=1 width=22)
                                                                                       One-Time Filter: PartSelected
                                                                                       ->  Append-only Columnar Scan on catalog_sales_1_prt_74  (cost=0.00..1.00 rows=1 width=22)
                                                                                             Filter: (cs_warehouse_sk IS NULL)
                                                                                 ->  Result  (cost=0.00..1.00 rows=1 width=22)
                                                                                       One-Time Filter: PartSelected
                                                                                       ->  Append-only Columnar Scan on catalog_sales_1_prt_75  (cost=0.00..1.00 rows=1 width=22)
                                                                                             Filter: (cs_warehouse_sk IS NULL)
                                                                                 ->  Result  (cost=0.00..1.00 rows=1 width=22)
                                                                                       One-Time Filter: PartSelected
                                                                                       ->  Append-only Columnar Scan on catalog_sales_1_prt_76  (cost=0.00..1.00 rows=1 width=22)
                                                                                             Filter: (cs_warehouse_sk IS NULL)
                                                                                 ->  Result  (cost=0.00..1.00 rows=1 width=22)
                                                                                       One-Time Filter: PartSelected
                                                                                       ->  Append-only Columnar Scan on catalog_sales_1_prt_77  (cost=0.00..1.00 rows=1 width=22)
                                                                                             Filter: (cs_warehouse_sk IS NULL)
                                                                                 ->  Result  (cost=0.00..1.00 rows=1 width=22)
                                                                                       One-Time Filter: PartSelected
                                                                                       ->  Append-only Columnar Scan on catalog_sales_1_prt_78  (cost=0.00..1.00 rows=1 width=22)
                                                                                             Filter: (cs_warehouse_sk IS NULL)
                                                                                 ->  Result  (cost=0.00..1.00 rows=1 width=22)
                                                                                       One-Time Filter: PartSelected
                                                                                       ->  Append-only Columnar Scan on catalog_sales_1_prt_79  (cost=0.00..1.00 rows=1 width=22)
                                                                                             Filter: (cs_warehouse_sk IS NULL)
                                                                                 ->  Result  (cost=0.00..1.00 rows=1 width=22)
                                                                                       One-Time Filter: PartSelected
                                                                                       ->  Append-only Columnar Scan on catalog_sales_1_prt_80  (cost=0.00..1.00 rows=1 width=22)
                                                                                             Filter: (cs_warehouse_sk IS NULL)
                                                                           ->  Hash  (cost=4008.45..4008.45 rows=73049 width=12)
                                                                                 ->  Partition Selector for catalog_sales (dynamic scan id: 1)  (cost=0.00..4008.45 rows=73049 width=12)
                                                                                       Filter: date_dim_2.d_date_sk
                                                                                       ->  Broadcast Motion 3:3  (slice5; segments: 3)  (cost=0.00..4008.45 rows=73049 width=12)
                                                                                             ->  Seq Scan on date_dim date_dim_2  (cost=0.00..1086.49 rows=24350 width=12)
                                                               ->  Hash  (cost=5981.47..5981.47 rows=99749 width=10)
                                                                     ->  Seq Scan on item item_2  (cost=0.00..5981.47 rows=99749 width=10)
 Planning time: 51.791 ms
 Optimizer: legacy query optimizer
(1021 rows)

-- end query 1 in stream 0 using template query76.tpl
