-- start query 1 in stream 0 using template query78.tpl
explain
with ws as
  (select d_year AS ws_sold_year, ws_item_sk,
    ws_bill_customer_sk ws_customer_sk,
    sum(ws_quantity) ws_qty,
    sum(ws_wholesale_cost) ws_wc,
    sum(ws_sales_price) ws_sp
   from web_sales
   left join web_returns on wr_order_number=ws_order_number and ws_item_sk=wr_item_sk
   join date_dim on ws_sold_date_sk = d_date_sk
   where wr_order_number is null
   group by d_year, ws_item_sk, ws_bill_customer_sk
   ),
cs as
  (select d_year AS cs_sold_year, cs_item_sk,
    cs_bill_customer_sk cs_customer_sk,
    sum(cs_quantity) cs_qty,
    sum(cs_wholesale_cost) cs_wc,
    sum(cs_sales_price) cs_sp
   from catalog_sales
   left join catalog_returns on cr_order_number=cs_order_number and cs_item_sk=cr_item_sk
   join date_dim on cs_sold_date_sk = d_date_sk
   where cr_order_number is null
   group by d_year, cs_item_sk, cs_bill_customer_sk
   ),
ss as
  (select d_year AS ss_sold_year, ss_item_sk,
    ss_customer_sk,
    sum(ss_quantity) ss_qty,
    sum(ss_wholesale_cost) ss_wc,
    sum(ss_sales_price) ss_sp
   from store_sales
   left join store_returns on sr_ticket_number=ss_ticket_number and ss_item_sk=sr_item_sk
   join date_dim on ss_sold_date_sk = d_date_sk
   where sr_ticket_number is null
   group by d_year, ss_item_sk, ss_customer_sk
   )
 select 
ss_sold_year, ss_item_sk, ss_customer_sk,
round(ss_qty/(coalesce(ws_qty+cs_qty,1)),2) ratio,
ss_qty store_qty, ss_wc store_wholesale_cost, ss_sp store_sales_price,
coalesce(ws_qty,0)+coalesce(cs_qty,0) other_chan_qty,
coalesce(ws_wc,0)+coalesce(cs_wc,0) other_chan_wholesale_cost,
coalesce(ws_sp,0)+coalesce(cs_sp,0) other_chan_sales_price
from ss
left join ws on (ws_sold_year=ss_sold_year and ws_item_sk=ss_item_sk and ws_customer_sk=ss_customer_sk)
left join cs on (cs_sold_year=ss_sold_year and cs_item_sk=cs_item_sk and cs_customer_sk=ss_customer_sk)
where coalesce(ws_qty,0)>0 and coalesce(cs_qty, 0)>0 and ss_sold_year=2000
order by 
  ss_sold_year, ss_item_sk, ss_customer_sk,
  ss_qty desc, ss_wc desc, ss_sp desc,
  other_chan_qty,
  other_chan_wholesale_cost,
  other_chan_sales_price,
  round(ss_qty/(coalesce(ws_qty+cs_qty,1)),2)
limit 100;
                                                                                                                                                                                                                                                                                                                                     QUERY PLAN                                                                                                                                                                                                                                                                                                                                     
------------------------------------------------------------------------------------------------------------------------------------------------------------------------------------------------------------------------------------------------------------------------------------------------------------------------------------------------------------------------------------------------------------------------------------------------------------------------------------------------------------------------------------------------------------------------------------------------------------------------------------------------------------------------------------
 Limit  (cost=1.37..1.45 rows=4 width=228)
   ->  Gather Motion 3:1  (slice11; segments: 3)  (cost=1.37..1.45 rows=4 width=228)
         Merge Key: store_sales_1_prt_outliers.ss_item_sk, store_sales_1_prt_outliers.ss_customer_sk, (pg_catalog.sum((sum(store_sales_1_prt_outliers.ss_quantity)))), (pg_catalog.sum((sum(store_sales_1_prt_outliers.ss_wholesale_cost)))), (pg_catalog.sum((sum(store_sales_1_prt_outliers.ss_sales_price)))), ((COALESCE(ws.ws_qty, 0::bigint) + COALESCE(cs.cs_qty, 0::bigint))), ((COALESCE(ws.ws_wc, 0::numeric) + COALESCE(cs.cs_wc, 0::numeric))), ((COALESCE(ws.ws_sp, 0::numeric) + COALESCE(cs.cs_sp, 0::numeric))), (round((((pg_catalog.sum((sum(store_sales_1_prt_outliers.ss_quantity)))) / COALESCE((ws.ws_qty + cs.cs_qty), 1::bigint)))::numeric, 2))
         ->  Limit  (cost=1.37..1.38 rows=2 width=228)
               ->  Sort  (cost=1.37..1.38 rows=2 width=228)
                     Sort Key: store_sales_1_prt_outliers.ss_item_sk, store_sales_1_prt_outliers.ss_customer_sk, (pg_catalog.sum((sum(store_sales_1_prt_outliers.ss_quantity)))), (pg_catalog.sum((sum(store_sales_1_prt_outliers.ss_wholesale_cost)))), (pg_catalog.sum((sum(store_sales_1_prt_outliers.ss_sales_price)))), ((COALESCE(ws.ws_qty, 0::bigint) + COALESCE(cs.cs_qty, 0::bigint))), ((COALESCE(ws.ws_wc, 0::numeric) + COALESCE(cs.cs_wc, 0::numeric))), ((COALESCE(ws.ws_sp, 0::numeric) + COALESCE(cs.cs_sp, 0::numeric))), (round((((pg_catalog.sum((sum(store_sales_1_prt_outliers.ss_quantity)))) / COALESCE((ws.ws_qty + cs.cs_qty), 1::bigint)))::numeric, 2))
                     ->  Hash Right Join  (cost=0.86..1.34 rows=2 width=228)
                           Hash Cond: ((cs.cs_sold_year = date_dim_2.d_year) AND (cs.cs_customer_sk = store_sales_1_prt_outliers.ss_customer_sk))
                           Filter: (COALESCE(cs.cs_qty, 0::bigint) > 0)
                           ->  Redistribute Motion 3:3  (slice3; segments: 3)  (cost=0.00..0.32 rows=3 width=80)
                                 Hash Key: cs.cs_customer_sk
                                 ->  Subquery Scan on cs  (cost=0.00..0.16 rows=3 width=80)
                                       ->  HashAggregate  (cost=46738655.91..46738656.03 rows=3 width=84)
                                             Group Key: date_dim.d_year, catalog_sales_1_prt_outliers.cs_item_sk, catalog_sales_1_prt_outliers.cs_bill_customer_sk
                                             ->  Redistribute Motion 3:3  (slice2; segments: 3)  (cost=46738655.55..46738655.71 rows=3 width=84)
                                                   Hash Key: date_dim.d_year, catalog_sales_1_prt_outliers.cs_item_sk, catalog_sales_1_prt_outliers.cs_bill_customer_sk
                                                   ->  HashAggregate  (cost=46738655.55..46738655.55 rows=3 width=84)
                                                         Group Key: date_dim.d_year, catalog_sales_1_prt_outliers.cs_item_sk, catalog_sales_1_prt_outliers.cs_bill_customer_sk
                                                         ->  Hash Join  (cost=4209931.86..46738655.42 rows=3 width=28)
                                                               Hash Cond: (catalog_sales_1_prt_outliers.cs_sold_date_sk = date_dim.d_date_sk)
                                                               ->  Redistribute Motion 3:3  (slice1; segments: 3)  (cost=4208658.18..46737381.56 rows=10 width=28)
                                                                     Hash Key: catalog_sales_1_prt_outliers.cs_sold_date_sk
                                                                     ->  Hash Anti Join  (cost=4208658.18..46737381.02 rows=10 width=28)
                                                                           Hash Cond: ((catalog_sales_1_prt_outliers.cs_item_sk = catalog_returns_1_prt_outliers.cr_item_sk) AND (catalog_sales_1_prt_outliers.cs_order_number = catalog_returns_1_prt_outliers.cr_order_number))
                                                                           ->  Append  (cost=0.00..26085363.38 rows=479998 width=36)
                                                                                 ->  Append-only Columnar Scan on catalog_sales_1_prt_outliers  (cost=0.00..113979.62 rows=2402 width=36)
                                                                                       Filter: (cs_item_sk = cs_item_sk)
                                                                                 ->  Append-only Columnar Scan on catalog_sales_1_prt_2  (cost=0.00..230291.50 rows=4235 width=36)
                                                                                       Filter: (cs_item_sk = cs_item_sk)
                                                                                 ->  Append-only Columnar Scan on catalog_sales_1_prt_3  (cost=0.00..230220.75 rows=4234 width=36)
                                                                                       Filter: (cs_item_sk = cs_item_sk)
                                                                                 ->  Append-only Columnar Scan on catalog_sales_1_prt_4  (cost=0.00..222092.50 rows=4084 width=36)
                                                                                       Filter: (cs_item_sk = cs_item_sk)
                                                                                 ->  Append-only Columnar Scan on catalog_sales_1_prt_5  (cost=0.00..230058.25 rows=4231 width=36)
                                                                                       Filter: (cs_item_sk = cs_item_sk)
                                                                                 ->  Append-only Columnar Scan on catalog_sales_1_prt_6  (cost=0.00..230250.75 rows=4234 width=36)
                                                                                       Filter: (cs_item_sk = cs_item_sk)
                                                                                 ->  Append-only Columnar Scan on catalog_sales_1_prt_7  (cost=0.00..230248.75 rows=4234 width=36)
                                                                                       Filter: (cs_item_sk = cs_item_sk)
                                                                                 ->  Append-only Columnar Scan on catalog_sales_1_prt_8  (cost=0.00..230343.50 rows=4236 width=36)
                                                                                       Filter: (cs_item_sk = cs_item_sk)
                                                                                 ->  Append-only Columnar Scan on catalog_sales_1_prt_9  (cost=0.00..345607.50 rows=6356 width=36)
                                                                                       Filter: (cs_item_sk = cs_item_sk)
                                                                                 ->  Append-only Columnar Scan on catalog_sales_1_prt_10  (cost=0.00..523935.25 rows=9635 width=36)
                                                                                       Filter: (cs_item_sk = cs_item_sk)
                                                                                 ->  Append-only Columnar Scan on catalog_sales_1_prt_11  (cost=0.00..523817.25 rows=9633 width=36)
                                                                                       Filter: (cs_item_sk = cs_item_sk)
                                                                                 ->  Append-only Columnar Scan on catalog_sales_1_prt_12  (cost=0.00..552885.25 rows=10168 width=36)
                                                                                       Filter: (cs_item_sk = cs_item_sk)
                                                                                 ->  Append-only Columnar Scan on catalog_sales_1_prt_13  (cost=0.00..793866.50 rows=14599 width=36)
                                                                                       Filter: (cs_item_sk = cs_item_sk)
                                                                                 ->  Append-only Columnar Scan on catalog_sales_1_prt_14  (cost=0.00..793883.00 rows=14600 width=36)
                                                                                       Filter: (cs_item_sk = cs_item_sk)
                                                                                 ->  Append-only Columnar Scan on catalog_sales_1_prt_15  (cost=0.00..250328.25 rows=4604 width=36)
                                                                                       Filter: (cs_item_sk = cs_item_sk)
                                                                                 ->  Append-only Columnar Scan on catalog_sales_1_prt_16  (cost=0.00..229998.50 rows=4230 width=36)
                                                                                       Filter: (cs_item_sk = cs_item_sk)
                                                                                 ->  Append-only Columnar Scan on catalog_sales_1_prt_17  (cost=0.00..221973.00 rows=4082 width=36)
                                                                                       Filter: (cs_item_sk = cs_item_sk)
                                                                                 ->  Append-only Columnar Scan on catalog_sales_1_prt_18  (cost=0.00..230149.00 rows=4233 width=36)
                                                                                       Filter: (cs_item_sk = cs_item_sk)
                                                                                 ->  Append-only Columnar Scan on catalog_sales_1_prt_19  (cost=0.00..230211.75 rows=4234 width=36)
                                                                                       Filter: (cs_item_sk = cs_item_sk)
                                                                                 ->  Append-only Columnar Scan on catalog_sales_1_prt_20  (cost=0.00..230212.50 rows=4234 width=36)
                                                                                       Filter: (cs_item_sk = cs_item_sk)
                                                                                 ->  Append-only Columnar Scan on catalog_sales_1_prt_21  (cost=0.00..230306.75 rows=4236 width=36)
                                                                                       Filter: (cs_item_sk = cs_item_sk)
                                                                                 ->  Append-only Columnar Scan on catalog_sales_1_prt_22  (cost=0.00..335069.00 rows=6162 width=36)
                                                                                       Filter: (cs_item_sk = cs_item_sk)
                                                                                 ->  Append-only Columnar Scan on catalog_sales_1_prt_23  (cost=0.00..524053.00 rows=9638 width=36)
                                                                                       Filter: (cs_item_sk = cs_item_sk)
                                                                                 ->  Append-only Columnar Scan on catalog_sales_1_prt_24  (cost=0.00..524090.00 rows=9638 width=36)
                                                                                       Filter: (cs_item_sk = cs_item_sk)
                                                                                 ->  Append-only Columnar Scan on catalog_sales_1_prt_25  (cost=0.00..543373.25 rows=9993 width=36)
                                                                                       Filter: (cs_item_sk = cs_item_sk)
                                                                                 ->  Append-only Columnar Scan on catalog_sales_1_prt_26  (cost=0.00..794024.50 rows=14602 width=36)
                                                                                       Filter: (cs_item_sk = cs_item_sk)
                                                                                 ->  Append-only Columnar Scan on catalog_sales_1_prt_27  (cost=0.00..793994.50 rows=14602 width=36)
                                                                                       Filter: (cs_item_sk = cs_item_sk)
                                                                                 ->  Append-only Columnar Scan on catalog_sales_1_prt_28  (cost=0.00..270223.25 rows=4970 width=36)
                                                                                       Filter: (cs_item_sk = cs_item_sk)
                                                                                 ->  Append-only Columnar Scan on catalog_sales_1_prt_29  (cost=0.00..229887.50 rows=4228 width=36)
                                                                                       Filter: (cs_item_sk = cs_item_sk)
                                                                                 ->  Append-only Columnar Scan on catalog_sales_1_prt_30  (cost=0.00..229884.75 rows=4228 width=36)
                                                                                       Filter: (cs_item_sk = cs_item_sk)
                                                                                 ->  Append-only Columnar Scan on catalog_sales_1_prt_31  (cost=0.00..229949.50 rows=4229 width=36)
                                                                                       Filter: (cs_item_sk = cs_item_sk)
                                                                                 ->  Append-only Columnar Scan on catalog_sales_1_prt_32  (cost=0.00..229862.50 rows=4227 width=36)
                                                                                       Filter: (cs_item_sk = cs_item_sk)
                                                                                 ->  Append-only Columnar Scan on catalog_sales_1_prt_33  (cost=0.00..229841.50 rows=4227 width=36)
                                                                                       Filter: (cs_item_sk = cs_item_sk)
                                                                                 ->  Append-only Columnar Scan on catalog_sales_1_prt_34  (cost=0.00..229927.00 rows=4228 width=36)
                                                                                       Filter: (cs_item_sk = cs_item_sk)
                                                                                 ->  Append-only Columnar Scan on catalog_sales_1_prt_35  (cost=0.00..324100.25 rows=5960 width=36)
                                                                                       Filter: (cs_item_sk = cs_item_sk)
                                                                                 ->  Append-only Columnar Scan on catalog_sales_1_prt_36  (cost=0.00..523271.50 rows=9623 width=36)
                                                                                       Filter: (cs_item_sk = cs_item_sk)
                                                                                 ->  Append-only Columnar Scan on catalog_sales_1_prt_37  (cost=0.00..523158.25 rows=9621 width=36)
                                                                                       Filter: (cs_item_sk = cs_item_sk)
                                                                                 ->  Append-only Columnar Scan on catalog_sales_1_prt_38  (cost=0.00..532673.75 rows=9796 width=36)
                                                                                       Filter: (cs_item_sk = cs_item_sk)
                                                                                 ->  Append-only Columnar Scan on catalog_sales_1_prt_39  (cost=0.00..792505.00 rows=14574 width=36)
                                                                                       Filter: (cs_item_sk = cs_item_sk)
                                                                                 ->  Append-only Columnar Scan on catalog_sales_1_prt_40  (cost=0.00..792605.25 rows=14576 width=36)
                                                                                       Filter: (cs_item_sk = cs_item_sk)
                                                                                 ->  Append-only Columnar Scan on catalog_sales_1_prt_41  (cost=0.00..310545.50 rows=5711 width=36)
                                                                                       Filter: (cs_item_sk = cs_item_sk)
                                                                                 ->  Append-only Columnar Scan on catalog_sales_1_prt_42  (cost=0.00..230079.50 rows=4231 width=36)
                                                                                       Filter: (cs_item_sk = cs_item_sk)
                                                                                 ->  Append-only Columnar Scan on catalog_sales_1_prt_43  (cost=0.00..221989.25 rows=4083 width=36)
                                                                                       Filter: (cs_item_sk = cs_item_sk)
                                                                                 ->  Append-only Columnar Scan on catalog_sales_1_prt_44  (cost=0.00..230197.00 rows=4234 width=36)
                                                                                       Filter: (cs_item_sk = cs_item_sk)
                                                                                 ->  Append-only Columnar Scan on catalog_sales_1_prt_45  (cost=0.00..230181.00 rows=4233 width=36)
                                                                                       Filter: (cs_item_sk = cs_item_sk)
                                                                                 ->  Append-only Columnar Scan on catalog_sales_1_prt_46  (cost=0.00..230237.25 rows=4234 width=36)
                                                                                       Filter: (cs_item_sk = cs_item_sk)
                                                                                 ->  Append-only Columnar Scan on catalog_sales_1_prt_47  (cost=0.00..230239.25 rows=4234 width=36)
                                                                                       Filter: (cs_item_sk = cs_item_sk)
                                                                                 ->  Append-only Columnar Scan on catalog_sales_1_prt_48  (cost=0.00..303635.25 rows=5584 width=36)
                                                                                       Filter: (cs_item_sk = cs_item_sk)
                                                                                 ->  Append-only Columnar Scan on catalog_sales_1_prt_49  (cost=0.00..524159.00 rows=9639 width=36)
                                                                                       Filter: (cs_item_sk = cs_item_sk)
                                                                                 ->  Append-only Columnar Scan on catalog_sales_1_prt_50  (cost=0.00..523978.25 rows=9636 width=36)
                                                                                       Filter: (cs_item_sk = cs_item_sk)
                                                                                 ->  Append-only Columnar Scan on catalog_sales_1_prt_51  (cost=0.00..523982.75 rows=9636 width=36)
                                                                                       Filter: (cs_item_sk = cs_item_sk)
                                                                                 ->  Append-only Columnar Scan on catalog_sales_1_prt_52  (cost=0.00..784207.75 rows=14422 width=36)
                                                                                       Filter: (cs_item_sk = cs_item_sk)
                                                                                 ->  Append-only Columnar Scan on catalog_sales_1_prt_53  (cost=0.00..793814.50 rows=14598 width=36)
                                                                                       Filter: (cs_item_sk = cs_item_sk)
                                                                                 ->  Append-only Columnar Scan on catalog_sales_1_prt_54  (cost=0.00..331004.00 rows=6087 width=36)
                                                                                       Filter: (cs_item_sk = cs_item_sk)
                                                                                 ->  Append-only Columnar Scan on catalog_sales_1_prt_55  (cost=0.00..230255.50 rows=4235 width=36)
                                                                                       Filter: (cs_item_sk = cs_item_sk)
                                                                                 ->  Append-only Columnar Scan on catalog_sales_1_prt_56  (cost=0.00..221935.25 rows=4082 width=36)
                                                                                       Filter: (cs_item_sk = cs_item_sk)
                                                                                 ->  Append-only Columnar Scan on catalog_sales_1_prt_57  (cost=0.00..230220.75 rows=4234 width=36)
                                                                                       Filter: (cs_item_sk = cs_item_sk)
                                                                                 ->  Append-only Columnar Scan on catalog_sales_1_prt_58  (cost=0.00..230179.00 rows=4233 width=36)
                                                                                       Filter: (cs_item_sk = cs_item_sk)
                                                                                 ->  Append-only Columnar Scan on catalog_sales_1_prt_59  (cost=0.00..230205.25 rows=4234 width=36)
                                                                                       Filter: (cs_item_sk = cs_item_sk)
                                                                                 ->  Append-only Columnar Scan on catalog_sales_1_prt_60  (cost=0.00..230163.00 rows=4233 width=36)
                                                                                       Filter: (cs_item_sk = cs_item_sk)
                                                                                 ->  Append-only Columnar Scan on catalog_sales_1_prt_61  (cost=0.00..293164.25 rows=5391 width=36)
                                                                                       Filter: (cs_item_sk = cs_item_sk)
                                                                                 ->  Append-only Columnar Scan on catalog_sales_1_prt_62  (cost=0.00..524006.00 rows=9637 width=36)
                                                                                       Filter: (cs_item_sk = cs_item_sk)
                                                                                 ->  Append-only Columnar Scan on catalog_sales_1_prt_63  (cost=0.00..524036.25 rows=9637 width=36)
                                                                                       Filter: (cs_item_sk = cs_item_sk)
                                                                                 ->  Append-only Columnar Scan on catalog_sales_1_prt_64  (cost=0.00..523941.75 rows=9635 width=36)
                                                                                       Filter: (cs_item_sk = cs_item_sk)
                                                                                 ->  Append-only Columnar Scan on catalog_sales_1_prt_65  (cost=0.00..774555.00 rows=14244 width=36)
                                                                                       Filter: (cs_item_sk = cs_item_sk)
                                                                                 ->  Append-only Columnar Scan on catalog_sales_1_prt_66  (cost=0.00..793632.00 rows=14595 width=36)
                                                                                       Filter: (cs_item_sk = cs_item_sk)
                                                                                 ->  Append-only Columnar Scan on catalog_sales_1_prt_67  (cost=0.00..283651.75 rows=5217 width=36)
                                                                                       Filter: (cs_item_sk = cs_item_sk)
                                                                                 ->  Append-only Columnar Scan on catalog_sales_1_prt_68  (cost=0.00..1.00 rows=1 width=52)
                                                                                       Filter: (cs_item_sk = cs_item_sk)
                                                                                 ->  Append-only Columnar Scan on catalog_sales_1_prt_69  (cost=0.00..1.00 rows=1 width=52)
                                                                                       Filter: (cs_item_sk = cs_item_sk)
                                                                                 ->  Append-only Columnar Scan on catalog_sales_1_prt_70  (cost=0.00..1.00 rows=1 width=52)
                                                                                       Filter: (cs_item_sk = cs_item_sk)
                                                                                 ->  Append-only Columnar Scan on catalog_sales_1_prt_71  (cost=0.00..1.00 rows=1 width=52)
                                                                                       Filter: (cs_item_sk = cs_item_sk)
                                                                                 ->  Append-only Columnar Scan on catalog_sales_1_prt_72  (cost=0.00..1.00 rows=1 width=52)
                                                                                       Filter: (cs_item_sk = cs_item_sk)
                                                                                 ->  Append-only Columnar Scan on catalog_sales_1_prt_73  (cost=0.00..1.00 rows=1 width=52)
                                                                                       Filter: (cs_item_sk = cs_item_sk)
                                                                                 ->  Append-only Columnar Scan on catalog_sales_1_prt_74  (cost=0.00..1.00 rows=1 width=52)
                                                                                       Filter: (cs_item_sk = cs_item_sk)
                                                                                 ->  Append-only Columnar Scan on catalog_sales_1_prt_75  (cost=0.00..1.00 rows=1 width=52)
                                                                                       Filter: (cs_item_sk = cs_item_sk)
                                                                                 ->  Append-only Columnar Scan on catalog_sales_1_prt_76  (cost=0.00..1.00 rows=1 width=52)
                                                                                       Filter: (cs_item_sk = cs_item_sk)
                                                                                 ->  Append-only Columnar Scan on catalog_sales_1_prt_77  (cost=0.00..1.00 rows=1 width=52)
                                                                                       Filter: (cs_item_sk = cs_item_sk)
                                                                                 ->  Append-only Columnar Scan on catalog_sales_1_prt_78  (cost=0.00..1.00 rows=1 width=52)
                                                                                       Filter: (cs_item_sk = cs_item_sk)
                                                                                 ->  Append-only Columnar Scan on catalog_sales_1_prt_79  (cost=0.00..1.00 rows=1 width=52)
                                                                                       Filter: (cs_item_sk = cs_item_sk)
                                                                                 ->  Append-only Columnar Scan on catalog_sales_1_prt_80  (cost=0.00..1.00 rows=1 width=52)
                                                                                       Filter: (cs_item_sk = cs_item_sk)
                                                                           ->  Hash  (cost=2048707.25..2048707.25 rows=47998910 width=12)
                                                                                 ->  Append  (cost=0.00..2048707.25 rows=47998910 width=12)
                                                                                       ->  Append-only Columnar Scan on catalog_returns_1_prt_outliers  (cost=0.00..1.00 rows=1 width=12)
                                                                                       ->  Append-only Columnar Scan on catalog_returns_1_prt_2  (cost=0.00..89.94 rows=1932 width=12)
                                                                                       ->  Append-only Columnar Scan on catalog_returns_1_prt_3  (cost=0.00..839.14 rows=19405 width=12)
                                                                                       ->  Append-only Columnar Scan on catalog_returns_1_prt_4  (cost=0.00..2485.51 rows=57851 width=12)
                                                                                       ->  Append-only Columnar Scan on catalog_returns_1_prt_5  (cost=0.00..4960.98 rows=115933 width=12)
                                                                                       ->  Append-only Columnar Scan on catalog_returns_1_prt_6  (cost=0.00..7782.08 rows=182003 width=12)
                                                                                       ->  Append-only Columnar Scan on catalog_returns_1_prt_7  (cost=0.00..10621.88 rows=248696 width=12)
                                                                                       ->  Append-only Columnar Scan on catalog_returns_1_prt_8  (cost=0.00..13478.93 rows=315565 width=12)
                                                                                       ->  Append-only Columnar Scan on catalog_returns_1_prt_9  (cost=0.00..15896.40 rows=372214 width=12)
                                                                                       ->  Append-only Columnar Scan on catalog_returns_1_prt_10  (cost=0.00..17750.30 rows=415710 width=12)
                                                                                       ->  Append-only Columnar Scan on catalog_returns_1_prt_11  (cost=0.00..19794.70 rows=463690 width=12)
                                                                                       ->  Append-only Columnar Scan on catalog_returns_1_prt_12  (cost=0.00..22437.10 rows=525604 width=12)
                                                                                       ->  Append-only Columnar Scan on catalog_returns_1_prt_13  (cost=0.00..26080.50 rows=611050 width=12)
                                                                                       ->  Append-only Columnar Scan on catalog_returns_1_prt_14  (cost=0.00..30734.10 rows=720170 width=12)
                                                                                       ->  Append-only Columnar Scan on catalog_returns_1_prt_15  (cost=0.00..36307.80 rows=850860 width=12)
                                                                                       ->  Append-only Columnar Scan on catalog_returns_1_prt_16  (cost=0.00..41041.30 rows=961744 width=12)
                                                                                       ->  Append-only Columnar Scan on catalog_returns_1_prt_17  (cost=0.00..43099.50 rows=1009950 width=12)
                                                                                       ->  Append-only Columnar Scan on catalog_returns_1_prt_18  (cost=0.00..41879.10 rows=981337 width=12)
                                                                                       ->  Append-only Columnar Scan on catalog_returns_1_prt_19  (cost=0.00..38497.60 rows=902120 width=12)
                                                                                       ->  Append-only Columnar Scan on catalog_returns_1_prt_20  (cost=0.00..34174.60 rows=800720 width=12)
                                                                                       ->  Append-only Columnar Scan on catalog_returns_1_prt_21  (cost=0.00..28866.00 rows=676300 width=12)
                                                                                       ->  Append-only Columnar Scan on catalog_returns_1_prt_22  (cost=0.00..23528.20 rows=551174 width=12)
                                                                                       ->  Append-only Columnar Scan on catalog_returns_1_prt_23  (cost=0.00..20118.40 rows=471247 width=12)
                                                                                       ->  Append-only Columnar Scan on catalog_returns_1_prt_24  (cost=0.00..19874.50 rows=465584 width=12)
                                                                                       ->  Append-only Columnar Scan on catalog_returns_1_prt_25  (cost=0.00..22296.70 rows=522290 width=12)
                                                                                       ->  Append-only Columnar Scan on catalog_returns_1_prt_26  (cost=0.00..25917.20 rows=607140 width=12)
                                                                                       ->  Append-only Columnar Scan on catalog_returns_1_prt_27  (cost=0.00..30522.50 rows=715184 width=12)
                                                                                       ->  Append-only Columnar Scan on catalog_returns_1_prt_28  (cost=0.00..36052.80 rows=844894 width=12)
                                                                                       ->  Append-only Columnar Scan on catalog_returns_1_prt_29  (cost=0.00..40956.30 rows=959777 width=12)
                                                                                       ->  Append-only Columnar Scan on catalog_returns_1_prt_30  (cost=0.00..43148.40 rows=1011214 width=12)
                                                                                       ->  Append-only Columnar Scan on catalog_returns_1_prt_31  (cost=0.00..42010.00 rows=984434 width=12)
                                                                                       ->  Append-only Columnar Scan on catalog_returns_1_prt_32  (cost=0.00..38722.30 rows=907377 width=12)
                                                                                       ->  Append-only Columnar Scan on catalog_returns_1_prt_33  (cost=0.00..34426.40 rows=806647 width=12)
                                                                                       ->  Append-only Columnar Scan on catalog_returns_1_prt_34  (cost=0.00..29177.30 rows=683644 width=12)
                                                                                       ->  Append-only Columnar Scan on catalog_returns_1_prt_35  (cost=0.00..23787.80 rows=557327 width=12)
                                                                                       ->  Append-only Columnar Scan on catalog_returns_1_prt_36  (cost=0.00..20236.00 rows=474067 width=12)
                                                                                       ->  Append-only Columnar Scan on catalog_returns_1_prt_37  (cost=0.00..19907.20 rows=466240 width=12)
                                                                                       ->  Append-only Columnar Scan on catalog_returns_1_prt_38  (cost=0.00..22185.10 rows=519704 width=12)
                                                                                       ->  Append-only Columnar Scan on catalog_returns_1_prt_39  (cost=0.00..25740.00 rows=603100 width=12)
                                                                                       ->  Append-only Columnar Scan on catalog_returns_1_prt_40  (cost=0.00..30341.40 rows=710914 width=12)
                                                                                       ->  Append-only Columnar Scan on catalog_returns_1_prt_41  (cost=0.00..35869.30 rows=840477 width=12)
                                                                                       ->  Append-only Columnar Scan on catalog_returns_1_prt_42  (cost=0.00..40858.00 rows=957467 width=12)
                                                                                       ->  Append-only Columnar Scan on catalog_returns_1_prt_43  (cost=0.00..43189.40 rows=1012114 width=12)
                                                                                       ->  Append-only Columnar Scan on catalog_returns_1_prt_44  (cost=0.00..42208.80 rows=989160 width=12)
                                                                                       ->  Append-only Columnar Scan on catalog_returns_1_prt_45  (cost=0.00..39037.10 rows=914804 width=12)
                                                                                       ->  Append-only Columnar Scan on catalog_returns_1_prt_46  (cost=0.00..34783.00 rows=815100 width=12)
                                                                                       ->  Append-only Columnar Scan on catalog_returns_1_prt_47  (cost=0.00..29479.40 rows=690714 width=12)
                                                                                       ->  Append-only Columnar Scan on catalog_returns_1_prt_48  (cost=0.00..24074.70 rows=564057 width=12)
                                                                                       ->  Append-only Columnar Scan on catalog_returns_1_prt_49  (cost=0.00..20308.20 rows=475707 width=12)
                                                                                       ->  Append-only Columnar Scan on catalog_returns_1_prt_50  (cost=0.00..19762.20 rows=462907 width=12)
                                                                                       ->  Append-only Columnar Scan on catalog_returns_1_prt_51  (cost=0.00..21941.80 rows=513960 width=12)
                                                                                       ->  Append-only Columnar Scan on catalog_returns_1_prt_52  (cost=0.00..25524.00 rows=598034 width=12)
                                                                                       ->  Append-only Columnar Scan on catalog_returns_1_prt_53  (cost=0.00..29988.40 rows=702614 width=12)
                                                                                       ->  Append-only Columnar Scan on catalog_returns_1_prt_54  (cost=0.00..35472.20 rows=831174 width=12)
                                                                                       ->  Append-only Columnar Scan on catalog_returns_1_prt_55  (cost=0.00..40521.40 rows=949514 width=12)
                                                                                       ->  Append-only Columnar Scan on catalog_returns_1_prt_56  (cost=0.00..43037.90 rows=1008564 width=12)
                                                                                       ->  Append-only Columnar Scan on catalog_returns_1_prt_57  (cost=0.00..42199.20 rows=988874 width=12)
                                                                                       ->  Append-only Columnar Scan on catalog_returns_1_prt_58  (cost=0.00..39131.90 rows=916964 width=12)
                                                                                       ->  Append-only Columnar Scan on catalog_returns_1_prt_59  (cost=0.00..34896.90 rows=817730 width=12)
                                                                                       ->  Append-only Columnar Scan on catalog_returns_1_prt_60  (cost=0.00..29665.40 rows=695080 width=12)
                                                                                       ->  Append-only Columnar Scan on catalog_returns_1_prt_61  (cost=0.00..24208.60 rows=567154 width=12)
                                                                                       ->  Append-only Columnar Scan on catalog_returns_1_prt_62  (cost=0.00..20387.30 rows=477644 width=12)
                                                                                       ->  Append-only Columnar Scan on catalog_returns_1_prt_63  (cost=0.00..19741.20 rows=462340 width=12)
                                                                                       ->  Append-only Columnar Scan on catalog_returns_1_prt_64  (cost=0.00..21867.20 rows=512274 width=12)
                                                                                       ->  Append-only Columnar Scan on catalog_returns_1_prt_65  (cost=0.00..25350.50 rows=593884 width=12)
                                                                                       ->  Append-only Columnar Scan on catalog_returns_1_prt_66  (cost=0.00..29837.00 rows=699100 width=12)
                                                                                       ->  Append-only Columnar Scan on catalog_returns_1_prt_67  (cost=0.00..35270.90 rows=826464 width=12)
                                                                                       ->  Append-only Columnar Scan on catalog_returns_1_prt_68  (cost=0.00..40185.20 rows=941674 width=12)
                                                                                       ->  Append-only Columnar Scan on catalog_returns_1_prt_69  (cost=0.00..41789.50 rows=979317 width=12)
                                                                                       ->  Append-only Columnar Scan on catalog_returns_1_prt_70  (cost=0.00..39187.40 rows=918347 width=12)
                                                                                       ->  Append-only Columnar Scan on catalog_returns_1_prt_71  (cost=0.00..33506.60 rows=785120 width=12)
                                                                                       ->  Append-only Columnar Scan on catalog_returns_1_prt_72  (cost=0.00..26483.20 rows=620407 width=12)
                                                                                       ->  Append-only Columnar Scan on catalog_returns_1_prt_73  (cost=0.00..18408.20 rows=431207 width=12)
                                                                                       ->  Append-only Columnar Scan on catalog_returns_1_prt_74  (cost=0.00..10161.74 rows=237858 width=12)
                                                                                       ->  Append-only Columnar Scan on catalog_returns_1_prt_75  (cost=0.00..3892.67 rows=90823 width=12)
                                                                                       ->  Append-only Columnar Scan on catalog_returns_1_prt_76  (cost=0.00..672.49 rows=15283 width=12)
                                                                                       ->  Append-only Columnar Scan on catalog_returns_1_prt_77  (cost=0.00..38.39 rows=213 width=12)
                                                                                       ->  Append-only Columnar Scan on catalog_returns_1_prt_78  (cost=0.00..1.00 rows=1 width=12)
                                                                                       ->  Append-only Columnar Scan on catalog_returns_1_prt_79  (cost=0.00..1.00 rows=1 width=12)
                                                                                       ->  Append-only Columnar Scan on catalog_returns_1_prt_80  (cost=0.00..1.00 rows=1 width=12)
                                                               ->  Hash  (cost=1269.11..1269.11 rows=122 width=8)
                                                                     ->  Seq Scan on date_dim  (cost=0.00..1269.11 rows=122 width=8)
                                                                           Filter: (d_year = 2000)
                           ->  Hash  (cost=0.81..0.81 rows=2 width=156)
                                 ->  Redistribute Motion 3:3  (slice10; segments: 3)  (cost=0.30..0.81 rows=2 width=156)
                                       Hash Key: store_sales_1_prt_outliers.ss_customer_sk
                                       ->  Hash Right Join  (cost=0.30..0.75 rows=2 width=156)
                                             Hash Cond: ((ws.ws_sold_year = date_dim_2.d_year) AND (ws.ws_item_sk = store_sales_1_prt_outliers.ss_item_sk) AND (ws.ws_customer_sk = store_sales_1_prt_outliers.ss_customer_sk))
                                             Filter: (COALESCE(ws.ws_qty, 0::bigint) > 0)
                                             ->  Redistribute Motion 3:3  (slice7; segments: 3)  (cost=0.00..0.32 rows=3 width=84)
                                                   Hash Key: 2000, ws.ws_item_sk, ws.ws_customer_sk
                                                   ->  Subquery Scan on ws  (cost=0.00..0.16 rows=3 width=84)
                                                         ->  HashAggregate  (cost=18420483.31..18420483.43 rows=3 width=84)
                                                               Group Key: date_dim_1.d_year, web_sales_1_prt_outliers.ws_item_sk, web_sales_1_prt_outliers.ws_bill_customer_sk
                                                               ->  Redistribute Motion 3:3  (slice6; segments: 3)  (cost=18420482.95..18420483.11 rows=3 width=84)
                                                                     Hash Key: date_dim_1.d_year, web_sales_1_prt_outliers.ws_item_sk, web_sales_1_prt_outliers.ws_bill_customer_sk
                                                                     ->  HashAggregate  (cost=18420482.95..18420482.95 rows=3 width=84)
                                                                           Group Key: date_dim_1.d_year, web_sales_1_prt_outliers.ws_item_sk, web_sales_1_prt_outliers.ws_bill_customer_sk
                                                                           ->  Hash Join  (cost=3504430.20..18420482.82 rows=3 width=28)
                                                                                 Hash Cond: (web_sales_1_prt_outliers.ws_sold_date_sk = date_dim_1.d_date_sk)
                                                                                 ->  Redistribute Motion 3:3  (slice5; segments: 3)  (cost=3503156.53..18419208.95 rows=10 width=28)
                                                                                       Hash Key: web_sales_1_prt_outliers.ws_sold_date_sk
                                                                                       ->  Hash Anti Join  (cost=3503156.53..18419208.36 rows=10 width=28)
                                                                                             Hash Cond: ((web_sales_1_prt_outliers.ws_item_sk = web_returns_1_prt_outliers.wr_item_sk) AND (web_sales_1_prt_outliers.ws_order_number = web_returns_1_prt_outliers.wr_order_number))
                                                                                             ->  Append  (cost=0.00..11136051.31 rows=240000015 width=32)
                                                                                                   ->  Append-only Columnar Scan on web_sales_1_prt_outliers  (cost=0.00..2391.21 rows=59974 width=32)
                                                                                                   ->  Append-only Columnar Scan on web_sales_1_prt_2  (cost=0.00..94902.80 rows=2044794 width=32)
                                                                                                   ->  Append-only Columnar Scan on web_sales_1_prt_3  (cost=0.00..98794.40 rows=2129180 width=32)
                                                                                                   ->  Append-only Columnar Scan on web_sales_1_prt_4  (cost=0.00..95176.20 rows=2051340 width=32)
                                                                                                   ->  Append-only Columnar Scan on web_sales_1_prt_5  (cost=0.00..98886.20 rows=2130874 width=32)
                                                                                                   ->  Append-only Columnar Scan on web_sales_1_prt_6  (cost=0.00..98686.80 rows=2126394 width=32)
                                                                                                   ->  Append-only Columnar Scan on web_sales_1_prt_7  (cost=0.00..98900.30 rows=2131144 width=32)
                                                                                                   ->  Append-only Columnar Scan on web_sales_1_prt_8  (cost=0.00..98568.30 rows=2124144 width=32)
                                                                                                   ->  Append-only Columnar Scan on web_sales_1_prt_9  (cost=0.00..143675.40 rows=3096280 width=32)
                                                                                                   ->  Append-only Columnar Scan on web_sales_1_prt_10  (cost=0.00..224454.00 rows=4837567 width=32)
                                                                                                   ->  Append-only Columnar Scan on web_sales_1_prt_11  (cost=0.00..224538.00 rows=4838600 width=32)
                                                                                                   ->  Append-only Columnar Scan on web_sales_1_prt_12  (cost=0.00..232917.00 rows=5019700 width=32)
                                                                                                   ->  Append-only Columnar Scan on web_sales_1_prt_13  (cost=0.00..340347.00 rows=7335234 width=32)
                                                                                                   ->  Append-only Columnar Scan on web_sales_1_prt_14  (cost=0.00..339963.00 rows=7326700 width=32)
                                                                                                   ->  Append-only Columnar Scan on web_sales_1_prt_15  (cost=0.00..128058.80 rows=2759894 width=32)
                                                                                                   ->  Append-only Columnar Scan on web_sales_1_prt_16  (cost=0.00..98762.90 rows=2127930 width=32)
                                                                                                   ->  Append-only Columnar Scan on web_sales_1_prt_17  (cost=0.00..95130.30 rows=2049977 width=32)
                                                                                                   ->  Append-only Columnar Scan on web_sales_1_prt_18  (cost=0.00..98536.30 rows=2123477 width=32)
                                                                                                   ->  Append-only Columnar Scan on web_sales_1_prt_19  (cost=0.00..98763.80 rows=2128160 width=32)
                                                                                                   ->  Append-only Columnar Scan on web_sales_1_prt_20  (cost=0.00..98632.00 rows=2125534 width=32)
                                                                                                   ->  Append-only Columnar Scan on web_sales_1_prt_21  (cost=0.00..98600.90 rows=2124597 width=32)
                                                                                                   ->  Append-only Columnar Scan on web_sales_1_prt_22  (cost=0.00..139196.60 rows=2999954 width=32)
                                                                                                   ->  Append-only Columnar Scan on web_sales_1_prt_23  (cost=0.00..224702.00 rows=4842300 width=32)
                                                                                                   ->  Append-only Columnar Scan on web_sales_1_prt_24  (cost=0.00..224404.00 rows=4836067 width=32)
                                                                                                   ->  Append-only Columnar Scan on web_sales_1_prt_25  (cost=0.00..228579.00 rows=4926567 width=32)
                                                                                                   ->  Append-only Columnar Scan on web_sales_1_prt_26  (cost=0.00..340407.00 rows=7336234 width=32)
                                                                                                   ->  Append-only Columnar Scan on web_sales_1_prt_27  (cost=0.00..339824.00 rows=7323934 width=32)
                                                                                                   ->  Append-only Columnar Scan on web_sales_1_prt_28  (cost=0.00..136669.10 rows=2945270 width=32)
                                                                                                   ->  Append-only Columnar Scan on web_sales_1_prt_29  (cost=0.00..98265.40 rows=2117680 width=32)
                                                                                                   ->  Append-only Columnar Scan on web_sales_1_prt_30  (cost=0.00..98510.80 rows=2122894 width=32)
                                                                                                   ->  Append-only Columnar Scan on web_sales_1_prt_31  (cost=0.00..98626.80 rows=2125460 width=32)
                                                                                                   ->  Append-only Columnar Scan on web_sales_1_prt_32  (cost=0.00..98594.80 rows=2124860 width=32)
                                                                                                   ->  Append-only Columnar Scan on web_sales_1_prt_33  (cost=0.00..98426.60 rows=2121220 width=32)
                                                                                                   ->  Append-only Columnar Scan on web_sales_1_prt_34  (cost=0.00..98533.60 rows=2123320 width=32)
                                                                                                   ->  Append-only Columnar Scan on web_sales_1_prt_35  (cost=0.00..134141.00 rows=2890900 width=32)
                                                                                                   ->  Append-only Columnar Scan on web_sales_1_prt_36  (cost=0.00..224203.00 rows=4832167 width=32)
                                                                                                   ->  Append-only Columnar Scan on web_sales_1_prt_37  (cost=0.00..224486.00 rows=4838100 width=32)
                                                                                                   ->  Append-only Columnar Scan on web_sales_1_prt_38  (cost=0.00..224574.00 rows=4840000 width=32)
                                                                                                   ->  Append-only Columnar Scan on web_sales_1_prt_39  (cost=0.00..339843.00 rows=7323734 width=32)
                                                                                                   ->  Append-only Columnar Scan on web_sales_1_prt_40  (cost=0.00..339993.00 rows=7327400 width=32)
                                                                                                   ->  Append-only Columnar Scan on web_sales_1_prt_41  (cost=0.00..141767.90 rows=3054930 width=32)
                                                                                                   ->  Append-only Columnar Scan on web_sales_1_prt_42  (cost=0.00..98461.00 rows=2121867 width=32)
                                                                                                   ->  Append-only Columnar Scan on web_sales_1_prt_43  (cost=0.00..95277.50 rows=2053050 width=32)
                                                                                                   ->  Append-only Columnar Scan on web_sales_1_prt_44  (cost=0.00..98854.40 rows=2130480 width=32)
                                                                                                   ->  Append-only Columnar Scan on web_sales_1_prt_45  (cost=0.00..98738.70 rows=2127790 width=32)
                                                                                                   ->  Append-only Columnar Scan on web_sales_1_prt_46  (cost=0.00..98685.60 rows=2126654 width=32)
                                                                                                   ->  Append-only Columnar Scan on web_sales_1_prt_47  (cost=0.00..98998.50 rows=2133217 width=32)
                                                                                                   ->  Append-only Columnar Scan on web_sales_1_prt_48  (cost=0.00..125716.80 rows=2709260 width=32)
                                                                                                   ->  Append-only Columnar Scan on web_sales_1_prt_49  (cost=0.00..224729.00 rows=4843367 width=32)
                                                                                                   ->  Append-only Columnar Scan on web_sales_1_prt_50  (cost=0.00..224641.00 rows=4841034 width=32)
                                                                                                   ->  Append-only Columnar Scan on web_sales_1_prt_51  (cost=0.00..224630.00 rows=4841267 width=32)
                                                                                                   ->  Append-only Columnar Scan on web_sales_1_prt_52  (cost=0.00..332139.00 rows=7158600 width=32)
                                                                                                   ->  Append-only Columnar Scan on web_sales_1_prt_53  (cost=0.00..340420.00 rows=7336634 width=32)
                                                                                                   ->  Append-only Columnar Scan on web_sales_1_prt_54  (cost=0.00..162712.00 rows=3506534 width=32)
                                                                                                   ->  Append-only Columnar Scan on web_sales_1_prt_55  (cost=0.00..98867.20 rows=2130440 width=32)
                                                                                                   ->  Append-only Columnar Scan on web_sales_1_prt_56  (cost=0.00..95121.00 rows=2049967 width=32)
                                                                                                   ->  Append-only Columnar Scan on web_sales_1_prt_57  (cost=0.00..98600.60 rows=2124820 width=32)
                                                                                                   ->  Append-only Columnar Scan on web_sales_1_prt_58  (cost=0.00..98639.10 rows=2125604 width=32)
                                                                                                   ->  Append-only Columnar Scan on web_sales_1_prt_59  (cost=0.00..98591.40 rows=2124880 width=32)
                                                                                                   ->  Append-only Columnar Scan on web_sales_1_prt_60  (cost=0.00..98868.30 rows=2130610 width=32)
                                                                                                   ->  Append-only Columnar Scan on web_sales_1_prt_61  (cost=0.00..121113.60 rows=2609954 width=32)
                                                                                                   ->  Append-only Columnar Scan on web_sales_1_prt_62  (cost=0.00..224388.00 rows=4835634 width=32)
                                                                                                   ->  Append-only Columnar Scan on web_sales_1_prt_63  (cost=0.00..224495.00 rows=4837834 width=32)
                                                                                                   ->  Append-only Columnar Scan on web_sales_1_prt_64  (cost=0.00..224520.00 rows=4838767 width=32)
                                                                                                   ->  Append-only Columnar Scan on web_sales_1_prt_65  (cost=0.00..328357.00 rows=7076767 width=32)
                                                                                                   ->  Append-only Columnar Scan on web_sales_1_prt_66  (cost=0.00..340970.00 rows=7348567 width=32)
                                                                                                   ->  Append-only Columnar Scan on web_sales_1_prt_67  (cost=0.00..97070.40 rows=2091947 width=32)
                                                                                                   ->  Append-only Columnar Scan on web_sales_1_prt_68  (cost=0.00..1.00 rows=1 width=48)
                                                                                                   ->  Append-only Columnar Scan on web_sales_1_prt_69  (cost=0.00..1.00 rows=1 width=48)
                                                                                                   ->  Append-only Columnar Scan on web_sales_1_prt_70  (cost=0.00..1.00 rows=1 width=48)
                                                                                                   ->  Append-only Columnar Scan on web_sales_1_prt_71  (cost=0.00..1.00 rows=1 width=48)
                                                                                                   ->  Append-only Columnar Scan on web_sales_1_prt_72  (cost=0.00..1.00 rows=1 width=48)
                                                                                                   ->  Append-only Columnar Scan on web_sales_1_prt_73  (cost=0.00..1.00 rows=1 width=48)
                                                                                                   ->  Append-only Columnar Scan on web_sales_1_prt_74  (cost=0.00..1.00 rows=1 width=48)
                                                                                                   ->  Append-only Columnar Scan on web_sales_1_prt_75  (cost=0.00..1.00 rows=1 width=48)
                                                                                                   ->  Append-only Columnar Scan on web_sales_1_prt_76  (cost=0.00..1.00 rows=1 width=48)
                                                                                                   ->  Append-only Columnar Scan on web_sales_1_prt_77  (cost=0.00..1.00 rows=1 width=48)
                                                                                                   ->  Append-only Columnar Scan on web_sales_1_prt_78  (cost=0.00..1.00 rows=1 width=48)
                                                                                                   ->  Append-only Columnar Scan on web_sales_1_prt_79  (cost=0.00..1.00 rows=1 width=48)
                                                                                                   ->  Append-only Columnar Scan on web_sales_1_prt_80  (cost=0.00..1.00 rows=1 width=48)
                                                                                             ->  Hash  (cost=2423193.35..2423193.35 rows=23999182 width=8)
                                                                                                   ->  Redistribute Motion 3:3  (slice4; segments: 3)  (cost=0.00..2423193.35 rows=23999182 width=8)
                                                                                                         Hash Key: web_returns_1_prt_outliers.wr_item_sk, web_returns_1_prt_outliers.wr_order_number
                                                                                                         ->  Append  (cost=0.00..983242.45 rows=23999182 width=8)
                                                                                                               ->  Append-only Columnar Scan on web_returns_1_prt_outliers  (cost=0.00..38893.60 rows=1079754 width=8)
                                                                                                               ->  Append-only Columnar Scan on web_returns_1_prt_2  (cost=0.00..51.87 rows=663 width=8)
                                                                                                               ->  Append-only Columnar Scan on web_returns_1_prt_3  (cost=0.00..243.39 rows=5547 width=8)
                                                                                                               ->  Append-only Columnar Scan on web_returns_1_prt_4  (cost=0.00..672.62 rows=16021 width=8)
                                                                                                               ->  Append-only Columnar Scan on web_returns_1_prt_5  (cost=0.00..1337.96 rows=31999 width=8)
                                                                                                               ->  Append-only Columnar Scan on web_returns_1_prt_6  (cost=0.00..2194.10 rows=52937 width=8)
                                                                                                               ->  Append-only Columnar Scan on web_returns_1_prt_7  (cost=0.00..3165.94 rows=76598 width=8)
                                                                                                               ->  Append-only Columnar Scan on web_returns_1_prt_8  (cost=0.00..4149.44 rows=100482 width=8)
                                                                                                               ->  Append-only Columnar Scan on web_returns_1_prt_9  (cost=0.00..5123.76 rows=124092 width=8)
                                                                                                               ->  Append-only Columnar Scan on web_returns_1_prt_10  (cost=0.00..6205.45 rows=150449 width=8)
                                                                                                               ->  Append-only Columnar Scan on web_returns_1_prt_11  (cost=0.00..7467.74 rows=181092 width=8)
                                                                                                               ->  Append-only Columnar Scan on web_returns_1_prt_12  (cost=0.00..8787.18 rows=213173 width=8)
                                                                                                               ->  Append-only Columnar Scan on web_returns_1_prt_13  (cost=0.00..10246.69 rows=248690 width=8)
                                                                                                               ->  Append-only Columnar Scan on web_returns_1_prt_14  (cost=0.00..11962.54 rows=290352 width=8)
                                                                                                               ->  Append-only Columnar Scan on web_returns_1_prt_15  (cost=0.00..13706.59 rows=332753 width=8)
                                                                                                               ->  Append-only Columnar Scan on web_returns_1_prt_16  (cost=0.00..15323.50 rows=371984 width=8)
                                                                                                               ->  Append-only Columnar Scan on web_returns_1_prt_17  (cost=0.00..16613.80 rows=403427 width=8)
                                                                                                               ->  Append-only Columnar Scan on web_returns_1_prt_18  (cost=0.00..17449.40 rows=423747 width=8)
                                                                                                               ->  Append-only Columnar Scan on web_returns_1_prt_19  (cost=0.00..17450.10 rows=423704 width=8)
                                                                                                               ->  Append-only Columnar Scan on web_returns_1_prt_20  (cost=0.00..16964.80 rows=411894 width=8)
                                                                                                               ->  Append-only Columnar Scan on web_returns_1_prt_21  (cost=0.00..16132.20 rows=391674 width=8)
                                                                                                               ->  Append-only Columnar Scan on web_returns_1_prt_22  (cost=0.00..14907.70 rows=361924 width=8)
                                                                                                               ->  Append-only Columnar Scan on web_returns_1_prt_23  (cost=0.00..13378.79 rows=324693 width=8)
                                                                                                               ->  Append-only Columnar Scan on web_returns_1_prt_24  (cost=0.00..12047.21 rows=292341 width=8)
                                                                                                               ->  Append-only Columnar Scan on web_returns_1_prt_25  (cost=0.00..11228.09 rows=272470 width=8)
                                                                                                               ->  Append-only Columnar Scan on web_returns_1_prt_26  (cost=0.00..11109.92 rows=269631 width=8)
                                                                                                               ->  Append-only Columnar Scan on web_returns_1_prt_27  (cost=0.00..12030.70 rows=291957 width=8)
                                                                                                               ->  Append-only Columnar Scan on web_returns_1_prt_28  (cost=0.00..13656.34 rows=331512 width=8)
                                                                                                               ->  Append-only Columnar Scan on web_returns_1_prt_29  (cost=0.00..15310.30 rows=371677 width=8)
                                                                                                               ->  Append-only Columnar Scan on web_returns_1_prt_30  (cost=0.00..16610.30 rows=403277 width=8)
                                                                                                               ->  Append-only Columnar Scan on web_returns_1_prt_31  (cost=0.00..17417.80 rows=422960 width=8)
                                                                                                               ->  Append-only Columnar Scan on web_returns_1_prt_32  (cost=0.00..17462.40 rows=423914 width=8)
                                                                                                               ->  Append-only Columnar Scan on web_returns_1_prt_33  (cost=0.00..16977.10 rows=412204 width=8)
                                                                                                               ->  Append-only Columnar Scan on web_returns_1_prt_34  (cost=0.00..16214.80 rows=393694 width=8)
                                                                                                               ->  Append-only Columnar Scan on web_returns_1_prt_35  (cost=0.00..14996.10 rows=364070 width=8)
                                                                                                               ->  Append-only Columnar Scan on web_returns_1_prt_36  (cost=0.00..13465.95 rows=326865 width=8)
                                                                                                               ->  Append-only Columnar Scan on web_returns_1_prt_37  (cost=0.00..12069.06 rows=292936 width=8)
                                                                                                               ->  Append-only Columnar Scan on web_returns_1_prt_38  (cost=0.00..11277.57 rows=273619 width=8)
                                                                                                               ->  Append-only Columnar Scan on web_returns_1_prt_39  (cost=0.00..11095.59 rows=269287 width=8)
                                                                                                               ->  Append-only Columnar Scan on web_returns_1_prt_40  (cost=0.00..11960.13 rows=290238 width=8)
                                                                                                               ->  Append-only Columnar Scan on web_returns_1_prt_41  (cost=0.00..13588.95 rows=329865 width=8)
                                                                                                               ->  Append-only Columnar Scan on web_returns_1_prt_42  (cost=0.00..15197.90 rows=368897 width=8)
                                                                                                               ->  Append-only Columnar Scan on web_returns_1_prt_43  (cost=0.00..16516.40 rows=401014 width=8)
                                                                                                               ->  Append-only Columnar Scan on web_returns_1_prt_44  (cost=0.00..17313.10 rows=420337 width=8)
                                                                                                               ->  Append-only Columnar Scan on web_returns_1_prt_45  (cost=0.00..17436.40 rows=423380 width=8)
                                                                                                               ->  Append-only Columnar Scan on web_returns_1_prt_46  (cost=0.00..16959.40 rows=411714 width=8)
                                                                                                               ->  Append-only Columnar Scan on web_returns_1_prt_47  (cost=0.00..16178.70 rows=392790 width=8)
                                                                                                               ->  Append-only Columnar Scan on web_returns_1_prt_48  (cost=0.00..14974.00 rows=363534 width=8)
                                                                                                               ->  Append-only Columnar Scan on web_returns_1_prt_49  (cost=0.00..13451.19 rows=326507 width=8)
                                                                                                               ->  Append-only Columnar Scan on web_returns_1_prt_50  (cost=0.00..12077.63 rows=293188 width=8)
                                                                                                               ->  Append-only Columnar Scan on web_returns_1_prt_51  (cost=0.00..11199.36 rows=271779 width=8)
                                                                                                               ->  Append-only Columnar Scan on web_returns_1_prt_52  (cost=0.00..11055.33 rows=268278 width=8)
                                                                                                               ->  Append-only Columnar Scan on web_returns_1_prt_53  (cost=0.00..11851.16 rows=287672 width=8)
                                                                                                               ->  Append-only Columnar Scan on web_returns_1_prt_54  (cost=0.00..13492.27 rows=327476 width=8)
                                                                                                               ->  Append-only Columnar Scan on web_returns_1_prt_55  (cost=0.00..15119.10 rows=367037 width=8)
                                                                                                               ->  Append-only Columnar Scan on web_returns_1_prt_56  (cost=0.00..16452.40 rows=399414 width=8)
                                                                                                               ->  Append-only Columnar Scan on web_returns_1_prt_57  (cost=0.00..17332.10 rows=420837 width=8)
                                                                                                               ->  Append-only Columnar Scan on web_returns_1_prt_58  (cost=0.00..17526.30 rows=425544 width=8)
                                                                                                               ->  Append-only Columnar Scan on web_returns_1_prt_59  (cost=0.00..17030.00 rows=413467 width=8)
                                                                                                               ->  Append-only Columnar Scan on web_returns_1_prt_60  (cost=0.00..16294.00 rows=395634 width=8)
                                                                                                               ->  Append-only Columnar Scan on web_returns_1_prt_61  (cost=0.00..15121.60 rows=367087 width=8)
                                                                                                               ->  Append-only Columnar Scan on web_returns_1_prt_62  (cost=0.00..13616.65 rows=330622 width=8)
                                                                                                               ->  Append-only Columnar Scan on web_returns_1_prt_63  (cost=0.00..12209.64 rows=296355 width=8)
                                                                                                               ->  Append-only Columnar Scan on web_returns_1_prt_64  (cost=0.00..11321.38 rows=274746 width=8)
                                                                                                               ->  Append-only Columnar Scan on web_returns_1_prt_65  (cost=0.00..11070.08 rows=268603 width=8)
                                                                                                               ->  Append-only Columnar Scan on web_returns_1_prt_66  (cost=0.00..11802.27 rows=286443 width=8)
                                                                                                               ->  Append-only Columnar Scan on web_returns_1_prt_67  (cost=0.00..13397.43 rows=325215 width=8)
                                                                                                               ->  Append-only Columnar Scan on web_returns_1_prt_68  (cost=0.00..14873.40 rows=361080 width=8)
                                                                                                               ->  Append-only Columnar Scan on web_returns_1_prt_69  (cost=0.00..15860.80 rows=385127 width=8)
                                                                                                               ->  Append-only Columnar Scan on web_returns_1_prt_70  (cost=0.00..16127.10 rows=391604 width=8)
                                                                                                               ->  Append-only Columnar Scan on web_returns_1_prt_71  (cost=0.00..15525.80 rows=376927 width=8)
                                                                                                               ->  Append-only Columnar Scan on web_returns_1_prt_72  (cost=0.00..14130.60 rows=342987 width=8)
                                                                                                               ->  Append-only Columnar Scan on web_returns_1_prt_73  (cost=0.00..12407.21 rows=301141 width=8)
                                                                                                               ->  Append-only Columnar Scan on web_returns_1_prt_74  (cost=0.00..10303.48 rows=250016 width=8)
                                                                                                               ->  Append-only Columnar Scan on web_returns_1_prt_75  (cost=0.00..7747.34 rows=187845 width=8)
                                                                                                               ->  Append-only Columnar Scan on web_returns_1_prt_76  (cost=0.00..5077.79 rows=123060 width=8)
                                                                                                               ->  Append-only Columnar Scan on web_returns_1_prt_77  (cost=0.00..2838.35 rows=68612 width=8)
                                                                                                               ->  Append-only Columnar Scan on web_returns_1_prt_78  (cost=0.00..1156.60 rows=27854 width=8)
                                                                                                               ->  Append-only Columnar Scan on web_returns_1_prt_79  (cost=0.00..222.03 rows=5201 width=8)
                                                                                                               ->  Append-only Columnar Scan on web_returns_1_prt_80  (cost=0.00..28.69 rows=23 width=8)
                                                                                 ->  Hash  (cost=1269.11..1269.11 rows=122 width=8)
                                                                                       ->  Seq Scan on date_dim date_dim_1  (cost=0.00..1269.11 rows=122 width=8)
                                                                                             Filter: (d_year = 2000)
                                             ->  Hash  (cost=0.16..0.16 rows=3 width=84)
                                                   ->  HashAggregate  (cost=11158278809.47..11158278809.59 rows=3 width=84)
                                                         Group Key: date_dim_2.d_year, store_sales_1_prt_outliers.ss_item_sk, store_sales_1_prt_outliers.ss_customer_sk
                                                         ->  Redistribute Motion 3:3  (slice9; segments: 3)  (cost=11158278809.11..11158278809.27 rows=3 width=84)
                                                               Hash Key: date_dim_2.d_year, store_sales_1_prt_outliers.ss_item_sk, store_sales_1_prt_outliers.ss_customer_sk
                                                               ->  HashAggregate  (cost=11158278809.11..11158278809.11 rows=3 width=84)
                                                                     Group Key: date_dim_2.d_year, store_sales_1_prt_outliers.ss_item_sk, store_sales_1_prt_outliers.ss_customer_sk
                                                                     ->  Hash Join  (cost=11158277537.43..11158278808.98 rows=3 width=28)
                                                                           Hash Cond: (date_dim_2.d_date_sk = store_sales_1_prt_outliers.ss_sold_date_sk)
                                                                           ->  Seq Scan on date_dim date_dim_2  (cost=0.00..1269.11 rows=122 width=8)
                                                                                 Filter: (d_year = 2000)
                                                                           ->  Hash  (cost=11158277537.04..11158277537.04 rows=11 width=28)
                                                                                 ->  Redistribute Motion 3:3  (slice8; segments: 3)  (cost=11133797484.03..11158277537.04 rows=11 width=28)
                                                                                       Hash Key: store_sales_1_prt_outliers.ss_sold_date_sk
                                                                                       ->  Merge Anti Join  (cost=11133797484.03..11158277536.41 rows=11 width=28)
                                                                                             Merge Cond: ((store_sales_1_prt_outliers.ss_ticket_number = store_returns_1_prt_outliers.sr_ticket_number) AND (store_sales_1_prt_outliers.ss_item_sk = store_returns_1_prt_outliers.sr_item_sk))
                                                                                             ->  Sort  (cost=1071392753.62..1078592724.90 rows=959996170 width=36)
                                                                                                   Sort Key: store_sales_1_prt_outliers.ss_ticket_number, store_sales_1_prt_outliers.ss_item_sk
                                                                                                   ->  Append  (cost=0.00..39524635.96 rows=959996170 width=36)
                                                                                                         ->  Append-only Columnar Scan on store_sales_1_prt_outliers  (cost=0.00..1568615.00 rows=43200334 width=36)
                                                                                                         ->  Append-only Columnar Scan on store_sales_1_prt_2  (cost=0.00..324595.00 rows=7840134 width=36)
                                                                                                         ->  Append-only Columnar Scan on store_sales_1_prt_3  (cost=0.00..336211.00 rows=8120800 width=36)
                                                                                                         ->  Append-only Columnar Scan on store_sales_1_prt_4  (cost=0.00..324382.00 rows=7834967 width=36)
                                                                                                         ->  Append-only Columnar Scan on store_sales_1_prt_5  (cost=0.00..336381.00 rows=8124734 width=36)
                                                                                                         ->  Append-only Columnar Scan on store_sales_1_prt_6  (cost=0.00..336417.00 rows=8125800 width=36)
                                                                                                         ->  Append-only Columnar Scan on store_sales_1_prt_7  (cost=0.00..336453.00 rows=8126567 width=36)
                                                                                                         ->  Append-only Columnar Scan on store_sales_1_prt_8  (cost=0.00..336058.00 rows=8116967 width=36)
                                                                                                         ->  Append-only Columnar Scan on store_sales_1_prt_9  (cost=0.00..489738.00 rows=11829267 width=36)
                                                                                                         ->  Append-only Columnar Scan on store_sales_1_prt_10  (cost=0.00..765474.00 rows=18489534 width=36)
                                                                                                         ->  Append-only Columnar Scan on store_sales_1_prt_11  (cost=0.00..766278.00 rows=18508900 width=36)
                                                                                                         ->  Append-only Columnar Scan on store_sales_1_prt_12  (cost=0.00..793967.00 rows=19177700 width=36)
                                                                                                         ->  Append-only Columnar Scan on store_sales_1_prt_13  (cost=0.00..1159820.00 rows=28014600 width=36)
                                                                                                         ->  Append-only Columnar Scan on store_sales_1_prt_14  (cost=0.00..1160753.00 rows=28037334 width=36)
                                                                                                         ->  Append-only Columnar Scan on store_sales_1_prt_15  (cost=0.00..436710.00 rows=10548367 width=36)
                                                                                                         ->  Append-only Columnar Scan on store_sales_1_prt_16  (cost=0.00..336477.00 rows=8127134 width=36)
                                                                                                         ->  Append-only Columnar Scan on store_sales_1_prt_17  (cost=0.00..324706.00 rows=7842834 width=36)
                                                                                                         ->  Append-only Columnar Scan on store_sales_1_prt_18  (cost=0.00..336587.00 rows=8129867 width=36)
                                                                                                         ->  Append-only Columnar Scan on store_sales_1_prt_19  (cost=0.00..336153.00 rows=8119367 width=36)
                                                                                                         ->  Append-only Columnar Scan on store_sales_1_prt_20  (cost=0.00..336736.00 rows=8133367 width=36)
                                                                                                         ->  Append-only Columnar Scan on store_sales_1_prt_21  (cost=0.00..336190.00 rows=8120200 width=36)
                                                                                                         ->  Append-only Columnar Scan on store_sales_1_prt_22  (cost=0.00..474334.00 rows=11457100 width=36)
                                                                                                         ->  Append-only Columnar Scan on store_sales_1_prt_23  (cost=0.00..766084.00 rows=18504234 width=36)
                                                                                                         ->  Append-only Columnar Scan on store_sales_1_prt_24  (cost=0.00..765781.00 rows=18496900 width=36)
                                                                                                         ->  Append-only Columnar Scan on store_sales_1_prt_25  (cost=0.00..779443.00 rows=18826834 width=36)
                                                                                                         ->  Append-only Columnar Scan on store_sales_1_prt_26  (cost=0.00..1160832.00 rows=28039467 width=36)
                                                                                                         ->  Append-only Columnar Scan on store_sales_1_prt_27  (cost=0.00..1160090.00 rows=28021400 width=36)
                                                                                                         ->  Append-only Columnar Scan on store_sales_1_prt_28  (cost=0.00..465893.00 rows=11253134 width=36)
                                                                                                         ->  Append-only Columnar Scan on store_sales_1_prt_29  (cost=0.00..335914.00 rows=8113600 width=36)
                                                                                                         ->  Append-only Columnar Scan on store_sales_1_prt_30  (cost=0.00..336186.00 rows=8120167 width=36)
                                                                                                         ->  Append-only Columnar Scan on store_sales_1_prt_31  (cost=0.00..336014.00 rows=8115934 width=36)
                                                                                                         ->  Append-only Columnar Scan on store_sales_1_prt_32  (cost=0.00..335918.00 rows=8113667 width=36)
                                                                                                         ->  Append-only Columnar Scan on store_sales_1_prt_33  (cost=0.00..336069.00 rows=8117334 width=36)
                                                                                                         ->  Append-only Columnar Scan on store_sales_1_prt_34  (cost=0.00..335472.00 rows=8102900 width=36)
                                                                                                         ->  Append-only Columnar Scan on store_sales_1_prt_35  (cost=0.00..457985.00 rows=11062100 width=36)
                                                                                                         ->  Append-only Columnar Scan on store_sales_1_prt_36  (cost=0.00..764679.00 rows=18470400 width=36)
                                                                                                         ->  Append-only Columnar Scan on store_sales_1_prt_37  (cost=0.00..764030.00 rows=18454700 width=36)
                                                                                                         ->  Append-only Columnar Scan on store_sales_1_prt_38  (cost=0.00..764484.00 rows=18465634 width=36)
                                                                                                         ->  Append-only Columnar Scan on store_sales_1_prt_39  (cost=0.00..1158198.04 rows=27975568 width=36)
                                                                                                         ->  Append-only Columnar Scan on store_sales_1_prt_40  (cost=0.00..1158199.04 rows=27975968 width=36)
                                                                                                         ->  Append-only Columnar Scan on store_sales_1_prt_41  (cost=0.00..483138.00 rows=11669800 width=36)
                                                                                                         ->  Append-only Columnar Scan on store_sales_1_prt_42  (cost=0.00..336559.00 rows=8129100 width=36)
                                                                                                         ->  Append-only Columnar Scan on store_sales_1_prt_43  (cost=0.00..324602.00 rows=7840367 width=36)
                                                                                                         ->  Append-only Columnar Scan on store_sales_1_prt_44  (cost=0.00..336209.00 rows=8120567 width=36)
                                                                                                         ->  Append-only Columnar Scan on store_sales_1_prt_45  (cost=0.00..336313.00 rows=8123267 width=36)
                                                                                                         ->  Append-only Columnar Scan on store_sales_1_prt_46  (cost=0.00..336621.00 rows=8130734 width=36)
                                                                                                         ->  Append-only Columnar Scan on store_sales_1_prt_47  (cost=0.00..335906.00 rows=8113400 width=36)
                                                                                                         ->  Append-only Columnar Scan on store_sales_1_prt_48  (cost=0.00..428657.00 rows=10353800 width=36)
                                                                                                         ->  Append-only Columnar Scan on store_sales_1_prt_49  (cost=0.00..766560.00 rows=18515734 width=36)
                                                                                                         ->  Append-only Columnar Scan on store_sales_1_prt_50  (cost=0.00..766167.00 rows=18506234 width=36)
                                                                                                         ->  Append-only Columnar Scan on store_sales_1_prt_51  (cost=0.00..766196.00 rows=18506900 width=36)
                                                                                                         ->  Append-only Columnar Scan on store_sales_1_prt_52  (cost=0.00..1130938.00 rows=27317200 width=36)
                                                                                                         ->  Append-only Columnar Scan on store_sales_1_prt_53  (cost=0.00..1160637.96 rows=28034566 width=36)
                                                                                                         ->  Append-only Columnar Scan on store_sales_1_prt_54  (cost=0.00..555225.00 rows=13411000 width=36)
                                                                                                         ->  Append-only Columnar Scan on store_sales_1_prt_55  (cost=0.00..336782.00 rows=8134567 width=36)
                                                                                                         ->  Append-only Columnar Scan on store_sales_1_prt_56  (cost=0.00..324454.00 rows=7836734 width=36)
                                                                                                         ->  Append-only Columnar Scan on store_sales_1_prt_57  (cost=0.00..336546.00 rows=8128867 width=36)
                                                                                                         ->  Append-only Columnar Scan on store_sales_1_prt_58  (cost=0.00..336207.00 rows=8120667 width=36)
                                                                                                         ->  Append-only Columnar Scan on store_sales_1_prt_59  (cost=0.00..336578.00 rows=8129534 width=36)
                                                                                                         ->  Append-only Columnar Scan on store_sales_1_prt_60  (cost=0.00..336468.00 rows=8127067 width=36)
                                                                                                         ->  Append-only Columnar Scan on store_sales_1_prt_61  (cost=0.00..412992.00 rows=9975467 width=36)
                                                                                                         ->  Append-only Columnar Scan on store_sales_1_prt_62  (cost=0.00..765709.00 rows=18495234 width=36)
                                                                                                         ->  Append-only Columnar Scan on store_sales_1_prt_63  (cost=0.00..766176.00 rows=18506500 width=36)
                                                                                                         ->  Append-only Columnar Scan on store_sales_1_prt_64  (cost=0.00..766142.00 rows=18505834 width=36)
                                                                                                         ->  Append-only Columnar Scan on store_sales_1_prt_65  (cost=0.00..1117566.96 rows=26994166 width=36)
                                                                                                         ->  Append-only Columnar Scan on store_sales_1_prt_66  (cost=0.00..1159645.96 rows=28010566 width=36)
                                                                                                         ->  Append-only Columnar Scan on store_sales_1_prt_67  (cost=0.00..331321.00 rows=8002500 width=36)
                                                                                                         ->  Append-only Columnar Scan on store_sales_1_prt_68  (cost=0.00..1.00 rows=1 width=52)
                                                                                                         ->  Append-only Columnar Scan on store_sales_1_prt_69  (cost=0.00..1.00 rows=1 width=52)
                                                                                                         ->  Append-only Columnar Scan on store_sales_1_prt_70  (cost=0.00..1.00 rows=1 width=52)
                                                                                                         ->  Append-only Columnar Scan on store_sales_1_prt_71  (cost=0.00..1.00 rows=1 width=52)
                                                                                                         ->  Append-only Columnar Scan on store_sales_1_prt_72  (cost=0.00..1.00 rows=1 width=52)
                                                                                                         ->  Append-only Columnar Scan on store_sales_1_prt_73  (cost=0.00..1.00 rows=1 width=52)
                                                                                                         ->  Append-only Columnar Scan on store_sales_1_prt_74  (cost=0.00..1.00 rows=1 width=52)
                                                                                                         ->  Append-only Columnar Scan on store_sales_1_prt_75  (cost=0.00..1.00 rows=1 width=52)
                                                                                                         ->  Append-only Columnar Scan on store_sales_1_prt_76  (cost=0.00..1.00 rows=1 width=52)
                                                                                                         ->  Append-only Columnar Scan on store_sales_1_prt_77  (cost=0.00..1.00 rows=1 width=52)
                                                                                                         ->  Append-only Columnar Scan on store_sales_1_prt_78  (cost=0.00..1.00 rows=1 width=52)
                                                                                                         ->  Append-only Columnar Scan on store_sales_1_prt_79  (cost=0.00..1.00 rows=1 width=52)
                                                                                                         ->  Append-only Columnar Scan on store_sales_1_prt_80  (cost=0.00..1.00 rows=1 width=52)
                                                                                             ->  Materialize  (cost=62404514.43..63844513.17 rows=95999916 width=12)
                                                                                                   ->  Sort  (cost=62404514.43..63124513.80 rows=95999916 width=12)
                                                                                                         Sort Key: store_returns_1_prt_outliers.sr_ticket_number, store_returns_1_prt_outliers.sr_item_sk
                                                                                                         ->  Append  (cost=0.00..3832906.41 rows=95999916 width=12)
                                                                                                               ->  Append-only Columnar Scan on store_returns_1_prt_outliers  (cost=0.00..119589.00 rows=3359867 width=12)
                                                                                                               ->  Append-only Columnar Scan on store_returns_1_prt_2  (cost=0.00..1853.03 rows=45768 width=12)
                                                                                                               ->  Append-only Columnar Scan on store_returns_1_prt_3  (cost=0.00..6990.74 rows=174025 width=12)
                                                                                                               ->  Append-only Columnar Scan on store_returns_1_prt_4  (cost=0.00..12073.00 rows=300934 width=12)
                                                                                                               ->  Append-only Columnar Scan on store_returns_1_prt_5  (cost=0.00..17206.50 rows=429050 width=12)
                                                                                                               ->  Append-only Columnar Scan on store_returns_1_prt_6  (cost=0.00..22418.30 rows=559077 width=12)
                                                                                                               ->  Append-only Columnar Scan on store_returns_1_prt_7  (cost=0.00..27598.00 rows=688300 width=12)
                                                                                                               ->  Append-only Columnar Scan on store_returns_1_prt_8  (cost=0.00..32106.70 rows=800790 width=12)
                                                                                                               ->  Append-only Columnar Scan on store_returns_1_prt_9  (cost=0.00..32900.20 rows=820607 width=12)
                                                                                                               ->  Append-only Columnar Scan on store_returns_1_prt_10  (cost=0.00..37679.10 rows=939970 width=12)
                                                                                                               ->  Append-only Columnar Scan on store_returns_1_prt_11  (cost=0.00..44416.50 rows=1108017 width=12)
                                                                                                               ->  Append-only Columnar Scan on store_returns_1_prt_12  (cost=0.00..51022.00 rows=1272934 width=12)
                                                                                                               ->  Append-only Columnar Scan on store_returns_1_prt_13  (cost=0.00..60422.90 rows=1507530 width=12)
                                                                                                               ->  Append-only Columnar Scan on store_returns_1_prt_14  (cost=0.00..73185.80 rows=1826060 width=12)
                                                                                                               ->  Append-only Columnar Scan on store_returns_1_prt_15  (cost=0.00..82303.60 rows=2053554 width=12)
                                                                                                               ->  Append-only Columnar Scan on store_returns_1_prt_16  (cost=0.00..79967.20 rows=1995307 width=12)
                                                                                                               ->  Append-only Columnar Scan on store_returns_1_prt_17  (cost=0.00..73186.20 rows=1826107 width=12)
                                                                                                               ->  Append-only Columnar Scan on store_returns_1_prt_18  (cost=0.00..66475.20 rows=1658607 width=12)
                                                                                                               ->  Append-only Columnar Scan on store_returns_1_prt_19  (cost=0.00..58723.50 rows=1465084 width=12)
                                                                                                               ->  Append-only Columnar Scan on store_returns_1_prt_20  (cost=0.00..46348.30 rows=1156177 width=12)
                                                                                                               ->  Append-only Columnar Scan on store_returns_1_prt_21  (cost=0.00..34792.40 rows=867914 width=12)
                                                                                                               ->  Append-only Columnar Scan on store_returns_1_prt_22  (cost=0.00..32894.20 rows=820507 width=12)
                                                                                                               ->  Append-only Columnar Scan on store_returns_1_prt_23  (cost=0.00..37424.80 rows=933627 width=12)
                                                                                                               ->  Append-only Columnar Scan on store_returns_1_prt_24  (cost=0.00..44195.80 rows=1102527 width=12)
                                                                                                               ->  Append-only Columnar Scan on store_returns_1_prt_25  (cost=0.00..50837.00 rows=1268234 width=12)
                                                                                                               ->  Append-only Columnar Scan on store_returns_1_prt_26  (cost=0.00..59985.70 rows=1496590 width=12)
                                                                                                               ->  Append-only Columnar Scan on store_returns_1_prt_27  (cost=0.00..72724.00 rows=1814434 width=12)
                                                                                                               ->  Append-only Columnar Scan on store_returns_1_prt_28  (cost=0.00..82164.10 rows=2050104 width=12)
                                                                                                               ->  Append-only Columnar Scan on store_returns_1_prt_29  (cost=0.00..80191.60 rows=2000754 width=12)
                                                                                                               ->  Append-only Columnar Scan on store_returns_1_prt_30  (cost=0.00..73529.70 rows=1834590 width=12)
                                                                                                               ->  Append-only Columnar Scan on store_returns_1_prt_31  (cost=0.00..66909.40 rows=1669347 width=12)
                                                                                                               ->  Append-only Columnar Scan on store_returns_1_prt_32  (cost=0.00..59189.10 rows=1476737 width=12)
                                                                                                               ->  Append-only Columnar Scan on store_returns_1_prt_33  (cost=0.00..46935.60 rows=1170954 width=12)
                                                                                                               ->  Append-only Columnar Scan on store_returns_1_prt_34  (cost=0.00..35180.30 rows=877544 width=12)
                                                                                                               ->  Append-only Columnar Scan on store_returns_1_prt_35  (cost=0.00..32948.10 rows=821804 width=12)
                                                                                                               ->  Append-only Columnar Scan on store_returns_1_prt_36  (cost=0.00..37243.00 rows=928967 width=12)
                                                                                                               ->  Append-only Columnar Scan on store_returns_1_prt_37  (cost=0.00..43879.00 rows=1094634 width=12)
                                                                                                               ->  Append-only Columnar Scan on store_returns_1_prt_38  (cost=0.00..50465.40 rows=1259047 width=12)
                                                                                                               ->  Append-only Columnar Scan on store_returns_1_prt_39  (cost=0.00..59486.40 rows=1484147 width=12)
                                                                                                               ->  Append-only Columnar Scan on store_returns_1_prt_40  (cost=0.00..72150.30 rows=1800177 width=12)
                                                                                                               ->  Append-only Columnar Scan on store_returns_1_prt_41  (cost=0.00..81849.40 rows=2042280 width=12)
                                                                                                               ->  Append-only Columnar Scan on store_returns_1_prt_42  (cost=0.00..80010.30 rows=1996310 width=12)
                                                                                                               ->  Append-only Columnar Scan on store_returns_1_prt_43  (cost=0.00..73403.80 rows=1831427 width=12)
                                                                                                               ->  Append-only Columnar Scan on store_returns_1_prt_44  (cost=0.00..66684.90 rows=1663764 width=12)
                                                                                                               ->  Append-only Columnar Scan on store_returns_1_prt_45  (cost=0.00..59144.80 rows=1475594 width=12)
                                                                                                               ->  Append-only Columnar Scan on store_returns_1_prt_46  (cost=0.00..47011.80 rows=1172827 width=12)
                                                                                                               ->  Append-only Columnar Scan on store_returns_1_prt_47  (cost=0.00..35247.70 rows=879257 width=12)
                                                                                                               ->  Append-only Columnar Scan on store_returns_1_prt_48  (cost=0.00..32757.00 rows=817067 width=12)
                                                                                                               ->  Append-only Columnar Scan on store_returns_1_prt_49  (cost=0.00..36707.60 rows=915654 width=12)
                                                                                                               ->  Append-only Columnar Scan on store_returns_1_prt_50  (cost=0.00..43497.40 rows=1085080 width=12)
                                                                                                               ->  Append-only Columnar Scan on store_returns_1_prt_51  (cost=0.00..50143.80 rows=1250960 width=12)
                                                                                                               ->  Append-only Columnar Scan on store_returns_1_prt_52  (cost=0.00..58791.30 rows=1466777 width=12)
                                                                                                               ->  Append-only Columnar Scan on store_returns_1_prt_53  (cost=0.00..71405.50 rows=1781517 width=12)
                                                                                                               ->  Append-only Columnar Scan on store_returns_1_prt_54  (cost=0.00..81729.80 rows=2039294 width=12)
                                                                                                               ->  Append-only Columnar Scan on store_returns_1_prt_55  (cost=0.00..80773.90 rows=2015430 width=12)
                                                                                                               ->  Append-only Columnar Scan on store_returns_1_prt_56  (cost=0.00..74229.00 rows=1852034 width=12)
                                                                                                               ->  Append-only Columnar Scan on store_returns_1_prt_57  (cost=0.00..67439.70 rows=1682624 width=12)
                                                                                                               ->  Append-only Columnar Scan on store_returns_1_prt_58  (cost=0.00..60085.40 rows=1499080 width=12)
                                                                                                               ->  Append-only Columnar Scan on store_returns_1_prt_59  (cost=0.00..48188.70 rows=1202190 width=12)
                                                                                                               ->  Append-only Columnar Scan on store_returns_1_prt_60  (cost=0.00..35990.20 rows=897740 width=12)
                                                                                                               ->  Append-only Columnar Scan on store_returns_1_prt_61  (cost=0.00..32755.30 rows=817010 width=12)
                                                                                                               ->  Append-only Columnar Scan on store_returns_1_prt_62  (cost=0.00..36451.80 rows=909294 width=12)
                                                                                                               ->  Append-only Columnar Scan on store_returns_1_prt_63  (cost=0.00..43272.00 rows=1079500 width=12)
                                                                                                               ->  Append-only Columnar Scan on store_returns_1_prt_64  (cost=0.00..49886.80 rows=1244560 width=12)
                                                                                                               ->  Append-only Columnar Scan on store_returns_1_prt_65  (cost=0.00..58346.40 rows=1455714 width=12)
                                                                                                               ->  Append-only Columnar Scan on store_returns_1_prt_66  (cost=0.00..70812.50 rows=1766850 width=12)
                                                                                                               ->  Append-only Columnar Scan on store_returns_1_prt_67  (cost=0.00..80500.30 rows=2008644 width=12)
                                                                                                               ->  Append-only Columnar Scan on store_returns_1_prt_68  (cost=0.00..75031.60 rows=1872054 width=12)
                                                                                                               ->  Append-only Columnar Scan on store_returns_1_prt_69  (cost=0.00..63447.40 rows=1582914 width=12)
                                                                                                               ->  Append-only Columnar Scan on store_returns_1_prt_70  (cost=0.00..51572.60 rows=1286687 width=12)
                                                                                                               ->  Append-only Columnar Scan on store_returns_1_prt_71  (cost=0.00..39178.00 rows=977300 width=12)
                                                                                                               ->  Append-only Columnar Scan on store_returns_1_prt_72  (cost=0.00..22132.80 rows=551994 width=12)
                                                                                                               ->  Append-only Columnar Scan on store_returns_1_prt_73  (cost=0.00..4828.24 rows=120108 width=12)
                                                                                                               ->  Append-only Columnar Scan on store_returns_1_prt_74  (cost=0.00..1.00 rows=1 width=12)
                                                                                                               ->  Append-only Columnar Scan on store_returns_1_prt_75  (cost=0.00..1.00 rows=1 width=12)
                                                                                                               ->  Append-only Columnar Scan on store_returns_1_prt_76  (cost=0.00..1.00 rows=1 width=12)
                                                                                                               ->  Append-only Columnar Scan on store_returns_1_prt_77  (cost=0.00..1.00 rows=1 width=12)
                                                                                                               ->  Append-only Columnar Scan on store_returns_1_prt_78  (cost=0.00..1.00 rows=1 width=12)
                                                                                                               ->  Append-only Columnar Scan on store_returns_1_prt_79  (cost=0.00..1.00 rows=1 width=12)
                                                                                                               ->  Append-only Columnar Scan on store_returns_1_prt_80  (cost=0.00..1.00 rows=1 width=12)
 Planning time: 118.695 ms
 Optimizer: legacy query optimizer
(644 rows)

-- end query 1 in stream 0 using template query78.tpl
