-- start query 1 in stream 0 using template query81.tpl
explain
with customer_total_return as
 (select cr_returning_customer_sk as ctr_customer_sk
        ,ca_state as ctr_state, 
 	sum(cr_return_amt_inc_tax) as ctr_total_return
 from catalog_returns
     ,date_dim
     ,customer_address
 where cr_returned_date_sk = d_date_sk 
   and d_year =1998
   and cr_returning_addr_sk = ca_address_sk 
 group by cr_returning_customer_sk
         ,ca_state )
  select  c_customer_id,c_salutation,c_first_name,c_last_name,ca_street_number,ca_street_name
                   ,ca_street_type,ca_suite_number,ca_city,ca_county,ca_state,ca_zip,ca_country,ca_gmt_offset
                  ,ca_location_type,ctr_total_return
 from customer_total_return ctr1
     ,customer_address
     ,customer
 where ctr1.ctr_total_return > (select avg(ctr_total_return)*1.2
 			  from customer_total_return ctr2 
                  	  where ctr1.ctr_state = ctr2.ctr_state)
       and ca_address_sk = c_current_addr_sk
       and ca_state = 'IL'
       and ctr1.ctr_customer_sk = c_customer_sk
 order by c_customer_id,c_salutation,c_first_name,c_last_name,ca_street_number,ca_street_name
                   ,ca_street_type,ca_suite_number,ca_city,ca_county,ca_state,ca_zip,ca_country,ca_gmt_offset
                  ,ca_location_type,ctr_total_return
 limit 100;
                                                                                                                                                                                                                              QUERY PLAN                                                                                                                                                                                                                               
-----------------------------------------------------------------------------------------------------------------------------------------------------------------------------------------------------------------------------------------------------------------------------------------------------------------------------------------------------------------------------------------------------------------------------------------------------------------------
 Limit  (cost=435249.77..435252.02 rows=100 width=152)
   ->  Gather Motion 3:1  (slice11; segments: 3)  (cost=435249.77..435252.02 rows=100 width=152)
         Merge Key: customer.c_customer_id, customer.c_salutation, customer.c_first_name, customer.c_last_name, customer_address.ca_street_number, customer_address.ca_street_name, customer_address.ca_street_type, customer_address.ca_suite_number, customer_address.ca_city, customer_address.ca_county, customer_address.ca_zip, customer_address.ca_country, customer_address.ca_gmt_offset, customer_address.ca_location_type, ctr1.ctr_total_return
         ->  Limit  (cost=435249.77..435250.02 rows=34 width=152)
               ->  Sort  (cost=435249.77..435268.08 rows=2442 width=152)
                     Sort Key: customer.c_customer_id, customer.c_salutation, customer.c_first_name, customer.c_last_name, customer_address.ca_street_number, customer_address.ca_street_name, customer_address.ca_street_type, customer_address.ca_suite_number, customer_address.ca_city, customer_address.ca_county, customer_address.ca_zip, customer_address.ca_country, customer_address.ca_gmt_offset, customer_address.ca_location_type, ctr1.ctr_total_return
                     ->  Hash Join  (cost=395343.24..434969.87 rows=2442 width=152)
                           Hash Cond: ((ctr1.ctr_state)::text = "Expr_SUBQUERY".csq_c0)
                           Join Filter: (ctr1.ctr_total_return > "Expr_SUBQUERY".csq_c1)
                           ->  Hash Join  (cost=377562.99..408657.51 rows=7324 width=164)
                                 Hash Cond: (ctr1.ctr_customer_sk = customer.c_customer_sk)
                                 ->  Redistribute Motion 3:3  (slice4; segments: 3)  (cost=0.00..28228.40 rows=235237 width=48)
                                       Hash Key: ctr1.ctr_customer_sk
                                       ->  Subquery Scan on ctr1  (cost=0.00..14114.20 rows=235237 width=48)
                                             ->  HashAggregate  (cost=3193016.88..3207523.90 rows=235237 width=48)
                                                   Group Key: catalog_returns_1_prt_outliers.cr_returning_customer_sk, customer_address_1.ca_state
                                                   ->  Redistribute Motion 3:3  (slice3; segments: 3)  (cost=3152045.72..3174981.30 rows=235237 width=48)
                                                         Hash Key: catalog_returns_1_prt_outliers.cr_returning_customer_sk, customer_address_1.ca_state
                                                         ->  HashAggregate  (cost=3152045.72..3160867.10 rows=235237 width=48)
                                                               Group Key: catalog_returns_1_prt_outliers.cr_returning_customer_sk, customer_address_1.ca_state
                                                               ->  Hash Join  (cost=162208.19..3146752.89 rows=235237 width=13)
                                                                     Hash Cond: (catalog_returns_1_prt_outliers.cr_returning_addr_sk = customer_address_1.ca_address_sk)
                                                                     ->  Redistribute Motion 3:3  (slice2; segments: 3)  (cost=1297.42..2971583.73 rows=239995 width=14)
                                                                           Hash Key: catalog_returns_1_prt_outliers.cr_returning_addr_sk
                                                                           ->  Hash Join  (cost=1297.42..2957184.06 rows=239995 width=14)
                                                                                 Hash Cond: (catalog_returns_1_prt_outliers.cr_returned_date_sk = date_dim.d_date_sk)
                                                                                 ->  Append  (cost=0.00..2048707.25 rows=47998910 width=18)
                                                                                       ->  Result  (cost=0.00..1.00 rows=1 width=26)
                                                                                             One-Time Filter: PartSelected
                                                                                             ->  Append-only Columnar Scan on catalog_returns_1_prt_outliers  (cost=0.00..1.00 rows=1 width=26)
                                                                                       ->  Result  (cost=0.00..89.94 rows=1932 width=18)
                                                                                             One-Time Filter: PartSelected
                                                                                             ->  Append-only Columnar Scan on catalog_returns_1_prt_2  (cost=0.00..89.94 rows=1932 width=18)
                                                                                       ->  Result  (cost=0.00..839.14 rows=19405 width=18)
                                                                                             One-Time Filter: PartSelected
                                                                                             ->  Append-only Columnar Scan on catalog_returns_1_prt_3  (cost=0.00..839.14 rows=19405 width=18)
                                                                                       ->  Result  (cost=0.00..2485.51 rows=57851 width=18)
                                                                                             One-Time Filter: PartSelected
                                                                                             ->  Append-only Columnar Scan on catalog_returns_1_prt_4  (cost=0.00..2485.51 rows=57851 width=18)
                                                                                       ->  Result  (cost=0.00..4960.98 rows=115933 width=18)
                                                                                             One-Time Filter: PartSelected
                                                                                             ->  Append-only Columnar Scan on catalog_returns_1_prt_5  (cost=0.00..4960.98 rows=115933 width=18)
                                                                                       ->  Result  (cost=0.00..7782.08 rows=182003 width=18)
                                                                                             One-Time Filter: PartSelected
                                                                                             ->  Append-only Columnar Scan on catalog_returns_1_prt_6  (cost=0.00..7782.08 rows=182003 width=18)
                                                                                       ->  Result  (cost=0.00..10621.88 rows=248696 width=18)
                                                                                             One-Time Filter: PartSelected
                                                                                             ->  Append-only Columnar Scan on catalog_returns_1_prt_7  (cost=0.00..10621.88 rows=248696 width=18)
                                                                                       ->  Result  (cost=0.00..13478.93 rows=315565 width=18)
                                                                                             One-Time Filter: PartSelected
                                                                                             ->  Append-only Columnar Scan on catalog_returns_1_prt_8  (cost=0.00..13478.93 rows=315565 width=18)
                                                                                       ->  Result  (cost=0.00..15896.40 rows=372214 width=18)
                                                                                             One-Time Filter: PartSelected
                                                                                             ->  Append-only Columnar Scan on catalog_returns_1_prt_9  (cost=0.00..15896.40 rows=372214 width=18)
                                                                                       ->  Result  (cost=0.00..17750.30 rows=415710 width=18)
                                                                                             One-Time Filter: PartSelected
                                                                                             ->  Append-only Columnar Scan on catalog_returns_1_prt_10  (cost=0.00..17750.30 rows=415710 width=18)
                                                                                       ->  Result  (cost=0.00..19794.70 rows=463690 width=18)
                                                                                             One-Time Filter: PartSelected
                                                                                             ->  Append-only Columnar Scan on catalog_returns_1_prt_11  (cost=0.00..19794.70 rows=463690 width=18)
                                                                                       ->  Result  (cost=0.00..22437.10 rows=525604 width=18)
                                                                                             One-Time Filter: PartSelected
                                                                                             ->  Append-only Columnar Scan on catalog_returns_1_prt_12  (cost=0.00..22437.10 rows=525604 width=18)
                                                                                       ->  Result  (cost=0.00..26080.50 rows=611050 width=18)
                                                                                             One-Time Filter: PartSelected
                                                                                             ->  Append-only Columnar Scan on catalog_returns_1_prt_13  (cost=0.00..26080.50 rows=611050 width=18)
                                                                                       ->  Result  (cost=0.00..30734.10 rows=720170 width=18)
                                                                                             One-Time Filter: PartSelected
                                                                                             ->  Append-only Columnar Scan on catalog_returns_1_prt_14  (cost=0.00..30734.10 rows=720170 width=18)
                                                                                       ->  Result  (cost=0.00..36307.80 rows=850860 width=18)
                                                                                             One-Time Filter: PartSelected
                                                                                             ->  Append-only Columnar Scan on catalog_returns_1_prt_15  (cost=0.00..36307.80 rows=850860 width=18)
                                                                                       ->  Result  (cost=0.00..41041.30 rows=961744 width=18)
                                                                                             One-Time Filter: PartSelected
                                                                                             ->  Append-only Columnar Scan on catalog_returns_1_prt_16  (cost=0.00..41041.30 rows=961744 width=18)
                                                                                       ->  Result  (cost=0.00..43099.50 rows=1009950 width=18)
                                                                                             One-Time Filter: PartSelected
                                                                                             ->  Append-only Columnar Scan on catalog_returns_1_prt_17  (cost=0.00..43099.50 rows=1009950 width=18)
                                                                                       ->  Result  (cost=0.00..41879.10 rows=981337 width=18)
                                                                                             One-Time Filter: PartSelected
                                                                                             ->  Append-only Columnar Scan on catalog_returns_1_prt_18  (cost=0.00..41879.10 rows=981337 width=18)
                                                                                       ->  Result  (cost=0.00..38497.60 rows=902120 width=18)
                                                                                             One-Time Filter: PartSelected
                                                                                             ->  Append-only Columnar Scan on catalog_returns_1_prt_19  (cost=0.00..38497.60 rows=902120 width=18)
                                                                                       ->  Result  (cost=0.00..34174.60 rows=800720 width=18)
                                                                                             One-Time Filter: PartSelected
                                                                                             ->  Append-only Columnar Scan on catalog_returns_1_prt_20  (cost=0.00..34174.60 rows=800720 width=18)
                                                                                       ->  Result  (cost=0.00..28866.00 rows=676300 width=18)
                                                                                             One-Time Filter: PartSelected
                                                                                             ->  Append-only Columnar Scan on catalog_returns_1_prt_21  (cost=0.00..28866.00 rows=676300 width=18)
                                                                                       ->  Result  (cost=0.00..23528.20 rows=551174 width=18)
                                                                                             One-Time Filter: PartSelected
                                                                                             ->  Append-only Columnar Scan on catalog_returns_1_prt_22  (cost=0.00..23528.20 rows=551174 width=18)
                                                                                       ->  Result  (cost=0.00..20118.40 rows=471247 width=18)
                                                                                             One-Time Filter: PartSelected
                                                                                             ->  Append-only Columnar Scan on catalog_returns_1_prt_23  (cost=0.00..20118.40 rows=471247 width=18)
                                                                                       ->  Result  (cost=0.00..19874.50 rows=465584 width=18)
                                                                                             One-Time Filter: PartSelected
                                                                                             ->  Append-only Columnar Scan on catalog_returns_1_prt_24  (cost=0.00..19874.50 rows=465584 width=18)
                                                                                       ->  Result  (cost=0.00..22296.70 rows=522290 width=18)
                                                                                             One-Time Filter: PartSelected
                                                                                             ->  Append-only Columnar Scan on catalog_returns_1_prt_25  (cost=0.00..22296.70 rows=522290 width=18)
                                                                                       ->  Result  (cost=0.00..25917.20 rows=607140 width=18)
                                                                                             One-Time Filter: PartSelected
                                                                                             ->  Append-only Columnar Scan on catalog_returns_1_prt_26  (cost=0.00..25917.20 rows=607140 width=18)
                                                                                       ->  Result  (cost=0.00..30522.50 rows=715184 width=18)
                                                                                             One-Time Filter: PartSelected
                                                                                             ->  Append-only Columnar Scan on catalog_returns_1_prt_27  (cost=0.00..30522.50 rows=715184 width=18)
                                                                                       ->  Result  (cost=0.00..36052.80 rows=844894 width=18)
                                                                                             One-Time Filter: PartSelected
                                                                                             ->  Append-only Columnar Scan on catalog_returns_1_prt_28  (cost=0.00..36052.80 rows=844894 width=18)
                                                                                       ->  Result  (cost=0.00..40956.30 rows=959777 width=18)
                                                                                             One-Time Filter: PartSelected
                                                                                             ->  Append-only Columnar Scan on catalog_returns_1_prt_29  (cost=0.00..40956.30 rows=959777 width=18)
                                                                                       ->  Result  (cost=0.00..43148.40 rows=1011214 width=18)
                                                                                             One-Time Filter: PartSelected
                                                                                             ->  Append-only Columnar Scan on catalog_returns_1_prt_30  (cost=0.00..43148.40 rows=1011214 width=18)
                                                                                       ->  Result  (cost=0.00..42010.00 rows=984434 width=18)
                                                                                             One-Time Filter: PartSelected
                                                                                             ->  Append-only Columnar Scan on catalog_returns_1_prt_31  (cost=0.00..42010.00 rows=984434 width=18)
                                                                                       ->  Result  (cost=0.00..38722.30 rows=907377 width=18)
                                                                                             One-Time Filter: PartSelected
                                                                                             ->  Append-only Columnar Scan on catalog_returns_1_prt_32  (cost=0.00..38722.30 rows=907377 width=18)
                                                                                       ->  Result  (cost=0.00..34426.40 rows=806647 width=18)
                                                                                             One-Time Filter: PartSelected
                                                                                             ->  Append-only Columnar Scan on catalog_returns_1_prt_33  (cost=0.00..34426.40 rows=806647 width=18)
                                                                                       ->  Result  (cost=0.00..29177.30 rows=683644 width=18)
                                                                                             One-Time Filter: PartSelected
                                                                                             ->  Append-only Columnar Scan on catalog_returns_1_prt_34  (cost=0.00..29177.30 rows=683644 width=18)
                                                                                       ->  Result  (cost=0.00..23787.80 rows=557327 width=18)
                                                                                             One-Time Filter: PartSelected
                                                                                             ->  Append-only Columnar Scan on catalog_returns_1_prt_35  (cost=0.00..23787.80 rows=557327 width=18)
                                                                                       ->  Result  (cost=0.00..20236.00 rows=474067 width=18)
                                                                                             One-Time Filter: PartSelected
                                                                                             ->  Append-only Columnar Scan on catalog_returns_1_prt_36  (cost=0.00..20236.00 rows=474067 width=18)
                                                                                       ->  Result  (cost=0.00..19907.20 rows=466240 width=18)
                                                                                             One-Time Filter: PartSelected
                                                                                             ->  Append-only Columnar Scan on catalog_returns_1_prt_37  (cost=0.00..19907.20 rows=466240 width=18)
                                                                                       ->  Result  (cost=0.00..22185.10 rows=519704 width=18)
                                                                                             One-Time Filter: PartSelected
                                                                                             ->  Append-only Columnar Scan on catalog_returns_1_prt_38  (cost=0.00..22185.10 rows=519704 width=18)
                                                                                       ->  Result  (cost=0.00..25740.00 rows=603100 width=18)
                                                                                             One-Time Filter: PartSelected
                                                                                             ->  Append-only Columnar Scan on catalog_returns_1_prt_39  (cost=0.00..25740.00 rows=603100 width=18)
                                                                                       ->  Result  (cost=0.00..30341.40 rows=710914 width=18)
                                                                                             One-Time Filter: PartSelected
                                                                                             ->  Append-only Columnar Scan on catalog_returns_1_prt_40  (cost=0.00..30341.40 rows=710914 width=18)
                                                                                       ->  Result  (cost=0.00..35869.30 rows=840477 width=18)
                                                                                             One-Time Filter: PartSelected
                                                                                             ->  Append-only Columnar Scan on catalog_returns_1_prt_41  (cost=0.00..35869.30 rows=840477 width=18)
                                                                                       ->  Result  (cost=0.00..40858.00 rows=957467 width=18)
                                                                                             One-Time Filter: PartSelected
                                                                                             ->  Append-only Columnar Scan on catalog_returns_1_prt_42  (cost=0.00..40858.00 rows=957467 width=18)
                                                                                       ->  Result  (cost=0.00..43189.40 rows=1012114 width=18)
                                                                                             One-Time Filter: PartSelected
                                                                                             ->  Append-only Columnar Scan on catalog_returns_1_prt_43  (cost=0.00..43189.40 rows=1012114 width=18)
                                                                                       ->  Result  (cost=0.00..42208.80 rows=989160 width=18)
                                                                                             One-Time Filter: PartSelected
                                                                                             ->  Append-only Columnar Scan on catalog_returns_1_prt_44  (cost=0.00..42208.80 rows=989160 width=18)
                                                                                       ->  Result  (cost=0.00..39037.10 rows=914804 width=18)
                                                                                             One-Time Filter: PartSelected
                                                                                             ->  Append-only Columnar Scan on catalog_returns_1_prt_45  (cost=0.00..39037.10 rows=914804 width=18)
                                                                                       ->  Result  (cost=0.00..34783.00 rows=815100 width=18)
                                                                                             One-Time Filter: PartSelected
                                                                                             ->  Append-only Columnar Scan on catalog_returns_1_prt_46  (cost=0.00..34783.00 rows=815100 width=18)
                                                                                       ->  Result  (cost=0.00..29479.40 rows=690714 width=18)
                                                                                             One-Time Filter: PartSelected
                                                                                             ->  Append-only Columnar Scan on catalog_returns_1_prt_47  (cost=0.00..29479.40 rows=690714 width=18)
                                                                                       ->  Result  (cost=0.00..24074.70 rows=564057 width=18)
                                                                                             One-Time Filter: PartSelected
                                                                                             ->  Append-only Columnar Scan on catalog_returns_1_prt_48  (cost=0.00..24074.70 rows=564057 width=18)
                                                                                       ->  Result  (cost=0.00..20308.20 rows=475707 width=18)
                                                                                             One-Time Filter: PartSelected
                                                                                             ->  Append-only Columnar Scan on catalog_returns_1_prt_49  (cost=0.00..20308.20 rows=475707 width=18)
                                                                                       ->  Result  (cost=0.00..19762.20 rows=462907 width=18)
                                                                                             One-Time Filter: PartSelected
                                                                                             ->  Append-only Columnar Scan on catalog_returns_1_prt_50  (cost=0.00..19762.20 rows=462907 width=18)
                                                                                       ->  Result  (cost=0.00..21941.80 rows=513960 width=18)
                                                                                             One-Time Filter: PartSelected
                                                                                             ->  Append-only Columnar Scan on catalog_returns_1_prt_51  (cost=0.00..21941.80 rows=513960 width=18)
                                                                                       ->  Result  (cost=0.00..25524.00 rows=598034 width=18)
                                                                                             One-Time Filter: PartSelected
                                                                                             ->  Append-only Columnar Scan on catalog_returns_1_prt_52  (cost=0.00..25524.00 rows=598034 width=18)
                                                                                       ->  Result  (cost=0.00..29988.40 rows=702614 width=18)
                                                                                             One-Time Filter: PartSelected
                                                                                             ->  Append-only Columnar Scan on catalog_returns_1_prt_53  (cost=0.00..29988.40 rows=702614 width=18)
                                                                                       ->  Result  (cost=0.00..35472.20 rows=831174 width=18)
                                                                                             One-Time Filter: PartSelected
                                                                                             ->  Append-only Columnar Scan on catalog_returns_1_prt_54  (cost=0.00..35472.20 rows=831174 width=18)
                                                                                       ->  Result  (cost=0.00..40521.40 rows=949514 width=18)
                                                                                             One-Time Filter: PartSelected
                                                                                             ->  Append-only Columnar Scan on catalog_returns_1_prt_55  (cost=0.00..40521.40 rows=949514 width=18)
                                                                                       ->  Result  (cost=0.00..43037.90 rows=1008564 width=18)
                                                                                             One-Time Filter: PartSelected
                                                                                             ->  Append-only Columnar Scan on catalog_returns_1_prt_56  (cost=0.00..43037.90 rows=1008564 width=18)
                                                                                       ->  Result  (cost=0.00..42199.20 rows=988874 width=18)
                                                                                             One-Time Filter: PartSelected
                                                                                             ->  Append-only Columnar Scan on catalog_returns_1_prt_57  (cost=0.00..42199.20 rows=988874 width=18)
                                                                                       ->  Result  (cost=0.00..39131.90 rows=916964 width=18)
                                                                                             One-Time Filter: PartSelected
                                                                                             ->  Append-only Columnar Scan on catalog_returns_1_prt_58  (cost=0.00..39131.90 rows=916964 width=18)
                                                                                       ->  Result  (cost=0.00..34896.90 rows=817730 width=18)
                                                                                             One-Time Filter: PartSelected
                                                                                             ->  Append-only Columnar Scan on catalog_returns_1_prt_59  (cost=0.00..34896.90 rows=817730 width=18)
                                                                                       ->  Result  (cost=0.00..29665.40 rows=695080 width=18)
                                                                                             One-Time Filter: PartSelected
                                                                                             ->  Append-only Columnar Scan on catalog_returns_1_prt_60  (cost=0.00..29665.40 rows=695080 width=18)
                                                                                       ->  Result  (cost=0.00..24208.60 rows=567154 width=18)
                                                                                             One-Time Filter: PartSelected
                                                                                             ->  Append-only Columnar Scan on catalog_returns_1_prt_61  (cost=0.00..24208.60 rows=567154 width=18)
                                                                                       ->  Result  (cost=0.00..20387.30 rows=477644 width=18)
                                                                                             One-Time Filter: PartSelected
                                                                                             ->  Append-only Columnar Scan on catalog_returns_1_prt_62  (cost=0.00..20387.30 rows=477644 width=18)
                                                                                       ->  Result  (cost=0.00..19741.20 rows=462340 width=18)
                                                                                             One-Time Filter: PartSelected
                                                                                             ->  Append-only Columnar Scan on catalog_returns_1_prt_63  (cost=0.00..19741.20 rows=462340 width=18)
                                                                                       ->  Result  (cost=0.00..21867.20 rows=512274 width=18)
                                                                                             One-Time Filter: PartSelected
                                                                                             ->  Append-only Columnar Scan on catalog_returns_1_prt_64  (cost=0.00..21867.20 rows=512274 width=18)
                                                                                       ->  Result  (cost=0.00..25350.50 rows=593884 width=18)
                                                                                             One-Time Filter: PartSelected
                                                                                             ->  Append-only Columnar Scan on catalog_returns_1_prt_65  (cost=0.00..25350.50 rows=593884 width=18)
                                                                                       ->  Result  (cost=0.00..29837.00 rows=699100 width=18)
                                                                                             One-Time Filter: PartSelected
                                                                                             ->  Append-only Columnar Scan on catalog_returns_1_prt_66  (cost=0.00..29837.00 rows=699100 width=18)
                                                                                       ->  Result  (cost=0.00..35270.90 rows=826464 width=18)
                                                                                             One-Time Filter: PartSelected
                                                                                             ->  Append-only Columnar Scan on catalog_returns_1_prt_67  (cost=0.00..35270.90 rows=826464 width=18)
                                                                                       ->  Result  (cost=0.00..40185.20 rows=941674 width=18)
                                                                                             One-Time Filter: PartSelected
                                                                                             ->  Append-only Columnar Scan on catalog_returns_1_prt_68  (cost=0.00..40185.20 rows=941674 width=18)
                                                                                       ->  Result  (cost=0.00..41789.50 rows=979317 width=18)
                                                                                             One-Time Filter: PartSelected
                                                                                             ->  Append-only Columnar Scan on catalog_returns_1_prt_69  (cost=0.00..41789.50 rows=979317 width=18)
                                                                                       ->  Result  (cost=0.00..39187.40 rows=918347 width=18)
                                                                                             One-Time Filter: PartSelected
                                                                                             ->  Append-only Columnar Scan on catalog_returns_1_prt_70  (cost=0.00..39187.40 rows=918347 width=18)
                                                                                       ->  Result  (cost=0.00..33506.60 rows=785120 width=18)
                                                                                             One-Time Filter: PartSelected
                                                                                             ->  Append-only Columnar Scan on catalog_returns_1_prt_71  (cost=0.00..33506.60 rows=785120 width=18)
                                                                                       ->  Result  (cost=0.00..26483.20 rows=620407 width=18)
                                                                                             One-Time Filter: PartSelected
                                                                                             ->  Append-only Columnar Scan on catalog_returns_1_prt_72  (cost=0.00..26483.20 rows=620407 width=18)
                                                                                       ->  Result  (cost=0.00..18408.20 rows=431207 width=18)
                                                                                             One-Time Filter: PartSelected
                                                                                             ->  Append-only Columnar Scan on catalog_returns_1_prt_73  (cost=0.00..18408.20 rows=431207 width=18)
                                                                                       ->  Result  (cost=0.00..10161.74 rows=237858 width=18)
                                                                                             One-Time Filter: PartSelected
                                                                                             ->  Append-only Columnar Scan on catalog_returns_1_prt_74  (cost=0.00..10161.74 rows=237858 width=18)
                                                                                       ->  Result  (cost=0.00..3892.67 rows=90823 width=18)
                                                                                             One-Time Filter: PartSelected
                                                                                             ->  Append-only Columnar Scan on catalog_returns_1_prt_75  (cost=0.00..3892.67 rows=90823 width=18)
                                                                                       ->  Result  (cost=0.00..672.49 rows=15283 width=18)
                                                                                             One-Time Filter: PartSelected
                                                                                             ->  Append-only Columnar Scan on catalog_returns_1_prt_76  (cost=0.00..672.49 rows=15283 width=18)
                                                                                       ->  Result  (cost=0.00..38.39 rows=213 width=18)
                                                                                             One-Time Filter: PartSelected
                                                                                             ->  Append-only Columnar Scan on catalog_returns_1_prt_77  (cost=0.00..38.39 rows=213 width=18)
                                                                                       ->  Result  (cost=0.00..1.00 rows=1 width=26)
                                                                                             One-Time Filter: PartSelected
                                                                                             ->  Append-only Columnar Scan on catalog_returns_1_prt_78  (cost=0.00..1.00 rows=1 width=26)
                                                                                       ->  Result  (cost=0.00..1.00 rows=1 width=26)
                                                                                             One-Time Filter: PartSelected
                                                                                             ->  Append-only Columnar Scan on catalog_returns_1_prt_79  (cost=0.00..1.00 rows=1 width=26)
                                                                                       ->  Result  (cost=0.00..1.00 rows=1 width=26)
                                                                                             One-Time Filter: PartSelected
                                                                                             ->  Append-only Columnar Scan on catalog_returns_1_prt_80  (cost=0.00..1.00 rows=1 width=26)
                                                                                 ->  Hash  (cost=1283.72..1283.72 rows=366 width=4)
                                                                                       ->  Partition Selector for catalog_returns (dynamic scan id: 1)  (cost=0.00..1283.72 rows=366 width=4)
                                                                                             Filter: date_dim.d_date_sk
                                                                                             ->  Broadcast Motion 3:3  (slice1; segments: 3)  (cost=0.00..1283.72 rows=366 width=4)
                                                                                                   ->  Seq Scan on date_dim  (cost=0.00..1269.11 rows=122 width=4)
                                                                                                         Filter: (d_year = 1998)
                                                                     ->  Hash  (cost=85890.90..85890.90 rows=2000530 width=7)
                                                                           ->  Seq Scan on customer_address customer_address_1  (cost=0.00..85890.90 rows=2000530 width=7)
                                 ->  Hash  (cost=372893.04..372893.04 rows=124533 width=124)
                                       ->  Hash Join  (cost=115375.70..372893.04 rows=124533 width=124)
                                             Hash Cond: (customer.c_current_addr_sk = customer_address.ca_address_sk)
                                             ->  Seq Scan on customer  (cost=0.00..178782.00 rows=3999967 width=42)
                                             ->  Hash  (cost=108368.85..108368.85 rows=186850 width=90)
                                                   ->  Broadcast Motion 3:3  (slice5; segments: 3)  (cost=0.00..108368.85 rows=186850 width=90)
                                                         ->  Seq Scan on customer_address  (cost=0.00..100894.88 rows=62284 width=90)
                                                               Filter: ((ca_state)::text = 'IL'::text)
                           ->  Hash  (cost=17742.75..17742.75 rows=1000 width=64)
                                 ->  Broadcast Motion 3:3  (slice10; segments: 3)  (cost=17677.75..17742.75 rows=1000 width=64)
                                       ->  Subquery Scan on "Expr_SUBQUERY"  (cost=17677.75..17702.75 rows=334 width=64)
                                             ->  HashAggregate  (cost=17677.75..17692.75 rows=334 width=64)
                                                   Group Key: ((ctr2.ctr_state)::text)
                                                   ->  Redistribute Motion 3:3  (slice9; segments: 3)  (cost=17642.75..17662.75 rows=334 width=64)
                                                         Hash Key: ((ctr2.ctr_state)::text)
                                                         ->  HashAggregate  (cost=17642.75..17642.75 rows=334 width=64)
                                                               Group Key: (ctr2.ctr_state)::text
                                                               ->  Subquery Scan on ctr2  (cost=0.00..14114.20 rows=235237 width=44)
                                                                     ->  HashAggregate  (cost=3193016.88..3207523.90 rows=235237 width=48)
                                                                           Group Key: catalog_returns_1_prt_outliers_1.cr_returning_customer_sk, customer_address_2.ca_state
                                                                           ->  Redistribute Motion 3:3  (slice8; segments: 3)  (cost=3152045.72..3174981.30 rows=235237 width=48)
                                                                                 Hash Key: catalog_returns_1_prt_outliers_1.cr_returning_customer_sk, customer_address_2.ca_state
                                                                                 ->  HashAggregate  (cost=3152045.72..3160867.10 rows=235237 width=48)
                                                                                       Group Key: catalog_returns_1_prt_outliers_1.cr_returning_customer_sk, customer_address_2.ca_state
                                                                                       ->  Hash Join  (cost=162208.19..3146752.89 rows=235237 width=13)
                                                                                             Hash Cond: (catalog_returns_1_prt_outliers_1.cr_returning_addr_sk = customer_address_2.ca_address_sk)
                                                                                             ->  Redistribute Motion 3:3  (slice7; segments: 3)  (cost=1297.42..2971583.73 rows=239995 width=14)
                                                                                                   Hash Key: catalog_returns_1_prt_outliers_1.cr_returning_addr_sk
                                                                                                   ->  Hash Join  (cost=1297.42..2957184.06 rows=239995 width=14)
                                                                                                         Hash Cond: (catalog_returns_1_prt_outliers_1.cr_returned_date_sk = date_dim_1.d_date_sk)
                                                                                                         ->  Append  (cost=0.00..2048707.25 rows=47998910 width=18)
                                                                                                               ->  Result  (cost=0.00..1.00 rows=1 width=26)
                                                                                                                     One-Time Filter: PartSelected
                                                                                                                     ->  Append-only Columnar Scan on catalog_returns_1_prt_outliers catalog_returns_1_prt_outliers_1  (cost=0.00..1.00 rows=1 width=26)
                                                                                                               ->  Result  (cost=0.00..89.94 rows=1932 width=18)
                                                                                                                     One-Time Filter: PartSelected
                                                                                                                     ->  Append-only Columnar Scan on catalog_returns_1_prt_2 catalog_returns_1_prt_2_1  (cost=0.00..89.94 rows=1932 width=18)
                                                                                                               ->  Result  (cost=0.00..839.14 rows=19405 width=18)
                                                                                                                     One-Time Filter: PartSelected
                                                                                                                     ->  Append-only Columnar Scan on catalog_returns_1_prt_3 catalog_returns_1_prt_3_1  (cost=0.00..839.14 rows=19405 width=18)
                                                                                                               ->  Result  (cost=0.00..2485.51 rows=57851 width=18)
                                                                                                                     One-Time Filter: PartSelected
                                                                                                                     ->  Append-only Columnar Scan on catalog_returns_1_prt_4 catalog_returns_1_prt_4_1  (cost=0.00..2485.51 rows=57851 width=18)
                                                                                                               ->  Result  (cost=0.00..4960.98 rows=115933 width=18)
                                                                                                                     One-Time Filter: PartSelected
                                                                                                                     ->  Append-only Columnar Scan on catalog_returns_1_prt_5 catalog_returns_1_prt_5_1  (cost=0.00..4960.98 rows=115933 width=18)
                                                                                                               ->  Result  (cost=0.00..7782.08 rows=182003 width=18)
                                                                                                                     One-Time Filter: PartSelected
                                                                                                                     ->  Append-only Columnar Scan on catalog_returns_1_prt_6 catalog_returns_1_prt_6_1  (cost=0.00..7782.08 rows=182003 width=18)
                                                                                                               ->  Result  (cost=0.00..10621.88 rows=248696 width=18)
                                                                                                                     One-Time Filter: PartSelected
                                                                                                                     ->  Append-only Columnar Scan on catalog_returns_1_prt_7 catalog_returns_1_prt_7_1  (cost=0.00..10621.88 rows=248696 width=18)
                                                                                                               ->  Result  (cost=0.00..13478.93 rows=315565 width=18)
                                                                                                                     One-Time Filter: PartSelected
                                                                                                                     ->  Append-only Columnar Scan on catalog_returns_1_prt_8 catalog_returns_1_prt_8_1  (cost=0.00..13478.93 rows=315565 width=18)
                                                                                                               ->  Result  (cost=0.00..15896.40 rows=372214 width=18)
                                                                                                                     One-Time Filter: PartSelected
                                                                                                                     ->  Append-only Columnar Scan on catalog_returns_1_prt_9 catalog_returns_1_prt_9_1  (cost=0.00..15896.40 rows=372214 width=18)
                                                                                                               ->  Result  (cost=0.00..17750.30 rows=415710 width=18)
                                                                                                                     One-Time Filter: PartSelected
                                                                                                                     ->  Append-only Columnar Scan on catalog_returns_1_prt_10 catalog_returns_1_prt_10_1  (cost=0.00..17750.30 rows=415710 width=18)
                                                                                                               ->  Result  (cost=0.00..19794.70 rows=463690 width=18)
                                                                                                                     One-Time Filter: PartSelected
                                                                                                                     ->  Append-only Columnar Scan on catalog_returns_1_prt_11 catalog_returns_1_prt_11_1  (cost=0.00..19794.70 rows=463690 width=18)
                                                                                                               ->  Result  (cost=0.00..22437.10 rows=525604 width=18)
                                                                                                                     One-Time Filter: PartSelected
                                                                                                                     ->  Append-only Columnar Scan on catalog_returns_1_prt_12 catalog_returns_1_prt_12_1  (cost=0.00..22437.10 rows=525604 width=18)
                                                                                                               ->  Result  (cost=0.00..26080.50 rows=611050 width=18)
                                                                                                                     One-Time Filter: PartSelected
                                                                                                                     ->  Append-only Columnar Scan on catalog_returns_1_prt_13 catalog_returns_1_prt_13_1  (cost=0.00..26080.50 rows=611050 width=18)
                                                                                                               ->  Result  (cost=0.00..30734.10 rows=720170 width=18)
                                                                                                                     One-Time Filter: PartSelected
                                                                                                                     ->  Append-only Columnar Scan on catalog_returns_1_prt_14 catalog_returns_1_prt_14_1  (cost=0.00..30734.10 rows=720170 width=18)
                                                                                                               ->  Result  (cost=0.00..36307.80 rows=850860 width=18)
                                                                                                                     One-Time Filter: PartSelected
                                                                                                                     ->  Append-only Columnar Scan on catalog_returns_1_prt_15 catalog_returns_1_prt_15_1  (cost=0.00..36307.80 rows=850860 width=18)
                                                                                                               ->  Result  (cost=0.00..41041.30 rows=961744 width=18)
                                                                                                                     One-Time Filter: PartSelected
                                                                                                                     ->  Append-only Columnar Scan on catalog_returns_1_prt_16 catalog_returns_1_prt_16_1  (cost=0.00..41041.30 rows=961744 width=18)
                                                                                                               ->  Result  (cost=0.00..43099.50 rows=1009950 width=18)
                                                                                                                     One-Time Filter: PartSelected
                                                                                                                     ->  Append-only Columnar Scan on catalog_returns_1_prt_17 catalog_returns_1_prt_17_1  (cost=0.00..43099.50 rows=1009950 width=18)
                                                                                                               ->  Result  (cost=0.00..41879.10 rows=981337 width=18)
                                                                                                                     One-Time Filter: PartSelected
                                                                                                                     ->  Append-only Columnar Scan on catalog_returns_1_prt_18 catalog_returns_1_prt_18_1  (cost=0.00..41879.10 rows=981337 width=18)
                                                                                                               ->  Result  (cost=0.00..38497.60 rows=902120 width=18)
                                                                                                                     One-Time Filter: PartSelected
                                                                                                                     ->  Append-only Columnar Scan on catalog_returns_1_prt_19 catalog_returns_1_prt_19_1  (cost=0.00..38497.60 rows=902120 width=18)
                                                                                                               ->  Result  (cost=0.00..34174.60 rows=800720 width=18)
                                                                                                                     One-Time Filter: PartSelected
                                                                                                                     ->  Append-only Columnar Scan on catalog_returns_1_prt_20 catalog_returns_1_prt_20_1  (cost=0.00..34174.60 rows=800720 width=18)
                                                                                                               ->  Result  (cost=0.00..28866.00 rows=676300 width=18)
                                                                                                                     One-Time Filter: PartSelected
                                                                                                                     ->  Append-only Columnar Scan on catalog_returns_1_prt_21 catalog_returns_1_prt_21_1  (cost=0.00..28866.00 rows=676300 width=18)
                                                                                                               ->  Result  (cost=0.00..23528.20 rows=551174 width=18)
                                                                                                                     One-Time Filter: PartSelected
                                                                                                                     ->  Append-only Columnar Scan on catalog_returns_1_prt_22 catalog_returns_1_prt_22_1  (cost=0.00..23528.20 rows=551174 width=18)
                                                                                                               ->  Result  (cost=0.00..20118.40 rows=471247 width=18)
                                                                                                                     One-Time Filter: PartSelected
                                                                                                                     ->  Append-only Columnar Scan on catalog_returns_1_prt_23 catalog_returns_1_prt_23_1  (cost=0.00..20118.40 rows=471247 width=18)
                                                                                                               ->  Result  (cost=0.00..19874.50 rows=465584 width=18)
                                                                                                                     One-Time Filter: PartSelected
                                                                                                                     ->  Append-only Columnar Scan on catalog_returns_1_prt_24 catalog_returns_1_prt_24_1  (cost=0.00..19874.50 rows=465584 width=18)
                                                                                                               ->  Result  (cost=0.00..22296.70 rows=522290 width=18)
                                                                                                                     One-Time Filter: PartSelected
                                                                                                                     ->  Append-only Columnar Scan on catalog_returns_1_prt_25 catalog_returns_1_prt_25_1  (cost=0.00..22296.70 rows=522290 width=18)
                                                                                                               ->  Result  (cost=0.00..25917.20 rows=607140 width=18)
                                                                                                                     One-Time Filter: PartSelected
                                                                                                                     ->  Append-only Columnar Scan on catalog_returns_1_prt_26 catalog_returns_1_prt_26_1  (cost=0.00..25917.20 rows=607140 width=18)
                                                                                                               ->  Result  (cost=0.00..30522.50 rows=715184 width=18)
                                                                                                                     One-Time Filter: PartSelected
                                                                                                                     ->  Append-only Columnar Scan on catalog_returns_1_prt_27 catalog_returns_1_prt_27_1  (cost=0.00..30522.50 rows=715184 width=18)
                                                                                                               ->  Result  (cost=0.00..36052.80 rows=844894 width=18)
                                                                                                                     One-Time Filter: PartSelected
                                                                                                                     ->  Append-only Columnar Scan on catalog_returns_1_prt_28 catalog_returns_1_prt_28_1  (cost=0.00..36052.80 rows=844894 width=18)
                                                                                                               ->  Result  (cost=0.00..40956.30 rows=959777 width=18)
                                                                                                                     One-Time Filter: PartSelected
                                                                                                                     ->  Append-only Columnar Scan on catalog_returns_1_prt_29 catalog_returns_1_prt_29_1  (cost=0.00..40956.30 rows=959777 width=18)
                                                                                                               ->  Result  (cost=0.00..43148.40 rows=1011214 width=18)
                                                                                                                     One-Time Filter: PartSelected
                                                                                                                     ->  Append-only Columnar Scan on catalog_returns_1_prt_30 catalog_returns_1_prt_30_1  (cost=0.00..43148.40 rows=1011214 width=18)
                                                                                                               ->  Result  (cost=0.00..42010.00 rows=984434 width=18)
                                                                                                                     One-Time Filter: PartSelected
                                                                                                                     ->  Append-only Columnar Scan on catalog_returns_1_prt_31 catalog_returns_1_prt_31_1  (cost=0.00..42010.00 rows=984434 width=18)
                                                                                                               ->  Result  (cost=0.00..38722.30 rows=907377 width=18)
                                                                                                                     One-Time Filter: PartSelected
                                                                                                                     ->  Append-only Columnar Scan on catalog_returns_1_prt_32 catalog_returns_1_prt_32_1  (cost=0.00..38722.30 rows=907377 width=18)
                                                                                                               ->  Result  (cost=0.00..34426.40 rows=806647 width=18)
                                                                                                                     One-Time Filter: PartSelected
                                                                                                                     ->  Append-only Columnar Scan on catalog_returns_1_prt_33 catalog_returns_1_prt_33_1  (cost=0.00..34426.40 rows=806647 width=18)
                                                                                                               ->  Result  (cost=0.00..29177.30 rows=683644 width=18)
                                                                                                                     One-Time Filter: PartSelected
                                                                                                                     ->  Append-only Columnar Scan on catalog_returns_1_prt_34 catalog_returns_1_prt_34_1  (cost=0.00..29177.30 rows=683644 width=18)
                                                                                                               ->  Result  (cost=0.00..23787.80 rows=557327 width=18)
                                                                                                                     One-Time Filter: PartSelected
                                                                                                                     ->  Append-only Columnar Scan on catalog_returns_1_prt_35 catalog_returns_1_prt_35_1  (cost=0.00..23787.80 rows=557327 width=18)
                                                                                                               ->  Result  (cost=0.00..20236.00 rows=474067 width=18)
                                                                                                                     One-Time Filter: PartSelected
                                                                                                                     ->  Append-only Columnar Scan on catalog_returns_1_prt_36 catalog_returns_1_prt_36_1  (cost=0.00..20236.00 rows=474067 width=18)
                                                                                                               ->  Result  (cost=0.00..19907.20 rows=466240 width=18)
                                                                                                                     One-Time Filter: PartSelected
                                                                                                                     ->  Append-only Columnar Scan on catalog_returns_1_prt_37 catalog_returns_1_prt_37_1  (cost=0.00..19907.20 rows=466240 width=18)
                                                                                                               ->  Result  (cost=0.00..22185.10 rows=519704 width=18)
                                                                                                                     One-Time Filter: PartSelected
                                                                                                                     ->  Append-only Columnar Scan on catalog_returns_1_prt_38 catalog_returns_1_prt_38_1  (cost=0.00..22185.10 rows=519704 width=18)
                                                                                                               ->  Result  (cost=0.00..25740.00 rows=603100 width=18)
                                                                                                                     One-Time Filter: PartSelected
                                                                                                                     ->  Append-only Columnar Scan on catalog_returns_1_prt_39 catalog_returns_1_prt_39_1  (cost=0.00..25740.00 rows=603100 width=18)
                                                                                                               ->  Result  (cost=0.00..30341.40 rows=710914 width=18)
                                                                                                                     One-Time Filter: PartSelected
                                                                                                                     ->  Append-only Columnar Scan on catalog_returns_1_prt_40 catalog_returns_1_prt_40_1  (cost=0.00..30341.40 rows=710914 width=18)
                                                                                                               ->  Result  (cost=0.00..35869.30 rows=840477 width=18)
                                                                                                                     One-Time Filter: PartSelected
                                                                                                                     ->  Append-only Columnar Scan on catalog_returns_1_prt_41 catalog_returns_1_prt_41_1  (cost=0.00..35869.30 rows=840477 width=18)
                                                                                                               ->  Result  (cost=0.00..40858.00 rows=957467 width=18)
                                                                                                                     One-Time Filter: PartSelected
                                                                                                                     ->  Append-only Columnar Scan on catalog_returns_1_prt_42 catalog_returns_1_prt_42_1  (cost=0.00..40858.00 rows=957467 width=18)
                                                                                                               ->  Result  (cost=0.00..43189.40 rows=1012114 width=18)
                                                                                                                     One-Time Filter: PartSelected
                                                                                                                     ->  Append-only Columnar Scan on catalog_returns_1_prt_43 catalog_returns_1_prt_43_1  (cost=0.00..43189.40 rows=1012114 width=18)
                                                                                                               ->  Result  (cost=0.00..42208.80 rows=989160 width=18)
                                                                                                                     One-Time Filter: PartSelected
                                                                                                                     ->  Append-only Columnar Scan on catalog_returns_1_prt_44 catalog_returns_1_prt_44_1  (cost=0.00..42208.80 rows=989160 width=18)
                                                                                                               ->  Result  (cost=0.00..39037.10 rows=914804 width=18)
                                                                                                                     One-Time Filter: PartSelected
                                                                                                                     ->  Append-only Columnar Scan on catalog_returns_1_prt_45 catalog_returns_1_prt_45_1  (cost=0.00..39037.10 rows=914804 width=18)
                                                                                                               ->  Result  (cost=0.00..34783.00 rows=815100 width=18)
                                                                                                                     One-Time Filter: PartSelected
                                                                                                                     ->  Append-only Columnar Scan on catalog_returns_1_prt_46 catalog_returns_1_prt_46_1  (cost=0.00..34783.00 rows=815100 width=18)
                                                                                                               ->  Result  (cost=0.00..29479.40 rows=690714 width=18)
                                                                                                                     One-Time Filter: PartSelected
                                                                                                                     ->  Append-only Columnar Scan on catalog_returns_1_prt_47 catalog_returns_1_prt_47_1  (cost=0.00..29479.40 rows=690714 width=18)
                                                                                                               ->  Result  (cost=0.00..24074.70 rows=564057 width=18)
                                                                                                                     One-Time Filter: PartSelected
                                                                                                                     ->  Append-only Columnar Scan on catalog_returns_1_prt_48 catalog_returns_1_prt_48_1  (cost=0.00..24074.70 rows=564057 width=18)
                                                                                                               ->  Result  (cost=0.00..20308.20 rows=475707 width=18)
                                                                                                                     One-Time Filter: PartSelected
                                                                                                                     ->  Append-only Columnar Scan on catalog_returns_1_prt_49 catalog_returns_1_prt_49_1  (cost=0.00..20308.20 rows=475707 width=18)
                                                                                                               ->  Result  (cost=0.00..19762.20 rows=462907 width=18)
                                                                                                                     One-Time Filter: PartSelected
                                                                                                                     ->  Append-only Columnar Scan on catalog_returns_1_prt_50 catalog_returns_1_prt_50_1  (cost=0.00..19762.20 rows=462907 width=18)
                                                                                                               ->  Result  (cost=0.00..21941.80 rows=513960 width=18)
                                                                                                                     One-Time Filter: PartSelected
                                                                                                                     ->  Append-only Columnar Scan on catalog_returns_1_prt_51 catalog_returns_1_prt_51_1  (cost=0.00..21941.80 rows=513960 width=18)
                                                                                                               ->  Result  (cost=0.00..25524.00 rows=598034 width=18)
                                                                                                                     One-Time Filter: PartSelected
                                                                                                                     ->  Append-only Columnar Scan on catalog_returns_1_prt_52 catalog_returns_1_prt_52_1  (cost=0.00..25524.00 rows=598034 width=18)
                                                                                                               ->  Result  (cost=0.00..29988.40 rows=702614 width=18)
                                                                                                                     One-Time Filter: PartSelected
                                                                                                                     ->  Append-only Columnar Scan on catalog_returns_1_prt_53 catalog_returns_1_prt_53_1  (cost=0.00..29988.40 rows=702614 width=18)
                                                                                                               ->  Result  (cost=0.00..35472.20 rows=831174 width=18)
                                                                                                                     One-Time Filter: PartSelected
                                                                                                                     ->  Append-only Columnar Scan on catalog_returns_1_prt_54 catalog_returns_1_prt_54_1  (cost=0.00..35472.20 rows=831174 width=18)
                                                                                                               ->  Result  (cost=0.00..40521.40 rows=949514 width=18)
                                                                                                                     One-Time Filter: PartSelected
                                                                                                                     ->  Append-only Columnar Scan on catalog_returns_1_prt_55 catalog_returns_1_prt_55_1  (cost=0.00..40521.40 rows=949514 width=18)
                                                                                                               ->  Result  (cost=0.00..43037.90 rows=1008564 width=18)
                                                                                                                     One-Time Filter: PartSelected
                                                                                                                     ->  Append-only Columnar Scan on catalog_returns_1_prt_56 catalog_returns_1_prt_56_1  (cost=0.00..43037.90 rows=1008564 width=18)
                                                                                                               ->  Result  (cost=0.00..42199.20 rows=988874 width=18)
                                                                                                                     One-Time Filter: PartSelected
                                                                                                                     ->  Append-only Columnar Scan on catalog_returns_1_prt_57 catalog_returns_1_prt_57_1  (cost=0.00..42199.20 rows=988874 width=18)
                                                                                                               ->  Result  (cost=0.00..39131.90 rows=916964 width=18)
                                                                                                                     One-Time Filter: PartSelected
                                                                                                                     ->  Append-only Columnar Scan on catalog_returns_1_prt_58 catalog_returns_1_prt_58_1  (cost=0.00..39131.90 rows=916964 width=18)
                                                                                                               ->  Result  (cost=0.00..34896.90 rows=817730 width=18)
                                                                                                                     One-Time Filter: PartSelected
                                                                                                                     ->  Append-only Columnar Scan on catalog_returns_1_prt_59 catalog_returns_1_prt_59_1  (cost=0.00..34896.90 rows=817730 width=18)
                                                                                                               ->  Result  (cost=0.00..29665.40 rows=695080 width=18)
                                                                                                                     One-Time Filter: PartSelected
                                                                                                                     ->  Append-only Columnar Scan on catalog_returns_1_prt_60 catalog_returns_1_prt_60_1  (cost=0.00..29665.40 rows=695080 width=18)
                                                                                                               ->  Result  (cost=0.00..24208.60 rows=567154 width=18)
                                                                                                                     One-Time Filter: PartSelected
                                                                                                                     ->  Append-only Columnar Scan on catalog_returns_1_prt_61 catalog_returns_1_prt_61_1  (cost=0.00..24208.60 rows=567154 width=18)
                                                                                                               ->  Result  (cost=0.00..20387.30 rows=477644 width=18)
                                                                                                                     One-Time Filter: PartSelected
                                                                                                                     ->  Append-only Columnar Scan on catalog_returns_1_prt_62 catalog_returns_1_prt_62_1  (cost=0.00..20387.30 rows=477644 width=18)
                                                                                                               ->  Result  (cost=0.00..19741.20 rows=462340 width=18)
                                                                                                                     One-Time Filter: PartSelected
                                                                                                                     ->  Append-only Columnar Scan on catalog_returns_1_prt_63 catalog_returns_1_prt_63_1  (cost=0.00..19741.20 rows=462340 width=18)
                                                                                                               ->  Result  (cost=0.00..21867.20 rows=512274 width=18)
                                                                                                                     One-Time Filter: PartSelected
                                                                                                                     ->  Append-only Columnar Scan on catalog_returns_1_prt_64 catalog_returns_1_prt_64_1  (cost=0.00..21867.20 rows=512274 width=18)
                                                                                                               ->  Result  (cost=0.00..25350.50 rows=593884 width=18)
                                                                                                                     One-Time Filter: PartSelected
                                                                                                                     ->  Append-only Columnar Scan on catalog_returns_1_prt_65 catalog_returns_1_prt_65_1  (cost=0.00..25350.50 rows=593884 width=18)
                                                                                                               ->  Result  (cost=0.00..29837.00 rows=699100 width=18)
                                                                                                                     One-Time Filter: PartSelected
                                                                                                                     ->  Append-only Columnar Scan on catalog_returns_1_prt_66 catalog_returns_1_prt_66_1  (cost=0.00..29837.00 rows=699100 width=18)
                                                                                                               ->  Result  (cost=0.00..35270.90 rows=826464 width=18)
                                                                                                                     One-Time Filter: PartSelected
                                                                                                                     ->  Append-only Columnar Scan on catalog_returns_1_prt_67 catalog_returns_1_prt_67_1  (cost=0.00..35270.90 rows=826464 width=18)
                                                                                                               ->  Result  (cost=0.00..40185.20 rows=941674 width=18)
                                                                                                                     One-Time Filter: PartSelected
                                                                                                                     ->  Append-only Columnar Scan on catalog_returns_1_prt_68 catalog_returns_1_prt_68_1  (cost=0.00..40185.20 rows=941674 width=18)
                                                                                                               ->  Result  (cost=0.00..41789.50 rows=979317 width=18)
                                                                                                                     One-Time Filter: PartSelected
                                                                                                                     ->  Append-only Columnar Scan on catalog_returns_1_prt_69 catalog_returns_1_prt_69_1  (cost=0.00..41789.50 rows=979317 width=18)
                                                                                                               ->  Result  (cost=0.00..39187.40 rows=918347 width=18)
                                                                                                                     One-Time Filter: PartSelected
                                                                                                                     ->  Append-only Columnar Scan on catalog_returns_1_prt_70 catalog_returns_1_prt_70_1  (cost=0.00..39187.40 rows=918347 width=18)
                                                                                                               ->  Result  (cost=0.00..33506.60 rows=785120 width=18)
                                                                                                                     One-Time Filter: PartSelected
                                                                                                                     ->  Append-only Columnar Scan on catalog_returns_1_prt_71 catalog_returns_1_prt_71_1  (cost=0.00..33506.60 rows=785120 width=18)
                                                                                                               ->  Result  (cost=0.00..26483.20 rows=620407 width=18)
                                                                                                                     One-Time Filter: PartSelected
                                                                                                                     ->  Append-only Columnar Scan on catalog_returns_1_prt_72 catalog_returns_1_prt_72_1  (cost=0.00..26483.20 rows=620407 width=18)
                                                                                                               ->  Result  (cost=0.00..18408.20 rows=431207 width=18)
                                                                                                                     One-Time Filter: PartSelected
                                                                                                                     ->  Append-only Columnar Scan on catalog_returns_1_prt_73 catalog_returns_1_prt_73_1  (cost=0.00..18408.20 rows=431207 width=18)
                                                                                                               ->  Result  (cost=0.00..10161.74 rows=237858 width=18)
                                                                                                                     One-Time Filter: PartSelected
                                                                                                                     ->  Append-only Columnar Scan on catalog_returns_1_prt_74 catalog_returns_1_prt_74_1  (cost=0.00..10161.74 rows=237858 width=18)
                                                                                                               ->  Result  (cost=0.00..3892.67 rows=90823 width=18)
                                                                                                                     One-Time Filter: PartSelected
                                                                                                                     ->  Append-only Columnar Scan on catalog_returns_1_prt_75 catalog_returns_1_prt_75_1  (cost=0.00..3892.67 rows=90823 width=18)
                                                                                                               ->  Result  (cost=0.00..672.49 rows=15283 width=18)
                                                                                                                     One-Time Filter: PartSelected
                                                                                                                     ->  Append-only Columnar Scan on catalog_returns_1_prt_76 catalog_returns_1_prt_76_1  (cost=0.00..672.49 rows=15283 width=18)
                                                                                                               ->  Result  (cost=0.00..38.39 rows=213 width=18)
                                                                                                                     One-Time Filter: PartSelected
                                                                                                                     ->  Append-only Columnar Scan on catalog_returns_1_prt_77 catalog_returns_1_prt_77_1  (cost=0.00..38.39 rows=213 width=18)
                                                                                                               ->  Result  (cost=0.00..1.00 rows=1 width=26)
                                                                                                                     One-Time Filter: PartSelected
                                                                                                                     ->  Append-only Columnar Scan on catalog_returns_1_prt_78 catalog_returns_1_prt_78_1  (cost=0.00..1.00 rows=1 width=26)
                                                                                                               ->  Result  (cost=0.00..1.00 rows=1 width=26)
                                                                                                                     One-Time Filter: PartSelected
                                                                                                                     ->  Append-only Columnar Scan on catalog_returns_1_prt_79 catalog_returns_1_prt_79_1  (cost=0.00..1.00 rows=1 width=26)
                                                                                                               ->  Result  (cost=0.00..1.00 rows=1 width=26)
                                                                                                                     One-Time Filter: PartSelected
                                                                                                                     ->  Append-only Columnar Scan on catalog_returns_1_prt_80 catalog_returns_1_prt_80_1  (cost=0.00..1.00 rows=1 width=26)
                                                                                                         ->  Hash  (cost=1283.72..1283.72 rows=366 width=4)
                                                                                                               ->  Partition Selector for catalog_returns (dynamic scan id: 1)  (cost=0.00..1283.72 rows=366 width=4)
                                                                                                                     Filter: date_dim_1.d_date_sk
                                                                                                                     ->  Broadcast Motion 3:3  (slice6; segments: 3)  (cost=0.00..1283.72 rows=366 width=4)
                                                                                                                           ->  Seq Scan on date_dim date_dim_1  (cost=0.00..1269.11 rows=122 width=4)
                                                                                                                                 Filter: (d_year = 1998)
                                                                                             ->  Hash  (cost=85890.90..85890.90 rows=2000530 width=7)
                                                                                                   ->  Seq Scan on customer_address customer_address_2  (cost=0.00..85890.90 rows=2000530 width=7)
 Planning time: 28.874 ms
 Optimizer: legacy query optimizer
(556 rows)

-- end query 1 in stream 0 using template query81.tpl
