-- start query 1 in stream 0 using template query85.tpl
explain
select  substr(r_reason_desc,1,20)
       ,avg(ws_quantity)
       ,avg(wr_refunded_cash)
       ,avg(wr_fee)
 from web_sales, web_returns, web_page, customer_demographics cd1,
      customer_demographics cd2, customer_address, date_dim, reason 
 where ws_web_page_sk = wp_web_page_sk
   and ws_item_sk = wr_item_sk
   and ws_order_number = wr_order_number
   and ws_sold_date_sk = d_date_sk and d_year = 1998
   and cd1.cd_demo_sk = wr_refunded_cdemo_sk 
   and cd2.cd_demo_sk = wr_returning_cdemo_sk
   and ca_address_sk = wr_refunded_addr_sk
   and r_reason_sk = wr_reason_sk
   and
   (
    (
     cd1.cd_marital_status = 'M'
     and
     cd1.cd_marital_status = cd2.cd_marital_status
     and
     cd1.cd_education_status = '4 yr Degree'
     and 
     cd1.cd_education_status = cd2.cd_education_status
     and
     ws_sales_price between 100.00 and 150.00
    )
   or
    (
     cd1.cd_marital_status = 'D'
     and
     cd1.cd_marital_status = cd2.cd_marital_status
     and
     cd1.cd_education_status = 'Primary' 
     and
     cd1.cd_education_status = cd2.cd_education_status
     and
     ws_sales_price between 50.00 and 100.00
    )
   or
    (
     cd1.cd_marital_status = 'U'
     and
     cd1.cd_marital_status = cd2.cd_marital_status
     and
     cd1.cd_education_status = 'Advanced Degree'
     and
     cd1.cd_education_status = cd2.cd_education_status
     and
     ws_sales_price between 150.00 and 200.00
    )
   )
   and
   (
    (
     ca_country = 'United States'
     and
     ca_state in ('KY', 'GA', 'NM')
     and ws_net_profit between 100 and 200  
    )
    or
    (
     ca_country = 'United States'
     and
     ca_state in ('MT', 'OR', 'IN')
     and ws_net_profit between 150 and 300  
    )
    or
    (
     ca_country = 'United States'
     and
     ca_state in ('WI', 'MO', 'WV')
     and ws_net_profit between 50 and 250  
    )
   )
group by r_reason_desc
order by substr(r_reason_desc,1,20)
        ,avg(ws_quantity)
        ,avg(wr_refunded_cash)
        ,avg(wr_fee)
limit 100;
                                                                                                                                                                                                                                                                                                                                                                                 QUERY PLAN                                                                                                                                                                                                                                                                                                                                                                                  
-----------------------------------------------------------------------------------------------------------------------------------------------------------------------------------------------------------------------------------------------------------------------------------------------------------------------------------------------------------------------------------------------------------------------------------------------------------------------------------------------------------------------------------------------------------------------------------------------------------------------------------------------------------------------------------------------------------------------------------------------------------------------------
 Limit  (cost=35087590.85..35087590.98 rows=6 width=346)
   ->  Gather Motion 3:1  (slice9; segments: 3)  (cost=35087590.85..35087590.98 rows=6 width=346)
         Merge Key: (substr((reason.r_reason_desc)::text, 1, 20)), (pg_catalog.avg((avg(web_sales_1_prt_outliers.ws_quantity)))), (pg_catalog.avg((avg(web_returns_1_prt_outliers.wr_refunded_cash)))), (pg_catalog.avg((avg(web_returns_1_prt_outliers.wr_fee))))
         ->  Limit  (cost=35087590.85..35087590.86 rows=2 width=346)
               ->  Sort  (cost=35087590.85..35087590.86 rows=2 width=346)
                     Sort Key: (substr((reason.r_reason_desc)::text, 1, 20)), (pg_catalog.avg((avg(web_sales_1_prt_outliers.ws_quantity)))), (pg_catalog.avg((avg(web_returns_1_prt_outliers.wr_refunded_cash)))), (pg_catalog.avg((avg(web_returns_1_prt_outliers.wr_fee))))
                     ->  HashAggregate  (cost=35087590.65..35087590.77 rows=2 width=346)
                           Group Key: reason.r_reason_desc
                           ->  Redistribute Motion 3:3  (slice8; segments: 3)  (cost=35087590.41..35087590.53 rows=2 width=314)
                                 Hash Key: reason.r_reason_desc
                                 ->  HashAggregate  (cost=35087590.41..35087590.41 rows=2 width=314)
                                       Group Key: reason.r_reason_desc
                                       ->  Hash Join  (cost=1815935.69..35087590.35 rows=3 width=30)
                                             Hash Cond: (web_returns_1_prt_outliers.wr_refunded_addr_sk = customer_address.ca_address_sk)
                                             Join Filter: ((((customer_address.ca_state)::text = ANY ('{KY,GA,NM}'::text[])) AND (web_sales_1_prt_outliers.ws_net_profit >= 100::numeric) AND (web_sales_1_prt_outliers.ws_net_profit <= 200::numeric)) OR (((customer_address.ca_state)::text = ANY ('{MT,OR,IN}'::text[])) AND (web_sales_1_prt_outliers.ws_net_profit >= 150::numeric) AND (web_sales_1_prt_outliers.ws_net_profit <= 300::numeric)) OR (((customer_address.ca_state)::text = ANY ('{WI,MO,WV}'::text[])) AND (web_sales_1_prt_outliers.ws_net_profit >= 50::numeric) AND (web_sales_1_prt_outliers.ws_net_profit <= 250::numeric)))
                                             ->  Redistribute Motion 3:3  (slice7; segments: 3)  (cost=1631703.21..34903357.76 rows=3 width=40)
                                                   Hash Key: web_returns_1_prt_outliers.wr_refunded_addr_sk
                                                   ->  Hash Join  (cost=1631703.21..34903357.64 rows=3 width=40)
                                                         Hash Cond: ((web_returns_1_prt_outliers.wr_returning_cdemo_sk = cd2.cd_demo_sk) AND (cd1.cd_marital_status = cd2.cd_marital_status) AND ((cd1.cd_education_status)::text = (cd2.cd_education_status)::text))
                                                         ->  Redistribute Motion 3:3  (slice6; segments: 3)  (cost=1574468.76..34846123.04 rows=3 width=56)
                                                               Hash Key: web_returns_1_prt_outliers.wr_returning_cdemo_sk
                                                               ->  Hash Join  (cost=1574468.76..34846122.92 rows=3 width=56)
                                                                     Hash Cond: (web_sales_1_prt_outliers.ws_web_page_sk = web_page.wp_web_page_sk)
                                                                     ->  Redistribute Motion 3:3  (slice5; segments: 3)  (cost=1574369.26..34846023.34 rows=3 width=60)
                                                                           Hash Key: web_sales_1_prt_outliers.ws_web_page_sk
                                                                           ->  Hash Join  (cost=1574369.26..34846023.22 rows=3 width=60)
                                                                                 Hash Cond: (web_returns_1_prt_outliers.wr_reason_sk = reason.r_reason_sk)
                                                                                 ->  Redistribute Motion 3:3  (slice4; segments: 3)  (cost=1574341.80..34845995.66 rows=3 width=50)
                                                                                       Hash Key: web_returns_1_prt_outliers.wr_reason_sk
                                                                                       ->  Hash Join  (cost=1574341.80..34845995.49 rows=3 width=50)
                                                                                             Hash Cond: ((web_sales_1_prt_outliers.ws_item_sk = web_returns_1_prt_outliers.wr_item_sk) AND (web_sales_1_prt_outliers.ws_order_number = web_returns_1_prt_outliers.wr_order_number))
                                                                                             Join Filter: (((cd1.cd_marital_status = 'M'::bpchar) AND ((cd1.cd_education_status)::text = '4 yr Degree'::text) AND (web_sales_1_prt_outliers.ws_sales_price >= 100.00) AND (web_sales_1_prt_outliers.ws_sales_price <= 150.00)) OR ((cd1.cd_marital_status = 'D'::bpchar) AND ((cd1.cd_education_status)::text = 'Primary'::text) AND (web_sales_1_prt_outliers.ws_sales_price >= 50.00) AND (web_sales_1_prt_outliers.ws_sales_price <= 100.00)) OR ((cd1.cd_marital_status = 'U'::bpchar) AND ((cd1.cd_education_status)::text = 'Advanced Degree'::text) AND (web_sales_1_prt_outliers.ws_sales_price >= 150.00) AND (web_sales_1_prt_outliers.ws_sales_price <= 200.00)))
                                                                                             ->  Redistribute Motion 3:3  (slice2; segments: 3)  (cost=1297.42..33121441.63 rows=100024 width=28)
                                                                                                   Hash Key: web_sales_1_prt_outliers.ws_order_number, web_sales_1_prt_outliers.ws_item_sk
                                                                                                   ->  Hash Join  (cost=1297.42..33115440.19 rows=100024 width=28)
                                                                                                         Hash Cond: (web_sales_1_prt_outliers.ws_sold_date_sk = date_dim.d_date_sk)
                                                                                                         ->  Append  (cost=0.00..32736052.24 rows=20004791 width=32)
                                                                                                               ->  Result  (cost=0.00..7788.84 rows=3601 width=32)
                                                                                                                     One-Time Filter: PartSelected
                                                                                                                     ->  Append-only Columnar Scan on web_sales_1_prt_outliers  (cost=0.00..7788.84 rows=3601 width=32)
                                                                                                                           Filter: ((((ws_sales_price >= 100.00) AND (ws_sales_price <= 150.00)) OR ((ws_sales_price >= 50.00) AND (ws_sales_price <= 100.00)) OR ((ws_sales_price >= 150.00) AND (ws_sales_price <= 200.00))) AND (((ws_net_profit >= 100::numeric) AND (ws_net_profit <= 200::numeric)) OR ((ws_net_profit >= 150::numeric) AND (ws_net_profit <= 300::numeric)) OR ((ws_net_profit >= 50::numeric) AND (ws_net_profit <= 250::numeric))))
                                                                                                               ->  Result  (cost=0.00..278934.20 rows=174363 width=32)
                                                                                                                     One-Time Filter: PartSelected
                                                                                                                     ->  Append-only Columnar Scan on web_sales_1_prt_2  (cost=0.00..278934.20 rows=174363 width=32)
                                                                                                                           Filter: ((((ws_sales_price >= 100.00) AND (ws_sales_price <= 150.00)) OR ((ws_sales_price >= 50.00) AND (ws_sales_price <= 100.00)) OR ((ws_sales_price >= 150.00) AND (ws_sales_price <= 200.00))) AND (((ws_net_profit >= 100::numeric) AND (ws_net_profit <= 200::numeric)) OR ((ws_net_profit >= 150::numeric) AND (ws_net_profit <= 300::numeric)) OR ((ws_net_profit >= 50::numeric) AND (ws_net_profit <= 250::numeric))))
                                                                                                               ->  Result  (cost=0.00..290420.60 rows=180413 width=32)
                                                                                                                     One-Time Filter: PartSelected
                                                                                                                     ->  Append-only Columnar Scan on web_sales_1_prt_3  (cost=0.00..290420.60 rows=180413 width=32)
                                                                                                                           Filter: ((((ws_sales_price >= 100.00) AND (ws_sales_price <= 150.00)) OR ((ws_sales_price >= 50.00) AND (ws_sales_price <= 100.00)) OR ((ws_sales_price >= 150.00) AND (ws_sales_price <= 200.00))) AND (((ws_net_profit >= 100::numeric) AND (ws_net_profit <= 200::numeric)) OR ((ws_net_profit >= 150::numeric) AND (ws_net_profit <= 300::numeric)) OR ((ws_net_profit >= 50::numeric) AND (ws_net_profit <= 250::numeric))))
                                                                                                               ->  Result  (cost=0.00..279796.80 rows=171810 width=32)
                                                                                                                     One-Time Filter: PartSelected
                                                                                                                     ->  Append-only Columnar Scan on web_sales_1_prt_4  (cost=0.00..279796.80 rows=171810 width=32)
                                                                                                                           Filter: ((((ws_sales_price >= 100.00) AND (ws_sales_price <= 150.00)) OR ((ws_sales_price >= 50.00) AND (ws_sales_price <= 100.00)) OR ((ws_sales_price >= 150.00) AND (ws_sales_price <= 200.00))) AND (((ws_net_profit >= 100::numeric) AND (ws_net_profit <= 200::numeric)) OR ((ws_net_profit >= 150::numeric) AND (ws_net_profit <= 300::numeric)) OR ((ws_net_profit >= 50::numeric) AND (ws_net_profit <= 250::numeric))))
                                                                                                               ->  Result  (cost=0.00..290664.80 rows=176562 width=32)
                                                                                                                     One-Time Filter: PartSelected
                                                                                                                     ->  Append-only Columnar Scan on web_sales_1_prt_5  (cost=0.00..290664.80 rows=176562 width=32)
                                                                                                                           Filter: ((((ws_sales_price >= 100.00) AND (ws_sales_price <= 150.00)) OR ((ws_sales_price >= 50.00) AND (ws_sales_price <= 100.00)) OR ((ws_sales_price >= 150.00) AND (ws_sales_price <= 200.00))) AND (((ws_net_profit >= 100::numeric) AND (ws_net_profit <= 200::numeric)) OR ((ws_net_profit >= 150::numeric) AND (ws_net_profit <= 300::numeric)) OR ((ws_net_profit >= 50::numeric) AND (ws_net_profit <= 250::numeric))))
                                                                                                               ->  Result  (cost=0.00..290062.20 rows=174203 width=32)
                                                                                                                     One-Time Filter: PartSelected
                                                                                                                     ->  Append-only Columnar Scan on web_sales_1_prt_6  (cost=0.00..290062.20 rows=174203 width=32)
                                                                                                                           Filter: ((((ws_sales_price >= 100.00) AND (ws_sales_price <= 150.00)) OR ((ws_sales_price >= 50.00) AND (ws_sales_price <= 100.00)) OR ((ws_sales_price >= 150.00) AND (ws_sales_price <= 200.00))) AND (((ws_net_profit >= 100::numeric) AND (ws_net_profit <= 200::numeric)) OR ((ws_net_profit >= 150::numeric) AND (ws_net_profit <= 300::numeric)) OR ((ws_net_profit >= 50::numeric) AND (ws_net_profit <= 250::numeric))))
                                                                                                               ->  Result  (cost=0.00..290703.20 rows=176927 width=32)
                                                                                                                     One-Time Filter: PartSelected
                                                                                                                     ->  Append-only Columnar Scan on web_sales_1_prt_7  (cost=0.00..290703.20 rows=176927 width=32)
                                                                                                                           Filter: ((((ws_sales_price >= 100.00) AND (ws_sales_price <= 150.00)) OR ((ws_sales_price >= 50.00) AND (ws_sales_price <= 100.00)) OR ((ws_sales_price >= 150.00) AND (ws_sales_price <= 200.00))) AND (((ws_net_profit >= 100::numeric) AND (ws_net_profit <= 200::numeric)) OR ((ws_net_profit >= 150::numeric) AND (ws_net_profit <= 300::numeric)) OR ((ws_net_profit >= 50::numeric) AND (ws_net_profit <= 250::numeric))))
                                                                                                               ->  Result  (cost=0.00..289741.20 rows=171800 width=32)
                                                                                                                     One-Time Filter: PartSelected
                                                                                                                     ->  Append-only Columnar Scan on web_sales_1_prt_8  (cost=0.00..289741.20 rows=171800 width=32)
                                                                                                                           Filter: ((((ws_sales_price >= 100.00) AND (ws_sales_price <= 150.00)) OR ((ws_sales_price >= 50.00) AND (ws_sales_price <= 100.00)) OR ((ws_sales_price >= 150.00) AND (ws_sales_price <= 200.00))) AND (((ws_net_profit >= 100::numeric) AND (ws_net_profit <= 200::numeric)) OR ((ws_net_profit >= 150::numeric) AND (ws_net_profit <= 300::numeric)) OR ((ws_net_profit >= 50::numeric) AND (ws_net_profit <= 250::numeric))))
                                                                                                               ->  Result  (cost=0.00..422340.60 rows=252852 width=32)
                                                                                                                     One-Time Filter: PartSelected
                                                                                                                     ->  Append-only Columnar Scan on web_sales_1_prt_9  (cost=0.00..422340.60 rows=252852 width=32)
                                                                                                                           Filter: ((((ws_sales_price >= 100.00) AND (ws_sales_price <= 150.00)) OR ((ws_sales_price >= 50.00) AND (ws_sales_price <= 100.00)) OR ((ws_sales_price >= 150.00) AND (ws_sales_price <= 200.00))) AND (((ws_net_profit >= 100::numeric) AND (ws_net_profit <= 200::numeric)) OR ((ws_net_profit >= 150::numeric) AND (ws_net_profit <= 300::numeric)) OR ((ws_net_profit >= 50::numeric) AND (ws_net_profit <= 250::numeric))))
                                                                                                               ->  Result  (cost=0.00..659835.00 rows=398553 width=32)
                                                                                                                     One-Time Filter: PartSelected
                                                                                                                     ->  Append-only Columnar Scan on web_sales_1_prt_10  (cost=0.00..659835.00 rows=398553 width=32)
                                                                                                                           Filter: ((((ws_sales_price >= 100.00) AND (ws_sales_price <= 150.00)) OR ((ws_sales_price >= 50.00) AND (ws_sales_price <= 100.00)) OR ((ws_sales_price >= 150.00) AND (ws_sales_price <= 200.00))) AND (((ws_net_profit >= 100::numeric) AND (ws_net_profit <= 200::numeric)) OR ((ws_net_profit >= 150::numeric) AND (ws_net_profit <= 300::numeric)) OR ((ws_net_profit >= 50::numeric) AND (ws_net_profit <= 250::numeric))))
                                                                                                               ->  Result  (cost=0.00..660012.00 rows=419436 width=32)
                                                                                                                     One-Time Filter: PartSelected
                                                                                                                     ->  Append-only Columnar Scan on web_sales_1_prt_11  (cost=0.00..660012.00 rows=419436 width=32)
                                                                                                                           Filter: ((((ws_sales_price >= 100.00) AND (ws_sales_price <= 150.00)) OR ((ws_sales_price >= 50.00) AND (ws_sales_price <= 100.00)) OR ((ws_sales_price >= 150.00) AND (ws_sales_price <= 200.00))) AND (((ws_net_profit >= 100::numeric) AND (ws_net_profit <= 200::numeric)) OR ((ws_net_profit >= 150::numeric) AND (ws_net_profit <= 300::numeric)) OR ((ws_net_profit >= 50::numeric) AND (ws_net_profit <= 250::numeric))))
                                                                                                               ->  Result  (cost=0.00..684690.00 rows=406161 width=32)
                                                                                                                     One-Time Filter: PartSelected
                                                                                                                     ->  Append-only Columnar Scan on web_sales_1_prt_12  (cost=0.00..684690.00 rows=406161 width=32)
                                                                                                                           Filter: ((((ws_sales_price >= 100.00) AND (ws_sales_price <= 150.00)) OR ((ws_sales_price >= 50.00) AND (ws_sales_price <= 100.00)) OR ((ws_sales_price >= 150.00) AND (ws_sales_price <= 200.00))) AND (((ws_net_profit >= 100::numeric) AND (ws_net_profit <= 200::numeric)) OR ((ws_net_profit >= 150::numeric) AND (ws_net_profit <= 300::numeric)) OR ((ws_net_profit >= 50::numeric) AND (ws_net_profit <= 250::numeric))))
                                                                                                               ->  Result  (cost=0.00..1000518.00 rows=623174 width=32)
                                                                                                                     One-Time Filter: PartSelected
                                                                                                                     ->  Append-only Columnar Scan on web_sales_1_prt_13  (cost=0.00..1000518.00 rows=623174 width=32)
                                                                                                                           Filter: ((((ws_sales_price >= 100.00) AND (ws_sales_price <= 150.00)) OR ((ws_sales_price >= 50.00) AND (ws_sales_price <= 100.00)) OR ((ws_sales_price >= 150.00) AND (ws_sales_price <= 200.00))) AND (((ws_net_profit >= 100::numeric) AND (ws_net_profit <= 200::numeric)) OR ((ws_net_profit >= 150::numeric) AND (ws_net_profit <= 300::numeric)) OR ((ws_net_profit >= 50::numeric) AND (ws_net_profit <= 250::numeric))))
                                                                                                               ->  Result  (cost=0.00..999366.00 rows=586005 width=32)
                                                                                                                     One-Time Filter: PartSelected
                                                                                                                     ->  Append-only Columnar Scan on web_sales_1_prt_14  (cost=0.00..999366.00 rows=586005 width=32)
                                                                                                                           Filter: ((((ws_sales_price >= 100.00) AND (ws_sales_price <= 150.00)) OR ((ws_sales_price >= 50.00) AND (ws_sales_price <= 100.00)) OR ((ws_sales_price >= 150.00) AND (ws_sales_price <= 200.00))) AND (((ws_net_profit >= 100::numeric) AND (ws_net_profit <= 200::numeric)) OR ((ws_net_profit >= 150::numeric) AND (ws_net_profit <= 300::numeric)) OR ((ws_net_profit >= 50::numeric) AND (ws_net_profit <= 250::numeric))))
                                                                                                               ->  Result  (cost=0.00..376449.20 rows=230808 width=32)
                                                                                                                     One-Time Filter: PartSelected
                                                                                                                     ->  Append-only Columnar Scan on web_sales_1_prt_15  (cost=0.00..376449.20 rows=230808 width=32)
                                                                                                                           Filter: ((((ws_sales_price >= 100.00) AND (ws_sales_price <= 150.00)) OR ((ws_sales_price >= 50.00) AND (ws_sales_price <= 100.00)) OR ((ws_sales_price >= 150.00) AND (ws_sales_price <= 200.00))) AND (((ws_net_profit >= 100::numeric) AND (ws_net_profit <= 200::numeric)) OR ((ws_net_profit >= 150::numeric) AND (ws_net_profit <= 300::numeric)) OR ((ws_net_profit >= 50::numeric) AND (ws_net_profit <= 250::numeric))))
                                                                                                               ->  Result  (cost=0.00..290276.60 rows=176634 width=32)
                                                                                                                     One-Time Filter: PartSelected
                                                                                                                     ->  Append-only Columnar Scan on web_sales_1_prt_16  (cost=0.00..290276.60 rows=176634 width=32)
                                                                                                                           Filter: ((((ws_sales_price >= 100.00) AND (ws_sales_price <= 150.00)) OR ((ws_sales_price >= 50.00) AND (ws_sales_price <= 100.00)) OR ((ws_sales_price >= 150.00) AND (ws_sales_price <= 200.00))) AND (((ws_net_profit >= 100::numeric) AND (ws_net_profit <= 200::numeric)) OR ((ws_net_profit >= 150::numeric) AND (ws_net_profit <= 300::numeric)) OR ((ws_net_profit >= 50::numeric) AND (ws_net_profit <= 250::numeric))))
                                                                                                               ->  Result  (cost=0.00..279628.20 rows=167758 width=32)
                                                                                                                     One-Time Filter: PartSelected
                                                                                                                     ->  Append-only Columnar Scan on web_sales_1_prt_17  (cost=0.00..279628.20 rows=167758 width=32)
                                                                                                                           Filter: ((((ws_sales_price >= 100.00) AND (ws_sales_price <= 150.00)) OR ((ws_sales_price >= 50.00) AND (ws_sales_price <= 100.00)) OR ((ws_sales_price >= 150.00) AND (ws_sales_price <= 200.00))) AND (((ws_net_profit >= 100::numeric) AND (ws_net_profit <= 200::numeric)) OR ((ws_net_profit >= 150::numeric) AND (ws_net_profit <= 300::numeric)) OR ((ws_net_profit >= 50::numeric) AND (ws_net_profit <= 250::numeric))))
                                                                                                               ->  Result  (cost=0.00..289649.20 rows=182766 width=32)
                                                                                                                     One-Time Filter: PartSelected
                                                                                                                     ->  Append-only Columnar Scan on web_sales_1_prt_18  (cost=0.00..289649.20 rows=182766 width=32)
                                                                                                                           Filter: ((((ws_sales_price >= 100.00) AND (ws_sales_price <= 150.00)) OR ((ws_sales_price >= 50.00) AND (ws_sales_price <= 100.00)) OR ((ws_sales_price >= 150.00) AND (ws_sales_price <= 200.00))) AND (((ws_net_profit >= 100::numeric) AND (ws_net_profit <= 200::numeric)) OR ((ws_net_profit >= 150::numeric) AND (ws_net_profit <= 300::numeric)) OR ((ws_net_profit >= 50::numeric) AND (ws_net_profit <= 250::numeric))))
                                                                                                               ->  Result  (cost=0.00..290298.20 rows=180564 width=32)
                                                                                                                     One-Time Filter: PartSelected
                                                                                                                     ->  Append-only Columnar Scan on web_sales_1_prt_19  (cost=0.00..290298.20 rows=180564 width=32)
                                                                                                                           Filter: ((((ws_sales_price >= 100.00) AND (ws_sales_price <= 150.00)) OR ((ws_sales_price >= 50.00) AND (ws_sales_price <= 100.00)) OR ((ws_sales_price >= 150.00) AND (ws_sales_price <= 200.00))) AND (((ws_net_profit >= 100::numeric) AND (ws_net_profit <= 200::numeric)) OR ((ws_net_profit >= 150::numeric) AND (ws_net_profit <= 300::numeric)) OR ((ws_net_profit >= 50::numeric) AND (ws_net_profit <= 250::numeric))))
                                                                                                               ->  Result  (cost=0.00..289930.00 rows=180631 width=32)
                                                                                                                     One-Time Filter: PartSelected
                                                                                                                     ->  Append-only Columnar Scan on web_sales_1_prt_20  (cost=0.00..289930.00 rows=180631 width=32)
                                                                                                                           Filter: ((((ws_sales_price >= 100.00) AND (ws_sales_price <= 150.00)) OR ((ws_sales_price >= 50.00) AND (ws_sales_price <= 100.00)) OR ((ws_sales_price >= 150.00) AND (ws_sales_price <= 200.00))) AND (((ws_net_profit >= 100::numeric) AND (ws_net_profit <= 200::numeric)) OR ((ws_net_profit >= 150::numeric) AND (ws_net_profit <= 300::numeric)) OR ((ws_net_profit >= 50::numeric) AND (ws_net_profit <= 250::numeric))))
                                                                                                               ->  Result  (cost=0.00..289814.60 rows=180188 width=32)
                                                                                                                     One-Time Filter: PartSelected
                                                                                                                     ->  Append-only Columnar Scan on web_sales_1_prt_21  (cost=0.00..289814.60 rows=180188 width=32)
                                                                                                                           Filter: ((((ws_sales_price >= 100.00) AND (ws_sales_price <= 150.00)) OR ((ws_sales_price >= 50.00) AND (ws_sales_price <= 100.00)) OR ((ws_sales_price >= 150.00) AND (ws_sales_price <= 200.00))) AND (((ws_net_profit >= 100::numeric) AND (ws_net_profit <= 200::numeric)) OR ((ws_net_profit >= 150::numeric) AND (ws_net_profit <= 300::numeric)) OR ((ws_net_profit >= 50::numeric) AND (ws_net_profit <= 250::numeric))))
                                                                                                               ->  Result  (cost=0.00..409192.40 rows=260127 width=32)
                                                                                                                     One-Time Filter: PartSelected
                                                                                                                     ->  Append-only Columnar Scan on web_sales_1_prt_22  (cost=0.00..409192.40 rows=260127 width=32)
                                                                                                                           Filter: ((((ws_sales_price >= 100.00) AND (ws_sales_price <= 150.00)) OR ((ws_sales_price >= 50.00) AND (ws_sales_price <= 100.00)) OR ((ws_sales_price >= 150.00) AND (ws_sales_price <= 200.00))) AND (((ws_net_profit >= 100::numeric) AND (ws_net_profit <= 200::numeric)) OR ((ws_net_profit >= 150::numeric) AND (ws_net_profit <= 300::numeric)) OR ((ws_net_profit >= 50::numeric) AND (ws_net_profit <= 250::numeric))))
                                                                                                               ->  Result  (cost=0.00..660509.00 rows=410533 width=32)
                                                                                                                     One-Time Filter: PartSelected
                                                                                                                     ->  Append-only Columnar Scan on web_sales_1_prt_23  (cost=0.00..660509.00 rows=410533 width=32)
                                                                                                                           Filter: ((((ws_sales_price >= 100.00) AND (ws_sales_price <= 150.00)) OR ((ws_sales_price >= 50.00) AND (ws_sales_price <= 100.00)) OR ((ws_sales_price >= 150.00) AND (ws_sales_price <= 200.00))) AND (((ws_net_profit >= 100::numeric) AND (ws_net_profit <= 200::numeric)) OR ((ws_net_profit >= 150::numeric) AND (ws_net_profit <= 300::numeric)) OR ((ws_net_profit >= 50::numeric) AND (ws_net_profit <= 250::numeric))))
                                                                                                               ->  Result  (cost=0.00..659650.00 rows=391070 width=32)
                                                                                                                     One-Time Filter: PartSelected
                                                                                                                     ->  Append-only Columnar Scan on web_sales_1_prt_24  (cost=0.00..659650.00 rows=391070 width=32)
                                                                                                                           Filter: ((((ws_sales_price >= 100.00) AND (ws_sales_price <= 150.00)) OR ((ws_sales_price >= 50.00) AND (ws_sales_price <= 100.00)) OR ((ws_sales_price >= 150.00) AND (ws_sales_price <= 200.00))) AND (((ws_net_profit >= 100::numeric) AND (ws_net_profit <= 200::numeric)) OR ((ws_net_profit >= 150::numeric) AND (ws_net_profit <= 300::numeric)) OR ((ws_net_profit >= 50::numeric) AND (ws_net_profit <= 250::numeric))))
                                                                                                               ->  Result  (cost=0.00..671970.00 rows=412554 width=32)
                                                                                                                     One-Time Filter: PartSelected
                                                                                                                     ->  Append-only Columnar Scan on web_sales_1_prt_25  (cost=0.00..671970.00 rows=412554 width=32)
                                                                                                                           Filter: ((((ws_sales_price >= 100.00) AND (ws_sales_price <= 150.00)) OR ((ws_sales_price >= 50.00) AND (ws_sales_price <= 100.00)) OR ((ws_sales_price >= 150.00) AND (ws_sales_price <= 200.00))) AND (((ws_net_profit >= 100::numeric) AND (ws_net_profit <= 200::numeric)) OR ((ws_net_profit >= 150::numeric) AND (ws_net_profit <= 300::numeric)) OR ((ws_net_profit >= 50::numeric) AND (ws_net_profit <= 250::numeric))))
                                                                                                               ->  Result  (cost=0.00..1000668.00 rows=615555 width=32)
                                                                                                                     One-Time Filter: PartSelected
                                                                                                                     ->  Append-only Columnar Scan on web_sales_1_prt_26  (cost=0.00..1000668.00 rows=615555 width=32)
                                                                                                                           Filter: ((((ws_sales_price >= 100.00) AND (ws_sales_price <= 150.00)) OR ((ws_sales_price >= 50.00) AND (ws_sales_price <= 100.00)) OR ((ws_sales_price >= 150.00) AND (ws_sales_price <= 200.00))) AND (((ws_net_profit >= 100::numeric) AND (ws_net_profit <= 200::numeric)) OR ((ws_net_profit >= 150::numeric) AND (ws_net_profit <= 300::numeric)) OR ((ws_net_profit >= 50::numeric) AND (ws_net_profit <= 250::numeric))))
                                                                                                               ->  Result  (cost=0.00..998978.00 rows=622129 width=32)
                                                                                                                     One-Time Filter: PartSelected
                                                                                                                     ->  Append-only Columnar Scan on web_sales_1_prt_27  (cost=0.00..998978.00 rows=622129 width=32)
                                                                                                                           Filter: ((((ws_sales_price >= 100.00) AND (ws_sales_price <= 150.00)) OR ((ws_sales_price >= 50.00) AND (ws_sales_price <= 100.00)) OR ((ws_sales_price >= 150.00) AND (ws_sales_price <= 200.00))) AND (((ws_net_profit >= 100::numeric) AND (ws_net_profit <= 200::numeric)) OR ((ws_net_profit >= 150::numeric) AND (ws_net_profit <= 300::numeric)) OR ((ws_net_profit >= 50::numeric) AND (ws_net_profit <= 250::numeric))))
                                                                                                               ->  Result  (cost=0.00..401743.40 rows=241405 width=32)
                                                                                                                     One-Time Filter: PartSelected
                                                                                                                     ->  Append-only Columnar Scan on web_sales_1_prt_28  (cost=0.00..401743.40 rows=241405 width=32)
                                                                                                                           Filter: ((((ws_sales_price >= 100.00) AND (ws_sales_price <= 150.00)) OR ((ws_sales_price >= 50.00) AND (ws_sales_price <= 100.00)) OR ((ws_sales_price >= 150.00) AND (ws_sales_price <= 200.00))) AND (((ws_net_profit >= 100::numeric) AND (ws_net_profit <= 200::numeric)) OR ((ws_net_profit >= 150::numeric) AND (ws_net_profit <= 300::numeric)) OR ((ws_net_profit >= 50::numeric) AND (ws_net_profit <= 250::numeric))))
                                                                                                               ->  Result  (cost=0.00..288856.60 rows=168572 width=32)
                                                                                                                     One-Time Filter: PartSelected
                                                                                                                     ->  Append-only Columnar Scan on web_sales_1_prt_29  (cost=0.00..288856.60 rows=168572 width=32)
                                                                                                                           Filter: ((((ws_sales_price >= 100.00) AND (ws_sales_price <= 150.00)) OR ((ws_sales_price >= 50.00) AND (ws_sales_price <= 100.00)) OR ((ws_sales_price >= 150.00) AND (ws_sales_price <= 200.00))) AND (((ws_net_profit >= 100::numeric) AND (ws_net_profit <= 200::numeric)) OR ((ws_net_profit >= 150::numeric) AND (ws_net_profit <= 300::numeric)) OR ((ws_net_profit >= 50::numeric) AND (ws_net_profit <= 250::numeric))))
                                                                                                               ->  Result  (cost=0.00..289571.20 rows=175601 width=32)
                                                                                                                     One-Time Filter: PartSelected
                                                                                                                     ->  Append-only Columnar Scan on web_sales_1_prt_30  (cost=0.00..289571.20 rows=175601 width=32)
                                                                                                                           Filter: ((((ws_sales_price >= 100.00) AND (ws_sales_price <= 150.00)) OR ((ws_sales_price >= 50.00) AND (ws_sales_price <= 100.00)) OR ((ws_sales_price >= 150.00) AND (ws_sales_price <= 200.00))) AND (((ws_net_profit >= 100::numeric) AND (ws_net_profit <= 200::numeric)) OR ((ws_net_profit >= 150::numeric) AND (ws_net_profit <= 300::numeric)) OR ((ws_net_profit >= 50::numeric) AND (ws_net_profit <= 250::numeric))))
                                                                                                               ->  Result  (cost=0.00..289918.20 rows=175141 width=32)
                                                                                                                     One-Time Filter: PartSelected
                                                                                                                     ->  Append-only Columnar Scan on web_sales_1_prt_31  (cost=0.00..289918.20 rows=175141 width=32)
                                                                                                                           Filter: ((((ws_sales_price >= 100.00) AND (ws_sales_price <= 150.00)) OR ((ws_sales_price >= 50.00) AND (ws_sales_price <= 100.00)) OR ((ws_sales_price >= 150.00) AND (ws_sales_price <= 200.00))) AND (((ws_net_profit >= 100::numeric) AND (ws_net_profit <= 200::numeric)) OR ((ws_net_profit >= 150::numeric) AND (ws_net_profit <= 300::numeric)) OR ((ws_net_profit >= 50::numeric) AND (ws_net_profit <= 250::numeric))))
                                                                                                               ->  Result  (cost=0.00..289832.20 rows=182576 width=32)
                                                                                                                     One-Time Filter: PartSelected
                                                                                                                     ->  Append-only Columnar Scan on web_sales_1_prt_32  (cost=0.00..289832.20 rows=182576 width=32)
                                                                                                                           Filter: ((((ws_sales_price >= 100.00) AND (ws_sales_price <= 150.00)) OR ((ws_sales_price >= 50.00) AND (ws_sales_price <= 100.00)) OR ((ws_sales_price >= 150.00) AND (ws_sales_price <= 200.00))) AND (((ws_net_profit >= 100::numeric) AND (ws_net_profit <= 200::numeric)) OR ((ws_net_profit >= 150::numeric) AND (ws_net_profit <= 300::numeric)) OR ((ws_net_profit >= 50::numeric) AND (ws_net_profit <= 250::numeric))))
                                                                                                               ->  Result  (cost=0.00..289336.40 rows=173889 width=32)
                                                                                                                     One-Time Filter: PartSelected
                                                                                                                     ->  Append-only Columnar Scan on web_sales_1_prt_33  (cost=0.00..289336.40 rows=173889 width=32)
                                                                                                                           Filter: ((((ws_sales_price >= 100.00) AND (ws_sales_price <= 150.00)) OR ((ws_sales_price >= 50.00) AND (ws_sales_price <= 100.00)) OR ((ws_sales_price >= 150.00) AND (ws_sales_price <= 200.00))) AND (((ws_net_profit >= 100::numeric) AND (ws_net_profit <= 200::numeric)) OR ((ws_net_profit >= 150::numeric) AND (ws_net_profit <= 300::numeric)) OR ((ws_net_profit >= 50::numeric) AND (ws_net_profit <= 250::numeric))))
                                                                                                               ->  Result  (cost=0.00..289632.40 rows=176859 width=32)
                                                                                                                     One-Time Filter: PartSelected
                                                                                                                     ->  Append-only Columnar Scan on web_sales_1_prt_34  (cost=0.00..289632.40 rows=176859 width=32)
                                                                                                                           Filter: ((((ws_sales_price >= 100.00) AND (ws_sales_price <= 150.00)) OR ((ws_sales_price >= 50.00) AND (ws_sales_price <= 100.00)) OR ((ws_sales_price >= 150.00) AND (ws_sales_price <= 200.00))) AND (((ws_net_profit >= 100::numeric) AND (ws_net_profit <= 200::numeric)) OR ((ws_net_profit >= 150::numeric) AND (ws_net_profit <= 300::numeric)) OR ((ws_net_profit >= 50::numeric) AND (ws_net_profit <= 250::numeric))))
                                                                                                               ->  Result  (cost=0.00..394322.00 rows=239011 width=32)
                                                                                                                     One-Time Filter: PartSelected
                                                                                                                     ->  Append-only Columnar Scan on web_sales_1_prt_35  (cost=0.00..394322.00 rows=239011 width=32)
                                                                                                                           Filter: ((((ws_sales_price >= 100.00) AND (ws_sales_price <= 150.00)) OR ((ws_sales_price >= 50.00) AND (ws_sales_price <= 100.00)) OR ((ws_sales_price >= 150.00) AND (ws_sales_price <= 200.00))) AND (((ws_net_profit >= 100::numeric) AND (ws_net_profit <= 200::numeric)) OR ((ws_net_profit >= 150::numeric) AND (ws_net_profit <= 300::numeric)) OR ((ws_net_profit >= 50::numeric) AND (ws_net_profit <= 250::numeric))))
                                                                                                               ->  Result  (cost=0.00..659098.00 rows=405141 width=32)
                                                                                                                     One-Time Filter: PartSelected
                                                                                                                     ->  Append-only Columnar Scan on web_sales_1_prt_36  (cost=0.00..659098.00 rows=405141 width=32)
                                                                                                                           Filter: ((((ws_sales_price >= 100.00) AND (ws_sales_price <= 150.00)) OR ((ws_sales_price >= 50.00) AND (ws_sales_price <= 100.00)) OR ((ws_sales_price >= 150.00) AND (ws_sales_price <= 200.00))) AND (((ws_net_profit >= 100::numeric) AND (ws_net_profit <= 200::numeric)) OR ((ws_net_profit >= 150::numeric) AND (ws_net_profit <= 300::numeric)) OR ((ws_net_profit >= 50::numeric) AND (ws_net_profit <= 250::numeric))))
                                                                                                               ->  Result  (cost=0.00..659915.00 rows=405360 width=32)
                                                                                                                     One-Time Filter: PartSelected
                                                                                                                     ->  Append-only Columnar Scan on web_sales_1_prt_37  (cost=0.00..659915.00 rows=405360 width=32)
                                                                                                                           Filter: ((((ws_sales_price >= 100.00) AND (ws_sales_price <= 150.00)) OR ((ws_sales_price >= 50.00) AND (ws_sales_price <= 100.00)) OR ((ws_sales_price >= 150.00) AND (ws_sales_price <= 200.00))) AND (((ws_net_profit >= 100::numeric) AND (ws_net_profit <= 200::numeric)) OR ((ws_net_profit >= 150::numeric) AND (ws_net_profit <= 300::numeric)) OR ((ws_net_profit >= 50::numeric) AND (ws_net_profit <= 250::numeric))))
                                                                                                               ->  Result  (cost=0.00..660174.00 rows=394126 width=32)
                                                                                                                     One-Time Filter: PartSelected
                                                                                                                     ->  Append-only Columnar Scan on web_sales_1_prt_38  (cost=0.00..660174.00 rows=394126 width=32)
                                                                                                                           Filter: ((((ws_sales_price >= 100.00) AND (ws_sales_price <= 150.00)) OR ((ws_sales_price >= 50.00) AND (ws_sales_price <= 100.00)) OR ((ws_sales_price >= 150.00) AND (ws_sales_price <= 200.00))) AND (((ws_net_profit >= 100::numeric) AND (ws_net_profit <= 200::numeric)) OR ((ws_net_profit >= 150::numeric) AND (ws_net_profit <= 300::numeric)) OR ((ws_net_profit >= 50::numeric) AND (ws_net_profit <= 250::numeric))))
                                                                                                               ->  Result  (cost=0.00..998979.00 rows=600581 width=32)
                                                                                                                     One-Time Filter: PartSelected
                                                                                                                     ->  Append-only Columnar Scan on web_sales_1_prt_39  (cost=0.00..998979.00 rows=600581 width=32)
                                                                                                                           Filter: ((((ws_sales_price >= 100.00) AND (ws_sales_price <= 150.00)) OR ((ws_sales_price >= 50.00) AND (ws_sales_price <= 100.00)) OR ((ws_sales_price >= 150.00) AND (ws_sales_price <= 200.00))) AND (((ws_net_profit >= 100::numeric) AND (ws_net_profit <= 200::numeric)) OR ((ws_net_profit >= 150::numeric) AND (ws_net_profit <= 300::numeric)) OR ((ws_net_profit >= 50::numeric) AND (ws_net_profit <= 250::numeric))))
                                                                                                               ->  Result  (cost=0.00..999459.00 rows=615914 width=32)
                                                                                                                     One-Time Filter: PartSelected
                                                                                                                     ->  Append-only Columnar Scan on web_sales_1_prt_40  (cost=0.00..999459.00 rows=615914 width=32)
                                                                                                                           Filter: ((((ws_sales_price >= 100.00) AND (ws_sales_price <= 150.00)) OR ((ws_sales_price >= 50.00) AND (ws_sales_price <= 100.00)) OR ((ws_sales_price >= 150.00) AND (ws_sales_price <= 200.00))) AND (((ws_net_profit >= 100::numeric) AND (ws_net_profit <= 200::numeric)) OR ((ws_net_profit >= 150::numeric) AND (ws_net_profit <= 300::numeric)) OR ((ws_net_profit >= 50::numeric) AND (ws_net_profit <= 250::numeric))))
                                                                                                               ->  Result  (cost=0.00..416711.60 rows=262822 width=32)
                                                                                                                     One-Time Filter: PartSelected
                                                                                                                     ->  Append-only Columnar Scan on web_sales_1_prt_41  (cost=0.00..416711.60 rows=262822 width=32)
                                                                                                                           Filter: ((((ws_sales_price >= 100.00) AND (ws_sales_price <= 150.00)) OR ((ws_sales_price >= 50.00) AND (ws_sales_price <= 100.00)) OR ((ws_sales_price >= 150.00) AND (ws_sales_price <= 200.00))) AND (((ws_net_profit >= 100::numeric) AND (ws_net_profit <= 200::numeric)) OR ((ws_net_profit >= 150::numeric) AND (ws_net_profit <= 300::numeric)) OR ((ws_net_profit >= 50::numeric) AND (ws_net_profit <= 250::numeric))))
                                                                                                               ->  Result  (cost=0.00..289429.00 rows=173603 width=32)
                                                                                                                     One-Time Filter: PartSelected
                                                                                                                     ->  Append-only Columnar Scan on web_sales_1_prt_42  (cost=0.00..289429.00 rows=173603 width=32)
                                                                                                                           Filter: ((((ws_sales_price >= 100.00) AND (ws_sales_price <= 150.00)) OR ((ws_sales_price >= 50.00) AND (ws_sales_price <= 100.00)) OR ((ws_sales_price >= 150.00) AND (ws_sales_price <= 200.00))) AND (((ws_net_profit >= 100::numeric) AND (ws_net_profit <= 200::numeric)) OR ((ws_net_profit >= 150::numeric) AND (ws_net_profit <= 300::numeric)) OR ((ws_net_profit >= 50::numeric) AND (ws_net_profit <= 250::numeric))))
                                                                                                               ->  Result  (cost=0.00..280052.00 rows=168367 width=32)
                                                                                                                     One-Time Filter: PartSelected
                                                                                                                     ->  Append-only Columnar Scan on web_sales_1_prt_43  (cost=0.00..280052.00 rows=168367 width=32)
                                                                                                                           Filter: ((((ws_sales_price >= 100.00) AND (ws_sales_price <= 150.00)) OR ((ws_sales_price >= 50.00) AND (ws_sales_price <= 100.00)) OR ((ws_sales_price >= 150.00) AND (ws_sales_price <= 200.00))) AND (((ws_net_profit >= 100::numeric) AND (ws_net_profit <= 200::numeric)) OR ((ws_net_profit >= 150::numeric) AND (ws_net_profit <= 300::numeric)) OR ((ws_net_profit >= 50::numeric) AND (ws_net_profit <= 250::numeric))))
                                                                                                               ->  Result  (cost=0.00..290597.60 rows=173479 width=32)
                                                                                                                     One-Time Filter: PartSelected
                                                                                                                     ->  Append-only Columnar Scan on web_sales_1_prt_44  (cost=0.00..290597.60 rows=173479 width=32)
                                                                                                                           Filter: ((((ws_sales_price >= 100.00) AND (ws_sales_price <= 150.00)) OR ((ws_sales_price >= 50.00) AND (ws_sales_price <= 100.00)) OR ((ws_sales_price >= 150.00) AND (ws_sales_price <= 200.00))) AND (((ws_net_profit >= 100::numeric) AND (ws_net_profit <= 200::numeric)) OR ((ws_net_profit >= 150::numeric) AND (ws_net_profit <= 300::numeric)) OR ((ws_net_profit >= 50::numeric) AND (ws_net_profit <= 250::numeric))))
                                                                                                               ->  Result  (cost=0.00..290239.80 rows=183763 width=32)
                                                                                                                     One-Time Filter: PartSelected
                                                                                                                     ->  Append-only Columnar Scan on web_sales_1_prt_45  (cost=0.00..290239.80 rows=183763 width=32)
                                                                                                                           Filter: ((((ws_sales_price >= 100.00) AND (ws_sales_price <= 150.00)) OR ((ws_sales_price >= 50.00) AND (ws_sales_price <= 100.00)) OR ((ws_sales_price >= 150.00) AND (ws_sales_price <= 200.00))) AND (((ws_net_profit >= 100::numeric) AND (ws_net_profit <= 200::numeric)) OR ((ws_net_profit >= 150::numeric) AND (ws_net_profit <= 300::numeric)) OR ((ws_net_profit >= 50::numeric) AND (ws_net_profit <= 250::numeric))))
                                                                                                               ->  Result  (cost=0.00..290084.40 rows=176257 width=32)
                                                                                                                     One-Time Filter: PartSelected
                                                                                                                     ->  Append-only Columnar Scan on web_sales_1_prt_46  (cost=0.00..290084.40 rows=176257 width=32)
                                                                                                                           Filter: ((((ws_sales_price >= 100.00) AND (ws_sales_price <= 150.00)) OR ((ws_sales_price >= 50.00) AND (ws_sales_price <= 100.00)) OR ((ws_sales_price >= 150.00) AND (ws_sales_price <= 200.00))) AND (((ws_net_profit >= 100::numeric) AND (ws_net_profit <= 200::numeric)) OR ((ws_net_profit >= 150::numeric) AND (ws_net_profit <= 300::numeric)) OR ((ws_net_profit >= 50::numeric) AND (ws_net_profit <= 250::numeric))))
                                                                                                               ->  Result  (cost=0.00..290988.00 rows=175942 width=32)
                                                                                                                     One-Time Filter: PartSelected
                                                                                                                     ->  Append-only Columnar Scan on web_sales_1_prt_47  (cost=0.00..290988.00 rows=175942 width=32)
                                                                                                                           Filter: ((((ws_sales_price >= 100.00) AND (ws_sales_price <= 150.00)) OR ((ws_sales_price >= 50.00) AND (ws_sales_price <= 100.00)) OR ((ws_sales_price >= 150.00) AND (ws_sales_price <= 200.00))) AND (((ws_net_profit >= 100::numeric) AND (ws_net_profit <= 200::numeric)) OR ((ws_net_profit >= 150::numeric) AND (ws_net_profit <= 300::numeric)) OR ((ws_net_profit >= 50::numeric) AND (ws_net_profit <= 250::numeric))))
                                                                                                               ->  Result  (cost=0.00..369550.20 rows=215470 width=32)
                                                                                                                     One-Time Filter: PartSelected
                                                                                                                     ->  Append-only Columnar Scan on web_sales_1_prt_48  (cost=0.00..369550.20 rows=215470 width=32)
                                                                                                                           Filter: ((((ws_sales_price >= 100.00) AND (ws_sales_price <= 150.00)) OR ((ws_sales_price >= 50.00) AND (ws_sales_price <= 100.00)) OR ((ws_sales_price >= 150.00) AND (ws_sales_price <= 200.00))) AND (((ws_net_profit >= 100::numeric) AND (ws_net_profit <= 200::numeric)) OR ((ws_net_profit >= 150::numeric) AND (ws_net_profit <= 300::numeric)) OR ((ws_net_profit >= 50::numeric) AND (ws_net_profit <= 250::numeric))))
                                                                                                               ->  Result  (cost=0.00..660632.00 rows=391040 width=32)
                                                                                                                     One-Time Filter: PartSelected
                                                                                                                     ->  Append-only Columnar Scan on web_sales_1_prt_49  (cost=0.00..660632.00 rows=391040 width=32)
                                                                                                                           Filter: ((((ws_sales_price >= 100.00) AND (ws_sales_price <= 150.00)) OR ((ws_sales_price >= 50.00) AND (ws_sales_price <= 100.00)) OR ((ws_sales_price >= 150.00) AND (ws_sales_price <= 200.00))) AND (((ws_net_profit >= 100::numeric) AND (ws_net_profit <= 200::numeric)) OR ((ws_net_profit >= 150::numeric) AND (ws_net_profit <= 300::numeric)) OR ((ws_net_profit >= 50::numeric) AND (ws_net_profit <= 250::numeric))))
                                                                                                               ->  Result  (cost=0.00..660334.00 rows=404804 width=32)
                                                                                                                     One-Time Filter: PartSelected
                                                                                                                     ->  Append-only Columnar Scan on web_sales_1_prt_50  (cost=0.00..660334.00 rows=404804 width=32)
                                                                                                                           Filter: ((((ws_sales_price >= 100.00) AND (ws_sales_price <= 150.00)) OR ((ws_sales_price >= 50.00) AND (ws_sales_price <= 100.00)) OR ((ws_sales_price >= 150.00) AND (ws_sales_price <= 200.00))) AND (((ws_net_profit >= 100::numeric) AND (ws_net_profit <= 200::numeric)) OR ((ws_net_profit >= 150::numeric) AND (ws_net_profit <= 300::numeric)) OR ((ws_net_profit >= 50::numeric) AND (ws_net_profit <= 250::numeric))))
                                                                                                               ->  Result  (cost=0.00..660344.00 rows=401592 width=32)
                                                                                                                     One-Time Filter: PartSelected
                                                                                                                     ->  Append-only Columnar Scan on web_sales_1_prt_51  (cost=0.00..660344.00 rows=401592 width=32)
                                                                                                                           Filter: ((((ws_sales_price >= 100.00) AND (ws_sales_price <= 150.00)) OR ((ws_sales_price >= 50.00) AND (ws_sales_price <= 100.00)) OR ((ws_sales_price >= 150.00) AND (ws_sales_price <= 200.00))) AND (((ws_net_profit >= 100::numeric) AND (ws_net_profit <= 200::numeric)) OR ((ws_net_profit >= 150::numeric) AND (ws_net_profit <= 300::numeric)) OR ((ws_net_profit >= 50::numeric) AND (ws_net_profit <= 250::numeric))))
                                                                                                               ->  Result  (cost=0.00..976413.00 rows=611749 width=32)
                                                                                                                     One-Time Filter: PartSelected
                                                                                                                     ->  Append-only Columnar Scan on web_sales_1_prt_52  (cost=0.00..976413.00 rows=611749 width=32)
                                                                                                                           Filter: ((((ws_sales_price >= 100.00) AND (ws_sales_price <= 150.00)) OR ((ws_sales_price >= 50.00) AND (ws_sales_price <= 100.00)) OR ((ws_sales_price >= 150.00) AND (ws_sales_price <= 200.00))) AND (((ws_net_profit >= 100::numeric) AND (ws_net_profit <= 200::numeric)) OR ((ws_net_profit >= 150::numeric) AND (ws_net_profit <= 300::numeric)) OR ((ws_net_profit >= 50::numeric) AND (ws_net_profit <= 250::numeric))))
                                                                                                               ->  Result  (cost=0.00..1000717.00 rows=606952 width=32)
                                                                                                                     One-Time Filter: PartSelected
                                                                                                                     ->  Append-only Columnar Scan on web_sales_1_prt_53  (cost=0.00..1000717.00 rows=606952 width=32)
                                                                                                                           Filter: ((((ws_sales_price >= 100.00) AND (ws_sales_price <= 150.00)) OR ((ws_sales_price >= 50.00) AND (ws_sales_price <= 100.00)) OR ((ws_sales_price >= 150.00) AND (ws_sales_price <= 200.00))) AND (((ws_net_profit >= 100::numeric) AND (ws_net_profit <= 200::numeric)) OR ((ws_net_profit >= 150::numeric) AND (ws_net_profit <= 300::numeric)) OR ((ws_net_profit >= 50::numeric) AND (ws_net_profit <= 250::numeric))))
                                                                                                               ->  Result  (cost=0.00..478300.00 rows=285989 width=32)
                                                                                                                     One-Time Filter: PartSelected
                                                                                                                     ->  Append-only Columnar Scan on web_sales_1_prt_54  (cost=0.00..478300.00 rows=285989 width=32)
                                                                                                                           Filter: ((((ws_sales_price >= 100.00) AND (ws_sales_price <= 150.00)) OR ((ws_sales_price >= 50.00) AND (ws_sales_price <= 100.00)) OR ((ws_sales_price >= 150.00) AND (ws_sales_price <= 200.00))) AND (((ws_net_profit >= 100::numeric) AND (ws_net_profit <= 200::numeric)) OR ((ws_net_profit >= 150::numeric) AND (ws_net_profit <= 300::numeric)) OR ((ws_net_profit >= 50::numeric) AND (ws_net_profit <= 250::numeric))))
                                                                                                               ->  Result  (cost=0.00..290606.80 rows=178816 width=32)
                                                                                                                     One-Time Filter: PartSelected
                                                                                                                     ->  Append-only Columnar Scan on web_sales_1_prt_55  (cost=0.00..290606.80 rows=178816 width=32)
                                                                                                                           Filter: ((((ws_sales_price >= 100.00) AND (ws_sales_price <= 150.00)) OR ((ws_sales_price >= 50.00) AND (ws_sales_price <= 100.00)) OR ((ws_sales_price >= 150.00) AND (ws_sales_price <= 200.00))) AND (((ws_net_profit >= 100::numeric) AND (ws_net_profit <= 200::numeric)) OR ((ws_net_profit >= 150::numeric) AND (ws_net_profit <= 300::numeric)) OR ((ws_net_profit >= 50::numeric) AND (ws_net_profit <= 250::numeric))))
                                                                                                               ->  Result  (cost=0.00..279618.00 rows=169094 width=32)
                                                                                                                     One-Time Filter: PartSelected
                                                                                                                     ->  Append-only Columnar Scan on web_sales_1_prt_56  (cost=0.00..279618.00 rows=169094 width=32)
                                                                                                                           Filter: ((((ws_sales_price >= 100.00) AND (ws_sales_price <= 150.00)) OR ((ws_sales_price >= 50.00) AND (ws_sales_price <= 100.00)) OR ((ws_sales_price >= 150.00) AND (ws_sales_price <= 200.00))) AND (((ws_net_profit >= 100::numeric) AND (ws_net_profit <= 200::numeric)) OR ((ws_net_profit >= 150::numeric) AND (ws_net_profit <= 300::numeric)) OR ((ws_net_profit >= 50::numeric) AND (ws_net_profit <= 250::numeric))))
                                                                                                               ->  Result  (cost=0.00..289834.40 rows=174230 width=32)
                                                                                                                     One-Time Filter: PartSelected
                                                                                                                     ->  Append-only Columnar Scan on web_sales_1_prt_57  (cost=0.00..289834.40 rows=174230 width=32)
                                                                                                                           Filter: ((((ws_sales_price >= 100.00) AND (ws_sales_price <= 150.00)) OR ((ws_sales_price >= 50.00) AND (ws_sales_price <= 100.00)) OR ((ws_sales_price >= 150.00) AND (ws_sales_price <= 200.00))) AND (((ws_net_profit >= 100::numeric) AND (ws_net_profit <= 200::numeric)) OR ((ws_net_profit >= 150::numeric) AND (ws_net_profit <= 300::numeric)) OR ((ws_net_profit >= 50::numeric) AND (ws_net_profit <= 250::numeric))))
                                                                                                               ->  Result  (cost=0.00..289943.40 rows=180279 width=32)
                                                                                                                     One-Time Filter: PartSelected
                                                                                                                     ->  Append-only Columnar Scan on web_sales_1_prt_58  (cost=0.00..289943.40 rows=180279 width=32)
                                                                                                                           Filter: ((((ws_sales_price >= 100.00) AND (ws_sales_price <= 150.00)) OR ((ws_sales_price >= 50.00) AND (ws_sales_price <= 100.00)) OR ((ws_sales_price >= 150.00) AND (ws_sales_price <= 200.00))) AND (((ws_net_profit >= 100::numeric) AND (ws_net_profit <= 200::numeric)) OR ((ws_net_profit >= 150::numeric) AND (ws_net_profit <= 300::numeric)) OR ((ws_net_profit >= 50::numeric) AND (ws_net_profit <= 250::numeric))))
                                                                                                               ->  Result  (cost=0.00..289830.60 rows=181539 width=32)
                                                                                                                     One-Time Filter: PartSelected
                                                                                                                     ->  Append-only Columnar Scan on web_sales_1_prt_59  (cost=0.00..289830.60 rows=181539 width=32)
                                                                                                                           Filter: ((((ws_sales_price >= 100.00) AND (ws_sales_price <= 150.00)) OR ((ws_sales_price >= 50.00) AND (ws_sales_price <= 100.00)) OR ((ws_sales_price >= 150.00) AND (ws_sales_price <= 200.00))) AND (((ws_net_profit >= 100::numeric) AND (ws_net_profit <= 200::numeric)) OR ((ws_net_profit >= 150::numeric) AND (ws_net_profit <= 300::numeric)) OR ((ws_net_profit >= 50::numeric) AND (ws_net_profit <= 250::numeric))))
                                                                                                               ->  Result  (cost=0.00..290623.20 rows=170640 width=32)
                                                                                                                     One-Time Filter: PartSelected
                                                                                                                     ->  Append-only Columnar Scan on web_sales_1_prt_60  (cost=0.00..290623.20 rows=170640 width=32)
                                                                                                                           Filter: ((((ws_sales_price >= 100.00) AND (ws_sales_price <= 150.00)) OR ((ws_sales_price >= 50.00) AND (ws_sales_price <= 100.00)) OR ((ws_sales_price >= 150.00) AND (ws_sales_price <= 200.00))) AND (((ws_net_profit >= 100::numeric) AND (ws_net_profit <= 200::numeric)) OR ((ws_net_profit >= 150::numeric) AND (ws_net_profit <= 300::numeric)) OR ((ws_net_profit >= 50::numeric) AND (ws_net_profit <= 250::numeric))))
                                                                                                               ->  Result  (cost=0.00..356009.40 rows=220330 width=32)
                                                                                                                     One-Time Filter: PartSelected
                                                                                                                     ->  Append-only Columnar Scan on web_sales_1_prt_61  (cost=0.00..356009.40 rows=220330 width=32)
                                                                                                                           Filter: ((((ws_sales_price >= 100.00) AND (ws_sales_price <= 150.00)) OR ((ws_sales_price >= 50.00) AND (ws_sales_price <= 100.00)) OR ((ws_sales_price >= 150.00) AND (ws_sales_price <= 200.00))) AND (((ws_net_profit >= 100::numeric) AND (ws_net_profit <= 200::numeric)) OR ((ws_net_profit >= 150::numeric) AND (ws_net_profit <= 300::numeric)) OR ((ws_net_profit >= 50::numeric) AND (ws_net_profit <= 250::numeric))))
                                                                                                               ->  Result  (cost=0.00..659595.00 rows=408671 width=32)
                                                                                                                     One-Time Filter: PartSelected
                                                                                                                     ->  Append-only Columnar Scan on web_sales_1_prt_62  (cost=0.00..659595.00 rows=408671 width=32)
                                                                                                                           Filter: ((((ws_sales_price >= 100.00) AND (ws_sales_price <= 150.00)) OR ((ws_sales_price >= 50.00) AND (ws_sales_price <= 100.00)) OR ((ws_sales_price >= 150.00) AND (ws_sales_price <= 200.00))) AND (((ws_net_profit >= 100::numeric) AND (ws_net_profit <= 200::numeric)) OR ((ws_net_profit >= 150::numeric) AND (ws_net_profit <= 300::numeric)) OR ((ws_net_profit >= 50::numeric) AND (ws_net_profit <= 250::numeric))))
                                                                                                               ->  Result  (cost=0.00..659900.00 rows=394994 width=32)
                                                                                                                     One-Time Filter: PartSelected
                                                                                                                     ->  Append-only Columnar Scan on web_sales_1_prt_63  (cost=0.00..659900.00 rows=394994 width=32)
                                                                                                                           Filter: ((((ws_sales_price >= 100.00) AND (ws_sales_price <= 150.00)) OR ((ws_sales_price >= 50.00) AND (ws_sales_price <= 100.00)) OR ((ws_sales_price >= 150.00) AND (ws_sales_price <= 200.00))) AND (((ws_net_profit >= 100::numeric) AND (ws_net_profit <= 200::numeric)) OR ((ws_net_profit >= 150::numeric) AND (ws_net_profit <= 300::numeric)) OR ((ws_net_profit >= 50::numeric) AND (ws_net_profit <= 250::numeric))))
                                                                                                               ->  Result  (cost=0.00..660009.00 rows=394763 width=32)
                                                                                                                     One-Time Filter: PartSelected
                                                                                                                     ->  Append-only Columnar Scan on web_sales_1_prt_64  (cost=0.00..660009.00 rows=394763 width=32)
                                                                                                                           Filter: ((((ws_sales_price >= 100.00) AND (ws_sales_price <= 150.00)) OR ((ws_sales_price >= 50.00) AND (ws_sales_price <= 100.00)) OR ((ws_sales_price >= 150.00) AND (ws_sales_price <= 200.00))) AND (((ws_net_profit >= 100::numeric) AND (ws_net_profit <= 200::numeric)) OR ((ws_net_profit >= 150::numeric) AND (ws_net_profit <= 300::numeric)) OR ((ws_net_profit >= 50::numeric) AND (ws_net_profit <= 250::numeric))))
                                                                                                               ->  Result  (cost=0.00..965266.00 rows=621870 width=32)
                                                                                                                     One-Time Filter: PartSelected
                                                                                                                     ->  Append-only Columnar Scan on web_sales_1_prt_65  (cost=0.00..965266.00 rows=621870 width=32)
                                                                                                                           Filter: ((((ws_sales_price >= 100.00) AND (ws_sales_price <= 150.00)) OR ((ws_sales_price >= 50.00) AND (ws_sales_price <= 100.00)) OR ((ws_sales_price >= 150.00) AND (ws_sales_price <= 200.00))) AND (((ws_net_profit >= 100::numeric) AND (ws_net_profit <= 200::numeric)) OR ((ws_net_profit >= 150::numeric) AND (ws_net_profit <= 300::numeric)) OR ((ws_net_profit >= 50::numeric) AND (ws_net_profit <= 250::numeric))))
                                                                                                               ->  Result  (cost=0.00..1002341.00 rows=627253 width=32)
                                                                                                                     One-Time Filter: PartSelected
                                                                                                                     ->  Append-only Columnar Scan on web_sales_1_prt_66  (cost=0.00..1002341.00 rows=627253 width=32)
                                                                                                                           Filter: ((((ws_sales_price >= 100.00) AND (ws_sales_price <= 150.00)) OR ((ws_sales_price >= 50.00) AND (ws_sales_price <= 100.00)) OR ((ws_sales_price >= 150.00) AND (ws_sales_price <= 200.00))) AND (((ws_net_profit >= 100::numeric) AND (ws_net_profit <= 200::numeric)) OR ((ws_net_profit >= 150::numeric) AND (ws_net_profit <= 300::numeric)) OR ((ws_net_profit >= 50::numeric) AND (ws_net_profit <= 250::numeric))))
                                                                                                               ->  Result  (cost=0.00..285345.60 rows=169160 width=32)
                                                                                                                     One-Time Filter: PartSelected
                                                                                                                     ->  Append-only Columnar Scan on web_sales_1_prt_67  (cost=0.00..285345.60 rows=169160 width=32)
                                                                                                                           Filter: ((((ws_sales_price >= 100.00) AND (ws_sales_price <= 150.00)) OR ((ws_sales_price >= 50.00) AND (ws_sales_price <= 100.00)) OR ((ws_sales_price >= 150.00) AND (ws_sales_price <= 200.00))) AND (((ws_net_profit >= 100::numeric) AND (ws_net_profit <= 200::numeric)) OR ((ws_net_profit >= 150::numeric) AND (ws_net_profit <= 300::numeric)) OR ((ws_net_profit >= 50::numeric) AND (ws_net_profit <= 250::numeric))))
                                                                                                               ->  Result  (cost=0.00..1.00 rows=1 width=48)
                                                                                                                     One-Time Filter: PartSelected
                                                                                                                     ->  Append-only Columnar Scan on web_sales_1_prt_68  (cost=0.00..1.00 rows=1 width=48)
                                                                                                                           Filter: ((((ws_sales_price >= 100.00) AND (ws_sales_price <= 150.00)) OR ((ws_sales_price >= 50.00) AND (ws_sales_price <= 100.00)) OR ((ws_sales_price >= 150.00) AND (ws_sales_price <= 200.00))) AND (((ws_net_profit >= 100::numeric) AND (ws_net_profit <= 200::numeric)) OR ((ws_net_profit >= 150::numeric) AND (ws_net_profit <= 300::numeric)) OR ((ws_net_profit >= 50::numeric) AND (ws_net_profit <= 250::numeric))))
                                                                                                               ->  Result  (cost=0.00..1.00 rows=1 width=48)
                                                                                                                     One-Time Filter: PartSelected
                                                                                                                     ->  Append-only Columnar Scan on web_sales_1_prt_69  (cost=0.00..1.00 rows=1 width=48)
                                                                                                                           Filter: ((((ws_sales_price >= 100.00) AND (ws_sales_price <= 150.00)) OR ((ws_sales_price >= 50.00) AND (ws_sales_price <= 100.00)) OR ((ws_sales_price >= 150.00) AND (ws_sales_price <= 200.00))) AND (((ws_net_profit >= 100::numeric) AND (ws_net_profit <= 200::numeric)) OR ((ws_net_profit >= 150::numeric) AND (ws_net_profit <= 300::numeric)) OR ((ws_net_profit >= 50::numeric) AND (ws_net_profit <= 250::numeric))))
                                                                                                               ->  Result  (cost=0.00..1.00 rows=1 width=48)
                                                                                                                     One-Time Filter: PartSelected
                                                                                                                     ->  Append-only Columnar Scan on web_sales_1_prt_70  (cost=0.00..1.00 rows=1 width=48)
                                                                                                                           Filter: ((((ws_sales_price >= 100.00) AND (ws_sales_price <= 150.00)) OR ((ws_sales_price >= 50.00) AND (ws_sales_price <= 100.00)) OR ((ws_sales_price >= 150.00) AND (ws_sales_price <= 200.00))) AND (((ws_net_profit >= 100::numeric) AND (ws_net_profit <= 200::numeric)) OR ((ws_net_profit >= 150::numeric) AND (ws_net_profit <= 300::numeric)) OR ((ws_net_profit >= 50::numeric) AND (ws_net_profit <= 250::numeric))))
                                                                                                               ->  Result  (cost=0.00..1.00 rows=1 width=48)
                                                                                                                     One-Time Filter: PartSelected
                                                                                                                     ->  Append-only Columnar Scan on web_sales_1_prt_71  (cost=0.00..1.00 rows=1 width=48)
                                                                                                                           Filter: ((((ws_sales_price >= 100.00) AND (ws_sales_price <= 150.00)) OR ((ws_sales_price >= 50.00) AND (ws_sales_price <= 100.00)) OR ((ws_sales_price >= 150.00) AND (ws_sales_price <= 200.00))) AND (((ws_net_profit >= 100::numeric) AND (ws_net_profit <= 200::numeric)) OR ((ws_net_profit >= 150::numeric) AND (ws_net_profit <= 300::numeric)) OR ((ws_net_profit >= 50::numeric) AND (ws_net_profit <= 250::numeric))))
                                                                                                               ->  Result  (cost=0.00..1.00 rows=1 width=48)
                                                                                                                     One-Time Filter: PartSelected
                                                                                                                     ->  Append-only Columnar Scan on web_sales_1_prt_72  (cost=0.00..1.00 rows=1 width=48)
                                                                                                                           Filter: ((((ws_sales_price >= 100.00) AND (ws_sales_price <= 150.00)) OR ((ws_sales_price >= 50.00) AND (ws_sales_price <= 100.00)) OR ((ws_sales_price >= 150.00) AND (ws_sales_price <= 200.00))) AND (((ws_net_profit >= 100::numeric) AND (ws_net_profit <= 200::numeric)) OR ((ws_net_profit >= 150::numeric) AND (ws_net_profit <= 300::numeric)) OR ((ws_net_profit >= 50::numeric) AND (ws_net_profit <= 250::numeric))))
                                                                                                               ->  Result  (cost=0.00..1.00 rows=1 width=48)
                                                                                                                     One-Time Filter: PartSelected
                                                                                                                     ->  Append-only Columnar Scan on web_sales_1_prt_73  (cost=0.00..1.00 rows=1 width=48)
                                                                                                                           Filter: ((((ws_sales_price >= 100.00) AND (ws_sales_price <= 150.00)) OR ((ws_sales_price >= 50.00) AND (ws_sales_price <= 100.00)) OR ((ws_sales_price >= 150.00) AND (ws_sales_price <= 200.00))) AND (((ws_net_profit >= 100::numeric) AND (ws_net_profit <= 200::numeric)) OR ((ws_net_profit >= 150::numeric) AND (ws_net_profit <= 300::numeric)) OR ((ws_net_profit >= 50::numeric) AND (ws_net_profit <= 250::numeric))))
                                                                                                               ->  Result  (cost=0.00..1.00 rows=1 width=48)
                                                                                                                     One-Time Filter: PartSelected
                                                                                                                     ->  Append-only Columnar Scan on web_sales_1_prt_74  (cost=0.00..1.00 rows=1 width=48)
                                                                                                                           Filter: ((((ws_sales_price >= 100.00) AND (ws_sales_price <= 150.00)) OR ((ws_sales_price >= 50.00) AND (ws_sales_price <= 100.00)) OR ((ws_sales_price >= 150.00) AND (ws_sales_price <= 200.00))) AND (((ws_net_profit >= 100::numeric) AND (ws_net_profit <= 200::numeric)) OR ((ws_net_profit >= 150::numeric) AND (ws_net_profit <= 300::numeric)) OR ((ws_net_profit >= 50::numeric) AND (ws_net_profit <= 250::numeric))))
                                                                                                               ->  Result  (cost=0.00..1.00 rows=1 width=48)
                                                                                                                     One-Time Filter: PartSelected
                                                                                                                     ->  Append-only Columnar Scan on web_sales_1_prt_75  (cost=0.00..1.00 rows=1 width=48)
                                                                                                                           Filter: ((((ws_sales_price >= 100.00) AND (ws_sales_price <= 150.00)) OR ((ws_sales_price >= 50.00) AND (ws_sales_price <= 100.00)) OR ((ws_sales_price >= 150.00) AND (ws_sales_price <= 200.00))) AND (((ws_net_profit >= 100::numeric) AND (ws_net_profit <= 200::numeric)) OR ((ws_net_profit >= 150::numeric) AND (ws_net_profit <= 300::numeric)) OR ((ws_net_profit >= 50::numeric) AND (ws_net_profit <= 250::numeric))))
                                                                                                               ->  Result  (cost=0.00..1.00 rows=1 width=48)
                                                                                                                     One-Time Filter: PartSelected
                                                                                                                     ->  Append-only Columnar Scan on web_sales_1_prt_76  (cost=0.00..1.00 rows=1 width=48)
                                                                                                                           Filter: ((((ws_sales_price >= 100.00) AND (ws_sales_price <= 150.00)) OR ((ws_sales_price >= 50.00) AND (ws_sales_price <= 100.00)) OR ((ws_sales_price >= 150.00) AND (ws_sales_price <= 200.00))) AND (((ws_net_profit >= 100::numeric) AND (ws_net_profit <= 200::numeric)) OR ((ws_net_profit >= 150::numeric) AND (ws_net_profit <= 300::numeric)) OR ((ws_net_profit >= 50::numeric) AND (ws_net_profit <= 250::numeric))))
                                                                                                               ->  Result  (cost=0.00..1.00 rows=1 width=48)
                                                                                                                     One-Time Filter: PartSelected
                                                                                                                     ->  Append-only Columnar Scan on web_sales_1_prt_77  (cost=0.00..1.00 rows=1 width=48)
                                                                                                                           Filter: ((((ws_sales_price >= 100.00) AND (ws_sales_price <= 150.00)) OR ((ws_sales_price >= 50.00) AND (ws_sales_price <= 100.00)) OR ((ws_sales_price >= 150.00) AND (ws_sales_price <= 200.00))) AND (((ws_net_profit >= 100::numeric) AND (ws_net_profit <= 200::numeric)) OR ((ws_net_profit >= 150::numeric) AND (ws_net_profit <= 300::numeric)) OR ((ws_net_profit >= 50::numeric) AND (ws_net_profit <= 250::numeric))))
                                                                                                               ->  Result  (cost=0.00..1.00 rows=1 width=48)
                                                                                                                     One-Time Filter: PartSelected
                                                                                                                     ->  Append-only Columnar Scan on web_sales_1_prt_78  (cost=0.00..1.00 rows=1 width=48)
                                                                                                                           Filter: ((((ws_sales_price >= 100.00) AND (ws_sales_price <= 150.00)) OR ((ws_sales_price >= 50.00) AND (ws_sales_price <= 100.00)) OR ((ws_sales_price >= 150.00) AND (ws_sales_price <= 200.00))) AND (((ws_net_profit >= 100::numeric) AND (ws_net_profit <= 200::numeric)) OR ((ws_net_profit >= 150::numeric) AND (ws_net_profit <= 300::numeric)) OR ((ws_net_profit >= 50::numeric) AND (ws_net_profit <= 250::numeric))))
                                                                                                               ->  Result  (cost=0.00..1.00 rows=1 width=48)
                                                                                                                     One-Time Filter: PartSelected
                                                                                                                     ->  Append-only Columnar Scan on web_sales_1_prt_79  (cost=0.00..1.00 rows=1 width=48)
                                                                                                                           Filter: ((((ws_sales_price >= 100.00) AND (ws_sales_price <= 150.00)) OR ((ws_sales_price >= 50.00) AND (ws_sales_price <= 100.00)) OR ((ws_sales_price >= 150.00) AND (ws_sales_price <= 200.00))) AND (((ws_net_profit >= 100::numeric) AND (ws_net_profit <= 200::numeric)) OR ((ws_net_profit >= 150::numeric) AND (ws_net_profit <= 300::numeric)) OR ((ws_net_profit >= 50::numeric) AND (ws_net_profit <= 250::numeric))))
                                                                                                               ->  Result  (cost=0.00..1.00 rows=1 width=48)
                                                                                                                     One-Time Filter: PartSelected
                                                                                                                     ->  Append-only Columnar Scan on web_sales_1_prt_80  (cost=0.00..1.00 rows=1 width=48)
                                                                                                                           Filter: ((((ws_sales_price >= 100.00) AND (ws_sales_price <= 150.00)) OR ((ws_sales_price >= 50.00) AND (ws_sales_price <= 100.00)) OR ((ws_sales_price >= 150.00) AND (ws_sales_price <= 200.00))) AND (((ws_net_profit >= 100::numeric) AND (ws_net_profit <= 200::numeric)) OR ((ws_net_profit >= 150::numeric) AND (ws_net_profit <= 300::numeric)) OR ((ws_net_profit >= 50::numeric) AND (ws_net_profit <= 250::numeric))))
                                                                                                         ->  Hash  (cost=1283.72..1283.72 rows=366 width=4)
                                                                                                               ->  Partition Selector for web_sales (dynamic scan id: 1)  (cost=0.00..1283.72 rows=366 width=4)
                                                                                                                     Filter: date_dim.d_date_sk
                                                                                                                     ->  Broadcast Motion 3:3  (slice1; segments: 3)  (cost=0.00..1283.72 rows=366 width=4)
                                                                                                                           ->  Seq Scan on date_dim  (cost=0.00..1269.11 rows=122 width=4)
                                                                                                                                 Filter: (d_year = 1998)
                                                                                             ->  Hash  (cost=1528052.48..1528052.48 rows=999821 width=44)
                                                                                                   ->  Hash Join  (cost=64830.77..1528052.48 rows=999821 width=44)
                                                                                                         Hash Cond: (web_returns_1_prt_outliers.wr_refunded_cdemo_sk = cd1.cd_demo_sk)
                                                                                                         ->  Append  (cost=0.00..983242.45 rows=23999182 width=36)
                                                                                                               ->  Append-only Columnar Scan on web_returns_1_prt_outliers  (cost=0.00..38893.60 rows=1079754 width=36)
                                                                                                               ->  Append-only Columnar Scan on web_returns_1_prt_2  (cost=0.00..51.87 rows=663 width=36)
                                                                                                               ->  Append-only Columnar Scan on web_returns_1_prt_3  (cost=0.00..243.39 rows=5547 width=36)
                                                                                                               ->  Append-only Columnar Scan on web_returns_1_prt_4  (cost=0.00..672.62 rows=16021 width=36)
                                                                                                               ->  Append-only Columnar Scan on web_returns_1_prt_5  (cost=0.00..1337.96 rows=31999 width=36)
                                                                                                               ->  Append-only Columnar Scan on web_returns_1_prt_6  (cost=0.00..2194.10 rows=52937 width=36)
                                                                                                               ->  Append-only Columnar Scan on web_returns_1_prt_7  (cost=0.00..3165.94 rows=76598 width=36)
                                                                                                               ->  Append-only Columnar Scan on web_returns_1_prt_8  (cost=0.00..4149.44 rows=100482 width=36)
                                                                                                               ->  Append-only Columnar Scan on web_returns_1_prt_9  (cost=0.00..5123.76 rows=124092 width=36)
                                                                                                               ->  Append-only Columnar Scan on web_returns_1_prt_10  (cost=0.00..6205.45 rows=150449 width=36)
                                                                                                               ->  Append-only Columnar Scan on web_returns_1_prt_11  (cost=0.00..7467.74 rows=181092 width=36)
                                                                                                               ->  Append-only Columnar Scan on web_returns_1_prt_12  (cost=0.00..8787.18 rows=213173 width=36)
                                                                                                               ->  Append-only Columnar Scan on web_returns_1_prt_13  (cost=0.00..10246.69 rows=248690 width=36)
                                                                                                               ->  Append-only Columnar Scan on web_returns_1_prt_14  (cost=0.00..11962.54 rows=290352 width=36)
                                                                                                               ->  Append-only Columnar Scan on web_returns_1_prt_15  (cost=0.00..13706.59 rows=332753 width=36)
                                                                                                               ->  Append-only Columnar Scan on web_returns_1_prt_16  (cost=0.00..15323.50 rows=371984 width=36)
                                                                                                               ->  Append-only Columnar Scan on web_returns_1_prt_17  (cost=0.00..16613.80 rows=403427 width=36)
                                                                                                               ->  Append-only Columnar Scan on web_returns_1_prt_18  (cost=0.00..17449.40 rows=423747 width=36)
                                                                                                               ->  Append-only Columnar Scan on web_returns_1_prt_19  (cost=0.00..17450.10 rows=423704 width=36)
                                                                                                               ->  Append-only Columnar Scan on web_returns_1_prt_20  (cost=0.00..16964.80 rows=411894 width=36)
                                                                                                               ->  Append-only Columnar Scan on web_returns_1_prt_21  (cost=0.00..16132.20 rows=391674 width=36)
                                                                                                               ->  Append-only Columnar Scan on web_returns_1_prt_22  (cost=0.00..14907.70 rows=361924 width=36)
                                                                                                               ->  Append-only Columnar Scan on web_returns_1_prt_23  (cost=0.00..13378.79 rows=324693 width=36)
                                                                                                               ->  Append-only Columnar Scan on web_returns_1_prt_24  (cost=0.00..12047.21 rows=292341 width=36)
                                                                                                               ->  Append-only Columnar Scan on web_returns_1_prt_25  (cost=0.00..11228.09 rows=272470 width=36)
                                                                                                               ->  Append-only Columnar Scan on web_returns_1_prt_26  (cost=0.00..11109.92 rows=269631 width=36)
                                                                                                               ->  Append-only Columnar Scan on web_returns_1_prt_27  (cost=0.00..12030.70 rows=291957 width=36)
                                                                                                               ->  Append-only Columnar Scan on web_returns_1_prt_28  (cost=0.00..13656.34 rows=331512 width=36)
                                                                                                               ->  Append-only Columnar Scan on web_returns_1_prt_29  (cost=0.00..15310.30 rows=371677 width=36)
                                                                                                               ->  Append-only Columnar Scan on web_returns_1_prt_30  (cost=0.00..16610.30 rows=403277 width=36)
                                                                                                               ->  Append-only Columnar Scan on web_returns_1_prt_31  (cost=0.00..17417.80 rows=422960 width=36)
                                                                                                               ->  Append-only Columnar Scan on web_returns_1_prt_32  (cost=0.00..17462.40 rows=423914 width=36)
                                                                                                               ->  Append-only Columnar Scan on web_returns_1_prt_33  (cost=0.00..16977.10 rows=412204 width=36)
                                                                                                               ->  Append-only Columnar Scan on web_returns_1_prt_34  (cost=0.00..16214.80 rows=393694 width=36)
                                                                                                               ->  Append-only Columnar Scan on web_returns_1_prt_35  (cost=0.00..14996.10 rows=364070 width=36)
                                                                                                               ->  Append-only Columnar Scan on web_returns_1_prt_36  (cost=0.00..13465.95 rows=326865 width=36)
                                                                                                               ->  Append-only Columnar Scan on web_returns_1_prt_37  (cost=0.00..12069.06 rows=292936 width=36)
                                                                                                               ->  Append-only Columnar Scan on web_returns_1_prt_38  (cost=0.00..11277.57 rows=273619 width=36)
                                                                                                               ->  Append-only Columnar Scan on web_returns_1_prt_39  (cost=0.00..11095.59 rows=269287 width=36)
                                                                                                               ->  Append-only Columnar Scan on web_returns_1_prt_40  (cost=0.00..11960.13 rows=290238 width=36)
                                                                                                               ->  Append-only Columnar Scan on web_returns_1_prt_41  (cost=0.00..13588.95 rows=329865 width=36)
                                                                                                               ->  Append-only Columnar Scan on web_returns_1_prt_42  (cost=0.00..15197.90 rows=368897 width=36)
                                                                                                               ->  Append-only Columnar Scan on web_returns_1_prt_43  (cost=0.00..16516.40 rows=401014 width=36)
                                                                                                               ->  Append-only Columnar Scan on web_returns_1_prt_44  (cost=0.00..17313.10 rows=420337 width=36)
                                                                                                               ->  Append-only Columnar Scan on web_returns_1_prt_45  (cost=0.00..17436.40 rows=423380 width=36)
                                                                                                               ->  Append-only Columnar Scan on web_returns_1_prt_46  (cost=0.00..16959.40 rows=411714 width=36)
                                                                                                               ->  Append-only Columnar Scan on web_returns_1_prt_47  (cost=0.00..16178.70 rows=392790 width=36)
                                                                                                               ->  Append-only Columnar Scan on web_returns_1_prt_48  (cost=0.00..14974.00 rows=363534 width=36)
                                                                                                               ->  Append-only Columnar Scan on web_returns_1_prt_49  (cost=0.00..13451.19 rows=326507 width=36)
                                                                                                               ->  Append-only Columnar Scan on web_returns_1_prt_50  (cost=0.00..12077.63 rows=293188 width=36)
                                                                                                               ->  Append-only Columnar Scan on web_returns_1_prt_51  (cost=0.00..11199.36 rows=271779 width=36)
                                                                                                               ->  Append-only Columnar Scan on web_returns_1_prt_52  (cost=0.00..11055.33 rows=268278 width=36)
                                                                                                               ->  Append-only Columnar Scan on web_returns_1_prt_53  (cost=0.00..11851.16 rows=287672 width=36)
                                                                                                               ->  Append-only Columnar Scan on web_returns_1_prt_54  (cost=0.00..13492.27 rows=327476 width=36)
                                                                                                               ->  Append-only Columnar Scan on web_returns_1_prt_55  (cost=0.00..15119.10 rows=367037 width=36)
                                                                                                               ->  Append-only Columnar Scan on web_returns_1_prt_56  (cost=0.00..16452.40 rows=399414 width=36)
                                                                                                               ->  Append-only Columnar Scan on web_returns_1_prt_57  (cost=0.00..17332.10 rows=420837 width=36)
                                                                                                               ->  Append-only Columnar Scan on web_returns_1_prt_58  (cost=0.00..17526.30 rows=425544 width=36)
                                                                                                               ->  Append-only Columnar Scan on web_returns_1_prt_59  (cost=0.00..17030.00 rows=413467 width=36)
                                                                                                               ->  Append-only Columnar Scan on web_returns_1_prt_60  (cost=0.00..16294.00 rows=395634 width=36)
                                                                                                               ->  Append-only Columnar Scan on web_returns_1_prt_61  (cost=0.00..15121.60 rows=367087 width=36)
                                                                                                               ->  Append-only Columnar Scan on web_returns_1_prt_62  (cost=0.00..13616.65 rows=330622 width=36)
                                                                                                               ->  Append-only Columnar Scan on web_returns_1_prt_63  (cost=0.00..12209.64 rows=296355 width=36)
                                                                                                               ->  Append-only Columnar Scan on web_returns_1_prt_64  (cost=0.00..11321.38 rows=274746 width=36)
                                                                                                               ->  Append-only Columnar Scan on web_returns_1_prt_65  (cost=0.00..11070.08 rows=268603 width=36)
                                                                                                               ->  Append-only Columnar Scan on web_returns_1_prt_66  (cost=0.00..11802.27 rows=286443 width=36)
                                                                                                               ->  Append-only Columnar Scan on web_returns_1_prt_67  (cost=0.00..13397.43 rows=325215 width=36)
                                                                                                               ->  Append-only Columnar Scan on web_returns_1_prt_68  (cost=0.00..14873.40 rows=361080 width=36)
                                                                                                               ->  Append-only Columnar Scan on web_returns_1_prt_69  (cost=0.00..15860.80 rows=385127 width=36)
                                                                                                               ->  Append-only Columnar Scan on web_returns_1_prt_70  (cost=0.00..16127.10 rows=391604 width=36)
                                                                                                               ->  Append-only Columnar Scan on web_returns_1_prt_71  (cost=0.00..15525.80 rows=376927 width=36)
                                                                                                               ->  Append-only Columnar Scan on web_returns_1_prt_72  (cost=0.00..14130.60 rows=342987 width=36)
                                                                                                               ->  Append-only Columnar Scan on web_returns_1_prt_73  (cost=0.00..12407.21 rows=301141 width=36)
                                                                                                               ->  Append-only Columnar Scan on web_returns_1_prt_74  (cost=0.00..10303.48 rows=250016 width=36)
                                                                                                               ->  Append-only Columnar Scan on web_returns_1_prt_75  (cost=0.00..7747.34 rows=187845 width=36)
                                                                                                               ->  Append-only Columnar Scan on web_returns_1_prt_76  (cost=0.00..5077.79 rows=123060 width=36)
                                                                                                               ->  Append-only Columnar Scan on web_returns_1_prt_77  (cost=0.00..2838.35 rows=68612 width=36)
                                                                                                               ->  Append-only Columnar Scan on web_returns_1_prt_78  (cost=0.00..1156.60 rows=27854 width=36)
                                                                                                               ->  Append-only Columnar Scan on web_returns_1_prt_79  (cost=0.00..222.03 rows=5201 width=36)
                                                                                                               ->  Append-only Columnar Scan on web_returns_1_prt_80  (cost=0.00..28.69 rows=23 width=36)
                                                                                                         ->  Hash  (cost=58831.61..58831.61 rows=159978 width=16)
                                                                                                               ->  Broadcast Motion 3:3  (slice3; segments: 3)  (cost=0.00..58831.61 rows=159978 width=16)
                                                                                                                     ->  Seq Scan on customer_demographics cd1  (cost=0.00..52432.50 rows=53326 width=16)
                                                                                                                           Filter: (((cd_marital_status = 'M'::bpchar) AND ((cd_education_status)::text = '4 yr Degree'::text)) OR ((cd_marital_status = 'D'::bpchar) AND ((cd_education_status)::text = 'Primary'::text)) OR ((cd_marital_status = 'U'::bpchar) AND ((cd_education_status)::text = 'Advanced Degree'::text)))
                                                                                 ->  Hash  (cost=26.65..26.65 rows=22 width=18)
                                                                                       ->  Seq Scan on reason  (cost=0.00..26.65 rows=22 width=18)
                                                                     ->  Hash  (cost=62.00..62.00 rows=1000 width=4)
                                                                           ->  Seq Scan on web_page  (cost=0.00..62.00 rows=1000 width=4)
                                                         ->  Hash  (cost=23620.80..23620.80 rows=640260 width=16)
                                                               ->  Seq Scan on customer_demographics cd2  (cost=0.00..23620.80 rows=640260 width=16)
                                             ->  Hash  (cost=168412.76..168412.76 rows=421860 width=7)
                                                   ->  Seq Scan on customer_address  (cost=0.00..168412.76 rows=421860 width=7)
                                                         Filter: (((ca_country)::text = 'United States'::text) AND (((ca_state)::text = ANY ('{KY,GA,NM}'::text[])) OR ((ca_state)::text = ANY ('{MT,OR,IN}'::text[])) OR ((ca_state)::text = ANY ('{WI,MO,WV}'::text[]))))
 Planning time: 110.982 ms
 Optimizer: legacy query optimizer
(462 rows)

-- end query 1 in stream 0 using template query85.tpl
