-- start query 1 in stream 0 using template query88.tpl
explain
select  *
from
 (select count(*) h8_30_to_9
 from store_sales, household_demographics , time_dim, store
 where ss_sold_time_sk = time_dim.t_time_sk   
     and ss_hdemo_sk = household_demographics.hd_demo_sk 
     and ss_store_sk = s_store_sk
     and time_dim.t_hour = 8
     and time_dim.t_minute >= 30
     and ((household_demographics.hd_dep_count = 3 and household_demographics.hd_vehicle_count<=3+2) or
          (household_demographics.hd_dep_count = 0 and household_demographics.hd_vehicle_count<=0+2) or
          (household_demographics.hd_dep_count = 1 and household_demographics.hd_vehicle_count<=1+2)) 
     and store.s_store_name = 'ese') s1,
 (select count(*) h9_to_9_30 
 from store_sales, household_demographics , time_dim, store
 where ss_sold_time_sk = time_dim.t_time_sk
     and ss_hdemo_sk = household_demographics.hd_demo_sk
     and ss_store_sk = s_store_sk 
     and time_dim.t_hour = 9 
     and time_dim.t_minute < 30
     and ((household_demographics.hd_dep_count = 3 and household_demographics.hd_vehicle_count<=3+2) or
          (household_demographics.hd_dep_count = 0 and household_demographics.hd_vehicle_count<=0+2) or
          (household_demographics.hd_dep_count = 1 and household_demographics.hd_vehicle_count<=1+2))
     and store.s_store_name = 'ese') s2,
 (select count(*) h9_30_to_10 
 from store_sales, household_demographics , time_dim, store
 where ss_sold_time_sk = time_dim.t_time_sk
     and ss_hdemo_sk = household_demographics.hd_demo_sk
     and ss_store_sk = s_store_sk
     and time_dim.t_hour = 9
     and time_dim.t_minute >= 30
     and ((household_demographics.hd_dep_count = 3 and household_demographics.hd_vehicle_count<=3+2) or
          (household_demographics.hd_dep_count = 0 and household_demographics.hd_vehicle_count<=0+2) or
          (household_demographics.hd_dep_count = 1 and household_demographics.hd_vehicle_count<=1+2))
     and store.s_store_name = 'ese') s3,
 (select count(*) h10_to_10_30
 from store_sales, household_demographics , time_dim, store
 where ss_sold_time_sk = time_dim.t_time_sk
     and ss_hdemo_sk = household_demographics.hd_demo_sk
     and ss_store_sk = s_store_sk
     and time_dim.t_hour = 10 
     and time_dim.t_minute < 30
     and ((household_demographics.hd_dep_count = 3 and household_demographics.hd_vehicle_count<=3+2) or
          (household_demographics.hd_dep_count = 0 and household_demographics.hd_vehicle_count<=0+2) or
          (household_demographics.hd_dep_count = 1 and household_demographics.hd_vehicle_count<=1+2))
     and store.s_store_name = 'ese') s4,
 (select count(*) h10_30_to_11
 from store_sales, household_demographics , time_dim, store
 where ss_sold_time_sk = time_dim.t_time_sk
     and ss_hdemo_sk = household_demographics.hd_demo_sk
     and ss_store_sk = s_store_sk
     and time_dim.t_hour = 10 
     and time_dim.t_minute >= 30
     and ((household_demographics.hd_dep_count = 3 and household_demographics.hd_vehicle_count<=3+2) or
          (household_demographics.hd_dep_count = 0 and household_demographics.hd_vehicle_count<=0+2) or
          (household_demographics.hd_dep_count = 1 and household_demographics.hd_vehicle_count<=1+2))
     and store.s_store_name = 'ese') s5,
 (select count(*) h11_to_11_30
 from store_sales, household_demographics , time_dim, store
 where ss_sold_time_sk = time_dim.t_time_sk
     and ss_hdemo_sk = household_demographics.hd_demo_sk
     and ss_store_sk = s_store_sk 
     and time_dim.t_hour = 11
     and time_dim.t_minute < 30
     and ((household_demographics.hd_dep_count = 3 and household_demographics.hd_vehicle_count<=3+2) or
          (household_demographics.hd_dep_count = 0 and household_demographics.hd_vehicle_count<=0+2) or
          (household_demographics.hd_dep_count = 1 and household_demographics.hd_vehicle_count<=1+2))
     and store.s_store_name = 'ese') s6,
 (select count(*) h11_30_to_12
 from store_sales, household_demographics , time_dim, store
 where ss_sold_time_sk = time_dim.t_time_sk
     and ss_hdemo_sk = household_demographics.hd_demo_sk
     and ss_store_sk = s_store_sk
     and time_dim.t_hour = 11
     and time_dim.t_minute >= 30
     and ((household_demographics.hd_dep_count = 3 and household_demographics.hd_vehicle_count<=3+2) or
          (household_demographics.hd_dep_count = 0 and household_demographics.hd_vehicle_count<=0+2) or
          (household_demographics.hd_dep_count = 1 and household_demographics.hd_vehicle_count<=1+2))
     and store.s_store_name = 'ese') s7,
 (select count(*) h12_to_12_30
 from store_sales, household_demographics , time_dim, store
 where ss_sold_time_sk = time_dim.t_time_sk
     and ss_hdemo_sk = household_demographics.hd_demo_sk
     and ss_store_sk = s_store_sk
     and time_dim.t_hour = 12
     and time_dim.t_minute < 30
     and ((household_demographics.hd_dep_count = 3 and household_demographics.hd_vehicle_count<=3+2) or
          (household_demographics.hd_dep_count = 0 and household_demographics.hd_vehicle_count<=0+2) or
          (household_demographics.hd_dep_count = 1 and household_demographics.hd_vehicle_count<=1+2))
     and store.s_store_name = 'ese') s8
;
                                                                                                                        QUERY PLAN                                                                                                                        
----------------------------------------------------------------------------------------------------------------------------------------------------------------------------------------------------------------------------------------------------------
 Nested Loop  (cost=70466139568.04..70466139568.48 rows=4 width=64)
   ->  Nested Loop  (cost=60407844687.40..60407844687.77 rows=4 width=56)
         ->  Nested Loop  (cost=50349582371.23..50349582371.53 rows=4 width=48)
               ->  Nested Loop  (cost=40291322356.61..40291322356.85 rows=4 width=40)
                     ->  Nested Loop  (cost=30233072489.76..30233072489.94 rows=4 width=32)
                           ->  Nested Loop  (cost=20174824885.53..20174824885.64 rows=4 width=24)
                                 ->  Nested Loop  (cost=10116540043.23..10116540043.28 rows=4 width=16)
                                       ->  Aggregate  (cost=58257572.97..58257572.98 rows=1 width=8)
                                             ->  Gather Motion 3:1  (slice4; segments: 3)  (cost=58257572.90..58257572.95 rows=1 width=8)
                                                   ->  Aggregate  (cost=58257572.90..58257572.91 rows=1 width=8)
                                                         ->  Hash Join  (cost=2251.10..58256754.02 rows=109185 width=0)
                                                               Hash Cond: (store_sales_1_prt_outliers.ss_hdemo_sk = household_demographics.hd_demo_sk)
                                                               ->  Hash Join  (cost=1900.19..58236656.79 rows=878443 width=4)
                                                                     Hash Cond: (store_sales_1_prt_outliers.ss_store_sk = store.s_store_sk)
                                                                     ->  Hash Join  (cost=1845.90..57947234.16 rows=14027471 width=8)
                                                                           Hash Cond: (store_sales_1_prt_outliers.ss_sold_time_sk = time_dim.t_time_sk)
                                                                           ->  Append  (cost=0.00..39524635.96 rows=959996170 width=12)
                                                                                 ->  Append-only Columnar Scan on store_sales_1_prt_outliers  (cost=0.00..1568615.00 rows=43200334 width=12)
                                                                                 ->  Append-only Columnar Scan on store_sales_1_prt_2  (cost=0.00..324595.00 rows=7840134 width=12)
                                                                                 ->  Append-only Columnar Scan on store_sales_1_prt_3  (cost=0.00..336211.00 rows=8120800 width=12)
                                                                                 ->  Append-only Columnar Scan on store_sales_1_prt_4  (cost=0.00..324382.00 rows=7834967 width=12)
                                                                                 ->  Append-only Columnar Scan on store_sales_1_prt_5  (cost=0.00..336381.00 rows=8124734 width=12)
                                                                                 ->  Append-only Columnar Scan on store_sales_1_prt_6  (cost=0.00..336417.00 rows=8125800 width=12)
                                                                                 ->  Append-only Columnar Scan on store_sales_1_prt_7  (cost=0.00..336453.00 rows=8126567 width=12)
                                                                                 ->  Append-only Columnar Scan on store_sales_1_prt_8  (cost=0.00..336058.00 rows=8116967 width=12)
                                                                                 ->  Append-only Columnar Scan on store_sales_1_prt_9  (cost=0.00..489738.00 rows=11829267 width=12)
                                                                                 ->  Append-only Columnar Scan on store_sales_1_prt_10  (cost=0.00..765474.00 rows=18489534 width=12)
                                                                                 ->  Append-only Columnar Scan on store_sales_1_prt_11  (cost=0.00..766278.00 rows=18508900 width=12)
                                                                                 ->  Append-only Columnar Scan on store_sales_1_prt_12  (cost=0.00..793967.00 rows=19177700 width=12)
                                                                                 ->  Append-only Columnar Scan on store_sales_1_prt_13  (cost=0.00..1159820.00 rows=28014600 width=12)
                                                                                 ->  Append-only Columnar Scan on store_sales_1_prt_14  (cost=0.00..1160753.00 rows=28037334 width=12)
                                                                                 ->  Append-only Columnar Scan on store_sales_1_prt_15  (cost=0.00..436710.00 rows=10548367 width=12)
                                                                                 ->  Append-only Columnar Scan on store_sales_1_prt_16  (cost=0.00..336477.00 rows=8127134 width=12)
                                                                                 ->  Append-only Columnar Scan on store_sales_1_prt_17  (cost=0.00..324706.00 rows=7842834 width=12)
                                                                                 ->  Append-only Columnar Scan on store_sales_1_prt_18  (cost=0.00..336587.00 rows=8129867 width=12)
                                                                                 ->  Append-only Columnar Scan on store_sales_1_prt_19  (cost=0.00..336153.00 rows=8119367 width=12)
                                                                                 ->  Append-only Columnar Scan on store_sales_1_prt_20  (cost=0.00..336736.00 rows=8133367 width=12)
                                                                                 ->  Append-only Columnar Scan on store_sales_1_prt_21  (cost=0.00..336190.00 rows=8120200 width=12)
                                                                                 ->  Append-only Columnar Scan on store_sales_1_prt_22  (cost=0.00..474334.00 rows=11457100 width=12)
                                                                                 ->  Append-only Columnar Scan on store_sales_1_prt_23  (cost=0.00..766084.00 rows=18504234 width=12)
                                                                                 ->  Append-only Columnar Scan on store_sales_1_prt_24  (cost=0.00..765781.00 rows=18496900 width=12)
                                                                                 ->  Append-only Columnar Scan on store_sales_1_prt_25  (cost=0.00..779443.00 rows=18826834 width=12)
                                                                                 ->  Append-only Columnar Scan on store_sales_1_prt_26  (cost=0.00..1160832.00 rows=28039467 width=12)
                                                                                 ->  Append-only Columnar Scan on store_sales_1_prt_27  (cost=0.00..1160090.00 rows=28021400 width=12)
                                                                                 ->  Append-only Columnar Scan on store_sales_1_prt_28  (cost=0.00..465893.00 rows=11253134 width=12)
                                                                                 ->  Append-only Columnar Scan on store_sales_1_prt_29  (cost=0.00..335914.00 rows=8113600 width=12)
                                                                                 ->  Append-only Columnar Scan on store_sales_1_prt_30  (cost=0.00..336186.00 rows=8120167 width=12)
                                                                                 ->  Append-only Columnar Scan on store_sales_1_prt_31  (cost=0.00..336014.00 rows=8115934 width=12)
                                                                                 ->  Append-only Columnar Scan on store_sales_1_prt_32  (cost=0.00..335918.00 rows=8113667 width=12)
                                                                                 ->  Append-only Columnar Scan on store_sales_1_prt_33  (cost=0.00..336069.00 rows=8117334 width=12)
                                                                                 ->  Append-only Columnar Scan on store_sales_1_prt_34  (cost=0.00..335472.00 rows=8102900 width=12)
                                                                                 ->  Append-only Columnar Scan on store_sales_1_prt_35  (cost=0.00..457985.00 rows=11062100 width=12)
                                                                                 ->  Append-only Columnar Scan on store_sales_1_prt_36  (cost=0.00..764679.00 rows=18470400 width=12)
                                                                                 ->  Append-only Columnar Scan on store_sales_1_prt_37  (cost=0.00..764030.00 rows=18454700 width=12)
                                                                                 ->  Append-only Columnar Scan on store_sales_1_prt_38  (cost=0.00..764484.00 rows=18465634 width=12)
                                                                                 ->  Append-only Columnar Scan on store_sales_1_prt_39  (cost=0.00..1158198.04 rows=27975568 width=12)
                                                                                 ->  Append-only Columnar Scan on store_sales_1_prt_40  (cost=0.00..1158199.04 rows=27975968 width=12)
                                                                                 ->  Append-only Columnar Scan on store_sales_1_prt_41  (cost=0.00..483138.00 rows=11669800 width=12)
                                                                                 ->  Append-only Columnar Scan on store_sales_1_prt_42  (cost=0.00..336559.00 rows=8129100 width=12)
                                                                                 ->  Append-only Columnar Scan on store_sales_1_prt_43  (cost=0.00..324602.00 rows=7840367 width=12)
                                                                                 ->  Append-only Columnar Scan on store_sales_1_prt_44  (cost=0.00..336209.00 rows=8120567 width=12)
                                                                                 ->  Append-only Columnar Scan on store_sales_1_prt_45  (cost=0.00..336313.00 rows=8123267 width=12)
                                                                                 ->  Append-only Columnar Scan on store_sales_1_prt_46  (cost=0.00..336621.00 rows=8130734 width=12)
                                                                                 ->  Append-only Columnar Scan on store_sales_1_prt_47  (cost=0.00..335906.00 rows=8113400 width=12)
                                                                                 ->  Append-only Columnar Scan on store_sales_1_prt_48  (cost=0.00..428657.00 rows=10353800 width=12)
                                                                                 ->  Append-only Columnar Scan on store_sales_1_prt_49  (cost=0.00..766560.00 rows=18515734 width=12)
                                                                                 ->  Append-only Columnar Scan on store_sales_1_prt_50  (cost=0.00..766167.00 rows=18506234 width=12)
                                                                                 ->  Append-only Columnar Scan on store_sales_1_prt_51  (cost=0.00..766196.00 rows=18506900 width=12)
                                                                                 ->  Append-only Columnar Scan on store_sales_1_prt_52  (cost=0.00..1130938.00 rows=27317200 width=12)
                                                                                 ->  Append-only Columnar Scan on store_sales_1_prt_53  (cost=0.00..1160637.96 rows=28034566 width=12)
                                                                                 ->  Append-only Columnar Scan on store_sales_1_prt_54  (cost=0.00..555225.00 rows=13411000 width=12)
                                                                                 ->  Append-only Columnar Scan on store_sales_1_prt_55  (cost=0.00..336782.00 rows=8134567 width=12)
                                                                                 ->  Append-only Columnar Scan on store_sales_1_prt_56  (cost=0.00..324454.00 rows=7836734 width=12)
                                                                                 ->  Append-only Columnar Scan on store_sales_1_prt_57  (cost=0.00..336546.00 rows=8128867 width=12)
                                                                                 ->  Append-only Columnar Scan on store_sales_1_prt_58  (cost=0.00..336207.00 rows=8120667 width=12)
                                                                                 ->  Append-only Columnar Scan on store_sales_1_prt_59  (cost=0.00..336578.00 rows=8129534 width=12)
                                                                                 ->  Append-only Columnar Scan on store_sales_1_prt_60  (cost=0.00..336468.00 rows=8127067 width=12)
                                                                                 ->  Append-only Columnar Scan on store_sales_1_prt_61  (cost=0.00..412992.00 rows=9975467 width=12)
                                                                                 ->  Append-only Columnar Scan on store_sales_1_prt_62  (cost=0.00..765709.00 rows=18495234 width=12)
                                                                                 ->  Append-only Columnar Scan on store_sales_1_prt_63  (cost=0.00..766176.00 rows=18506500 width=12)
                                                                                 ->  Append-only Columnar Scan on store_sales_1_prt_64  (cost=0.00..766142.00 rows=18505834 width=12)
                                                                                 ->  Append-only Columnar Scan on store_sales_1_prt_65  (cost=0.00..1117566.96 rows=26994166 width=12)
                                                                                 ->  Append-only Columnar Scan on store_sales_1_prt_66  (cost=0.00..1159645.96 rows=28010566 width=12)
                                                                                 ->  Append-only Columnar Scan on store_sales_1_prt_67  (cost=0.00..331321.00 rows=8002500 width=12)
                                                                                 ->  Append-only Columnar Scan on store_sales_1_prt_68  (cost=0.00..1.00 rows=1 width=12)
                                                                                 ->  Append-only Columnar Scan on store_sales_1_prt_69  (cost=0.00..1.00 rows=1 width=12)
                                                                                 ->  Append-only Columnar Scan on store_sales_1_prt_70  (cost=0.00..1.00 rows=1 width=12)
                                                                                 ->  Append-only Columnar Scan on store_sales_1_prt_71  (cost=0.00..1.00 rows=1 width=12)
                                                                                 ->  Append-only Columnar Scan on store_sales_1_prt_72  (cost=0.00..1.00 rows=1 width=12)
                                                                                 ->  Append-only Columnar Scan on store_sales_1_prt_73  (cost=0.00..1.00 rows=1 width=12)
                                                                                 ->  Append-only Columnar Scan on store_sales_1_prt_74  (cost=0.00..1.00 rows=1 width=12)
                                                                                 ->  Append-only Columnar Scan on store_sales_1_prt_75  (cost=0.00..1.00 rows=1 width=12)
                                                                                 ->  Append-only Columnar Scan on store_sales_1_prt_76  (cost=0.00..1.00 rows=1 width=12)
                                                                                 ->  Append-only Columnar Scan on store_sales_1_prt_77  (cost=0.00..1.00 rows=1 width=12)
                                                                                 ->  Append-only Columnar Scan on store_sales_1_prt_78  (cost=0.00..1.00 rows=1 width=12)
                                                                                 ->  Append-only Columnar Scan on store_sales_1_prt_79  (cost=0.00..1.00 rows=1 width=12)
                                                                                 ->  Append-only Columnar Scan on store_sales_1_prt_80  (cost=0.00..1.00 rows=1 width=12)
                                                                           ->  Hash  (cost=1751.60..1751.60 rows=2515 width=4)
                                                                                 ->  Broadcast Motion 3:3  (slice1; segments: 3)  (cost=0.00..1751.60 rows=2515 width=4)
                                                                                       ->  Seq Scan on time_dim  (cost=0.00..1651.00 rows=839 width=4)
                                                                                             Filter: ((t_minute >= 30) AND (t_hour = 8))
                                                                     ->  Hash  (cost=49.57..49.57 rows=127 width=4)
                                                                           ->  Broadcast Motion 3:3  (slice2; segments: 3)  (cost=0.00..49.57 rows=127 width=4)
                                                                                 ->  Seq Scan on store  (cost=0.00..44.52 rows=43 width=4)
                                                                                       Filter: ((s_store_name)::text = 'ese'::text)
                                                               ->  Hash  (cost=283.69..283.69 rows=1793 width=4)
                                                                     ->  Broadcast Motion 3:3  (slice3; segments: 3)  (cost=0.00..283.69 rows=1793 width=4)
                                                                           ->  Seq Scan on household_demographics  (cost=0.00..212.00 rows=598 width=4)
                                                                                 Filter: (((hd_dep_count = 3) AND (hd_vehicle_count <= 5)) OR ((hd_dep_count = 0) AND (hd_vehicle_count <= 2)) OR ((hd_dep_count = 1) AND (hd_vehicle_count <= 3)))
                                       ->  Materialize  (cost=58282470.27..58282470.29 rows=1 width=8)
                                             ->  Aggregate  (cost=58282470.27..58282470.28 rows=1 width=8)
                                                   ->  Gather Motion 3:1  (slice8; segments: 3)  (cost=58282470.20..58282470.25 rows=1 width=8)
                                                         ->  Aggregate  (cost=58282470.20..58282470.21 rows=1 width=8)
                                                               ->  Hash Join  (cost=2257.74..58281623.43 rows=112904 width=0)
                                                                     Hash Cond: (store_sales_1_prt_outliers_1.ss_hdemo_sk = household_demographics_1.hd_demo_sk)
                                                                     ->  Hash Join  (cost=1906.83..58260853.61 rows=908364 width=4)
                                                                           Hash Cond: (store_sales_1_prt_outliers_1.ss_store_sk = store_1.s_store_sk)
                                                                           ->  Hash Join  (cost=1852.54..57961574.67 rows=14505267 width=8)
                                                                                 Hash Cond: (store_sales_1_prt_outliers_1.ss_sold_time_sk = time_dim_1.t_time_sk)
                                                                                 ->  Append  (cost=0.00..39524635.96 rows=959996170 width=12)
                                                                                       ->  Append-only Columnar Scan on store_sales_1_prt_outliers store_sales_1_prt_outliers_1  (cost=0.00..1568615.00 rows=43200334 width=12)
                                                                                       ->  Append-only Columnar Scan on store_sales_1_prt_2 store_sales_1_prt_2_1  (cost=0.00..324595.00 rows=7840134 width=12)
                                                                                       ->  Append-only Columnar Scan on store_sales_1_prt_3 store_sales_1_prt_3_1  (cost=0.00..336211.00 rows=8120800 width=12)
                                                                                       ->  Append-only Columnar Scan on store_sales_1_prt_4 store_sales_1_prt_4_1  (cost=0.00..324382.00 rows=7834967 width=12)
                                                                                       ->  Append-only Columnar Scan on store_sales_1_prt_5 store_sales_1_prt_5_1  (cost=0.00..336381.00 rows=8124734 width=12)
                                                                                       ->  Append-only Columnar Scan on store_sales_1_prt_6 store_sales_1_prt_6_1  (cost=0.00..336417.00 rows=8125800 width=12)
                                                                                       ->  Append-only Columnar Scan on store_sales_1_prt_7 store_sales_1_prt_7_1  (cost=0.00..336453.00 rows=8126567 width=12)
                                                                                       ->  Append-only Columnar Scan on store_sales_1_prt_8 store_sales_1_prt_8_1  (cost=0.00..336058.00 rows=8116967 width=12)
                                                                                       ->  Append-only Columnar Scan on store_sales_1_prt_9 store_sales_1_prt_9_1  (cost=0.00..489738.00 rows=11829267 width=12)
                                                                                       ->  Append-only Columnar Scan on store_sales_1_prt_10 store_sales_1_prt_10_1  (cost=0.00..765474.00 rows=18489534 width=12)
                                                                                       ->  Append-only Columnar Scan on store_sales_1_prt_11 store_sales_1_prt_11_1  (cost=0.00..766278.00 rows=18508900 width=12)
                                                                                       ->  Append-only Columnar Scan on store_sales_1_prt_12 store_sales_1_prt_12_1  (cost=0.00..793967.00 rows=19177700 width=12)
                                                                                       ->  Append-only Columnar Scan on store_sales_1_prt_13 store_sales_1_prt_13_1  (cost=0.00..1159820.00 rows=28014600 width=12)
                                                                                       ->  Append-only Columnar Scan on store_sales_1_prt_14 store_sales_1_prt_14_1  (cost=0.00..1160753.00 rows=28037334 width=12)
                                                                                       ->  Append-only Columnar Scan on store_sales_1_prt_15 store_sales_1_prt_15_1  (cost=0.00..436710.00 rows=10548367 width=12)
                                                                                       ->  Append-only Columnar Scan on store_sales_1_prt_16 store_sales_1_prt_16_1  (cost=0.00..336477.00 rows=8127134 width=12)
                                                                                       ->  Append-only Columnar Scan on store_sales_1_prt_17 store_sales_1_prt_17_1  (cost=0.00..324706.00 rows=7842834 width=12)
                                                                                       ->  Append-only Columnar Scan on store_sales_1_prt_18 store_sales_1_prt_18_1  (cost=0.00..336587.00 rows=8129867 width=12)
                                                                                       ->  Append-only Columnar Scan on store_sales_1_prt_19 store_sales_1_prt_19_1  (cost=0.00..336153.00 rows=8119367 width=12)
                                                                                       ->  Append-only Columnar Scan on store_sales_1_prt_20 store_sales_1_prt_20_1  (cost=0.00..336736.00 rows=8133367 width=12)
                                                                                       ->  Append-only Columnar Scan on store_sales_1_prt_21 store_sales_1_prt_21_1  (cost=0.00..336190.00 rows=8120200 width=12)
                                                                                       ->  Append-only Columnar Scan on store_sales_1_prt_22 store_sales_1_prt_22_1  (cost=0.00..474334.00 rows=11457100 width=12)
                                                                                       ->  Append-only Columnar Scan on store_sales_1_prt_23 store_sales_1_prt_23_1  (cost=0.00..766084.00 rows=18504234 width=12)
                                                                                       ->  Append-only Columnar Scan on store_sales_1_prt_24 store_sales_1_prt_24_1  (cost=0.00..765781.00 rows=18496900 width=12)
                                                                                       ->  Append-only Columnar Scan on store_sales_1_prt_25 store_sales_1_prt_25_1  (cost=0.00..779443.00 rows=18826834 width=12)
                                                                                       ->  Append-only Columnar Scan on store_sales_1_prt_26 store_sales_1_prt_26_1  (cost=0.00..1160832.00 rows=28039467 width=12)
                                                                                       ->  Append-only Columnar Scan on store_sales_1_prt_27 store_sales_1_prt_27_1  (cost=0.00..1160090.00 rows=28021400 width=12)
                                                                                       ->  Append-only Columnar Scan on store_sales_1_prt_28 store_sales_1_prt_28_1  (cost=0.00..465893.00 rows=11253134 width=12)
                                                                                       ->  Append-only Columnar Scan on store_sales_1_prt_29 store_sales_1_prt_29_1  (cost=0.00..335914.00 rows=8113600 width=12)
                                                                                       ->  Append-only Columnar Scan on store_sales_1_prt_30 store_sales_1_prt_30_1  (cost=0.00..336186.00 rows=8120167 width=12)
                                                                                       ->  Append-only Columnar Scan on store_sales_1_prt_31 store_sales_1_prt_31_1  (cost=0.00..336014.00 rows=8115934 width=12)
                                                                                       ->  Append-only Columnar Scan on store_sales_1_prt_32 store_sales_1_prt_32_1  (cost=0.00..335918.00 rows=8113667 width=12)
                                                                                       ->  Append-only Columnar Scan on store_sales_1_prt_33 store_sales_1_prt_33_1  (cost=0.00..336069.00 rows=8117334 width=12)
                                                                                       ->  Append-only Columnar Scan on store_sales_1_prt_34 store_sales_1_prt_34_1  (cost=0.00..335472.00 rows=8102900 width=12)
                                                                                       ->  Append-only Columnar Scan on store_sales_1_prt_35 store_sales_1_prt_35_1  (cost=0.00..457985.00 rows=11062100 width=12)
                                                                                       ->  Append-only Columnar Scan on store_sales_1_prt_36 store_sales_1_prt_36_1  (cost=0.00..764679.00 rows=18470400 width=12)
                                                                                       ->  Append-only Columnar Scan on store_sales_1_prt_37 store_sales_1_prt_37_1  (cost=0.00..764030.00 rows=18454700 width=12)
                                                                                       ->  Append-only Columnar Scan on store_sales_1_prt_38 store_sales_1_prt_38_1  (cost=0.00..764484.00 rows=18465634 width=12)
                                                                                       ->  Append-only Columnar Scan on store_sales_1_prt_39 store_sales_1_prt_39_1  (cost=0.00..1158198.04 rows=27975568 width=12)
                                                                                       ->  Append-only Columnar Scan on store_sales_1_prt_40 store_sales_1_prt_40_1  (cost=0.00..1158199.04 rows=27975968 width=12)
                                                                                       ->  Append-only Columnar Scan on store_sales_1_prt_41 store_sales_1_prt_41_1  (cost=0.00..483138.00 rows=11669800 width=12)
                                                                                       ->  Append-only Columnar Scan on store_sales_1_prt_42 store_sales_1_prt_42_1  (cost=0.00..336559.00 rows=8129100 width=12)
                                                                                       ->  Append-only Columnar Scan on store_sales_1_prt_43 store_sales_1_prt_43_1  (cost=0.00..324602.00 rows=7840367 width=12)
                                                                                       ->  Append-only Columnar Scan on store_sales_1_prt_44 store_sales_1_prt_44_1  (cost=0.00..336209.00 rows=8120567 width=12)
                                                                                       ->  Append-only Columnar Scan on store_sales_1_prt_45 store_sales_1_prt_45_1  (cost=0.00..336313.00 rows=8123267 width=12)
                                                                                       ->  Append-only Columnar Scan on store_sales_1_prt_46 store_sales_1_prt_46_1  (cost=0.00..336621.00 rows=8130734 width=12)
                                                                                       ->  Append-only Columnar Scan on store_sales_1_prt_47 store_sales_1_prt_47_1  (cost=0.00..335906.00 rows=8113400 width=12)
                                                                                       ->  Append-only Columnar Scan on store_sales_1_prt_48 store_sales_1_prt_48_1  (cost=0.00..428657.00 rows=10353800 width=12)
                                                                                       ->  Append-only Columnar Scan on store_sales_1_prt_49 store_sales_1_prt_49_1  (cost=0.00..766560.00 rows=18515734 width=12)
                                                                                       ->  Append-only Columnar Scan on store_sales_1_prt_50 store_sales_1_prt_50_1  (cost=0.00..766167.00 rows=18506234 width=12)
                                                                                       ->  Append-only Columnar Scan on store_sales_1_prt_51 store_sales_1_prt_51_1  (cost=0.00..766196.00 rows=18506900 width=12)
                                                                                       ->  Append-only Columnar Scan on store_sales_1_prt_52 store_sales_1_prt_52_1  (cost=0.00..1130938.00 rows=27317200 width=12)
                                                                                       ->  Append-only Columnar Scan on store_sales_1_prt_53 store_sales_1_prt_53_1  (cost=0.00..1160637.96 rows=28034566 width=12)
                                                                                       ->  Append-only Columnar Scan on store_sales_1_prt_54 store_sales_1_prt_54_1  (cost=0.00..555225.00 rows=13411000 width=12)
                                                                                       ->  Append-only Columnar Scan on store_sales_1_prt_55 store_sales_1_prt_55_1  (cost=0.00..336782.00 rows=8134567 width=12)
                                                                                       ->  Append-only Columnar Scan on store_sales_1_prt_56 store_sales_1_prt_56_1  (cost=0.00..324454.00 rows=7836734 width=12)
                                                                                       ->  Append-only Columnar Scan on store_sales_1_prt_57 store_sales_1_prt_57_1  (cost=0.00..336546.00 rows=8128867 width=12)
                                                                                       ->  Append-only Columnar Scan on store_sales_1_prt_58 store_sales_1_prt_58_1  (cost=0.00..336207.00 rows=8120667 width=12)
                                                                                       ->  Append-only Columnar Scan on store_sales_1_prt_59 store_sales_1_prt_59_1  (cost=0.00..336578.00 rows=8129534 width=12)
                                                                                       ->  Append-only Columnar Scan on store_sales_1_prt_60 store_sales_1_prt_60_1  (cost=0.00..336468.00 rows=8127067 width=12)
                                                                                       ->  Append-only Columnar Scan on store_sales_1_prt_61 store_sales_1_prt_61_1  (cost=0.00..412992.00 rows=9975467 width=12)
                                                                                       ->  Append-only Columnar Scan on store_sales_1_prt_62 store_sales_1_prt_62_1  (cost=0.00..765709.00 rows=18495234 width=12)
                                                                                       ->  Append-only Columnar Scan on store_sales_1_prt_63 store_sales_1_prt_63_1  (cost=0.00..766176.00 rows=18506500 width=12)
                                                                                       ->  Append-only Columnar Scan on store_sales_1_prt_64 store_sales_1_prt_64_1  (cost=0.00..766142.00 rows=18505834 width=12)
                                                                                       ->  Append-only Columnar Scan on store_sales_1_prt_65 store_sales_1_prt_65_1  (cost=0.00..1117566.96 rows=26994166 width=12)
                                                                                       ->  Append-only Columnar Scan on store_sales_1_prt_66 store_sales_1_prt_66_1  (cost=0.00..1159645.96 rows=28010566 width=12)
                                                                                       ->  Append-only Columnar Scan on store_sales_1_prt_67 store_sales_1_prt_67_1  (cost=0.00..331321.00 rows=8002500 width=12)
                                                                                       ->  Append-only Columnar Scan on store_sales_1_prt_68 store_sales_1_prt_68_1  (cost=0.00..1.00 rows=1 width=12)
                                                                                       ->  Append-only Columnar Scan on store_sales_1_prt_69 store_sales_1_prt_69_1  (cost=0.00..1.00 rows=1 width=12)
                                                                                       ->  Append-only Columnar Scan on store_sales_1_prt_70 store_sales_1_prt_70_1  (cost=0.00..1.00 rows=1 width=12)
                                                                                       ->  Append-only Columnar Scan on store_sales_1_prt_71 store_sales_1_prt_71_1  (cost=0.00..1.00 rows=1 width=12)
                                                                                       ->  Append-only Columnar Scan on store_sales_1_prt_72 store_sales_1_prt_72_1  (cost=0.00..1.00 rows=1 width=12)
                                                                                       ->  Append-only Columnar Scan on store_sales_1_prt_73 store_sales_1_prt_73_1  (cost=0.00..1.00 rows=1 width=12)
                                                                                       ->  Append-only Columnar Scan on store_sales_1_prt_74 store_sales_1_prt_74_1  (cost=0.00..1.00 rows=1 width=12)
                                                                                       ->  Append-only Columnar Scan on store_sales_1_prt_75 store_sales_1_prt_75_1  (cost=0.00..1.00 rows=1 width=12)
                                                                                       ->  Append-only Columnar Scan on store_sales_1_prt_76 store_sales_1_prt_76_1  (cost=0.00..1.00 rows=1 width=12)
                                                                                       ->  Append-only Columnar Scan on store_sales_1_prt_77 store_sales_1_prt_77_1  (cost=0.00..1.00 rows=1 width=12)
                                                                                       ->  Append-only Columnar Scan on store_sales_1_prt_78 store_sales_1_prt_78_1  (cost=0.00..1.00 rows=1 width=12)
                                                                                       ->  Append-only Columnar Scan on store_sales_1_prt_79 store_sales_1_prt_79_1  (cost=0.00..1.00 rows=1 width=12)
                                                                                       ->  Append-only Columnar Scan on store_sales_1_prt_80 store_sales_1_prt_80_1  (cost=0.00..1.00 rows=1 width=12)
                                                                                 ->  Hash  (cost=1755.02..1755.02 rows=2601 width=4)
                                                                                       ->  Broadcast Motion 3:3  (slice5; segments: 3)  (cost=0.00..1755.02 rows=2601 width=4)
                                                                                             ->  Seq Scan on time_dim time_dim_1  (cost=0.00..1651.00 rows=867 width=4)
                                                                                                   Filter: ((t_minute < 30) AND (t_hour = 9))
                                                                           ->  Hash  (cost=49.57..49.57 rows=127 width=4)
                                                                                 ->  Broadcast Motion 3:3  (slice6; segments: 3)  (cost=0.00..49.57 rows=127 width=4)
                                                                                       ->  Seq Scan on store store_1  (cost=0.00..44.52 rows=43 width=4)
                                                                                             Filter: ((s_store_name)::text = 'ese'::text)
                                                                     ->  Hash  (cost=283.69..283.69 rows=1793 width=4)
                                                                           ->  Broadcast Motion 3:3  (slice7; segments: 3)  (cost=0.00..283.69 rows=1793 width=4)
                                                                                 ->  Seq Scan on household_demographics household_demographics_1  (cost=0.00..212.00 rows=598 width=4)
                                                                                       Filter: (((hd_dep_count = 3) AND (hd_vehicle_count <= 5)) OR ((hd_dep_count = 0) AND (hd_vehicle_count <= 2)) OR ((hd_dep_count = 1) AND (hd_vehicle_count <= 3)))
                                 ->  Materialize  (cost=58284842.29..58284842.32 rows=1 width=8)
                                       ->  Aggregate  (cost=58284842.29..58284842.30 rows=1 width=8)
                                             ->  Gather Motion 3:1  (slice12; segments: 3)  (cost=58284842.23..58284842.28 rows=1 width=8)
                                                   ->  Aggregate  (cost=58284842.23..58284842.24 rows=1 width=8)
                                                         ->  Hash Join  (cost=2258.37..58283992.80 rows=113258 width=0)
                                                               Hash Cond: (store_sales_1_prt_outliers_2.ss_hdemo_sk = household_demographics_2.hd_demo_sk)
                                                               ->  Hash Join  (cost=1907.47..58263158.90 rows=911215 width=4)
                                                                     Hash Cond: (store_sales_1_prt_outliers_2.ss_store_sk = store_2.s_store_sk)
                                                                     ->  Hash Join  (cost=1853.18..57962940.93 rows=14550788 width=8)
                                                                           Hash Cond: (store_sales_1_prt_outliers_2.ss_sold_time_sk = time_dim_2.t_time_sk)
                                                                           ->  Append  (cost=0.00..39524635.96 rows=959996170 width=12)
                                                                                 ->  Append-only Columnar Scan on store_sales_1_prt_outliers store_sales_1_prt_outliers_2  (cost=0.00..1568615.00 rows=43200334 width=12)
                                                                                 ->  Append-only Columnar Scan on store_sales_1_prt_2 store_sales_1_prt_2_2  (cost=0.00..324595.00 rows=7840134 width=12)
                                                                                 ->  Append-only Columnar Scan on store_sales_1_prt_3 store_sales_1_prt_3_2  (cost=0.00..336211.00 rows=8120800 width=12)
                                                                                 ->  Append-only Columnar Scan on store_sales_1_prt_4 store_sales_1_prt_4_2  (cost=0.00..324382.00 rows=7834967 width=12)
                                                                                 ->  Append-only Columnar Scan on store_sales_1_prt_5 store_sales_1_prt_5_2  (cost=0.00..336381.00 rows=8124734 width=12)
                                                                                 ->  Append-only Columnar Scan on store_sales_1_prt_6 store_sales_1_prt_6_2  (cost=0.00..336417.00 rows=8125800 width=12)
                                                                                 ->  Append-only Columnar Scan on store_sales_1_prt_7 store_sales_1_prt_7_2  (cost=0.00..336453.00 rows=8126567 width=12)
                                                                                 ->  Append-only Columnar Scan on store_sales_1_prt_8 store_sales_1_prt_8_2  (cost=0.00..336058.00 rows=8116967 width=12)
                                                                                 ->  Append-only Columnar Scan on store_sales_1_prt_9 store_sales_1_prt_9_2  (cost=0.00..489738.00 rows=11829267 width=12)
                                                                                 ->  Append-only Columnar Scan on store_sales_1_prt_10 store_sales_1_prt_10_2  (cost=0.00..765474.00 rows=18489534 width=12)
                                                                                 ->  Append-only Columnar Scan on store_sales_1_prt_11 store_sales_1_prt_11_2  (cost=0.00..766278.00 rows=18508900 width=12)
                                                                                 ->  Append-only Columnar Scan on store_sales_1_prt_12 store_sales_1_prt_12_2  (cost=0.00..793967.00 rows=19177700 width=12)
                                                                                 ->  Append-only Columnar Scan on store_sales_1_prt_13 store_sales_1_prt_13_2  (cost=0.00..1159820.00 rows=28014600 width=12)
                                                                                 ->  Append-only Columnar Scan on store_sales_1_prt_14 store_sales_1_prt_14_2  (cost=0.00..1160753.00 rows=28037334 width=12)
                                                                                 ->  Append-only Columnar Scan on store_sales_1_prt_15 store_sales_1_prt_15_2  (cost=0.00..436710.00 rows=10548367 width=12)
                                                                                 ->  Append-only Columnar Scan on store_sales_1_prt_16 store_sales_1_prt_16_2  (cost=0.00..336477.00 rows=8127134 width=12)
                                                                                 ->  Append-only Columnar Scan on store_sales_1_prt_17 store_sales_1_prt_17_2  (cost=0.00..324706.00 rows=7842834 width=12)
                                                                                 ->  Append-only Columnar Scan on store_sales_1_prt_18 store_sales_1_prt_18_2  (cost=0.00..336587.00 rows=8129867 width=12)
                                                                                 ->  Append-only Columnar Scan on store_sales_1_prt_19 store_sales_1_prt_19_2  (cost=0.00..336153.00 rows=8119367 width=12)
                                                                                 ->  Append-only Columnar Scan on store_sales_1_prt_20 store_sales_1_prt_20_2  (cost=0.00..336736.00 rows=8133367 width=12)
                                                                                 ->  Append-only Columnar Scan on store_sales_1_prt_21 store_sales_1_prt_21_2  (cost=0.00..336190.00 rows=8120200 width=12)
                                                                                 ->  Append-only Columnar Scan on store_sales_1_prt_22 store_sales_1_prt_22_2  (cost=0.00..474334.00 rows=11457100 width=12)
                                                                                 ->  Append-only Columnar Scan on store_sales_1_prt_23 store_sales_1_prt_23_2  (cost=0.00..766084.00 rows=18504234 width=12)
                                                                                 ->  Append-only Columnar Scan on store_sales_1_prt_24 store_sales_1_prt_24_2  (cost=0.00..765781.00 rows=18496900 width=12)
                                                                                 ->  Append-only Columnar Scan on store_sales_1_prt_25 store_sales_1_prt_25_2  (cost=0.00..779443.00 rows=18826834 width=12)
                                                                                 ->  Append-only Columnar Scan on store_sales_1_prt_26 store_sales_1_prt_26_2  (cost=0.00..1160832.00 rows=28039467 width=12)
                                                                                 ->  Append-only Columnar Scan on store_sales_1_prt_27 store_sales_1_prt_27_2  (cost=0.00..1160090.00 rows=28021400 width=12)
                                                                                 ->  Append-only Columnar Scan on store_sales_1_prt_28 store_sales_1_prt_28_2  (cost=0.00..465893.00 rows=11253134 width=12)
                                                                                 ->  Append-only Columnar Scan on store_sales_1_prt_29 store_sales_1_prt_29_2  (cost=0.00..335914.00 rows=8113600 width=12)
                                                                                 ->  Append-only Columnar Scan on store_sales_1_prt_30 store_sales_1_prt_30_2  (cost=0.00..336186.00 rows=8120167 width=12)
                                                                                 ->  Append-only Columnar Scan on store_sales_1_prt_31 store_sales_1_prt_31_2  (cost=0.00..336014.00 rows=8115934 width=12)
                                                                                 ->  Append-only Columnar Scan on store_sales_1_prt_32 store_sales_1_prt_32_2  (cost=0.00..335918.00 rows=8113667 width=12)
                                                                                 ->  Append-only Columnar Scan on store_sales_1_prt_33 store_sales_1_prt_33_2  (cost=0.00..336069.00 rows=8117334 width=12)
                                                                                 ->  Append-only Columnar Scan on store_sales_1_prt_34 store_sales_1_prt_34_2  (cost=0.00..335472.00 rows=8102900 width=12)
                                                                                 ->  Append-only Columnar Scan on store_sales_1_prt_35 store_sales_1_prt_35_2  (cost=0.00..457985.00 rows=11062100 width=12)
                                                                                 ->  Append-only Columnar Scan on store_sales_1_prt_36 store_sales_1_prt_36_2  (cost=0.00..764679.00 rows=18470400 width=12)
                                                                                 ->  Append-only Columnar Scan on store_sales_1_prt_37 store_sales_1_prt_37_2  (cost=0.00..764030.00 rows=18454700 width=12)
                                                                                 ->  Append-only Columnar Scan on store_sales_1_prt_38 store_sales_1_prt_38_2  (cost=0.00..764484.00 rows=18465634 width=12)
                                                                                 ->  Append-only Columnar Scan on store_sales_1_prt_39 store_sales_1_prt_39_2  (cost=0.00..1158198.04 rows=27975568 width=12)
                                                                                 ->  Append-only Columnar Scan on store_sales_1_prt_40 store_sales_1_prt_40_2  (cost=0.00..1158199.04 rows=27975968 width=12)
                                                                                 ->  Append-only Columnar Scan on store_sales_1_prt_41 store_sales_1_prt_41_2  (cost=0.00..483138.00 rows=11669800 width=12)
                                                                                 ->  Append-only Columnar Scan on store_sales_1_prt_42 store_sales_1_prt_42_2  (cost=0.00..336559.00 rows=8129100 width=12)
                                                                                 ->  Append-only Columnar Scan on store_sales_1_prt_43 store_sales_1_prt_43_2  (cost=0.00..324602.00 rows=7840367 width=12)
                                                                                 ->  Append-only Columnar Scan on store_sales_1_prt_44 store_sales_1_prt_44_2  (cost=0.00..336209.00 rows=8120567 width=12)
                                                                                 ->  Append-only Columnar Scan on store_sales_1_prt_45 store_sales_1_prt_45_2  (cost=0.00..336313.00 rows=8123267 width=12)
                                                                                 ->  Append-only Columnar Scan on store_sales_1_prt_46 store_sales_1_prt_46_2  (cost=0.00..336621.00 rows=8130734 width=12)
                                                                                 ->  Append-only Columnar Scan on store_sales_1_prt_47 store_sales_1_prt_47_2  (cost=0.00..335906.00 rows=8113400 width=12)
                                                                                 ->  Append-only Columnar Scan on store_sales_1_prt_48 store_sales_1_prt_48_2  (cost=0.00..428657.00 rows=10353800 width=12)
                                                                                 ->  Append-only Columnar Scan on store_sales_1_prt_49 store_sales_1_prt_49_2  (cost=0.00..766560.00 rows=18515734 width=12)
                                                                                 ->  Append-only Columnar Scan on store_sales_1_prt_50 store_sales_1_prt_50_2  (cost=0.00..766167.00 rows=18506234 width=12)
                                                                                 ->  Append-only Columnar Scan on store_sales_1_prt_51 store_sales_1_prt_51_2  (cost=0.00..766196.00 rows=18506900 width=12)
                                                                                 ->  Append-only Columnar Scan on store_sales_1_prt_52 store_sales_1_prt_52_2  (cost=0.00..1130938.00 rows=27317200 width=12)
                                                                                 ->  Append-only Columnar Scan on store_sales_1_prt_53 store_sales_1_prt_53_2  (cost=0.00..1160637.96 rows=28034566 width=12)
                                                                                 ->  Append-only Columnar Scan on store_sales_1_prt_54 store_sales_1_prt_54_2  (cost=0.00..555225.00 rows=13411000 width=12)
                                                                                 ->  Append-only Columnar Scan on store_sales_1_prt_55 store_sales_1_prt_55_2  (cost=0.00..336782.00 rows=8134567 width=12)
                                                                                 ->  Append-only Columnar Scan on store_sales_1_prt_56 store_sales_1_prt_56_2  (cost=0.00..324454.00 rows=7836734 width=12)
                                                                                 ->  Append-only Columnar Scan on store_sales_1_prt_57 store_sales_1_prt_57_2  (cost=0.00..336546.00 rows=8128867 width=12)
                                                                                 ->  Append-only Columnar Scan on store_sales_1_prt_58 store_sales_1_prt_58_2  (cost=0.00..336207.00 rows=8120667 width=12)
                                                                                 ->  Append-only Columnar Scan on store_sales_1_prt_59 store_sales_1_prt_59_2  (cost=0.00..336578.00 rows=8129534 width=12)
                                                                                 ->  Append-only Columnar Scan on store_sales_1_prt_60 store_sales_1_prt_60_2  (cost=0.00..336468.00 rows=8127067 width=12)
                                                                                 ->  Append-only Columnar Scan on store_sales_1_prt_61 store_sales_1_prt_61_2  (cost=0.00..412992.00 rows=9975467 width=12)
                                                                                 ->  Append-only Columnar Scan on store_sales_1_prt_62 store_sales_1_prt_62_2  (cost=0.00..765709.00 rows=18495234 width=12)
                                                                                 ->  Append-only Columnar Scan on store_sales_1_prt_63 store_sales_1_prt_63_2  (cost=0.00..766176.00 rows=18506500 width=12)
                                                                                 ->  Append-only Columnar Scan on store_sales_1_prt_64 store_sales_1_prt_64_2  (cost=0.00..766142.00 rows=18505834 width=12)
                                                                                 ->  Append-only Columnar Scan on store_sales_1_prt_65 store_sales_1_prt_65_2  (cost=0.00..1117566.96 rows=26994166 width=12)
                                                                                 ->  Append-only Columnar Scan on store_sales_1_prt_66 store_sales_1_prt_66_2  (cost=0.00..1159645.96 rows=28010566 width=12)
                                                                                 ->  Append-only Columnar Scan on store_sales_1_prt_67 store_sales_1_prt_67_2  (cost=0.00..331321.00 rows=8002500 width=12)
                                                                                 ->  Append-only Columnar Scan on store_sales_1_prt_68 store_sales_1_prt_68_2  (cost=0.00..1.00 rows=1 width=12)
                                                                                 ->  Append-only Columnar Scan on store_sales_1_prt_69 store_sales_1_prt_69_2  (cost=0.00..1.00 rows=1 width=12)
                                                                                 ->  Append-only Columnar Scan on store_sales_1_prt_70 store_sales_1_prt_70_2  (cost=0.00..1.00 rows=1 width=12)
                                                                                 ->  Append-only Columnar Scan on store_sales_1_prt_71 store_sales_1_prt_71_2  (cost=0.00..1.00 rows=1 width=12)
                                                                                 ->  Append-only Columnar Scan on store_sales_1_prt_72 store_sales_1_prt_72_2  (cost=0.00..1.00 rows=1 width=12)
                                                                                 ->  Append-only Columnar Scan on store_sales_1_prt_73 store_sales_1_prt_73_2  (cost=0.00..1.00 rows=1 width=12)
                                                                                 ->  Append-only Columnar Scan on store_sales_1_prt_74 store_sales_1_prt_74_2  (cost=0.00..1.00 rows=1 width=12)
                                                                                 ->  Append-only Columnar Scan on store_sales_1_prt_75 store_sales_1_prt_75_2  (cost=0.00..1.00 rows=1 width=12)
                                                                                 ->  Append-only Columnar Scan on store_sales_1_prt_76 store_sales_1_prt_76_2  (cost=0.00..1.00 rows=1 width=12)
                                                                                 ->  Append-only Columnar Scan on store_sales_1_prt_77 store_sales_1_prt_77_2  (cost=0.00..1.00 rows=1 width=12)
                                                                                 ->  Append-only Columnar Scan on store_sales_1_prt_78 store_sales_1_prt_78_2  (cost=0.00..1.00 rows=1 width=12)
                                                                                 ->  Append-only Columnar Scan on store_sales_1_prt_79 store_sales_1_prt_79_2  (cost=0.00..1.00 rows=1 width=12)
                                                                                 ->  Append-only Columnar Scan on store_sales_1_prt_80 store_sales_1_prt_80_2  (cost=0.00..1.00 rows=1 width=12)
                                                                           ->  Hash  (cost=1755.35..1755.35 rows=2609 width=4)
                                                                                 ->  Broadcast Motion 3:3  (slice9; segments: 3)  (cost=0.00..1755.35 rows=2609 width=4)
                                                                                       ->  Seq Scan on time_dim time_dim_2  (cost=0.00..1651.00 rows=870 width=4)
                                                                                             Filter: ((t_minute >= 30) AND (t_hour = 9))
                                                                     ->  Hash  (cost=49.57..49.57 rows=127 width=4)
                                                                           ->  Broadcast Motion 3:3  (slice10; segments: 3)  (cost=0.00..49.57 rows=127 width=4)
                                                                                 ->  Seq Scan on store store_2  (cost=0.00..44.52 rows=43 width=4)
                                                                                       Filter: ((s_store_name)::text = 'ese'::text)
                                                               ->  Hash  (cost=283.69..283.69 rows=1793 width=4)
                                                                     ->  Broadcast Motion 3:3  (slice11; segments: 3)  (cost=0.00..283.69 rows=1793 width=4)
                                                                           ->  Seq Scan on household_demographics household_demographics_2  (cost=0.00..212.00 rows=598 width=4)
                                                                                 Filter: (((hd_dep_count = 3) AND (hd_vehicle_count <= 5)) OR ((hd_dep_count = 0) AND (hd_vehicle_count <= 2)) OR ((hd_dep_count = 1) AND (hd_vehicle_count <= 3)))
                           ->  Materialize  (cost=58247604.24..58247604.26 rows=1 width=8)
                                 ->  Aggregate  (cost=58247604.24..58247604.25 rows=1 width=8)
                                       ->  Gather Motion 3:1  (slice16; segments: 3)  (cost=58247604.17..58247604.22 rows=1 width=8)
                                             ->  Aggregate  (cost=58247604.17..58247604.18 rows=1 width=8)
                                                   ->  Hash Join  (cost=2248.44..58246796.46 rows=107696 width=0)
                                                         Hash Cond: (store_sales_1_prt_outliers_3.ss_hdemo_sk = household_demographics_3.hd_demo_sk)
                                                         ->  Hash Join  (cost=1897.54..58226968.53 rows=866463 width=4)
                                                               Hash Cond: (store_sales_1_prt_outliers_3.ss_store_sk = store_3.s_store_sk)
                                                               ->  Hash Join  (cost=1843.25..57941492.30 rows=13836164 width=8)
                                                                     Hash Cond: (store_sales_1_prt_outliers_3.ss_sold_time_sk = time_dim_3.t_time_sk)
                                                                     ->  Append  (cost=0.00..39524635.96 rows=959996170 width=12)
                                                                           ->  Append-only Columnar Scan on store_sales_1_prt_outliers store_sales_1_prt_outliers_3  (cost=0.00..1568615.00 rows=43200334 width=12)
                                                                           ->  Append-only Columnar Scan on store_sales_1_prt_2 store_sales_1_prt_2_3  (cost=0.00..324595.00 rows=7840134 width=12)
                                                                           ->  Append-only Columnar Scan on store_sales_1_prt_3 store_sales_1_prt_3_3  (cost=0.00..336211.00 rows=8120800 width=12)
                                                                           ->  Append-only Columnar Scan on store_sales_1_prt_4 store_sales_1_prt_4_3  (cost=0.00..324382.00 rows=7834967 width=12)
                                                                           ->  Append-only Columnar Scan on store_sales_1_prt_5 store_sales_1_prt_5_3  (cost=0.00..336381.00 rows=8124734 width=12)
                                                                           ->  Append-only Columnar Scan on store_sales_1_prt_6 store_sales_1_prt_6_3  (cost=0.00..336417.00 rows=8125800 width=12)
                                                                           ->  Append-only Columnar Scan on store_sales_1_prt_7 store_sales_1_prt_7_3  (cost=0.00..336453.00 rows=8126567 width=12)
                                                                           ->  Append-only Columnar Scan on store_sales_1_prt_8 store_sales_1_prt_8_3  (cost=0.00..336058.00 rows=8116967 width=12)
                                                                           ->  Append-only Columnar Scan on store_sales_1_prt_9 store_sales_1_prt_9_3  (cost=0.00..489738.00 rows=11829267 width=12)
                                                                           ->  Append-only Columnar Scan on store_sales_1_prt_10 store_sales_1_prt_10_3  (cost=0.00..765474.00 rows=18489534 width=12)
                                                                           ->  Append-only Columnar Scan on store_sales_1_prt_11 store_sales_1_prt_11_3  (cost=0.00..766278.00 rows=18508900 width=12)
                                                                           ->  Append-only Columnar Scan on store_sales_1_prt_12 store_sales_1_prt_12_3  (cost=0.00..793967.00 rows=19177700 width=12)
                                                                           ->  Append-only Columnar Scan on store_sales_1_prt_13 store_sales_1_prt_13_3  (cost=0.00..1159820.00 rows=28014600 width=12)
                                                                           ->  Append-only Columnar Scan on store_sales_1_prt_14 store_sales_1_prt_14_3  (cost=0.00..1160753.00 rows=28037334 width=12)
                                                                           ->  Append-only Columnar Scan on store_sales_1_prt_15 store_sales_1_prt_15_3  (cost=0.00..436710.00 rows=10548367 width=12)
                                                                           ->  Append-only Columnar Scan on store_sales_1_prt_16 store_sales_1_prt_16_3  (cost=0.00..336477.00 rows=8127134 width=12)
                                                                           ->  Append-only Columnar Scan on store_sales_1_prt_17 store_sales_1_prt_17_3  (cost=0.00..324706.00 rows=7842834 width=12)
                                                                           ->  Append-only Columnar Scan on store_sales_1_prt_18 store_sales_1_prt_18_3  (cost=0.00..336587.00 rows=8129867 width=12)
                                                                           ->  Append-only Columnar Scan on store_sales_1_prt_19 store_sales_1_prt_19_3  (cost=0.00..336153.00 rows=8119367 width=12)
                                                                           ->  Append-only Columnar Scan on store_sales_1_prt_20 store_sales_1_prt_20_3  (cost=0.00..336736.00 rows=8133367 width=12)
                                                                           ->  Append-only Columnar Scan on store_sales_1_prt_21 store_sales_1_prt_21_3  (cost=0.00..336190.00 rows=8120200 width=12)
                                                                           ->  Append-only Columnar Scan on store_sales_1_prt_22 store_sales_1_prt_22_3  (cost=0.00..474334.00 rows=11457100 width=12)
                                                                           ->  Append-only Columnar Scan on store_sales_1_prt_23 store_sales_1_prt_23_3  (cost=0.00..766084.00 rows=18504234 width=12)
                                                                           ->  Append-only Columnar Scan on store_sales_1_prt_24 store_sales_1_prt_24_3  (cost=0.00..765781.00 rows=18496900 width=12)
                                                                           ->  Append-only Columnar Scan on store_sales_1_prt_25 store_sales_1_prt_25_3  (cost=0.00..779443.00 rows=18826834 width=12)
                                                                           ->  Append-only Columnar Scan on store_sales_1_prt_26 store_sales_1_prt_26_3  (cost=0.00..1160832.00 rows=28039467 width=12)
                                                                           ->  Append-only Columnar Scan on store_sales_1_prt_27 store_sales_1_prt_27_3  (cost=0.00..1160090.00 rows=28021400 width=12)
                                                                           ->  Append-only Columnar Scan on store_sales_1_prt_28 store_sales_1_prt_28_3  (cost=0.00..465893.00 rows=11253134 width=12)
                                                                           ->  Append-only Columnar Scan on store_sales_1_prt_29 store_sales_1_prt_29_3  (cost=0.00..335914.00 rows=8113600 width=12)
                                                                           ->  Append-only Columnar Scan on store_sales_1_prt_30 store_sales_1_prt_30_3  (cost=0.00..336186.00 rows=8120167 width=12)
                                                                           ->  Append-only Columnar Scan on store_sales_1_prt_31 store_sales_1_prt_31_3  (cost=0.00..336014.00 rows=8115934 width=12)
                                                                           ->  Append-only Columnar Scan on store_sales_1_prt_32 store_sales_1_prt_32_3  (cost=0.00..335918.00 rows=8113667 width=12)
                                                                           ->  Append-only Columnar Scan on store_sales_1_prt_33 store_sales_1_prt_33_3  (cost=0.00..336069.00 rows=8117334 width=12)
                                                                           ->  Append-only Columnar Scan on store_sales_1_prt_34 store_sales_1_prt_34_3  (cost=0.00..335472.00 rows=8102900 width=12)
                                                                           ->  Append-only Columnar Scan on store_sales_1_prt_35 store_sales_1_prt_35_3  (cost=0.00..457985.00 rows=11062100 width=12)
                                                                           ->  Append-only Columnar Scan on store_sales_1_prt_36 store_sales_1_prt_36_3  (cost=0.00..764679.00 rows=18470400 width=12)
                                                                           ->  Append-only Columnar Scan on store_sales_1_prt_37 store_sales_1_prt_37_3  (cost=0.00..764030.00 rows=18454700 width=12)
                                                                           ->  Append-only Columnar Scan on store_sales_1_prt_38 store_sales_1_prt_38_3  (cost=0.00..764484.00 rows=18465634 width=12)
                                                                           ->  Append-only Columnar Scan on store_sales_1_prt_39 store_sales_1_prt_39_3  (cost=0.00..1158198.04 rows=27975568 width=12)
                                                                           ->  Append-only Columnar Scan on store_sales_1_prt_40 store_sales_1_prt_40_3  (cost=0.00..1158199.04 rows=27975968 width=12)
                                                                           ->  Append-only Columnar Scan on store_sales_1_prt_41 store_sales_1_prt_41_3  (cost=0.00..483138.00 rows=11669800 width=12)
                                                                           ->  Append-only Columnar Scan on store_sales_1_prt_42 store_sales_1_prt_42_3  (cost=0.00..336559.00 rows=8129100 width=12)
                                                                           ->  Append-only Columnar Scan on store_sales_1_prt_43 store_sales_1_prt_43_3  (cost=0.00..324602.00 rows=7840367 width=12)
                                                                           ->  Append-only Columnar Scan on store_sales_1_prt_44 store_sales_1_prt_44_3  (cost=0.00..336209.00 rows=8120567 width=12)
                                                                           ->  Append-only Columnar Scan on store_sales_1_prt_45 store_sales_1_prt_45_3  (cost=0.00..336313.00 rows=8123267 width=12)
                                                                           ->  Append-only Columnar Scan on store_sales_1_prt_46 store_sales_1_prt_46_3  (cost=0.00..336621.00 rows=8130734 width=12)
                                                                           ->  Append-only Columnar Scan on store_sales_1_prt_47 store_sales_1_prt_47_3  (cost=0.00..335906.00 rows=8113400 width=12)
                                                                           ->  Append-only Columnar Scan on store_sales_1_prt_48 store_sales_1_prt_48_3  (cost=0.00..428657.00 rows=10353800 width=12)
                                                                           ->  Append-only Columnar Scan on store_sales_1_prt_49 store_sales_1_prt_49_3  (cost=0.00..766560.00 rows=18515734 width=12)
                                                                           ->  Append-only Columnar Scan on store_sales_1_prt_50 store_sales_1_prt_50_3  (cost=0.00..766167.00 rows=18506234 width=12)
                                                                           ->  Append-only Columnar Scan on store_sales_1_prt_51 store_sales_1_prt_51_3  (cost=0.00..766196.00 rows=18506900 width=12)
                                                                           ->  Append-only Columnar Scan on store_sales_1_prt_52 store_sales_1_prt_52_3  (cost=0.00..1130938.00 rows=27317200 width=12)
                                                                           ->  Append-only Columnar Scan on store_sales_1_prt_53 store_sales_1_prt_53_3  (cost=0.00..1160637.96 rows=28034566 width=12)
                                                                           ->  Append-only Columnar Scan on store_sales_1_prt_54 store_sales_1_prt_54_3  (cost=0.00..555225.00 rows=13411000 width=12)
                                                                           ->  Append-only Columnar Scan on store_sales_1_prt_55 store_sales_1_prt_55_3  (cost=0.00..336782.00 rows=8134567 width=12)
                                                                           ->  Append-only Columnar Scan on store_sales_1_prt_56 store_sales_1_prt_56_3  (cost=0.00..324454.00 rows=7836734 width=12)
                                                                           ->  Append-only Columnar Scan on store_sales_1_prt_57 store_sales_1_prt_57_3  (cost=0.00..336546.00 rows=8128867 width=12)
                                                                           ->  Append-only Columnar Scan on store_sales_1_prt_58 store_sales_1_prt_58_3  (cost=0.00..336207.00 rows=8120667 width=12)
                                                                           ->  Append-only Columnar Scan on store_sales_1_prt_59 store_sales_1_prt_59_3  (cost=0.00..336578.00 rows=8129534 width=12)
                                                                           ->  Append-only Columnar Scan on store_sales_1_prt_60 store_sales_1_prt_60_3  (cost=0.00..336468.00 rows=8127067 width=12)
                                                                           ->  Append-only Columnar Scan on store_sales_1_prt_61 store_sales_1_prt_61_3  (cost=0.00..412992.00 rows=9975467 width=12)
                                                                           ->  Append-only Columnar Scan on store_sales_1_prt_62 store_sales_1_prt_62_3  (cost=0.00..765709.00 rows=18495234 width=12)
                                                                           ->  Append-only Columnar Scan on store_sales_1_prt_63 store_sales_1_prt_63_3  (cost=0.00..766176.00 rows=18506500 width=12)
                                                                           ->  Append-only Columnar Scan on store_sales_1_prt_64 store_sales_1_prt_64_3  (cost=0.00..766142.00 rows=18505834 width=12)
                                                                           ->  Append-only Columnar Scan on store_sales_1_prt_65 store_sales_1_prt_65_3  (cost=0.00..1117566.96 rows=26994166 width=12)
                                                                           ->  Append-only Columnar Scan on store_sales_1_prt_66 store_sales_1_prt_66_3  (cost=0.00..1159645.96 rows=28010566 width=12)
                                                                           ->  Append-only Columnar Scan on store_sales_1_prt_67 store_sales_1_prt_67_3  (cost=0.00..331321.00 rows=8002500 width=12)
                                                                           ->  Append-only Columnar Scan on store_sales_1_prt_68 store_sales_1_prt_68_3  (cost=0.00..1.00 rows=1 width=12)
                                                                           ->  Append-only Columnar Scan on store_sales_1_prt_69 store_sales_1_prt_69_3  (cost=0.00..1.00 rows=1 width=12)
                                                                           ->  Append-only Columnar Scan on store_sales_1_prt_70 store_sales_1_prt_70_3  (cost=0.00..1.00 rows=1 width=12)
                                                                           ->  Append-only Columnar Scan on store_sales_1_prt_71 store_sales_1_prt_71_3  (cost=0.00..1.00 rows=1 width=12)
                                                                           ->  Append-only Columnar Scan on store_sales_1_prt_72 store_sales_1_prt_72_3  (cost=0.00..1.00 rows=1 width=12)
                                                                           ->  Append-only Columnar Scan on store_sales_1_prt_73 store_sales_1_prt_73_3  (cost=0.00..1.00 rows=1 width=12)
                                                                           ->  Append-only Columnar Scan on store_sales_1_prt_74 store_sales_1_prt_74_3  (cost=0.00..1.00 rows=1 width=12)
                                                                           ->  Append-only Columnar Scan on store_sales_1_prt_75 store_sales_1_prt_75_3  (cost=0.00..1.00 rows=1 width=12)
                                                                           ->  Append-only Columnar Scan on store_sales_1_prt_76 store_sales_1_prt_76_3  (cost=0.00..1.00 rows=1 width=12)
                                                                           ->  Append-only Columnar Scan on store_sales_1_prt_77 store_sales_1_prt_77_3  (cost=0.00..1.00 rows=1 width=12)
                                                                           ->  Append-only Columnar Scan on store_sales_1_prt_78 store_sales_1_prt_78_3  (cost=0.00..1.00 rows=1 width=12)
                                                                           ->  Append-only Columnar Scan on store_sales_1_prt_79 store_sales_1_prt_79_3  (cost=0.00..1.00 rows=1 width=12)
                                                                           ->  Append-only Columnar Scan on store_sales_1_prt_80 store_sales_1_prt_80_3  (cost=0.00..1.00 rows=1 width=12)
                                                                     ->  Hash  (cost=1750.22..1750.22 rows=2481 width=4)
                                                                           ->  Broadcast Motion 3:3  (slice13; segments: 3)  (cost=0.00..1750.22 rows=2481 width=4)
                                                                                 ->  Seq Scan on time_dim time_dim_3  (cost=0.00..1651.00 rows=827 width=4)
                                                                                       Filter: ((t_minute < 30) AND (t_hour = 10))
                                                               ->  Hash  (cost=49.57..49.57 rows=127 width=4)
                                                                     ->  Broadcast Motion 3:3  (slice14; segments: 3)  (cost=0.00..49.57 rows=127 width=4)
                                                                           ->  Seq Scan on store store_3  (cost=0.00..44.52 rows=43 width=4)
                                                                                 Filter: ((s_store_name)::text = 'ese'::text)
                                                         ->  Hash  (cost=283.69..283.69 rows=1793 width=4)
                                                               ->  Broadcast Motion 3:3  (slice15; segments: 3)  (cost=0.00..283.69 rows=1793 width=4)
                                                                     ->  Seq Scan on household_demographics household_demographics_3  (cost=0.00..212.00 rows=598 width=4)
                                                                           Filter: (((hd_dep_count = 3) AND (hd_vehicle_count <= 5)) OR ((hd_dep_count = 0) AND (hd_vehicle_count <= 2)) OR ((hd_dep_count = 1) AND (hd_vehicle_count <= 3)))
                     ->  Materialize  (cost=58249866.85..58249866.87 rows=1 width=8)
                           ->  Aggregate  (cost=58249866.85..58249866.86 rows=1 width=8)
                                 ->  Gather Motion 3:1  (slice20; segments: 3)  (cost=58249866.78..58249866.83 rows=1 width=8)
                                       ->  Aggregate  (cost=58249866.78..58249866.79 rows=1 width=8)
                                             ->  Hash Join  (cost=2249.05..58249056.53 rows=108034 width=0)
                                                   Hash Cond: (store_sales_1_prt_outliers_4.ss_hdemo_sk = household_demographics_4.hd_demo_sk)
                                                   ->  Hash Join  (cost=1898.14..58229167.48 rows=869182 width=4)
                                                         Hash Cond: (store_sales_1_prt_outliers_4.ss_store_sk = store_4.s_store_sk)
                                                         ->  Hash Join  (cost=1843.85..57942795.53 rows=13879585 width=8)
                                                               Hash Cond: (store_sales_1_prt_outliers_4.ss_sold_time_sk = time_dim_4.t_time_sk)
                                                               ->  Append  (cost=0.00..39524635.96 rows=959996170 width=12)
                                                                     ->  Append-only Columnar Scan on store_sales_1_prt_outliers store_sales_1_prt_outliers_4  (cost=0.00..1568615.00 rows=43200334 width=12)
                                                                     ->  Append-only Columnar Scan on store_sales_1_prt_2 store_sales_1_prt_2_4  (cost=0.00..324595.00 rows=7840134 width=12)
                                                                     ->  Append-only Columnar Scan on store_sales_1_prt_3 store_sales_1_prt_3_4  (cost=0.00..336211.00 rows=8120800 width=12)
                                                                     ->  Append-only Columnar Scan on store_sales_1_prt_4 store_sales_1_prt_4_4  (cost=0.00..324382.00 rows=7834967 width=12)
                                                                     ->  Append-only Columnar Scan on store_sales_1_prt_5 store_sales_1_prt_5_4  (cost=0.00..336381.00 rows=8124734 width=12)
                                                                     ->  Append-only Columnar Scan on store_sales_1_prt_6 store_sales_1_prt_6_4  (cost=0.00..336417.00 rows=8125800 width=12)
                                                                     ->  Append-only Columnar Scan on store_sales_1_prt_7 store_sales_1_prt_7_4  (cost=0.00..336453.00 rows=8126567 width=12)
                                                                     ->  Append-only Columnar Scan on store_sales_1_prt_8 store_sales_1_prt_8_4  (cost=0.00..336058.00 rows=8116967 width=12)
                                                                     ->  Append-only Columnar Scan on store_sales_1_prt_9 store_sales_1_prt_9_4  (cost=0.00..489738.00 rows=11829267 width=12)
                                                                     ->  Append-only Columnar Scan on store_sales_1_prt_10 store_sales_1_prt_10_4  (cost=0.00..765474.00 rows=18489534 width=12)
                                                                     ->  Append-only Columnar Scan on store_sales_1_prt_11 store_sales_1_prt_11_4  (cost=0.00..766278.00 rows=18508900 width=12)
                                                                     ->  Append-only Columnar Scan on store_sales_1_prt_12 store_sales_1_prt_12_4  (cost=0.00..793967.00 rows=19177700 width=12)
                                                                     ->  Append-only Columnar Scan on store_sales_1_prt_13 store_sales_1_prt_13_4  (cost=0.00..1159820.00 rows=28014600 width=12)
                                                                     ->  Append-only Columnar Scan on store_sales_1_prt_14 store_sales_1_prt_14_4  (cost=0.00..1160753.00 rows=28037334 width=12)
                                                                     ->  Append-only Columnar Scan on store_sales_1_prt_15 store_sales_1_prt_15_4  (cost=0.00..436710.00 rows=10548367 width=12)
                                                                     ->  Append-only Columnar Scan on store_sales_1_prt_16 store_sales_1_prt_16_4  (cost=0.00..336477.00 rows=8127134 width=12)
                                                                     ->  Append-only Columnar Scan on store_sales_1_prt_17 store_sales_1_prt_17_4  (cost=0.00..324706.00 rows=7842834 width=12)
                                                                     ->  Append-only Columnar Scan on store_sales_1_prt_18 store_sales_1_prt_18_4  (cost=0.00..336587.00 rows=8129867 width=12)
                                                                     ->  Append-only Columnar Scan on store_sales_1_prt_19 store_sales_1_prt_19_4  (cost=0.00..336153.00 rows=8119367 width=12)
                                                                     ->  Append-only Columnar Scan on store_sales_1_prt_20 store_sales_1_prt_20_4  (cost=0.00..336736.00 rows=8133367 width=12)
                                                                     ->  Append-only Columnar Scan on store_sales_1_prt_21 store_sales_1_prt_21_4  (cost=0.00..336190.00 rows=8120200 width=12)
                                                                     ->  Append-only Columnar Scan on store_sales_1_prt_22 store_sales_1_prt_22_4  (cost=0.00..474334.00 rows=11457100 width=12)
                                                                     ->  Append-only Columnar Scan on store_sales_1_prt_23 store_sales_1_prt_23_4  (cost=0.00..766084.00 rows=18504234 width=12)
                                                                     ->  Append-only Columnar Scan on store_sales_1_prt_24 store_sales_1_prt_24_4  (cost=0.00..765781.00 rows=18496900 width=12)
                                                                     ->  Append-only Columnar Scan on store_sales_1_prt_25 store_sales_1_prt_25_4  (cost=0.00..779443.00 rows=18826834 width=12)
                                                                     ->  Append-only Columnar Scan on store_sales_1_prt_26 store_sales_1_prt_26_4  (cost=0.00..1160832.00 rows=28039467 width=12)
                                                                     ->  Append-only Columnar Scan on store_sales_1_prt_27 store_sales_1_prt_27_4  (cost=0.00..1160090.00 rows=28021400 width=12)
                                                                     ->  Append-only Columnar Scan on store_sales_1_prt_28 store_sales_1_prt_28_4  (cost=0.00..465893.00 rows=11253134 width=12)
                                                                     ->  Append-only Columnar Scan on store_sales_1_prt_29 store_sales_1_prt_29_4  (cost=0.00..335914.00 rows=8113600 width=12)
                                                                     ->  Append-only Columnar Scan on store_sales_1_prt_30 store_sales_1_prt_30_4  (cost=0.00..336186.00 rows=8120167 width=12)
                                                                     ->  Append-only Columnar Scan on store_sales_1_prt_31 store_sales_1_prt_31_4  (cost=0.00..336014.00 rows=8115934 width=12)
                                                                     ->  Append-only Columnar Scan on store_sales_1_prt_32 store_sales_1_prt_32_4  (cost=0.00..335918.00 rows=8113667 width=12)
                                                                     ->  Append-only Columnar Scan on store_sales_1_prt_33 store_sales_1_prt_33_4  (cost=0.00..336069.00 rows=8117334 width=12)
                                                                     ->  Append-only Columnar Scan on store_sales_1_prt_34 store_sales_1_prt_34_4  (cost=0.00..335472.00 rows=8102900 width=12)
                                                                     ->  Append-only Columnar Scan on store_sales_1_prt_35 store_sales_1_prt_35_4  (cost=0.00..457985.00 rows=11062100 width=12)
                                                                     ->  Append-only Columnar Scan on store_sales_1_prt_36 store_sales_1_prt_36_4  (cost=0.00..764679.00 rows=18470400 width=12)
                                                                     ->  Append-only Columnar Scan on store_sales_1_prt_37 store_sales_1_prt_37_4  (cost=0.00..764030.00 rows=18454700 width=12)
                                                                     ->  Append-only Columnar Scan on store_sales_1_prt_38 store_sales_1_prt_38_4  (cost=0.00..764484.00 rows=18465634 width=12)
                                                                     ->  Append-only Columnar Scan on store_sales_1_prt_39 store_sales_1_prt_39_4  (cost=0.00..1158198.04 rows=27975568 width=12)
                                                                     ->  Append-only Columnar Scan on store_sales_1_prt_40 store_sales_1_prt_40_4  (cost=0.00..1158199.04 rows=27975968 width=12)
                                                                     ->  Append-only Columnar Scan on store_sales_1_prt_41 store_sales_1_prt_41_4  (cost=0.00..483138.00 rows=11669800 width=12)
                                                                     ->  Append-only Columnar Scan on store_sales_1_prt_42 store_sales_1_prt_42_4  (cost=0.00..336559.00 rows=8129100 width=12)
                                                                     ->  Append-only Columnar Scan on store_sales_1_prt_43 store_sales_1_prt_43_4  (cost=0.00..324602.00 rows=7840367 width=12)
                                                                     ->  Append-only Columnar Scan on store_sales_1_prt_44 store_sales_1_prt_44_4  (cost=0.00..336209.00 rows=8120567 width=12)
                                                                     ->  Append-only Columnar Scan on store_sales_1_prt_45 store_sales_1_prt_45_4  (cost=0.00..336313.00 rows=8123267 width=12)
                                                                     ->  Append-only Columnar Scan on store_sales_1_prt_46 store_sales_1_prt_46_4  (cost=0.00..336621.00 rows=8130734 width=12)
                                                                     ->  Append-only Columnar Scan on store_sales_1_prt_47 store_sales_1_prt_47_4  (cost=0.00..335906.00 rows=8113400 width=12)
                                                                     ->  Append-only Columnar Scan on store_sales_1_prt_48 store_sales_1_prt_48_4  (cost=0.00..428657.00 rows=10353800 width=12)
                                                                     ->  Append-only Columnar Scan on store_sales_1_prt_49 store_sales_1_prt_49_4  (cost=0.00..766560.00 rows=18515734 width=12)
                                                                     ->  Append-only Columnar Scan on store_sales_1_prt_50 store_sales_1_prt_50_4  (cost=0.00..766167.00 rows=18506234 width=12)
                                                                     ->  Append-only Columnar Scan on store_sales_1_prt_51 store_sales_1_prt_51_4  (cost=0.00..766196.00 rows=18506900 width=12)
                                                                     ->  Append-only Columnar Scan on store_sales_1_prt_52 store_sales_1_prt_52_4  (cost=0.00..1130938.00 rows=27317200 width=12)
                                                                     ->  Append-only Columnar Scan on store_sales_1_prt_53 store_sales_1_prt_53_4  (cost=0.00..1160637.96 rows=28034566 width=12)
                                                                     ->  Append-only Columnar Scan on store_sales_1_prt_54 store_sales_1_prt_54_4  (cost=0.00..555225.00 rows=13411000 width=12)
                                                                     ->  Append-only Columnar Scan on store_sales_1_prt_55 store_sales_1_prt_55_4  (cost=0.00..336782.00 rows=8134567 width=12)
                                                                     ->  Append-only Columnar Scan on store_sales_1_prt_56 store_sales_1_prt_56_4  (cost=0.00..324454.00 rows=7836734 width=12)
                                                                     ->  Append-only Columnar Scan on store_sales_1_prt_57 store_sales_1_prt_57_4  (cost=0.00..336546.00 rows=8128867 width=12)
                                                                     ->  Append-only Columnar Scan on store_sales_1_prt_58 store_sales_1_prt_58_4  (cost=0.00..336207.00 rows=8120667 width=12)
                                                                     ->  Append-only Columnar Scan on store_sales_1_prt_59 store_sales_1_prt_59_4  (cost=0.00..336578.00 rows=8129534 width=12)
                                                                     ->  Append-only Columnar Scan on store_sales_1_prt_60 store_sales_1_prt_60_4  (cost=0.00..336468.00 rows=8127067 width=12)
                                                                     ->  Append-only Columnar Scan on store_sales_1_prt_61 store_sales_1_prt_61_4  (cost=0.00..412992.00 rows=9975467 width=12)
                                                                     ->  Append-only Columnar Scan on store_sales_1_prt_62 store_sales_1_prt_62_4  (cost=0.00..765709.00 rows=18495234 width=12)
                                                                     ->  Append-only Columnar Scan on store_sales_1_prt_63 store_sales_1_prt_63_4  (cost=0.00..766176.00 rows=18506500 width=12)
                                                                     ->  Append-only Columnar Scan on store_sales_1_prt_64 store_sales_1_prt_64_4  (cost=0.00..766142.00 rows=18505834 width=12)
                                                                     ->  Append-only Columnar Scan on store_sales_1_prt_65 store_sales_1_prt_65_4  (cost=0.00..1117566.96 rows=26994166 width=12)
                                                                     ->  Append-only Columnar Scan on store_sales_1_prt_66 store_sales_1_prt_66_4  (cost=0.00..1159645.96 rows=28010566 width=12)
                                                                     ->  Append-only Columnar Scan on store_sales_1_prt_67 store_sales_1_prt_67_4  (cost=0.00..331321.00 rows=8002500 width=12)
                                                                     ->  Append-only Columnar Scan on store_sales_1_prt_68 store_sales_1_prt_68_4  (cost=0.00..1.00 rows=1 width=12)
                                                                     ->  Append-only Columnar Scan on store_sales_1_prt_69 store_sales_1_prt_69_4  (cost=0.00..1.00 rows=1 width=12)
                                                                     ->  Append-only Columnar Scan on store_sales_1_prt_70 store_sales_1_prt_70_4  (cost=0.00..1.00 rows=1 width=12)
                                                                     ->  Append-only Columnar Scan on store_sales_1_prt_71 store_sales_1_prt_71_4  (cost=0.00..1.00 rows=1 width=12)
                                                                     ->  Append-only Columnar Scan on store_sales_1_prt_72 store_sales_1_prt_72_4  (cost=0.00..1.00 rows=1 width=12)
                                                                     ->  Append-only Columnar Scan on store_sales_1_prt_73 store_sales_1_prt_73_4  (cost=0.00..1.00 rows=1 width=12)
                                                                     ->  Append-only Columnar Scan on store_sales_1_prt_74 store_sales_1_prt_74_4  (cost=0.00..1.00 rows=1 width=12)
                                                                     ->  Append-only Columnar Scan on store_sales_1_prt_75 store_sales_1_prt_75_4  (cost=0.00..1.00 rows=1 width=12)
                                                                     ->  Append-only Columnar Scan on store_sales_1_prt_76 store_sales_1_prt_76_4  (cost=0.00..1.00 rows=1 width=12)
                                                                     ->  Append-only Columnar Scan on store_sales_1_prt_77 store_sales_1_prt_77_4  (cost=0.00..1.00 rows=1 width=12)
                                                                     ->  Append-only Columnar Scan on store_sales_1_prt_78 store_sales_1_prt_78_4  (cost=0.00..1.00 rows=1 width=12)
                                                                     ->  Append-only Columnar Scan on store_sales_1_prt_79 store_sales_1_prt_79_4  (cost=0.00..1.00 rows=1 width=12)
                                                                     ->  Append-only Columnar Scan on store_sales_1_prt_80 store_sales_1_prt_80_4  (cost=0.00..1.00 rows=1 width=12)
                                                               ->  Hash  (cost=1750.54..1750.54 rows=2489 width=4)
                                                                     ->  Broadcast Motion 3:3  (slice17; segments: 3)  (cost=0.00..1750.54 rows=2489 width=4)
                                                                           ->  Seq Scan on time_dim time_dim_4  (cost=0.00..1651.00 rows=830 width=4)
                                                                                 Filter: ((t_minute >= 30) AND (t_hour = 10))
                                                         ->  Hash  (cost=49.57..49.57 rows=127 width=4)
                                                               ->  Broadcast Motion 3:3  (slice18; segments: 3)  (cost=0.00..49.57 rows=127 width=4)
                                                                     ->  Seq Scan on store store_4  (cost=0.00..44.52 rows=43 width=4)
                                                                           Filter: ((s_store_name)::text = 'ese'::text)
                                                   ->  Hash  (cost=283.69..283.69 rows=1793 width=4)
                                                         ->  Broadcast Motion 3:3  (slice19; segments: 3)  (cost=0.00..283.69 rows=1793 width=4)
                                                               ->  Seq Scan on household_demographics household_demographics_4  (cost=0.00..212.00 rows=598 width=4)
                                                                     Filter: (((hd_dep_count = 3) AND (hd_vehicle_count <= 5)) OR ((hd_dep_count = 0) AND (hd_vehicle_count <= 2)) OR ((hd_dep_count = 1) AND (hd_vehicle_count <= 3)))
               ->  Materialize  (cost=58260014.62..58260014.64 rows=1 width=8)
                     ->  Aggregate  (cost=58260014.62..58260014.63 rows=1 width=8)
                           ->  Gather Motion 3:1  (slice24; segments: 3)  (cost=58260014.55..58260014.60 rows=1 width=8)
                                 ->  Aggregate  (cost=58260014.55..58260014.56 rows=1 width=8)
                                       ->  Hash Join  (cost=2251.75..58259192.94 rows=109550 width=0)
                                             Hash Cond: (store_sales_1_prt_outliers_5.ss_hdemo_sk = household_demographics_5.hd_demo_sk)
                                             ->  Hash Join  (cost=1900.85..58239029.74 rows=881377 width=4)
                                                   Hash Cond: (store_sales_1_prt_outliers_5.ss_store_sk = store_5.s_store_sk)
                                                   ->  Hash Join  (cost=1846.56..57948640.51 rows=14074328 width=8)
                                                         Hash Cond: (store_sales_1_prt_outliers_5.ss_sold_time_sk = time_dim_5.t_time_sk)
                                                         ->  Append  (cost=0.00..39524635.96 rows=959996170 width=12)
                                                               ->  Append-only Columnar Scan on store_sales_1_prt_outliers store_sales_1_prt_outliers_5  (cost=0.00..1568615.00 rows=43200334 width=12)
                                                               ->  Append-only Columnar Scan on store_sales_1_prt_2 store_sales_1_prt_2_5  (cost=0.00..324595.00 rows=7840134 width=12)
                                                               ->  Append-only Columnar Scan on store_sales_1_prt_3 store_sales_1_prt_3_5  (cost=0.00..336211.00 rows=8120800 width=12)
                                                               ->  Append-only Columnar Scan on store_sales_1_prt_4 store_sales_1_prt_4_5  (cost=0.00..324382.00 rows=7834967 width=12)
                                                               ->  Append-only Columnar Scan on store_sales_1_prt_5 store_sales_1_prt_5_5  (cost=0.00..336381.00 rows=8124734 width=12)
                                                               ->  Append-only Columnar Scan on store_sales_1_prt_6 store_sales_1_prt_6_5  (cost=0.00..336417.00 rows=8125800 width=12)
                                                               ->  Append-only Columnar Scan on store_sales_1_prt_7 store_sales_1_prt_7_5  (cost=0.00..336453.00 rows=8126567 width=12)
                                                               ->  Append-only Columnar Scan on store_sales_1_prt_8 store_sales_1_prt_8_5  (cost=0.00..336058.00 rows=8116967 width=12)
                                                               ->  Append-only Columnar Scan on store_sales_1_prt_9 store_sales_1_prt_9_5  (cost=0.00..489738.00 rows=11829267 width=12)
                                                               ->  Append-only Columnar Scan on store_sales_1_prt_10 store_sales_1_prt_10_5  (cost=0.00..765474.00 rows=18489534 width=12)
                                                               ->  Append-only Columnar Scan on store_sales_1_prt_11 store_sales_1_prt_11_5  (cost=0.00..766278.00 rows=18508900 width=12)
                                                               ->  Append-only Columnar Scan on store_sales_1_prt_12 store_sales_1_prt_12_5  (cost=0.00..793967.00 rows=19177700 width=12)
                                                               ->  Append-only Columnar Scan on store_sales_1_prt_13 store_sales_1_prt_13_5  (cost=0.00..1159820.00 rows=28014600 width=12)
                                                               ->  Append-only Columnar Scan on store_sales_1_prt_14 store_sales_1_prt_14_5  (cost=0.00..1160753.00 rows=28037334 width=12)
                                                               ->  Append-only Columnar Scan on store_sales_1_prt_15 store_sales_1_prt_15_5  (cost=0.00..436710.00 rows=10548367 width=12)
                                                               ->  Append-only Columnar Scan on store_sales_1_prt_16 store_sales_1_prt_16_5  (cost=0.00..336477.00 rows=8127134 width=12)
                                                               ->  Append-only Columnar Scan on store_sales_1_prt_17 store_sales_1_prt_17_5  (cost=0.00..324706.00 rows=7842834 width=12)
                                                               ->  Append-only Columnar Scan on store_sales_1_prt_18 store_sales_1_prt_18_5  (cost=0.00..336587.00 rows=8129867 width=12)
                                                               ->  Append-only Columnar Scan on store_sales_1_prt_19 store_sales_1_prt_19_5  (cost=0.00..336153.00 rows=8119367 width=12)
                                                               ->  Append-only Columnar Scan on store_sales_1_prt_20 store_sales_1_prt_20_5  (cost=0.00..336736.00 rows=8133367 width=12)
                                                               ->  Append-only Columnar Scan on store_sales_1_prt_21 store_sales_1_prt_21_5  (cost=0.00..336190.00 rows=8120200 width=12)
                                                               ->  Append-only Columnar Scan on store_sales_1_prt_22 store_sales_1_prt_22_5  (cost=0.00..474334.00 rows=11457100 width=12)
                                                               ->  Append-only Columnar Scan on store_sales_1_prt_23 store_sales_1_prt_23_5  (cost=0.00..766084.00 rows=18504234 width=12)
                                                               ->  Append-only Columnar Scan on store_sales_1_prt_24 store_sales_1_prt_24_5  (cost=0.00..765781.00 rows=18496900 width=12)
                                                               ->  Append-only Columnar Scan on store_sales_1_prt_25 store_sales_1_prt_25_5  (cost=0.00..779443.00 rows=18826834 width=12)
                                                               ->  Append-only Columnar Scan on store_sales_1_prt_26 store_sales_1_prt_26_5  (cost=0.00..1160832.00 rows=28039467 width=12)
                                                               ->  Append-only Columnar Scan on store_sales_1_prt_27 store_sales_1_prt_27_5  (cost=0.00..1160090.00 rows=28021400 width=12)
                                                               ->  Append-only Columnar Scan on store_sales_1_prt_28 store_sales_1_prt_28_5  (cost=0.00..465893.00 rows=11253134 width=12)
                                                               ->  Append-only Columnar Scan on store_sales_1_prt_29 store_sales_1_prt_29_5  (cost=0.00..335914.00 rows=8113600 width=12)
                                                               ->  Append-only Columnar Scan on store_sales_1_prt_30 store_sales_1_prt_30_5  (cost=0.00..336186.00 rows=8120167 width=12)
                                                               ->  Append-only Columnar Scan on store_sales_1_prt_31 store_sales_1_prt_31_5  (cost=0.00..336014.00 rows=8115934 width=12)
                                                               ->  Append-only Columnar Scan on store_sales_1_prt_32 store_sales_1_prt_32_5  (cost=0.00..335918.00 rows=8113667 width=12)
                                                               ->  Append-only Columnar Scan on store_sales_1_prt_33 store_sales_1_prt_33_5  (cost=0.00..336069.00 rows=8117334 width=12)
                                                               ->  Append-only Columnar Scan on store_sales_1_prt_34 store_sales_1_prt_34_5  (cost=0.00..335472.00 rows=8102900 width=12)
                                                               ->  Append-only Columnar Scan on store_sales_1_prt_35 store_sales_1_prt_35_5  (cost=0.00..457985.00 rows=11062100 width=12)
                                                               ->  Append-only Columnar Scan on store_sales_1_prt_36 store_sales_1_prt_36_5  (cost=0.00..764679.00 rows=18470400 width=12)
                                                               ->  Append-only Columnar Scan on store_sales_1_prt_37 store_sales_1_prt_37_5  (cost=0.00..764030.00 rows=18454700 width=12)
                                                               ->  Append-only Columnar Scan on store_sales_1_prt_38 store_sales_1_prt_38_5  (cost=0.00..764484.00 rows=18465634 width=12)
                                                               ->  Append-only Columnar Scan on store_sales_1_prt_39 store_sales_1_prt_39_5  (cost=0.00..1158198.04 rows=27975568 width=12)
                                                               ->  Append-only Columnar Scan on store_sales_1_prt_40 store_sales_1_prt_40_5  (cost=0.00..1158199.04 rows=27975968 width=12)
                                                               ->  Append-only Columnar Scan on store_sales_1_prt_41 store_sales_1_prt_41_5  (cost=0.00..483138.00 rows=11669800 width=12)
                                                               ->  Append-only Columnar Scan on store_sales_1_prt_42 store_sales_1_prt_42_5  (cost=0.00..336559.00 rows=8129100 width=12)
                                                               ->  Append-only Columnar Scan on store_sales_1_prt_43 store_sales_1_prt_43_5  (cost=0.00..324602.00 rows=7840367 width=12)
                                                               ->  Append-only Columnar Scan on store_sales_1_prt_44 store_sales_1_prt_44_5  (cost=0.00..336209.00 rows=8120567 width=12)
                                                               ->  Append-only Columnar Scan on store_sales_1_prt_45 store_sales_1_prt_45_5  (cost=0.00..336313.00 rows=8123267 width=12)
                                                               ->  Append-only Columnar Scan on store_sales_1_prt_46 store_sales_1_prt_46_5  (cost=0.00..336621.00 rows=8130734 width=12)
                                                               ->  Append-only Columnar Scan on store_sales_1_prt_47 store_sales_1_prt_47_5  (cost=0.00..335906.00 rows=8113400 width=12)
                                                               ->  Append-only Columnar Scan on store_sales_1_prt_48 store_sales_1_prt_48_5  (cost=0.00..428657.00 rows=10353800 width=12)
                                                               ->  Append-only Columnar Scan on store_sales_1_prt_49 store_sales_1_prt_49_5  (cost=0.00..766560.00 rows=18515734 width=12)
                                                               ->  Append-only Columnar Scan on store_sales_1_prt_50 store_sales_1_prt_50_5  (cost=0.00..766167.00 rows=18506234 width=12)
                                                               ->  Append-only Columnar Scan on store_sales_1_prt_51 store_sales_1_prt_51_5  (cost=0.00..766196.00 rows=18506900 width=12)
                                                               ->  Append-only Columnar Scan on store_sales_1_prt_52 store_sales_1_prt_52_5  (cost=0.00..1130938.00 rows=27317200 width=12)
                                                               ->  Append-only Columnar Scan on store_sales_1_prt_53 store_sales_1_prt_53_5  (cost=0.00..1160637.96 rows=28034566 width=12)
                                                               ->  Append-only Columnar Scan on store_sales_1_prt_54 store_sales_1_prt_54_5  (cost=0.00..555225.00 rows=13411000 width=12)
                                                               ->  Append-only Columnar Scan on store_sales_1_prt_55 store_sales_1_prt_55_5  (cost=0.00..336782.00 rows=8134567 width=12)
                                                               ->  Append-only Columnar Scan on store_sales_1_prt_56 store_sales_1_prt_56_5  (cost=0.00..324454.00 rows=7836734 width=12)
                                                               ->  Append-only Columnar Scan on store_sales_1_prt_57 store_sales_1_prt_57_5  (cost=0.00..336546.00 rows=8128867 width=12)
                                                               ->  Append-only Columnar Scan on store_sales_1_prt_58 store_sales_1_prt_58_5  (cost=0.00..336207.00 rows=8120667 width=12)
                                                               ->  Append-only Columnar Scan on store_sales_1_prt_59 store_sales_1_prt_59_5  (cost=0.00..336578.00 rows=8129534 width=12)
                                                               ->  Append-only Columnar Scan on store_sales_1_prt_60 store_sales_1_prt_60_5  (cost=0.00..336468.00 rows=8127067 width=12)
                                                               ->  Append-only Columnar Scan on store_sales_1_prt_61 store_sales_1_prt_61_5  (cost=0.00..412992.00 rows=9975467 width=12)
                                                               ->  Append-only Columnar Scan on store_sales_1_prt_62 store_sales_1_prt_62_5  (cost=0.00..765709.00 rows=18495234 width=12)
                                                               ->  Append-only Columnar Scan on store_sales_1_prt_63 store_sales_1_prt_63_5  (cost=0.00..766176.00 rows=18506500 width=12)
                                                               ->  Append-only Columnar Scan on store_sales_1_prt_64 store_sales_1_prt_64_5  (cost=0.00..766142.00 rows=18505834 width=12)
                                                               ->  Append-only Columnar Scan on store_sales_1_prt_65 store_sales_1_prt_65_5  (cost=0.00..1117566.96 rows=26994166 width=12)
                                                               ->  Append-only Columnar Scan on store_sales_1_prt_66 store_sales_1_prt_66_5  (cost=0.00..1159645.96 rows=28010566 width=12)
                                                               ->  Append-only Columnar Scan on store_sales_1_prt_67 store_sales_1_prt_67_5  (cost=0.00..331321.00 rows=8002500 width=12)
                                                               ->  Append-only Columnar Scan on store_sales_1_prt_68 store_sales_1_prt_68_5  (cost=0.00..1.00 rows=1 width=12)
                                                               ->  Append-only Columnar Scan on store_sales_1_prt_69 store_sales_1_prt_69_5  (cost=0.00..1.00 rows=1 width=12)
                                                               ->  Append-only Columnar Scan on store_sales_1_prt_70 store_sales_1_prt_70_5  (cost=0.00..1.00 rows=1 width=12)
                                                               ->  Append-only Columnar Scan on store_sales_1_prt_71 store_sales_1_prt_71_5  (cost=0.00..1.00 rows=1 width=12)
                                                               ->  Append-only Columnar Scan on store_sales_1_prt_72 store_sales_1_prt_72_5  (cost=0.00..1.00 rows=1 width=12)
                                                               ->  Append-only Columnar Scan on store_sales_1_prt_73 store_sales_1_prt_73_5  (cost=0.00..1.00 rows=1 width=12)
                                                               ->  Append-only Columnar Scan on store_sales_1_prt_74 store_sales_1_prt_74_5  (cost=0.00..1.00 rows=1 width=12)
                                                               ->  Append-only Columnar Scan on store_sales_1_prt_75 store_sales_1_prt_75_5  (cost=0.00..1.00 rows=1 width=12)
                                                               ->  Append-only Columnar Scan on store_sales_1_prt_76 store_sales_1_prt_76_5  (cost=0.00..1.00 rows=1 width=12)
                                                               ->  Append-only Columnar Scan on store_sales_1_prt_77 store_sales_1_prt_77_5  (cost=0.00..1.00 rows=1 width=12)
                                                               ->  Append-only Columnar Scan on store_sales_1_prt_78 store_sales_1_prt_78_5  (cost=0.00..1.00 rows=1 width=12)
                                                               ->  Append-only Columnar Scan on store_sales_1_prt_79 store_sales_1_prt_79_5  (cost=0.00..1.00 rows=1 width=12)
                                                               ->  Append-only Columnar Scan on store_sales_1_prt_80 store_sales_1_prt_80_5  (cost=0.00..1.00 rows=1 width=12)
                                                         ->  Hash  (cost=1751.93..1751.93 rows=2524 width=4)
                                                               ->  Broadcast Motion 3:3  (slice21; segments: 3)  (cost=0.00..1751.93 rows=2524 width=4)
                                                                     ->  Seq Scan on time_dim time_dim_5  (cost=0.00..1651.00 rows=842 width=4)
                                                                           Filter: ((t_minute < 30) AND (t_hour = 11))
                                                   ->  Hash  (cost=49.57..49.57 rows=127 width=4)
                                                         ->  Broadcast Motion 3:3  (slice22; segments: 3)  (cost=0.00..49.57 rows=127 width=4)
                                                               ->  Seq Scan on store store_5  (cost=0.00..44.52 rows=43 width=4)
                                                                     Filter: ((s_store_name)::text = 'ese'::text)
                                             ->  Hash  (cost=283.69..283.69 rows=1793 width=4)
                                                   ->  Broadcast Motion 3:3  (slice23; segments: 3)  (cost=0.00..283.69 rows=1793 width=4)
                                                         ->  Seq Scan on household_demographics household_demographics_5  (cost=0.00..212.00 rows=598 width=4)
                                                               Filter: (((hd_dep_count = 3) AND (hd_vehicle_count <= 5)) OR ((hd_dep_count = 0) AND (hd_vehicle_count <= 2)) OR ((hd_dep_count = 1) AND (hd_vehicle_count <= 3)))
         ->  Materialize  (cost=58262316.17..58262316.20 rows=1 width=8)
               ->  Aggregate  (cost=58262316.17..58262316.18 rows=1 width=8)
                     ->  Gather Motion 3:1  (slice28; segments: 3)  (cost=58262316.11..58262316.16 rows=1 width=8)
                           ->  Aggregate  (cost=58262316.11..58262316.12 rows=1 width=8)
                                 ->  Hash Join  (cost=2252.36..58261491.91 rows=109893 width=0)
                                       Hash Cond: (store_sales_1_prt_outliers_6.ss_hdemo_sk = household_demographics_6.hd_demo_sk)
                                       ->  Hash Join  (cost=1901.46..58241266.54 rows=884143 width=4)
                                             Hash Cond: (store_sales_1_prt_outliers_6.ss_store_sk = store_6.s_store_sk)
                                             ->  Hash Join  (cost=1847.17..57949966.18 rows=14118496 width=8)
                                                   Hash Cond: (store_sales_1_prt_outliers_6.ss_sold_time_sk = time_dim_6.t_time_sk)
                                                   ->  Append  (cost=0.00..39524635.96 rows=959996170 width=12)
                                                         ->  Append-only Columnar Scan on store_sales_1_prt_outliers store_sales_1_prt_outliers_6  (cost=0.00..1568615.00 rows=43200334 width=12)
                                                         ->  Append-only Columnar Scan on store_sales_1_prt_2 store_sales_1_prt_2_6  (cost=0.00..324595.00 rows=7840134 width=12)
                                                         ->  Append-only Columnar Scan on store_sales_1_prt_3 store_sales_1_prt_3_6  (cost=0.00..336211.00 rows=8120800 width=12)
                                                         ->  Append-only Columnar Scan on store_sales_1_prt_4 store_sales_1_prt_4_6  (cost=0.00..324382.00 rows=7834967 width=12)
                                                         ->  Append-only Columnar Scan on store_sales_1_prt_5 store_sales_1_prt_5_6  (cost=0.00..336381.00 rows=8124734 width=12)
                                                         ->  Append-only Columnar Scan on store_sales_1_prt_6 store_sales_1_prt_6_6  (cost=0.00..336417.00 rows=8125800 width=12)
                                                         ->  Append-only Columnar Scan on store_sales_1_prt_7 store_sales_1_prt_7_6  (cost=0.00..336453.00 rows=8126567 width=12)
                                                         ->  Append-only Columnar Scan on store_sales_1_prt_8 store_sales_1_prt_8_6  (cost=0.00..336058.00 rows=8116967 width=12)
                                                         ->  Append-only Columnar Scan on store_sales_1_prt_9 store_sales_1_prt_9_6  (cost=0.00..489738.00 rows=11829267 width=12)
                                                         ->  Append-only Columnar Scan on store_sales_1_prt_10 store_sales_1_prt_10_6  (cost=0.00..765474.00 rows=18489534 width=12)
                                                         ->  Append-only Columnar Scan on store_sales_1_prt_11 store_sales_1_prt_11_6  (cost=0.00..766278.00 rows=18508900 width=12)
                                                         ->  Append-only Columnar Scan on store_sales_1_prt_12 store_sales_1_prt_12_6  (cost=0.00..793967.00 rows=19177700 width=12)
                                                         ->  Append-only Columnar Scan on store_sales_1_prt_13 store_sales_1_prt_13_6  (cost=0.00..1159820.00 rows=28014600 width=12)
                                                         ->  Append-only Columnar Scan on store_sales_1_prt_14 store_sales_1_prt_14_6  (cost=0.00..1160753.00 rows=28037334 width=12)
                                                         ->  Append-only Columnar Scan on store_sales_1_prt_15 store_sales_1_prt_15_6  (cost=0.00..436710.00 rows=10548367 width=12)
                                                         ->  Append-only Columnar Scan on store_sales_1_prt_16 store_sales_1_prt_16_6  (cost=0.00..336477.00 rows=8127134 width=12)
                                                         ->  Append-only Columnar Scan on store_sales_1_prt_17 store_sales_1_prt_17_6  (cost=0.00..324706.00 rows=7842834 width=12)
                                                         ->  Append-only Columnar Scan on store_sales_1_prt_18 store_sales_1_prt_18_6  (cost=0.00..336587.00 rows=8129867 width=12)
                                                         ->  Append-only Columnar Scan on store_sales_1_prt_19 store_sales_1_prt_19_6  (cost=0.00..336153.00 rows=8119367 width=12)
                                                         ->  Append-only Columnar Scan on store_sales_1_prt_20 store_sales_1_prt_20_6  (cost=0.00..336736.00 rows=8133367 width=12)
                                                         ->  Append-only Columnar Scan on store_sales_1_prt_21 store_sales_1_prt_21_6  (cost=0.00..336190.00 rows=8120200 width=12)
                                                         ->  Append-only Columnar Scan on store_sales_1_prt_22 store_sales_1_prt_22_6  (cost=0.00..474334.00 rows=11457100 width=12)
                                                         ->  Append-only Columnar Scan on store_sales_1_prt_23 store_sales_1_prt_23_6  (cost=0.00..766084.00 rows=18504234 width=12)
                                                         ->  Append-only Columnar Scan on store_sales_1_prt_24 store_sales_1_prt_24_6  (cost=0.00..765781.00 rows=18496900 width=12)
                                                         ->  Append-only Columnar Scan on store_sales_1_prt_25 store_sales_1_prt_25_6  (cost=0.00..779443.00 rows=18826834 width=12)
                                                         ->  Append-only Columnar Scan on store_sales_1_prt_26 store_sales_1_prt_26_6  (cost=0.00..1160832.00 rows=28039467 width=12)
                                                         ->  Append-only Columnar Scan on store_sales_1_prt_27 store_sales_1_prt_27_6  (cost=0.00..1160090.00 rows=28021400 width=12)
                                                         ->  Append-only Columnar Scan on store_sales_1_prt_28 store_sales_1_prt_28_6  (cost=0.00..465893.00 rows=11253134 width=12)
                                                         ->  Append-only Columnar Scan on store_sales_1_prt_29 store_sales_1_prt_29_6  (cost=0.00..335914.00 rows=8113600 width=12)
                                                         ->  Append-only Columnar Scan on store_sales_1_prt_30 store_sales_1_prt_30_6  (cost=0.00..336186.00 rows=8120167 width=12)
                                                         ->  Append-only Columnar Scan on store_sales_1_prt_31 store_sales_1_prt_31_6  (cost=0.00..336014.00 rows=8115934 width=12)
                                                         ->  Append-only Columnar Scan on store_sales_1_prt_32 store_sales_1_prt_32_6  (cost=0.00..335918.00 rows=8113667 width=12)
                                                         ->  Append-only Columnar Scan on store_sales_1_prt_33 store_sales_1_prt_33_6  (cost=0.00..336069.00 rows=8117334 width=12)
                                                         ->  Append-only Columnar Scan on store_sales_1_prt_34 store_sales_1_prt_34_6  (cost=0.00..335472.00 rows=8102900 width=12)
                                                         ->  Append-only Columnar Scan on store_sales_1_prt_35 store_sales_1_prt_35_6  (cost=0.00..457985.00 rows=11062100 width=12)
                                                         ->  Append-only Columnar Scan on store_sales_1_prt_36 store_sales_1_prt_36_6  (cost=0.00..764679.00 rows=18470400 width=12)
                                                         ->  Append-only Columnar Scan on store_sales_1_prt_37 store_sales_1_prt_37_6  (cost=0.00..764030.00 rows=18454700 width=12)
                                                         ->  Append-only Columnar Scan on store_sales_1_prt_38 store_sales_1_prt_38_6  (cost=0.00..764484.00 rows=18465634 width=12)
                                                         ->  Append-only Columnar Scan on store_sales_1_prt_39 store_sales_1_prt_39_6  (cost=0.00..1158198.04 rows=27975568 width=12)
                                                         ->  Append-only Columnar Scan on store_sales_1_prt_40 store_sales_1_prt_40_6  (cost=0.00..1158199.04 rows=27975968 width=12)
                                                         ->  Append-only Columnar Scan on store_sales_1_prt_41 store_sales_1_prt_41_6  (cost=0.00..483138.00 rows=11669800 width=12)
                                                         ->  Append-only Columnar Scan on store_sales_1_prt_42 store_sales_1_prt_42_6  (cost=0.00..336559.00 rows=8129100 width=12)
                                                         ->  Append-only Columnar Scan on store_sales_1_prt_43 store_sales_1_prt_43_6  (cost=0.00..324602.00 rows=7840367 width=12)
                                                         ->  Append-only Columnar Scan on store_sales_1_prt_44 store_sales_1_prt_44_6  (cost=0.00..336209.00 rows=8120567 width=12)
                                                         ->  Append-only Columnar Scan on store_sales_1_prt_45 store_sales_1_prt_45_6  (cost=0.00..336313.00 rows=8123267 width=12)
                                                         ->  Append-only Columnar Scan on store_sales_1_prt_46 store_sales_1_prt_46_6  (cost=0.00..336621.00 rows=8130734 width=12)
                                                         ->  Append-only Columnar Scan on store_sales_1_prt_47 store_sales_1_prt_47_6  (cost=0.00..335906.00 rows=8113400 width=12)
                                                         ->  Append-only Columnar Scan on store_sales_1_prt_48 store_sales_1_prt_48_6  (cost=0.00..428657.00 rows=10353800 width=12)
                                                         ->  Append-only Columnar Scan on store_sales_1_prt_49 store_sales_1_prt_49_6  (cost=0.00..766560.00 rows=18515734 width=12)
                                                         ->  Append-only Columnar Scan on store_sales_1_prt_50 store_sales_1_prt_50_6  (cost=0.00..766167.00 rows=18506234 width=12)
                                                         ->  Append-only Columnar Scan on store_sales_1_prt_51 store_sales_1_prt_51_6  (cost=0.00..766196.00 rows=18506900 width=12)
                                                         ->  Append-only Columnar Scan on store_sales_1_prt_52 store_sales_1_prt_52_6  (cost=0.00..1130938.00 rows=27317200 width=12)
                                                         ->  Append-only Columnar Scan on store_sales_1_prt_53 store_sales_1_prt_53_6  (cost=0.00..1160637.96 rows=28034566 width=12)
                                                         ->  Append-only Columnar Scan on store_sales_1_prt_54 store_sales_1_prt_54_6  (cost=0.00..555225.00 rows=13411000 width=12)
                                                         ->  Append-only Columnar Scan on store_sales_1_prt_55 store_sales_1_prt_55_6  (cost=0.00..336782.00 rows=8134567 width=12)
                                                         ->  Append-only Columnar Scan on store_sales_1_prt_56 store_sales_1_prt_56_6  (cost=0.00..324454.00 rows=7836734 width=12)
                                                         ->  Append-only Columnar Scan on store_sales_1_prt_57 store_sales_1_prt_57_6  (cost=0.00..336546.00 rows=8128867 width=12)
                                                         ->  Append-only Columnar Scan on store_sales_1_prt_58 store_sales_1_prt_58_6  (cost=0.00..336207.00 rows=8120667 width=12)
                                                         ->  Append-only Columnar Scan on store_sales_1_prt_59 store_sales_1_prt_59_6  (cost=0.00..336578.00 rows=8129534 width=12)
                                                         ->  Append-only Columnar Scan on store_sales_1_prt_60 store_sales_1_prt_60_6  (cost=0.00..336468.00 rows=8127067 width=12)
                                                         ->  Append-only Columnar Scan on store_sales_1_prt_61 store_sales_1_prt_61_6  (cost=0.00..412992.00 rows=9975467 width=12)
                                                         ->  Append-only Columnar Scan on store_sales_1_prt_62 store_sales_1_prt_62_6  (cost=0.00..765709.00 rows=18495234 width=12)
                                                         ->  Append-only Columnar Scan on store_sales_1_prt_63 store_sales_1_prt_63_6  (cost=0.00..766176.00 rows=18506500 width=12)
                                                         ->  Append-only Columnar Scan on store_sales_1_prt_64 store_sales_1_prt_64_6  (cost=0.00..766142.00 rows=18505834 width=12)
                                                         ->  Append-only Columnar Scan on store_sales_1_prt_65 store_sales_1_prt_65_6  (cost=0.00..1117566.96 rows=26994166 width=12)
                                                         ->  Append-only Columnar Scan on store_sales_1_prt_66 store_sales_1_prt_66_6  (cost=0.00..1159645.96 rows=28010566 width=12)
                                                         ->  Append-only Columnar Scan on store_sales_1_prt_67 store_sales_1_prt_67_6  (cost=0.00..331321.00 rows=8002500 width=12)
                                                         ->  Append-only Columnar Scan on store_sales_1_prt_68 store_sales_1_prt_68_6  (cost=0.00..1.00 rows=1 width=12)
                                                         ->  Append-only Columnar Scan on store_sales_1_prt_69 store_sales_1_prt_69_6  (cost=0.00..1.00 rows=1 width=12)
                                                         ->  Append-only Columnar Scan on store_sales_1_prt_70 store_sales_1_prt_70_6  (cost=0.00..1.00 rows=1 width=12)
                                                         ->  Append-only Columnar Scan on store_sales_1_prt_71 store_sales_1_prt_71_6  (cost=0.00..1.00 rows=1 width=12)
                                                         ->  Append-only Columnar Scan on store_sales_1_prt_72 store_sales_1_prt_72_6  (cost=0.00..1.00 rows=1 width=12)
                                                         ->  Append-only Columnar Scan on store_sales_1_prt_73 store_sales_1_prt_73_6  (cost=0.00..1.00 rows=1 width=12)
                                                         ->  Append-only Columnar Scan on store_sales_1_prt_74 store_sales_1_prt_74_6  (cost=0.00..1.00 rows=1 width=12)
                                                         ->  Append-only Columnar Scan on store_sales_1_prt_75 store_sales_1_prt_75_6  (cost=0.00..1.00 rows=1 width=12)
                                                         ->  Append-only Columnar Scan on store_sales_1_prt_76 store_sales_1_prt_76_6  (cost=0.00..1.00 rows=1 width=12)
                                                         ->  Append-only Columnar Scan on store_sales_1_prt_77 store_sales_1_prt_77_6  (cost=0.00..1.00 rows=1 width=12)
                                                         ->  Append-only Columnar Scan on store_sales_1_prt_78 store_sales_1_prt_78_6  (cost=0.00..1.00 rows=1 width=12)
                                                         ->  Append-only Columnar Scan on store_sales_1_prt_79 store_sales_1_prt_79_6  (cost=0.00..1.00 rows=1 width=12)
                                                         ->  Append-only Columnar Scan on store_sales_1_prt_80 store_sales_1_prt_80_6  (cost=0.00..1.00 rows=1 width=12)
                                                   ->  Hash  (cost=1752.25..1752.25 rows=2532 width=4)
                                                         ->  Broadcast Motion 3:3  (slice25; segments: 3)  (cost=0.00..1752.25 rows=2532 width=4)
                                                               ->  Seq Scan on time_dim time_dim_6  (cost=0.00..1651.00 rows=844 width=4)
                                                                     Filter: ((t_minute >= 30) AND (t_hour = 11))
                                             ->  Hash  (cost=49.57..49.57 rows=127 width=4)
                                                   ->  Broadcast Motion 3:3  (slice26; segments: 3)  (cost=0.00..49.57 rows=127 width=4)
                                                         ->  Seq Scan on store store_6  (cost=0.00..44.52 rows=43 width=4)
                                                               Filter: ((s_store_name)::text = 'ese'::text)
                                       ->  Hash  (cost=283.69..283.69 rows=1793 width=4)
                                             ->  Broadcast Motion 3:3  (slice27; segments: 3)  (cost=0.00..283.69 rows=1793 width=4)
                                                   ->  Seq Scan on household_demographics household_demographics_6  (cost=0.00..212.00 rows=598 width=4)
                                                         Filter: (((hd_dep_count = 3) AND (hd_vehicle_count <= 5)) OR ((hd_dep_count = 0) AND (hd_vehicle_count <= 2)) OR ((hd_dep_count = 1) AND (hd_vehicle_count <= 3)))
   ->  Materialize  (cost=58294880.65..58294880.67 rows=1 width=8)
         ->  Aggregate  (cost=58294880.65..58294880.66 rows=1 width=8)
               ->  Gather Motion 3:1  (slice32; segments: 3)  (cost=58294880.58..58294880.63 rows=1 width=8)
                     ->  Aggregate  (cost=58294880.58..58294880.59 rows=1 width=8)
                           ->  Hash Join  (cost=2261.05..58294019.90 rows=114758 width=0)
                                 Hash Cond: (store_sales_1_prt_outliers_7.ss_hdemo_sk = household_demographics_7.hd_demo_sk)
                                 ->  Hash Join  (cost=1910.14..58272914.82 rows=923278 width=4)
                                       Hash Cond: (store_sales_1_prt_outliers_7.ss_store_sk = store_7.s_store_sk)
                                       ->  Hash Join  (cost=1855.85..57968722.89 rows=14743430 width=8)
                                             Hash Cond: (store_sales_1_prt_outliers_7.ss_sold_time_sk = time_dim_7.t_time_sk)
                                             ->  Append  (cost=0.00..39524635.96 rows=959996170 width=12)
                                                   ->  Append-only Columnar Scan on store_sales_1_prt_outliers store_sales_1_prt_outliers_7  (cost=0.00..1568615.00 rows=43200334 width=12)
                                                   ->  Append-only Columnar Scan on store_sales_1_prt_2 store_sales_1_prt_2_7  (cost=0.00..324595.00 rows=7840134 width=12)
                                                   ->  Append-only Columnar Scan on store_sales_1_prt_3 store_sales_1_prt_3_7  (cost=0.00..336211.00 rows=8120800 width=12)
                                                   ->  Append-only Columnar Scan on store_sales_1_prt_4 store_sales_1_prt_4_7  (cost=0.00..324382.00 rows=7834967 width=12)
                                                   ->  Append-only Columnar Scan on store_sales_1_prt_5 store_sales_1_prt_5_7  (cost=0.00..336381.00 rows=8124734 width=12)
                                                   ->  Append-only Columnar Scan on store_sales_1_prt_6 store_sales_1_prt_6_7  (cost=0.00..336417.00 rows=8125800 width=12)
                                                   ->  Append-only Columnar Scan on store_sales_1_prt_7 store_sales_1_prt_7_7  (cost=0.00..336453.00 rows=8126567 width=12)
                                                   ->  Append-only Columnar Scan on store_sales_1_prt_8 store_sales_1_prt_8_7  (cost=0.00..336058.00 rows=8116967 width=12)
                                                   ->  Append-only Columnar Scan on store_sales_1_prt_9 store_sales_1_prt_9_7  (cost=0.00..489738.00 rows=11829267 width=12)
                                                   ->  Append-only Columnar Scan on store_sales_1_prt_10 store_sales_1_prt_10_7  (cost=0.00..765474.00 rows=18489534 width=12)
                                                   ->  Append-only Columnar Scan on store_sales_1_prt_11 store_sales_1_prt_11_7  (cost=0.00..766278.00 rows=18508900 width=12)
                                                   ->  Append-only Columnar Scan on store_sales_1_prt_12 store_sales_1_prt_12_7  (cost=0.00..793967.00 rows=19177700 width=12)
                                                   ->  Append-only Columnar Scan on store_sales_1_prt_13 store_sales_1_prt_13_7  (cost=0.00..1159820.00 rows=28014600 width=12)
                                                   ->  Append-only Columnar Scan on store_sales_1_prt_14 store_sales_1_prt_14_7  (cost=0.00..1160753.00 rows=28037334 width=12)
                                                   ->  Append-only Columnar Scan on store_sales_1_prt_15 store_sales_1_prt_15_7  (cost=0.00..436710.00 rows=10548367 width=12)
                                                   ->  Append-only Columnar Scan on store_sales_1_prt_16 store_sales_1_prt_16_7  (cost=0.00..336477.00 rows=8127134 width=12)
                                                   ->  Append-only Columnar Scan on store_sales_1_prt_17 store_sales_1_prt_17_7  (cost=0.00..324706.00 rows=7842834 width=12)
                                                   ->  Append-only Columnar Scan on store_sales_1_prt_18 store_sales_1_prt_18_7  (cost=0.00..336587.00 rows=8129867 width=12)
                                                   ->  Append-only Columnar Scan on store_sales_1_prt_19 store_sales_1_prt_19_7  (cost=0.00..336153.00 rows=8119367 width=12)
                                                   ->  Append-only Columnar Scan on store_sales_1_prt_20 store_sales_1_prt_20_7  (cost=0.00..336736.00 rows=8133367 width=12)
                                                   ->  Append-only Columnar Scan on store_sales_1_prt_21 store_sales_1_prt_21_7  (cost=0.00..336190.00 rows=8120200 width=12)
                                                   ->  Append-only Columnar Scan on store_sales_1_prt_22 store_sales_1_prt_22_7  (cost=0.00..474334.00 rows=11457100 width=12)
                                                   ->  Append-only Columnar Scan on store_sales_1_prt_23 store_sales_1_prt_23_7  (cost=0.00..766084.00 rows=18504234 width=12)
                                                   ->  Append-only Columnar Scan on store_sales_1_prt_24 store_sales_1_prt_24_7  (cost=0.00..765781.00 rows=18496900 width=12)
                                                   ->  Append-only Columnar Scan on store_sales_1_prt_25 store_sales_1_prt_25_7  (cost=0.00..779443.00 rows=18826834 width=12)
                                                   ->  Append-only Columnar Scan on store_sales_1_prt_26 store_sales_1_prt_26_7  (cost=0.00..1160832.00 rows=28039467 width=12)
                                                   ->  Append-only Columnar Scan on store_sales_1_prt_27 store_sales_1_prt_27_7  (cost=0.00..1160090.00 rows=28021400 width=12)
                                                   ->  Append-only Columnar Scan on store_sales_1_prt_28 store_sales_1_prt_28_7  (cost=0.00..465893.00 rows=11253134 width=12)
                                                   ->  Append-only Columnar Scan on store_sales_1_prt_29 store_sales_1_prt_29_7  (cost=0.00..335914.00 rows=8113600 width=12)
                                                   ->  Append-only Columnar Scan on store_sales_1_prt_30 store_sales_1_prt_30_7  (cost=0.00..336186.00 rows=8120167 width=12)
                                                   ->  Append-only Columnar Scan on store_sales_1_prt_31 store_sales_1_prt_31_7  (cost=0.00..336014.00 rows=8115934 width=12)
                                                   ->  Append-only Columnar Scan on store_sales_1_prt_32 store_sales_1_prt_32_7  (cost=0.00..335918.00 rows=8113667 width=12)
                                                   ->  Append-only Columnar Scan on store_sales_1_prt_33 store_sales_1_prt_33_7  (cost=0.00..336069.00 rows=8117334 width=12)
                                                   ->  Append-only Columnar Scan on store_sales_1_prt_34 store_sales_1_prt_34_7  (cost=0.00..335472.00 rows=8102900 width=12)
                                                   ->  Append-only Columnar Scan on store_sales_1_prt_35 store_sales_1_prt_35_7  (cost=0.00..457985.00 rows=11062100 width=12)
                                                   ->  Append-only Columnar Scan on store_sales_1_prt_36 store_sales_1_prt_36_7  (cost=0.00..764679.00 rows=18470400 width=12)
                                                   ->  Append-only Columnar Scan on store_sales_1_prt_37 store_sales_1_prt_37_7  (cost=0.00..764030.00 rows=18454700 width=12)
                                                   ->  Append-only Columnar Scan on store_sales_1_prt_38 store_sales_1_prt_38_7  (cost=0.00..764484.00 rows=18465634 width=12)
                                                   ->  Append-only Columnar Scan on store_sales_1_prt_39 store_sales_1_prt_39_7  (cost=0.00..1158198.04 rows=27975568 width=12)
                                                   ->  Append-only Columnar Scan on store_sales_1_prt_40 store_sales_1_prt_40_7  (cost=0.00..1158199.04 rows=27975968 width=12)
                                                   ->  Append-only Columnar Scan on store_sales_1_prt_41 store_sales_1_prt_41_7  (cost=0.00..483138.00 rows=11669800 width=12)
                                                   ->  Append-only Columnar Scan on store_sales_1_prt_42 store_sales_1_prt_42_7  (cost=0.00..336559.00 rows=8129100 width=12)
                                                   ->  Append-only Columnar Scan on store_sales_1_prt_43 store_sales_1_prt_43_7  (cost=0.00..324602.00 rows=7840367 width=12)
                                                   ->  Append-only Columnar Scan on store_sales_1_prt_44 store_sales_1_prt_44_7  (cost=0.00..336209.00 rows=8120567 width=12)
                                                   ->  Append-only Columnar Scan on store_sales_1_prt_45 store_sales_1_prt_45_7  (cost=0.00..336313.00 rows=8123267 width=12)
                                                   ->  Append-only Columnar Scan on store_sales_1_prt_46 store_sales_1_prt_46_7  (cost=0.00..336621.00 rows=8130734 width=12)
                                                   ->  Append-only Columnar Scan on store_sales_1_prt_47 store_sales_1_prt_47_7  (cost=0.00..335906.00 rows=8113400 width=12)
                                                   ->  Append-only Columnar Scan on store_sales_1_prt_48 store_sales_1_prt_48_7  (cost=0.00..428657.00 rows=10353800 width=12)
                                                   ->  Append-only Columnar Scan on store_sales_1_prt_49 store_sales_1_prt_49_7  (cost=0.00..766560.00 rows=18515734 width=12)
                                                   ->  Append-only Columnar Scan on store_sales_1_prt_50 store_sales_1_prt_50_7  (cost=0.00..766167.00 rows=18506234 width=12)
                                                   ->  Append-only Columnar Scan on store_sales_1_prt_51 store_sales_1_prt_51_7  (cost=0.00..766196.00 rows=18506900 width=12)
                                                   ->  Append-only Columnar Scan on store_sales_1_prt_52 store_sales_1_prt_52_7  (cost=0.00..1130938.00 rows=27317200 width=12)
                                                   ->  Append-only Columnar Scan on store_sales_1_prt_53 store_sales_1_prt_53_7  (cost=0.00..1160637.96 rows=28034566 width=12)
                                                   ->  Append-only Columnar Scan on store_sales_1_prt_54 store_sales_1_prt_54_7  (cost=0.00..555225.00 rows=13411000 width=12)
                                                   ->  Append-only Columnar Scan on store_sales_1_prt_55 store_sales_1_prt_55_7  (cost=0.00..336782.00 rows=8134567 width=12)
                                                   ->  Append-only Columnar Scan on store_sales_1_prt_56 store_sales_1_prt_56_7  (cost=0.00..324454.00 rows=7836734 width=12)
                                                   ->  Append-only Columnar Scan on store_sales_1_prt_57 store_sales_1_prt_57_7  (cost=0.00..336546.00 rows=8128867 width=12)
                                                   ->  Append-only Columnar Scan on store_sales_1_prt_58 store_sales_1_prt_58_7  (cost=0.00..336207.00 rows=8120667 width=12)
                                                   ->  Append-only Columnar Scan on store_sales_1_prt_59 store_sales_1_prt_59_7  (cost=0.00..336578.00 rows=8129534 width=12)
                                                   ->  Append-only Columnar Scan on store_sales_1_prt_60 store_sales_1_prt_60_7  (cost=0.00..336468.00 rows=8127067 width=12)
                                                   ->  Append-only Columnar Scan on store_sales_1_prt_61 store_sales_1_prt_61_7  (cost=0.00..412992.00 rows=9975467 width=12)
                                                   ->  Append-only Columnar Scan on store_sales_1_prt_62 store_sales_1_prt_62_7  (cost=0.00..765709.00 rows=18495234 width=12)
                                                   ->  Append-only Columnar Scan on store_sales_1_prt_63 store_sales_1_prt_63_7  (cost=0.00..766176.00 rows=18506500 width=12)
                                                   ->  Append-only Columnar Scan on store_sales_1_prt_64 store_sales_1_prt_64_7  (cost=0.00..766142.00 rows=18505834 width=12)
                                                   ->  Append-only Columnar Scan on store_sales_1_prt_65 store_sales_1_prt_65_7  (cost=0.00..1117566.96 rows=26994166 width=12)
                                                   ->  Append-only Columnar Scan on store_sales_1_prt_66 store_sales_1_prt_66_7  (cost=0.00..1159645.96 rows=28010566 width=12)
                                                   ->  Append-only Columnar Scan on store_sales_1_prt_67 store_sales_1_prt_67_7  (cost=0.00..331321.00 rows=8002500 width=12)
                                                   ->  Append-only Columnar Scan on store_sales_1_prt_68 store_sales_1_prt_68_7  (cost=0.00..1.00 rows=1 width=12)
                                                   ->  Append-only Columnar Scan on store_sales_1_prt_69 store_sales_1_prt_69_7  (cost=0.00..1.00 rows=1 width=12)
                                                   ->  Append-only Columnar Scan on store_sales_1_prt_70 store_sales_1_prt_70_7  (cost=0.00..1.00 rows=1 width=12)
                                                   ->  Append-only Columnar Scan on store_sales_1_prt_71 store_sales_1_prt_71_7  (cost=0.00..1.00 rows=1 width=12)
                                                   ->  Append-only Columnar Scan on store_sales_1_prt_72 store_sales_1_prt_72_7  (cost=0.00..1.00 rows=1 width=12)
                                                   ->  Append-only Columnar Scan on store_sales_1_prt_73 store_sales_1_prt_73_7  (cost=0.00..1.00 rows=1 width=12)
                                                   ->  Append-only Columnar Scan on store_sales_1_prt_74 store_sales_1_prt_74_7  (cost=0.00..1.00 rows=1 width=12)
                                                   ->  Append-only Columnar Scan on store_sales_1_prt_75 store_sales_1_prt_75_7  (cost=0.00..1.00 rows=1 width=12)
                                                   ->  Append-only Columnar Scan on store_sales_1_prt_76 store_sales_1_prt_76_7  (cost=0.00..1.00 rows=1 width=12)
                                                   ->  Append-only Columnar Scan on store_sales_1_prt_77 store_sales_1_prt_77_7  (cost=0.00..1.00 rows=1 width=12)
                                                   ->  Append-only Columnar Scan on store_sales_1_prt_78 store_sales_1_prt_78_7  (cost=0.00..1.00 rows=1 width=12)
                                                   ->  Append-only Columnar Scan on store_sales_1_prt_79 store_sales_1_prt_79_7  (cost=0.00..1.00 rows=1 width=12)
                                                   ->  Append-only Columnar Scan on store_sales_1_prt_80 store_sales_1_prt_80_7  (cost=0.00..1.00 rows=1 width=12)
                                             ->  Hash  (cost=1756.73..1756.73 rows=2644 width=4)
                                                   ->  Broadcast Motion 3:3  (slice29; segments: 3)  (cost=0.00..1756.73 rows=2644 width=4)
                                                         ->  Seq Scan on time_dim time_dim_7  (cost=0.00..1651.00 rows=882 width=4)
                                                               Filter: ((t_minute < 30) AND (t_hour = 12))
                                       ->  Hash  (cost=49.57..49.57 rows=127 width=4)
                                             ->  Broadcast Motion 3:3  (slice30; segments: 3)  (cost=0.00..49.57 rows=127 width=4)
                                                   ->  Seq Scan on store store_7  (cost=0.00..44.52 rows=43 width=4)
                                                         Filter: ((s_store_name)::text = 'ese'::text)
                                 ->  Hash  (cost=283.69..283.69 rows=1793 width=4)
                                       ->  Broadcast Motion 3:3  (slice31; segments: 3)  (cost=0.00..283.69 rows=1793 width=4)
                                             ->  Seq Scan on household_demographics household_demographics_7  (cost=0.00..212.00 rows=598 width=4)
                                                   Filter: (((hd_dep_count = 3) AND (hd_vehicle_count <= 5)) OR ((hd_dep_count = 0) AND (hd_vehicle_count <= 2)) OR ((hd_dep_count = 1) AND (hd_vehicle_count <= 3)))
 Planning time: 55.779 ms
 Optimizer: legacy query optimizer
(832 rows)

-- end query 1 in stream 0 using template query88.tpl
