-- start query 1 in stream 0 using template query91.tpl
explain
select  
        cc_call_center_id Call_Center,
        cc_name Call_Center_Name,
        cc_manager Manager,
        sum(cr_net_loss) Returns_Loss
from
        call_center,
        catalog_returns,
        date_dim,
        customer,
        customer_address,
        customer_demographics,
        household_demographics
where
        cr_call_center_sk       = cc_call_center_sk
and     cr_returned_date_sk     = d_date_sk
and     cr_returning_customer_sk= c_customer_sk
and     cd_demo_sk              = c_current_cdemo_sk
and     hd_demo_sk              = c_current_hdemo_sk
and     ca_address_sk           = c_current_addr_sk
and     d_year                  = 1999 
and     d_moy                   = 11
and     ( (cd_marital_status       = 'M' and cd_education_status     = 'Unknown')
        or(cd_marital_status       = 'W' and cd_education_status     = 'Advanced Degree'))
and     hd_buy_potential like '0-500%'
and     ca_gmt_offset           = -7
group by cc_call_center_id,cc_name,cc_manager,cd_marital_status,cd_education_status
order by sum(cr_net_loss) desc;
                                                                                                                                         QUERY PLAN                                                                                                                                         
--------------------------------------------------------------------------------------------------------------------------------------------------------------------------------------------------------------------------------------------------------------------------------------------
 Gather Motion 3:1  (slice8; segments: 3)  (cost=0.00..18473.51 rows=42 width=52)
   Merge Key: (pg_catalog.sum((sum(catalog_returns.cr_net_loss))))
   ->  Result  (cost=0.00..18473.50 rows=14 width=52)
         ->  Sort  (cost=0.00..18473.50 rows=14 width=52)
               Sort Key: (pg_catalog.sum((sum(catalog_returns.cr_net_loss))))
               ->  HashAggregate  (cost=0.00..18473.48 rows=14 width=52)
                     Group Key: call_center.cc_call_center_id, call_center.cc_name, call_center.cc_manager, customer_demographics.cd_marital_status, customer_demographics.cd_education_status
                     ->  Redistribute Motion 3:3  (slice7; segments: 3)  (cost=0.00..18473.47 rows=14 width=64)
                           Hash Key: call_center.cc_call_center_id, call_center.cc_name, call_center.cc_manager, customer_demographics.cd_marital_status, customer_demographics.cd_education_status
                           ->  Result  (cost=0.00..18473.47 rows=14 width=64)
                                 ->  HashAggregate  (cost=0.00..18473.47 rows=14 width=64)
                                       Group Key: call_center.cc_call_center_id, call_center.cc_name, call_center.cc_manager, customer_demographics.cd_marital_status, customer_demographics.cd_education_status
                                       ->  Hash Join  (cost=0.00..18473.22 rows=379 width=61)
                                             Hash Cond: (catalog_returns.cr_call_center_sk = call_center.cc_call_center_sk)
                                             ->  Redistribute Motion 3:3  (slice6; segments: 3)  (cost=0.00..18042.05 rows=388 width=21)
                                                   Hash Key: catalog_returns.cr_call_center_sk
                                                   ->  Hash Join  (cost=0.00..18042.02 rows=388 width=21)
                                                         Hash Cond: (catalog_returns.cr_returned_date_sk = date_dim.d_date_sk)
                                                         ->  Hash Join  (cost=0.00..17604.59 rows=15003 width=25)
                                                               Hash Cond: (catalog_returns.cr_returning_customer_sk = customer.c_customer_sk)
                                                               ->  Dynamic Table Scan on catalog_returns (dynamic scan id: 1)  (cost=0.00..3994.93 rows=47998998 width=17)
                                                               ->  Hash  (cost=3249.72..3249.72 rows=3751 width=16)
                                                                     ->  Broadcast Motion 3:3  (slice4; segments: 3)  (cost=0.00..3249.72 rows=3751 width=16)
                                                                           ->  Hash Join  (cost=0.00..3248.65 rows=1251 width=16)
                                                                                 Hash Cond: (customer_demographics.cd_demo_sk = customer.c_current_cdemo_sk)
                                                                                 ->  Table Scan on customer_demographics  (cost=0.00..499.64 rows=50815 width=16)
                                                                                       Filter: (((cd_marital_status = 'M'::bpchar) AND ((cd_education_status)::text = 'Unknown'::text)) OR ((cd_marital_status = 'W'::bpchar) AND ((cd_education_status)::text = 'Advanced Degree'::text)))
                                                                                 ->  Hash  (cost=2738.34..2738.34 rows=4489 width=8)
                                                                                       ->  Redistribute Motion 3:3  (slice3; segments: 3)  (cost=0.00..2738.34 rows=4489 width=8)
                                                                                             Hash Key: customer.c_current_cdemo_sk
                                                                                             ->  Hash Join  (cost=0.00..2738.23 rows=4489 width=8)
                                                                                                   Hash Cond: (customer.c_current_addr_sk = customer_address.ca_address_sk)
                                                                                                   ->  Redistribute Motion 3:3  (slice2; segments: 3)  (cost=0.00..2041.01 rows=28117 width=12)
                                                                                                         Hash Key: customer.c_current_addr_sk
                                                                                                         ->  Hash Join  (cost=0.00..2039.95 rows=28117 width=12)
                                                                                                               Hash Cond: (customer.c_current_hdemo_sk = household_demographics.hd_demo_sk)
                                                                                                               ->  Table Scan on customer  (cost=0.00..754.40 rows=3999967 width=16)
                                                                                                               ->  Hash  (cost=431.15..431.15 rows=51 width=4)
                                                                                                                     ->  Broadcast Motion 3:3  (slice1; segments: 3)  (cost=0.00..431.15 rows=51 width=4)
                                                                                                                           ->  Table Scan on household_demographics  (cost=0.00..431.15 rows=17 width=4)
                                                                                                                                 Filter: ((hd_buy_potential)::text ~~ '0-500%'::text)
                                                                                                   ->  Hash  (cost=651.14..651.14 rows=214177 width=4)
                                                                                                         ->  Table Scan on customer_address  (cost=0.00..651.14 rows=214177 width=4)
                                                                                                               Filter: (ca_gmt_offset = (-7)::numeric)
                                                         ->  Hash  (cost=100.00..100.00 rows=34 width=4)
                                                               ->  Partition Selector for catalog_returns (dynamic scan id: 1)  (cost=10.00..100.00 rows=34 width=4)
                                                                     ->  Broadcast Motion 3:3  (slice5; segments: 3)  (cost=0.00..434.56 rows=55 width=4)
                                                                           ->  Table Scan on date_dim  (cost=0.00..434.56 rows=19 width=4)
                                                                                 Filter: ((d_year = 1999) AND (d_moy = 11))
                                             ->  Hash  (cost=431.00..431.00 rows=14 width=48)
                                                   ->  Table Scan on call_center  (cost=0.00..431.00 rows=14 width=48)
 Planning time: 935.123 ms
 Optimizer: PQO version 3.8.0
(53 rows)

-- end query 1 in stream 0 using template query91.tpl
