-- start query 1 in stream 0 using template query92.tpl
explain
select  
   sum(ws_ext_discount_amt)  as "Excess Discount Amount" 
from 
    web_sales 
   ,item 
   ,date_dim
where
i_manufact_id = 269
and i_item_sk = ws_item_sk 
and d_date between '1998-03-18' and 
        (cast('1998-03-18' as date) + 90 )
and d_date_sk = ws_sold_date_sk 
and ws_ext_discount_amt  
     > ( 
         SELECT 
            1.3 * avg(ws_ext_discount_amt) 
         FROM 
            web_sales 
           ,date_dim
         WHERE 
              ws_item_sk = i_item_sk 
          and d_date between '1998-03-18' and
                             (cast('1998-03-18' as date) + 90 )
          and d_date_sk = ws_sold_date_sk 
      ) 
order by sum(ws_ext_discount_amt)
limit 100;
                                                                                                               QUERY PLAN                                                                                                               
----------------------------------------------------------------------------------------------------------------------------------------------------------------------------------------------------------------------------------------
 Limit  (cost=29947820.58..29947820.58 rows=1 width=32)
   ->  Sort  (cost=29947820.58..29947820.58 rows=1 width=32)
         Sort Key: (pg_catalog.sum((sum(web_sales_1_prt_outliers.ws_ext_discount_amt))))
         ->  Aggregate  (cost=29947820.56..29947820.57 rows=1 width=32)
               ->  Gather Motion 3:1  (slice5; segments: 3)  (cost=29947820.49..29947820.54 rows=1 width=32)
                     ->  Aggregate  (cost=29947820.49..29947820.50 rows=1 width=32)
                           ->  Hash Join  (cost=15675178.34..29947820.16 rows=45 width=6)
                                 Hash Cond: (web_sales_1_prt_outliers.ws_sold_date_sk = date_dim.d_date_sk)
                                 ->  Hash Join  (cost=15673719.31..29945712.01 rows=34549 width=10)
                                       Hash Cond: (web_sales_1_prt_outliers.ws_item_sk = item.i_item_sk)
                                       Join Filter: (web_sales_1_prt_outliers.ws_ext_discount_amt > "Expr_SUBQUERY".csq_c1)
                                       ->  Append  (cost=0.00..11136051.31 rows=240000015 width=14)
                                             ->  Result  (cost=0.00..2391.21 rows=59974 width=14)
                                                   One-Time Filter: PartSelected
                                                   ->  Append-only Columnar Scan on web_sales_1_prt_outliers  (cost=0.00..2391.21 rows=59974 width=14)
                                             ->  Result  (cost=0.00..94902.80 rows=2044794 width=14)
                                                   One-Time Filter: PartSelected
                                                   ->  Append-only Columnar Scan on web_sales_1_prt_2  (cost=0.00..94902.80 rows=2044794 width=14)
                                             ->  Result  (cost=0.00..98794.40 rows=2129180 width=14)
                                                   One-Time Filter: PartSelected
                                                   ->  Append-only Columnar Scan on web_sales_1_prt_3  (cost=0.00..98794.40 rows=2129180 width=14)
                                             ->  Result  (cost=0.00..95176.20 rows=2051340 width=14)
                                                   One-Time Filter: PartSelected
                                                   ->  Append-only Columnar Scan on web_sales_1_prt_4  (cost=0.00..95176.20 rows=2051340 width=14)
                                             ->  Result  (cost=0.00..98886.20 rows=2130874 width=14)
                                                   One-Time Filter: PartSelected
                                                   ->  Append-only Columnar Scan on web_sales_1_prt_5  (cost=0.00..98886.20 rows=2130874 width=14)
                                             ->  Result  (cost=0.00..98686.80 rows=2126394 width=14)
                                                   One-Time Filter: PartSelected
                                                   ->  Append-only Columnar Scan on web_sales_1_prt_6  (cost=0.00..98686.80 rows=2126394 width=14)
                                             ->  Result  (cost=0.00..98900.30 rows=2131144 width=14)
                                                   One-Time Filter: PartSelected
                                                   ->  Append-only Columnar Scan on web_sales_1_prt_7  (cost=0.00..98900.30 rows=2131144 width=14)
                                             ->  Result  (cost=0.00..98568.30 rows=2124144 width=14)
                                                   One-Time Filter: PartSelected
                                                   ->  Append-only Columnar Scan on web_sales_1_prt_8  (cost=0.00..98568.30 rows=2124144 width=14)
                                             ->  Result  (cost=0.00..143675.40 rows=3096280 width=14)
                                                   One-Time Filter: PartSelected
                                                   ->  Append-only Columnar Scan on web_sales_1_prt_9  (cost=0.00..143675.40 rows=3096280 width=14)
                                             ->  Result  (cost=0.00..224454.00 rows=4837567 width=14)
                                                   One-Time Filter: PartSelected
                                                   ->  Append-only Columnar Scan on web_sales_1_prt_10  (cost=0.00..224454.00 rows=4837567 width=14)
                                             ->  Result  (cost=0.00..224538.00 rows=4838600 width=14)
                                                   One-Time Filter: PartSelected
                                                   ->  Append-only Columnar Scan on web_sales_1_prt_11  (cost=0.00..224538.00 rows=4838600 width=14)
                                             ->  Result  (cost=0.00..232917.00 rows=5019700 width=14)
                                                   One-Time Filter: PartSelected
                                                   ->  Append-only Columnar Scan on web_sales_1_prt_12  (cost=0.00..232917.00 rows=5019700 width=14)
                                             ->  Result  (cost=0.00..340347.00 rows=7335234 width=14)
                                                   One-Time Filter: PartSelected
                                                   ->  Append-only Columnar Scan on web_sales_1_prt_13  (cost=0.00..340347.00 rows=7335234 width=14)
                                             ->  Result  (cost=0.00..339963.00 rows=7326700 width=14)
                                                   One-Time Filter: PartSelected
                                                   ->  Append-only Columnar Scan on web_sales_1_prt_14  (cost=0.00..339963.00 rows=7326700 width=14)
                                             ->  Result  (cost=0.00..128058.80 rows=2759894 width=14)
                                                   One-Time Filter: PartSelected
                                                   ->  Append-only Columnar Scan on web_sales_1_prt_15  (cost=0.00..128058.80 rows=2759894 width=14)
                                             ->  Result  (cost=0.00..98762.90 rows=2127930 width=14)
                                                   One-Time Filter: PartSelected
                                                   ->  Append-only Columnar Scan on web_sales_1_prt_16  (cost=0.00..98762.90 rows=2127930 width=14)
                                             ->  Result  (cost=0.00..95130.30 rows=2049977 width=14)
                                                   One-Time Filter: PartSelected
                                                   ->  Append-only Columnar Scan on web_sales_1_prt_17  (cost=0.00..95130.30 rows=2049977 width=14)
                                             ->  Result  (cost=0.00..98536.30 rows=2123477 width=14)
                                                   One-Time Filter: PartSelected
                                                   ->  Append-only Columnar Scan on web_sales_1_prt_18  (cost=0.00..98536.30 rows=2123477 width=14)
                                             ->  Result  (cost=0.00..98763.80 rows=2128160 width=14)
                                                   One-Time Filter: PartSelected
                                                   ->  Append-only Columnar Scan on web_sales_1_prt_19  (cost=0.00..98763.80 rows=2128160 width=14)
                                             ->  Result  (cost=0.00..98632.00 rows=2125534 width=14)
                                                   One-Time Filter: PartSelected
                                                   ->  Append-only Columnar Scan on web_sales_1_prt_20  (cost=0.00..98632.00 rows=2125534 width=14)
                                             ->  Result  (cost=0.00..98600.90 rows=2124597 width=14)
                                                   One-Time Filter: PartSelected
                                                   ->  Append-only Columnar Scan on web_sales_1_prt_21  (cost=0.00..98600.90 rows=2124597 width=14)
                                             ->  Result  (cost=0.00..139196.60 rows=2999954 width=14)
                                                   One-Time Filter: PartSelected
                                                   ->  Append-only Columnar Scan on web_sales_1_prt_22  (cost=0.00..139196.60 rows=2999954 width=14)
                                             ->  Result  (cost=0.00..224702.00 rows=4842300 width=14)
                                                   One-Time Filter: PartSelected
                                                   ->  Append-only Columnar Scan on web_sales_1_prt_23  (cost=0.00..224702.00 rows=4842300 width=14)
                                             ->  Result  (cost=0.00..224404.00 rows=4836067 width=14)
                                                   One-Time Filter: PartSelected
                                                   ->  Append-only Columnar Scan on web_sales_1_prt_24  (cost=0.00..224404.00 rows=4836067 width=14)
                                             ->  Result  (cost=0.00..228579.00 rows=4926567 width=14)
                                                   One-Time Filter: PartSelected
                                                   ->  Append-only Columnar Scan on web_sales_1_prt_25  (cost=0.00..228579.00 rows=4926567 width=14)
                                             ->  Result  (cost=0.00..340407.00 rows=7336234 width=14)
                                                   One-Time Filter: PartSelected
                                                   ->  Append-only Columnar Scan on web_sales_1_prt_26  (cost=0.00..340407.00 rows=7336234 width=14)
                                             ->  Result  (cost=0.00..339824.00 rows=7323934 width=14)
                                                   One-Time Filter: PartSelected
                                                   ->  Append-only Columnar Scan on web_sales_1_prt_27  (cost=0.00..339824.00 rows=7323934 width=14)
                                             ->  Result  (cost=0.00..136669.10 rows=2945270 width=14)
                                                   One-Time Filter: PartSelected
                                                   ->  Append-only Columnar Scan on web_sales_1_prt_28  (cost=0.00..136669.10 rows=2945270 width=14)
                                             ->  Result  (cost=0.00..98265.40 rows=2117680 width=14)
                                                   One-Time Filter: PartSelected
                                                   ->  Append-only Columnar Scan on web_sales_1_prt_29  (cost=0.00..98265.40 rows=2117680 width=14)
                                             ->  Result  (cost=0.00..98510.80 rows=2122894 width=14)
                                                   One-Time Filter: PartSelected
                                                   ->  Append-only Columnar Scan on web_sales_1_prt_30  (cost=0.00..98510.80 rows=2122894 width=14)
                                             ->  Result  (cost=0.00..98626.80 rows=2125460 width=14)
                                                   One-Time Filter: PartSelected
                                                   ->  Append-only Columnar Scan on web_sales_1_prt_31  (cost=0.00..98626.80 rows=2125460 width=14)
                                             ->  Result  (cost=0.00..98594.80 rows=2124860 width=14)
                                                   One-Time Filter: PartSelected
                                                   ->  Append-only Columnar Scan on web_sales_1_prt_32  (cost=0.00..98594.80 rows=2124860 width=14)
                                             ->  Result  (cost=0.00..98426.60 rows=2121220 width=14)
                                                   One-Time Filter: PartSelected
                                                   ->  Append-only Columnar Scan on web_sales_1_prt_33  (cost=0.00..98426.60 rows=2121220 width=14)
                                             ->  Result  (cost=0.00..98533.60 rows=2123320 width=14)
                                                   One-Time Filter: PartSelected
                                                   ->  Append-only Columnar Scan on web_sales_1_prt_34  (cost=0.00..98533.60 rows=2123320 width=14)
                                             ->  Result  (cost=0.00..134141.00 rows=2890900 width=14)
                                                   One-Time Filter: PartSelected
                                                   ->  Append-only Columnar Scan on web_sales_1_prt_35  (cost=0.00..134141.00 rows=2890900 width=14)
                                             ->  Result  (cost=0.00..224203.00 rows=4832167 width=14)
                                                   One-Time Filter: PartSelected
                                                   ->  Append-only Columnar Scan on web_sales_1_prt_36  (cost=0.00..224203.00 rows=4832167 width=14)
                                             ->  Result  (cost=0.00..224486.00 rows=4838100 width=14)
                                                   One-Time Filter: PartSelected
                                                   ->  Append-only Columnar Scan on web_sales_1_prt_37  (cost=0.00..224486.00 rows=4838100 width=14)
                                             ->  Result  (cost=0.00..224574.00 rows=4840000 width=14)
                                                   One-Time Filter: PartSelected
                                                   ->  Append-only Columnar Scan on web_sales_1_prt_38  (cost=0.00..224574.00 rows=4840000 width=14)
                                             ->  Result  (cost=0.00..339843.00 rows=7323734 width=14)
                                                   One-Time Filter: PartSelected
                                                   ->  Append-only Columnar Scan on web_sales_1_prt_39  (cost=0.00..339843.00 rows=7323734 width=14)
                                             ->  Result  (cost=0.00..339993.00 rows=7327400 width=14)
                                                   One-Time Filter: PartSelected
                                                   ->  Append-only Columnar Scan on web_sales_1_prt_40  (cost=0.00..339993.00 rows=7327400 width=14)
                                             ->  Result  (cost=0.00..141767.90 rows=3054930 width=14)
                                                   One-Time Filter: PartSelected
                                                   ->  Append-only Columnar Scan on web_sales_1_prt_41  (cost=0.00..141767.90 rows=3054930 width=14)
                                             ->  Result  (cost=0.00..98461.00 rows=2121867 width=14)
                                                   One-Time Filter: PartSelected
                                                   ->  Append-only Columnar Scan on web_sales_1_prt_42  (cost=0.00..98461.00 rows=2121867 width=14)
                                             ->  Result  (cost=0.00..95277.50 rows=2053050 width=14)
                                                   One-Time Filter: PartSelected
                                                   ->  Append-only Columnar Scan on web_sales_1_prt_43  (cost=0.00..95277.50 rows=2053050 width=14)
                                             ->  Result  (cost=0.00..98854.40 rows=2130480 width=14)
                                                   One-Time Filter: PartSelected
                                                   ->  Append-only Columnar Scan on web_sales_1_prt_44  (cost=0.00..98854.40 rows=2130480 width=14)
                                             ->  Result  (cost=0.00..98738.70 rows=2127790 width=14)
                                                   One-Time Filter: PartSelected
                                                   ->  Append-only Columnar Scan on web_sales_1_prt_45  (cost=0.00..98738.70 rows=2127790 width=14)
                                             ->  Result  (cost=0.00..98685.60 rows=2126654 width=14)
                                                   One-Time Filter: PartSelected
                                                   ->  Append-only Columnar Scan on web_sales_1_prt_46  (cost=0.00..98685.60 rows=2126654 width=14)
                                             ->  Result  (cost=0.00..98998.50 rows=2133217 width=14)
                                                   One-Time Filter: PartSelected
                                                   ->  Append-only Columnar Scan on web_sales_1_prt_47  (cost=0.00..98998.50 rows=2133217 width=14)
                                             ->  Result  (cost=0.00..125716.80 rows=2709260 width=14)
                                                   One-Time Filter: PartSelected
                                                   ->  Append-only Columnar Scan on web_sales_1_prt_48  (cost=0.00..125716.80 rows=2709260 width=14)
                                             ->  Result  (cost=0.00..224729.00 rows=4843367 width=14)
                                                   One-Time Filter: PartSelected
                                                   ->  Append-only Columnar Scan on web_sales_1_prt_49  (cost=0.00..224729.00 rows=4843367 width=14)
                                             ->  Result  (cost=0.00..224641.00 rows=4841034 width=14)
                                                   One-Time Filter: PartSelected
                                                   ->  Append-only Columnar Scan on web_sales_1_prt_50  (cost=0.00..224641.00 rows=4841034 width=14)
                                             ->  Result  (cost=0.00..224630.00 rows=4841267 width=14)
                                                   One-Time Filter: PartSelected
                                                   ->  Append-only Columnar Scan on web_sales_1_prt_51  (cost=0.00..224630.00 rows=4841267 width=14)
                                             ->  Result  (cost=0.00..332139.00 rows=7158600 width=14)
                                                   One-Time Filter: PartSelected
                                                   ->  Append-only Columnar Scan on web_sales_1_prt_52  (cost=0.00..332139.00 rows=7158600 width=14)
                                             ->  Result  (cost=0.00..340420.00 rows=7336634 width=14)
                                                   One-Time Filter: PartSelected
                                                   ->  Append-only Columnar Scan on web_sales_1_prt_53  (cost=0.00..340420.00 rows=7336634 width=14)
                                             ->  Result  (cost=0.00..162712.00 rows=3506534 width=14)
                                                   One-Time Filter: PartSelected
                                                   ->  Append-only Columnar Scan on web_sales_1_prt_54  (cost=0.00..162712.00 rows=3506534 width=14)
                                             ->  Result  (cost=0.00..98867.20 rows=2130440 width=14)
                                                   One-Time Filter: PartSelected
                                                   ->  Append-only Columnar Scan on web_sales_1_prt_55  (cost=0.00..98867.20 rows=2130440 width=14)
                                             ->  Result  (cost=0.00..95121.00 rows=2049967 width=14)
                                                   One-Time Filter: PartSelected
                                                   ->  Append-only Columnar Scan on web_sales_1_prt_56  (cost=0.00..95121.00 rows=2049967 width=14)
                                             ->  Result  (cost=0.00..98600.60 rows=2124820 width=14)
                                                   One-Time Filter: PartSelected
                                                   ->  Append-only Columnar Scan on web_sales_1_prt_57  (cost=0.00..98600.60 rows=2124820 width=14)
                                             ->  Result  (cost=0.00..98639.10 rows=2125604 width=14)
                                                   One-Time Filter: PartSelected
                                                   ->  Append-only Columnar Scan on web_sales_1_prt_58  (cost=0.00..98639.10 rows=2125604 width=14)
                                             ->  Result  (cost=0.00..98591.40 rows=2124880 width=14)
                                                   One-Time Filter: PartSelected
                                                   ->  Append-only Columnar Scan on web_sales_1_prt_59  (cost=0.00..98591.40 rows=2124880 width=14)
                                             ->  Result  (cost=0.00..98868.30 rows=2130610 width=14)
                                                   One-Time Filter: PartSelected
                                                   ->  Append-only Columnar Scan on web_sales_1_prt_60  (cost=0.00..98868.30 rows=2130610 width=14)
                                             ->  Result  (cost=0.00..121113.60 rows=2609954 width=14)
                                                   One-Time Filter: PartSelected
                                                   ->  Append-only Columnar Scan on web_sales_1_prt_61  (cost=0.00..121113.60 rows=2609954 width=14)
                                             ->  Result  (cost=0.00..224388.00 rows=4835634 width=14)
                                                   One-Time Filter: PartSelected
                                                   ->  Append-only Columnar Scan on web_sales_1_prt_62  (cost=0.00..224388.00 rows=4835634 width=14)
                                             ->  Result  (cost=0.00..224495.00 rows=4837834 width=14)
                                                   One-Time Filter: PartSelected
                                                   ->  Append-only Columnar Scan on web_sales_1_prt_63  (cost=0.00..224495.00 rows=4837834 width=14)
                                             ->  Result  (cost=0.00..224520.00 rows=4838767 width=14)
                                                   One-Time Filter: PartSelected
                                                   ->  Append-only Columnar Scan on web_sales_1_prt_64  (cost=0.00..224520.00 rows=4838767 width=14)
                                             ->  Result  (cost=0.00..328357.00 rows=7076767 width=14)
                                                   One-Time Filter: PartSelected
                                                   ->  Append-only Columnar Scan on web_sales_1_prt_65  (cost=0.00..328357.00 rows=7076767 width=14)
                                             ->  Result  (cost=0.00..340970.00 rows=7348567 width=14)
                                                   One-Time Filter: PartSelected
                                                   ->  Append-only Columnar Scan on web_sales_1_prt_66  (cost=0.00..340970.00 rows=7348567 width=14)
                                             ->  Result  (cost=0.00..97070.40 rows=2091947 width=14)
                                                   One-Time Filter: PartSelected
                                                   ->  Append-only Columnar Scan on web_sales_1_prt_67  (cost=0.00..97070.40 rows=2091947 width=14)
                                             ->  Result  (cost=0.00..1.00 rows=1 width=22)
                                                   One-Time Filter: PartSelected
                                                   ->  Append-only Columnar Scan on web_sales_1_prt_68  (cost=0.00..1.00 rows=1 width=22)
                                             ->  Result  (cost=0.00..1.00 rows=1 width=22)
                                                   One-Time Filter: PartSelected
                                                   ->  Append-only Columnar Scan on web_sales_1_prt_69  (cost=0.00..1.00 rows=1 width=22)
                                             ->  Result  (cost=0.00..1.00 rows=1 width=22)
                                                   One-Time Filter: PartSelected
                                                   ->  Append-only Columnar Scan on web_sales_1_prt_70  (cost=0.00..1.00 rows=1 width=22)
                                             ->  Result  (cost=0.00..1.00 rows=1 width=22)
                                                   One-Time Filter: PartSelected
                                                   ->  Append-only Columnar Scan on web_sales_1_prt_71  (cost=0.00..1.00 rows=1 width=22)
                                             ->  Result  (cost=0.00..1.00 rows=1 width=22)
                                                   One-Time Filter: PartSelected
                                                   ->  Append-only Columnar Scan on web_sales_1_prt_72  (cost=0.00..1.00 rows=1 width=22)
                                             ->  Result  (cost=0.00..1.00 rows=1 width=22)
                                                   One-Time Filter: PartSelected
                                                   ->  Append-only Columnar Scan on web_sales_1_prt_73  (cost=0.00..1.00 rows=1 width=22)
                                             ->  Result  (cost=0.00..1.00 rows=1 width=22)
                                                   One-Time Filter: PartSelected
                                                   ->  Append-only Columnar Scan on web_sales_1_prt_74  (cost=0.00..1.00 rows=1 width=22)
                                             ->  Result  (cost=0.00..1.00 rows=1 width=22)
                                                   One-Time Filter: PartSelected
                                                   ->  Append-only Columnar Scan on web_sales_1_prt_75  (cost=0.00..1.00 rows=1 width=22)
                                             ->  Result  (cost=0.00..1.00 rows=1 width=22)
                                                   One-Time Filter: PartSelected
                                                   ->  Append-only Columnar Scan on web_sales_1_prt_76  (cost=0.00..1.00 rows=1 width=22)
                                             ->  Result  (cost=0.00..1.00 rows=1 width=22)
                                                   One-Time Filter: PartSelected
                                                   ->  Append-only Columnar Scan on web_sales_1_prt_77  (cost=0.00..1.00 rows=1 width=22)
                                             ->  Result  (cost=0.00..1.00 rows=1 width=22)
                                                   One-Time Filter: PartSelected
                                                   ->  Append-only Columnar Scan on web_sales_1_prt_78  (cost=0.00..1.00 rows=1 width=22)
                                             ->  Result  (cost=0.00..1.00 rows=1 width=22)
                                                   One-Time Filter: PartSelected
                                                   ->  Append-only Columnar Scan on web_sales_1_prt_79  (cost=0.00..1.00 rows=1 width=22)
                                             ->  Result  (cost=0.00..1.00 rows=1 width=22)
                                                   One-Time Filter: PartSelected
                                                   ->  Append-only Columnar Scan on web_sales_1_prt_80  (cost=0.00..1.00 rows=1 width=22)
                                       ->  Hash  (cost=15673714.46..15673714.46 rows=130 width=40)
                                             ->  Broadcast Motion 3:3  (slice3; segments: 3)  (cost=15662143.79..15673714.46 rows=130 width=40)
                                                   ->  Hash Join  (cost=15662143.79..15673709.29 rows=44 width=40)
                                                         Hash Cond: (item.i_item_sk = "Expr_SUBQUERY".csq_c0)
                                                         ->  Seq Scan on item  (cost=0.00..6729.59 rows=88 width=4)
                                                               Filter: (i_manufact_id = 269)
                                                         ->  Hash  (cost=15660297.64..15660297.64 rows=49231 width=36)
                                                               ->  Subquery Scan on "Expr_SUBQUERY"  (cost=15656605.34..15660297.64 rows=49231 width=36)
                                                                     ->  HashAggregate  (cost=15656605.34..15658820.72 rows=49231 width=36)
                                                                           Group Key: web_sales_1_prt_outliers_1.ws_item_sk
                                                                           ->  Redistribute Motion 3:3  (slice2; segments: 3)  (cost=15651436.12..15654389.96 rows=49231 width=36)
                                                                                 Hash Key: web_sales_1_prt_outliers_1.ws_item_sk
                                                                                 ->  HashAggregate  (cost=15651436.12..15651436.12 rows=49231 width=36)
                                                                                       Group Key: web_sales_1_prt_outliers_1.ws_item_sk
                                                                                       ->  Hash Join  (cost=1459.03..15646794.29 rows=309456 width=10)
                                                                                             Hash Cond: (web_sales_1_prt_outliers_1.ws_sold_date_sk = date_dim_1.d_date_sk)
                                                                                             ->  Append  (cost=0.00..11136051.31 rows=240000015 width=14)
                                                                                                   ->  Result  (cost=0.00..2391.21 rows=59974 width=14)
                                                                                                         One-Time Filter: PartSelected
                                                                                                         ->  Append-only Columnar Scan on web_sales_1_prt_outliers web_sales_1_prt_outliers_1  (cost=0.00..2391.21 rows=59974 width=14)
                                                                                                   ->  Result  (cost=0.00..94902.80 rows=2044794 width=14)
                                                                                                         One-Time Filter: PartSelected
                                                                                                         ->  Append-only Columnar Scan on web_sales_1_prt_2 web_sales_1_prt_2_1  (cost=0.00..94902.80 rows=2044794 width=14)
                                                                                                   ->  Result  (cost=0.00..98794.40 rows=2129180 width=14)
                                                                                                         One-Time Filter: PartSelected
                                                                                                         ->  Append-only Columnar Scan on web_sales_1_prt_3 web_sales_1_prt_3_1  (cost=0.00..98794.40 rows=2129180 width=14)
                                                                                                   ->  Result  (cost=0.00..95176.20 rows=2051340 width=14)
                                                                                                         One-Time Filter: PartSelected
                                                                                                         ->  Append-only Columnar Scan on web_sales_1_prt_4 web_sales_1_prt_4_1  (cost=0.00..95176.20 rows=2051340 width=14)
                                                                                                   ->  Result  (cost=0.00..98886.20 rows=2130874 width=14)
                                                                                                         One-Time Filter: PartSelected
                                                                                                         ->  Append-only Columnar Scan on web_sales_1_prt_5 web_sales_1_prt_5_1  (cost=0.00..98886.20 rows=2130874 width=14)
                                                                                                   ->  Result  (cost=0.00..98686.80 rows=2126394 width=14)
                                                                                                         One-Time Filter: PartSelected
                                                                                                         ->  Append-only Columnar Scan on web_sales_1_prt_6 web_sales_1_prt_6_1  (cost=0.00..98686.80 rows=2126394 width=14)
                                                                                                   ->  Result  (cost=0.00..98900.30 rows=2131144 width=14)
                                                                                                         One-Time Filter: PartSelected
                                                                                                         ->  Append-only Columnar Scan on web_sales_1_prt_7 web_sales_1_prt_7_1  (cost=0.00..98900.30 rows=2131144 width=14)
                                                                                                   ->  Result  (cost=0.00..98568.30 rows=2124144 width=14)
                                                                                                         One-Time Filter: PartSelected
                                                                                                         ->  Append-only Columnar Scan on web_sales_1_prt_8 web_sales_1_prt_8_1  (cost=0.00..98568.30 rows=2124144 width=14)
                                                                                                   ->  Result  (cost=0.00..143675.40 rows=3096280 width=14)
                                                                                                         One-Time Filter: PartSelected
                                                                                                         ->  Append-only Columnar Scan on web_sales_1_prt_9 web_sales_1_prt_9_1  (cost=0.00..143675.40 rows=3096280 width=14)
                                                                                                   ->  Result  (cost=0.00..224454.00 rows=4837567 width=14)
                                                                                                         One-Time Filter: PartSelected
                                                                                                         ->  Append-only Columnar Scan on web_sales_1_prt_10 web_sales_1_prt_10_1  (cost=0.00..224454.00 rows=4837567 width=14)
                                                                                                   ->  Result  (cost=0.00..224538.00 rows=4838600 width=14)
                                                                                                         One-Time Filter: PartSelected
                                                                                                         ->  Append-only Columnar Scan on web_sales_1_prt_11 web_sales_1_prt_11_1  (cost=0.00..224538.00 rows=4838600 width=14)
                                                                                                   ->  Result  (cost=0.00..232917.00 rows=5019700 width=14)
                                                                                                         One-Time Filter: PartSelected
                                                                                                         ->  Append-only Columnar Scan on web_sales_1_prt_12 web_sales_1_prt_12_1  (cost=0.00..232917.00 rows=5019700 width=14)
                                                                                                   ->  Result  (cost=0.00..340347.00 rows=7335234 width=14)
                                                                                                         One-Time Filter: PartSelected
                                                                                                         ->  Append-only Columnar Scan on web_sales_1_prt_13 web_sales_1_prt_13_1  (cost=0.00..340347.00 rows=7335234 width=14)
                                                                                                   ->  Result  (cost=0.00..339963.00 rows=7326700 width=14)
                                                                                                         One-Time Filter: PartSelected
                                                                                                         ->  Append-only Columnar Scan on web_sales_1_prt_14 web_sales_1_prt_14_1  (cost=0.00..339963.00 rows=7326700 width=14)
                                                                                                   ->  Result  (cost=0.00..128058.80 rows=2759894 width=14)
                                                                                                         One-Time Filter: PartSelected
                                                                                                         ->  Append-only Columnar Scan on web_sales_1_prt_15 web_sales_1_prt_15_1  (cost=0.00..128058.80 rows=2759894 width=14)
                                                                                                   ->  Result  (cost=0.00..98762.90 rows=2127930 width=14)
                                                                                                         One-Time Filter: PartSelected
                                                                                                         ->  Append-only Columnar Scan on web_sales_1_prt_16 web_sales_1_prt_16_1  (cost=0.00..98762.90 rows=2127930 width=14)
                                                                                                   ->  Result  (cost=0.00..95130.30 rows=2049977 width=14)
                                                                                                         One-Time Filter: PartSelected
                                                                                                         ->  Append-only Columnar Scan on web_sales_1_prt_17 web_sales_1_prt_17_1  (cost=0.00..95130.30 rows=2049977 width=14)
                                                                                                   ->  Result  (cost=0.00..98536.30 rows=2123477 width=14)
                                                                                                         One-Time Filter: PartSelected
                                                                                                         ->  Append-only Columnar Scan on web_sales_1_prt_18 web_sales_1_prt_18_1  (cost=0.00..98536.30 rows=2123477 width=14)
                                                                                                   ->  Result  (cost=0.00..98763.80 rows=2128160 width=14)
                                                                                                         One-Time Filter: PartSelected
                                                                                                         ->  Append-only Columnar Scan on web_sales_1_prt_19 web_sales_1_prt_19_1  (cost=0.00..98763.80 rows=2128160 width=14)
                                                                                                   ->  Result  (cost=0.00..98632.00 rows=2125534 width=14)
                                                                                                         One-Time Filter: PartSelected
                                                                                                         ->  Append-only Columnar Scan on web_sales_1_prt_20 web_sales_1_prt_20_1  (cost=0.00..98632.00 rows=2125534 width=14)
                                                                                                   ->  Result  (cost=0.00..98600.90 rows=2124597 width=14)
                                                                                                         One-Time Filter: PartSelected
                                                                                                         ->  Append-only Columnar Scan on web_sales_1_prt_21 web_sales_1_prt_21_1  (cost=0.00..98600.90 rows=2124597 width=14)
                                                                                                   ->  Result  (cost=0.00..139196.60 rows=2999954 width=14)
                                                                                                         One-Time Filter: PartSelected
                                                                                                         ->  Append-only Columnar Scan on web_sales_1_prt_22 web_sales_1_prt_22_1  (cost=0.00..139196.60 rows=2999954 width=14)
                                                                                                   ->  Result  (cost=0.00..224702.00 rows=4842300 width=14)
                                                                                                         One-Time Filter: PartSelected
                                                                                                         ->  Append-only Columnar Scan on web_sales_1_prt_23 web_sales_1_prt_23_1  (cost=0.00..224702.00 rows=4842300 width=14)
                                                                                                   ->  Result  (cost=0.00..224404.00 rows=4836067 width=14)
                                                                                                         One-Time Filter: PartSelected
                                                                                                         ->  Append-only Columnar Scan on web_sales_1_prt_24 web_sales_1_prt_24_1  (cost=0.00..224404.00 rows=4836067 width=14)
                                                                                                   ->  Result  (cost=0.00..228579.00 rows=4926567 width=14)
                                                                                                         One-Time Filter: PartSelected
                                                                                                         ->  Append-only Columnar Scan on web_sales_1_prt_25 web_sales_1_prt_25_1  (cost=0.00..228579.00 rows=4926567 width=14)
                                                                                                   ->  Result  (cost=0.00..340407.00 rows=7336234 width=14)
                                                                                                         One-Time Filter: PartSelected
                                                                                                         ->  Append-only Columnar Scan on web_sales_1_prt_26 web_sales_1_prt_26_1  (cost=0.00..340407.00 rows=7336234 width=14)
                                                                                                   ->  Result  (cost=0.00..339824.00 rows=7323934 width=14)
                                                                                                         One-Time Filter: PartSelected
                                                                                                         ->  Append-only Columnar Scan on web_sales_1_prt_27 web_sales_1_prt_27_1  (cost=0.00..339824.00 rows=7323934 width=14)
                                                                                                   ->  Result  (cost=0.00..136669.10 rows=2945270 width=14)
                                                                                                         One-Time Filter: PartSelected
                                                                                                         ->  Append-only Columnar Scan on web_sales_1_prt_28 web_sales_1_prt_28_1  (cost=0.00..136669.10 rows=2945270 width=14)
                                                                                                   ->  Result  (cost=0.00..98265.40 rows=2117680 width=14)
                                                                                                         One-Time Filter: PartSelected
                                                                                                         ->  Append-only Columnar Scan on web_sales_1_prt_29 web_sales_1_prt_29_1  (cost=0.00..98265.40 rows=2117680 width=14)
                                                                                                   ->  Result  (cost=0.00..98510.80 rows=2122894 width=14)
                                                                                                         One-Time Filter: PartSelected
                                                                                                         ->  Append-only Columnar Scan on web_sales_1_prt_30 web_sales_1_prt_30_1  (cost=0.00..98510.80 rows=2122894 width=14)
                                                                                                   ->  Result  (cost=0.00..98626.80 rows=2125460 width=14)
                                                                                                         One-Time Filter: PartSelected
                                                                                                         ->  Append-only Columnar Scan on web_sales_1_prt_31 web_sales_1_prt_31_1  (cost=0.00..98626.80 rows=2125460 width=14)
                                                                                                   ->  Result  (cost=0.00..98594.80 rows=2124860 width=14)
                                                                                                         One-Time Filter: PartSelected
                                                                                                         ->  Append-only Columnar Scan on web_sales_1_prt_32 web_sales_1_prt_32_1  (cost=0.00..98594.80 rows=2124860 width=14)
                                                                                                   ->  Result  (cost=0.00..98426.60 rows=2121220 width=14)
                                                                                                         One-Time Filter: PartSelected
                                                                                                         ->  Append-only Columnar Scan on web_sales_1_prt_33 web_sales_1_prt_33_1  (cost=0.00..98426.60 rows=2121220 width=14)
                                                                                                   ->  Result  (cost=0.00..98533.60 rows=2123320 width=14)
                                                                                                         One-Time Filter: PartSelected
                                                                                                         ->  Append-only Columnar Scan on web_sales_1_prt_34 web_sales_1_prt_34_1  (cost=0.00..98533.60 rows=2123320 width=14)
                                                                                                   ->  Result  (cost=0.00..134141.00 rows=2890900 width=14)
                                                                                                         One-Time Filter: PartSelected
                                                                                                         ->  Append-only Columnar Scan on web_sales_1_prt_35 web_sales_1_prt_35_1  (cost=0.00..134141.00 rows=2890900 width=14)
                                                                                                   ->  Result  (cost=0.00..224203.00 rows=4832167 width=14)
                                                                                                         One-Time Filter: PartSelected
                                                                                                         ->  Append-only Columnar Scan on web_sales_1_prt_36 web_sales_1_prt_36_1  (cost=0.00..224203.00 rows=4832167 width=14)
                                                                                                   ->  Result  (cost=0.00..224486.00 rows=4838100 width=14)
                                                                                                         One-Time Filter: PartSelected
                                                                                                         ->  Append-only Columnar Scan on web_sales_1_prt_37 web_sales_1_prt_37_1  (cost=0.00..224486.00 rows=4838100 width=14)
                                                                                                   ->  Result  (cost=0.00..224574.00 rows=4840000 width=14)
                                                                                                         One-Time Filter: PartSelected
                                                                                                         ->  Append-only Columnar Scan on web_sales_1_prt_38 web_sales_1_prt_38_1  (cost=0.00..224574.00 rows=4840000 width=14)
                                                                                                   ->  Result  (cost=0.00..339843.00 rows=7323734 width=14)
                                                                                                         One-Time Filter: PartSelected
                                                                                                         ->  Append-only Columnar Scan on web_sales_1_prt_39 web_sales_1_prt_39_1  (cost=0.00..339843.00 rows=7323734 width=14)
                                                                                                   ->  Result  (cost=0.00..339993.00 rows=7327400 width=14)
                                                                                                         One-Time Filter: PartSelected
                                                                                                         ->  Append-only Columnar Scan on web_sales_1_prt_40 web_sales_1_prt_40_1  (cost=0.00..339993.00 rows=7327400 width=14)
                                                                                                   ->  Result  (cost=0.00..141767.90 rows=3054930 width=14)
                                                                                                         One-Time Filter: PartSelected
                                                                                                         ->  Append-only Columnar Scan on web_sales_1_prt_41 web_sales_1_prt_41_1  (cost=0.00..141767.90 rows=3054930 width=14)
                                                                                                   ->  Result  (cost=0.00..98461.00 rows=2121867 width=14)
                                                                                                         One-Time Filter: PartSelected
                                                                                                         ->  Append-only Columnar Scan on web_sales_1_prt_42 web_sales_1_prt_42_1  (cost=0.00..98461.00 rows=2121867 width=14)
                                                                                                   ->  Result  (cost=0.00..95277.50 rows=2053050 width=14)
                                                                                                         One-Time Filter: PartSelected
                                                                                                         ->  Append-only Columnar Scan on web_sales_1_prt_43 web_sales_1_prt_43_1  (cost=0.00..95277.50 rows=2053050 width=14)
                                                                                                   ->  Result  (cost=0.00..98854.40 rows=2130480 width=14)
                                                                                                         One-Time Filter: PartSelected
                                                                                                         ->  Append-only Columnar Scan on web_sales_1_prt_44 web_sales_1_prt_44_1  (cost=0.00..98854.40 rows=2130480 width=14)
                                                                                                   ->  Result  (cost=0.00..98738.70 rows=2127790 width=14)
                                                                                                         One-Time Filter: PartSelected
                                                                                                         ->  Append-only Columnar Scan on web_sales_1_prt_45 web_sales_1_prt_45_1  (cost=0.00..98738.70 rows=2127790 width=14)
                                                                                                   ->  Result  (cost=0.00..98685.60 rows=2126654 width=14)
                                                                                                         One-Time Filter: PartSelected
                                                                                                         ->  Append-only Columnar Scan on web_sales_1_prt_46 web_sales_1_prt_46_1  (cost=0.00..98685.60 rows=2126654 width=14)
                                                                                                   ->  Result  (cost=0.00..98998.50 rows=2133217 width=14)
                                                                                                         One-Time Filter: PartSelected
                                                                                                         ->  Append-only Columnar Scan on web_sales_1_prt_47 web_sales_1_prt_47_1  (cost=0.00..98998.50 rows=2133217 width=14)
                                                                                                   ->  Result  (cost=0.00..125716.80 rows=2709260 width=14)
                                                                                                         One-Time Filter: PartSelected
                                                                                                         ->  Append-only Columnar Scan on web_sales_1_prt_48 web_sales_1_prt_48_1  (cost=0.00..125716.80 rows=2709260 width=14)
                                                                                                   ->  Result  (cost=0.00..224729.00 rows=4843367 width=14)
                                                                                                         One-Time Filter: PartSelected
                                                                                                         ->  Append-only Columnar Scan on web_sales_1_prt_49 web_sales_1_prt_49_1  (cost=0.00..224729.00 rows=4843367 width=14)
                                                                                                   ->  Result  (cost=0.00..224641.00 rows=4841034 width=14)
                                                                                                         One-Time Filter: PartSelected
                                                                                                         ->  Append-only Columnar Scan on web_sales_1_prt_50 web_sales_1_prt_50_1  (cost=0.00..224641.00 rows=4841034 width=14)
                                                                                                   ->  Result  (cost=0.00..224630.00 rows=4841267 width=14)
                                                                                                         One-Time Filter: PartSelected
                                                                                                         ->  Append-only Columnar Scan on web_sales_1_prt_51 web_sales_1_prt_51_1  (cost=0.00..224630.00 rows=4841267 width=14)
                                                                                                   ->  Result  (cost=0.00..332139.00 rows=7158600 width=14)
                                                                                                         One-Time Filter: PartSelected
                                                                                                         ->  Append-only Columnar Scan on web_sales_1_prt_52 web_sales_1_prt_52_1  (cost=0.00..332139.00 rows=7158600 width=14)
                                                                                                   ->  Result  (cost=0.00..340420.00 rows=7336634 width=14)
                                                                                                         One-Time Filter: PartSelected
                                                                                                         ->  Append-only Columnar Scan on web_sales_1_prt_53 web_sales_1_prt_53_1  (cost=0.00..340420.00 rows=7336634 width=14)
                                                                                                   ->  Result  (cost=0.00..162712.00 rows=3506534 width=14)
                                                                                                         One-Time Filter: PartSelected
                                                                                                         ->  Append-only Columnar Scan on web_sales_1_prt_54 web_sales_1_prt_54_1  (cost=0.00..162712.00 rows=3506534 width=14)
                                                                                                   ->  Result  (cost=0.00..98867.20 rows=2130440 width=14)
                                                                                                         One-Time Filter: PartSelected
                                                                                                         ->  Append-only Columnar Scan on web_sales_1_prt_55 web_sales_1_prt_55_1  (cost=0.00..98867.20 rows=2130440 width=14)
                                                                                                   ->  Result  (cost=0.00..95121.00 rows=2049967 width=14)
                                                                                                         One-Time Filter: PartSelected
                                                                                                         ->  Append-only Columnar Scan on web_sales_1_prt_56 web_sales_1_prt_56_1  (cost=0.00..95121.00 rows=2049967 width=14)
                                                                                                   ->  Result  (cost=0.00..98600.60 rows=2124820 width=14)
                                                                                                         One-Time Filter: PartSelected
                                                                                                         ->  Append-only Columnar Scan on web_sales_1_prt_57 web_sales_1_prt_57_1  (cost=0.00..98600.60 rows=2124820 width=14)
                                                                                                   ->  Result  (cost=0.00..98639.10 rows=2125604 width=14)
                                                                                                         One-Time Filter: PartSelected
                                                                                                         ->  Append-only Columnar Scan on web_sales_1_prt_58 web_sales_1_prt_58_1  (cost=0.00..98639.10 rows=2125604 width=14)
                                                                                                   ->  Result  (cost=0.00..98591.40 rows=2124880 width=14)
                                                                                                         One-Time Filter: PartSelected
                                                                                                         ->  Append-only Columnar Scan on web_sales_1_prt_59 web_sales_1_prt_59_1  (cost=0.00..98591.40 rows=2124880 width=14)
                                                                                                   ->  Result  (cost=0.00..98868.30 rows=2130610 width=14)
                                                                                                         One-Time Filter: PartSelected
                                                                                                         ->  Append-only Columnar Scan on web_sales_1_prt_60 web_sales_1_prt_60_1  (cost=0.00..98868.30 rows=2130610 width=14)
                                                                                                   ->  Result  (cost=0.00..121113.60 rows=2609954 width=14)
                                                                                                         One-Time Filter: PartSelected
                                                                                                         ->  Append-only Columnar Scan on web_sales_1_prt_61 web_sales_1_prt_61_1  (cost=0.00..121113.60 rows=2609954 width=14)
                                                                                                   ->  Result  (cost=0.00..224388.00 rows=4835634 width=14)
                                                                                                         One-Time Filter: PartSelected
                                                                                                         ->  Append-only Columnar Scan on web_sales_1_prt_62 web_sales_1_prt_62_1  (cost=0.00..224388.00 rows=4835634 width=14)
                                                                                                   ->  Result  (cost=0.00..224495.00 rows=4837834 width=14)
                                                                                                         One-Time Filter: PartSelected
                                                                                                         ->  Append-only Columnar Scan on web_sales_1_prt_63 web_sales_1_prt_63_1  (cost=0.00..224495.00 rows=4837834 width=14)
                                                                                                   ->  Result  (cost=0.00..224520.00 rows=4838767 width=14)
                                                                                                         One-Time Filter: PartSelected
                                                                                                         ->  Append-only Columnar Scan on web_sales_1_prt_64 web_sales_1_prt_64_1  (cost=0.00..224520.00 rows=4838767 width=14)
                                                                                                   ->  Result  (cost=0.00..328357.00 rows=7076767 width=14)
                                                                                                         One-Time Filter: PartSelected
                                                                                                         ->  Append-only Columnar Scan on web_sales_1_prt_65 web_sales_1_prt_65_1  (cost=0.00..328357.00 rows=7076767 width=14)
                                                                                                   ->  Result  (cost=0.00..340970.00 rows=7348567 width=14)
                                                                                                         One-Time Filter: PartSelected
                                                                                                         ->  Append-only Columnar Scan on web_sales_1_prt_66 web_sales_1_prt_66_1  (cost=0.00..340970.00 rows=7348567 width=14)
                                                                                                   ->  Result  (cost=0.00..97070.40 rows=2091947 width=14)
                                                                                                         One-Time Filter: PartSelected
                                                                                                         ->  Append-only Columnar Scan on web_sales_1_prt_67 web_sales_1_prt_67_1  (cost=0.00..97070.40 rows=2091947 width=14)
                                                                                                   ->  Result  (cost=0.00..1.00 rows=1 width=22)
                                                                                                         One-Time Filter: PartSelected
                                                                                                         ->  Append-only Columnar Scan on web_sales_1_prt_68 web_sales_1_prt_68_1  (cost=0.00..1.00 rows=1 width=22)
                                                                                                   ->  Result  (cost=0.00..1.00 rows=1 width=22)
                                                                                                         One-Time Filter: PartSelected
                                                                                                         ->  Append-only Columnar Scan on web_sales_1_prt_69 web_sales_1_prt_69_1  (cost=0.00..1.00 rows=1 width=22)
                                                                                                   ->  Result  (cost=0.00..1.00 rows=1 width=22)
                                                                                                         One-Time Filter: PartSelected
                                                                                                         ->  Append-only Columnar Scan on web_sales_1_prt_70 web_sales_1_prt_70_1  (cost=0.00..1.00 rows=1 width=22)
                                                                                                   ->  Result  (cost=0.00..1.00 rows=1 width=22)
                                                                                                         One-Time Filter: PartSelected
                                                                                                         ->  Append-only Columnar Scan on web_sales_1_prt_71 web_sales_1_prt_71_1  (cost=0.00..1.00 rows=1 width=22)
                                                                                                   ->  Result  (cost=0.00..1.00 rows=1 width=22)
                                                                                                         One-Time Filter: PartSelected
                                                                                                         ->  Append-only Columnar Scan on web_sales_1_prt_72 web_sales_1_prt_72_1  (cost=0.00..1.00 rows=1 width=22)
                                                                                                   ->  Result  (cost=0.00..1.00 rows=1 width=22)
                                                                                                         One-Time Filter: PartSelected
                                                                                                         ->  Append-only Columnar Scan on web_sales_1_prt_73 web_sales_1_prt_73_1  (cost=0.00..1.00 rows=1 width=22)
                                                                                                   ->  Result  (cost=0.00..1.00 rows=1 width=22)
                                                                                                         One-Time Filter: PartSelected
                                                                                                         ->  Append-only Columnar Scan on web_sales_1_prt_74 web_sales_1_prt_74_1  (cost=0.00..1.00 rows=1 width=22)
                                                                                                   ->  Result  (cost=0.00..1.00 rows=1 width=22)
                                                                                                         One-Time Filter: PartSelected
                                                                                                         ->  Append-only Columnar Scan on web_sales_1_prt_75 web_sales_1_prt_75_1  (cost=0.00..1.00 rows=1 width=22)
                                                                                                   ->  Result  (cost=0.00..1.00 rows=1 width=22)
                                                                                                         One-Time Filter: PartSelected
                                                                                                         ->  Append-only Columnar Scan on web_sales_1_prt_76 web_sales_1_prt_76_1  (cost=0.00..1.00 rows=1 width=22)
                                                                                                   ->  Result  (cost=0.00..1.00 rows=1 width=22)
                                                                                                         One-Time Filter: PartSelected
                                                                                                         ->  Append-only Columnar Scan on web_sales_1_prt_77 web_sales_1_prt_77_1  (cost=0.00..1.00 rows=1 width=22)
                                                                                                   ->  Result  (cost=0.00..1.00 rows=1 width=22)
                                                                                                         One-Time Filter: PartSelected
                                                                                                         ->  Append-only Columnar Scan on web_sales_1_prt_78 web_sales_1_prt_78_1  (cost=0.00..1.00 rows=1 width=22)
                                                                                                   ->  Result  (cost=0.00..1.00 rows=1 width=22)
                                                                                                         One-Time Filter: PartSelected
                                                                                                         ->  Append-only Columnar Scan on web_sales_1_prt_79 web_sales_1_prt_79_1  (cost=0.00..1.00 rows=1 width=22)
                                                                                                   ->  Result  (cost=0.00..1.00 rows=1 width=22)
                                                                                                         One-Time Filter: PartSelected
                                                                                                         ->  Append-only Columnar Scan on web_sales_1_prt_80 web_sales_1_prt_80_1  (cost=0.00..1.00 rows=1 width=22)
                                                                                             ->  Hash  (cost=1455.50..1455.50 rows=95 width=4)
                                                                                                   ->  Partition Selector for web_sales (dynamic scan id: 1)  (cost=0.00..1455.50 rows=95 width=4)
                                                                                                         Filter: date_dim_1.d_date_sk
                                                                                                         ->  Broadcast Motion 3:3  (slice1; segments: 3)  (cost=0.00..1455.50 rows=95 width=4)
                                                                                                               ->  Seq Scan on date_dim date_dim_1  (cost=0.00..1451.73 rows=32 width=4)
                                                                                                                     Filter: ((d_date >= '03-18-1998'::date) AND (d_date <= '06-16-1998'::date))
                                 ->  Hash  (cost=1455.50..1455.50 rows=95 width=4)
                                       ->  Partition Selector for web_sales (dynamic scan id: 1)  (cost=0.00..1455.50 rows=95 width=4)
                                             Filter: date_dim.d_date_sk
                                             ->  Broadcast Motion 3:3  (slice4; segments: 3)  (cost=0.00..1455.50 rows=95 width=4)
                                                   ->  Seq Scan on date_dim  (cost=0.00..1451.73 rows=32 width=4)
                                                         Filter: ((d_date >= '03-18-1998'::date) AND (d_date <= '06-16-1998'::date))
 Planning time: 25.362 ms
 Optimizer: legacy query optimizer
(523 rows)

-- end query 1 in stream 0 using template query92.tpl
