--
-- BOOLEAN
--
create table gpd1 (c1 char(1), c2 numeric, c3 numeric) distributed by (c1);
insert into gpd1 values ('a', 1, 1);
insert into gpd1 values ('a', 1, 2);
insert into gpd1 values ('b', 2, 1);
insert into gpd1 values ('b', 1, 2);
insert into gpd1 values ('c', 3, 2);
insert into gpd1 values ('c', 2, 3);
insert into gpd1 values ('d', 4, 4);
insert into gpd1 values ('d', 4, 3);
--
-- ignore
--
select c1 from gpd1;
 c1 
----
 a
 a
 c
 c
 b
 b
 d
 d
(8 rows)

--
-- order 1, 2
--
select c1, c1, c2, c3 from gpd1 order by 1,2;
 c1 | c1 | c2 | c3 
----+----+----+----
 a  | a  |  1 |  1
 a  | a  |  1 |  2
 b  | b  |  2 |  1
 b  | b  |  1 |  2
 c  | c  |  3 |  2
 c  | c  |  2 |  3
 d  | d  |  4 |  4
 d  | d  |  4 |  3
(8 rows)

--
--
select c1, c1, c2, c3 from gpd1 order by 1,2,3,4; -- order 1, 2     , 3    , 4
 c1 | c1 | c2 | c3 
----+----+----+----
 a  | a  |  1 |  1
 a  | a  |  1 |  2
 b  | b  |  1 |  2
 b  | b  |  2 |  1
 c  | c  |  2 |  3
 c  | c  |  3 |  2
 d  | d  |  4 |  3
 d  | d  |  4 |  4
(8 rows)

--
-- ignore
-- order 1, 2
--
select c1, c1, c2, c3 from gpd1 order by 1,2;
 c1 | c1 | c2 | c3 
----+----+----+----
 a  | a  |  1 |  1
 a  | a  |  1 |  2
 b  | b  |  2 |  1
 b  | b  |  1 |  2
 c  | c  |  3 |  2
 c  | c  |  2 |  3
 d  | d  |  4 |  4
 d  | d  |  4 |  3
(8 rows)

--
--  mvd 2,3->1 ; 2,3->4,5
-- order 4
--
select c1, c2, c3, c1, c1, c2 from gpd1 order by 4;
 c1 | c2 | c3 | c1 | c1 | c2 
----+----+----+----+----+----
 a  |  1 |  1 | a  | a  |  1
 a  |  1 |  2 | a  | a  |  1
 b  |  2 |  1 | b  | b  |  2
 b  |  1 |  2 | b  | b  |  1
 c  |  3 |  2 | c  | c  |  3
 c  |  2 |  3 | c  | c  |  2
 d  |  4 |  4 | d  | d  |  4
 d  |  4 |  3 | d  | d  |  4
(8 rows)

--  Brian: the contents of column 1 are not determined by any other 
--  column -- the column "specifies itself"
--
--  mvd 1->1
--
select row_number() over (), c1, c2, c3 from gpd1;
 row_number | c1 | c2 | c3 
------------+----+----+----
          1 | a  |  1 |  1
          2 | a  |  1 |  2
          3 | c  |  3 |  2
          4 | c  |  2 |  3
          5 | b  |  2 |  1
          6 | b  |  1 |  2
          7 | d  |  4 |  4
          8 | d  |  4 |  3
(8 rows)

-- Brian: 1 specifies 2
--  
--
    select -- mvd 1 -> 2
        x,
        row_number() over (partition by x) as y,
        z 
    from (values (1,'A'),(1,'B'),(2,'C'),(2,'D')) r(x,z);
 x | y | z 
---+---+---
 1 | 1 | B
 1 | 2 | A
 2 | 1 | D
 2 | 2 | C
(4 rows)

-- start_ignore
--
-- whatever is here is ignored until we reach end_ignore
--
-- end_ignore
--
-- explain testing
--
set gp_segments_for_planner=4;
set optimizer_segments=4;
set gp_cost_hashjoin_chainwalk=on;
set optimizer_nestloop_factor = 1.0;
explain analyze select a.* from gpd1 as a, gpd1 as b where b.c1 in (select max(c1) from gpd1);
                                                                           QUERY PLAN                                                                           
----------------------------------------------------------------------------------------------------------------------------------------------------------------
 Hash Join  (cost=0.00..1724.00 rows=1 width=16)
   Hash Cond: public.gpd1.c1 = (max((max(public.gpd1.c1))))
   Rows out:  16 rows with 7.048 ms to first row, 9.413 ms to end, start offset by 17 ms.
   Executor memory:  1K bytes.
   Work_mem used:  1K bytes. Workfile: (0 spilling)
   Hash chain length 1.0 avg, 1 max, using 1 of 524288 buckets.
   ->  Gather Motion 3:1  (slice2; segments: 3)  (cost=0.00..1293.00 rows=1 width=18)
         Rows out:  64 rows at destination with 0.008 ms to first row, 0.031 ms to end, start offset by 24 ms.
         ->  Nested Loop  (cost=0.00..1293.00 rows=1 width=18)
               Join Filter: true
               Rows out:  Avg 21.3 rows x 3 workers.  Max 32 rows (seg2) with 2.628 ms to first row, 5.356 ms to end, start offset by 18 ms.
               ->  Broadcast Motion 3:3  (slice1; segments: 3)  (cost=0.00..431.00 rows=2 width=2)
                     Rows out:  Avg 8.0 rows x 3 workers at destination.  Max 8 rows (seg0) with 2.170 ms to first row, 4.659 ms to end, start offset by 18 ms.
                     ->  Table Scan on gpd1  (cost=0.00..431.00 rows=1 width=2)
                           Rows out:  Avg 2.7 rows x 3 workers.  Max 4 rows (seg2) with 1.337 ms to first row, 1.345 ms to end, start offset by 21 ms.
               ->  Table Scan on gpd1  (cost=0.00..431.00 rows=1 width=16)
                     Rows out:  Avg 22.3 rows x 3 workers.  Max 33 rows (seg2) with 0.036 ms to first row, 0.118 ms to end of 9 scans, start offset by 23 ms.
   ->  Hash  (cost=431.00..431.00 rows=1 width=8)
         Rows in:  1 rows with 0.077 ms to end, start offset by 24 ms.
         ->  Aggregate  (cost=0.00..431.00 rows=1 width=8)
               Rows out:  1 rows with 0.068 ms to end, start offset by 24 ms.
               Executor memory:  8K bytes.
               ->  Gather Motion 3:1  (slice3; segments: 3)  (cost=0.00..431.00 rows=1 width=8)
                     Rows out:  3 rows at destination with 0.017 ms to first row, 0.021 ms to end, start offset by 24 ms.
                     ->  Aggregate  (cost=0.00..431.00 rows=1 width=8)
                           Rows out:  Avg 1.0 rows x 3 workers.  Max 1 rows (seg0) with 1.273 ms to end, start offset by 21 ms.
                           Executor memory:  8K bytes avg, 8K bytes max (seg0).
                           ->  Table Scan on gpd1  (cost=0.00..431.00 rows=1 width=2)
                                 Rows out:  Avg 2.7 rows x 3 workers.  Max 4 rows (seg2) with 0.193 ms to first row, 0.201 ms to end, start offset by 23 ms.
 Slice statistics:
   (slice0)    Executor memory: 8451K bytes.  Work_mem: 1K bytes max.
   (slice1)    Executor memory: 167K bytes avg x 3 workers, 167K bytes max (seg0).
   (slice2)    Executor memory: 183K bytes avg x 3 workers, 183K bytes max (seg0).
   (slice3)    Executor memory: 175K bytes avg x 3 workers, 175K bytes max (seg0).
 Statement statistics:
   Memory used: 128000K bytes
 Settings:  gp_cost_hashjoin_chainwalk=on; gp_segments_for_planner=4; optimizer=on; optimizer_nestloop_factor=1; optimizer_segments=4
 Optimizer status: PQO version 2.48.1
 Total runtime: 26.687 ms
(39 rows)

explain select a.* from gpd1 as a, gpd1 as b where b.c1 in (select max(c1) from gpd1);
                                                              QUERY PLAN                                                              
--------------------------------------------------------------------------------------------------------------------------------------
 Hash Join  (cost=0.00..1724.00 rows=1 width=16)
   Hash Cond: public.gpd1.c1 = (max((max(public.gpd1.c1))))
   ->  Gather Motion 3:1  (slice2; segments: 3)  (cost=0.00..1293.00 rows=1 width=18)
         ->  Nested Loop  (cost=0.00..1293.00 rows=1 width=18)
               Join Filter: true
               ->  Broadcast Motion 3:3  (slice1; segments: 3)  (cost=0.00..431.00 rows=2 width=2)
                     ->  Table Scan on gpd1  (cost=0.00..431.00 rows=1 width=2)
               ->  Table Scan on gpd1  (cost=0.00..431.00 rows=1 width=16)
   ->  Hash  (cost=431.00..431.00 rows=1 width=8)
         ->  Aggregate  (cost=0.00..431.00 rows=1 width=8)
               ->  Gather Motion 3:1  (slice3; segments: 3)  (cost=0.00..431.00 rows=1 width=8)
                     ->  Aggregate  (cost=0.00..431.00 rows=1 width=8)
                           ->  Table Scan on gpd1  (cost=0.00..431.00 rows=1 width=2)
 Settings:  gp_cost_hashjoin_chainwalk=on; gp_segments_for_planner=4; optimizer=on; optimizer_segments=4
(15 rows)

select a.* from gpd1 as a, gpd1 as b where b.c1 in (select max(c1) from gpd1);
 c1 | c2 | c3 
----+----+----
 a  |  1 |  1
 a  |  1 |  1
 a  |  1 |  2
 a  |  1 |  2
 c  |  3 |  2
 c  |  3 |  2
 c  |  2 |  3
 c  |  2 |  3
 b  |  2 |  1
 b  |  2 |  1
 b  |  1 |  2
 b  |  1 |  2
 d  |  4 |  4
 d  |  4 |  4
 d  |  4 |  3
 d  |  4 |  3
(16 rows)

set gp_segments_for_planner=40;
set optimizer_segments=40;
set optimizer_nestloop_factor = 1.0;
explain select a.* from gpd1 as a, gpd1 as b where b.c1 in (select max(c1) from gpd1);
                                                               QUERY PLAN                                                               
----------------------------------------------------------------------------------------------------------------------------------------
 Gather Motion 3:1  (slice4; segments: 3)  (cost=0.00..1724.00 rows=1 width=16)
   ->  Hash Join  (cost=0.00..1724.00 rows=1 width=16)
         Hash Cond: public.gpd1.c1 = (max((max(public.gpd1.c1))))
         ->  Nested Loop  (cost=0.00..1293.00 rows=1 width=18)
               Join Filter: true
               ->  Table Scan on gpd1  (cost=0.00..431.00 rows=1 width=2)
               ->  Materialize  (cost=0.00..431.00 rows=14 width=16)
                     ->  Broadcast Motion 3:3  (slice1; segments: 3)  (cost=0.00..431.00 rows=14 width=16)
                           ->  Table Scan on gpd1  (cost=0.00..431.00 rows=1 width=16)
         ->  Hash  (cost=431.00..431.00 rows=14 width=8)
               ->  Broadcast Motion 1:3  (slice3)  (cost=0.00..431.00 rows=40 width=8)
                     ->  Aggregate  (cost=0.00..431.00 rows=1 width=8)
                           ->  Gather Motion 3:1  (slice2; segments: 3)  (cost=0.00..431.00 rows=1 width=8)
                                 ->  Aggregate  (cost=0.00..431.00 rows=1 width=8)
                                       ->  Table Scan on gpd1  (cost=0.00..431.00 rows=1 width=2)
 Settings:  gp_cost_hashjoin_chainwalk=on; gp_segments_for_planner=40; optimizer=on; optimizer_nestloop_factor=1; optimizer_segments=40
 Optimizer status: PQO version 2.48.1
(17 rows)

select a.* from gpd1 as a, gpd1 as b where b.c1 in (select max(c1) from gpd1);
 c1 | c2 | c3 
----+----+----
 b  |  2 |  1
 b  |  2 |  1
 b  |  1 |  2
 b  |  1 |  2
 d  |  4 |  4
 d  |  4 |  4
 d  |  4 |  3
 d  |  4 |  3
 a  |  1 |  1
 a  |  1 |  1
 a  |  1 |  2
 a  |  1 |  2
 c  |  3 |  2
 c  |  3 |  2
 c  |  2 |  3
 c  |  2 |  3
(16 rows)

explain analyze select a.* from gpd1 as a, gpd1 as b where b.c1 in (select max(c1) from gpd1);
                                                                                 QUERY PLAN                                                                                 
----------------------------------------------------------------------------------------------------------------------------------------------------------------------------
 Gather Motion 3:1  (slice4; segments: 3)  (cost=0.00..1724.00 rows=1 width=16)
   Rows out:  16 rows at destination with 3.252 ms to first row, 3.356 ms to end, start offset by 0.436 ms.
   ->  Hash Join  (cost=0.00..1724.00 rows=1 width=16)
         Hash Cond: public.gpd1.c1 = (max((max(public.gpd1.c1))))
         Rows out:  16 rows (seg2) with 2.055 ms to first row, 2.592 ms to end, start offset by 0.989 ms.
         Executor memory:  1K bytes avg, 1K bytes max (seg0).
         Work_mem used:  1K bytes avg, 1K bytes max (seg0). Workfile: (0 spilling)
         (seg2)   Hash chain length 1.0 avg, 1 max, using 1 of 262144 buckets.
         ->  Nested Loop  (cost=0.00..1293.00 rows=1 width=18)
               Join Filter: true
               Rows out:  Avg 21.3 rows x 3 workers.  Max 32 rows (seg2) with 0.815 ms to first row, 0.940 ms to end, start offset by 2.217 ms.
               ->  Table Scan on gpd1  (cost=0.00..431.00 rows=1 width=2)
                     Rows out:  Avg 2.7 rows x 3 workers.  Max 4 rows (seg2) with 0.012 ms to first row, 0.015 ms to end, start offset by 3.019 ms.
               ->  Materialize  (cost=0.00..431.00 rows=14 width=16)
                     Rows out:  Avg 22.3 rows x 3 workers.  Max 33 rows (seg2) with 0.800 ms to first row, 0.802 ms to end of 5 scans, start offset by 3.052 ms.
                     ->  Broadcast Motion 3:3  (slice1; segments: 3)  (cost=0.00..431.00 rows=14 width=16)
                           Rows out:  Avg 8.0 rows x 3 workers at destination.  Max 8 rows (seg0) with 0.009 ms to first row, 0.015 ms to end, start offset by 2.977 ms.
                           ->  Table Scan on gpd1  (cost=0.00..431.00 rows=1 width=16)
                                 Rows out:  Avg 2.7 rows x 3 workers.  Max 4 rows (seg2) with 0.134 ms to first row, 0.138 ms to end, start offset by 0.981 ms.
         ->  Hash  (cost=431.00..431.00 rows=14 width=8)
               Rows in:  Avg 1.0 rows x 3 workers.  Max 1 rows (seg0) with 0.809 ms to end, start offset by 1.356 ms.
               ->  Broadcast Motion 1:3  (slice3)  (cost=0.00..431.00 rows=40 width=8)
                     Rows out:  Avg 1.0 rows x 3 workers at destination.  Max 1 rows (seg0) with 0.803 ms to end, start offset by 1.357 ms.
                     ->  Aggregate  (cost=0.00..431.00 rows=1 width=8)
                           Rows out:  1 rows with 0.244 ms to end, start offset by 1.857 ms.
                           Executor memory:  8K bytes.
                           ->  Gather Motion 3:1  (slice2; segments: 3)  (cost=0.00..431.00 rows=1 width=8)
                                 Rows out:  3 rows at destination with 0.008 ms to first row, 0.204 ms to end, start offset by 1.857 ms.
                                 ->  Aggregate  (cost=0.00..431.00 rows=1 width=8)
                                       Rows out:  Avg 1.0 rows x 3 workers.  Max 1 rows (seg0) with 0.052 ms to end, start offset by 1.952 ms.
                                       Executor memory:  8K bytes avg, 8K bytes max (seg0).
                                       ->  Table Scan on gpd1  (cost=0.00..431.00 rows=1 width=2)
                                             Rows out:  Avg 2.7 rows x 3 workers.  Max 4 rows (seg2) with 0.121 ms to first row, 0.143 ms to end, start offset by 1.415 ms.
 Slice statistics:
   (slice0)    Executor memory: 386K bytes.
   (slice1)    Executor memory: 187K bytes avg x 3 workers, 187K bytes max (seg0).
   (slice2)    Executor memory: 175K bytes avg x 3 workers, 175K bytes max (seg0).
   (slice3)    Executor memory: 267K bytes (entry db).
   (slice4)    Executor memory: 4347K bytes avg x 3 workers, 4347K bytes max (seg0).  Work_mem: 1K bytes max.
 Statement statistics:
   Memory used: 128000K bytes
 Settings:  gp_cost_hashjoin_chainwalk=on; gp_segments_for_planner=40; optimizer=on; optimizer_nestloop_factor=1; optimizer_segments=40
 Optimizer status: PQO version 2.48.1
 Total runtime: 3.978 ms
(44 rows)

-- start_equiv
--
-- order 1
select c1 from gpd1 order by 1;
 c1 
----
 a
 a
 b
 b
 c
 c
 d
 d
(8 rows)

--
--
select c1 from gpd1 ;
 c1 
----
 b
 b
 d
 d
 a
 a
 c
 c
(8 rows)

--
--end_equiv
--
--
--
-- Clean up
--
DROP TABLE  gpd1;
-- start_matchsubs
--
-- # create a match/subs expression to handle a value which always changes
--
-- # use zero-width negative look-behind assertion to match "gpmatchsubs1"
-- # that does not follow substring
--
-- m/(?<!substring..)gpmatchsubs1/
-- s/gpmatchsubs1.*/happy sub1/
--
-- m/(?<!substring..)gpmatchsubs2/
-- s/gpmatchsubs2.*/happy sub2/
--
-- end_matchsubs
-- substitute constant values for results
-- use substring because length of time string varies which changes output
select substring('gpmatchsubs1' || now(), 1,  25);
         substring         
---------------------------
 gpmatchsubs1Fri Aug 15 16
(1 row)

select substring('gpmatchsubs2' || now(), 1,  25);
         substring         
---------------------------
 gpmatchsubs2Fri Aug 15 16
(1 row)

-- start_matchignore
--
-- # create a match expression to handle a value which always changes
--
-- m/(?<!substring..)gpmatchignore1/
-- m/(?<!substring..)gpmatchignore2/
--
-- end_matchignore
-- just ignore the results
select substring('gpmatchignore1' || now(), 1,  25);
         substring         
---------------------------
 gpmatchignore1Fri Aug 15 
(1 row)

select substring('gpmatchignore2' || now(), 1,  25);
         substring         
---------------------------
 gpmatchignore2Fri Aug 15 
(1 row)

reset optimizer_nestloop_factor;
-- 
